[2025-10-30T13:23:13.649+0530] {manager.py:470} INFO - Processing files using up to 1 processes at a time 
[2025-10-30T13:23:13.649+0530] {manager.py:471} INFO - Process each file at most once every 30 seconds
[2025-10-30T13:23:13.649+0530] {manager.py:472} INFO - Checking for new files in /home/logi/txtai/airflow/dags every 300 seconds
[2025-10-30T13:23:13.649+0530] {manager.py:737} INFO - Searching for files in /home/logi/txtai/airflow/dags
[2025-10-30T13:23:13.662+0530] {manager.py:740} INFO - There are 51 files in /home/logi/txtai/airflow/dags
[2025-10-30T13:23:13.832+0530] {manager.py:878} INFO - 
================================================================================
DAG File Processing Stats

File Path                                                                                                                           PID    Runtime      # DAGs    # Errors  Last Runtime    Last Run
----------------------------------------------------------------------------------------------------------------------------------  -----  ---------  --------  ----------  --------------  -------------------
/home/logi/txtai/venv/lib/python3.10/site-packages/airflow/example_dags/plugins/listener_plugin.py                                                           0           0  0.11s           2025-10-30T07:53:13
/home/logi/txtai/venv/lib/python3.10/site-packages/airflow/example_dags/example_sensor_decorator.py                                                          0           0
/home/logi/txtai/venv/lib/python3.10/site-packages/airflow/example_dags/tutorial_objectstorage.py                                                            0           0
/home/logi/txtai/venv/lib/python3.10/site-packages/airflow/example_dags/example_branch_datetime_operator.py                                                  0           0
/home/logi/txtai/venv/lib/python3.10/site-packages/airflow/example_dags/example_dag_decorator.py                                                             0           0
/home/logi/txtai/venv/lib/python3.10/site-packages/airflow/example_dags/example_bash_decorator.py                                                            0           0
/home/logi/txtai/venv/lib/python3.10/site-packages/airflow/example_dags/example_complex.py                                                                   0           0
/home/logi/txtai/venv/lib/python3.10/site-packages/airflow/example_dags/example_branch_python_dop_operator_3.py                                              0           0
/home/logi/txtai/venv/lib/python3.10/site-packages/airflow/example_dags/example_passing_params_via_test_command.py                                           0           0
/home/logi/txtai/venv/lib/python3.10/site-packages/airflow/example_dags/example_trigger_controller_dag.py                                                    0           0
/home/logi/txtai/venv/lib/python3.10/site-packages/airflow/example_dags/example_params_ui_tutorial.py                                                        0           0
/home/logi/txtai/venv/lib/python3.10/site-packages/airflow/example_dags/tutorial.py                                                                          0           0
/home/logi/txtai/venv/lib/python3.10/site-packages/airflow/example_dags/example_trigger_target_dag.py                                                        0           0
/home/logi/txtai/venv/lib/python3.10/site-packages/airflow/example_dags/example_branch_labels.py                                                             0           0
/home/logi/txtai/venv/lib/python3.10/site-packages/airflow/example_dags/tutorial_taskflow_api_virtualenv.py                                                  0           0
/home/logi/txtai/venv/lib/python3.10/site-packages/airflow/example_dags/example_sla_dag.py                                                                   0           0
/home/logi/txtai/venv/lib/python3.10/site-packages/airflow/example_dags/example_params_trigger_ui.py                                                         0           0
/home/logi/txtai/venv/lib/python3.10/site-packages/airflow/example_dags/example_dynamic_task_mapping_with_no_taskflow_operators.py                           0           0
/home/logi/txtai/venv/lib/python3.10/site-packages/airflow/example_dags/example_short_circuit_operator.py                                                    0           0
/home/logi/txtai/venv/lib/python3.10/site-packages/airflow/example_dags/example_short_circuit_decorator.py                                                   0           0
/home/logi/txtai/venv/lib/python3.10/site-packages/airflow/example_dags/example_xcom.py                                                                      0           0
/home/logi/txtai/venv/lib/python3.10/site-packages/airflow/example_dags/example_setup_teardown_taskflow.py                                                   0           0
/home/logi/txtai/venv/lib/python3.10/site-packages/airflow/example_dags/example_latest_only.py                                                               0           0
/home/logi/txtai/venv/lib/python3.10/site-packages/airflow/example_dags/tutorial_taskflow_api.py                                                             0           0
/home/logi/txtai/venv/lib/python3.10/site-packages/airflow/example_dags/example_bash_operator.py                                                             0           0
/home/logi/txtai/venv/lib/python3.10/site-packages/airflow/example_dags/example_time_delta_sensor_async.py                                                   0           0
/home/logi/txtai/venv/lib/python3.10/site-packages/airflow/example_dags/example_python_operator.py                                                           0           0
/home/logi/txtai/venv/lib/python3.10/site-packages/airflow/example_dags/example_branch_operator_decorator.py                                                 0           0
/home/logi/txtai/venv/lib/python3.10/site-packages/airflow/example_dags/example_local_kubernetes_executor.py                                                 0           0
/home/logi/txtai/venv/lib/python3.10/site-packages/airflow/example_dags/tutorial_dag.py                                                                      0           0
/home/logi/txtai/venv/lib/python3.10/site-packages/airflow/example_dags/example_skip_dag.py                                                                  0           0
/home/logi/txtai/venv/lib/python3.10/site-packages/airflow/example_dags/example_latest_only_with_trigger.py                                                  0           0
/home/logi/txtai/venv/lib/python3.10/site-packages/airflow/example_dags/example_sensors.py                                                                   0           0
/home/logi/txtai/venv/lib/python3.10/site-packages/airflow/example_dags/example_datasets.py                                                                  0           0
/home/logi/txtai/venv/lib/python3.10/site-packages/airflow/example_dags/example_nested_branch_dag.py                                                         0           0
/home/logi/txtai/venv/lib/python3.10/site-packages/airflow/example_dags/example_external_task_marker_dag.py                                                  0           0
/home/logi/txtai/venv/lib/python3.10/site-packages/airflow/example_dags/example_task_group.py                                                                0           0
/home/logi/txtai/venv/lib/python3.10/site-packages/airflow/example_dags/example_setup_teardown.py                                                            0           0
/home/logi/txtai/venv/lib/python3.10/site-packages/airflow/example_dags/example_xcomargs.py                                                                  0           0
/home/logi/txtai/venv/lib/python3.10/site-packages/airflow/example_dags/example_dynamic_task_mapping.py                                                      0           0
/home/logi/txtai/venv/lib/python3.10/site-packages/airflow/example_dags/example_task_group_decorator.py                                                      0           0
/home/logi/txtai/venv/lib/python3.10/site-packages/airflow/example_dags/example_branch_operator.py                                                           0           0
/home/logi/txtai/venv/lib/python3.10/site-packages/airflow/example_dags/example_python_decorator.py                                                          0           0
/home/logi/txtai/venv/lib/python3.10/site-packages/airflow/example_dags/example_display_name.py                                                              0           0
/home/logi/txtai/venv/lib/python3.10/site-packages/airflow/example_dags/example_kubernetes_executor.py                                                       0           0
/home/logi/txtai/venv/lib/python3.10/site-packages/airflow/example_dags/example_branch_day_of_week_operator.py                                               0           0
/home/logi/txtai/venv/lib/python3.10/site-packages/airflow/example_dags/example_subdag_operator.py                                                           0           0
/home/logi/txtai/venv/lib/python3.10/site-packages/airflow/example_dags/plugins/workday.py                                                                   0           0
/home/logi/txtai/venv/lib/python3.10/site-packages/airflow/example_dags/plugins/decreasing_priority_weight_strategy.py                                       0           0
/home/logi/txtai/venv/lib/python3.10/site-packages/airflow/example_dags/plugins/event_listener.py                                                            0           0
/home/logi/txtai/venv/lib/python3.10/site-packages/airflow/example_dags/subdags/subdag.py                                                                    0           0
================================================================================
[2025-10-30T13:23:44.458+0530] {manager.py:878} INFO - 
================================================================================
DAG File Processing Stats

File Path                                                                                                                           PID    Runtime      # DAGs    # Errors  Last Runtime    Last Run
----------------------------------------------------------------------------------------------------------------------------------  -----  ---------  --------  ----------  --------------  -------------------
/home/logi/txtai/venv/lib/python3.10/site-packages/airflow/example_dags/example_sla_dag.py                                                                   1           0  0.51s           2025-10-30T07:53:29
/home/logi/txtai/venv/lib/python3.10/site-packages/airflow/example_dags/example_xcomargs.py                                                                  2           0  0.42s           2025-10-30T07:53:28
/home/logi/txtai/venv/lib/python3.10/site-packages/airflow/example_dags/tutorial_dag.py                                                                      1           0  0.41s           2025-10-30T07:53:27
/home/logi/txtai/venv/lib/python3.10/site-packages/airflow/example_dags/example_trigger_controller_dag.py                                                    1           0  0.41s           2025-10-30T07:53:29
/home/logi/txtai/venv/lib/python3.10/site-packages/airflow/example_dags/example_params_trigger_ui.py                                                         1           0  0.41s           2025-10-30T07:53:43
/home/logi/txtai/venv/lib/python3.10/site-packages/airflow/example_dags/plugins/workday.py                                                                   0           0  0.41s           2025-10-30T07:53:15
/home/logi/txtai/venv/lib/python3.10/site-packages/airflow/example_dags/example_xcom.py                                                                      1           0  0.31s           2025-10-30T07:53:25
/home/logi/txtai/venv/lib/python3.10/site-packages/airflow/example_dags/example_python_operator.py                                                           1           0  0.31s           2025-10-30T07:53:44
/home/logi/txtai/venv/lib/python3.10/site-packages/airflow/example_dags/tutorial_taskflow_api.py                                                             1           0  0.31s           2025-10-30T07:53:18
/home/logi/txtai/venv/lib/python3.10/site-packages/airflow/example_dags/example_trigger_target_dag.py                                                        1           0  0.21s           2025-10-30T07:53:24
/home/logi/txtai/venv/lib/python3.10/site-packages/airflow/example_dags/example_params_ui_tutorial.py                                                        1           0  0.21s           2025-10-30T07:53:41
/home/logi/txtai/venv/lib/python3.10/site-packages/airflow/example_dags/tutorial.py                                                                          1           0  0.21s           2025-10-30T07:53:23
/home/logi/txtai/venv/lib/python3.10/site-packages/airflow/example_dags/example_short_circuit_operator.py                                                    1           0  0.21s           2025-10-30T07:53:31
/home/logi/txtai/venv/lib/python3.10/site-packages/airflow/example_dags/example_short_circuit_decorator.py                                                   1           0  0.21s           2025-10-30T07:53:32
/home/logi/txtai/venv/lib/python3.10/site-packages/airflow/example_dags/example_subdag_operator.py                                                           3           0  0.21s           2025-10-30T07:53:38
/home/logi/txtai/venv/lib/python3.10/site-packages/airflow/example_dags/tutorial_objectstorage.py                                                            1           0  0.21s           2025-10-30T07:53:22
/home/logi/txtai/venv/lib/python3.10/site-packages/airflow/example_dags/example_sensor_decorator.py                                                          1           0  0.21s           2025-10-30T07:53:40
/home/logi/txtai/venv/lib/python3.10/site-packages/airflow/example_dags/example_task_group_decorator.py                                                      1           0  0.21s           2025-10-30T07:53:37
/home/logi/txtai/venv/lib/python3.10/site-packages/airflow/example_dags/example_task_group.py                                                                1           0  0.21s           2025-10-30T07:53:36
/home/logi/txtai/venv/lib/python3.10/site-packages/airflow/example_dags/example_time_delta_sensor_async.py                                                   1           0  0.21s           2025-10-30T07:53:34
/home/logi/txtai/venv/lib/python3.10/site-packages/airflow/example_dags/example_setup_teardown_taskflow.py                                                   1           0  0.21s           2025-10-30T07:53:33
/home/logi/txtai/venv/lib/python3.10/site-packages/airflow/example_dags/example_skip_dag.py                                                                  1           0  0.21s           2025-10-30T07:53:35
/home/logi/txtai/venv/lib/python3.10/site-packages/airflow/example_dags/example_passing_params_via_test_command.py                                           1           0  0.20s           2025-10-30T07:53:40
/home/logi/txtai/venv/lib/python3.10/site-packages/airflow/example_dags/plugins/decreasing_priority_weight_strategy.py                                       0           0  0.11s           2025-10-30T07:53:20
/home/logi/txtai/venv/lib/python3.10/site-packages/airflow/example_dags/plugins/listener_plugin.py                                                           0           0  0.11s           2025-10-30T07:53:13
/home/logi/txtai/venv/lib/python3.10/site-packages/airflow/example_dags/tutorial_taskflow_api_virtualenv.py                                                  0           0  0.11s           2025-10-30T07:53:17
/home/logi/txtai/venv/lib/python3.10/site-packages/airflow/example_dags/subdags/subdag.py                                                                    0           0  0.11s           2025-10-30T07:53:16
/home/logi/txtai/venv/lib/python3.10/site-packages/airflow/example_dags/plugins/event_listener.py                                                            0           0  0.10s           2025-10-30T07:53:21
/home/logi/txtai/venv/lib/python3.10/site-packages/airflow/example_dags/example_branch_datetime_operator.py                                                  0           0
/home/logi/txtai/venv/lib/python3.10/site-packages/airflow/example_dags/example_dag_decorator.py                                                             0           0
/home/logi/txtai/venv/lib/python3.10/site-packages/airflow/example_dags/example_bash_decorator.py                                                            0           0
/home/logi/txtai/venv/lib/python3.10/site-packages/airflow/example_dags/example_complex.py                                                                   0           0
/home/logi/txtai/venv/lib/python3.10/site-packages/airflow/example_dags/example_branch_python_dop_operator_3.py                                              0           0
/home/logi/txtai/venv/lib/python3.10/site-packages/airflow/example_dags/example_branch_labels.py                                                             0           0
/home/logi/txtai/venv/lib/python3.10/site-packages/airflow/example_dags/example_dynamic_task_mapping_with_no_taskflow_operators.py                           0           0
/home/logi/txtai/venv/lib/python3.10/site-packages/airflow/example_dags/example_latest_only.py                                                               0           0
/home/logi/txtai/venv/lib/python3.10/site-packages/airflow/example_dags/example_bash_operator.py                                                             0           0
/home/logi/txtai/venv/lib/python3.10/site-packages/airflow/example_dags/example_branch_operator_decorator.py                                                 0           0
/home/logi/txtai/venv/lib/python3.10/site-packages/airflow/example_dags/example_local_kubernetes_executor.py                                                 0           0
/home/logi/txtai/venv/lib/python3.10/site-packages/airflow/example_dags/example_latest_only_with_trigger.py                                                  0           0
/home/logi/txtai/venv/lib/python3.10/site-packages/airflow/example_dags/example_sensors.py                                                                   0           0
/home/logi/txtai/venv/lib/python3.10/site-packages/airflow/example_dags/example_datasets.py                                                                  0           0
/home/logi/txtai/venv/lib/python3.10/site-packages/airflow/example_dags/example_nested_branch_dag.py                                                         0           0
/home/logi/txtai/venv/lib/python3.10/site-packages/airflow/example_dags/example_external_task_marker_dag.py                                                  0           0
/home/logi/txtai/venv/lib/python3.10/site-packages/airflow/example_dags/example_setup_teardown.py                                                            0           0
/home/logi/txtai/venv/lib/python3.10/site-packages/airflow/example_dags/example_dynamic_task_mapping.py                                                      0           0
/home/logi/txtai/venv/lib/python3.10/site-packages/airflow/example_dags/example_branch_operator.py                                                           0           0
/home/logi/txtai/venv/lib/python3.10/site-packages/airflow/example_dags/example_python_decorator.py                                                          0           0
/home/logi/txtai/venv/lib/python3.10/site-packages/airflow/example_dags/example_display_name.py                                                              0           0
/home/logi/txtai/venv/lib/python3.10/site-packages/airflow/example_dags/example_kubernetes_executor.py                                                       0           0
/home/logi/txtai/venv/lib/python3.10/site-packages/airflow/example_dags/example_branch_day_of_week_operator.py                                               0           0
================================================================================
