[2025-10-29T19:29:30.280+0530] {processor.py:161} INFO - Started process (PID=16046) to work on /home/logi/txtai/venv/lib/python3.10/site-packages/airflow/example_dags/subdags/subdag.py
[2025-10-29T19:29:30.281+0530] {processor.py:830} INFO - Processing file /home/logi/txtai/venv/lib/python3.10/site-packages/airflow/example_dags/subdags/subdag.py for tasks to queue
[2025-10-29T19:29:30.284+0530] {logging_mixin.py:188} INFO - [2025-10-29T19:29:30.284+0530] {dagbag.py:545} INFO - Filling up the DagBag from /home/logi/txtai/venv/lib/python3.10/site-packages/airflow/example_dags/subdags/subdag.py
[2025-10-29T19:29:30.286+0530] {processor.py:842} WARNING - No viable dags retrieved from /home/logi/txtai/venv/lib/python3.10/site-packages/airflow/example_dags/subdags/subdag.py
[2025-10-29T19:29:30.294+0530] {processor.py:183} INFO - Processing /home/logi/txtai/venv/lib/python3.10/site-packages/airflow/example_dags/subdags/subdag.py took 0.021 seconds
[2025-10-29T19:30:29.154+0530] {processor.py:161} INFO - Started process (PID=16402) to work on /home/logi/txtai/venv/lib/python3.10/site-packages/airflow/example_dags/subdags/subdag.py
[2025-10-29T19:30:29.167+0530] {processor.py:830} INFO - Processing file /home/logi/txtai/venv/lib/python3.10/site-packages/airflow/example_dags/subdags/subdag.py for tasks to queue
[2025-10-29T19:30:29.170+0530] {logging_mixin.py:188} INFO - [2025-10-29T19:30:29.170+0530] {dagbag.py:545} INFO - Filling up the DagBag from /home/logi/txtai/venv/lib/python3.10/site-packages/airflow/example_dags/subdags/subdag.py
[2025-10-29T19:30:29.173+0530] {processor.py:842} WARNING - No viable dags retrieved from /home/logi/txtai/venv/lib/python3.10/site-packages/airflow/example_dags/subdags/subdag.py
[2025-10-29T19:30:29.189+0530] {processor.py:183} INFO - Processing /home/logi/txtai/venv/lib/python3.10/site-packages/airflow/example_dags/subdags/subdag.py took 0.050 seconds
[2025-10-29T19:31:19.602+0530] {processor.py:161} INFO - Started process (PID=16581) to work on /home/logi/txtai/venv/lib/python3.10/site-packages/airflow/example_dags/subdags/subdag.py
[2025-10-29T19:31:19.615+0530] {processor.py:830} INFO - Processing file /home/logi/txtai/venv/lib/python3.10/site-packages/airflow/example_dags/subdags/subdag.py for tasks to queue
[2025-10-29T19:31:19.619+0530] {logging_mixin.py:188} INFO - [2025-10-29T19:31:19.618+0530] {dagbag.py:545} INFO - Filling up the DagBag from /home/logi/txtai/venv/lib/python3.10/site-packages/airflow/example_dags/subdags/subdag.py
[2025-10-29T19:31:19.622+0530] {processor.py:842} WARNING - No viable dags retrieved from /home/logi/txtai/venv/lib/python3.10/site-packages/airflow/example_dags/subdags/subdag.py
[2025-10-29T19:31:19.643+0530] {processor.py:183} INFO - Processing /home/logi/txtai/venv/lib/python3.10/site-packages/airflow/example_dags/subdags/subdag.py took 0.052 seconds
[2025-10-29T19:32:03.096+0530] {processor.py:161} INFO - Started process (PID=16647) to work on /home/logi/txtai/venv/lib/python3.10/site-packages/airflow/example_dags/subdags/subdag.py
[2025-10-29T19:32:03.108+0530] {processor.py:830} INFO - Processing file /home/logi/txtai/venv/lib/python3.10/site-packages/airflow/example_dags/subdags/subdag.py for tasks to queue
[2025-10-29T19:32:03.111+0530] {logging_mixin.py:188} INFO - [2025-10-29T19:32:03.111+0530] {dagbag.py:545} INFO - Filling up the DagBag from /home/logi/txtai/venv/lib/python3.10/site-packages/airflow/example_dags/subdags/subdag.py
[2025-10-29T19:32:03.114+0530] {processor.py:842} WARNING - No viable dags retrieved from /home/logi/txtai/venv/lib/python3.10/site-packages/airflow/example_dags/subdags/subdag.py
[2025-10-29T19:32:03.126+0530] {processor.py:183} INFO - Processing /home/logi/txtai/venv/lib/python3.10/site-packages/airflow/example_dags/subdags/subdag.py took 0.039 seconds
[2025-10-29T19:32:51.498+0530] {processor.py:161} INFO - Started process (PID=16715) to work on /home/logi/txtai/venv/lib/python3.10/site-packages/airflow/example_dags/subdags/subdag.py
[2025-10-29T19:32:51.511+0530] {processor.py:830} INFO - Processing file /home/logi/txtai/venv/lib/python3.10/site-packages/airflow/example_dags/subdags/subdag.py for tasks to queue
[2025-10-29T19:32:51.515+0530] {logging_mixin.py:188} INFO - [2025-10-29T19:32:51.514+0530] {dagbag.py:545} INFO - Filling up the DagBag from /home/logi/txtai/venv/lib/python3.10/site-packages/airflow/example_dags/subdags/subdag.py
[2025-10-29T19:32:51.520+0530] {processor.py:842} WARNING - No viable dags retrieved from /home/logi/txtai/venv/lib/python3.10/site-packages/airflow/example_dags/subdags/subdag.py
[2025-10-29T19:32:51.543+0530] {processor.py:183} INFO - Processing /home/logi/txtai/venv/lib/python3.10/site-packages/airflow/example_dags/subdags/subdag.py took 0.059 seconds
[2025-10-29T19:33:41.557+0530] {processor.py:161} INFO - Started process (PID=16869) to work on /home/logi/txtai/venv/lib/python3.10/site-packages/airflow/example_dags/subdags/subdag.py
[2025-10-29T19:33:41.570+0530] {processor.py:830} INFO - Processing file /home/logi/txtai/venv/lib/python3.10/site-packages/airflow/example_dags/subdags/subdag.py for tasks to queue
[2025-10-29T19:33:41.573+0530] {logging_mixin.py:188} INFO - [2025-10-29T19:33:41.572+0530] {dagbag.py:545} INFO - Filling up the DagBag from /home/logi/txtai/venv/lib/python3.10/site-packages/airflow/example_dags/subdags/subdag.py
[2025-10-29T19:33:41.576+0530] {processor.py:842} WARNING - No viable dags retrieved from /home/logi/txtai/venv/lib/python3.10/site-packages/airflow/example_dags/subdags/subdag.py
[2025-10-29T19:33:41.594+0530] {processor.py:183} INFO - Processing /home/logi/txtai/venv/lib/python3.10/site-packages/airflow/example_dags/subdags/subdag.py took 0.049 seconds
[2025-10-29T19:34:29.623+0530] {processor.py:161} INFO - Started process (PID=16934) to work on /home/logi/txtai/venv/lib/python3.10/site-packages/airflow/example_dags/subdags/subdag.py
[2025-10-29T19:34:29.625+0530] {processor.py:830} INFO - Processing file /home/logi/txtai/venv/lib/python3.10/site-packages/airflow/example_dags/subdags/subdag.py for tasks to queue
[2025-10-29T19:34:29.628+0530] {logging_mixin.py:188} INFO - [2025-10-29T19:34:29.627+0530] {dagbag.py:545} INFO - Filling up the DagBag from /home/logi/txtai/venv/lib/python3.10/site-packages/airflow/example_dags/subdags/subdag.py
[2025-10-29T19:34:29.635+0530] {processor.py:842} WARNING - No viable dags retrieved from /home/logi/txtai/venv/lib/python3.10/site-packages/airflow/example_dags/subdags/subdag.py
[2025-10-29T19:34:29.658+0530] {processor.py:183} INFO - Processing /home/logi/txtai/venv/lib/python3.10/site-packages/airflow/example_dags/subdags/subdag.py took 0.051 seconds
[2025-10-29T19:35:19.475+0530] {processor.py:161} INFO - Started process (PID=17027) to work on /home/logi/txtai/venv/lib/python3.10/site-packages/airflow/example_dags/subdags/subdag.py
[2025-10-29T19:35:19.489+0530] {processor.py:830} INFO - Processing file /home/logi/txtai/venv/lib/python3.10/site-packages/airflow/example_dags/subdags/subdag.py for tasks to queue
[2025-10-29T19:35:19.492+0530] {logging_mixin.py:188} INFO - [2025-10-29T19:35:19.491+0530] {dagbag.py:545} INFO - Filling up the DagBag from /home/logi/txtai/venv/lib/python3.10/site-packages/airflow/example_dags/subdags/subdag.py
[2025-10-29T19:35:19.495+0530] {processor.py:842} WARNING - No viable dags retrieved from /home/logi/txtai/venv/lib/python3.10/site-packages/airflow/example_dags/subdags/subdag.py
[2025-10-29T19:35:19.514+0530] {processor.py:183} INFO - Processing /home/logi/txtai/venv/lib/python3.10/site-packages/airflow/example_dags/subdags/subdag.py took 0.051 seconds
[2025-10-29T19:36:09.340+0530] {processor.py:161} INFO - Started process (PID=17095) to work on /home/logi/txtai/venv/lib/python3.10/site-packages/airflow/example_dags/subdags/subdag.py
[2025-10-29T19:36:09.341+0530] {processor.py:830} INFO - Processing file /home/logi/txtai/venv/lib/python3.10/site-packages/airflow/example_dags/subdags/subdag.py for tasks to queue
[2025-10-29T19:36:09.343+0530] {logging_mixin.py:188} INFO - [2025-10-29T19:36:09.343+0530] {dagbag.py:545} INFO - Filling up the DagBag from /home/logi/txtai/venv/lib/python3.10/site-packages/airflow/example_dags/subdags/subdag.py
[2025-10-29T19:36:09.345+0530] {processor.py:842} WARNING - No viable dags retrieved from /home/logi/txtai/venv/lib/python3.10/site-packages/airflow/example_dags/subdags/subdag.py
[2025-10-29T19:36:09.357+0530] {processor.py:183} INFO - Processing /home/logi/txtai/venv/lib/python3.10/site-packages/airflow/example_dags/subdags/subdag.py took 0.027 seconds
[2025-10-29T19:37:01.448+0530] {processor.py:161} INFO - Started process (PID=17364) to work on /home/logi/txtai/venv/lib/python3.10/site-packages/airflow/example_dags/subdags/subdag.py
[2025-10-29T19:37:01.461+0530] {processor.py:830} INFO - Processing file /home/logi/txtai/venv/lib/python3.10/site-packages/airflow/example_dags/subdags/subdag.py for tasks to queue
[2025-10-29T19:37:01.464+0530] {logging_mixin.py:188} INFO - [2025-10-29T19:37:01.464+0530] {dagbag.py:545} INFO - Filling up the DagBag from /home/logi/txtai/venv/lib/python3.10/site-packages/airflow/example_dags/subdags/subdag.py
[2025-10-29T19:37:01.468+0530] {processor.py:842} WARNING - No viable dags retrieved from /home/logi/txtai/venv/lib/python3.10/site-packages/airflow/example_dags/subdags/subdag.py
[2025-10-29T19:37:01.487+0530] {processor.py:183} INFO - Processing /home/logi/txtai/venv/lib/python3.10/site-packages/airflow/example_dags/subdags/subdag.py took 0.051 seconds
[2025-10-29T19:37:51.865+0530] {processor.py:161} INFO - Started process (PID=17426) to work on /home/logi/txtai/venv/lib/python3.10/site-packages/airflow/example_dags/subdags/subdag.py
[2025-10-29T19:37:51.867+0530] {processor.py:830} INFO - Processing file /home/logi/txtai/venv/lib/python3.10/site-packages/airflow/example_dags/subdags/subdag.py for tasks to queue
[2025-10-29T19:37:51.870+0530] {logging_mixin.py:188} INFO - [2025-10-29T19:37:51.870+0530] {dagbag.py:545} INFO - Filling up the DagBag from /home/logi/txtai/venv/lib/python3.10/site-packages/airflow/example_dags/subdags/subdag.py
[2025-10-29T19:37:51.874+0530] {processor.py:842} WARNING - No viable dags retrieved from /home/logi/txtai/venv/lib/python3.10/site-packages/airflow/example_dags/subdags/subdag.py
[2025-10-29T19:37:51.892+0530] {processor.py:183} INFO - Processing /home/logi/txtai/venv/lib/python3.10/site-packages/airflow/example_dags/subdags/subdag.py took 0.038 seconds
[2025-10-29T19:38:44.596+0530] {processor.py:161} INFO - Started process (PID=17488) to work on /home/logi/txtai/venv/lib/python3.10/site-packages/airflow/example_dags/subdags/subdag.py
[2025-10-29T19:38:44.598+0530] {processor.py:830} INFO - Processing file /home/logi/txtai/venv/lib/python3.10/site-packages/airflow/example_dags/subdags/subdag.py for tasks to queue
[2025-10-29T19:38:44.601+0530] {logging_mixin.py:188} INFO - [2025-10-29T19:38:44.601+0530] {dagbag.py:545} INFO - Filling up the DagBag from /home/logi/txtai/venv/lib/python3.10/site-packages/airflow/example_dags/subdags/subdag.py
[2025-10-29T19:38:44.605+0530] {processor.py:842} WARNING - No viable dags retrieved from /home/logi/txtai/venv/lib/python3.10/site-packages/airflow/example_dags/subdags/subdag.py
[2025-10-29T19:38:44.624+0530] {processor.py:183} INFO - Processing /home/logi/txtai/venv/lib/python3.10/site-packages/airflow/example_dags/subdags/subdag.py took 0.040 seconds
[2025-10-29T19:39:39.128+0530] {processor.py:161} INFO - Started process (PID=17586) to work on /home/logi/txtai/venv/lib/python3.10/site-packages/airflow/example_dags/subdags/subdag.py
[2025-10-29T19:39:39.142+0530] {processor.py:830} INFO - Processing file /home/logi/txtai/venv/lib/python3.10/site-packages/airflow/example_dags/subdags/subdag.py for tasks to queue
[2025-10-29T19:39:39.145+0530] {logging_mixin.py:188} INFO - [2025-10-29T19:39:39.144+0530] {dagbag.py:545} INFO - Filling up the DagBag from /home/logi/txtai/venv/lib/python3.10/site-packages/airflow/example_dags/subdags/subdag.py
[2025-10-29T19:39:39.148+0530] {processor.py:842} WARNING - No viable dags retrieved from /home/logi/txtai/venv/lib/python3.10/site-packages/airflow/example_dags/subdags/subdag.py
[2025-10-29T19:39:39.166+0530] {processor.py:183} INFO - Processing /home/logi/txtai/venv/lib/python3.10/site-packages/airflow/example_dags/subdags/subdag.py took 0.049 seconds
[2025-10-29T19:40:30.105+0530] {processor.py:161} INFO - Started process (PID=17766) to work on /home/logi/txtai/venv/lib/python3.10/site-packages/airflow/example_dags/subdags/subdag.py
[2025-10-29T19:40:30.119+0530] {processor.py:830} INFO - Processing file /home/logi/txtai/venv/lib/python3.10/site-packages/airflow/example_dags/subdags/subdag.py for tasks to queue
[2025-10-29T19:40:30.121+0530] {logging_mixin.py:188} INFO - [2025-10-29T19:40:30.121+0530] {dagbag.py:545} INFO - Filling up the DagBag from /home/logi/txtai/venv/lib/python3.10/site-packages/airflow/example_dags/subdags/subdag.py
[2025-10-29T19:40:30.125+0530] {processor.py:842} WARNING - No viable dags retrieved from /home/logi/txtai/venv/lib/python3.10/site-packages/airflow/example_dags/subdags/subdag.py
[2025-10-29T19:40:30.143+0530] {processor.py:183} INFO - Processing /home/logi/txtai/venv/lib/python3.10/site-packages/airflow/example_dags/subdags/subdag.py took 0.049 seconds
[2025-10-29T19:41:18.764+0530] {processor.py:161} INFO - Started process (PID=17896) to work on /home/logi/txtai/venv/lib/python3.10/site-packages/airflow/example_dags/subdags/subdag.py
[2025-10-29T19:41:18.767+0530] {processor.py:830} INFO - Processing file /home/logi/txtai/venv/lib/python3.10/site-packages/airflow/example_dags/subdags/subdag.py for tasks to queue
[2025-10-29T19:41:18.770+0530] {logging_mixin.py:188} INFO - [2025-10-29T19:41:18.769+0530] {dagbag.py:545} INFO - Filling up the DagBag from /home/logi/txtai/venv/lib/python3.10/site-packages/airflow/example_dags/subdags/subdag.py
[2025-10-29T19:41:18.773+0530] {processor.py:842} WARNING - No viable dags retrieved from /home/logi/txtai/venv/lib/python3.10/site-packages/airflow/example_dags/subdags/subdag.py
[2025-10-29T19:41:18.792+0530] {processor.py:183} INFO - Processing /home/logi/txtai/venv/lib/python3.10/site-packages/airflow/example_dags/subdags/subdag.py took 0.040 seconds
[2025-10-29T19:42:10.442+0530] {processor.py:161} INFO - Started process (PID=17978) to work on /home/logi/txtai/venv/lib/python3.10/site-packages/airflow/example_dags/subdags/subdag.py
[2025-10-29T19:42:10.456+0530] {processor.py:830} INFO - Processing file /home/logi/txtai/venv/lib/python3.10/site-packages/airflow/example_dags/subdags/subdag.py for tasks to queue
[2025-10-29T19:42:10.459+0530] {logging_mixin.py:188} INFO - [2025-10-29T19:42:10.458+0530] {dagbag.py:545} INFO - Filling up the DagBag from /home/logi/txtai/venv/lib/python3.10/site-packages/airflow/example_dags/subdags/subdag.py
[2025-10-29T19:42:10.463+0530] {processor.py:842} WARNING - No viable dags retrieved from /home/logi/txtai/venv/lib/python3.10/site-packages/airflow/example_dags/subdags/subdag.py
[2025-10-29T19:42:10.485+0530] {processor.py:183} INFO - Processing /home/logi/txtai/venv/lib/python3.10/site-packages/airflow/example_dags/subdags/subdag.py took 0.055 seconds
[2025-10-29T19:43:03.485+0530] {processor.py:161} INFO - Started process (PID=18042) to work on /home/logi/txtai/venv/lib/python3.10/site-packages/airflow/example_dags/subdags/subdag.py
[2025-10-29T19:43:03.498+0530] {processor.py:830} INFO - Processing file /home/logi/txtai/venv/lib/python3.10/site-packages/airflow/example_dags/subdags/subdag.py for tasks to queue
[2025-10-29T19:43:03.501+0530] {logging_mixin.py:188} INFO - [2025-10-29T19:43:03.500+0530] {dagbag.py:545} INFO - Filling up the DagBag from /home/logi/txtai/venv/lib/python3.10/site-packages/airflow/example_dags/subdags/subdag.py
[2025-10-29T19:43:03.505+0530] {processor.py:842} WARNING - No viable dags retrieved from /home/logi/txtai/venv/lib/python3.10/site-packages/airflow/example_dags/subdags/subdag.py
[2025-10-29T19:43:03.524+0530] {processor.py:183} INFO - Processing /home/logi/txtai/venv/lib/python3.10/site-packages/airflow/example_dags/subdags/subdag.py took 0.051 seconds
[2025-10-29T19:43:56.845+0530] {processor.py:161} INFO - Started process (PID=18137) to work on /home/logi/txtai/venv/lib/python3.10/site-packages/airflow/example_dags/subdags/subdag.py
[2025-10-29T19:43:56.859+0530] {processor.py:830} INFO - Processing file /home/logi/txtai/venv/lib/python3.10/site-packages/airflow/example_dags/subdags/subdag.py for tasks to queue
[2025-10-29T19:43:56.863+0530] {logging_mixin.py:188} INFO - [2025-10-29T19:43:56.862+0530] {dagbag.py:545} INFO - Filling up the DagBag from /home/logi/txtai/venv/lib/python3.10/site-packages/airflow/example_dags/subdags/subdag.py
[2025-10-29T19:43:56.867+0530] {processor.py:842} WARNING - No viable dags retrieved from /home/logi/txtai/venv/lib/python3.10/site-packages/airflow/example_dags/subdags/subdag.py
[2025-10-29T19:43:56.887+0530] {processor.py:183} INFO - Processing /home/logi/txtai/venv/lib/python3.10/site-packages/airflow/example_dags/subdags/subdag.py took 0.055 seconds
[2025-10-29T19:44:48.965+0530] {processor.py:161} INFO - Started process (PID=18228) to work on /home/logi/txtai/venv/lib/python3.10/site-packages/airflow/example_dags/subdags/subdag.py
[2025-10-29T19:44:48.978+0530] {processor.py:830} INFO - Processing file /home/logi/txtai/venv/lib/python3.10/site-packages/airflow/example_dags/subdags/subdag.py for tasks to queue
[2025-10-29T19:44:48.981+0530] {logging_mixin.py:188} INFO - [2025-10-29T19:44:48.980+0530] {dagbag.py:545} INFO - Filling up the DagBag from /home/logi/txtai/venv/lib/python3.10/site-packages/airflow/example_dags/subdags/subdag.py
[2025-10-29T19:44:48.984+0530] {processor.py:842} WARNING - No viable dags retrieved from /home/logi/txtai/venv/lib/python3.10/site-packages/airflow/example_dags/subdags/subdag.py
[2025-10-29T19:44:49.002+0530] {processor.py:183} INFO - Processing /home/logi/txtai/venv/lib/python3.10/site-packages/airflow/example_dags/subdags/subdag.py took 0.048 seconds
[2025-10-29T19:45:44.702+0530] {processor.py:161} INFO - Started process (PID=18313) to work on /home/logi/txtai/venv/lib/python3.10/site-packages/airflow/example_dags/subdags/subdag.py
[2025-10-29T19:45:44.715+0530] {processor.py:830} INFO - Processing file /home/logi/txtai/venv/lib/python3.10/site-packages/airflow/example_dags/subdags/subdag.py for tasks to queue
[2025-10-29T19:45:44.718+0530] {logging_mixin.py:188} INFO - [2025-10-29T19:45:44.718+0530] {dagbag.py:545} INFO - Filling up the DagBag from /home/logi/txtai/venv/lib/python3.10/site-packages/airflow/example_dags/subdags/subdag.py
[2025-10-29T19:45:44.722+0530] {processor.py:842} WARNING - No viable dags retrieved from /home/logi/txtai/venv/lib/python3.10/site-packages/airflow/example_dags/subdags/subdag.py
[2025-10-29T19:45:44.741+0530] {processor.py:183} INFO - Processing /home/logi/txtai/venv/lib/python3.10/site-packages/airflow/example_dags/subdags/subdag.py took 0.051 seconds
[2025-10-29T19:46:39.065+0530] {processor.py:161} INFO - Started process (PID=18378) to work on /home/logi/txtai/venv/lib/python3.10/site-packages/airflow/example_dags/subdags/subdag.py
[2025-10-29T19:46:39.080+0530] {processor.py:830} INFO - Processing file /home/logi/txtai/venv/lib/python3.10/site-packages/airflow/example_dags/subdags/subdag.py for tasks to queue
[2025-10-29T19:46:39.083+0530] {logging_mixin.py:188} INFO - [2025-10-29T19:46:39.082+0530] {dagbag.py:545} INFO - Filling up the DagBag from /home/logi/txtai/venv/lib/python3.10/site-packages/airflow/example_dags/subdags/subdag.py
[2025-10-29T19:46:39.087+0530] {processor.py:842} WARNING - No viable dags retrieved from /home/logi/txtai/venv/lib/python3.10/site-packages/airflow/example_dags/subdags/subdag.py
[2025-10-29T19:46:39.107+0530] {processor.py:183} INFO - Processing /home/logi/txtai/venv/lib/python3.10/site-packages/airflow/example_dags/subdags/subdag.py took 0.055 seconds
[2025-10-29T19:47:31.797+0530] {processor.py:161} INFO - Started process (PID=18443) to work on /home/logi/txtai/venv/lib/python3.10/site-packages/airflow/example_dags/subdags/subdag.py
[2025-10-29T19:47:31.810+0530] {processor.py:830} INFO - Processing file /home/logi/txtai/venv/lib/python3.10/site-packages/airflow/example_dags/subdags/subdag.py for tasks to queue
[2025-10-29T19:47:31.814+0530] {logging_mixin.py:188} INFO - [2025-10-29T19:47:31.813+0530] {dagbag.py:545} INFO - Filling up the DagBag from /home/logi/txtai/venv/lib/python3.10/site-packages/airflow/example_dags/subdags/subdag.py
[2025-10-29T19:47:31.817+0530] {processor.py:842} WARNING - No viable dags retrieved from /home/logi/txtai/venv/lib/python3.10/site-packages/airflow/example_dags/subdags/subdag.py
[2025-10-29T19:47:31.837+0530] {processor.py:183} INFO - Processing /home/logi/txtai/venv/lib/python3.10/site-packages/airflow/example_dags/subdags/subdag.py took 0.051 seconds
[2025-10-29T19:48:26.727+0530] {processor.py:161} INFO - Started process (PID=18538) to work on /home/logi/txtai/venv/lib/python3.10/site-packages/airflow/example_dags/subdags/subdag.py
[2025-10-29T19:48:26.741+0530] {processor.py:830} INFO - Processing file /home/logi/txtai/venv/lib/python3.10/site-packages/airflow/example_dags/subdags/subdag.py for tasks to queue
[2025-10-29T19:48:26.750+0530] {logging_mixin.py:188} INFO - [2025-10-29T19:48:26.746+0530] {dagbag.py:545} INFO - Filling up the DagBag from /home/logi/txtai/venv/lib/python3.10/site-packages/airflow/example_dags/subdags/subdag.py
[2025-10-29T19:48:26.769+0530] {processor.py:842} WARNING - No viable dags retrieved from /home/logi/txtai/venv/lib/python3.10/site-packages/airflow/example_dags/subdags/subdag.py
[2025-10-29T19:48:26.898+0530] {processor.py:183} INFO - Processing /home/logi/txtai/venv/lib/python3.10/site-packages/airflow/example_dags/subdags/subdag.py took 0.194 seconds
[2025-10-29T19:49:24.600+0530] {processor.py:161} INFO - Started process (PID=18659) to work on /home/logi/txtai/venv/lib/python3.10/site-packages/airflow/example_dags/subdags/subdag.py
[2025-10-29T19:49:24.614+0530] {processor.py:830} INFO - Processing file /home/logi/txtai/venv/lib/python3.10/site-packages/airflow/example_dags/subdags/subdag.py for tasks to queue
[2025-10-29T19:49:24.617+0530] {logging_mixin.py:188} INFO - [2025-10-29T19:49:24.616+0530] {dagbag.py:545} INFO - Filling up the DagBag from /home/logi/txtai/venv/lib/python3.10/site-packages/airflow/example_dags/subdags/subdag.py
[2025-10-29T19:49:24.621+0530] {processor.py:842} WARNING - No viable dags retrieved from /home/logi/txtai/venv/lib/python3.10/site-packages/airflow/example_dags/subdags/subdag.py
[2025-10-29T19:49:24.644+0530] {processor.py:183} INFO - Processing /home/logi/txtai/venv/lib/python3.10/site-packages/airflow/example_dags/subdags/subdag.py took 0.057 seconds
[2025-10-29T19:50:16.148+0530] {processor.py:161} INFO - Started process (PID=18749) to work on /home/logi/txtai/venv/lib/python3.10/site-packages/airflow/example_dags/subdags/subdag.py
[2025-10-29T19:50:16.151+0530] {processor.py:830} INFO - Processing file /home/logi/txtai/venv/lib/python3.10/site-packages/airflow/example_dags/subdags/subdag.py for tasks to queue
[2025-10-29T19:50:16.154+0530] {logging_mixin.py:188} INFO - [2025-10-29T19:50:16.153+0530] {dagbag.py:545} INFO - Filling up the DagBag from /home/logi/txtai/venv/lib/python3.10/site-packages/airflow/example_dags/subdags/subdag.py
[2025-10-29T19:50:16.157+0530] {processor.py:842} WARNING - No viable dags retrieved from /home/logi/txtai/venv/lib/python3.10/site-packages/airflow/example_dags/subdags/subdag.py
[2025-10-29T19:50:16.177+0530] {processor.py:183} INFO - Processing /home/logi/txtai/venv/lib/python3.10/site-packages/airflow/example_dags/subdags/subdag.py took 0.040 seconds
[2025-10-29T19:51:10.563+0530] {processor.py:161} INFO - Started process (PID=18825) to work on /home/logi/txtai/venv/lib/python3.10/site-packages/airflow/example_dags/subdags/subdag.py
[2025-10-29T19:51:10.576+0530] {processor.py:830} INFO - Processing file /home/logi/txtai/venv/lib/python3.10/site-packages/airflow/example_dags/subdags/subdag.py for tasks to queue
[2025-10-29T19:51:10.579+0530] {logging_mixin.py:188} INFO - [2025-10-29T19:51:10.579+0530] {dagbag.py:545} INFO - Filling up the DagBag from /home/logi/txtai/venv/lib/python3.10/site-packages/airflow/example_dags/subdags/subdag.py
[2025-10-29T19:51:10.583+0530] {processor.py:842} WARNING - No viable dags retrieved from /home/logi/txtai/venv/lib/python3.10/site-packages/airflow/example_dags/subdags/subdag.py
[2025-10-29T19:51:10.601+0530] {processor.py:183} INFO - Processing /home/logi/txtai/venv/lib/python3.10/site-packages/airflow/example_dags/subdags/subdag.py took 0.050 seconds
[2025-10-29T19:52:05.119+0530] {processor.py:161} INFO - Started process (PID=18912) to work on /home/logi/txtai/venv/lib/python3.10/site-packages/airflow/example_dags/subdags/subdag.py
[2025-10-29T19:52:05.132+0530] {processor.py:830} INFO - Processing file /home/logi/txtai/venv/lib/python3.10/site-packages/airflow/example_dags/subdags/subdag.py for tasks to queue
[2025-10-29T19:52:05.135+0530] {logging_mixin.py:188} INFO - [2025-10-29T19:52:05.134+0530] {dagbag.py:545} INFO - Filling up the DagBag from /home/logi/txtai/venv/lib/python3.10/site-packages/airflow/example_dags/subdags/subdag.py
[2025-10-29T19:52:05.138+0530] {processor.py:842} WARNING - No viable dags retrieved from /home/logi/txtai/venv/lib/python3.10/site-packages/airflow/example_dags/subdags/subdag.py
[2025-10-29T19:52:05.153+0530] {processor.py:183} INFO - Processing /home/logi/txtai/venv/lib/python3.10/site-packages/airflow/example_dags/subdags/subdag.py took 0.044 seconds
[2025-10-29T19:52:55.768+0530] {processor.py:161} INFO - Started process (PID=18975) to work on /home/logi/txtai/venv/lib/python3.10/site-packages/airflow/example_dags/subdags/subdag.py
[2025-10-29T19:52:55.781+0530] {processor.py:830} INFO - Processing file /home/logi/txtai/venv/lib/python3.10/site-packages/airflow/example_dags/subdags/subdag.py for tasks to queue
[2025-10-29T19:52:55.784+0530] {logging_mixin.py:188} INFO - [2025-10-29T19:52:55.783+0530] {dagbag.py:545} INFO - Filling up the DagBag from /home/logi/txtai/venv/lib/python3.10/site-packages/airflow/example_dags/subdags/subdag.py
[2025-10-29T19:52:55.787+0530] {processor.py:842} WARNING - No viable dags retrieved from /home/logi/txtai/venv/lib/python3.10/site-packages/airflow/example_dags/subdags/subdag.py
[2025-10-29T19:52:55.807+0530] {processor.py:183} INFO - Processing /home/logi/txtai/venv/lib/python3.10/site-packages/airflow/example_dags/subdags/subdag.py took 0.051 seconds
[2025-10-29T19:53:46.091+0530] {processor.py:161} INFO - Started process (PID=19035) to work on /home/logi/txtai/venv/lib/python3.10/site-packages/airflow/example_dags/subdags/subdag.py
[2025-10-29T19:53:46.104+0530] {processor.py:830} INFO - Processing file /home/logi/txtai/venv/lib/python3.10/site-packages/airflow/example_dags/subdags/subdag.py for tasks to queue
[2025-10-29T19:53:46.108+0530] {logging_mixin.py:188} INFO - [2025-10-29T19:53:46.107+0530] {dagbag.py:545} INFO - Filling up the DagBag from /home/logi/txtai/venv/lib/python3.10/site-packages/airflow/example_dags/subdags/subdag.py
[2025-10-29T19:53:46.111+0530] {processor.py:842} WARNING - No viable dags retrieved from /home/logi/txtai/venv/lib/python3.10/site-packages/airflow/example_dags/subdags/subdag.py
[2025-10-29T19:53:46.131+0530] {processor.py:183} INFO - Processing /home/logi/txtai/venv/lib/python3.10/site-packages/airflow/example_dags/subdags/subdag.py took 0.052 seconds
[2025-10-29T19:54:42.634+0530] {processor.py:161} INFO - Started process (PID=19141) to work on /home/logi/txtai/venv/lib/python3.10/site-packages/airflow/example_dags/subdags/subdag.py
[2025-10-29T19:54:42.647+0530] {processor.py:830} INFO - Processing file /home/logi/txtai/venv/lib/python3.10/site-packages/airflow/example_dags/subdags/subdag.py for tasks to queue
[2025-10-29T19:54:42.650+0530] {logging_mixin.py:188} INFO - [2025-10-29T19:54:42.649+0530] {dagbag.py:545} INFO - Filling up the DagBag from /home/logi/txtai/venv/lib/python3.10/site-packages/airflow/example_dags/subdags/subdag.py
[2025-10-29T19:54:42.654+0530] {processor.py:842} WARNING - No viable dags retrieved from /home/logi/txtai/venv/lib/python3.10/site-packages/airflow/example_dags/subdags/subdag.py
[2025-10-29T19:54:42.672+0530] {processor.py:183} INFO - Processing /home/logi/txtai/venv/lib/python3.10/site-packages/airflow/example_dags/subdags/subdag.py took 0.046 seconds
[2025-10-29T19:55:37.222+0530] {processor.py:161} INFO - Started process (PID=19209) to work on /home/logi/txtai/venv/lib/python3.10/site-packages/airflow/example_dags/subdags/subdag.py
[2025-10-29T19:55:37.236+0530] {processor.py:830} INFO - Processing file /home/logi/txtai/venv/lib/python3.10/site-packages/airflow/example_dags/subdags/subdag.py for tasks to queue
[2025-10-29T19:55:37.239+0530] {logging_mixin.py:188} INFO - [2025-10-29T19:55:37.238+0530] {dagbag.py:545} INFO - Filling up the DagBag from /home/logi/txtai/venv/lib/python3.10/site-packages/airflow/example_dags/subdags/subdag.py
[2025-10-29T19:55:37.242+0530] {processor.py:842} WARNING - No viable dags retrieved from /home/logi/txtai/venv/lib/python3.10/site-packages/airflow/example_dags/subdags/subdag.py
[2025-10-29T19:55:37.260+0530] {processor.py:183} INFO - Processing /home/logi/txtai/venv/lib/python3.10/site-packages/airflow/example_dags/subdags/subdag.py took 0.049 seconds
[2025-10-29T19:56:31.758+0530] {processor.py:161} INFO - Started process (PID=19276) to work on /home/logi/txtai/venv/lib/python3.10/site-packages/airflow/example_dags/subdags/subdag.py
[2025-10-29T19:56:31.771+0530] {processor.py:830} INFO - Processing file /home/logi/txtai/venv/lib/python3.10/site-packages/airflow/example_dags/subdags/subdag.py for tasks to queue
[2025-10-29T19:56:31.773+0530] {logging_mixin.py:188} INFO - [2025-10-29T19:56:31.773+0530] {dagbag.py:545} INFO - Filling up the DagBag from /home/logi/txtai/venv/lib/python3.10/site-packages/airflow/example_dags/subdags/subdag.py
[2025-10-29T19:56:31.777+0530] {processor.py:842} WARNING - No viable dags retrieved from /home/logi/txtai/venv/lib/python3.10/site-packages/airflow/example_dags/subdags/subdag.py
[2025-10-29T19:56:31.795+0530] {processor.py:183} INFO - Processing /home/logi/txtai/venv/lib/python3.10/site-packages/airflow/example_dags/subdags/subdag.py took 0.048 seconds
[2025-10-29T19:57:26.241+0530] {processor.py:161} INFO - Started process (PID=19376) to work on /home/logi/txtai/venv/lib/python3.10/site-packages/airflow/example_dags/subdags/subdag.py
[2025-10-29T19:57:26.254+0530] {processor.py:830} INFO - Processing file /home/logi/txtai/venv/lib/python3.10/site-packages/airflow/example_dags/subdags/subdag.py for tasks to queue
[2025-10-29T19:57:26.257+0530] {logging_mixin.py:188} INFO - [2025-10-29T19:57:26.256+0530] {dagbag.py:545} INFO - Filling up the DagBag from /home/logi/txtai/venv/lib/python3.10/site-packages/airflow/example_dags/subdags/subdag.py
[2025-10-29T19:57:26.260+0530] {processor.py:842} WARNING - No viable dags retrieved from /home/logi/txtai/venv/lib/python3.10/site-packages/airflow/example_dags/subdags/subdag.py
[2025-10-29T19:57:26.281+0530] {processor.py:183} INFO - Processing /home/logi/txtai/venv/lib/python3.10/site-packages/airflow/example_dags/subdags/subdag.py took 0.047 seconds
[2025-10-29T19:58:24.461+0530] {processor.py:161} INFO - Started process (PID=19576) to work on /home/logi/txtai/venv/lib/python3.10/site-packages/airflow/example_dags/subdags/subdag.py
[2025-10-29T19:58:24.475+0530] {processor.py:830} INFO - Processing file /home/logi/txtai/venv/lib/python3.10/site-packages/airflow/example_dags/subdags/subdag.py for tasks to queue
[2025-10-29T19:58:24.478+0530] {logging_mixin.py:188} INFO - [2025-10-29T19:58:24.478+0530] {dagbag.py:545} INFO - Filling up the DagBag from /home/logi/txtai/venv/lib/python3.10/site-packages/airflow/example_dags/subdags/subdag.py
[2025-10-29T19:58:24.482+0530] {processor.py:842} WARNING - No viable dags retrieved from /home/logi/txtai/venv/lib/python3.10/site-packages/airflow/example_dags/subdags/subdag.py
[2025-10-29T19:58:24.501+0530] {processor.py:183} INFO - Processing /home/logi/txtai/venv/lib/python3.10/site-packages/airflow/example_dags/subdags/subdag.py took 0.057 seconds
[2025-10-29T19:59:20.013+0530] {processor.py:161} INFO - Started process (PID=19642) to work on /home/logi/txtai/venv/lib/python3.10/site-packages/airflow/example_dags/subdags/subdag.py
[2025-10-29T19:59:20.027+0530] {processor.py:830} INFO - Processing file /home/logi/txtai/venv/lib/python3.10/site-packages/airflow/example_dags/subdags/subdag.py for tasks to queue
[2025-10-29T19:59:20.030+0530] {logging_mixin.py:188} INFO - [2025-10-29T19:59:20.029+0530] {dagbag.py:545} INFO - Filling up the DagBag from /home/logi/txtai/venv/lib/python3.10/site-packages/airflow/example_dags/subdags/subdag.py
[2025-10-29T19:59:20.033+0530] {processor.py:842} WARNING - No viable dags retrieved from /home/logi/txtai/venv/lib/python3.10/site-packages/airflow/example_dags/subdags/subdag.py
[2025-10-29T19:59:20.053+0530] {processor.py:183} INFO - Processing /home/logi/txtai/venv/lib/python3.10/site-packages/airflow/example_dags/subdags/subdag.py took 0.050 seconds
[2025-10-29T20:00:09.758+0530] {processor.py:161} INFO - Started process (PID=19749) to work on /home/logi/txtai/venv/lib/python3.10/site-packages/airflow/example_dags/subdags/subdag.py
[2025-10-29T20:00:09.772+0530] {processor.py:830} INFO - Processing file /home/logi/txtai/venv/lib/python3.10/site-packages/airflow/example_dags/subdags/subdag.py for tasks to queue
[2025-10-29T20:00:09.775+0530] {logging_mixin.py:188} INFO - [2025-10-29T20:00:09.774+0530] {dagbag.py:545} INFO - Filling up the DagBag from /home/logi/txtai/venv/lib/python3.10/site-packages/airflow/example_dags/subdags/subdag.py
[2025-10-29T20:00:09.778+0530] {processor.py:842} WARNING - No viable dags retrieved from /home/logi/txtai/venv/lib/python3.10/site-packages/airflow/example_dags/subdags/subdag.py
[2025-10-29T20:00:09.798+0530] {processor.py:183} INFO - Processing /home/logi/txtai/venv/lib/python3.10/site-packages/airflow/example_dags/subdags/subdag.py took 0.051 seconds
[2025-10-29T20:01:06.058+0530] {processor.py:161} INFO - Started process (PID=19887) to work on /home/logi/txtai/venv/lib/python3.10/site-packages/airflow/example_dags/subdags/subdag.py
[2025-10-29T20:01:06.074+0530] {processor.py:830} INFO - Processing file /home/logi/txtai/venv/lib/python3.10/site-packages/airflow/example_dags/subdags/subdag.py for tasks to queue
[2025-10-29T20:01:06.078+0530] {logging_mixin.py:188} INFO - [2025-10-29T20:01:06.077+0530] {dagbag.py:545} INFO - Filling up the DagBag from /home/logi/txtai/venv/lib/python3.10/site-packages/airflow/example_dags/subdags/subdag.py
[2025-10-29T20:01:06.084+0530] {processor.py:842} WARNING - No viable dags retrieved from /home/logi/txtai/venv/lib/python3.10/site-packages/airflow/example_dags/subdags/subdag.py
[2025-10-29T20:01:06.113+0530] {processor.py:183} INFO - Processing /home/logi/txtai/venv/lib/python3.10/site-packages/airflow/example_dags/subdags/subdag.py took 0.070 seconds
[2025-10-29T20:02:03.577+0530] {processor.py:161} INFO - Started process (PID=20016) to work on /home/logi/txtai/venv/lib/python3.10/site-packages/airflow/example_dags/subdags/subdag.py
[2025-10-29T20:02:03.590+0530] {processor.py:830} INFO - Processing file /home/logi/txtai/venv/lib/python3.10/site-packages/airflow/example_dags/subdags/subdag.py for tasks to queue
[2025-10-29T20:02:03.593+0530] {logging_mixin.py:188} INFO - [2025-10-29T20:02:03.592+0530] {dagbag.py:545} INFO - Filling up the DagBag from /home/logi/txtai/venv/lib/python3.10/site-packages/airflow/example_dags/subdags/subdag.py
[2025-10-29T20:02:03.596+0530] {processor.py:842} WARNING - No viable dags retrieved from /home/logi/txtai/venv/lib/python3.10/site-packages/airflow/example_dags/subdags/subdag.py
[2025-10-29T20:02:03.615+0530] {processor.py:183} INFO - Processing /home/logi/txtai/venv/lib/python3.10/site-packages/airflow/example_dags/subdags/subdag.py took 0.050 seconds
[2025-10-29T20:02:59.210+0530] {processor.py:161} INFO - Started process (PID=20132) to work on /home/logi/txtai/venv/lib/python3.10/site-packages/airflow/example_dags/subdags/subdag.py
[2025-10-29T20:02:59.219+0530] {processor.py:830} INFO - Processing file /home/logi/txtai/venv/lib/python3.10/site-packages/airflow/example_dags/subdags/subdag.py for tasks to queue
[2025-10-29T20:02:59.222+0530] {logging_mixin.py:188} INFO - [2025-10-29T20:02:59.222+0530] {dagbag.py:545} INFO - Filling up the DagBag from /home/logi/txtai/venv/lib/python3.10/site-packages/airflow/example_dags/subdags/subdag.py
[2025-10-29T20:02:59.224+0530] {processor.py:842} WARNING - No viable dags retrieved from /home/logi/txtai/venv/lib/python3.10/site-packages/airflow/example_dags/subdags/subdag.py
[2025-10-29T20:02:59.233+0530] {processor.py:183} INFO - Processing /home/logi/txtai/venv/lib/python3.10/site-packages/airflow/example_dags/subdags/subdag.py took 0.028 seconds
[2025-10-29T20:03:59.729+0530] {processor.py:161} INFO - Started process (PID=20250) to work on /home/logi/txtai/venv/lib/python3.10/site-packages/airflow/example_dags/subdags/subdag.py
[2025-10-29T20:03:59.742+0530] {processor.py:830} INFO - Processing file /home/logi/txtai/venv/lib/python3.10/site-packages/airflow/example_dags/subdags/subdag.py for tasks to queue
[2025-10-29T20:03:59.745+0530] {logging_mixin.py:188} INFO - [2025-10-29T20:03:59.744+0530] {dagbag.py:545} INFO - Filling up the DagBag from /home/logi/txtai/venv/lib/python3.10/site-packages/airflow/example_dags/subdags/subdag.py
[2025-10-29T20:03:59.748+0530] {processor.py:842} WARNING - No viable dags retrieved from /home/logi/txtai/venv/lib/python3.10/site-packages/airflow/example_dags/subdags/subdag.py
[2025-10-29T20:03:59.772+0530] {processor.py:183} INFO - Processing /home/logi/txtai/venv/lib/python3.10/site-packages/airflow/example_dags/subdags/subdag.py took 0.055 seconds
[2025-10-29T20:04:31.328+0530] {processor.py:161} INFO - Started process (PID=20319) to work on /home/logi/txtai/venv/lib/python3.10/site-packages/airflow/example_dags/subdags/subdag.py
[2025-10-29T20:04:31.344+0530] {processor.py:830} INFO - Processing file /home/logi/txtai/venv/lib/python3.10/site-packages/airflow/example_dags/subdags/subdag.py for tasks to queue
[2025-10-29T20:04:31.350+0530] {logging_mixin.py:188} INFO - [2025-10-29T20:04:31.349+0530] {dagbag.py:545} INFO - Filling up the DagBag from /home/logi/txtai/venv/lib/python3.10/site-packages/airflow/example_dags/subdags/subdag.py
[2025-10-29T20:04:31.356+0530] {processor.py:842} WARNING - No viable dags retrieved from /home/logi/txtai/venv/lib/python3.10/site-packages/airflow/example_dags/subdags/subdag.py
[2025-10-29T20:04:31.390+0530] {processor.py:183} INFO - Processing /home/logi/txtai/venv/lib/python3.10/site-packages/airflow/example_dags/subdags/subdag.py took 0.085 seconds
[2025-10-29T20:05:03.436+0530] {processor.py:161} INFO - Started process (PID=20404) to work on /home/logi/txtai/venv/lib/python3.10/site-packages/airflow/example_dags/subdags/subdag.py
[2025-10-29T20:05:03.449+0530] {processor.py:830} INFO - Processing file /home/logi/txtai/venv/lib/python3.10/site-packages/airflow/example_dags/subdags/subdag.py for tasks to queue
[2025-10-29T20:05:03.452+0530] {logging_mixin.py:188} INFO - [2025-10-29T20:05:03.452+0530] {dagbag.py:545} INFO - Filling up the DagBag from /home/logi/txtai/venv/lib/python3.10/site-packages/airflow/example_dags/subdags/subdag.py
[2025-10-29T20:05:03.457+0530] {processor.py:842} WARNING - No viable dags retrieved from /home/logi/txtai/venv/lib/python3.10/site-packages/airflow/example_dags/subdags/subdag.py
[2025-10-29T20:05:03.485+0530] {processor.py:183} INFO - Processing /home/logi/txtai/venv/lib/python3.10/site-packages/airflow/example_dags/subdags/subdag.py took 0.061 seconds
[2025-10-29T20:06:03.007+0530] {processor.py:161} INFO - Started process (PID=20518) to work on /home/logi/txtai/venv/lib/python3.10/site-packages/airflow/example_dags/subdags/subdag.py
[2025-10-29T20:06:03.017+0530] {processor.py:830} INFO - Processing file /home/logi/txtai/venv/lib/python3.10/site-packages/airflow/example_dags/subdags/subdag.py for tasks to queue
[2025-10-29T20:06:03.025+0530] {logging_mixin.py:188} INFO - [2025-10-29T20:06:03.024+0530] {dagbag.py:545} INFO - Filling up the DagBag from /home/logi/txtai/venv/lib/python3.10/site-packages/airflow/example_dags/subdags/subdag.py
[2025-10-29T20:06:03.029+0530] {processor.py:842} WARNING - No viable dags retrieved from /home/logi/txtai/venv/lib/python3.10/site-packages/airflow/example_dags/subdags/subdag.py
[2025-10-29T20:06:03.060+0530] {processor.py:183} INFO - Processing /home/logi/txtai/venv/lib/python3.10/site-packages/airflow/example_dags/subdags/subdag.py took 0.065 seconds
[2025-10-29T20:06:59.893+0530] {processor.py:161} INFO - Started process (PID=20630) to work on /home/logi/txtai/venv/lib/python3.10/site-packages/airflow/example_dags/subdags/subdag.py
[2025-10-29T20:06:59.906+0530] {processor.py:830} INFO - Processing file /home/logi/txtai/venv/lib/python3.10/site-packages/airflow/example_dags/subdags/subdag.py for tasks to queue
[2025-10-29T20:06:59.910+0530] {logging_mixin.py:188} INFO - [2025-10-29T20:06:59.909+0530] {dagbag.py:545} INFO - Filling up the DagBag from /home/logi/txtai/venv/lib/python3.10/site-packages/airflow/example_dags/subdags/subdag.py
[2025-10-29T20:06:59.913+0530] {processor.py:842} WARNING - No viable dags retrieved from /home/logi/txtai/venv/lib/python3.10/site-packages/airflow/example_dags/subdags/subdag.py
[2025-10-29T20:06:59.927+0530] {processor.py:183} INFO - Processing /home/logi/txtai/venv/lib/python3.10/site-packages/airflow/example_dags/subdags/subdag.py took 0.041 seconds
[2025-10-29T20:07:57.443+0530] {processor.py:161} INFO - Started process (PID=20741) to work on /home/logi/txtai/venv/lib/python3.10/site-packages/airflow/example_dags/subdags/subdag.py
[2025-10-29T20:07:57.456+0530] {processor.py:830} INFO - Processing file /home/logi/txtai/venv/lib/python3.10/site-packages/airflow/example_dags/subdags/subdag.py for tasks to queue
[2025-10-29T20:07:57.460+0530] {logging_mixin.py:188} INFO - [2025-10-29T20:07:57.459+0530] {dagbag.py:545} INFO - Filling up the DagBag from /home/logi/txtai/venv/lib/python3.10/site-packages/airflow/example_dags/subdags/subdag.py
[2025-10-29T20:07:57.463+0530] {processor.py:842} WARNING - No viable dags retrieved from /home/logi/txtai/venv/lib/python3.10/site-packages/airflow/example_dags/subdags/subdag.py
[2025-10-29T20:07:57.483+0530] {processor.py:183} INFO - Processing /home/logi/txtai/venv/lib/python3.10/site-packages/airflow/example_dags/subdags/subdag.py took 0.053 seconds
[2025-10-29T20:08:56.094+0530] {processor.py:161} INFO - Started process (PID=20856) to work on /home/logi/txtai/venv/lib/python3.10/site-packages/airflow/example_dags/subdags/subdag.py
[2025-10-29T20:08:56.097+0530] {processor.py:830} INFO - Processing file /home/logi/txtai/venv/lib/python3.10/site-packages/airflow/example_dags/subdags/subdag.py for tasks to queue
[2025-10-29T20:08:56.102+0530] {logging_mixin.py:188} INFO - [2025-10-29T20:08:56.101+0530] {dagbag.py:545} INFO - Filling up the DagBag from /home/logi/txtai/venv/lib/python3.10/site-packages/airflow/example_dags/subdags/subdag.py
[2025-10-29T20:08:56.109+0530] {processor.py:842} WARNING - No viable dags retrieved from /home/logi/txtai/venv/lib/python3.10/site-packages/airflow/example_dags/subdags/subdag.py
[2025-10-29T20:08:56.147+0530] {processor.py:183} INFO - Processing /home/logi/txtai/venv/lib/python3.10/site-packages/airflow/example_dags/subdags/subdag.py took 0.073 seconds
[2025-10-29T20:09:27.632+0530] {processor.py:161} INFO - Started process (PID=20921) to work on /home/logi/txtai/venv/lib/python3.10/site-packages/airflow/example_dags/subdags/subdag.py
[2025-10-29T20:09:27.646+0530] {processor.py:830} INFO - Processing file /home/logi/txtai/venv/lib/python3.10/site-packages/airflow/example_dags/subdags/subdag.py for tasks to queue
[2025-10-29T20:09:27.649+0530] {logging_mixin.py:188} INFO - [2025-10-29T20:09:27.649+0530] {dagbag.py:545} INFO - Filling up the DagBag from /home/logi/txtai/venv/lib/python3.10/site-packages/airflow/example_dags/subdags/subdag.py
[2025-10-29T20:09:27.653+0530] {processor.py:842} WARNING - No viable dags retrieved from /home/logi/txtai/venv/lib/python3.10/site-packages/airflow/example_dags/subdags/subdag.py
[2025-10-29T20:09:27.673+0530] {processor.py:183} INFO - Processing /home/logi/txtai/venv/lib/python3.10/site-packages/airflow/example_dags/subdags/subdag.py took 0.052 seconds
[2025-10-29T20:10:22.760+0530] {processor.py:161} INFO - Started process (PID=21061) to work on /home/logi/txtai/venv/lib/python3.10/site-packages/airflow/example_dags/subdags/subdag.py
[2025-10-29T20:10:22.774+0530] {processor.py:830} INFO - Processing file /home/logi/txtai/venv/lib/python3.10/site-packages/airflow/example_dags/subdags/subdag.py for tasks to queue
[2025-10-29T20:10:22.777+0530] {logging_mixin.py:188} INFO - [2025-10-29T20:10:22.776+0530] {dagbag.py:545} INFO - Filling up the DagBag from /home/logi/txtai/venv/lib/python3.10/site-packages/airflow/example_dags/subdags/subdag.py
[2025-10-29T20:10:22.780+0530] {processor.py:842} WARNING - No viable dags retrieved from /home/logi/txtai/venv/lib/python3.10/site-packages/airflow/example_dags/subdags/subdag.py
[2025-10-29T20:10:22.800+0530] {processor.py:183} INFO - Processing /home/logi/txtai/venv/lib/python3.10/site-packages/airflow/example_dags/subdags/subdag.py took 0.051 seconds
[2025-10-29T20:11:18.109+0530] {processor.py:161} INFO - Started process (PID=21172) to work on /home/logi/txtai/venv/lib/python3.10/site-packages/airflow/example_dags/subdags/subdag.py
[2025-10-29T20:11:18.123+0530] {processor.py:830} INFO - Processing file /home/logi/txtai/venv/lib/python3.10/site-packages/airflow/example_dags/subdags/subdag.py for tasks to queue
[2025-10-29T20:11:18.126+0530] {logging_mixin.py:188} INFO - [2025-10-29T20:11:18.125+0530] {dagbag.py:545} INFO - Filling up the DagBag from /home/logi/txtai/venv/lib/python3.10/site-packages/airflow/example_dags/subdags/subdag.py
[2025-10-29T20:11:18.129+0530] {processor.py:842} WARNING - No viable dags retrieved from /home/logi/txtai/venv/lib/python3.10/site-packages/airflow/example_dags/subdags/subdag.py
[2025-10-29T20:11:18.149+0530] {processor.py:183} INFO - Processing /home/logi/txtai/venv/lib/python3.10/site-packages/airflow/example_dags/subdags/subdag.py took 0.051 seconds
[2025-10-29T20:12:08.684+0530] {processor.py:161} INFO - Started process (PID=21275) to work on /home/logi/txtai/venv/lib/python3.10/site-packages/airflow/example_dags/subdags/subdag.py
[2025-10-29T20:12:08.698+0530] {processor.py:830} INFO - Processing file /home/logi/txtai/venv/lib/python3.10/site-packages/airflow/example_dags/subdags/subdag.py for tasks to queue
[2025-10-29T20:12:08.701+0530] {logging_mixin.py:188} INFO - [2025-10-29T20:12:08.700+0530] {dagbag.py:545} INFO - Filling up the DagBag from /home/logi/txtai/venv/lib/python3.10/site-packages/airflow/example_dags/subdags/subdag.py
[2025-10-29T20:12:08.704+0530] {processor.py:842} WARNING - No viable dags retrieved from /home/logi/txtai/venv/lib/python3.10/site-packages/airflow/example_dags/subdags/subdag.py
[2025-10-29T20:12:08.722+0530] {processor.py:183} INFO - Processing /home/logi/txtai/venv/lib/python3.10/site-packages/airflow/example_dags/subdags/subdag.py took 0.049 seconds
[2025-10-29T20:13:01.273+0530] {processor.py:161} INFO - Started process (PID=21377) to work on /home/logi/txtai/venv/lib/python3.10/site-packages/airflow/example_dags/subdags/subdag.py
[2025-10-29T20:13:01.286+0530] {processor.py:830} INFO - Processing file /home/logi/txtai/venv/lib/python3.10/site-packages/airflow/example_dags/subdags/subdag.py for tasks to queue
[2025-10-29T20:13:01.289+0530] {logging_mixin.py:188} INFO - [2025-10-29T20:13:01.289+0530] {dagbag.py:545} INFO - Filling up the DagBag from /home/logi/txtai/venv/lib/python3.10/site-packages/airflow/example_dags/subdags/subdag.py
[2025-10-29T20:13:01.293+0530] {processor.py:842} WARNING - No viable dags retrieved from /home/logi/txtai/venv/lib/python3.10/site-packages/airflow/example_dags/subdags/subdag.py
[2025-10-29T20:13:01.312+0530] {processor.py:183} INFO - Processing /home/logi/txtai/venv/lib/python3.10/site-packages/airflow/example_dags/subdags/subdag.py took 0.051 seconds
[2025-10-29T20:13:54.194+0530] {processor.py:161} INFO - Started process (PID=21565) to work on /home/logi/txtai/venv/lib/python3.10/site-packages/airflow/example_dags/subdags/subdag.py
[2025-10-29T20:13:54.207+0530] {processor.py:830} INFO - Processing file /home/logi/txtai/venv/lib/python3.10/site-packages/airflow/example_dags/subdags/subdag.py for tasks to queue
[2025-10-29T20:13:54.211+0530] {logging_mixin.py:188} INFO - [2025-10-29T20:13:54.210+0530] {dagbag.py:545} INFO - Filling up the DagBag from /home/logi/txtai/venv/lib/python3.10/site-packages/airflow/example_dags/subdags/subdag.py
[2025-10-29T20:13:54.214+0530] {processor.py:842} WARNING - No viable dags retrieved from /home/logi/txtai/venv/lib/python3.10/site-packages/airflow/example_dags/subdags/subdag.py
[2025-10-29T20:13:54.232+0530] {processor.py:183} INFO - Processing /home/logi/txtai/venv/lib/python3.10/site-packages/airflow/example_dags/subdags/subdag.py took 0.049 seconds
[2025-10-29T20:14:48.561+0530] {processor.py:161} INFO - Started process (PID=21824) to work on /home/logi/txtai/venv/lib/python3.10/site-packages/airflow/example_dags/subdags/subdag.py
[2025-10-29T20:14:48.579+0530] {processor.py:830} INFO - Processing file /home/logi/txtai/venv/lib/python3.10/site-packages/airflow/example_dags/subdags/subdag.py for tasks to queue
[2025-10-29T20:14:48.584+0530] {logging_mixin.py:188} INFO - [2025-10-29T20:14:48.583+0530] {dagbag.py:545} INFO - Filling up the DagBag from /home/logi/txtai/venv/lib/python3.10/site-packages/airflow/example_dags/subdags/subdag.py
[2025-10-29T20:14:48.590+0530] {processor.py:842} WARNING - No viable dags retrieved from /home/logi/txtai/venv/lib/python3.10/site-packages/airflow/example_dags/subdags/subdag.py
[2025-10-29T20:14:48.627+0530] {processor.py:183} INFO - Processing /home/logi/txtai/venv/lib/python3.10/site-packages/airflow/example_dags/subdags/subdag.py took 0.112 seconds
[2025-10-29T20:15:19.329+0530] {processor.py:161} INFO - Started process (PID=21894) to work on /home/logi/txtai/venv/lib/python3.10/site-packages/airflow/example_dags/subdags/subdag.py
[2025-10-29T20:15:19.342+0530] {processor.py:830} INFO - Processing file /home/logi/txtai/venv/lib/python3.10/site-packages/airflow/example_dags/subdags/subdag.py for tasks to queue
[2025-10-29T20:15:19.346+0530] {logging_mixin.py:188} INFO - [2025-10-29T20:15:19.345+0530] {dagbag.py:545} INFO - Filling up the DagBag from /home/logi/txtai/venv/lib/python3.10/site-packages/airflow/example_dags/subdags/subdag.py
[2025-10-29T20:15:19.349+0530] {processor.py:842} WARNING - No viable dags retrieved from /home/logi/txtai/venv/lib/python3.10/site-packages/airflow/example_dags/subdags/subdag.py
[2025-10-29T20:15:19.371+0530] {processor.py:183} INFO - Processing /home/logi/txtai/venv/lib/python3.10/site-packages/airflow/example_dags/subdags/subdag.py took 0.051 seconds
[2025-10-29T20:16:11.998+0530] {processor.py:161} INFO - Started process (PID=21969) to work on /home/logi/txtai/venv/lib/python3.10/site-packages/airflow/example_dags/subdags/subdag.py
[2025-10-29T20:16:12.000+0530] {processor.py:830} INFO - Processing file /home/logi/txtai/venv/lib/python3.10/site-packages/airflow/example_dags/subdags/subdag.py for tasks to queue
[2025-10-29T20:16:12.001+0530] {logging_mixin.py:188} INFO - [2025-10-29T20:16:12.001+0530] {dagbag.py:545} INFO - Filling up the DagBag from /home/logi/txtai/venv/lib/python3.10/site-packages/airflow/example_dags/subdags/subdag.py
[2025-10-29T20:16:12.003+0530] {processor.py:842} WARNING - No viable dags retrieved from /home/logi/txtai/venv/lib/python3.10/site-packages/airflow/example_dags/subdags/subdag.py
[2025-10-29T20:16:12.015+0530] {processor.py:183} INFO - Processing /home/logi/txtai/venv/lib/python3.10/site-packages/airflow/example_dags/subdags/subdag.py took 0.025 seconds
[2025-10-29T20:17:03.255+0530] {processor.py:161} INFO - Started process (PID=22047) to work on /home/logi/txtai/venv/lib/python3.10/site-packages/airflow/example_dags/subdags/subdag.py
[2025-10-29T20:17:03.268+0530] {processor.py:830} INFO - Processing file /home/logi/txtai/venv/lib/python3.10/site-packages/airflow/example_dags/subdags/subdag.py for tasks to queue
[2025-10-29T20:17:03.271+0530] {logging_mixin.py:188} INFO - [2025-10-29T20:17:03.271+0530] {dagbag.py:545} INFO - Filling up the DagBag from /home/logi/txtai/venv/lib/python3.10/site-packages/airflow/example_dags/subdags/subdag.py
[2025-10-29T20:17:03.275+0530] {processor.py:842} WARNING - No viable dags retrieved from /home/logi/txtai/venv/lib/python3.10/site-packages/airflow/example_dags/subdags/subdag.py
[2025-10-29T20:17:03.293+0530] {processor.py:183} INFO - Processing /home/logi/txtai/venv/lib/python3.10/site-packages/airflow/example_dags/subdags/subdag.py took 0.049 seconds
[2025-10-29T20:17:53.954+0530] {processor.py:161} INFO - Started process (PID=22110) to work on /home/logi/txtai/venv/lib/python3.10/site-packages/airflow/example_dags/subdags/subdag.py
[2025-10-29T20:17:53.968+0530] {processor.py:830} INFO - Processing file /home/logi/txtai/venv/lib/python3.10/site-packages/airflow/example_dags/subdags/subdag.py for tasks to queue
[2025-10-29T20:17:53.971+0530] {logging_mixin.py:188} INFO - [2025-10-29T20:17:53.970+0530] {dagbag.py:545} INFO - Filling up the DagBag from /home/logi/txtai/venv/lib/python3.10/site-packages/airflow/example_dags/subdags/subdag.py
[2025-10-29T20:17:53.974+0530] {processor.py:842} WARNING - No viable dags retrieved from /home/logi/txtai/venv/lib/python3.10/site-packages/airflow/example_dags/subdags/subdag.py
[2025-10-29T20:17:53.990+0530] {processor.py:183} INFO - Processing /home/logi/txtai/venv/lib/python3.10/site-packages/airflow/example_dags/subdags/subdag.py took 0.048 seconds
[2025-10-29T20:18:45.658+0530] {processor.py:161} INFO - Started process (PID=22175) to work on /home/logi/txtai/venv/lib/python3.10/site-packages/airflow/example_dags/subdags/subdag.py
[2025-10-29T20:18:45.671+0530] {processor.py:830} INFO - Processing file /home/logi/txtai/venv/lib/python3.10/site-packages/airflow/example_dags/subdags/subdag.py for tasks to queue
[2025-10-29T20:18:45.674+0530] {logging_mixin.py:188} INFO - [2025-10-29T20:18:45.674+0530] {dagbag.py:545} INFO - Filling up the DagBag from /home/logi/txtai/venv/lib/python3.10/site-packages/airflow/example_dags/subdags/subdag.py
[2025-10-29T20:18:45.678+0530] {processor.py:842} WARNING - No viable dags retrieved from /home/logi/txtai/venv/lib/python3.10/site-packages/airflow/example_dags/subdags/subdag.py
[2025-10-29T20:18:45.689+0530] {processor.py:183} INFO - Processing /home/logi/txtai/venv/lib/python3.10/site-packages/airflow/example_dags/subdags/subdag.py took 0.042 seconds
[2025-10-29T20:19:40.970+0530] {processor.py:161} INFO - Started process (PID=22357) to work on /home/logi/txtai/venv/lib/python3.10/site-packages/airflow/example_dags/subdags/subdag.py
[2025-10-29T20:19:40.984+0530] {processor.py:830} INFO - Processing file /home/logi/txtai/venv/lib/python3.10/site-packages/airflow/example_dags/subdags/subdag.py for tasks to queue
[2025-10-29T20:19:40.987+0530] {logging_mixin.py:188} INFO - [2025-10-29T20:19:40.987+0530] {dagbag.py:545} INFO - Filling up the DagBag from /home/logi/txtai/venv/lib/python3.10/site-packages/airflow/example_dags/subdags/subdag.py
[2025-10-29T20:19:40.991+0530] {processor.py:842} WARNING - No viable dags retrieved from /home/logi/txtai/venv/lib/python3.10/site-packages/airflow/example_dags/subdags/subdag.py
[2025-10-29T20:19:41.009+0530] {processor.py:183} INFO - Processing /home/logi/txtai/venv/lib/python3.10/site-packages/airflow/example_dags/subdags/subdag.py took 0.051 seconds
[2025-10-29T20:20:35.411+0530] {processor.py:161} INFO - Started process (PID=22429) to work on /home/logi/txtai/venv/lib/python3.10/site-packages/airflow/example_dags/subdags/subdag.py
[2025-10-29T20:20:35.424+0530] {processor.py:830} INFO - Processing file /home/logi/txtai/venv/lib/python3.10/site-packages/airflow/example_dags/subdags/subdag.py for tasks to queue
[2025-10-29T20:20:35.427+0530] {logging_mixin.py:188} INFO - [2025-10-29T20:20:35.426+0530] {dagbag.py:545} INFO - Filling up the DagBag from /home/logi/txtai/venv/lib/python3.10/site-packages/airflow/example_dags/subdags/subdag.py
[2025-10-29T20:20:35.430+0530] {processor.py:842} WARNING - No viable dags retrieved from /home/logi/txtai/venv/lib/python3.10/site-packages/airflow/example_dags/subdags/subdag.py
[2025-10-29T20:20:35.450+0530] {processor.py:183} INFO - Processing /home/logi/txtai/venv/lib/python3.10/site-packages/airflow/example_dags/subdags/subdag.py took 0.050 seconds
[2025-10-29T20:21:31.248+0530] {processor.py:161} INFO - Started process (PID=22508) to work on /home/logi/txtai/venv/lib/python3.10/site-packages/airflow/example_dags/subdags/subdag.py
[2025-10-29T20:21:31.252+0530] {processor.py:830} INFO - Processing file /home/logi/txtai/venv/lib/python3.10/site-packages/airflow/example_dags/subdags/subdag.py for tasks to queue
[2025-10-29T20:21:31.255+0530] {logging_mixin.py:188} INFO - [2025-10-29T20:21:31.255+0530] {dagbag.py:545} INFO - Filling up the DagBag from /home/logi/txtai/venv/lib/python3.10/site-packages/airflow/example_dags/subdags/subdag.py
[2025-10-29T20:21:31.259+0530] {processor.py:842} WARNING - No viable dags retrieved from /home/logi/txtai/venv/lib/python3.10/site-packages/airflow/example_dags/subdags/subdag.py
[2025-10-29T20:21:31.277+0530] {processor.py:183} INFO - Processing /home/logi/txtai/venv/lib/python3.10/site-packages/airflow/example_dags/subdags/subdag.py took 0.042 seconds
[2025-10-29T20:22:27.033+0530] {processor.py:161} INFO - Started process (PID=22576) to work on /home/logi/txtai/venv/lib/python3.10/site-packages/airflow/example_dags/subdags/subdag.py
[2025-10-29T20:22:27.036+0530] {processor.py:830} INFO - Processing file /home/logi/txtai/venv/lib/python3.10/site-packages/airflow/example_dags/subdags/subdag.py for tasks to queue
[2025-10-29T20:22:27.039+0530] {logging_mixin.py:188} INFO - [2025-10-29T20:22:27.038+0530] {dagbag.py:545} INFO - Filling up the DagBag from /home/logi/txtai/venv/lib/python3.10/site-packages/airflow/example_dags/subdags/subdag.py
[2025-10-29T20:22:27.043+0530] {processor.py:842} WARNING - No viable dags retrieved from /home/logi/txtai/venv/lib/python3.10/site-packages/airflow/example_dags/subdags/subdag.py
[2025-10-29T20:22:27.062+0530] {processor.py:183} INFO - Processing /home/logi/txtai/venv/lib/python3.10/site-packages/airflow/example_dags/subdags/subdag.py took 0.041 seconds
[2025-10-29T20:23:21.180+0530] {processor.py:161} INFO - Started process (PID=22652) to work on /home/logi/txtai/venv/lib/python3.10/site-packages/airflow/example_dags/subdags/subdag.py
[2025-10-29T20:23:21.194+0530] {processor.py:830} INFO - Processing file /home/logi/txtai/venv/lib/python3.10/site-packages/airflow/example_dags/subdags/subdag.py for tasks to queue
[2025-10-29T20:23:21.197+0530] {logging_mixin.py:188} INFO - [2025-10-29T20:23:21.196+0530] {dagbag.py:545} INFO - Filling up the DagBag from /home/logi/txtai/venv/lib/python3.10/site-packages/airflow/example_dags/subdags/subdag.py
[2025-10-29T20:23:21.201+0530] {processor.py:842} WARNING - No viable dags retrieved from /home/logi/txtai/venv/lib/python3.10/site-packages/airflow/example_dags/subdags/subdag.py
[2025-10-29T20:23:21.213+0530] {processor.py:183} INFO - Processing /home/logi/txtai/venv/lib/python3.10/site-packages/airflow/example_dags/subdags/subdag.py took 0.044 seconds
[2025-10-29T20:24:16.592+0530] {processor.py:161} INFO - Started process (PID=22738) to work on /home/logi/txtai/venv/lib/python3.10/site-packages/airflow/example_dags/subdags/subdag.py
[2025-10-29T20:24:16.604+0530] {processor.py:830} INFO - Processing file /home/logi/txtai/venv/lib/python3.10/site-packages/airflow/example_dags/subdags/subdag.py for tasks to queue
[2025-10-29T20:24:16.607+0530] {logging_mixin.py:188} INFO - [2025-10-29T20:24:16.606+0530] {dagbag.py:545} INFO - Filling up the DagBag from /home/logi/txtai/venv/lib/python3.10/site-packages/airflow/example_dags/subdags/subdag.py
[2025-10-29T20:24:16.610+0530] {processor.py:842} WARNING - No viable dags retrieved from /home/logi/txtai/venv/lib/python3.10/site-packages/airflow/example_dags/subdags/subdag.py
[2025-10-29T20:24:16.629+0530] {processor.py:183} INFO - Processing /home/logi/txtai/venv/lib/python3.10/site-packages/airflow/example_dags/subdags/subdag.py took 0.048 seconds
[2025-10-29T20:25:12.136+0530] {processor.py:161} INFO - Started process (PID=22888) to work on /home/logi/txtai/venv/lib/python3.10/site-packages/airflow/example_dags/subdags/subdag.py
[2025-10-29T20:25:12.149+0530] {processor.py:830} INFO - Processing file /home/logi/txtai/venv/lib/python3.10/site-packages/airflow/example_dags/subdags/subdag.py for tasks to queue
[2025-10-29T20:25:12.152+0530] {logging_mixin.py:188} INFO - [2025-10-29T20:25:12.152+0530] {dagbag.py:545} INFO - Filling up the DagBag from /home/logi/txtai/venv/lib/python3.10/site-packages/airflow/example_dags/subdags/subdag.py
[2025-10-29T20:25:12.155+0530] {processor.py:842} WARNING - No viable dags retrieved from /home/logi/txtai/venv/lib/python3.10/site-packages/airflow/example_dags/subdags/subdag.py
[2025-10-29T20:25:12.173+0530] {processor.py:183} INFO - Processing /home/logi/txtai/venv/lib/python3.10/site-packages/airflow/example_dags/subdags/subdag.py took 0.047 seconds
[2025-10-29T20:26:03.026+0530] {processor.py:161} INFO - Started process (PID=22960) to work on /home/logi/txtai/venv/lib/python3.10/site-packages/airflow/example_dags/subdags/subdag.py
[2025-10-29T20:26:03.039+0530] {processor.py:830} INFO - Processing file /home/logi/txtai/venv/lib/python3.10/site-packages/airflow/example_dags/subdags/subdag.py for tasks to queue
[2025-10-29T20:26:03.042+0530] {logging_mixin.py:188} INFO - [2025-10-29T20:26:03.042+0530] {dagbag.py:545} INFO - Filling up the DagBag from /home/logi/txtai/venv/lib/python3.10/site-packages/airflow/example_dags/subdags/subdag.py
[2025-10-29T20:26:03.045+0530] {processor.py:842} WARNING - No viable dags retrieved from /home/logi/txtai/venv/lib/python3.10/site-packages/airflow/example_dags/subdags/subdag.py
[2025-10-29T20:26:03.062+0530] {processor.py:183} INFO - Processing /home/logi/txtai/venv/lib/python3.10/site-packages/airflow/example_dags/subdags/subdag.py took 0.047 seconds
[2025-10-29T20:26:55.595+0530] {processor.py:161} INFO - Started process (PID=23190) to work on /home/logi/txtai/venv/lib/python3.10/site-packages/airflow/example_dags/subdags/subdag.py
[2025-10-29T20:26:55.608+0530] {processor.py:830} INFO - Processing file /home/logi/txtai/venv/lib/python3.10/site-packages/airflow/example_dags/subdags/subdag.py for tasks to queue
[2025-10-29T20:26:55.611+0530] {logging_mixin.py:188} INFO - [2025-10-29T20:26:55.611+0530] {dagbag.py:545} INFO - Filling up the DagBag from /home/logi/txtai/venv/lib/python3.10/site-packages/airflow/example_dags/subdags/subdag.py
[2025-10-29T20:26:55.615+0530] {processor.py:842} WARNING - No viable dags retrieved from /home/logi/txtai/venv/lib/python3.10/site-packages/airflow/example_dags/subdags/subdag.py
[2025-10-29T20:26:55.635+0530] {processor.py:183} INFO - Processing /home/logi/txtai/venv/lib/python3.10/site-packages/airflow/example_dags/subdags/subdag.py took 0.052 seconds
[2025-10-29T20:27:46.433+0530] {processor.py:161} INFO - Started process (PID=23259) to work on /home/logi/txtai/venv/lib/python3.10/site-packages/airflow/example_dags/subdags/subdag.py
[2025-10-29T20:27:46.447+0530] {processor.py:830} INFO - Processing file /home/logi/txtai/venv/lib/python3.10/site-packages/airflow/example_dags/subdags/subdag.py for tasks to queue
[2025-10-29T20:27:46.450+0530] {logging_mixin.py:188} INFO - [2025-10-29T20:27:46.449+0530] {dagbag.py:545} INFO - Filling up the DagBag from /home/logi/txtai/venv/lib/python3.10/site-packages/airflow/example_dags/subdags/subdag.py
[2025-10-29T20:27:46.453+0530] {processor.py:842} WARNING - No viable dags retrieved from /home/logi/txtai/venv/lib/python3.10/site-packages/airflow/example_dags/subdags/subdag.py
[2025-10-29T20:27:46.472+0530] {processor.py:183} INFO - Processing /home/logi/txtai/venv/lib/python3.10/site-packages/airflow/example_dags/subdags/subdag.py took 0.051 seconds
[2025-10-29T20:28:34.129+0530] {processor.py:161} INFO - Started process (PID=23348) to work on /home/logi/txtai/venv/lib/python3.10/site-packages/airflow/example_dags/subdags/subdag.py
[2025-10-29T20:28:34.139+0530] {processor.py:830} INFO - Processing file /home/logi/txtai/venv/lib/python3.10/site-packages/airflow/example_dags/subdags/subdag.py for tasks to queue
[2025-10-29T20:28:34.142+0530] {logging_mixin.py:188} INFO - [2025-10-29T20:28:34.142+0530] {dagbag.py:545} INFO - Filling up the DagBag from /home/logi/txtai/venv/lib/python3.10/site-packages/airflow/example_dags/subdags/subdag.py
[2025-10-29T20:28:34.146+0530] {processor.py:842} WARNING - No viable dags retrieved from /home/logi/txtai/venv/lib/python3.10/site-packages/airflow/example_dags/subdags/subdag.py
[2025-10-29T20:28:34.164+0530] {processor.py:183} INFO - Processing /home/logi/txtai/venv/lib/python3.10/site-packages/airflow/example_dags/subdags/subdag.py took 0.046 seconds
[2025-10-29T20:29:28.530+0530] {processor.py:161} INFO - Started process (PID=23412) to work on /home/logi/txtai/venv/lib/python3.10/site-packages/airflow/example_dags/subdags/subdag.py
[2025-10-29T20:29:28.547+0530] {processor.py:830} INFO - Processing file /home/logi/txtai/venv/lib/python3.10/site-packages/airflow/example_dags/subdags/subdag.py for tasks to queue
[2025-10-29T20:29:28.550+0530] {logging_mixin.py:188} INFO - [2025-10-29T20:29:28.550+0530] {dagbag.py:545} INFO - Filling up the DagBag from /home/logi/txtai/venv/lib/python3.10/site-packages/airflow/example_dags/subdags/subdag.py
[2025-10-29T20:29:28.554+0530] {processor.py:842} WARNING - No viable dags retrieved from /home/logi/txtai/venv/lib/python3.10/site-packages/airflow/example_dags/subdags/subdag.py
[2025-10-29T20:29:28.572+0530] {processor.py:183} INFO - Processing /home/logi/txtai/venv/lib/python3.10/site-packages/airflow/example_dags/subdags/subdag.py took 0.054 seconds
[2025-10-29T20:30:23.425+0530] {processor.py:161} INFO - Started process (PID=23530) to work on /home/logi/txtai/venv/lib/python3.10/site-packages/airflow/example_dags/subdags/subdag.py
[2025-10-29T20:30:23.438+0530] {processor.py:830} INFO - Processing file /home/logi/txtai/venv/lib/python3.10/site-packages/airflow/example_dags/subdags/subdag.py for tasks to queue
[2025-10-29T20:30:23.441+0530] {logging_mixin.py:188} INFO - [2025-10-29T20:30:23.441+0530] {dagbag.py:545} INFO - Filling up the DagBag from /home/logi/txtai/venv/lib/python3.10/site-packages/airflow/example_dags/subdags/subdag.py
[2025-10-29T20:30:23.446+0530] {processor.py:842} WARNING - No viable dags retrieved from /home/logi/txtai/venv/lib/python3.10/site-packages/airflow/example_dags/subdags/subdag.py
[2025-10-29T20:30:23.466+0530] {processor.py:183} INFO - Processing /home/logi/txtai/venv/lib/python3.10/site-packages/airflow/example_dags/subdags/subdag.py took 0.053 seconds
[2025-10-29T20:31:14.702+0530] {processor.py:161} INFO - Started process (PID=23599) to work on /home/logi/txtai/venv/lib/python3.10/site-packages/airflow/example_dags/subdags/subdag.py
[2025-10-29T20:31:14.715+0530] {processor.py:830} INFO - Processing file /home/logi/txtai/venv/lib/python3.10/site-packages/airflow/example_dags/subdags/subdag.py for tasks to queue
[2025-10-29T20:31:14.718+0530] {logging_mixin.py:188} INFO - [2025-10-29T20:31:14.718+0530] {dagbag.py:545} INFO - Filling up the DagBag from /home/logi/txtai/venv/lib/python3.10/site-packages/airflow/example_dags/subdags/subdag.py
[2025-10-29T20:31:14.722+0530] {processor.py:842} WARNING - No viable dags retrieved from /home/logi/txtai/venv/lib/python3.10/site-packages/airflow/example_dags/subdags/subdag.py
[2025-10-29T20:31:14.741+0530] {processor.py:183} INFO - Processing /home/logi/txtai/venv/lib/python3.10/site-packages/airflow/example_dags/subdags/subdag.py took 0.051 seconds
[2025-10-29T20:32:05.614+0530] {processor.py:161} INFO - Started process (PID=23671) to work on /home/logi/txtai/venv/lib/python3.10/site-packages/airflow/example_dags/subdags/subdag.py
[2025-10-29T20:32:05.627+0530] {processor.py:830} INFO - Processing file /home/logi/txtai/venv/lib/python3.10/site-packages/airflow/example_dags/subdags/subdag.py for tasks to queue
[2025-10-29T20:32:05.631+0530] {logging_mixin.py:188} INFO - [2025-10-29T20:32:05.630+0530] {dagbag.py:545} INFO - Filling up the DagBag from /home/logi/txtai/venv/lib/python3.10/site-packages/airflow/example_dags/subdags/subdag.py
[2025-10-29T20:32:05.635+0530] {processor.py:842} WARNING - No viable dags retrieved from /home/logi/txtai/venv/lib/python3.10/site-packages/airflow/example_dags/subdags/subdag.py
[2025-10-29T20:32:05.655+0530] {processor.py:183} INFO - Processing /home/logi/txtai/venv/lib/python3.10/site-packages/airflow/example_dags/subdags/subdag.py took 0.052 seconds
[2025-10-29T20:33:00.089+0530] {processor.py:161} INFO - Started process (PID=23753) to work on /home/logi/txtai/venv/lib/python3.10/site-packages/airflow/example_dags/subdags/subdag.py
[2025-10-29T20:33:00.091+0530] {processor.py:830} INFO - Processing file /home/logi/txtai/venv/lib/python3.10/site-packages/airflow/example_dags/subdags/subdag.py for tasks to queue
[2025-10-29T20:33:00.093+0530] {logging_mixin.py:188} INFO - [2025-10-29T20:33:00.093+0530] {dagbag.py:545} INFO - Filling up the DagBag from /home/logi/txtai/venv/lib/python3.10/site-packages/airflow/example_dags/subdags/subdag.py
[2025-10-29T20:33:00.096+0530] {processor.py:842} WARNING - No viable dags retrieved from /home/logi/txtai/venv/lib/python3.10/site-packages/airflow/example_dags/subdags/subdag.py
[2025-10-29T20:33:00.114+0530] {processor.py:183} INFO - Processing /home/logi/txtai/venv/lib/python3.10/site-packages/airflow/example_dags/subdags/subdag.py took 0.035 seconds
[2025-10-29T20:33:52.862+0530] {processor.py:161} INFO - Started process (PID=23821) to work on /home/logi/txtai/venv/lib/python3.10/site-packages/airflow/example_dags/subdags/subdag.py
[2025-10-29T20:33:52.875+0530] {processor.py:830} INFO - Processing file /home/logi/txtai/venv/lib/python3.10/site-packages/airflow/example_dags/subdags/subdag.py for tasks to queue
[2025-10-29T20:33:52.879+0530] {logging_mixin.py:188} INFO - [2025-10-29T20:33:52.878+0530] {dagbag.py:545} INFO - Filling up the DagBag from /home/logi/txtai/venv/lib/python3.10/site-packages/airflow/example_dags/subdags/subdag.py
[2025-10-29T20:33:52.882+0530] {processor.py:842} WARNING - No viable dags retrieved from /home/logi/txtai/venv/lib/python3.10/site-packages/airflow/example_dags/subdags/subdag.py
[2025-10-29T20:33:52.901+0530] {processor.py:183} INFO - Processing /home/logi/txtai/venv/lib/python3.10/site-packages/airflow/example_dags/subdags/subdag.py took 0.050 seconds
[2025-10-29T20:34:40.589+0530] {processor.py:161} INFO - Started process (PID=23910) to work on /home/logi/txtai/venv/lib/python3.10/site-packages/airflow/example_dags/subdags/subdag.py
[2025-10-29T20:34:40.604+0530] {processor.py:830} INFO - Processing file /home/logi/txtai/venv/lib/python3.10/site-packages/airflow/example_dags/subdags/subdag.py for tasks to queue
[2025-10-29T20:34:40.607+0530] {logging_mixin.py:188} INFO - [2025-10-29T20:34:40.606+0530] {dagbag.py:545} INFO - Filling up the DagBag from /home/logi/txtai/venv/lib/python3.10/site-packages/airflow/example_dags/subdags/subdag.py
[2025-10-29T20:34:40.610+0530] {processor.py:842} WARNING - No viable dags retrieved from /home/logi/txtai/venv/lib/python3.10/site-packages/airflow/example_dags/subdags/subdag.py
[2025-10-29T20:34:40.630+0530] {processor.py:183} INFO - Processing /home/logi/txtai/venv/lib/python3.10/site-packages/airflow/example_dags/subdags/subdag.py took 0.053 seconds
[2025-10-29T20:35:31.614+0530] {processor.py:161} INFO - Started process (PID=23998) to work on /home/logi/txtai/venv/lib/python3.10/site-packages/airflow/example_dags/subdags/subdag.py
[2025-10-29T20:35:31.627+0530] {processor.py:830} INFO - Processing file /home/logi/txtai/venv/lib/python3.10/site-packages/airflow/example_dags/subdags/subdag.py for tasks to queue
[2025-10-29T20:35:31.630+0530] {logging_mixin.py:188} INFO - [2025-10-29T20:35:31.630+0530] {dagbag.py:545} INFO - Filling up the DagBag from /home/logi/txtai/venv/lib/python3.10/site-packages/airflow/example_dags/subdags/subdag.py
[2025-10-29T20:35:31.634+0530] {processor.py:842} WARNING - No viable dags retrieved from /home/logi/txtai/venv/lib/python3.10/site-packages/airflow/example_dags/subdags/subdag.py
[2025-10-29T20:35:31.652+0530] {processor.py:183} INFO - Processing /home/logi/txtai/venv/lib/python3.10/site-packages/airflow/example_dags/subdags/subdag.py took 0.050 seconds
[2025-10-29T20:36:25.255+0530] {processor.py:161} INFO - Started process (PID=24064) to work on /home/logi/txtai/venv/lib/python3.10/site-packages/airflow/example_dags/subdags/subdag.py
[2025-10-29T20:36:25.257+0530] {processor.py:830} INFO - Processing file /home/logi/txtai/venv/lib/python3.10/site-packages/airflow/example_dags/subdags/subdag.py for tasks to queue
[2025-10-29T20:36:25.260+0530] {logging_mixin.py:188} INFO - [2025-10-29T20:36:25.260+0530] {dagbag.py:545} INFO - Filling up the DagBag from /home/logi/txtai/venv/lib/python3.10/site-packages/airflow/example_dags/subdags/subdag.py
[2025-10-29T20:36:25.264+0530] {processor.py:842} WARNING - No viable dags retrieved from /home/logi/txtai/venv/lib/python3.10/site-packages/airflow/example_dags/subdags/subdag.py
[2025-10-29T20:36:25.282+0530] {processor.py:183} INFO - Processing /home/logi/txtai/venv/lib/python3.10/site-packages/airflow/example_dags/subdags/subdag.py took 0.038 seconds
[2025-10-29T20:37:18.920+0530] {processor.py:161} INFO - Started process (PID=24130) to work on /home/logi/txtai/venv/lib/python3.10/site-packages/airflow/example_dags/subdags/subdag.py
[2025-10-29T20:37:18.933+0530] {processor.py:830} INFO - Processing file /home/logi/txtai/venv/lib/python3.10/site-packages/airflow/example_dags/subdags/subdag.py for tasks to queue
[2025-10-29T20:37:18.936+0530] {logging_mixin.py:188} INFO - [2025-10-29T20:37:18.935+0530] {dagbag.py:545} INFO - Filling up the DagBag from /home/logi/txtai/venv/lib/python3.10/site-packages/airflow/example_dags/subdags/subdag.py
[2025-10-29T20:37:18.940+0530] {processor.py:842} WARNING - No viable dags retrieved from /home/logi/txtai/venv/lib/python3.10/site-packages/airflow/example_dags/subdags/subdag.py
[2025-10-29T20:37:18.959+0530] {processor.py:183} INFO - Processing /home/logi/txtai/venv/lib/python3.10/site-packages/airflow/example_dags/subdags/subdag.py took 0.051 seconds
