[2025-10-30T13:23:21.337+0530] {processor.py:161} INFO - Started process (PID=14180) to work on /home/logi/txtai/venv/lib/python3.10/site-packages/airflow/example_dags/plugins/event_listener.py
[2025-10-30T13:23:21.338+0530] {processor.py:830} INFO - Processing file /home/logi/txtai/venv/lib/python3.10/site-packages/airflow/example_dags/plugins/event_listener.py for tasks to queue
[2025-10-30T13:23:21.341+0530] {logging_mixin.py:188} INFO - [2025-10-30T13:23:21.341+0530] {dagbag.py:545} INFO - Filling up the DagBag from /home/logi/txtai/venv/lib/python3.10/site-packages/airflow/example_dags/plugins/event_listener.py
[2025-10-30T13:23:21.345+0530] {processor.py:842} WARNING - No viable dags retrieved from /home/logi/txtai/venv/lib/python3.10/site-packages/airflow/example_dags/plugins/event_listener.py
[2025-10-30T13:23:21.359+0530] {processor.py:183} INFO - Processing /home/logi/txtai/venv/lib/python3.10/site-packages/airflow/example_dags/plugins/event_listener.py took 0.031 seconds
[2025-10-30T13:24:18.284+0530] {processor.py:161} INFO - Started process (PID=14554) to work on /home/logi/txtai/venv/lib/python3.10/site-packages/airflow/example_dags/plugins/event_listener.py
[2025-10-30T13:24:18.286+0530] {processor.py:830} INFO - Processing file /home/logi/txtai/venv/lib/python3.10/site-packages/airflow/example_dags/plugins/event_listener.py for tasks to queue
[2025-10-30T13:24:18.289+0530] {logging_mixin.py:188} INFO - [2025-10-30T13:24:18.288+0530] {dagbag.py:545} INFO - Filling up the DagBag from /home/logi/txtai/venv/lib/python3.10/site-packages/airflow/example_dags/plugins/event_listener.py
[2025-10-30T13:24:18.292+0530] {processor.py:842} WARNING - No viable dags retrieved from /home/logi/txtai/venv/lib/python3.10/site-packages/airflow/example_dags/plugins/event_listener.py
[2025-10-30T13:24:18.308+0530] {processor.py:183} INFO - Processing /home/logi/txtai/venv/lib/python3.10/site-packages/airflow/example_dags/plugins/event_listener.py took 0.033 seconds
[2025-10-30T13:25:08.623+0530] {processor.py:161} INFO - Started process (PID=14774) to work on /home/logi/txtai/venv/lib/python3.10/site-packages/airflow/example_dags/plugins/event_listener.py
[2025-10-30T13:25:08.636+0530] {processor.py:830} INFO - Processing file /home/logi/txtai/venv/lib/python3.10/site-packages/airflow/example_dags/plugins/event_listener.py for tasks to queue
[2025-10-30T13:25:08.639+0530] {logging_mixin.py:188} INFO - [2025-10-30T13:25:08.639+0530] {dagbag.py:545} INFO - Filling up the DagBag from /home/logi/txtai/venv/lib/python3.10/site-packages/airflow/example_dags/plugins/event_listener.py
[2025-10-30T13:25:08.643+0530] {processor.py:842} WARNING - No viable dags retrieved from /home/logi/txtai/venv/lib/python3.10/site-packages/airflow/example_dags/plugins/event_listener.py
[2025-10-30T13:25:08.660+0530] {processor.py:183} INFO - Processing /home/logi/txtai/venv/lib/python3.10/site-packages/airflow/example_dags/plugins/event_listener.py took 0.046 seconds
[2025-10-30T13:25:53.158+0530] {processor.py:161} INFO - Started process (PID=14835) to work on /home/logi/txtai/venv/lib/python3.10/site-packages/airflow/example_dags/plugins/event_listener.py
[2025-10-30T13:25:53.171+0530] {processor.py:830} INFO - Processing file /home/logi/txtai/venv/lib/python3.10/site-packages/airflow/example_dags/plugins/event_listener.py for tasks to queue
[2025-10-30T13:25:53.174+0530] {logging_mixin.py:188} INFO - [2025-10-30T13:25:53.173+0530] {dagbag.py:545} INFO - Filling up the DagBag from /home/logi/txtai/venv/lib/python3.10/site-packages/airflow/example_dags/plugins/event_listener.py
[2025-10-30T13:25:53.177+0530] {processor.py:842} WARNING - No viable dags retrieved from /home/logi/txtai/venv/lib/python3.10/site-packages/airflow/example_dags/plugins/event_listener.py
[2025-10-30T13:25:53.194+0530] {processor.py:183} INFO - Processing /home/logi/txtai/venv/lib/python3.10/site-packages/airflow/example_dags/plugins/event_listener.py took 0.048 seconds
[2025-10-30T13:26:37.679+0530] {processor.py:161} INFO - Started process (PID=14892) to work on /home/logi/txtai/venv/lib/python3.10/site-packages/airflow/example_dags/plugins/event_listener.py
[2025-10-30T13:26:37.692+0530] {processor.py:830} INFO - Processing file /home/logi/txtai/venv/lib/python3.10/site-packages/airflow/example_dags/plugins/event_listener.py for tasks to queue
[2025-10-30T13:26:37.696+0530] {logging_mixin.py:188} INFO - [2025-10-30T13:26:37.695+0530] {dagbag.py:545} INFO - Filling up the DagBag from /home/logi/txtai/venv/lib/python3.10/site-packages/airflow/example_dags/plugins/event_listener.py
[2025-10-30T13:26:37.699+0530] {processor.py:842} WARNING - No viable dags retrieved from /home/logi/txtai/venv/lib/python3.10/site-packages/airflow/example_dags/plugins/event_listener.py
[2025-10-30T13:26:37.717+0530] {processor.py:183} INFO - Processing /home/logi/txtai/venv/lib/python3.10/site-packages/airflow/example_dags/plugins/event_listener.py took 0.049 seconds
[2025-10-30T13:27:21.794+0530] {processor.py:161} INFO - Started process (PID=14951) to work on /home/logi/txtai/venv/lib/python3.10/site-packages/airflow/example_dags/plugins/event_listener.py
[2025-10-30T13:27:21.808+0530] {processor.py:830} INFO - Processing file /home/logi/txtai/venv/lib/python3.10/site-packages/airflow/example_dags/plugins/event_listener.py for tasks to queue
[2025-10-30T13:27:21.811+0530] {logging_mixin.py:188} INFO - [2025-10-30T13:27:21.810+0530] {dagbag.py:545} INFO - Filling up the DagBag from /home/logi/txtai/venv/lib/python3.10/site-packages/airflow/example_dags/plugins/event_listener.py
[2025-10-30T13:27:21.815+0530] {processor.py:842} WARNING - No viable dags retrieved from /home/logi/txtai/venv/lib/python3.10/site-packages/airflow/example_dags/plugins/event_listener.py
[2025-10-30T13:27:21.832+0530] {processor.py:183} INFO - Processing /home/logi/txtai/venv/lib/python3.10/site-packages/airflow/example_dags/plugins/event_listener.py took 0.049 seconds
[2025-10-30T13:28:06.569+0530] {processor.py:161} INFO - Started process (PID=15023) to work on /home/logi/txtai/venv/lib/python3.10/site-packages/airflow/example_dags/plugins/event_listener.py
[2025-10-30T13:28:06.571+0530] {processor.py:830} INFO - Processing file /home/logi/txtai/venv/lib/python3.10/site-packages/airflow/example_dags/plugins/event_listener.py for tasks to queue
[2025-10-30T13:28:06.575+0530] {logging_mixin.py:188} INFO - [2025-10-30T13:28:06.574+0530] {dagbag.py:545} INFO - Filling up the DagBag from /home/logi/txtai/venv/lib/python3.10/site-packages/airflow/example_dags/plugins/event_listener.py
[2025-10-30T13:28:06.580+0530] {processor.py:842} WARNING - No viable dags retrieved from /home/logi/txtai/venv/lib/python3.10/site-packages/airflow/example_dags/plugins/event_listener.py
[2025-10-30T13:28:06.597+0530] {processor.py:183} INFO - Processing /home/logi/txtai/venv/lib/python3.10/site-packages/airflow/example_dags/plugins/event_listener.py took 0.038 seconds
[2025-10-30T13:28:50.807+0530] {processor.py:161} INFO - Started process (PID=15106) to work on /home/logi/txtai/venv/lib/python3.10/site-packages/airflow/example_dags/plugins/event_listener.py
[2025-10-30T13:28:50.820+0530] {processor.py:830} INFO - Processing file /home/logi/txtai/venv/lib/python3.10/site-packages/airflow/example_dags/plugins/event_listener.py for tasks to queue
[2025-10-30T13:28:50.823+0530] {logging_mixin.py:188} INFO - [2025-10-30T13:28:50.822+0530] {dagbag.py:545} INFO - Filling up the DagBag from /home/logi/txtai/venv/lib/python3.10/site-packages/airflow/example_dags/plugins/event_listener.py
[2025-10-30T13:28:50.826+0530] {processor.py:842} WARNING - No viable dags retrieved from /home/logi/txtai/venv/lib/python3.10/site-packages/airflow/example_dags/plugins/event_listener.py
[2025-10-30T13:28:50.842+0530] {processor.py:183} INFO - Processing /home/logi/txtai/venv/lib/python3.10/site-packages/airflow/example_dags/plugins/event_listener.py took 0.046 seconds
[2025-10-30T13:29:36.361+0530] {processor.py:161} INFO - Started process (PID=15168) to work on /home/logi/txtai/venv/lib/python3.10/site-packages/airflow/example_dags/plugins/event_listener.py
[2025-10-30T13:29:36.375+0530] {processor.py:830} INFO - Processing file /home/logi/txtai/venv/lib/python3.10/site-packages/airflow/example_dags/plugins/event_listener.py for tasks to queue
[2025-10-30T13:29:36.378+0530] {logging_mixin.py:188} INFO - [2025-10-30T13:29:36.378+0530] {dagbag.py:545} INFO - Filling up the DagBag from /home/logi/txtai/venv/lib/python3.10/site-packages/airflow/example_dags/plugins/event_listener.py
[2025-10-30T13:29:36.382+0530] {processor.py:842} WARNING - No viable dags retrieved from /home/logi/txtai/venv/lib/python3.10/site-packages/airflow/example_dags/plugins/event_listener.py
[2025-10-30T13:29:36.399+0530] {processor.py:183} INFO - Processing /home/logi/txtai/venv/lib/python3.10/site-packages/airflow/example_dags/plugins/event_listener.py took 0.050 seconds
[2025-10-30T13:30:20.236+0530] {processor.py:161} INFO - Started process (PID=15248) to work on /home/logi/txtai/venv/lib/python3.10/site-packages/airflow/example_dags/plugins/event_listener.py
[2025-10-30T13:30:20.248+0530] {processor.py:830} INFO - Processing file /home/logi/txtai/venv/lib/python3.10/site-packages/airflow/example_dags/plugins/event_listener.py for tasks to queue
[2025-10-30T13:30:20.251+0530] {logging_mixin.py:188} INFO - [2025-10-30T13:30:20.250+0530] {dagbag.py:545} INFO - Filling up the DagBag from /home/logi/txtai/venv/lib/python3.10/site-packages/airflow/example_dags/plugins/event_listener.py
[2025-10-30T13:30:20.253+0530] {processor.py:842} WARNING - No viable dags retrieved from /home/logi/txtai/venv/lib/python3.10/site-packages/airflow/example_dags/plugins/event_listener.py
[2025-10-30T13:30:20.263+0530] {processor.py:183} INFO - Processing /home/logi/txtai/venv/lib/python3.10/site-packages/airflow/example_dags/plugins/event_listener.py took 0.032 seconds
[2025-10-30T15:04:31.452+0530] {processor.py:161} INFO - Started process (PID=5714) to work on /home/logi/txtai/venv/lib/python3.10/site-packages/airflow/example_dags/plugins/event_listener.py
[2025-10-30T15:04:31.466+0530] {processor.py:830} INFO - Processing file /home/logi/txtai/venv/lib/python3.10/site-packages/airflow/example_dags/plugins/event_listener.py for tasks to queue
[2025-10-30T15:04:31.469+0530] {logging_mixin.py:188} INFO - [2025-10-30T15:04:31.468+0530] {dagbag.py:545} INFO - Filling up the DagBag from /home/logi/txtai/venv/lib/python3.10/site-packages/airflow/example_dags/plugins/event_listener.py
[2025-10-30T15:04:31.472+0530] {processor.py:842} WARNING - No viable dags retrieved from /home/logi/txtai/venv/lib/python3.10/site-packages/airflow/example_dags/plugins/event_listener.py
[2025-10-30T15:04:31.490+0530] {processor.py:183} INFO - Processing /home/logi/txtai/venv/lib/python3.10/site-packages/airflow/example_dags/plugins/event_listener.py took 0.049 seconds
[2025-10-30T15:05:25.845+0530] {processor.py:161} INFO - Started process (PID=5889) to work on /home/logi/txtai/venv/lib/python3.10/site-packages/airflow/example_dags/plugins/event_listener.py
[2025-10-30T15:05:25.859+0530] {processor.py:830} INFO - Processing file /home/logi/txtai/venv/lib/python3.10/site-packages/airflow/example_dags/plugins/event_listener.py for tasks to queue
[2025-10-30T15:05:25.862+0530] {logging_mixin.py:188} INFO - [2025-10-30T15:05:25.861+0530] {dagbag.py:545} INFO - Filling up the DagBag from /home/logi/txtai/venv/lib/python3.10/site-packages/airflow/example_dags/plugins/event_listener.py
[2025-10-30T15:05:25.866+0530] {processor.py:842} WARNING - No viable dags retrieved from /home/logi/txtai/venv/lib/python3.10/site-packages/airflow/example_dags/plugins/event_listener.py
[2025-10-30T15:05:25.885+0530] {processor.py:183} INFO - Processing /home/logi/txtai/venv/lib/python3.10/site-packages/airflow/example_dags/plugins/event_listener.py took 0.052 seconds
[2025-10-30T15:06:17.082+0530] {processor.py:161} INFO - Started process (PID=5958) to work on /home/logi/txtai/venv/lib/python3.10/site-packages/airflow/example_dags/plugins/event_listener.py
[2025-10-30T15:06:17.096+0530] {processor.py:830} INFO - Processing file /home/logi/txtai/venv/lib/python3.10/site-packages/airflow/example_dags/plugins/event_listener.py for tasks to queue
[2025-10-30T15:06:17.099+0530] {logging_mixin.py:188} INFO - [2025-10-30T15:06:17.098+0530] {dagbag.py:545} INFO - Filling up the DagBag from /home/logi/txtai/venv/lib/python3.10/site-packages/airflow/example_dags/plugins/event_listener.py
[2025-10-30T15:06:17.102+0530] {processor.py:842} WARNING - No viable dags retrieved from /home/logi/txtai/venv/lib/python3.10/site-packages/airflow/example_dags/plugins/event_listener.py
[2025-10-30T15:06:17.121+0530] {processor.py:183} INFO - Processing /home/logi/txtai/venv/lib/python3.10/site-packages/airflow/example_dags/plugins/event_listener.py took 0.050 seconds
[2025-10-30T15:07:06.463+0530] {processor.py:161} INFO - Started process (PID=6060) to work on /home/logi/txtai/venv/lib/python3.10/site-packages/airflow/example_dags/plugins/event_listener.py
[2025-10-30T15:07:06.476+0530] {processor.py:830} INFO - Processing file /home/logi/txtai/venv/lib/python3.10/site-packages/airflow/example_dags/plugins/event_listener.py for tasks to queue
[2025-10-30T15:07:06.480+0530] {logging_mixin.py:188} INFO - [2025-10-30T15:07:06.479+0530] {dagbag.py:545} INFO - Filling up the DagBag from /home/logi/txtai/venv/lib/python3.10/site-packages/airflow/example_dags/plugins/event_listener.py
[2025-10-30T15:07:06.484+0530] {processor.py:842} WARNING - No viable dags retrieved from /home/logi/txtai/venv/lib/python3.10/site-packages/airflow/example_dags/plugins/event_listener.py
[2025-10-30T15:07:06.507+0530] {processor.py:183} INFO - Processing /home/logi/txtai/venv/lib/python3.10/site-packages/airflow/example_dags/plugins/event_listener.py took 0.055 seconds
[2025-10-30T15:07:55.645+0530] {processor.py:161} INFO - Started process (PID=6145) to work on /home/logi/txtai/venv/lib/python3.10/site-packages/airflow/example_dags/plugins/event_listener.py
[2025-10-30T15:07:55.659+0530] {processor.py:830} INFO - Processing file /home/logi/txtai/venv/lib/python3.10/site-packages/airflow/example_dags/plugins/event_listener.py for tasks to queue
[2025-10-30T15:07:55.662+0530] {logging_mixin.py:188} INFO - [2025-10-30T15:07:55.661+0530] {dagbag.py:545} INFO - Filling up the DagBag from /home/logi/txtai/venv/lib/python3.10/site-packages/airflow/example_dags/plugins/event_listener.py
[2025-10-30T15:07:55.665+0530] {processor.py:842} WARNING - No viable dags retrieved from /home/logi/txtai/venv/lib/python3.10/site-packages/airflow/example_dags/plugins/event_listener.py
[2025-10-30T15:07:55.683+0530] {processor.py:183} INFO - Processing /home/logi/txtai/venv/lib/python3.10/site-packages/airflow/example_dags/plugins/event_listener.py took 0.048 seconds
[2025-10-30T15:08:47.504+0530] {processor.py:161} INFO - Started process (PID=6226) to work on /home/logi/txtai/venv/lib/python3.10/site-packages/airflow/example_dags/plugins/event_listener.py
[2025-10-30T15:08:47.506+0530] {processor.py:830} INFO - Processing file /home/logi/txtai/venv/lib/python3.10/site-packages/airflow/example_dags/plugins/event_listener.py for tasks to queue
[2025-10-30T15:08:47.509+0530] {logging_mixin.py:188} INFO - [2025-10-30T15:08:47.508+0530] {dagbag.py:545} INFO - Filling up the DagBag from /home/logi/txtai/venv/lib/python3.10/site-packages/airflow/example_dags/plugins/event_listener.py
[2025-10-30T15:08:47.513+0530] {processor.py:842} WARNING - No viable dags retrieved from /home/logi/txtai/venv/lib/python3.10/site-packages/airflow/example_dags/plugins/event_listener.py
[2025-10-30T15:08:47.531+0530] {processor.py:183} INFO - Processing /home/logi/txtai/venv/lib/python3.10/site-packages/airflow/example_dags/plugins/event_listener.py took 0.039 seconds
[2025-10-30T15:09:37.603+0530] {processor.py:161} INFO - Started process (PID=6316) to work on /home/logi/txtai/venv/lib/python3.10/site-packages/airflow/example_dags/plugins/event_listener.py
[2025-10-30T15:09:37.617+0530] {processor.py:830} INFO - Processing file /home/logi/txtai/venv/lib/python3.10/site-packages/airflow/example_dags/plugins/event_listener.py for tasks to queue
[2025-10-30T15:09:37.620+0530] {logging_mixin.py:188} INFO - [2025-10-30T15:09:37.619+0530] {dagbag.py:545} INFO - Filling up the DagBag from /home/logi/txtai/venv/lib/python3.10/site-packages/airflow/example_dags/plugins/event_listener.py
[2025-10-30T15:09:37.624+0530] {processor.py:842} WARNING - No viable dags retrieved from /home/logi/txtai/venv/lib/python3.10/site-packages/airflow/example_dags/plugins/event_listener.py
[2025-10-30T15:09:37.641+0530] {processor.py:183} INFO - Processing /home/logi/txtai/venv/lib/python3.10/site-packages/airflow/example_dags/plugins/event_listener.py took 0.049 seconds
[2025-10-30T15:10:28.444+0530] {processor.py:161} INFO - Started process (PID=6398) to work on /home/logi/txtai/venv/lib/python3.10/site-packages/airflow/example_dags/plugins/event_listener.py
[2025-10-30T15:10:28.457+0530] {processor.py:830} INFO - Processing file /home/logi/txtai/venv/lib/python3.10/site-packages/airflow/example_dags/plugins/event_listener.py for tasks to queue
[2025-10-30T15:10:28.461+0530] {logging_mixin.py:188} INFO - [2025-10-30T15:10:28.460+0530] {dagbag.py:545} INFO - Filling up the DagBag from /home/logi/txtai/venv/lib/python3.10/site-packages/airflow/example_dags/plugins/event_listener.py
[2025-10-30T15:10:28.465+0530] {processor.py:842} WARNING - No viable dags retrieved from /home/logi/txtai/venv/lib/python3.10/site-packages/airflow/example_dags/plugins/event_listener.py
[2025-10-30T15:10:28.486+0530] {processor.py:183} INFO - Processing /home/logi/txtai/venv/lib/python3.10/site-packages/airflow/example_dags/plugins/event_listener.py took 0.055 seconds
[2025-10-30T15:11:15.545+0530] {processor.py:161} INFO - Started process (PID=6505) to work on /home/logi/txtai/venv/lib/python3.10/site-packages/airflow/example_dags/plugins/event_listener.py
[2025-10-30T15:11:15.558+0530] {processor.py:830} INFO - Processing file /home/logi/txtai/venv/lib/python3.10/site-packages/airflow/example_dags/plugins/event_listener.py for tasks to queue
[2025-10-30T15:11:15.561+0530] {logging_mixin.py:188} INFO - [2025-10-30T15:11:15.560+0530] {dagbag.py:545} INFO - Filling up the DagBag from /home/logi/txtai/venv/lib/python3.10/site-packages/airflow/example_dags/plugins/event_listener.py
[2025-10-30T15:11:15.564+0530] {processor.py:842} WARNING - No viable dags retrieved from /home/logi/txtai/venv/lib/python3.10/site-packages/airflow/example_dags/plugins/event_listener.py
[2025-10-30T15:11:15.583+0530] {processor.py:183} INFO - Processing /home/logi/txtai/venv/lib/python3.10/site-packages/airflow/example_dags/plugins/event_listener.py took 0.050 seconds
[2025-10-30T15:12:06.213+0530] {processor.py:161} INFO - Started process (PID=6578) to work on /home/logi/txtai/venv/lib/python3.10/site-packages/airflow/example_dags/plugins/event_listener.py
[2025-10-30T15:12:06.226+0530] {processor.py:830} INFO - Processing file /home/logi/txtai/venv/lib/python3.10/site-packages/airflow/example_dags/plugins/event_listener.py for tasks to queue
[2025-10-30T15:12:06.230+0530] {logging_mixin.py:188} INFO - [2025-10-30T15:12:06.229+0530] {dagbag.py:545} INFO - Filling up the DagBag from /home/logi/txtai/venv/lib/python3.10/site-packages/airflow/example_dags/plugins/event_listener.py
[2025-10-30T15:12:06.234+0530] {processor.py:842} WARNING - No viable dags retrieved from /home/logi/txtai/venv/lib/python3.10/site-packages/airflow/example_dags/plugins/event_listener.py
[2025-10-30T15:12:06.253+0530] {processor.py:183} INFO - Processing /home/logi/txtai/venv/lib/python3.10/site-packages/airflow/example_dags/plugins/event_listener.py took 0.047 seconds
[2025-10-30T15:12:56.388+0530] {processor.py:161} INFO - Started process (PID=6667) to work on /home/logi/txtai/venv/lib/python3.10/site-packages/airflow/example_dags/plugins/event_listener.py
[2025-10-30T15:12:56.401+0530] {processor.py:830} INFO - Processing file /home/logi/txtai/venv/lib/python3.10/site-packages/airflow/example_dags/plugins/event_listener.py for tasks to queue
[2025-10-30T15:12:56.406+0530] {logging_mixin.py:188} INFO - [2025-10-30T15:12:56.405+0530] {dagbag.py:545} INFO - Filling up the DagBag from /home/logi/txtai/venv/lib/python3.10/site-packages/airflow/example_dags/plugins/event_listener.py
[2025-10-30T15:12:56.412+0530] {processor.py:842} WARNING - No viable dags retrieved from /home/logi/txtai/venv/lib/python3.10/site-packages/airflow/example_dags/plugins/event_listener.py
[2025-10-30T15:12:56.437+0530] {processor.py:183} INFO - Processing /home/logi/txtai/venv/lib/python3.10/site-packages/airflow/example_dags/plugins/event_listener.py took 0.063 seconds
[2025-10-30T15:13:45.897+0530] {processor.py:161} INFO - Started process (PID=6746) to work on /home/logi/txtai/venv/lib/python3.10/site-packages/airflow/example_dags/plugins/event_listener.py
[2025-10-30T15:13:45.910+0530] {processor.py:830} INFO - Processing file /home/logi/txtai/venv/lib/python3.10/site-packages/airflow/example_dags/plugins/event_listener.py for tasks to queue
[2025-10-30T15:13:45.912+0530] {logging_mixin.py:188} INFO - [2025-10-30T15:13:45.912+0530] {dagbag.py:545} INFO - Filling up the DagBag from /home/logi/txtai/venv/lib/python3.10/site-packages/airflow/example_dags/plugins/event_listener.py
[2025-10-30T15:13:45.914+0530] {processor.py:842} WARNING - No viable dags retrieved from /home/logi/txtai/venv/lib/python3.10/site-packages/airflow/example_dags/plugins/event_listener.py
[2025-10-30T15:13:45.927+0530] {processor.py:183} INFO - Processing /home/logi/txtai/venv/lib/python3.10/site-packages/airflow/example_dags/plugins/event_listener.py took 0.036 seconds
[2025-10-30T15:14:34.593+0530] {processor.py:161} INFO - Started process (PID=6836) to work on /home/logi/txtai/venv/lib/python3.10/site-packages/airflow/example_dags/plugins/event_listener.py
[2025-10-30T15:14:34.595+0530] {processor.py:830} INFO - Processing file /home/logi/txtai/venv/lib/python3.10/site-packages/airflow/example_dags/plugins/event_listener.py for tasks to queue
[2025-10-30T15:14:34.598+0530] {logging_mixin.py:188} INFO - [2025-10-30T15:14:34.598+0530] {dagbag.py:545} INFO - Filling up the DagBag from /home/logi/txtai/venv/lib/python3.10/site-packages/airflow/example_dags/plugins/event_listener.py
[2025-10-30T15:14:34.602+0530] {processor.py:842} WARNING - No viable dags retrieved from /home/logi/txtai/venv/lib/python3.10/site-packages/airflow/example_dags/plugins/event_listener.py
[2025-10-30T15:14:34.621+0530] {processor.py:183} INFO - Processing /home/logi/txtai/venv/lib/python3.10/site-packages/airflow/example_dags/plugins/event_listener.py took 0.040 seconds
[2025-10-30T15:15:28.291+0530] {processor.py:161} INFO - Started process (PID=6906) to work on /home/logi/txtai/venv/lib/python3.10/site-packages/airflow/example_dags/plugins/event_listener.py
[2025-10-30T15:15:28.305+0530] {processor.py:830} INFO - Processing file /home/logi/txtai/venv/lib/python3.10/site-packages/airflow/example_dags/plugins/event_listener.py for tasks to queue
[2025-10-30T15:15:28.308+0530] {logging_mixin.py:188} INFO - [2025-10-30T15:15:28.307+0530] {dagbag.py:545} INFO - Filling up the DagBag from /home/logi/txtai/venv/lib/python3.10/site-packages/airflow/example_dags/plugins/event_listener.py
[2025-10-30T15:15:28.312+0530] {processor.py:842} WARNING - No viable dags retrieved from /home/logi/txtai/venv/lib/python3.10/site-packages/airflow/example_dags/plugins/event_listener.py
[2025-10-30T15:15:28.331+0530] {processor.py:183} INFO - Processing /home/logi/txtai/venv/lib/python3.10/site-packages/airflow/example_dags/plugins/event_listener.py took 0.051 seconds
[2025-10-30T15:16:17.449+0530] {processor.py:161} INFO - Started process (PID=6982) to work on /home/logi/txtai/venv/lib/python3.10/site-packages/airflow/example_dags/plugins/event_listener.py
[2025-10-30T15:16:17.462+0530] {processor.py:830} INFO - Processing file /home/logi/txtai/venv/lib/python3.10/site-packages/airflow/example_dags/plugins/event_listener.py for tasks to queue
[2025-10-30T15:16:17.465+0530] {logging_mixin.py:188} INFO - [2025-10-30T15:16:17.465+0530] {dagbag.py:545} INFO - Filling up the DagBag from /home/logi/txtai/venv/lib/python3.10/site-packages/airflow/example_dags/plugins/event_listener.py
[2025-10-30T15:16:17.469+0530] {processor.py:842} WARNING - No viable dags retrieved from /home/logi/txtai/venv/lib/python3.10/site-packages/airflow/example_dags/plugins/event_listener.py
[2025-10-30T15:16:17.487+0530] {processor.py:183} INFO - Processing /home/logi/txtai/venv/lib/python3.10/site-packages/airflow/example_dags/plugins/event_listener.py took 0.050 seconds
[2025-10-30T15:17:01.864+0530] {processor.py:161} INFO - Started process (PID=7046) to work on /home/logi/txtai/venv/lib/python3.10/site-packages/airflow/example_dags/plugins/event_listener.py
[2025-10-30T15:17:01.878+0530] {processor.py:830} INFO - Processing file /home/logi/txtai/venv/lib/python3.10/site-packages/airflow/example_dags/plugins/event_listener.py for tasks to queue
[2025-10-30T15:17:01.881+0530] {logging_mixin.py:188} INFO - [2025-10-30T15:17:01.881+0530] {dagbag.py:545} INFO - Filling up the DagBag from /home/logi/txtai/venv/lib/python3.10/site-packages/airflow/example_dags/plugins/event_listener.py
[2025-10-30T15:17:01.885+0530] {processor.py:842} WARNING - No viable dags retrieved from /home/logi/txtai/venv/lib/python3.10/site-packages/airflow/example_dags/plugins/event_listener.py
[2025-10-30T15:17:01.904+0530] {processor.py:183} INFO - Processing /home/logi/txtai/venv/lib/python3.10/site-packages/airflow/example_dags/plugins/event_listener.py took 0.052 seconds
[2025-10-30T15:17:52.589+0530] {processor.py:161} INFO - Started process (PID=7128) to work on /home/logi/txtai/venv/lib/python3.10/site-packages/airflow/example_dags/plugins/event_listener.py
[2025-10-30T15:17:52.602+0530] {processor.py:830} INFO - Processing file /home/logi/txtai/venv/lib/python3.10/site-packages/airflow/example_dags/plugins/event_listener.py for tasks to queue
[2025-10-30T15:17:52.605+0530] {logging_mixin.py:188} INFO - [2025-10-30T15:17:52.605+0530] {dagbag.py:545} INFO - Filling up the DagBag from /home/logi/txtai/venv/lib/python3.10/site-packages/airflow/example_dags/plugins/event_listener.py
[2025-10-30T15:17:52.609+0530] {processor.py:842} WARNING - No viable dags retrieved from /home/logi/txtai/venv/lib/python3.10/site-packages/airflow/example_dags/plugins/event_listener.py
[2025-10-30T15:17:52.631+0530] {processor.py:183} INFO - Processing /home/logi/txtai/venv/lib/python3.10/site-packages/airflow/example_dags/plugins/event_listener.py took 0.054 seconds
[2025-10-30T15:18:45.232+0530] {processor.py:161} INFO - Started process (PID=7191) to work on /home/logi/txtai/venv/lib/python3.10/site-packages/airflow/example_dags/plugins/event_listener.py
[2025-10-30T15:18:45.247+0530] {processor.py:830} INFO - Processing file /home/logi/txtai/venv/lib/python3.10/site-packages/airflow/example_dags/plugins/event_listener.py for tasks to queue
[2025-10-30T15:18:45.250+0530] {logging_mixin.py:188} INFO - [2025-10-30T15:18:45.249+0530] {dagbag.py:545} INFO - Filling up the DagBag from /home/logi/txtai/venv/lib/python3.10/site-packages/airflow/example_dags/plugins/event_listener.py
[2025-10-30T15:18:45.253+0530] {processor.py:842} WARNING - No viable dags retrieved from /home/logi/txtai/venv/lib/python3.10/site-packages/airflow/example_dags/plugins/event_listener.py
[2025-10-30T15:18:45.272+0530] {processor.py:183} INFO - Processing /home/logi/txtai/venv/lib/python3.10/site-packages/airflow/example_dags/plugins/event_listener.py took 0.050 seconds
[2025-10-30T15:19:38.106+0530] {processor.py:161} INFO - Started process (PID=7289) to work on /home/logi/txtai/venv/lib/python3.10/site-packages/airflow/example_dags/plugins/event_listener.py
[2025-10-30T15:19:38.120+0530] {processor.py:830} INFO - Processing file /home/logi/txtai/venv/lib/python3.10/site-packages/airflow/example_dags/plugins/event_listener.py for tasks to queue
[2025-10-30T15:19:38.124+0530] {logging_mixin.py:188} INFO - [2025-10-30T15:19:38.123+0530] {dagbag.py:545} INFO - Filling up the DagBag from /home/logi/txtai/venv/lib/python3.10/site-packages/airflow/example_dags/plugins/event_listener.py
[2025-10-30T15:19:38.128+0530] {processor.py:842} WARNING - No viable dags retrieved from /home/logi/txtai/venv/lib/python3.10/site-packages/airflow/example_dags/plugins/event_listener.py
[2025-10-30T15:19:38.148+0530] {processor.py:183} INFO - Processing /home/logi/txtai/venv/lib/python3.10/site-packages/airflow/example_dags/plugins/event_listener.py took 0.054 seconds
[2025-10-30T15:20:28.363+0530] {processor.py:161} INFO - Started process (PID=7383) to work on /home/logi/txtai/venv/lib/python3.10/site-packages/airflow/example_dags/plugins/event_listener.py
[2025-10-30T15:20:28.377+0530] {processor.py:830} INFO - Processing file /home/logi/txtai/venv/lib/python3.10/site-packages/airflow/example_dags/plugins/event_listener.py for tasks to queue
[2025-10-30T15:20:28.380+0530] {logging_mixin.py:188} INFO - [2025-10-30T15:20:28.379+0530] {dagbag.py:545} INFO - Filling up the DagBag from /home/logi/txtai/venv/lib/python3.10/site-packages/airflow/example_dags/plugins/event_listener.py
[2025-10-30T15:20:28.383+0530] {processor.py:842} WARNING - No viable dags retrieved from /home/logi/txtai/venv/lib/python3.10/site-packages/airflow/example_dags/plugins/event_listener.py
[2025-10-30T15:20:28.396+0530] {processor.py:183} INFO - Processing /home/logi/txtai/venv/lib/python3.10/site-packages/airflow/example_dags/plugins/event_listener.py took 0.044 seconds
[2025-10-30T15:21:17.617+0530] {processor.py:161} INFO - Started process (PID=7450) to work on /home/logi/txtai/venv/lib/python3.10/site-packages/airflow/example_dags/plugins/event_listener.py
[2025-10-30T15:21:17.631+0530] {processor.py:830} INFO - Processing file /home/logi/txtai/venv/lib/python3.10/site-packages/airflow/example_dags/plugins/event_listener.py for tasks to queue
[2025-10-30T15:21:17.634+0530] {logging_mixin.py:188} INFO - [2025-10-30T15:21:17.633+0530] {dagbag.py:545} INFO - Filling up the DagBag from /home/logi/txtai/venv/lib/python3.10/site-packages/airflow/example_dags/plugins/event_listener.py
[2025-10-30T15:21:17.638+0530] {processor.py:842} WARNING - No viable dags retrieved from /home/logi/txtai/venv/lib/python3.10/site-packages/airflow/example_dags/plugins/event_listener.py
[2025-10-30T15:21:17.658+0530] {processor.py:183} INFO - Processing /home/logi/txtai/venv/lib/python3.10/site-packages/airflow/example_dags/plugins/event_listener.py took 0.051 seconds
[2025-10-30T15:22:06.689+0530] {processor.py:161} INFO - Started process (PID=7530) to work on /home/logi/txtai/venv/lib/python3.10/site-packages/airflow/example_dags/plugins/event_listener.py
[2025-10-30T15:22:06.702+0530] {processor.py:830} INFO - Processing file /home/logi/txtai/venv/lib/python3.10/site-packages/airflow/example_dags/plugins/event_listener.py for tasks to queue
[2025-10-30T15:22:06.706+0530] {logging_mixin.py:188} INFO - [2025-10-30T15:22:06.705+0530] {dagbag.py:545} INFO - Filling up the DagBag from /home/logi/txtai/venv/lib/python3.10/site-packages/airflow/example_dags/plugins/event_listener.py
[2025-10-30T15:22:06.709+0530] {processor.py:842} WARNING - No viable dags retrieved from /home/logi/txtai/venv/lib/python3.10/site-packages/airflow/example_dags/plugins/event_listener.py
[2025-10-30T15:22:06.727+0530] {processor.py:183} INFO - Processing /home/logi/txtai/venv/lib/python3.10/site-packages/airflow/example_dags/plugins/event_listener.py took 0.049 seconds
[2025-10-30T15:22:55.514+0530] {processor.py:161} INFO - Started process (PID=7594) to work on /home/logi/txtai/venv/lib/python3.10/site-packages/airflow/example_dags/plugins/event_listener.py
[2025-10-30T15:22:55.528+0530] {processor.py:830} INFO - Processing file /home/logi/txtai/venv/lib/python3.10/site-packages/airflow/example_dags/plugins/event_listener.py for tasks to queue
[2025-10-30T15:22:55.531+0530] {logging_mixin.py:188} INFO - [2025-10-30T15:22:55.531+0530] {dagbag.py:545} INFO - Filling up the DagBag from /home/logi/txtai/venv/lib/python3.10/site-packages/airflow/example_dags/plugins/event_listener.py
[2025-10-30T15:22:55.535+0530] {processor.py:842} WARNING - No viable dags retrieved from /home/logi/txtai/venv/lib/python3.10/site-packages/airflow/example_dags/plugins/event_listener.py
[2025-10-30T15:22:55.555+0530] {processor.py:183} INFO - Processing /home/logi/txtai/venv/lib/python3.10/site-packages/airflow/example_dags/plugins/event_listener.py took 0.052 seconds
[2025-10-30T15:23:46.995+0530] {processor.py:161} INFO - Started process (PID=7670) to work on /home/logi/txtai/venv/lib/python3.10/site-packages/airflow/example_dags/plugins/event_listener.py
[2025-10-30T15:23:47.009+0530] {processor.py:830} INFO - Processing file /home/logi/txtai/venv/lib/python3.10/site-packages/airflow/example_dags/plugins/event_listener.py for tasks to queue
[2025-10-30T15:23:47.012+0530] {logging_mixin.py:188} INFO - [2025-10-30T15:23:47.012+0530] {dagbag.py:545} INFO - Filling up the DagBag from /home/logi/txtai/venv/lib/python3.10/site-packages/airflow/example_dags/plugins/event_listener.py
[2025-10-30T15:23:47.016+0530] {processor.py:842} WARNING - No viable dags retrieved from /home/logi/txtai/venv/lib/python3.10/site-packages/airflow/example_dags/plugins/event_listener.py
[2025-10-30T15:23:47.035+0530] {processor.py:183} INFO - Processing /home/logi/txtai/venv/lib/python3.10/site-packages/airflow/example_dags/plugins/event_listener.py took 0.052 seconds
[2025-10-30T15:24:36.934+0530] {processor.py:161} INFO - Started process (PID=7758) to work on /home/logi/txtai/venv/lib/python3.10/site-packages/airflow/example_dags/plugins/event_listener.py
[2025-10-30T15:24:36.947+0530] {processor.py:830} INFO - Processing file /home/logi/txtai/venv/lib/python3.10/site-packages/airflow/example_dags/plugins/event_listener.py for tasks to queue
[2025-10-30T15:24:36.950+0530] {logging_mixin.py:188} INFO - [2025-10-30T15:24:36.949+0530] {dagbag.py:545} INFO - Filling up the DagBag from /home/logi/txtai/venv/lib/python3.10/site-packages/airflow/example_dags/plugins/event_listener.py
[2025-10-30T15:24:36.953+0530] {processor.py:842} WARNING - No viable dags retrieved from /home/logi/txtai/venv/lib/python3.10/site-packages/airflow/example_dags/plugins/event_listener.py
[2025-10-30T15:24:36.972+0530] {processor.py:183} INFO - Processing /home/logi/txtai/venv/lib/python3.10/site-packages/airflow/example_dags/plugins/event_listener.py took 0.049 seconds
[2025-10-30T15:25:26.720+0530] {processor.py:161} INFO - Started process (PID=7838) to work on /home/logi/txtai/venv/lib/python3.10/site-packages/airflow/example_dags/plugins/event_listener.py
[2025-10-30T15:25:26.734+0530] {processor.py:830} INFO - Processing file /home/logi/txtai/venv/lib/python3.10/site-packages/airflow/example_dags/plugins/event_listener.py for tasks to queue
[2025-10-30T15:25:26.737+0530] {logging_mixin.py:188} INFO - [2025-10-30T15:25:26.736+0530] {dagbag.py:545} INFO - Filling up the DagBag from /home/logi/txtai/venv/lib/python3.10/site-packages/airflow/example_dags/plugins/event_listener.py
[2025-10-30T15:25:26.741+0530] {processor.py:842} WARNING - No viable dags retrieved from /home/logi/txtai/venv/lib/python3.10/site-packages/airflow/example_dags/plugins/event_listener.py
[2025-10-30T15:25:26.760+0530] {processor.py:183} INFO - Processing /home/logi/txtai/venv/lib/python3.10/site-packages/airflow/example_dags/plugins/event_listener.py took 0.050 seconds
[2025-10-30T15:26:13.908+0530] {processor.py:161} INFO - Started process (PID=7898) to work on /home/logi/txtai/venv/lib/python3.10/site-packages/airflow/example_dags/plugins/event_listener.py
[2025-10-30T15:26:13.922+0530] {processor.py:830} INFO - Processing file /home/logi/txtai/venv/lib/python3.10/site-packages/airflow/example_dags/plugins/event_listener.py for tasks to queue
[2025-10-30T15:26:13.925+0530] {logging_mixin.py:188} INFO - [2025-10-30T15:26:13.924+0530] {dagbag.py:545} INFO - Filling up the DagBag from /home/logi/txtai/venv/lib/python3.10/site-packages/airflow/example_dags/plugins/event_listener.py
[2025-10-30T15:26:13.929+0530] {processor.py:842} WARNING - No viable dags retrieved from /home/logi/txtai/venv/lib/python3.10/site-packages/airflow/example_dags/plugins/event_listener.py
[2025-10-30T15:26:13.948+0530] {processor.py:183} INFO - Processing /home/logi/txtai/venv/lib/python3.10/site-packages/airflow/example_dags/plugins/event_listener.py took 0.051 seconds
[2025-10-30T15:27:02.743+0530] {processor.py:161} INFO - Started process (PID=7957) to work on /home/logi/txtai/venv/lib/python3.10/site-packages/airflow/example_dags/plugins/event_listener.py
[2025-10-30T15:27:02.756+0530] {processor.py:830} INFO - Processing file /home/logi/txtai/venv/lib/python3.10/site-packages/airflow/example_dags/plugins/event_listener.py for tasks to queue
[2025-10-30T15:27:02.759+0530] {logging_mixin.py:188} INFO - [2025-10-30T15:27:02.759+0530] {dagbag.py:545} INFO - Filling up the DagBag from /home/logi/txtai/venv/lib/python3.10/site-packages/airflow/example_dags/plugins/event_listener.py
[2025-10-30T15:27:02.763+0530] {processor.py:842} WARNING - No viable dags retrieved from /home/logi/txtai/venv/lib/python3.10/site-packages/airflow/example_dags/plugins/event_listener.py
[2025-10-30T15:27:02.782+0530] {processor.py:183} INFO - Processing /home/logi/txtai/venv/lib/python3.10/site-packages/airflow/example_dags/plugins/event_listener.py took 0.049 seconds
[2025-10-30T15:27:52.471+0530] {processor.py:161} INFO - Started process (PID=8020) to work on /home/logi/txtai/venv/lib/python3.10/site-packages/airflow/example_dags/plugins/event_listener.py
[2025-10-30T15:27:52.485+0530] {processor.py:830} INFO - Processing file /home/logi/txtai/venv/lib/python3.10/site-packages/airflow/example_dags/plugins/event_listener.py for tasks to queue
[2025-10-30T15:27:52.488+0530] {logging_mixin.py:188} INFO - [2025-10-30T15:27:52.487+0530] {dagbag.py:545} INFO - Filling up the DagBag from /home/logi/txtai/venv/lib/python3.10/site-packages/airflow/example_dags/plugins/event_listener.py
[2025-10-30T15:27:52.492+0530] {processor.py:842} WARNING - No viable dags retrieved from /home/logi/txtai/venv/lib/python3.10/site-packages/airflow/example_dags/plugins/event_listener.py
[2025-10-30T15:27:52.512+0530] {processor.py:183} INFO - Processing /home/logi/txtai/venv/lib/python3.10/site-packages/airflow/example_dags/plugins/event_listener.py took 0.051 seconds
[2025-10-30T15:28:43.082+0530] {processor.py:161} INFO - Started process (PID=8082) to work on /home/logi/txtai/venv/lib/python3.10/site-packages/airflow/example_dags/plugins/event_listener.py
[2025-10-30T15:28:43.095+0530] {processor.py:830} INFO - Processing file /home/logi/txtai/venv/lib/python3.10/site-packages/airflow/example_dags/plugins/event_listener.py for tasks to queue
[2025-10-30T15:28:43.098+0530] {logging_mixin.py:188} INFO - [2025-10-30T15:28:43.098+0530] {dagbag.py:545} INFO - Filling up the DagBag from /home/logi/txtai/venv/lib/python3.10/site-packages/airflow/example_dags/plugins/event_listener.py
[2025-10-30T15:28:43.102+0530] {processor.py:842} WARNING - No viable dags retrieved from /home/logi/txtai/venv/lib/python3.10/site-packages/airflow/example_dags/plugins/event_listener.py
[2025-10-30T15:28:43.121+0530] {processor.py:183} INFO - Processing /home/logi/txtai/venv/lib/python3.10/site-packages/airflow/example_dags/plugins/event_listener.py took 0.050 seconds
[2025-10-30T15:29:32.793+0530] {processor.py:161} INFO - Started process (PID=8173) to work on /home/logi/txtai/venv/lib/python3.10/site-packages/airflow/example_dags/plugins/event_listener.py
[2025-10-30T15:29:32.807+0530] {processor.py:830} INFO - Processing file /home/logi/txtai/venv/lib/python3.10/site-packages/airflow/example_dags/plugins/event_listener.py for tasks to queue
[2025-10-30T15:29:32.810+0530] {logging_mixin.py:188} INFO - [2025-10-30T15:29:32.809+0530] {dagbag.py:545} INFO - Filling up the DagBag from /home/logi/txtai/venv/lib/python3.10/site-packages/airflow/example_dags/plugins/event_listener.py
[2025-10-30T15:29:32.814+0530] {processor.py:842} WARNING - No viable dags retrieved from /home/logi/txtai/venv/lib/python3.10/site-packages/airflow/example_dags/plugins/event_listener.py
[2025-10-30T15:29:32.832+0530] {processor.py:183} INFO - Processing /home/logi/txtai/venv/lib/python3.10/site-packages/airflow/example_dags/plugins/event_listener.py took 0.050 seconds
[2025-10-30T15:30:23.230+0530] {processor.py:161} INFO - Started process (PID=8235) to work on /home/logi/txtai/venv/lib/python3.10/site-packages/airflow/example_dags/plugins/event_listener.py
[2025-10-30T15:30:23.243+0530] {processor.py:830} INFO - Processing file /home/logi/txtai/venv/lib/python3.10/site-packages/airflow/example_dags/plugins/event_listener.py for tasks to queue
[2025-10-30T15:30:23.246+0530] {logging_mixin.py:188} INFO - [2025-10-30T15:30:23.246+0530] {dagbag.py:545} INFO - Filling up the DagBag from /home/logi/txtai/venv/lib/python3.10/site-packages/airflow/example_dags/plugins/event_listener.py
[2025-10-30T15:30:23.250+0530] {processor.py:842} WARNING - No viable dags retrieved from /home/logi/txtai/venv/lib/python3.10/site-packages/airflow/example_dags/plugins/event_listener.py
[2025-10-30T15:30:23.268+0530] {processor.py:183} INFO - Processing /home/logi/txtai/venv/lib/python3.10/site-packages/airflow/example_dags/plugins/event_listener.py took 0.049 seconds
[2025-10-30T15:31:10.382+0530] {processor.py:161} INFO - Started process (PID=8295) to work on /home/logi/txtai/venv/lib/python3.10/site-packages/airflow/example_dags/plugins/event_listener.py
[2025-10-30T15:31:10.395+0530] {processor.py:830} INFO - Processing file /home/logi/txtai/venv/lib/python3.10/site-packages/airflow/example_dags/plugins/event_listener.py for tasks to queue
[2025-10-30T15:31:10.399+0530] {logging_mixin.py:188} INFO - [2025-10-30T15:31:10.398+0530] {dagbag.py:545} INFO - Filling up the DagBag from /home/logi/txtai/venv/lib/python3.10/site-packages/airflow/example_dags/plugins/event_listener.py
[2025-10-30T15:31:10.402+0530] {processor.py:842} WARNING - No viable dags retrieved from /home/logi/txtai/venv/lib/python3.10/site-packages/airflow/example_dags/plugins/event_listener.py
[2025-10-30T15:31:10.422+0530] {processor.py:183} INFO - Processing /home/logi/txtai/venv/lib/python3.10/site-packages/airflow/example_dags/plugins/event_listener.py took 0.052 seconds
[2025-10-30T15:32:03.171+0530] {processor.py:161} INFO - Started process (PID=8356) to work on /home/logi/txtai/venv/lib/python3.10/site-packages/airflow/example_dags/plugins/event_listener.py
[2025-10-30T15:32:03.173+0530] {processor.py:830} INFO - Processing file /home/logi/txtai/venv/lib/python3.10/site-packages/airflow/example_dags/plugins/event_listener.py for tasks to queue
[2025-10-30T15:32:03.175+0530] {logging_mixin.py:188} INFO - [2025-10-30T15:32:03.175+0530] {dagbag.py:545} INFO - Filling up the DagBag from /home/logi/txtai/venv/lib/python3.10/site-packages/airflow/example_dags/plugins/event_listener.py
[2025-10-30T15:32:03.179+0530] {processor.py:842} WARNING - No viable dags retrieved from /home/logi/txtai/venv/lib/python3.10/site-packages/airflow/example_dags/plugins/event_listener.py
[2025-10-30T15:32:03.197+0530] {processor.py:183} INFO - Processing /home/logi/txtai/venv/lib/python3.10/site-packages/airflow/example_dags/plugins/event_listener.py took 0.038 seconds
[2025-10-30T15:32:53.791+0530] {processor.py:161} INFO - Started process (PID=8426) to work on /home/logi/txtai/venv/lib/python3.10/site-packages/airflow/example_dags/plugins/event_listener.py
[2025-10-30T15:32:53.804+0530] {processor.py:830} INFO - Processing file /home/logi/txtai/venv/lib/python3.10/site-packages/airflow/example_dags/plugins/event_listener.py for tasks to queue
[2025-10-30T15:32:53.808+0530] {logging_mixin.py:188} INFO - [2025-10-30T15:32:53.807+0530] {dagbag.py:545} INFO - Filling up the DagBag from /home/logi/txtai/venv/lib/python3.10/site-packages/airflow/example_dags/plugins/event_listener.py
[2025-10-30T15:32:53.811+0530] {processor.py:842} WARNING - No viable dags retrieved from /home/logi/txtai/venv/lib/python3.10/site-packages/airflow/example_dags/plugins/event_listener.py
[2025-10-30T15:32:53.831+0530] {processor.py:183} INFO - Processing /home/logi/txtai/venv/lib/python3.10/site-packages/airflow/example_dags/plugins/event_listener.py took 0.051 seconds
[2025-10-30T15:33:43.978+0530] {processor.py:161} INFO - Started process (PID=8487) to work on /home/logi/txtai/venv/lib/python3.10/site-packages/airflow/example_dags/plugins/event_listener.py
[2025-10-30T15:33:43.992+0530] {processor.py:830} INFO - Processing file /home/logi/txtai/venv/lib/python3.10/site-packages/airflow/example_dags/plugins/event_listener.py for tasks to queue
[2025-10-30T15:33:43.995+0530] {logging_mixin.py:188} INFO - [2025-10-30T15:33:43.995+0530] {dagbag.py:545} INFO - Filling up the DagBag from /home/logi/txtai/venv/lib/python3.10/site-packages/airflow/example_dags/plugins/event_listener.py
[2025-10-30T15:33:43.999+0530] {processor.py:842} WARNING - No viable dags retrieved from /home/logi/txtai/venv/lib/python3.10/site-packages/airflow/example_dags/plugins/event_listener.py
[2025-10-30T15:33:44.019+0530] {processor.py:183} INFO - Processing /home/logi/txtai/venv/lib/python3.10/site-packages/airflow/example_dags/plugins/event_listener.py took 0.051 seconds
[2025-10-30T15:34:39.131+0530] {processor.py:161} INFO - Started process (PID=8580) to work on /home/logi/txtai/venv/lib/python3.10/site-packages/airflow/example_dags/plugins/event_listener.py
[2025-10-30T15:34:39.144+0530] {processor.py:830} INFO - Processing file /home/logi/txtai/venv/lib/python3.10/site-packages/airflow/example_dags/plugins/event_listener.py for tasks to queue
[2025-10-30T15:34:39.147+0530] {logging_mixin.py:188} INFO - [2025-10-30T15:34:39.147+0530] {dagbag.py:545} INFO - Filling up the DagBag from /home/logi/txtai/venv/lib/python3.10/site-packages/airflow/example_dags/plugins/event_listener.py
[2025-10-30T15:34:39.151+0530] {processor.py:842} WARNING - No viable dags retrieved from /home/logi/txtai/venv/lib/python3.10/site-packages/airflow/example_dags/plugins/event_listener.py
[2025-10-30T15:34:39.169+0530] {processor.py:183} INFO - Processing /home/logi/txtai/venv/lib/python3.10/site-packages/airflow/example_dags/plugins/event_listener.py took 0.050 seconds
[2025-10-30T15:35:40.682+0530] {processor.py:161} INFO - Started process (PID=8649) to work on /home/logi/txtai/venv/lib/python3.10/site-packages/airflow/example_dags/plugins/event_listener.py
[2025-10-30T15:35:40.696+0530] {processor.py:830} INFO - Processing file /home/logi/txtai/venv/lib/python3.10/site-packages/airflow/example_dags/plugins/event_listener.py for tasks to queue
[2025-10-30T15:35:40.699+0530] {logging_mixin.py:188} INFO - [2025-10-30T15:35:40.698+0530] {dagbag.py:545} INFO - Filling up the DagBag from /home/logi/txtai/venv/lib/python3.10/site-packages/airflow/example_dags/plugins/event_listener.py
[2025-10-30T15:35:40.703+0530] {processor.py:842} WARNING - No viable dags retrieved from /home/logi/txtai/venv/lib/python3.10/site-packages/airflow/example_dags/plugins/event_listener.py
[2025-10-30T15:35:40.722+0530] {processor.py:183} INFO - Processing /home/logi/txtai/venv/lib/python3.10/site-packages/airflow/example_dags/plugins/event_listener.py took 0.050 seconds
[2025-10-30T15:36:33.127+0530] {processor.py:161} INFO - Started process (PID=8714) to work on /home/logi/txtai/venv/lib/python3.10/site-packages/airflow/example_dags/plugins/event_listener.py
[2025-10-30T15:36:33.141+0530] {processor.py:830} INFO - Processing file /home/logi/txtai/venv/lib/python3.10/site-packages/airflow/example_dags/plugins/event_listener.py for tasks to queue
[2025-10-30T15:36:33.144+0530] {logging_mixin.py:188} INFO - [2025-10-30T15:36:33.143+0530] {dagbag.py:545} INFO - Filling up the DagBag from /home/logi/txtai/venv/lib/python3.10/site-packages/airflow/example_dags/plugins/event_listener.py
[2025-10-30T15:36:33.147+0530] {processor.py:842} WARNING - No viable dags retrieved from /home/logi/txtai/venv/lib/python3.10/site-packages/airflow/example_dags/plugins/event_listener.py
[2025-10-30T15:36:33.166+0530] {processor.py:183} INFO - Processing /home/logi/txtai/venv/lib/python3.10/site-packages/airflow/example_dags/plugins/event_listener.py took 0.049 seconds
[2025-10-30T15:37:27.936+0530] {processor.py:161} INFO - Started process (PID=8793) to work on /home/logi/txtai/venv/lib/python3.10/site-packages/airflow/example_dags/plugins/event_listener.py
[2025-10-30T15:37:27.949+0530] {processor.py:830} INFO - Processing file /home/logi/txtai/venv/lib/python3.10/site-packages/airflow/example_dags/plugins/event_listener.py for tasks to queue
[2025-10-30T15:37:27.952+0530] {logging_mixin.py:188} INFO - [2025-10-30T15:37:27.952+0530] {dagbag.py:545} INFO - Filling up the DagBag from /home/logi/txtai/venv/lib/python3.10/site-packages/airflow/example_dags/plugins/event_listener.py
[2025-10-30T15:37:27.956+0530] {processor.py:842} WARNING - No viable dags retrieved from /home/logi/txtai/venv/lib/python3.10/site-packages/airflow/example_dags/plugins/event_listener.py
[2025-10-30T15:37:27.974+0530] {processor.py:183} INFO - Processing /home/logi/txtai/venv/lib/python3.10/site-packages/airflow/example_dags/plugins/event_listener.py took 0.049 seconds
[2025-10-30T15:38:22.159+0530] {processor.py:161} INFO - Started process (PID=8858) to work on /home/logi/txtai/venv/lib/python3.10/site-packages/airflow/example_dags/plugins/event_listener.py
[2025-10-30T15:38:22.172+0530] {processor.py:830} INFO - Processing file /home/logi/txtai/venv/lib/python3.10/site-packages/airflow/example_dags/plugins/event_listener.py for tasks to queue
[2025-10-30T15:38:22.175+0530] {logging_mixin.py:188} INFO - [2025-10-30T15:38:22.175+0530] {dagbag.py:545} INFO - Filling up the DagBag from /home/logi/txtai/venv/lib/python3.10/site-packages/airflow/example_dags/plugins/event_listener.py
[2025-10-30T15:38:22.179+0530] {processor.py:842} WARNING - No viable dags retrieved from /home/logi/txtai/venv/lib/python3.10/site-packages/airflow/example_dags/plugins/event_listener.py
[2025-10-30T15:38:22.199+0530] {processor.py:183} INFO - Processing /home/logi/txtai/venv/lib/python3.10/site-packages/airflow/example_dags/plugins/event_listener.py took 0.052 seconds
[2025-10-30T15:39:12.363+0530] {processor.py:161} INFO - Started process (PID=8922) to work on /home/logi/txtai/venv/lib/python3.10/site-packages/airflow/example_dags/plugins/event_listener.py
[2025-10-30T15:39:12.376+0530] {processor.py:830} INFO - Processing file /home/logi/txtai/venv/lib/python3.10/site-packages/airflow/example_dags/plugins/event_listener.py for tasks to queue
[2025-10-30T15:39:12.380+0530] {logging_mixin.py:188} INFO - [2025-10-30T15:39:12.379+0530] {dagbag.py:545} INFO - Filling up the DagBag from /home/logi/txtai/venv/lib/python3.10/site-packages/airflow/example_dags/plugins/event_listener.py
[2025-10-30T15:39:12.384+0530] {processor.py:842} WARNING - No viable dags retrieved from /home/logi/txtai/venv/lib/python3.10/site-packages/airflow/example_dags/plugins/event_listener.py
[2025-10-30T15:39:12.403+0530] {processor.py:183} INFO - Processing /home/logi/txtai/venv/lib/python3.10/site-packages/airflow/example_dags/plugins/event_listener.py took 0.051 seconds
[2025-10-30T15:40:02.426+0530] {processor.py:161} INFO - Started process (PID=9089) to work on /home/logi/txtai/venv/lib/python3.10/site-packages/airflow/example_dags/plugins/event_listener.py
[2025-10-30T15:40:02.440+0530] {processor.py:830} INFO - Processing file /home/logi/txtai/venv/lib/python3.10/site-packages/airflow/example_dags/plugins/event_listener.py for tasks to queue
[2025-10-30T15:40:02.444+0530] {logging_mixin.py:188} INFO - [2025-10-30T15:40:02.443+0530] {dagbag.py:545} INFO - Filling up the DagBag from /home/logi/txtai/venv/lib/python3.10/site-packages/airflow/example_dags/plugins/event_listener.py
[2025-10-30T15:40:02.448+0530] {processor.py:842} WARNING - No viable dags retrieved from /home/logi/txtai/venv/lib/python3.10/site-packages/airflow/example_dags/plugins/event_listener.py
[2025-10-30T15:40:02.467+0530] {processor.py:183} INFO - Processing /home/logi/txtai/venv/lib/python3.10/site-packages/airflow/example_dags/plugins/event_listener.py took 0.052 seconds
[2025-10-30T15:40:51.992+0530] {processor.py:161} INFO - Started process (PID=9168) to work on /home/logi/txtai/venv/lib/python3.10/site-packages/airflow/example_dags/plugins/event_listener.py
[2025-10-30T15:40:52.005+0530] {processor.py:830} INFO - Processing file /home/logi/txtai/venv/lib/python3.10/site-packages/airflow/example_dags/plugins/event_listener.py for tasks to queue
[2025-10-30T15:40:52.009+0530] {logging_mixin.py:188} INFO - [2025-10-30T15:40:52.008+0530] {dagbag.py:545} INFO - Filling up the DagBag from /home/logi/txtai/venv/lib/python3.10/site-packages/airflow/example_dags/plugins/event_listener.py
[2025-10-30T15:40:52.012+0530] {processor.py:842} WARNING - No viable dags retrieved from /home/logi/txtai/venv/lib/python3.10/site-packages/airflow/example_dags/plugins/event_listener.py
[2025-10-30T15:40:52.025+0530] {processor.py:183} INFO - Processing /home/logi/txtai/venv/lib/python3.10/site-packages/airflow/example_dags/plugins/event_listener.py took 0.042 seconds
[2025-10-30T15:41:44.136+0530] {processor.py:161} INFO - Started process (PID=9363) to work on /home/logi/txtai/venv/lib/python3.10/site-packages/airflow/example_dags/plugins/event_listener.py
[2025-10-30T15:41:44.151+0530] {processor.py:830} INFO - Processing file /home/logi/txtai/venv/lib/python3.10/site-packages/airflow/example_dags/plugins/event_listener.py for tasks to queue
[2025-10-30T15:41:44.156+0530] {logging_mixin.py:188} INFO - [2025-10-30T15:41:44.154+0530] {dagbag.py:545} INFO - Filling up the DagBag from /home/logi/txtai/venv/lib/python3.10/site-packages/airflow/example_dags/plugins/event_listener.py
[2025-10-30T15:41:44.161+0530] {processor.py:842} WARNING - No viable dags retrieved from /home/logi/txtai/venv/lib/python3.10/site-packages/airflow/example_dags/plugins/event_listener.py
[2025-10-30T15:41:44.189+0530] {processor.py:183} INFO - Processing /home/logi/txtai/venv/lib/python3.10/site-packages/airflow/example_dags/plugins/event_listener.py took 0.066 seconds
[2025-10-30T15:42:34.169+0530] {processor.py:161} INFO - Started process (PID=9494) to work on /home/logi/txtai/venv/lib/python3.10/site-packages/airflow/example_dags/plugins/event_listener.py
[2025-10-30T15:42:34.183+0530] {processor.py:830} INFO - Processing file /home/logi/txtai/venv/lib/python3.10/site-packages/airflow/example_dags/plugins/event_listener.py for tasks to queue
[2025-10-30T15:42:34.186+0530] {logging_mixin.py:188} INFO - [2025-10-30T15:42:34.185+0530] {dagbag.py:545} INFO - Filling up the DagBag from /home/logi/txtai/venv/lib/python3.10/site-packages/airflow/example_dags/plugins/event_listener.py
[2025-10-30T15:42:34.190+0530] {processor.py:842} WARNING - No viable dags retrieved from /home/logi/txtai/venv/lib/python3.10/site-packages/airflow/example_dags/plugins/event_listener.py
[2025-10-30T15:42:34.212+0530] {processor.py:183} INFO - Processing /home/logi/txtai/venv/lib/python3.10/site-packages/airflow/example_dags/plugins/event_listener.py took 0.054 seconds
[2025-10-30T15:43:23.562+0530] {processor.py:161} INFO - Started process (PID=9682) to work on /home/logi/txtai/venv/lib/python3.10/site-packages/airflow/example_dags/plugins/event_listener.py
[2025-10-30T15:43:23.565+0530] {processor.py:830} INFO - Processing file /home/logi/txtai/venv/lib/python3.10/site-packages/airflow/example_dags/plugins/event_listener.py for tasks to queue
[2025-10-30T15:43:23.569+0530] {logging_mixin.py:188} INFO - [2025-10-30T15:43:23.568+0530] {dagbag.py:545} INFO - Filling up the DagBag from /home/logi/txtai/venv/lib/python3.10/site-packages/airflow/example_dags/plugins/event_listener.py
[2025-10-30T15:43:23.573+0530] {processor.py:842} WARNING - No viable dags retrieved from /home/logi/txtai/venv/lib/python3.10/site-packages/airflow/example_dags/plugins/event_listener.py
[2025-10-30T15:43:23.593+0530] {processor.py:183} INFO - Processing /home/logi/txtai/venv/lib/python3.10/site-packages/airflow/example_dags/plugins/event_listener.py took 0.042 seconds
[2025-10-30T15:44:13.815+0530] {processor.py:161} INFO - Started process (PID=9891) to work on /home/logi/txtai/venv/lib/python3.10/site-packages/airflow/example_dags/plugins/event_listener.py
[2025-10-30T15:44:13.817+0530] {processor.py:830} INFO - Processing file /home/logi/txtai/venv/lib/python3.10/site-packages/airflow/example_dags/plugins/event_listener.py for tasks to queue
[2025-10-30T15:44:13.820+0530] {logging_mixin.py:188} INFO - [2025-10-30T15:44:13.820+0530] {dagbag.py:545} INFO - Filling up the DagBag from /home/logi/txtai/venv/lib/python3.10/site-packages/airflow/example_dags/plugins/event_listener.py
[2025-10-30T15:44:13.824+0530] {processor.py:842} WARNING - No viable dags retrieved from /home/logi/txtai/venv/lib/python3.10/site-packages/airflow/example_dags/plugins/event_listener.py
[2025-10-30T15:44:13.842+0530] {processor.py:183} INFO - Processing /home/logi/txtai/venv/lib/python3.10/site-packages/airflow/example_dags/plugins/event_listener.py took 0.038 seconds
[2025-10-30T15:45:01.993+0530] {processor.py:161} INFO - Started process (PID=10048) to work on /home/logi/txtai/venv/lib/python3.10/site-packages/airflow/example_dags/plugins/event_listener.py
[2025-10-30T15:45:01.996+0530] {processor.py:830} INFO - Processing file /home/logi/txtai/venv/lib/python3.10/site-packages/airflow/example_dags/plugins/event_listener.py for tasks to queue
[2025-10-30T15:45:01.999+0530] {logging_mixin.py:188} INFO - [2025-10-30T15:45:01.998+0530] {dagbag.py:545} INFO - Filling up the DagBag from /home/logi/txtai/venv/lib/python3.10/site-packages/airflow/example_dags/plugins/event_listener.py
[2025-10-30T15:45:02.003+0530] {processor.py:842} WARNING - No viable dags retrieved from /home/logi/txtai/venv/lib/python3.10/site-packages/airflow/example_dags/plugins/event_listener.py
[2025-10-30T15:45:02.023+0530] {processor.py:183} INFO - Processing /home/logi/txtai/venv/lib/python3.10/site-packages/airflow/example_dags/plugins/event_listener.py took 0.041 seconds
[2025-10-30T15:45:50.978+0530] {processor.py:161} INFO - Started process (PID=10176) to work on /home/logi/txtai/venv/lib/python3.10/site-packages/airflow/example_dags/plugins/event_listener.py
[2025-10-30T15:45:50.991+0530] {processor.py:830} INFO - Processing file /home/logi/txtai/venv/lib/python3.10/site-packages/airflow/example_dags/plugins/event_listener.py for tasks to queue
[2025-10-30T15:45:50.994+0530] {logging_mixin.py:188} INFO - [2025-10-30T15:45:50.994+0530] {dagbag.py:545} INFO - Filling up the DagBag from /home/logi/txtai/venv/lib/python3.10/site-packages/airflow/example_dags/plugins/event_listener.py
[2025-10-30T15:45:50.998+0530] {processor.py:842} WARNING - No viable dags retrieved from /home/logi/txtai/venv/lib/python3.10/site-packages/airflow/example_dags/plugins/event_listener.py
[2025-10-30T15:45:51.016+0530] {processor.py:183} INFO - Processing /home/logi/txtai/venv/lib/python3.10/site-packages/airflow/example_dags/plugins/event_listener.py took 0.049 seconds
[2025-10-30T15:46:39.346+0530] {processor.py:161} INFO - Started process (PID=10239) to work on /home/logi/txtai/venv/lib/python3.10/site-packages/airflow/example_dags/plugins/event_listener.py
[2025-10-30T15:46:39.359+0530] {processor.py:830} INFO - Processing file /home/logi/txtai/venv/lib/python3.10/site-packages/airflow/example_dags/plugins/event_listener.py for tasks to queue
[2025-10-30T15:46:39.362+0530] {logging_mixin.py:188} INFO - [2025-10-30T15:46:39.361+0530] {dagbag.py:545} INFO - Filling up the DagBag from /home/logi/txtai/venv/lib/python3.10/site-packages/airflow/example_dags/plugins/event_listener.py
[2025-10-30T15:46:39.366+0530] {processor.py:842} WARNING - No viable dags retrieved from /home/logi/txtai/venv/lib/python3.10/site-packages/airflow/example_dags/plugins/event_listener.py
[2025-10-30T15:46:39.384+0530] {processor.py:183} INFO - Processing /home/logi/txtai/venv/lib/python3.10/site-packages/airflow/example_dags/plugins/event_listener.py took 0.050 seconds
[2025-10-30T15:47:26.208+0530] {processor.py:161} INFO - Started process (PID=10297) to work on /home/logi/txtai/venv/lib/python3.10/site-packages/airflow/example_dags/plugins/event_listener.py
[2025-10-30T15:47:26.210+0530] {processor.py:830} INFO - Processing file /home/logi/txtai/venv/lib/python3.10/site-packages/airflow/example_dags/plugins/event_listener.py for tasks to queue
[2025-10-30T15:47:26.213+0530] {logging_mixin.py:188} INFO - [2025-10-30T15:47:26.212+0530] {dagbag.py:545} INFO - Filling up the DagBag from /home/logi/txtai/venv/lib/python3.10/site-packages/airflow/example_dags/plugins/event_listener.py
[2025-10-30T15:47:26.217+0530] {processor.py:842} WARNING - No viable dags retrieved from /home/logi/txtai/venv/lib/python3.10/site-packages/airflow/example_dags/plugins/event_listener.py
[2025-10-30T15:47:26.235+0530] {processor.py:183} INFO - Processing /home/logi/txtai/venv/lib/python3.10/site-packages/airflow/example_dags/plugins/event_listener.py took 0.038 seconds
[2025-10-30T15:48:16.106+0530] {processor.py:161} INFO - Started process (PID=10378) to work on /home/logi/txtai/venv/lib/python3.10/site-packages/airflow/example_dags/plugins/event_listener.py
[2025-10-30T15:48:16.120+0530] {processor.py:830} INFO - Processing file /home/logi/txtai/venv/lib/python3.10/site-packages/airflow/example_dags/plugins/event_listener.py for tasks to queue
[2025-10-30T15:48:16.123+0530] {logging_mixin.py:188} INFO - [2025-10-30T15:48:16.122+0530] {dagbag.py:545} INFO - Filling up the DagBag from /home/logi/txtai/venv/lib/python3.10/site-packages/airflow/example_dags/plugins/event_listener.py
[2025-10-30T15:48:16.127+0530] {processor.py:842} WARNING - No viable dags retrieved from /home/logi/txtai/venv/lib/python3.10/site-packages/airflow/example_dags/plugins/event_listener.py
[2025-10-30T15:48:16.146+0530] {processor.py:183} INFO - Processing /home/logi/txtai/venv/lib/python3.10/site-packages/airflow/example_dags/plugins/event_listener.py took 0.050 seconds
[2025-10-30T15:49:09.160+0530] {processor.py:161} INFO - Started process (PID=10460) to work on /home/logi/txtai/venv/lib/python3.10/site-packages/airflow/example_dags/plugins/event_listener.py
[2025-10-30T15:49:09.162+0530] {processor.py:830} INFO - Processing file /home/logi/txtai/venv/lib/python3.10/site-packages/airflow/example_dags/plugins/event_listener.py for tasks to queue
[2025-10-30T15:49:09.165+0530] {logging_mixin.py:188} INFO - [2025-10-30T15:49:09.165+0530] {dagbag.py:545} INFO - Filling up the DagBag from /home/logi/txtai/venv/lib/python3.10/site-packages/airflow/example_dags/plugins/event_listener.py
[2025-10-30T15:49:09.169+0530] {processor.py:842} WARNING - No viable dags retrieved from /home/logi/txtai/venv/lib/python3.10/site-packages/airflow/example_dags/plugins/event_listener.py
[2025-10-30T15:49:09.187+0530] {processor.py:183} INFO - Processing /home/logi/txtai/venv/lib/python3.10/site-packages/airflow/example_dags/plugins/event_listener.py took 0.038 seconds
[2025-10-30T15:49:56.152+0530] {processor.py:161} INFO - Started process (PID=10570) to work on /home/logi/txtai/venv/lib/python3.10/site-packages/airflow/example_dags/plugins/event_listener.py
[2025-10-30T15:49:56.165+0530] {processor.py:830} INFO - Processing file /home/logi/txtai/venv/lib/python3.10/site-packages/airflow/example_dags/plugins/event_listener.py for tasks to queue
[2025-10-30T15:49:56.168+0530] {logging_mixin.py:188} INFO - [2025-10-30T15:49:56.168+0530] {dagbag.py:545} INFO - Filling up the DagBag from /home/logi/txtai/venv/lib/python3.10/site-packages/airflow/example_dags/plugins/event_listener.py
[2025-10-30T15:49:56.172+0530] {processor.py:842} WARNING - No viable dags retrieved from /home/logi/txtai/venv/lib/python3.10/site-packages/airflow/example_dags/plugins/event_listener.py
[2025-10-30T15:49:56.191+0530] {processor.py:183} INFO - Processing /home/logi/txtai/venv/lib/python3.10/site-packages/airflow/example_dags/plugins/event_listener.py took 0.050 seconds
[2025-10-30T15:50:47.106+0530] {processor.py:161} INFO - Started process (PID=10638) to work on /home/logi/txtai/venv/lib/python3.10/site-packages/airflow/example_dags/plugins/event_listener.py
[2025-10-30T15:50:47.119+0530] {processor.py:830} INFO - Processing file /home/logi/txtai/venv/lib/python3.10/site-packages/airflow/example_dags/plugins/event_listener.py for tasks to queue
[2025-10-30T15:50:47.123+0530] {logging_mixin.py:188} INFO - [2025-10-30T15:50:47.122+0530] {dagbag.py:545} INFO - Filling up the DagBag from /home/logi/txtai/venv/lib/python3.10/site-packages/airflow/example_dags/plugins/event_listener.py
[2025-10-30T15:50:47.127+0530] {processor.py:842} WARNING - No viable dags retrieved from /home/logi/txtai/venv/lib/python3.10/site-packages/airflow/example_dags/plugins/event_listener.py
[2025-10-30T15:50:47.146+0530] {processor.py:183} INFO - Processing /home/logi/txtai/venv/lib/python3.10/site-packages/airflow/example_dags/plugins/event_listener.py took 0.050 seconds
[2025-10-30T15:51:34.810+0530] {processor.py:161} INFO - Started process (PID=10696) to work on /home/logi/txtai/venv/lib/python3.10/site-packages/airflow/example_dags/plugins/event_listener.py
[2025-10-30T15:51:34.823+0530] {processor.py:830} INFO - Processing file /home/logi/txtai/venv/lib/python3.10/site-packages/airflow/example_dags/plugins/event_listener.py for tasks to queue
[2025-10-30T15:51:34.826+0530] {logging_mixin.py:188} INFO - [2025-10-30T15:51:34.825+0530] {dagbag.py:545} INFO - Filling up the DagBag from /home/logi/txtai/venv/lib/python3.10/site-packages/airflow/example_dags/plugins/event_listener.py
[2025-10-30T15:51:34.829+0530] {processor.py:842} WARNING - No viable dags retrieved from /home/logi/txtai/venv/lib/python3.10/site-packages/airflow/example_dags/plugins/event_listener.py
[2025-10-30T15:51:34.847+0530] {processor.py:183} INFO - Processing /home/logi/txtai/venv/lib/python3.10/site-packages/airflow/example_dags/plugins/event_listener.py took 0.044 seconds
[2025-10-30T15:52:24.342+0530] {processor.py:161} INFO - Started process (PID=10804) to work on /home/logi/txtai/venv/lib/python3.10/site-packages/airflow/example_dags/plugins/event_listener.py
[2025-10-30T15:52:24.345+0530] {processor.py:830} INFO - Processing file /home/logi/txtai/venv/lib/python3.10/site-packages/airflow/example_dags/plugins/event_listener.py for tasks to queue
[2025-10-30T15:52:24.348+0530] {logging_mixin.py:188} INFO - [2025-10-30T15:52:24.347+0530] {dagbag.py:545} INFO - Filling up the DagBag from /home/logi/txtai/venv/lib/python3.10/site-packages/airflow/example_dags/plugins/event_listener.py
[2025-10-30T15:52:24.351+0530] {processor.py:842} WARNING - No viable dags retrieved from /home/logi/txtai/venv/lib/python3.10/site-packages/airflow/example_dags/plugins/event_listener.py
[2025-10-30T15:52:24.371+0530] {processor.py:183} INFO - Processing /home/logi/txtai/venv/lib/python3.10/site-packages/airflow/example_dags/plugins/event_listener.py took 0.041 seconds
[2025-10-30T15:53:18.930+0530] {processor.py:161} INFO - Started process (PID=11075) to work on /home/logi/txtai/venv/lib/python3.10/site-packages/airflow/example_dags/plugins/event_listener.py
[2025-10-30T15:53:18.943+0530] {processor.py:830} INFO - Processing file /home/logi/txtai/venv/lib/python3.10/site-packages/airflow/example_dags/plugins/event_listener.py for tasks to queue
[2025-10-30T15:53:18.948+0530] {logging_mixin.py:188} INFO - [2025-10-30T15:53:18.947+0530] {dagbag.py:545} INFO - Filling up the DagBag from /home/logi/txtai/venv/lib/python3.10/site-packages/airflow/example_dags/plugins/event_listener.py
[2025-10-30T15:53:18.951+0530] {processor.py:842} WARNING - No viable dags retrieved from /home/logi/txtai/venv/lib/python3.10/site-packages/airflow/example_dags/plugins/event_listener.py
[2025-10-30T15:53:18.961+0530] {processor.py:183} INFO - Processing /home/logi/txtai/venv/lib/python3.10/site-packages/airflow/example_dags/plugins/event_listener.py took 0.043 seconds
[2025-10-30T15:54:07.737+0530] {processor.py:161} INFO - Started process (PID=11300) to work on /home/logi/txtai/venv/lib/python3.10/site-packages/airflow/example_dags/plugins/event_listener.py
[2025-10-30T15:54:07.739+0530] {processor.py:830} INFO - Processing file /home/logi/txtai/venv/lib/python3.10/site-packages/airflow/example_dags/plugins/event_listener.py for tasks to queue
[2025-10-30T15:54:07.743+0530] {logging_mixin.py:188} INFO - [2025-10-30T15:54:07.742+0530] {dagbag.py:545} INFO - Filling up the DagBag from /home/logi/txtai/venv/lib/python3.10/site-packages/airflow/example_dags/plugins/event_listener.py
[2025-10-30T15:54:07.746+0530] {processor.py:842} WARNING - No viable dags retrieved from /home/logi/txtai/venv/lib/python3.10/site-packages/airflow/example_dags/plugins/event_listener.py
[2025-10-30T15:54:07.765+0530] {processor.py:183} INFO - Processing /home/logi/txtai/venv/lib/python3.10/site-packages/airflow/example_dags/plugins/event_listener.py took 0.039 seconds
[2025-10-30T15:55:01.628+0530] {processor.py:161} INFO - Started process (PID=11476) to work on /home/logi/txtai/venv/lib/python3.10/site-packages/airflow/example_dags/plugins/event_listener.py
[2025-10-30T15:55:01.642+0530] {processor.py:830} INFO - Processing file /home/logi/txtai/venv/lib/python3.10/site-packages/airflow/example_dags/plugins/event_listener.py for tasks to queue
[2025-10-30T15:55:01.646+0530] {logging_mixin.py:188} INFO - [2025-10-30T15:55:01.645+0530] {dagbag.py:545} INFO - Filling up the DagBag from /home/logi/txtai/venv/lib/python3.10/site-packages/airflow/example_dags/plugins/event_listener.py
[2025-10-30T15:55:01.649+0530] {processor.py:842} WARNING - No viable dags retrieved from /home/logi/txtai/venv/lib/python3.10/site-packages/airflow/example_dags/plugins/event_listener.py
[2025-10-30T15:55:01.668+0530] {processor.py:183} INFO - Processing /home/logi/txtai/venv/lib/python3.10/site-packages/airflow/example_dags/plugins/event_listener.py took 0.051 seconds
[2025-10-30T15:55:55.456+0530] {processor.py:161} INFO - Started process (PID=11588) to work on /home/logi/txtai/venv/lib/python3.10/site-packages/airflow/example_dags/plugins/event_listener.py
[2025-10-30T15:55:55.469+0530] {processor.py:830} INFO - Processing file /home/logi/txtai/venv/lib/python3.10/site-packages/airflow/example_dags/plugins/event_listener.py for tasks to queue
[2025-10-30T15:55:55.472+0530] {logging_mixin.py:188} INFO - [2025-10-30T15:55:55.472+0530] {dagbag.py:545} INFO - Filling up the DagBag from /home/logi/txtai/venv/lib/python3.10/site-packages/airflow/example_dags/plugins/event_listener.py
[2025-10-30T15:55:55.476+0530] {processor.py:842} WARNING - No viable dags retrieved from /home/logi/txtai/venv/lib/python3.10/site-packages/airflow/example_dags/plugins/event_listener.py
[2025-10-30T15:55:55.495+0530] {processor.py:183} INFO - Processing /home/logi/txtai/venv/lib/python3.10/site-packages/airflow/example_dags/plugins/event_listener.py took 0.050 seconds
[2025-10-30T15:56:50.515+0530] {processor.py:161} INFO - Started process (PID=11696) to work on /home/logi/txtai/venv/lib/python3.10/site-packages/airflow/example_dags/plugins/event_listener.py
[2025-10-30T15:56:50.529+0530] {processor.py:830} INFO - Processing file /home/logi/txtai/venv/lib/python3.10/site-packages/airflow/example_dags/plugins/event_listener.py for tasks to queue
[2025-10-30T15:56:50.532+0530] {logging_mixin.py:188} INFO - [2025-10-30T15:56:50.532+0530] {dagbag.py:545} INFO - Filling up the DagBag from /home/logi/txtai/venv/lib/python3.10/site-packages/airflow/example_dags/plugins/event_listener.py
[2025-10-30T15:56:50.536+0530] {processor.py:842} WARNING - No viable dags retrieved from /home/logi/txtai/venv/lib/python3.10/site-packages/airflow/example_dags/plugins/event_listener.py
[2025-10-30T15:56:50.555+0530] {processor.py:183} INFO - Processing /home/logi/txtai/venv/lib/python3.10/site-packages/airflow/example_dags/plugins/event_listener.py took 0.054 seconds
[2025-10-30T15:57:51.535+0530] {processor.py:161} INFO - Started process (PID=11843) to work on /home/logi/txtai/venv/lib/python3.10/site-packages/airflow/example_dags/plugins/event_listener.py
[2025-10-30T15:57:51.549+0530] {processor.py:830} INFO - Processing file /home/logi/txtai/venv/lib/python3.10/site-packages/airflow/example_dags/plugins/event_listener.py for tasks to queue
[2025-10-30T15:57:51.553+0530] {logging_mixin.py:188} INFO - [2025-10-30T15:57:51.552+0530] {dagbag.py:545} INFO - Filling up the DagBag from /home/logi/txtai/venv/lib/python3.10/site-packages/airflow/example_dags/plugins/event_listener.py
[2025-10-30T15:57:51.556+0530] {processor.py:842} WARNING - No viable dags retrieved from /home/logi/txtai/venv/lib/python3.10/site-packages/airflow/example_dags/plugins/event_listener.py
[2025-10-30T15:57:51.576+0530] {processor.py:183} INFO - Processing /home/logi/txtai/venv/lib/python3.10/site-packages/airflow/example_dags/plugins/event_listener.py took 0.052 seconds
[2025-10-30T15:58:49.189+0530] {processor.py:161} INFO - Started process (PID=11990) to work on /home/logi/txtai/venv/lib/python3.10/site-packages/airflow/example_dags/plugins/event_listener.py
[2025-10-30T15:58:49.202+0530] {processor.py:830} INFO - Processing file /home/logi/txtai/venv/lib/python3.10/site-packages/airflow/example_dags/plugins/event_listener.py for tasks to queue
[2025-10-30T15:58:49.205+0530] {logging_mixin.py:188} INFO - [2025-10-30T15:58:49.204+0530] {dagbag.py:545} INFO - Filling up the DagBag from /home/logi/txtai/venv/lib/python3.10/site-packages/airflow/example_dags/plugins/event_listener.py
[2025-10-30T15:58:49.209+0530] {processor.py:842} WARNING - No viable dags retrieved from /home/logi/txtai/venv/lib/python3.10/site-packages/airflow/example_dags/plugins/event_listener.py
[2025-10-30T15:58:49.227+0530] {processor.py:183} INFO - Processing /home/logi/txtai/venv/lib/python3.10/site-packages/airflow/example_dags/plugins/event_listener.py took 0.049 seconds
[2025-10-30T15:59:44.455+0530] {processor.py:161} INFO - Started process (PID=12147) to work on /home/logi/txtai/venv/lib/python3.10/site-packages/airflow/example_dags/plugins/event_listener.py
[2025-10-30T15:59:44.471+0530] {processor.py:830} INFO - Processing file /home/logi/txtai/venv/lib/python3.10/site-packages/airflow/example_dags/plugins/event_listener.py for tasks to queue
[2025-10-30T15:59:44.476+0530] {logging_mixin.py:188} INFO - [2025-10-30T15:59:44.475+0530] {dagbag.py:545} INFO - Filling up the DagBag from /home/logi/txtai/venv/lib/python3.10/site-packages/airflow/example_dags/plugins/event_listener.py
[2025-10-30T15:59:44.485+0530] {processor.py:842} WARNING - No viable dags retrieved from /home/logi/txtai/venv/lib/python3.10/site-packages/airflow/example_dags/plugins/event_listener.py
[2025-10-30T15:59:44.544+0530] {processor.py:183} INFO - Processing /home/logi/txtai/venv/lib/python3.10/site-packages/airflow/example_dags/plugins/event_listener.py took 0.108 seconds
[2025-10-30T16:00:38.239+0530] {processor.py:161} INFO - Started process (PID=12289) to work on /home/logi/txtai/venv/lib/python3.10/site-packages/airflow/example_dags/plugins/event_listener.py
[2025-10-30T16:00:38.252+0530] {processor.py:830} INFO - Processing file /home/logi/txtai/venv/lib/python3.10/site-packages/airflow/example_dags/plugins/event_listener.py for tasks to queue
[2025-10-30T16:00:38.255+0530] {logging_mixin.py:188} INFO - [2025-10-30T16:00:38.254+0530] {dagbag.py:545} INFO - Filling up the DagBag from /home/logi/txtai/venv/lib/python3.10/site-packages/airflow/example_dags/plugins/event_listener.py
[2025-10-30T16:00:38.258+0530] {processor.py:842} WARNING - No viable dags retrieved from /home/logi/txtai/venv/lib/python3.10/site-packages/airflow/example_dags/plugins/event_listener.py
[2025-10-30T16:00:38.270+0530] {processor.py:183} INFO - Processing /home/logi/txtai/venv/lib/python3.10/site-packages/airflow/example_dags/plugins/event_listener.py took 0.043 seconds
[2025-10-30T16:01:33.369+0530] {processor.py:161} INFO - Started process (PID=12451) to work on /home/logi/txtai/venv/lib/python3.10/site-packages/airflow/example_dags/plugins/event_listener.py
[2025-10-30T16:01:33.383+0530] {processor.py:830} INFO - Processing file /home/logi/txtai/venv/lib/python3.10/site-packages/airflow/example_dags/plugins/event_listener.py for tasks to queue
[2025-10-30T16:01:33.388+0530] {logging_mixin.py:188} INFO - [2025-10-30T16:01:33.387+0530] {dagbag.py:545} INFO - Filling up the DagBag from /home/logi/txtai/venv/lib/python3.10/site-packages/airflow/example_dags/plugins/event_listener.py
[2025-10-30T16:01:33.392+0530] {processor.py:842} WARNING - No viable dags retrieved from /home/logi/txtai/venv/lib/python3.10/site-packages/airflow/example_dags/plugins/event_listener.py
[2025-10-30T16:01:33.413+0530] {processor.py:183} INFO - Processing /home/logi/txtai/venv/lib/python3.10/site-packages/airflow/example_dags/plugins/event_listener.py took 0.058 seconds
[2025-10-30T16:02:31.093+0530] {processor.py:161} INFO - Started process (PID=12644) to work on /home/logi/txtai/venv/lib/python3.10/site-packages/airflow/example_dags/plugins/event_listener.py
[2025-10-30T16:02:31.106+0530] {processor.py:830} INFO - Processing file /home/logi/txtai/venv/lib/python3.10/site-packages/airflow/example_dags/plugins/event_listener.py for tasks to queue
[2025-10-30T16:02:31.108+0530] {logging_mixin.py:188} INFO - [2025-10-30T16:02:31.107+0530] {dagbag.py:545} INFO - Filling up the DagBag from /home/logi/txtai/venv/lib/python3.10/site-packages/airflow/example_dags/plugins/event_listener.py
[2025-10-30T16:02:31.110+0530] {processor.py:842} WARNING - No viable dags retrieved from /home/logi/txtai/venv/lib/python3.10/site-packages/airflow/example_dags/plugins/event_listener.py
[2025-10-30T16:02:31.121+0530] {processor.py:183} INFO - Processing /home/logi/txtai/venv/lib/python3.10/site-packages/airflow/example_dags/plugins/event_listener.py took 0.035 seconds
[2025-10-30T16:03:26.936+0530] {processor.py:161} INFO - Started process (PID=12773) to work on /home/logi/txtai/venv/lib/python3.10/site-packages/airflow/example_dags/plugins/event_listener.py
[2025-10-30T16:03:26.949+0530] {processor.py:830} INFO - Processing file /home/logi/txtai/venv/lib/python3.10/site-packages/airflow/example_dags/plugins/event_listener.py for tasks to queue
[2025-10-30T16:03:26.952+0530] {logging_mixin.py:188} INFO - [2025-10-30T16:03:26.952+0530] {dagbag.py:545} INFO - Filling up the DagBag from /home/logi/txtai/venv/lib/python3.10/site-packages/airflow/example_dags/plugins/event_listener.py
[2025-10-30T16:03:26.956+0530] {processor.py:842} WARNING - No viable dags retrieved from /home/logi/txtai/venv/lib/python3.10/site-packages/airflow/example_dags/plugins/event_listener.py
[2025-10-30T16:03:26.975+0530] {processor.py:183} INFO - Processing /home/logi/txtai/venv/lib/python3.10/site-packages/airflow/example_dags/plugins/event_listener.py took 0.050 seconds
[2025-10-30T16:04:27.241+0530] {processor.py:161} INFO - Started process (PID=12923) to work on /home/logi/txtai/venv/lib/python3.10/site-packages/airflow/example_dags/plugins/event_listener.py
[2025-10-30T16:04:27.242+0530] {processor.py:830} INFO - Processing file /home/logi/txtai/venv/lib/python3.10/site-packages/airflow/example_dags/plugins/event_listener.py for tasks to queue
[2025-10-30T16:04:27.244+0530] {logging_mixin.py:188} INFO - [2025-10-30T16:04:27.244+0530] {dagbag.py:545} INFO - Filling up the DagBag from /home/logi/txtai/venv/lib/python3.10/site-packages/airflow/example_dags/plugins/event_listener.py
[2025-10-30T16:04:27.247+0530] {processor.py:842} WARNING - No viable dags retrieved from /home/logi/txtai/venv/lib/python3.10/site-packages/airflow/example_dags/plugins/event_listener.py
[2025-10-30T16:04:27.261+0530] {processor.py:183} INFO - Processing /home/logi/txtai/venv/lib/python3.10/site-packages/airflow/example_dags/plugins/event_listener.py took 0.028 seconds
[2025-10-30T16:05:24.261+0530] {processor.py:161} INFO - Started process (PID=13100) to work on /home/logi/txtai/venv/lib/python3.10/site-packages/airflow/example_dags/plugins/event_listener.py
[2025-10-30T16:05:24.267+0530] {processor.py:830} INFO - Processing file /home/logi/txtai/venv/lib/python3.10/site-packages/airflow/example_dags/plugins/event_listener.py for tasks to queue
[2025-10-30T16:05:24.272+0530] {logging_mixin.py:188} INFO - [2025-10-30T16:05:24.271+0530] {dagbag.py:545} INFO - Filling up the DagBag from /home/logi/txtai/venv/lib/python3.10/site-packages/airflow/example_dags/plugins/event_listener.py
[2025-10-30T16:05:24.276+0530] {processor.py:842} WARNING - No viable dags retrieved from /home/logi/txtai/venv/lib/python3.10/site-packages/airflow/example_dags/plugins/event_listener.py
[2025-10-30T16:05:24.310+0530] {processor.py:183} INFO - Processing /home/logi/txtai/venv/lib/python3.10/site-packages/airflow/example_dags/plugins/event_listener.py took 0.069 seconds
[2025-10-30T16:06:18.130+0530] {processor.py:161} INFO - Started process (PID=13192) to work on /home/logi/txtai/venv/lib/python3.10/site-packages/airflow/example_dags/plugins/event_listener.py
[2025-10-30T16:06:18.132+0530] {processor.py:830} INFO - Processing file /home/logi/txtai/venv/lib/python3.10/site-packages/airflow/example_dags/plugins/event_listener.py for tasks to queue
[2025-10-30T16:06:18.134+0530] {logging_mixin.py:188} INFO - [2025-10-30T16:06:18.133+0530] {dagbag.py:545} INFO - Filling up the DagBag from /home/logi/txtai/venv/lib/python3.10/site-packages/airflow/example_dags/plugins/event_listener.py
[2025-10-30T16:06:18.136+0530] {processor.py:842} WARNING - No viable dags retrieved from /home/logi/txtai/venv/lib/python3.10/site-packages/airflow/example_dags/plugins/event_listener.py
[2025-10-30T16:06:18.147+0530] {processor.py:183} INFO - Processing /home/logi/txtai/venv/lib/python3.10/site-packages/airflow/example_dags/plugins/event_listener.py took 0.023 seconds
[2025-10-30T16:07:09.790+0530] {processor.py:161} INFO - Started process (PID=13254) to work on /home/logi/txtai/venv/lib/python3.10/site-packages/airflow/example_dags/plugins/event_listener.py
[2025-10-30T16:07:09.804+0530] {processor.py:830} INFO - Processing file /home/logi/txtai/venv/lib/python3.10/site-packages/airflow/example_dags/plugins/event_listener.py for tasks to queue
[2025-10-30T16:07:09.807+0530] {logging_mixin.py:188} INFO - [2025-10-30T16:07:09.806+0530] {dagbag.py:545} INFO - Filling up the DagBag from /home/logi/txtai/venv/lib/python3.10/site-packages/airflow/example_dags/plugins/event_listener.py
[2025-10-30T16:07:09.811+0530] {processor.py:842} WARNING - No viable dags retrieved from /home/logi/txtai/venv/lib/python3.10/site-packages/airflow/example_dags/plugins/event_listener.py
[2025-10-30T16:07:09.829+0530] {processor.py:183} INFO - Processing /home/logi/txtai/venv/lib/python3.10/site-packages/airflow/example_dags/plugins/event_listener.py took 0.050 seconds
[2025-10-30T16:08:01.186+0530] {processor.py:161} INFO - Started process (PID=13324) to work on /home/logi/txtai/venv/lib/python3.10/site-packages/airflow/example_dags/plugins/event_listener.py
[2025-10-30T16:08:01.200+0530] {processor.py:830} INFO - Processing file /home/logi/txtai/venv/lib/python3.10/site-packages/airflow/example_dags/plugins/event_listener.py for tasks to queue
[2025-10-30T16:08:01.204+0530] {logging_mixin.py:188} INFO - [2025-10-30T16:08:01.203+0530] {dagbag.py:545} INFO - Filling up the DagBag from /home/logi/txtai/venv/lib/python3.10/site-packages/airflow/example_dags/plugins/event_listener.py
[2025-10-30T16:08:01.207+0530] {processor.py:842} WARNING - No viable dags retrieved from /home/logi/txtai/venv/lib/python3.10/site-packages/airflow/example_dags/plugins/event_listener.py
[2025-10-30T16:08:01.231+0530] {processor.py:183} INFO - Processing /home/logi/txtai/venv/lib/python3.10/site-packages/airflow/example_dags/plugins/event_listener.py took 0.056 seconds
[2025-10-30T16:08:50.373+0530] {processor.py:161} INFO - Started process (PID=13405) to work on /home/logi/txtai/venv/lib/python3.10/site-packages/airflow/example_dags/plugins/event_listener.py
[2025-10-30T16:08:50.386+0530] {processor.py:830} INFO - Processing file /home/logi/txtai/venv/lib/python3.10/site-packages/airflow/example_dags/plugins/event_listener.py for tasks to queue
[2025-10-30T16:08:50.389+0530] {logging_mixin.py:188} INFO - [2025-10-30T16:08:50.389+0530] {dagbag.py:545} INFO - Filling up the DagBag from /home/logi/txtai/venv/lib/python3.10/site-packages/airflow/example_dags/plugins/event_listener.py
[2025-10-30T16:08:50.393+0530] {processor.py:842} WARNING - No viable dags retrieved from /home/logi/txtai/venv/lib/python3.10/site-packages/airflow/example_dags/plugins/event_listener.py
[2025-10-30T16:08:50.413+0530] {processor.py:183} INFO - Processing /home/logi/txtai/venv/lib/python3.10/site-packages/airflow/example_dags/plugins/event_listener.py took 0.051 seconds
[2025-10-30T16:09:45.949+0530] {processor.py:161} INFO - Started process (PID=13564) to work on /home/logi/txtai/venv/lib/python3.10/site-packages/airflow/example_dags/plugins/event_listener.py
[2025-10-30T16:09:45.963+0530] {processor.py:830} INFO - Processing file /home/logi/txtai/venv/lib/python3.10/site-packages/airflow/example_dags/plugins/event_listener.py for tasks to queue
[2025-10-30T16:09:45.966+0530] {logging_mixin.py:188} INFO - [2025-10-30T16:09:45.965+0530] {dagbag.py:545} INFO - Filling up the DagBag from /home/logi/txtai/venv/lib/python3.10/site-packages/airflow/example_dags/plugins/event_listener.py
[2025-10-30T16:09:45.970+0530] {processor.py:842} WARNING - No viable dags retrieved from /home/logi/txtai/venv/lib/python3.10/site-packages/airflow/example_dags/plugins/event_listener.py
[2025-10-30T16:09:45.989+0530] {processor.py:183} INFO - Processing /home/logi/txtai/venv/lib/python3.10/site-packages/airflow/example_dags/plugins/event_listener.py took 0.052 seconds
[2025-10-30T16:10:41.400+0530] {processor.py:161} INFO - Started process (PID=13675) to work on /home/logi/txtai/venv/lib/python3.10/site-packages/airflow/example_dags/plugins/event_listener.py
[2025-10-30T16:10:41.414+0530] {processor.py:830} INFO - Processing file /home/logi/txtai/venv/lib/python3.10/site-packages/airflow/example_dags/plugins/event_listener.py for tasks to queue
[2025-10-30T16:10:41.418+0530] {logging_mixin.py:188} INFO - [2025-10-30T16:10:41.417+0530] {dagbag.py:545} INFO - Filling up the DagBag from /home/logi/txtai/venv/lib/python3.10/site-packages/airflow/example_dags/plugins/event_listener.py
[2025-10-30T16:10:41.422+0530] {processor.py:842} WARNING - No viable dags retrieved from /home/logi/txtai/venv/lib/python3.10/site-packages/airflow/example_dags/plugins/event_listener.py
[2025-10-30T16:10:41.442+0530] {processor.py:183} INFO - Processing /home/logi/txtai/venv/lib/python3.10/site-packages/airflow/example_dags/plugins/event_listener.py took 0.053 seconds
[2025-10-30T16:11:36.236+0530] {processor.py:161} INFO - Started process (PID=13784) to work on /home/logi/txtai/venv/lib/python3.10/site-packages/airflow/example_dags/plugins/event_listener.py
[2025-10-30T16:11:36.250+0530] {processor.py:830} INFO - Processing file /home/logi/txtai/venv/lib/python3.10/site-packages/airflow/example_dags/plugins/event_listener.py for tasks to queue
[2025-10-30T16:11:36.252+0530] {logging_mixin.py:188} INFO - [2025-10-30T16:11:36.251+0530] {dagbag.py:545} INFO - Filling up the DagBag from /home/logi/txtai/venv/lib/python3.10/site-packages/airflow/example_dags/plugins/event_listener.py
[2025-10-30T16:11:36.254+0530] {processor.py:842} WARNING - No viable dags retrieved from /home/logi/txtai/venv/lib/python3.10/site-packages/airflow/example_dags/plugins/event_listener.py
[2025-10-30T16:11:36.265+0530] {processor.py:183} INFO - Processing /home/logi/txtai/venv/lib/python3.10/site-packages/airflow/example_dags/plugins/event_listener.py took 0.075 seconds
[2025-10-30T16:12:25.303+0530] {processor.py:161} INFO - Started process (PID=13874) to work on /home/logi/txtai/venv/lib/python3.10/site-packages/airflow/example_dags/plugins/event_listener.py
[2025-10-30T16:12:25.317+0530] {processor.py:830} INFO - Processing file /home/logi/txtai/venv/lib/python3.10/site-packages/airflow/example_dags/plugins/event_listener.py for tasks to queue
[2025-10-30T16:12:25.320+0530] {logging_mixin.py:188} INFO - [2025-10-30T16:12:25.319+0530] {dagbag.py:545} INFO - Filling up the DagBag from /home/logi/txtai/venv/lib/python3.10/site-packages/airflow/example_dags/plugins/event_listener.py
[2025-10-30T16:12:25.324+0530] {processor.py:842} WARNING - No viable dags retrieved from /home/logi/txtai/venv/lib/python3.10/site-packages/airflow/example_dags/plugins/event_listener.py
[2025-10-30T16:12:25.345+0530] {processor.py:183} INFO - Processing /home/logi/txtai/venv/lib/python3.10/site-packages/airflow/example_dags/plugins/event_listener.py took 0.053 seconds
[2025-10-30T16:13:15.257+0530] {processor.py:161} INFO - Started process (PID=13984) to work on /home/logi/txtai/venv/lib/python3.10/site-packages/airflow/example_dags/plugins/event_listener.py
[2025-10-30T16:13:15.259+0530] {processor.py:830} INFO - Processing file /home/logi/txtai/venv/lib/python3.10/site-packages/airflow/example_dags/plugins/event_listener.py for tasks to queue
[2025-10-30T16:13:15.265+0530] {logging_mixin.py:188} INFO - [2025-10-30T16:13:15.264+0530] {dagbag.py:545} INFO - Filling up the DagBag from /home/logi/txtai/venv/lib/python3.10/site-packages/airflow/example_dags/plugins/event_listener.py
[2025-10-30T16:13:15.267+0530] {processor.py:842} WARNING - No viable dags retrieved from /home/logi/txtai/venv/lib/python3.10/site-packages/airflow/example_dags/plugins/event_listener.py
[2025-10-30T16:13:15.288+0530] {processor.py:183} INFO - Processing /home/logi/txtai/venv/lib/python3.10/site-packages/airflow/example_dags/plugins/event_listener.py took 0.047 seconds
[2025-10-30T16:14:07.119+0530] {processor.py:161} INFO - Started process (PID=14106) to work on /home/logi/txtai/venv/lib/python3.10/site-packages/airflow/example_dags/plugins/event_listener.py
[2025-10-30T16:14:07.133+0530] {processor.py:830} INFO - Processing file /home/logi/txtai/venv/lib/python3.10/site-packages/airflow/example_dags/plugins/event_listener.py for tasks to queue
[2025-10-30T16:14:07.136+0530] {logging_mixin.py:188} INFO - [2025-10-30T16:14:07.136+0530] {dagbag.py:545} INFO - Filling up the DagBag from /home/logi/txtai/venv/lib/python3.10/site-packages/airflow/example_dags/plugins/event_listener.py
[2025-10-30T16:14:07.140+0530] {processor.py:842} WARNING - No viable dags retrieved from /home/logi/txtai/venv/lib/python3.10/site-packages/airflow/example_dags/plugins/event_listener.py
[2025-10-30T16:14:07.160+0530] {processor.py:183} INFO - Processing /home/logi/txtai/venv/lib/python3.10/site-packages/airflow/example_dags/plugins/event_listener.py took 0.051 seconds
[2025-10-30T16:14:53.315+0530] {processor.py:161} INFO - Started process (PID=14223) to work on /home/logi/txtai/venv/lib/python3.10/site-packages/airflow/example_dags/plugins/event_listener.py
[2025-10-30T16:14:53.328+0530] {processor.py:830} INFO - Processing file /home/logi/txtai/venv/lib/python3.10/site-packages/airflow/example_dags/plugins/event_listener.py for tasks to queue
[2025-10-30T16:14:53.331+0530] {logging_mixin.py:188} INFO - [2025-10-30T16:14:53.331+0530] {dagbag.py:545} INFO - Filling up the DagBag from /home/logi/txtai/venv/lib/python3.10/site-packages/airflow/example_dags/plugins/event_listener.py
[2025-10-30T16:14:53.336+0530] {processor.py:842} WARNING - No viable dags retrieved from /home/logi/txtai/venv/lib/python3.10/site-packages/airflow/example_dags/plugins/event_listener.py
[2025-10-30T16:14:53.355+0530] {processor.py:183} INFO - Processing /home/logi/txtai/venv/lib/python3.10/site-packages/airflow/example_dags/plugins/event_listener.py took 0.051 seconds
[2025-10-30T16:15:44.583+0530] {processor.py:161} INFO - Started process (PID=14306) to work on /home/logi/txtai/venv/lib/python3.10/site-packages/airflow/example_dags/plugins/event_listener.py
[2025-10-30T16:15:44.596+0530] {processor.py:830} INFO - Processing file /home/logi/txtai/venv/lib/python3.10/site-packages/airflow/example_dags/plugins/event_listener.py for tasks to queue
[2025-10-30T16:15:44.600+0530] {logging_mixin.py:188} INFO - [2025-10-30T16:15:44.599+0530] {dagbag.py:545} INFO - Filling up the DagBag from /home/logi/txtai/venv/lib/python3.10/site-packages/airflow/example_dags/plugins/event_listener.py
[2025-10-30T16:15:44.603+0530] {processor.py:842} WARNING - No viable dags retrieved from /home/logi/txtai/venv/lib/python3.10/site-packages/airflow/example_dags/plugins/event_listener.py
[2025-10-30T16:15:44.621+0530] {processor.py:183} INFO - Processing /home/logi/txtai/venv/lib/python3.10/site-packages/airflow/example_dags/plugins/event_listener.py took 0.050 seconds
[2025-10-30T16:16:40.882+0530] {processor.py:161} INFO - Started process (PID=14401) to work on /home/logi/txtai/venv/lib/python3.10/site-packages/airflow/example_dags/plugins/event_listener.py
[2025-10-30T16:16:40.895+0530] {processor.py:830} INFO - Processing file /home/logi/txtai/venv/lib/python3.10/site-packages/airflow/example_dags/plugins/event_listener.py for tasks to queue
[2025-10-30T16:16:40.898+0530] {logging_mixin.py:188} INFO - [2025-10-30T16:16:40.897+0530] {dagbag.py:545} INFO - Filling up the DagBag from /home/logi/txtai/venv/lib/python3.10/site-packages/airflow/example_dags/plugins/event_listener.py
[2025-10-30T16:16:40.902+0530] {processor.py:842} WARNING - No viable dags retrieved from /home/logi/txtai/venv/lib/python3.10/site-packages/airflow/example_dags/plugins/event_listener.py
[2025-10-30T16:16:40.921+0530] {processor.py:183} INFO - Processing /home/logi/txtai/venv/lib/python3.10/site-packages/airflow/example_dags/plugins/event_listener.py took 0.050 seconds
[2025-10-30T16:17:35.198+0530] {processor.py:161} INFO - Started process (PID=14477) to work on /home/logi/txtai/venv/lib/python3.10/site-packages/airflow/example_dags/plugins/event_listener.py
[2025-10-30T16:17:35.212+0530] {processor.py:830} INFO - Processing file /home/logi/txtai/venv/lib/python3.10/site-packages/airflow/example_dags/plugins/event_listener.py for tasks to queue
[2025-10-30T16:17:35.216+0530] {logging_mixin.py:188} INFO - [2025-10-30T16:17:35.215+0530] {dagbag.py:545} INFO - Filling up the DagBag from /home/logi/txtai/venv/lib/python3.10/site-packages/airflow/example_dags/plugins/event_listener.py
[2025-10-30T16:17:35.221+0530] {processor.py:842} WARNING - No viable dags retrieved from /home/logi/txtai/venv/lib/python3.10/site-packages/airflow/example_dags/plugins/event_listener.py
[2025-10-30T16:17:35.244+0530] {processor.py:183} INFO - Processing /home/logi/txtai/venv/lib/python3.10/site-packages/airflow/example_dags/plugins/event_listener.py took 0.063 seconds
[2025-10-30T16:18:26.229+0530] {processor.py:161} INFO - Started process (PID=14599) to work on /home/logi/txtai/venv/lib/python3.10/site-packages/airflow/example_dags/plugins/event_listener.py
[2025-10-30T16:18:26.242+0530] {processor.py:830} INFO - Processing file /home/logi/txtai/venv/lib/python3.10/site-packages/airflow/example_dags/plugins/event_listener.py for tasks to queue
[2025-10-30T16:18:26.245+0530] {logging_mixin.py:188} INFO - [2025-10-30T16:18:26.244+0530] {dagbag.py:545} INFO - Filling up the DagBag from /home/logi/txtai/venv/lib/python3.10/site-packages/airflow/example_dags/plugins/event_listener.py
[2025-10-30T16:18:26.249+0530] {processor.py:842} WARNING - No viable dags retrieved from /home/logi/txtai/venv/lib/python3.10/site-packages/airflow/example_dags/plugins/event_listener.py
[2025-10-30T16:18:26.267+0530] {processor.py:183} INFO - Processing /home/logi/txtai/venv/lib/python3.10/site-packages/airflow/example_dags/plugins/event_listener.py took 0.050 seconds
[2025-10-30T16:19:18.724+0530] {processor.py:161} INFO - Started process (PID=14664) to work on /home/logi/txtai/venv/lib/python3.10/site-packages/airflow/example_dags/plugins/event_listener.py
[2025-10-30T16:19:18.738+0530] {processor.py:830} INFO - Processing file /home/logi/txtai/venv/lib/python3.10/site-packages/airflow/example_dags/plugins/event_listener.py for tasks to queue
[2025-10-30T16:19:18.741+0530] {logging_mixin.py:188} INFO - [2025-10-30T16:19:18.740+0530] {dagbag.py:545} INFO - Filling up the DagBag from /home/logi/txtai/venv/lib/python3.10/site-packages/airflow/example_dags/plugins/event_listener.py
[2025-10-30T16:19:18.744+0530] {processor.py:842} WARNING - No viable dags retrieved from /home/logi/txtai/venv/lib/python3.10/site-packages/airflow/example_dags/plugins/event_listener.py
[2025-10-30T16:19:18.763+0530] {processor.py:183} INFO - Processing /home/logi/txtai/venv/lib/python3.10/site-packages/airflow/example_dags/plugins/event_listener.py took 0.051 seconds
[2025-10-30T16:20:08.971+0530] {processor.py:161} INFO - Started process (PID=14753) to work on /home/logi/txtai/venv/lib/python3.10/site-packages/airflow/example_dags/plugins/event_listener.py
[2025-10-30T16:20:08.985+0530] {processor.py:830} INFO - Processing file /home/logi/txtai/venv/lib/python3.10/site-packages/airflow/example_dags/plugins/event_listener.py for tasks to queue
[2025-10-30T16:20:08.988+0530] {logging_mixin.py:188} INFO - [2025-10-30T16:20:08.987+0530] {dagbag.py:545} INFO - Filling up the DagBag from /home/logi/txtai/venv/lib/python3.10/site-packages/airflow/example_dags/plugins/event_listener.py
[2025-10-30T16:20:08.992+0530] {processor.py:842} WARNING - No viable dags retrieved from /home/logi/txtai/venv/lib/python3.10/site-packages/airflow/example_dags/plugins/event_listener.py
[2025-10-30T16:20:09.011+0530] {processor.py:183} INFO - Processing /home/logi/txtai/venv/lib/python3.10/site-packages/airflow/example_dags/plugins/event_listener.py took 0.050 seconds
