[2025-10-30T13:23:14.910+0530] {processor.py:161} INFO - Started process (PID=14134) to work on /home/logi/txtai/venv/lib/python3.10/site-packages/airflow/example_dags/plugins/workday.py
[2025-10-30T13:23:14.911+0530] {processor.py:830} INFO - Processing file /home/logi/txtai/venv/lib/python3.10/site-packages/airflow/example_dags/plugins/workday.py for tasks to queue
[2025-10-30T13:23:14.914+0530] {logging_mixin.py:188} INFO - [2025-10-30T13:23:14.913+0530] {dagbag.py:545} INFO - Filling up the DagBag from /home/logi/txtai/venv/lib/python3.10/site-packages/airflow/example_dags/plugins/workday.py
[2025-10-30T13:23:15.259+0530] {processor.py:842} WARNING - No viable dags retrieved from /home/logi/txtai/venv/lib/python3.10/site-packages/airflow/example_dags/plugins/workday.py
[2025-10-30T13:23:15.265+0530] {processor.py:183} INFO - Processing /home/logi/txtai/venv/lib/python3.10/site-packages/airflow/example_dags/plugins/workday.py took 0.365 seconds
[2025-10-30T13:24:13.680+0530] {processor.py:161} INFO - Started process (PID=14510) to work on /home/logi/txtai/venv/lib/python3.10/site-packages/airflow/example_dags/plugins/workday.py
[2025-10-30T13:24:13.693+0530] {processor.py:830} INFO - Processing file /home/logi/txtai/venv/lib/python3.10/site-packages/airflow/example_dags/plugins/workday.py for tasks to queue
[2025-10-30T13:24:13.696+0530] {logging_mixin.py:188} INFO - [2025-10-30T13:24:13.696+0530] {dagbag.py:545} INFO - Filling up the DagBag from /home/logi/txtai/venv/lib/python3.10/site-packages/airflow/example_dags/plugins/workday.py
[2025-10-30T13:24:13.958+0530] {processor.py:842} WARNING - No viable dags retrieved from /home/logi/txtai/venv/lib/python3.10/site-packages/airflow/example_dags/plugins/workday.py
[2025-10-30T13:24:13.967+0530] {processor.py:183} INFO - Processing /home/logi/txtai/venv/lib/python3.10/site-packages/airflow/example_dags/plugins/workday.py took 0.297 seconds
[2025-10-30T13:25:02.775+0530] {processor.py:161} INFO - Started process (PID=14758) to work on /home/logi/txtai/venv/lib/python3.10/site-packages/airflow/example_dags/plugins/workday.py
[2025-10-30T13:25:02.777+0530] {processor.py:830} INFO - Processing file /home/logi/txtai/venv/lib/python3.10/site-packages/airflow/example_dags/plugins/workday.py for tasks to queue
[2025-10-30T13:25:02.780+0530] {logging_mixin.py:188} INFO - [2025-10-30T13:25:02.779+0530] {dagbag.py:545} INFO - Filling up the DagBag from /home/logi/txtai/venv/lib/python3.10/site-packages/airflow/example_dags/plugins/workday.py
[2025-10-30T13:25:03.013+0530] {processor.py:842} WARNING - No viable dags retrieved from /home/logi/txtai/venv/lib/python3.10/site-packages/airflow/example_dags/plugins/workday.py
[2025-10-30T13:25:03.020+0530] {processor.py:183} INFO - Processing /home/logi/txtai/venv/lib/python3.10/site-packages/airflow/example_dags/plugins/workday.py took 0.255 seconds
[2025-10-30T13:25:47.144+0530] {processor.py:161} INFO - Started process (PID=14819) to work on /home/logi/txtai/venv/lib/python3.10/site-packages/airflow/example_dags/plugins/workday.py
[2025-10-30T13:25:47.157+0530] {processor.py:830} INFO - Processing file /home/logi/txtai/venv/lib/python3.10/site-packages/airflow/example_dags/plugins/workday.py for tasks to queue
[2025-10-30T13:25:47.160+0530] {logging_mixin.py:188} INFO - [2025-10-30T13:25:47.160+0530] {dagbag.py:545} INFO - Filling up the DagBag from /home/logi/txtai/venv/lib/python3.10/site-packages/airflow/example_dags/plugins/workday.py
[2025-10-30T13:25:47.398+0530] {processor.py:842} WARNING - No viable dags retrieved from /home/logi/txtai/venv/lib/python3.10/site-packages/airflow/example_dags/plugins/workday.py
[2025-10-30T13:25:47.406+0530] {processor.py:183} INFO - Processing /home/logi/txtai/venv/lib/python3.10/site-packages/airflow/example_dags/plugins/workday.py took 0.273 seconds
[2025-10-30T13:26:32.282+0530] {processor.py:161} INFO - Started process (PID=14876) to work on /home/logi/txtai/venv/lib/python3.10/site-packages/airflow/example_dags/plugins/workday.py
[2025-10-30T13:26:32.295+0530] {processor.py:830} INFO - Processing file /home/logi/txtai/venv/lib/python3.10/site-packages/airflow/example_dags/plugins/workday.py for tasks to queue
[2025-10-30T13:26:32.297+0530] {logging_mixin.py:188} INFO - [2025-10-30T13:26:32.297+0530] {dagbag.py:545} INFO - Filling up the DagBag from /home/logi/txtai/venv/lib/python3.10/site-packages/airflow/example_dags/plugins/workday.py
[2025-10-30T13:26:32.522+0530] {processor.py:842} WARNING - No viable dags retrieved from /home/logi/txtai/venv/lib/python3.10/site-packages/airflow/example_dags/plugins/workday.py
[2025-10-30T13:26:32.530+0530] {processor.py:183} INFO - Processing /home/logi/txtai/venv/lib/python3.10/site-packages/airflow/example_dags/plugins/workday.py took 0.254 seconds
[2025-10-30T13:27:16.928+0530] {processor.py:161} INFO - Started process (PID=14934) to work on /home/logi/txtai/venv/lib/python3.10/site-packages/airflow/example_dags/plugins/workday.py
[2025-10-30T13:27:16.930+0530] {processor.py:830} INFO - Processing file /home/logi/txtai/venv/lib/python3.10/site-packages/airflow/example_dags/plugins/workday.py for tasks to queue
[2025-10-30T13:27:16.932+0530] {logging_mixin.py:188} INFO - [2025-10-30T13:27:16.932+0530] {dagbag.py:545} INFO - Filling up the DagBag from /home/logi/txtai/venv/lib/python3.10/site-packages/airflow/example_dags/plugins/workday.py
[2025-10-30T13:27:17.166+0530] {processor.py:842} WARNING - No viable dags retrieved from /home/logi/txtai/venv/lib/python3.10/site-packages/airflow/example_dags/plugins/workday.py
[2025-10-30T13:27:17.176+0530] {processor.py:183} INFO - Processing /home/logi/txtai/venv/lib/python3.10/site-packages/airflow/example_dags/plugins/workday.py took 0.259 seconds
[2025-10-30T13:28:01.193+0530] {processor.py:161} INFO - Started process (PID=15005) to work on /home/logi/txtai/venv/lib/python3.10/site-packages/airflow/example_dags/plugins/workday.py
[2025-10-30T13:28:01.206+0530] {processor.py:830} INFO - Processing file /home/logi/txtai/venv/lib/python3.10/site-packages/airflow/example_dags/plugins/workday.py for tasks to queue
[2025-10-30T13:28:01.208+0530] {logging_mixin.py:188} INFO - [2025-10-30T13:28:01.208+0530] {dagbag.py:545} INFO - Filling up the DagBag from /home/logi/txtai/venv/lib/python3.10/site-packages/airflow/example_dags/plugins/workday.py
[2025-10-30T13:28:01.452+0530] {processor.py:842} WARNING - No viable dags retrieved from /home/logi/txtai/venv/lib/python3.10/site-packages/airflow/example_dags/plugins/workday.py
[2025-10-30T13:28:01.460+0530] {processor.py:183} INFO - Processing /home/logi/txtai/venv/lib/python3.10/site-packages/airflow/example_dags/plugins/workday.py took 0.273 seconds
[2025-10-30T13:28:46.526+0530] {processor.py:161} INFO - Started process (PID=15090) to work on /home/logi/txtai/venv/lib/python3.10/site-packages/airflow/example_dags/plugins/workday.py
[2025-10-30T13:28:46.539+0530] {processor.py:830} INFO - Processing file /home/logi/txtai/venv/lib/python3.10/site-packages/airflow/example_dags/plugins/workday.py for tasks to queue
[2025-10-30T13:28:46.542+0530] {logging_mixin.py:188} INFO - [2025-10-30T13:28:46.541+0530] {dagbag.py:545} INFO - Filling up the DagBag from /home/logi/txtai/venv/lib/python3.10/site-packages/airflow/example_dags/plugins/workday.py
[2025-10-30T13:28:46.798+0530] {processor.py:842} WARNING - No viable dags retrieved from /home/logi/txtai/venv/lib/python3.10/site-packages/airflow/example_dags/plugins/workday.py
[2025-10-30T13:28:46.806+0530] {processor.py:183} INFO - Processing /home/logi/txtai/venv/lib/python3.10/site-packages/airflow/example_dags/plugins/workday.py took 0.285 seconds
[2025-10-30T13:29:31.460+0530] {processor.py:161} INFO - Started process (PID=15152) to work on /home/logi/txtai/venv/lib/python3.10/site-packages/airflow/example_dags/plugins/workday.py
[2025-10-30T13:29:31.473+0530] {processor.py:830} INFO - Processing file /home/logi/txtai/venv/lib/python3.10/site-packages/airflow/example_dags/plugins/workday.py for tasks to queue
[2025-10-30T13:29:31.476+0530] {logging_mixin.py:188} INFO - [2025-10-30T13:29:31.476+0530] {dagbag.py:545} INFO - Filling up the DagBag from /home/logi/txtai/venv/lib/python3.10/site-packages/airflow/example_dags/plugins/workday.py
[2025-10-30T13:29:31.715+0530] {processor.py:842} WARNING - No viable dags retrieved from /home/logi/txtai/venv/lib/python3.10/site-packages/airflow/example_dags/plugins/workday.py
[2025-10-30T13:29:31.723+0530] {processor.py:183} INFO - Processing /home/logi/txtai/venv/lib/python3.10/site-packages/airflow/example_dags/plugins/workday.py took 0.273 seconds
[2025-10-30T13:30:15.168+0530] {processor.py:161} INFO - Started process (PID=15227) to work on /home/logi/txtai/venv/lib/python3.10/site-packages/airflow/example_dags/plugins/workday.py
[2025-10-30T13:30:15.181+0530] {processor.py:830} INFO - Processing file /home/logi/txtai/venv/lib/python3.10/site-packages/airflow/example_dags/plugins/workday.py for tasks to queue
[2025-10-30T13:30:15.184+0530] {logging_mixin.py:188} INFO - [2025-10-30T13:30:15.183+0530] {dagbag.py:545} INFO - Filling up the DagBag from /home/logi/txtai/venv/lib/python3.10/site-packages/airflow/example_dags/plugins/workday.py
[2025-10-30T13:30:15.465+0530] {processor.py:842} WARNING - No viable dags retrieved from /home/logi/txtai/venv/lib/python3.10/site-packages/airflow/example_dags/plugins/workday.py
[2025-10-30T13:30:15.473+0530] {processor.py:183} INFO - Processing /home/logi/txtai/venv/lib/python3.10/site-packages/airflow/example_dags/plugins/workday.py took 0.312 seconds
[2025-10-30T15:04:25.023+0530] {processor.py:161} INFO - Started process (PID=5628) to work on /home/logi/txtai/venv/lib/python3.10/site-packages/airflow/example_dags/plugins/workday.py
[2025-10-30T15:04:25.037+0530] {processor.py:830} INFO - Processing file /home/logi/txtai/venv/lib/python3.10/site-packages/airflow/example_dags/plugins/workday.py for tasks to queue
[2025-10-30T15:04:25.042+0530] {logging_mixin.py:188} INFO - [2025-10-30T15:04:25.041+0530] {dagbag.py:545} INFO - Filling up the DagBag from /home/logi/txtai/venv/lib/python3.10/site-packages/airflow/example_dags/plugins/workday.py
[2025-10-30T15:04:25.878+0530] {processor.py:842} WARNING - No viable dags retrieved from /home/logi/txtai/venv/lib/python3.10/site-packages/airflow/example_dags/plugins/workday.py
[2025-10-30T15:04:25.888+0530] {processor.py:183} INFO - Processing /home/logi/txtai/venv/lib/python3.10/site-packages/airflow/example_dags/plugins/workday.py took 0.872 seconds
[2025-10-30T15:05:19.970+0530] {processor.py:161} INFO - Started process (PID=5873) to work on /home/logi/txtai/venv/lib/python3.10/site-packages/airflow/example_dags/plugins/workday.py
[2025-10-30T15:05:19.984+0530] {processor.py:830} INFO - Processing file /home/logi/txtai/venv/lib/python3.10/site-packages/airflow/example_dags/plugins/workday.py for tasks to queue
[2025-10-30T15:05:19.987+0530] {logging_mixin.py:188} INFO - [2025-10-30T15:05:19.987+0530] {dagbag.py:545} INFO - Filling up the DagBag from /home/logi/txtai/venv/lib/python3.10/site-packages/airflow/example_dags/plugins/workday.py
[2025-10-30T15:05:20.246+0530] {processor.py:842} WARNING - No viable dags retrieved from /home/logi/txtai/venv/lib/python3.10/site-packages/airflow/example_dags/plugins/workday.py
[2025-10-30T15:05:20.256+0530] {processor.py:183} INFO - Processing /home/logi/txtai/venv/lib/python3.10/site-packages/airflow/example_dags/plugins/workday.py took 0.296 seconds
[2025-10-30T15:06:11.338+0530] {processor.py:161} INFO - Started process (PID=5942) to work on /home/logi/txtai/venv/lib/python3.10/site-packages/airflow/example_dags/plugins/workday.py
[2025-10-30T15:06:11.352+0530] {processor.py:830} INFO - Processing file /home/logi/txtai/venv/lib/python3.10/site-packages/airflow/example_dags/plugins/workday.py for tasks to queue
[2025-10-30T15:06:11.355+0530] {logging_mixin.py:188} INFO - [2025-10-30T15:06:11.355+0530] {dagbag.py:545} INFO - Filling up the DagBag from /home/logi/txtai/venv/lib/python3.10/site-packages/airflow/example_dags/plugins/workday.py
[2025-10-30T15:06:11.615+0530] {processor.py:842} WARNING - No viable dags retrieved from /home/logi/txtai/venv/lib/python3.10/site-packages/airflow/example_dags/plugins/workday.py
[2025-10-30T15:06:11.626+0530] {processor.py:183} INFO - Processing /home/logi/txtai/venv/lib/python3.10/site-packages/airflow/example_dags/plugins/workday.py took 0.299 seconds
[2025-10-30T15:07:00.636+0530] {processor.py:161} INFO - Started process (PID=6036) to work on /home/logi/txtai/venv/lib/python3.10/site-packages/airflow/example_dags/plugins/workday.py
[2025-10-30T15:07:00.638+0530] {processor.py:830} INFO - Processing file /home/logi/txtai/venv/lib/python3.10/site-packages/airflow/example_dags/plugins/workday.py for tasks to queue
[2025-10-30T15:07:00.644+0530] {logging_mixin.py:188} INFO - [2025-10-30T15:07:00.643+0530] {dagbag.py:545} INFO - Filling up the DagBag from /home/logi/txtai/venv/lib/python3.10/site-packages/airflow/example_dags/plugins/workday.py
[2025-10-30T15:07:01.281+0530] {processor.py:842} WARNING - No viable dags retrieved from /home/logi/txtai/venv/lib/python3.10/site-packages/airflow/example_dags/plugins/workday.py
[2025-10-30T15:07:01.305+0530] {processor.py:183} INFO - Processing /home/logi/txtai/venv/lib/python3.10/site-packages/airflow/example_dags/plugins/workday.py took 0.693 seconds
[2025-10-30T15:07:49.392+0530] {processor.py:161} INFO - Started process (PID=6120) to work on /home/logi/txtai/venv/lib/python3.10/site-packages/airflow/example_dags/plugins/workday.py
[2025-10-30T15:07:49.405+0530] {processor.py:830} INFO - Processing file /home/logi/txtai/venv/lib/python3.10/site-packages/airflow/example_dags/plugins/workday.py for tasks to queue
[2025-10-30T15:07:49.409+0530] {logging_mixin.py:188} INFO - [2025-10-30T15:07:49.408+0530] {dagbag.py:545} INFO - Filling up the DagBag from /home/logi/txtai/venv/lib/python3.10/site-packages/airflow/example_dags/plugins/workday.py
[2025-10-30T15:07:49.675+0530] {processor.py:842} WARNING - No viable dags retrieved from /home/logi/txtai/venv/lib/python3.10/site-packages/airflow/example_dags/plugins/workday.py
[2025-10-30T15:07:49.687+0530] {processor.py:183} INFO - Processing /home/logi/txtai/venv/lib/python3.10/site-packages/airflow/example_dags/plugins/workday.py took 0.307 seconds
[2025-10-30T15:08:42.187+0530] {processor.py:161} INFO - Started process (PID=6208) to work on /home/logi/txtai/venv/lib/python3.10/site-packages/airflow/example_dags/plugins/workday.py
[2025-10-30T15:08:42.201+0530] {processor.py:830} INFO - Processing file /home/logi/txtai/venv/lib/python3.10/site-packages/airflow/example_dags/plugins/workday.py for tasks to queue
[2025-10-30T15:08:42.204+0530] {logging_mixin.py:188} INFO - [2025-10-30T15:08:42.203+0530] {dagbag.py:545} INFO - Filling up the DagBag from /home/logi/txtai/venv/lib/python3.10/site-packages/airflow/example_dags/plugins/workday.py
[2025-10-30T15:08:42.459+0530] {processor.py:842} WARNING - No viable dags retrieved from /home/logi/txtai/venv/lib/python3.10/site-packages/airflow/example_dags/plugins/workday.py
[2025-10-30T15:08:42.467+0530] {processor.py:183} INFO - Processing /home/logi/txtai/venv/lib/python3.10/site-packages/airflow/example_dags/plugins/workday.py took 0.290 seconds
[2025-10-30T15:09:32.111+0530] {processor.py:161} INFO - Started process (PID=6300) to work on /home/logi/txtai/venv/lib/python3.10/site-packages/airflow/example_dags/plugins/workday.py
[2025-10-30T15:09:32.125+0530] {processor.py:830} INFO - Processing file /home/logi/txtai/venv/lib/python3.10/site-packages/airflow/example_dags/plugins/workday.py for tasks to queue
[2025-10-30T15:09:32.129+0530] {logging_mixin.py:188} INFO - [2025-10-30T15:09:32.128+0530] {dagbag.py:545} INFO - Filling up the DagBag from /home/logi/txtai/venv/lib/python3.10/site-packages/airflow/example_dags/plugins/workday.py
[2025-10-30T15:09:32.385+0530] {processor.py:842} WARNING - No viable dags retrieved from /home/logi/txtai/venv/lib/python3.10/site-packages/airflow/example_dags/plugins/workday.py
[2025-10-30T15:09:32.396+0530] {processor.py:183} INFO - Processing /home/logi/txtai/venv/lib/python3.10/site-packages/airflow/example_dags/plugins/workday.py took 0.296 seconds
[2025-10-30T15:10:23.912+0530] {processor.py:161} INFO - Started process (PID=6381) to work on /home/logi/txtai/venv/lib/python3.10/site-packages/airflow/example_dags/plugins/workday.py
[2025-10-30T15:10:23.925+0530] {processor.py:830} INFO - Processing file /home/logi/txtai/venv/lib/python3.10/site-packages/airflow/example_dags/plugins/workday.py for tasks to queue
[2025-10-30T15:10:23.927+0530] {logging_mixin.py:188} INFO - [2025-10-30T15:10:23.927+0530] {dagbag.py:545} INFO - Filling up the DagBag from /home/logi/txtai/venv/lib/python3.10/site-packages/airflow/example_dags/plugins/workday.py
[2025-10-30T15:10:24.180+0530] {processor.py:842} WARNING - No viable dags retrieved from /home/logi/txtai/venv/lib/python3.10/site-packages/airflow/example_dags/plugins/workday.py
[2025-10-30T15:10:24.190+0530] {processor.py:183} INFO - Processing /home/logi/txtai/venv/lib/python3.10/site-packages/airflow/example_dags/plugins/workday.py took 0.286 seconds
[2025-10-30T15:11:10.971+0530] {processor.py:161} INFO - Started process (PID=6489) to work on /home/logi/txtai/venv/lib/python3.10/site-packages/airflow/example_dags/plugins/workday.py
[2025-10-30T15:11:10.984+0530] {processor.py:830} INFO - Processing file /home/logi/txtai/venv/lib/python3.10/site-packages/airflow/example_dags/plugins/workday.py for tasks to queue
[2025-10-30T15:11:10.987+0530] {logging_mixin.py:188} INFO - [2025-10-30T15:11:10.987+0530] {dagbag.py:545} INFO - Filling up the DagBag from /home/logi/txtai/venv/lib/python3.10/site-packages/airflow/example_dags/plugins/workday.py
[2025-10-30T15:11:11.245+0530] {processor.py:842} WARNING - No viable dags retrieved from /home/logi/txtai/venv/lib/python3.10/site-packages/airflow/example_dags/plugins/workday.py
[2025-10-30T15:11:11.257+0530] {processor.py:183} INFO - Processing /home/logi/txtai/venv/lib/python3.10/site-packages/airflow/example_dags/plugins/workday.py took 0.293 seconds
[2025-10-30T15:12:00.951+0530] {processor.py:161} INFO - Started process (PID=6562) to work on /home/logi/txtai/venv/lib/python3.10/site-packages/airflow/example_dags/plugins/workday.py
[2025-10-30T15:12:00.964+0530] {processor.py:830} INFO - Processing file /home/logi/txtai/venv/lib/python3.10/site-packages/airflow/example_dags/plugins/workday.py for tasks to queue
[2025-10-30T15:12:00.967+0530] {logging_mixin.py:188} INFO - [2025-10-30T15:12:00.967+0530] {dagbag.py:545} INFO - Filling up the DagBag from /home/logi/txtai/venv/lib/python3.10/site-packages/airflow/example_dags/plugins/workday.py
[2025-10-30T15:12:01.232+0530] {processor.py:842} WARNING - No viable dags retrieved from /home/logi/txtai/venv/lib/python3.10/site-packages/airflow/example_dags/plugins/workday.py
[2025-10-30T15:12:01.242+0530] {processor.py:183} INFO - Processing /home/logi/txtai/venv/lib/python3.10/site-packages/airflow/example_dags/plugins/workday.py took 0.303 seconds
[2025-10-30T15:12:51.213+0530] {processor.py:161} INFO - Started process (PID=6650) to work on /home/logi/txtai/venv/lib/python3.10/site-packages/airflow/example_dags/plugins/workday.py
[2025-10-30T15:12:51.215+0530] {processor.py:830} INFO - Processing file /home/logi/txtai/venv/lib/python3.10/site-packages/airflow/example_dags/plugins/workday.py for tasks to queue
[2025-10-30T15:12:51.218+0530] {logging_mixin.py:188} INFO - [2025-10-30T15:12:51.217+0530] {dagbag.py:545} INFO - Filling up the DagBag from /home/logi/txtai/venv/lib/python3.10/site-packages/airflow/example_dags/plugins/workday.py
[2025-10-30T15:12:51.470+0530] {processor.py:842} WARNING - No viable dags retrieved from /home/logi/txtai/venv/lib/python3.10/site-packages/airflow/example_dags/plugins/workday.py
[2025-10-30T15:12:51.480+0530] {processor.py:183} INFO - Processing /home/logi/txtai/venv/lib/python3.10/site-packages/airflow/example_dags/plugins/workday.py took 0.279 seconds
[2025-10-30T15:13:40.919+0530] {processor.py:161} INFO - Started process (PID=6730) to work on /home/logi/txtai/venv/lib/python3.10/site-packages/airflow/example_dags/plugins/workday.py
[2025-10-30T15:13:40.922+0530] {processor.py:830} INFO - Processing file /home/logi/txtai/venv/lib/python3.10/site-packages/airflow/example_dags/plugins/workday.py for tasks to queue
[2025-10-30T15:13:40.925+0530] {logging_mixin.py:188} INFO - [2025-10-30T15:13:40.925+0530] {dagbag.py:545} INFO - Filling up the DagBag from /home/logi/txtai/venv/lib/python3.10/site-packages/airflow/example_dags/plugins/workday.py
[2025-10-30T15:13:41.187+0530] {processor.py:842} WARNING - No viable dags retrieved from /home/logi/txtai/venv/lib/python3.10/site-packages/airflow/example_dags/plugins/workday.py
[2025-10-30T15:13:41.198+0530] {processor.py:183} INFO - Processing /home/logi/txtai/venv/lib/python3.10/site-packages/airflow/example_dags/plugins/workday.py took 0.289 seconds
[2025-10-30T15:14:29.205+0530] {processor.py:161} INFO - Started process (PID=6820) to work on /home/logi/txtai/venv/lib/python3.10/site-packages/airflow/example_dags/plugins/workday.py
[2025-10-30T15:14:29.207+0530] {processor.py:830} INFO - Processing file /home/logi/txtai/venv/lib/python3.10/site-packages/airflow/example_dags/plugins/workday.py for tasks to queue
[2025-10-30T15:14:29.212+0530] {logging_mixin.py:188} INFO - [2025-10-30T15:14:29.212+0530] {dagbag.py:545} INFO - Filling up the DagBag from /home/logi/txtai/venv/lib/python3.10/site-packages/airflow/example_dags/plugins/workday.py
[2025-10-30T15:14:29.474+0530] {processor.py:842} WARNING - No viable dags retrieved from /home/logi/txtai/venv/lib/python3.10/site-packages/airflow/example_dags/plugins/workday.py
[2025-10-30T15:14:29.485+0530] {processor.py:183} INFO - Processing /home/logi/txtai/venv/lib/python3.10/site-packages/airflow/example_dags/plugins/workday.py took 0.291 seconds
[2025-10-30T15:15:23.873+0530] {processor.py:161} INFO - Started process (PID=6889) to work on /home/logi/txtai/venv/lib/python3.10/site-packages/airflow/example_dags/plugins/workday.py
[2025-10-30T15:15:23.886+0530] {processor.py:830} INFO - Processing file /home/logi/txtai/venv/lib/python3.10/site-packages/airflow/example_dags/plugins/workday.py for tasks to queue
[2025-10-30T15:15:23.890+0530] {logging_mixin.py:188} INFO - [2025-10-30T15:15:23.889+0530] {dagbag.py:545} INFO - Filling up the DagBag from /home/logi/txtai/venv/lib/python3.10/site-packages/airflow/example_dags/plugins/workday.py
[2025-10-30T15:15:24.150+0530] {processor.py:842} WARNING - No viable dags retrieved from /home/logi/txtai/venv/lib/python3.10/site-packages/airflow/example_dags/plugins/workday.py
[2025-10-30T15:15:24.160+0530] {processor.py:183} INFO - Processing /home/logi/txtai/venv/lib/python3.10/site-packages/airflow/example_dags/plugins/workday.py took 0.298 seconds
[2025-10-30T15:16:11.735+0530] {processor.py:161} INFO - Started process (PID=6965) to work on /home/logi/txtai/venv/lib/python3.10/site-packages/airflow/example_dags/plugins/workday.py
[2025-10-30T15:16:11.748+0530] {processor.py:830} INFO - Processing file /home/logi/txtai/venv/lib/python3.10/site-packages/airflow/example_dags/plugins/workday.py for tasks to queue
[2025-10-30T15:16:11.751+0530] {logging_mixin.py:188} INFO - [2025-10-30T15:16:11.751+0530] {dagbag.py:545} INFO - Filling up the DagBag from /home/logi/txtai/venv/lib/python3.10/site-packages/airflow/example_dags/plugins/workday.py
[2025-10-30T15:16:12.014+0530] {processor.py:842} WARNING - No viable dags retrieved from /home/logi/txtai/venv/lib/python3.10/site-packages/airflow/example_dags/plugins/workday.py
[2025-10-30T15:16:12.025+0530] {processor.py:183} INFO - Processing /home/logi/txtai/venv/lib/python3.10/site-packages/airflow/example_dags/plugins/workday.py took 0.301 seconds
[2025-10-30T15:16:56.681+0530] {processor.py:161} INFO - Started process (PID=7027) to work on /home/logi/txtai/venv/lib/python3.10/site-packages/airflow/example_dags/plugins/workday.py
[2025-10-30T15:16:56.695+0530] {processor.py:830} INFO - Processing file /home/logi/txtai/venv/lib/python3.10/site-packages/airflow/example_dags/plugins/workday.py for tasks to queue
[2025-10-30T15:16:56.698+0530] {logging_mixin.py:188} INFO - [2025-10-30T15:16:56.698+0530] {dagbag.py:545} INFO - Filling up the DagBag from /home/logi/txtai/venv/lib/python3.10/site-packages/airflow/example_dags/plugins/workday.py
[2025-10-30T15:16:56.987+0530] {processor.py:842} WARNING - No viable dags retrieved from /home/logi/txtai/venv/lib/python3.10/site-packages/airflow/example_dags/plugins/workday.py
[2025-10-30T15:16:56.998+0530] {processor.py:183} INFO - Processing /home/logi/txtai/venv/lib/python3.10/site-packages/airflow/example_dags/plugins/workday.py took 0.328 seconds
[2025-10-30T15:17:47.098+0530] {processor.py:161} INFO - Started process (PID=7111) to work on /home/logi/txtai/venv/lib/python3.10/site-packages/airflow/example_dags/plugins/workday.py
[2025-10-30T15:17:47.111+0530] {processor.py:830} INFO - Processing file /home/logi/txtai/venv/lib/python3.10/site-packages/airflow/example_dags/plugins/workday.py for tasks to queue
[2025-10-30T15:17:47.114+0530] {logging_mixin.py:188} INFO - [2025-10-30T15:17:47.114+0530] {dagbag.py:545} INFO - Filling up the DagBag from /home/logi/txtai/venv/lib/python3.10/site-packages/airflow/example_dags/plugins/workday.py
[2025-10-30T15:17:47.379+0530] {processor.py:842} WARNING - No viable dags retrieved from /home/logi/txtai/venv/lib/python3.10/site-packages/airflow/example_dags/plugins/workday.py
[2025-10-30T15:17:47.390+0530] {processor.py:183} INFO - Processing /home/logi/txtai/venv/lib/python3.10/site-packages/airflow/example_dags/plugins/workday.py took 0.304 seconds
[2025-10-30T15:18:39.741+0530] {processor.py:161} INFO - Started process (PID=7175) to work on /home/logi/txtai/venv/lib/python3.10/site-packages/airflow/example_dags/plugins/workday.py
[2025-10-30T15:18:39.754+0530] {processor.py:830} INFO - Processing file /home/logi/txtai/venv/lib/python3.10/site-packages/airflow/example_dags/plugins/workday.py for tasks to queue
[2025-10-30T15:18:39.757+0530] {logging_mixin.py:188} INFO - [2025-10-30T15:18:39.757+0530] {dagbag.py:545} INFO - Filling up the DagBag from /home/logi/txtai/venv/lib/python3.10/site-packages/airflow/example_dags/plugins/workday.py
[2025-10-30T15:18:40.064+0530] {processor.py:842} WARNING - No viable dags retrieved from /home/logi/txtai/venv/lib/python3.10/site-packages/airflow/example_dags/plugins/workday.py
[2025-10-30T15:18:40.075+0530] {processor.py:183} INFO - Processing /home/logi/txtai/venv/lib/python3.10/site-packages/airflow/example_dags/plugins/workday.py took 0.346 seconds
[2025-10-30T15:19:32.929+0530] {processor.py:161} INFO - Started process (PID=7273) to work on /home/logi/txtai/venv/lib/python3.10/site-packages/airflow/example_dags/plugins/workday.py
[2025-10-30T15:19:32.943+0530] {processor.py:830} INFO - Processing file /home/logi/txtai/venv/lib/python3.10/site-packages/airflow/example_dags/plugins/workday.py for tasks to queue
[2025-10-30T15:19:32.947+0530] {logging_mixin.py:188} INFO - [2025-10-30T15:19:32.946+0530] {dagbag.py:545} INFO - Filling up the DagBag from /home/logi/txtai/venv/lib/python3.10/site-packages/airflow/example_dags/plugins/workday.py
[2025-10-30T15:19:33.324+0530] {processor.py:842} WARNING - No viable dags retrieved from /home/logi/txtai/venv/lib/python3.10/site-packages/airflow/example_dags/plugins/workday.py
[2025-10-30T15:19:33.334+0530] {processor.py:183} INFO - Processing /home/logi/txtai/venv/lib/python3.10/site-packages/airflow/example_dags/plugins/workday.py took 0.417 seconds
[2025-10-30T15:20:23.287+0530] {processor.py:161} INFO - Started process (PID=7365) to work on /home/logi/txtai/venv/lib/python3.10/site-packages/airflow/example_dags/plugins/workday.py
[2025-10-30T15:20:23.301+0530] {processor.py:830} INFO - Processing file /home/logi/txtai/venv/lib/python3.10/site-packages/airflow/example_dags/plugins/workday.py for tasks to queue
[2025-10-30T15:20:23.304+0530] {logging_mixin.py:188} INFO - [2025-10-30T15:20:23.303+0530] {dagbag.py:545} INFO - Filling up the DagBag from /home/logi/txtai/venv/lib/python3.10/site-packages/airflow/example_dags/plugins/workday.py
[2025-10-30T15:20:23.677+0530] {processor.py:842} WARNING - No viable dags retrieved from /home/logi/txtai/venv/lib/python3.10/site-packages/airflow/example_dags/plugins/workday.py
[2025-10-30T15:20:23.687+0530] {processor.py:183} INFO - Processing /home/logi/txtai/venv/lib/python3.10/site-packages/airflow/example_dags/plugins/workday.py took 0.412 seconds
[2025-10-30T15:21:12.440+0530] {processor.py:161} INFO - Started process (PID=7432) to work on /home/logi/txtai/venv/lib/python3.10/site-packages/airflow/example_dags/plugins/workday.py
[2025-10-30T15:21:12.443+0530] {processor.py:830} INFO - Processing file /home/logi/txtai/venv/lib/python3.10/site-packages/airflow/example_dags/plugins/workday.py for tasks to queue
[2025-10-30T15:21:12.445+0530] {logging_mixin.py:188} INFO - [2025-10-30T15:21:12.445+0530] {dagbag.py:545} INFO - Filling up the DagBag from /home/logi/txtai/venv/lib/python3.10/site-packages/airflow/example_dags/plugins/workday.py
[2025-10-30T15:21:12.701+0530] {processor.py:842} WARNING - No viable dags retrieved from /home/logi/txtai/venv/lib/python3.10/site-packages/airflow/example_dags/plugins/workday.py
[2025-10-30T15:21:12.711+0530] {processor.py:183} INFO - Processing /home/logi/txtai/venv/lib/python3.10/site-packages/airflow/example_dags/plugins/workday.py took 0.281 seconds
[2025-10-30T15:22:01.937+0530] {processor.py:161} INFO - Started process (PID=7514) to work on /home/logi/txtai/venv/lib/python3.10/site-packages/airflow/example_dags/plugins/workday.py
[2025-10-30T15:22:01.940+0530] {processor.py:830} INFO - Processing file /home/logi/txtai/venv/lib/python3.10/site-packages/airflow/example_dags/plugins/workday.py for tasks to queue
[2025-10-30T15:22:01.943+0530] {logging_mixin.py:188} INFO - [2025-10-30T15:22:01.942+0530] {dagbag.py:545} INFO - Filling up the DagBag from /home/logi/txtai/venv/lib/python3.10/site-packages/airflow/example_dags/plugins/workday.py
[2025-10-30T15:22:02.196+0530] {processor.py:842} WARNING - No viable dags retrieved from /home/logi/txtai/venv/lib/python3.10/site-packages/airflow/example_dags/plugins/workday.py
[2025-10-30T15:22:02.206+0530] {processor.py:183} INFO - Processing /home/logi/txtai/venv/lib/python3.10/site-packages/airflow/example_dags/plugins/workday.py took 0.280 seconds
[2025-10-30T15:22:50.068+0530] {processor.py:161} INFO - Started process (PID=7577) to work on /home/logi/txtai/venv/lib/python3.10/site-packages/airflow/example_dags/plugins/workday.py
[2025-10-30T15:22:50.082+0530] {processor.py:830} INFO - Processing file /home/logi/txtai/venv/lib/python3.10/site-packages/airflow/example_dags/plugins/workday.py for tasks to queue
[2025-10-30T15:22:50.085+0530] {logging_mixin.py:188} INFO - [2025-10-30T15:22:50.084+0530] {dagbag.py:545} INFO - Filling up the DagBag from /home/logi/txtai/venv/lib/python3.10/site-packages/airflow/example_dags/plugins/workday.py
[2025-10-30T15:22:50.348+0530] {processor.py:842} WARNING - No viable dags retrieved from /home/logi/txtai/venv/lib/python3.10/site-packages/airflow/example_dags/plugins/workday.py
[2025-10-30T15:22:50.358+0530] {processor.py:183} INFO - Processing /home/logi/txtai/venv/lib/python3.10/site-packages/airflow/example_dags/plugins/workday.py took 0.301 seconds
[2025-10-30T15:23:41.202+0530] {processor.py:161} INFO - Started process (PID=7653) to work on /home/logi/txtai/venv/lib/python3.10/site-packages/airflow/example_dags/plugins/workday.py
[2025-10-30T15:23:41.205+0530] {processor.py:830} INFO - Processing file /home/logi/txtai/venv/lib/python3.10/site-packages/airflow/example_dags/plugins/workday.py for tasks to queue
[2025-10-30T15:23:41.207+0530] {logging_mixin.py:188} INFO - [2025-10-30T15:23:41.207+0530] {dagbag.py:545} INFO - Filling up the DagBag from /home/logi/txtai/venv/lib/python3.10/site-packages/airflow/example_dags/plugins/workday.py
[2025-10-30T15:23:41.456+0530] {processor.py:842} WARNING - No viable dags retrieved from /home/logi/txtai/venv/lib/python3.10/site-packages/airflow/example_dags/plugins/workday.py
[2025-10-30T15:23:41.466+0530] {processor.py:183} INFO - Processing /home/logi/txtai/venv/lib/python3.10/site-packages/airflow/example_dags/plugins/workday.py took 0.275 seconds
[2025-10-30T15:24:31.126+0530] {processor.py:161} INFO - Started process (PID=7742) to work on /home/logi/txtai/venv/lib/python3.10/site-packages/airflow/example_dags/plugins/workday.py
[2025-10-30T15:24:31.129+0530] {processor.py:830} INFO - Processing file /home/logi/txtai/venv/lib/python3.10/site-packages/airflow/example_dags/plugins/workday.py for tasks to queue
[2025-10-30T15:24:31.132+0530] {logging_mixin.py:188} INFO - [2025-10-30T15:24:31.131+0530] {dagbag.py:545} INFO - Filling up the DagBag from /home/logi/txtai/venv/lib/python3.10/site-packages/airflow/example_dags/plugins/workday.py
[2025-10-30T15:24:31.390+0530] {processor.py:842} WARNING - No viable dags retrieved from /home/logi/txtai/venv/lib/python3.10/site-packages/airflow/example_dags/plugins/workday.py
[2025-10-30T15:24:31.400+0530] {processor.py:183} INFO - Processing /home/logi/txtai/venv/lib/python3.10/site-packages/airflow/example_dags/plugins/workday.py took 0.286 seconds
[2025-10-30T15:25:21.367+0530] {processor.py:161} INFO - Started process (PID=7805) to work on /home/logi/txtai/venv/lib/python3.10/site-packages/airflow/example_dags/plugins/workday.py
[2025-10-30T15:25:21.380+0530] {processor.py:830} INFO - Processing file /home/logi/txtai/venv/lib/python3.10/site-packages/airflow/example_dags/plugins/workday.py for tasks to queue
[2025-10-30T15:25:21.383+0530] {logging_mixin.py:188} INFO - [2025-10-30T15:25:21.382+0530] {dagbag.py:545} INFO - Filling up the DagBag from /home/logi/txtai/venv/lib/python3.10/site-packages/airflow/example_dags/plugins/workday.py
[2025-10-30T15:25:21.644+0530] {processor.py:842} WARNING - No viable dags retrieved from /home/logi/txtai/venv/lib/python3.10/site-packages/airflow/example_dags/plugins/workday.py
[2025-10-30T15:25:21.654+0530] {processor.py:183} INFO - Processing /home/logi/txtai/venv/lib/python3.10/site-packages/airflow/example_dags/plugins/workday.py took 0.299 seconds
[2025-10-30T15:26:09.917+0530] {processor.py:161} INFO - Started process (PID=7882) to work on /home/logi/txtai/venv/lib/python3.10/site-packages/airflow/example_dags/plugins/workday.py
[2025-10-30T15:26:09.931+0530] {processor.py:830} INFO - Processing file /home/logi/txtai/venv/lib/python3.10/site-packages/airflow/example_dags/plugins/workday.py for tasks to queue
[2025-10-30T15:26:09.934+0530] {logging_mixin.py:188} INFO - [2025-10-30T15:26:09.933+0530] {dagbag.py:545} INFO - Filling up the DagBag from /home/logi/txtai/venv/lib/python3.10/site-packages/airflow/example_dags/plugins/workday.py
[2025-10-30T15:26:10.190+0530] {processor.py:842} WARNING - No viable dags retrieved from /home/logi/txtai/venv/lib/python3.10/site-packages/airflow/example_dags/plugins/workday.py
[2025-10-30T15:26:10.201+0530] {processor.py:183} INFO - Processing /home/logi/txtai/venv/lib/python3.10/site-packages/airflow/example_dags/plugins/workday.py took 0.294 seconds
[2025-10-30T15:26:56.503+0530] {processor.py:161} INFO - Started process (PID=7941) to work on /home/logi/txtai/venv/lib/python3.10/site-packages/airflow/example_dags/plugins/workday.py
[2025-10-30T15:26:56.516+0530] {processor.py:830} INFO - Processing file /home/logi/txtai/venv/lib/python3.10/site-packages/airflow/example_dags/plugins/workday.py for tasks to queue
[2025-10-30T15:26:56.519+0530] {logging_mixin.py:188} INFO - [2025-10-30T15:26:56.519+0530] {dagbag.py:545} INFO - Filling up the DagBag from /home/logi/txtai/venv/lib/python3.10/site-packages/airflow/example_dags/plugins/workday.py
[2025-10-30T15:26:56.777+0530] {processor.py:842} WARNING - No viable dags retrieved from /home/logi/txtai/venv/lib/python3.10/site-packages/airflow/example_dags/plugins/workday.py
[2025-10-30T15:26:56.787+0530] {processor.py:183} INFO - Processing /home/logi/txtai/venv/lib/python3.10/site-packages/airflow/example_dags/plugins/workday.py took 0.295 seconds
[2025-10-30T15:27:46.980+0530] {processor.py:161} INFO - Started process (PID=8003) to work on /home/logi/txtai/venv/lib/python3.10/site-packages/airflow/example_dags/plugins/workday.py
[2025-10-30T15:27:46.993+0530] {processor.py:830} INFO - Processing file /home/logi/txtai/venv/lib/python3.10/site-packages/airflow/example_dags/plugins/workday.py for tasks to queue
[2025-10-30T15:27:46.997+0530] {logging_mixin.py:188} INFO - [2025-10-30T15:27:46.996+0530] {dagbag.py:545} INFO - Filling up the DagBag from /home/logi/txtai/venv/lib/python3.10/site-packages/airflow/example_dags/plugins/workday.py
[2025-10-30T15:27:47.254+0530] {processor.py:842} WARNING - No viable dags retrieved from /home/logi/txtai/venv/lib/python3.10/site-packages/airflow/example_dags/plugins/workday.py
[2025-10-30T15:27:47.264+0530] {processor.py:183} INFO - Processing /home/logi/txtai/venv/lib/python3.10/site-packages/airflow/example_dags/plugins/workday.py took 0.295 seconds
[2025-10-30T15:28:37.630+0530] {processor.py:161} INFO - Started process (PID=8066) to work on /home/logi/txtai/venv/lib/python3.10/site-packages/airflow/example_dags/plugins/workday.py
[2025-10-30T15:28:37.643+0530] {processor.py:830} INFO - Processing file /home/logi/txtai/venv/lib/python3.10/site-packages/airflow/example_dags/plugins/workday.py for tasks to queue
[2025-10-30T15:28:37.647+0530] {logging_mixin.py:188} INFO - [2025-10-30T15:28:37.646+0530] {dagbag.py:545} INFO - Filling up the DagBag from /home/logi/txtai/venv/lib/python3.10/site-packages/airflow/example_dags/plugins/workday.py
[2025-10-30T15:28:38.069+0530] {processor.py:842} WARNING - No viable dags retrieved from /home/logi/txtai/venv/lib/python3.10/site-packages/airflow/example_dags/plugins/workday.py
[2025-10-30T15:28:38.076+0530] {processor.py:183} INFO - Processing /home/logi/txtai/venv/lib/python3.10/site-packages/airflow/example_dags/plugins/workday.py took 0.458 seconds
[2025-10-30T15:29:27.661+0530] {processor.py:161} INFO - Started process (PID=8157) to work on /home/logi/txtai/venv/lib/python3.10/site-packages/airflow/example_dags/plugins/workday.py
[2025-10-30T15:29:27.674+0530] {processor.py:830} INFO - Processing file /home/logi/txtai/venv/lib/python3.10/site-packages/airflow/example_dags/plugins/workday.py for tasks to queue
[2025-10-30T15:29:27.677+0530] {logging_mixin.py:188} INFO - [2025-10-30T15:29:27.677+0530] {dagbag.py:545} INFO - Filling up the DagBag from /home/logi/txtai/venv/lib/python3.10/site-packages/airflow/example_dags/plugins/workday.py
[2025-10-30T15:29:27.934+0530] {processor.py:842} WARNING - No viable dags retrieved from /home/logi/txtai/venv/lib/python3.10/site-packages/airflow/example_dags/plugins/workday.py
[2025-10-30T15:29:27.944+0530] {processor.py:183} INFO - Processing /home/logi/txtai/venv/lib/python3.10/site-packages/airflow/example_dags/plugins/workday.py took 0.295 seconds
[2025-10-30T15:30:17.564+0530] {processor.py:161} INFO - Started process (PID=8219) to work on /home/logi/txtai/venv/lib/python3.10/site-packages/airflow/example_dags/plugins/workday.py
[2025-10-30T15:30:17.577+0530] {processor.py:830} INFO - Processing file /home/logi/txtai/venv/lib/python3.10/site-packages/airflow/example_dags/plugins/workday.py for tasks to queue
[2025-10-30T15:30:17.580+0530] {logging_mixin.py:188} INFO - [2025-10-30T15:30:17.580+0530] {dagbag.py:545} INFO - Filling up the DagBag from /home/logi/txtai/venv/lib/python3.10/site-packages/airflow/example_dags/plugins/workday.py
[2025-10-30T15:30:18.012+0530] {processor.py:842} WARNING - No viable dags retrieved from /home/logi/txtai/venv/lib/python3.10/site-packages/airflow/example_dags/plugins/workday.py
[2025-10-30T15:30:18.019+0530] {processor.py:183} INFO - Processing /home/logi/txtai/venv/lib/python3.10/site-packages/airflow/example_dags/plugins/workday.py took 0.467 seconds
[2025-10-30T15:31:04.144+0530] {processor.py:161} INFO - Started process (PID=8278) to work on /home/logi/txtai/venv/lib/python3.10/site-packages/airflow/example_dags/plugins/workday.py
[2025-10-30T15:31:04.158+0530] {processor.py:830} INFO - Processing file /home/logi/txtai/venv/lib/python3.10/site-packages/airflow/example_dags/plugins/workday.py for tasks to queue
[2025-10-30T15:31:04.161+0530] {logging_mixin.py:188} INFO - [2025-10-30T15:31:04.160+0530] {dagbag.py:545} INFO - Filling up the DagBag from /home/logi/txtai/venv/lib/python3.10/site-packages/airflow/example_dags/plugins/workday.py
[2025-10-30T15:31:04.567+0530] {processor.py:842} WARNING - No viable dags retrieved from /home/logi/txtai/venv/lib/python3.10/site-packages/airflow/example_dags/plugins/workday.py
[2025-10-30T15:31:04.574+0530] {processor.py:183} INFO - Processing /home/logi/txtai/venv/lib/python3.10/site-packages/airflow/example_dags/plugins/workday.py took 0.441 seconds
[2025-10-30T15:31:57.594+0530] {processor.py:161} INFO - Started process (PID=8340) to work on /home/logi/txtai/venv/lib/python3.10/site-packages/airflow/example_dags/plugins/workday.py
[2025-10-30T15:31:57.608+0530] {processor.py:830} INFO - Processing file /home/logi/txtai/venv/lib/python3.10/site-packages/airflow/example_dags/plugins/workday.py for tasks to queue
[2025-10-30T15:31:57.611+0530] {logging_mixin.py:188} INFO - [2025-10-30T15:31:57.610+0530] {dagbag.py:545} INFO - Filling up the DagBag from /home/logi/txtai/venv/lib/python3.10/site-packages/airflow/example_dags/plugins/workday.py
[2025-10-30T15:31:58.040+0530] {processor.py:842} WARNING - No viable dags retrieved from /home/logi/txtai/venv/lib/python3.10/site-packages/airflow/example_dags/plugins/workday.py
[2025-10-30T15:31:58.047+0530] {processor.py:183} INFO - Processing /home/logi/txtai/venv/lib/python3.10/site-packages/airflow/example_dags/plugins/workday.py took 0.464 seconds
[2025-10-30T15:32:48.418+0530] {processor.py:161} INFO - Started process (PID=8408) to work on /home/logi/txtai/venv/lib/python3.10/site-packages/airflow/example_dags/plugins/workday.py
[2025-10-30T15:32:48.431+0530] {processor.py:830} INFO - Processing file /home/logi/txtai/venv/lib/python3.10/site-packages/airflow/example_dags/plugins/workday.py for tasks to queue
[2025-10-30T15:32:48.434+0530] {logging_mixin.py:188} INFO - [2025-10-30T15:32:48.434+0530] {dagbag.py:545} INFO - Filling up the DagBag from /home/logi/txtai/venv/lib/python3.10/site-packages/airflow/example_dags/plugins/workday.py
[2025-10-30T15:32:48.863+0530] {processor.py:842} WARNING - No viable dags retrieved from /home/logi/txtai/venv/lib/python3.10/site-packages/airflow/example_dags/plugins/workday.py
[2025-10-30T15:32:48.870+0530] {processor.py:183} INFO - Processing /home/logi/txtai/venv/lib/python3.10/site-packages/airflow/example_dags/plugins/workday.py took 0.464 seconds
[2025-10-30T15:33:38.258+0530] {processor.py:161} INFO - Started process (PID=8471) to work on /home/logi/txtai/venv/lib/python3.10/site-packages/airflow/example_dags/plugins/workday.py
[2025-10-30T15:33:38.272+0530] {processor.py:830} INFO - Processing file /home/logi/txtai/venv/lib/python3.10/site-packages/airflow/example_dags/plugins/workday.py for tasks to queue
[2025-10-30T15:33:38.275+0530] {logging_mixin.py:188} INFO - [2025-10-30T15:33:38.274+0530] {dagbag.py:545} INFO - Filling up the DagBag from /home/logi/txtai/venv/lib/python3.10/site-packages/airflow/example_dags/plugins/workday.py
[2025-10-30T15:33:38.697+0530] {processor.py:842} WARNING - No viable dags retrieved from /home/logi/txtai/venv/lib/python3.10/site-packages/airflow/example_dags/plugins/workday.py
[2025-10-30T15:33:38.705+0530] {processor.py:183} INFO - Processing /home/logi/txtai/venv/lib/python3.10/site-packages/airflow/example_dags/plugins/workday.py took 0.457 seconds
[2025-10-30T15:34:33.722+0530] {processor.py:161} INFO - Started process (PID=8564) to work on /home/logi/txtai/venv/lib/python3.10/site-packages/airflow/example_dags/plugins/workday.py
[2025-10-30T15:34:33.736+0530] {processor.py:830} INFO - Processing file /home/logi/txtai/venv/lib/python3.10/site-packages/airflow/example_dags/plugins/workday.py for tasks to queue
[2025-10-30T15:34:33.739+0530] {logging_mixin.py:188} INFO - [2025-10-30T15:34:33.739+0530] {dagbag.py:545} INFO - Filling up the DagBag from /home/logi/txtai/venv/lib/python3.10/site-packages/airflow/example_dags/plugins/workday.py
[2025-10-30T15:34:34.167+0530] {processor.py:842} WARNING - No viable dags retrieved from /home/logi/txtai/venv/lib/python3.10/site-packages/airflow/example_dags/plugins/workday.py
[2025-10-30T15:34:34.174+0530] {processor.py:183} INFO - Processing /home/logi/txtai/venv/lib/python3.10/site-packages/airflow/example_dags/plugins/workday.py took 0.464 seconds
[2025-10-30T15:35:35.095+0530] {processor.py:161} INFO - Started process (PID=8633) to work on /home/logi/txtai/venv/lib/python3.10/site-packages/airflow/example_dags/plugins/workday.py
[2025-10-30T15:35:35.109+0530] {processor.py:830} INFO - Processing file /home/logi/txtai/venv/lib/python3.10/site-packages/airflow/example_dags/plugins/workday.py for tasks to queue
[2025-10-30T15:35:35.112+0530] {logging_mixin.py:188} INFO - [2025-10-30T15:35:35.112+0530] {dagbag.py:545} INFO - Filling up the DagBag from /home/logi/txtai/venv/lib/python3.10/site-packages/airflow/example_dags/plugins/workday.py
[2025-10-30T15:35:35.540+0530] {processor.py:842} WARNING - No viable dags retrieved from /home/logi/txtai/venv/lib/python3.10/site-packages/airflow/example_dags/plugins/workday.py
[2025-10-30T15:35:35.547+0530] {processor.py:183} INFO - Processing /home/logi/txtai/venv/lib/python3.10/site-packages/airflow/example_dags/plugins/workday.py took 0.463 seconds
[2025-10-30T15:36:27.612+0530] {processor.py:161} INFO - Started process (PID=8698) to work on /home/logi/txtai/venv/lib/python3.10/site-packages/airflow/example_dags/plugins/workday.py
[2025-10-30T15:36:27.625+0530] {processor.py:830} INFO - Processing file /home/logi/txtai/venv/lib/python3.10/site-packages/airflow/example_dags/plugins/workday.py for tasks to queue
[2025-10-30T15:36:27.628+0530] {logging_mixin.py:188} INFO - [2025-10-30T15:36:27.628+0530] {dagbag.py:545} INFO - Filling up the DagBag from /home/logi/txtai/venv/lib/python3.10/site-packages/airflow/example_dags/plugins/workday.py
[2025-10-30T15:36:28.058+0530] {processor.py:842} WARNING - No viable dags retrieved from /home/logi/txtai/venv/lib/python3.10/site-packages/airflow/example_dags/plugins/workday.py
[2025-10-30T15:36:28.065+0530] {processor.py:183} INFO - Processing /home/logi/txtai/venv/lib/python3.10/site-packages/airflow/example_dags/plugins/workday.py took 0.465 seconds
[2025-10-30T15:37:22.483+0530] {processor.py:161} INFO - Started process (PID=8775) to work on /home/logi/txtai/venv/lib/python3.10/site-packages/airflow/example_dags/plugins/workday.py
[2025-10-30T15:37:22.497+0530] {processor.py:830} INFO - Processing file /home/logi/txtai/venv/lib/python3.10/site-packages/airflow/example_dags/plugins/workday.py for tasks to queue
[2025-10-30T15:37:22.500+0530] {logging_mixin.py:188} INFO - [2025-10-30T15:37:22.499+0530] {dagbag.py:545} INFO - Filling up the DagBag from /home/logi/txtai/venv/lib/python3.10/site-packages/airflow/example_dags/plugins/workday.py
[2025-10-30T15:37:22.929+0530] {processor.py:842} WARNING - No viable dags retrieved from /home/logi/txtai/venv/lib/python3.10/site-packages/airflow/example_dags/plugins/workday.py
[2025-10-30T15:37:22.937+0530] {processor.py:183} INFO - Processing /home/logi/txtai/venv/lib/python3.10/site-packages/airflow/example_dags/plugins/workday.py took 0.464 seconds
[2025-10-30T15:38:16.586+0530] {processor.py:161} INFO - Started process (PID=8842) to work on /home/logi/txtai/venv/lib/python3.10/site-packages/airflow/example_dags/plugins/workday.py
[2025-10-30T15:38:16.589+0530] {processor.py:830} INFO - Processing file /home/logi/txtai/venv/lib/python3.10/site-packages/airflow/example_dags/plugins/workday.py for tasks to queue
[2025-10-30T15:38:16.591+0530] {logging_mixin.py:188} INFO - [2025-10-30T15:38:16.591+0530] {dagbag.py:545} INFO - Filling up the DagBag from /home/logi/txtai/venv/lib/python3.10/site-packages/airflow/example_dags/plugins/workday.py
[2025-10-30T15:38:17.007+0530] {processor.py:842} WARNING - No viable dags retrieved from /home/logi/txtai/venv/lib/python3.10/site-packages/airflow/example_dags/plugins/workday.py
[2025-10-30T15:38:17.014+0530] {processor.py:183} INFO - Processing /home/logi/txtai/venv/lib/python3.10/site-packages/airflow/example_dags/plugins/workday.py took 0.439 seconds
[2025-10-30T15:39:07.176+0530] {processor.py:161} INFO - Started process (PID=8905) to work on /home/logi/txtai/venv/lib/python3.10/site-packages/airflow/example_dags/plugins/workday.py
[2025-10-30T15:39:07.190+0530] {processor.py:830} INFO - Processing file /home/logi/txtai/venv/lib/python3.10/site-packages/airflow/example_dags/plugins/workday.py for tasks to queue
[2025-10-30T15:39:07.193+0530] {logging_mixin.py:188} INFO - [2025-10-30T15:39:07.192+0530] {dagbag.py:545} INFO - Filling up the DagBag from /home/logi/txtai/venv/lib/python3.10/site-packages/airflow/example_dags/plugins/workday.py
[2025-10-30T15:39:07.622+0530] {processor.py:842} WARNING - No viable dags retrieved from /home/logi/txtai/venv/lib/python3.10/site-packages/airflow/example_dags/plugins/workday.py
[2025-10-30T15:39:07.630+0530] {processor.py:183} INFO - Processing /home/logi/txtai/venv/lib/python3.10/site-packages/airflow/example_dags/plugins/workday.py took 0.465 seconds
[2025-10-30T15:39:56.984+0530] {processor.py:161} INFO - Started process (PID=9070) to work on /home/logi/txtai/venv/lib/python3.10/site-packages/airflow/example_dags/plugins/workday.py
[2025-10-30T15:39:56.998+0530] {processor.py:830} INFO - Processing file /home/logi/txtai/venv/lib/python3.10/site-packages/airflow/example_dags/plugins/workday.py for tasks to queue
[2025-10-30T15:39:57.001+0530] {logging_mixin.py:188} INFO - [2025-10-30T15:39:57.000+0530] {dagbag.py:545} INFO - Filling up the DagBag from /home/logi/txtai/venv/lib/python3.10/site-packages/airflow/example_dags/plugins/workday.py
[2025-10-30T15:39:57.384+0530] {processor.py:842} WARNING - No viable dags retrieved from /home/logi/txtai/venv/lib/python3.10/site-packages/airflow/example_dags/plugins/workday.py
[2025-10-30T15:39:57.391+0530] {processor.py:183} INFO - Processing /home/logi/txtai/venv/lib/python3.10/site-packages/airflow/example_dags/plugins/workday.py took 0.418 seconds
[2025-10-30T15:40:46.521+0530] {processor.py:161} INFO - Started process (PID=9151) to work on /home/logi/txtai/venv/lib/python3.10/site-packages/airflow/example_dags/plugins/workday.py
[2025-10-30T15:40:46.536+0530] {processor.py:830} INFO - Processing file /home/logi/txtai/venv/lib/python3.10/site-packages/airflow/example_dags/plugins/workday.py for tasks to queue
[2025-10-30T15:40:46.543+0530] {logging_mixin.py:188} INFO - [2025-10-30T15:40:46.542+0530] {dagbag.py:545} INFO - Filling up the DagBag from /home/logi/txtai/venv/lib/python3.10/site-packages/airflow/example_dags/plugins/workday.py
[2025-10-30T15:40:47.108+0530] {processor.py:842} WARNING - No viable dags retrieved from /home/logi/txtai/venv/lib/python3.10/site-packages/airflow/example_dags/plugins/workday.py
[2025-10-30T15:40:47.118+0530] {processor.py:183} INFO - Processing /home/logi/txtai/venv/lib/python3.10/site-packages/airflow/example_dags/plugins/workday.py took 0.614 seconds
[2025-10-30T15:41:37.967+0530] {processor.py:161} INFO - Started process (PID=9341) to work on /home/logi/txtai/venv/lib/python3.10/site-packages/airflow/example_dags/plugins/workday.py
[2025-10-30T15:41:37.981+0530] {processor.py:830} INFO - Processing file /home/logi/txtai/venv/lib/python3.10/site-packages/airflow/example_dags/plugins/workday.py for tasks to queue
[2025-10-30T15:41:37.984+0530] {logging_mixin.py:188} INFO - [2025-10-30T15:41:37.983+0530] {dagbag.py:545} INFO - Filling up the DagBag from /home/logi/txtai/venv/lib/python3.10/site-packages/airflow/example_dags/plugins/workday.py
[2025-10-30T15:41:38.396+0530] {processor.py:842} WARNING - No viable dags retrieved from /home/logi/txtai/venv/lib/python3.10/site-packages/airflow/example_dags/plugins/workday.py
[2025-10-30T15:41:38.402+0530] {processor.py:183} INFO - Processing /home/logi/txtai/venv/lib/python3.10/site-packages/airflow/example_dags/plugins/workday.py took 0.446 seconds
[2025-10-30T15:42:28.850+0530] {processor.py:161} INFO - Started process (PID=9469) to work on /home/logi/txtai/venv/lib/python3.10/site-packages/airflow/example_dags/plugins/workday.py
[2025-10-30T15:42:28.863+0530] {processor.py:830} INFO - Processing file /home/logi/txtai/venv/lib/python3.10/site-packages/airflow/example_dags/plugins/workday.py for tasks to queue
[2025-10-30T15:42:28.866+0530] {logging_mixin.py:188} INFO - [2025-10-30T15:42:28.865+0530] {dagbag.py:545} INFO - Filling up the DagBag from /home/logi/txtai/venv/lib/python3.10/site-packages/airflow/example_dags/plugins/workday.py
[2025-10-30T15:42:29.205+0530] {processor.py:842} WARNING - No viable dags retrieved from /home/logi/txtai/venv/lib/python3.10/site-packages/airflow/example_dags/plugins/workday.py
[2025-10-30T15:42:29.211+0530] {processor.py:183} INFO - Processing /home/logi/txtai/venv/lib/python3.10/site-packages/airflow/example_dags/plugins/workday.py took 0.371 seconds
[2025-10-30T15:43:17.187+0530] {processor.py:161} INFO - Started process (PID=9652) to work on /home/logi/txtai/venv/lib/python3.10/site-packages/airflow/example_dags/plugins/workday.py
[2025-10-30T15:43:17.200+0530] {processor.py:830} INFO - Processing file /home/logi/txtai/venv/lib/python3.10/site-packages/airflow/example_dags/plugins/workday.py for tasks to queue
[2025-10-30T15:43:17.203+0530] {logging_mixin.py:188} INFO - [2025-10-30T15:43:17.202+0530] {dagbag.py:545} INFO - Filling up the DagBag from /home/logi/txtai/venv/lib/python3.10/site-packages/airflow/example_dags/plugins/workday.py
[2025-10-30T15:43:17.635+0530] {processor.py:842} WARNING - No viable dags retrieved from /home/logi/txtai/venv/lib/python3.10/site-packages/airflow/example_dags/plugins/workday.py
[2025-10-30T15:43:17.642+0530] {processor.py:183} INFO - Processing /home/logi/txtai/venv/lib/python3.10/site-packages/airflow/example_dags/plugins/workday.py took 0.467 seconds
[2025-10-30T15:44:08.285+0530] {processor.py:161} INFO - Started process (PID=9871) to work on /home/logi/txtai/venv/lib/python3.10/site-packages/airflow/example_dags/plugins/workday.py
[2025-10-30T15:44:08.298+0530] {processor.py:830} INFO - Processing file /home/logi/txtai/venv/lib/python3.10/site-packages/airflow/example_dags/plugins/workday.py for tasks to queue
[2025-10-30T15:44:08.301+0530] {logging_mixin.py:188} INFO - [2025-10-30T15:44:08.300+0530] {dagbag.py:545} INFO - Filling up the DagBag from /home/logi/txtai/venv/lib/python3.10/site-packages/airflow/example_dags/plugins/workday.py
[2025-10-30T15:44:08.735+0530] {processor.py:842} WARNING - No viable dags retrieved from /home/logi/txtai/venv/lib/python3.10/site-packages/airflow/example_dags/plugins/workday.py
[2025-10-30T15:44:08.743+0530] {processor.py:183} INFO - Processing /home/logi/txtai/venv/lib/python3.10/site-packages/airflow/example_dags/plugins/workday.py took 0.464 seconds
[2025-10-30T15:44:57.024+0530] {processor.py:161} INFO - Started process (PID=10029) to work on /home/logi/txtai/venv/lib/python3.10/site-packages/airflow/example_dags/plugins/workday.py
[2025-10-30T15:44:57.038+0530] {processor.py:830} INFO - Processing file /home/logi/txtai/venv/lib/python3.10/site-packages/airflow/example_dags/plugins/workday.py for tasks to queue
[2025-10-30T15:44:57.041+0530] {logging_mixin.py:188} INFO - [2025-10-30T15:44:57.041+0530] {dagbag.py:545} INFO - Filling up the DagBag from /home/logi/txtai/venv/lib/python3.10/site-packages/airflow/example_dags/plugins/workday.py
[2025-10-30T15:44:57.471+0530] {processor.py:842} WARNING - No viable dags retrieved from /home/logi/txtai/venv/lib/python3.10/site-packages/airflow/example_dags/plugins/workday.py
[2025-10-30T15:44:57.478+0530] {processor.py:183} INFO - Processing /home/logi/txtai/venv/lib/python3.10/site-packages/airflow/example_dags/plugins/workday.py took 0.465 seconds
[2025-10-30T15:45:46.350+0530] {processor.py:161} INFO - Started process (PID=10150) to work on /home/logi/txtai/venv/lib/python3.10/site-packages/airflow/example_dags/plugins/workday.py
[2025-10-30T15:45:46.364+0530] {processor.py:830} INFO - Processing file /home/logi/txtai/venv/lib/python3.10/site-packages/airflow/example_dags/plugins/workday.py for tasks to queue
[2025-10-30T15:45:46.367+0530] {logging_mixin.py:188} INFO - [2025-10-30T15:45:46.366+0530] {dagbag.py:545} INFO - Filling up the DagBag from /home/logi/txtai/venv/lib/python3.10/site-packages/airflow/example_dags/plugins/workday.py
[2025-10-30T15:45:46.794+0530] {processor.py:842} WARNING - No viable dags retrieved from /home/logi/txtai/venv/lib/python3.10/site-packages/airflow/example_dags/plugins/workday.py
[2025-10-30T15:45:46.801+0530] {processor.py:183} INFO - Processing /home/logi/txtai/venv/lib/python3.10/site-packages/airflow/example_dags/plugins/workday.py took 0.462 seconds
[2025-10-30T15:46:33.900+0530] {processor.py:161} INFO - Started process (PID=10223) to work on /home/logi/txtai/venv/lib/python3.10/site-packages/airflow/example_dags/plugins/workday.py
[2025-10-30T15:46:33.902+0530] {processor.py:830} INFO - Processing file /home/logi/txtai/venv/lib/python3.10/site-packages/airflow/example_dags/plugins/workday.py for tasks to queue
[2025-10-30T15:46:33.905+0530] {logging_mixin.py:188} INFO - [2025-10-30T15:46:33.904+0530] {dagbag.py:545} INFO - Filling up the DagBag from /home/logi/txtai/venv/lib/python3.10/site-packages/airflow/example_dags/plugins/workday.py
[2025-10-30T15:46:34.342+0530] {processor.py:842} WARNING - No viable dags retrieved from /home/logi/txtai/venv/lib/python3.10/site-packages/airflow/example_dags/plugins/workday.py
[2025-10-30T15:46:34.349+0530] {processor.py:183} INFO - Processing /home/logi/txtai/venv/lib/python3.10/site-packages/airflow/example_dags/plugins/workday.py took 0.461 seconds
[2025-10-30T15:47:20.599+0530] {processor.py:161} INFO - Started process (PID=10280) to work on /home/logi/txtai/venv/lib/python3.10/site-packages/airflow/example_dags/plugins/workday.py
[2025-10-30T15:47:20.612+0530] {processor.py:830} INFO - Processing file /home/logi/txtai/venv/lib/python3.10/site-packages/airflow/example_dags/plugins/workday.py for tasks to queue
[2025-10-30T15:47:20.615+0530] {logging_mixin.py:188} INFO - [2025-10-30T15:47:20.614+0530] {dagbag.py:545} INFO - Filling up the DagBag from /home/logi/txtai/venv/lib/python3.10/site-packages/airflow/example_dags/plugins/workday.py
[2025-10-30T15:47:21.037+0530] {processor.py:842} WARNING - No viable dags retrieved from /home/logi/txtai/venv/lib/python3.10/site-packages/airflow/example_dags/plugins/workday.py
[2025-10-30T15:47:21.044+0530] {processor.py:183} INFO - Processing /home/logi/txtai/venv/lib/python3.10/site-packages/airflow/example_dags/plugins/workday.py took 0.454 seconds
[2025-10-30T15:48:10.516+0530] {processor.py:161} INFO - Started process (PID=10362) to work on /home/logi/txtai/venv/lib/python3.10/site-packages/airflow/example_dags/plugins/workday.py
[2025-10-30T15:48:10.519+0530] {processor.py:830} INFO - Processing file /home/logi/txtai/venv/lib/python3.10/site-packages/airflow/example_dags/plugins/workday.py for tasks to queue
[2025-10-30T15:48:10.522+0530] {logging_mixin.py:188} INFO - [2025-10-30T15:48:10.521+0530] {dagbag.py:545} INFO - Filling up the DagBag from /home/logi/txtai/venv/lib/python3.10/site-packages/airflow/example_dags/plugins/workday.py
[2025-10-30T15:48:10.949+0530] {processor.py:842} WARNING - No viable dags retrieved from /home/logi/txtai/venv/lib/python3.10/site-packages/airflow/example_dags/plugins/workday.py
[2025-10-30T15:48:10.956+0530] {processor.py:183} INFO - Processing /home/logi/txtai/venv/lib/python3.10/site-packages/airflow/example_dags/plugins/workday.py took 0.452 seconds
[2025-10-30T15:49:03.246+0530] {processor.py:161} INFO - Started process (PID=10443) to work on /home/logi/txtai/venv/lib/python3.10/site-packages/airflow/example_dags/plugins/workday.py
[2025-10-30T15:49:03.261+0530] {processor.py:830} INFO - Processing file /home/logi/txtai/venv/lib/python3.10/site-packages/airflow/example_dags/plugins/workday.py for tasks to queue
[2025-10-30T15:49:03.264+0530] {logging_mixin.py:188} INFO - [2025-10-30T15:49:03.263+0530] {dagbag.py:545} INFO - Filling up the DagBag from /home/logi/txtai/venv/lib/python3.10/site-packages/airflow/example_dags/plugins/workday.py
[2025-10-30T15:49:03.689+0530] {processor.py:842} WARNING - No viable dags retrieved from /home/logi/txtai/venv/lib/python3.10/site-packages/airflow/example_dags/plugins/workday.py
[2025-10-30T15:49:03.696+0530] {processor.py:183} INFO - Processing /home/logi/txtai/venv/lib/python3.10/site-packages/airflow/example_dags/plugins/workday.py took 0.461 seconds
[2025-10-30T15:49:50.985+0530] {processor.py:161} INFO - Started process (PID=10554) to work on /home/logi/txtai/venv/lib/python3.10/site-packages/airflow/example_dags/plugins/workday.py
[2025-10-30T15:49:51.000+0530] {processor.py:830} INFO - Processing file /home/logi/txtai/venv/lib/python3.10/site-packages/airflow/example_dags/plugins/workday.py for tasks to queue
[2025-10-30T15:49:51.005+0530] {logging_mixin.py:188} INFO - [2025-10-30T15:49:51.004+0530] {dagbag.py:545} INFO - Filling up the DagBag from /home/logi/txtai/venv/lib/python3.10/site-packages/airflow/example_dags/plugins/workday.py
[2025-10-30T15:49:51.443+0530] {processor.py:842} WARNING - No viable dags retrieved from /home/logi/txtai/venv/lib/python3.10/site-packages/airflow/example_dags/plugins/workday.py
[2025-10-30T15:49:51.448+0530] {processor.py:183} INFO - Processing /home/logi/txtai/venv/lib/python3.10/site-packages/airflow/example_dags/plugins/workday.py took 0.481 seconds
[2025-10-30T15:50:41.801+0530] {processor.py:161} INFO - Started process (PID=10621) to work on /home/logi/txtai/venv/lib/python3.10/site-packages/airflow/example_dags/plugins/workday.py
[2025-10-30T15:50:41.814+0530] {processor.py:830} INFO - Processing file /home/logi/txtai/venv/lib/python3.10/site-packages/airflow/example_dags/plugins/workday.py for tasks to queue
[2025-10-30T15:50:41.818+0530] {logging_mixin.py:188} INFO - [2025-10-30T15:50:41.817+0530] {dagbag.py:545} INFO - Filling up the DagBag from /home/logi/txtai/venv/lib/python3.10/site-packages/airflow/example_dags/plugins/workday.py
[2025-10-30T15:50:42.237+0530] {processor.py:842} WARNING - No viable dags retrieved from /home/logi/txtai/venv/lib/python3.10/site-packages/airflow/example_dags/plugins/workday.py
[2025-10-30T15:50:42.245+0530] {processor.py:183} INFO - Processing /home/logi/txtai/venv/lib/python3.10/site-packages/airflow/example_dags/plugins/workday.py took 0.455 seconds
[2025-10-30T15:51:29.225+0530] {processor.py:161} INFO - Started process (PID=10680) to work on /home/logi/txtai/venv/lib/python3.10/site-packages/airflow/example_dags/plugins/workday.py
[2025-10-30T15:51:29.239+0530] {processor.py:830} INFO - Processing file /home/logi/txtai/venv/lib/python3.10/site-packages/airflow/example_dags/plugins/workday.py for tasks to queue
[2025-10-30T15:51:29.242+0530] {logging_mixin.py:188} INFO - [2025-10-30T15:51:29.241+0530] {dagbag.py:545} INFO - Filling up the DagBag from /home/logi/txtai/venv/lib/python3.10/site-packages/airflow/example_dags/plugins/workday.py
[2025-10-30T15:51:29.620+0530] {processor.py:842} WARNING - No viable dags retrieved from /home/logi/txtai/venv/lib/python3.10/site-packages/airflow/example_dags/plugins/workday.py
[2025-10-30T15:51:29.628+0530] {processor.py:183} INFO - Processing /home/logi/txtai/venv/lib/python3.10/site-packages/airflow/example_dags/plugins/workday.py took 0.414 seconds
[2025-10-30T15:52:17.992+0530] {processor.py:161} INFO - Started process (PID=10783) to work on /home/logi/txtai/venv/lib/python3.10/site-packages/airflow/example_dags/plugins/workday.py
[2025-10-30T15:52:18.007+0530] {processor.py:830} INFO - Processing file /home/logi/txtai/venv/lib/python3.10/site-packages/airflow/example_dags/plugins/workday.py for tasks to queue
[2025-10-30T15:52:18.013+0530] {logging_mixin.py:188} INFO - [2025-10-30T15:52:18.012+0530] {dagbag.py:545} INFO - Filling up the DagBag from /home/logi/txtai/venv/lib/python3.10/site-packages/airflow/example_dags/plugins/workday.py
[2025-10-30T15:52:18.660+0530] {processor.py:842} WARNING - No viable dags retrieved from /home/logi/txtai/venv/lib/python3.10/site-packages/airflow/example_dags/plugins/workday.py
[2025-10-30T15:52:18.667+0530] {processor.py:183} INFO - Processing /home/logi/txtai/venv/lib/python3.10/site-packages/airflow/example_dags/plugins/workday.py took 0.692 seconds
[2025-10-30T15:53:12.559+0530] {processor.py:161} INFO - Started process (PID=10985) to work on /home/logi/txtai/venv/lib/python3.10/site-packages/airflow/example_dags/plugins/workday.py
[2025-10-30T15:53:12.573+0530] {processor.py:830} INFO - Processing file /home/logi/txtai/venv/lib/python3.10/site-packages/airflow/example_dags/plugins/workday.py for tasks to queue
[2025-10-30T15:53:12.576+0530] {logging_mixin.py:188} INFO - [2025-10-30T15:53:12.575+0530] {dagbag.py:545} INFO - Filling up the DagBag from /home/logi/txtai/venv/lib/python3.10/site-packages/airflow/example_dags/plugins/workday.py
[2025-10-30T15:53:12.994+0530] {processor.py:842} WARNING - No viable dags retrieved from /home/logi/txtai/venv/lib/python3.10/site-packages/airflow/example_dags/plugins/workday.py
[2025-10-30T15:53:13.003+0530] {processor.py:183} INFO - Processing /home/logi/txtai/venv/lib/python3.10/site-packages/airflow/example_dags/plugins/workday.py took 0.460 seconds
[2025-10-30T15:54:01.821+0530] {processor.py:161} INFO - Started process (PID=11278) to work on /home/logi/txtai/venv/lib/python3.10/site-packages/airflow/example_dags/plugins/workday.py
[2025-10-30T15:54:01.835+0530] {processor.py:830} INFO - Processing file /home/logi/txtai/venv/lib/python3.10/site-packages/airflow/example_dags/plugins/workday.py for tasks to queue
[2025-10-30T15:54:01.843+0530] {logging_mixin.py:188} INFO - [2025-10-30T15:54:01.841+0530] {dagbag.py:545} INFO - Filling up the DagBag from /home/logi/txtai/venv/lib/python3.10/site-packages/airflow/example_dags/plugins/workday.py
[2025-10-30T15:54:02.500+0530] {processor.py:842} WARNING - No viable dags retrieved from /home/logi/txtai/venv/lib/python3.10/site-packages/airflow/example_dags/plugins/workday.py
[2025-10-30T15:54:02.506+0530] {processor.py:183} INFO - Processing /home/logi/txtai/venv/lib/python3.10/site-packages/airflow/example_dags/plugins/workday.py took 0.693 seconds
[2025-10-30T15:54:55.290+0530] {processor.py:161} INFO - Started process (PID=11453) to work on /home/logi/txtai/venv/lib/python3.10/site-packages/airflow/example_dags/plugins/workday.py
[2025-10-30T15:54:55.304+0530] {processor.py:830} INFO - Processing file /home/logi/txtai/venv/lib/python3.10/site-packages/airflow/example_dags/plugins/workday.py for tasks to queue
[2025-10-30T15:54:55.307+0530] {logging_mixin.py:188} INFO - [2025-10-30T15:54:55.307+0530] {dagbag.py:545} INFO - Filling up the DagBag from /home/logi/txtai/venv/lib/python3.10/site-packages/airflow/example_dags/plugins/workday.py
[2025-10-30T15:54:55.745+0530] {processor.py:842} WARNING - No viable dags retrieved from /home/logi/txtai/venv/lib/python3.10/site-packages/airflow/example_dags/plugins/workday.py
[2025-10-30T15:54:55.753+0530] {processor.py:183} INFO - Processing /home/logi/txtai/venv/lib/python3.10/site-packages/airflow/example_dags/plugins/workday.py took 0.474 seconds
[2025-10-30T15:55:49.468+0530] {processor.py:161} INFO - Started process (PID=11568) to work on /home/logi/txtai/venv/lib/python3.10/site-packages/airflow/example_dags/plugins/workday.py
[2025-10-30T15:55:49.481+0530] {processor.py:830} INFO - Processing file /home/logi/txtai/venv/lib/python3.10/site-packages/airflow/example_dags/plugins/workday.py for tasks to queue
[2025-10-30T15:55:49.484+0530] {logging_mixin.py:188} INFO - [2025-10-30T15:55:49.483+0530] {dagbag.py:545} INFO - Filling up the DagBag from /home/logi/txtai/venv/lib/python3.10/site-packages/airflow/example_dags/plugins/workday.py
[2025-10-30T15:55:49.912+0530] {processor.py:842} WARNING - No viable dags retrieved from /home/logi/txtai/venv/lib/python3.10/site-packages/airflow/example_dags/plugins/workday.py
[2025-10-30T15:55:49.919+0530] {processor.py:183} INFO - Processing /home/logi/txtai/venv/lib/python3.10/site-packages/airflow/example_dags/plugins/workday.py took 0.463 seconds
[2025-10-30T15:56:45.326+0530] {processor.py:161} INFO - Started process (PID=11674) to work on /home/logi/txtai/venv/lib/python3.10/site-packages/airflow/example_dags/plugins/workday.py
[2025-10-30T15:56:45.340+0530] {processor.py:830} INFO - Processing file /home/logi/txtai/venv/lib/python3.10/site-packages/airflow/example_dags/plugins/workday.py for tasks to queue
[2025-10-30T15:56:45.343+0530] {logging_mixin.py:188} INFO - [2025-10-30T15:56:45.343+0530] {dagbag.py:545} INFO - Filling up the DagBag from /home/logi/txtai/venv/lib/python3.10/site-packages/airflow/example_dags/plugins/workday.py
[2025-10-30T15:56:45.775+0530] {processor.py:842} WARNING - No viable dags retrieved from /home/logi/txtai/venv/lib/python3.10/site-packages/airflow/example_dags/plugins/workday.py
[2025-10-30T15:56:45.783+0530] {processor.py:183} INFO - Processing /home/logi/txtai/venv/lib/python3.10/site-packages/airflow/example_dags/plugins/workday.py took 0.468 seconds
[2025-10-30T15:57:45.333+0530] {processor.py:161} INFO - Started process (PID=11822) to work on /home/logi/txtai/venv/lib/python3.10/site-packages/airflow/example_dags/plugins/workday.py
[2025-10-30T15:57:45.349+0530] {processor.py:830} INFO - Processing file /home/logi/txtai/venv/lib/python3.10/site-packages/airflow/example_dags/plugins/workday.py for tasks to queue
[2025-10-30T15:57:45.355+0530] {logging_mixin.py:188} INFO - [2025-10-30T15:57:45.353+0530] {dagbag.py:545} INFO - Filling up the DagBag from /home/logi/txtai/venv/lib/python3.10/site-packages/airflow/example_dags/plugins/workday.py
[2025-10-30T15:57:46.062+0530] {processor.py:842} WARNING - No viable dags retrieved from /home/logi/txtai/venv/lib/python3.10/site-packages/airflow/example_dags/plugins/workday.py
[2025-10-30T15:57:46.068+0530] {processor.py:183} INFO - Processing /home/logi/txtai/venv/lib/python3.10/site-packages/airflow/example_dags/plugins/workday.py took 0.754 seconds
[2025-10-30T15:58:42.821+0530] {processor.py:161} INFO - Started process (PID=11966) to work on /home/logi/txtai/venv/lib/python3.10/site-packages/airflow/example_dags/plugins/workday.py
[2025-10-30T15:58:42.836+0530] {processor.py:830} INFO - Processing file /home/logi/txtai/venv/lib/python3.10/site-packages/airflow/example_dags/plugins/workday.py for tasks to queue
[2025-10-30T15:58:42.842+0530] {logging_mixin.py:188} INFO - [2025-10-30T15:58:42.840+0530] {dagbag.py:545} INFO - Filling up the DagBag from /home/logi/txtai/venv/lib/python3.10/site-packages/airflow/example_dags/plugins/workday.py
[2025-10-30T15:58:43.693+0530] {processor.py:842} WARNING - No viable dags retrieved from /home/logi/txtai/venv/lib/python3.10/site-packages/airflow/example_dags/plugins/workday.py
[2025-10-30T15:58:43.704+0530] {processor.py:183} INFO - Processing /home/logi/txtai/venv/lib/python3.10/site-packages/airflow/example_dags/plugins/workday.py took 0.902 seconds
[2025-10-30T15:59:39.309+0530] {processor.py:161} INFO - Started process (PID=12121) to work on /home/logi/txtai/venv/lib/python3.10/site-packages/airflow/example_dags/plugins/workday.py
[2025-10-30T15:59:39.324+0530] {processor.py:830} INFO - Processing file /home/logi/txtai/venv/lib/python3.10/site-packages/airflow/example_dags/plugins/workday.py for tasks to queue
[2025-10-30T15:59:39.327+0530] {logging_mixin.py:188} INFO - [2025-10-30T15:59:39.326+0530] {dagbag.py:545} INFO - Filling up the DagBag from /home/logi/txtai/venv/lib/python3.10/site-packages/airflow/example_dags/plugins/workday.py
[2025-10-30T15:59:39.963+0530] {processor.py:842} WARNING - No viable dags retrieved from /home/logi/txtai/venv/lib/python3.10/site-packages/airflow/example_dags/plugins/workday.py
[2025-10-30T15:59:40.002+0530] {processor.py:183} INFO - Processing /home/logi/txtai/venv/lib/python3.10/site-packages/airflow/example_dags/plugins/workday.py took 0.705 seconds
[2025-10-30T16:00:32.904+0530] {processor.py:161} INFO - Started process (PID=12265) to work on /home/logi/txtai/venv/lib/python3.10/site-packages/airflow/example_dags/plugins/workday.py
[2025-10-30T16:00:32.918+0530] {processor.py:830} INFO - Processing file /home/logi/txtai/venv/lib/python3.10/site-packages/airflow/example_dags/plugins/workday.py for tasks to queue
[2025-10-30T16:00:32.921+0530] {logging_mixin.py:188} INFO - [2025-10-30T16:00:32.920+0530] {dagbag.py:545} INFO - Filling up the DagBag from /home/logi/txtai/venv/lib/python3.10/site-packages/airflow/example_dags/plugins/workday.py
[2025-10-30T16:00:33.364+0530] {processor.py:842} WARNING - No viable dags retrieved from /home/logi/txtai/venv/lib/python3.10/site-packages/airflow/example_dags/plugins/workday.py
[2025-10-30T16:00:33.371+0530] {processor.py:183} INFO - Processing /home/logi/txtai/venv/lib/python3.10/site-packages/airflow/example_dags/plugins/workday.py took 0.478 seconds
[2025-10-30T16:01:26.704+0530] {processor.py:161} INFO - Started process (PID=12427) to work on /home/logi/txtai/venv/lib/python3.10/site-packages/airflow/example_dags/plugins/workday.py
[2025-10-30T16:01:26.719+0530] {processor.py:830} INFO - Processing file /home/logi/txtai/venv/lib/python3.10/site-packages/airflow/example_dags/plugins/workday.py for tasks to queue
[2025-10-30T16:01:26.722+0530] {logging_mixin.py:188} INFO - [2025-10-30T16:01:26.721+0530] {dagbag.py:545} INFO - Filling up the DagBag from /home/logi/txtai/venv/lib/python3.10/site-packages/airflow/example_dags/plugins/workday.py
[2025-10-30T16:01:28.091+0530] {processor.py:842} WARNING - No viable dags retrieved from /home/logi/txtai/venv/lib/python3.10/site-packages/airflow/example_dags/plugins/workday.py
[2025-10-30T16:01:28.114+0530] {processor.py:183} INFO - Processing /home/logi/txtai/venv/lib/python3.10/site-packages/airflow/example_dags/plugins/workday.py took 1.421 seconds
[2025-10-30T16:02:25.495+0530] {processor.py:161} INFO - Started process (PID=12623) to work on /home/logi/txtai/venv/lib/python3.10/site-packages/airflow/example_dags/plugins/workday.py
[2025-10-30T16:02:25.508+0530] {processor.py:830} INFO - Processing file /home/logi/txtai/venv/lib/python3.10/site-packages/airflow/example_dags/plugins/workday.py for tasks to queue
[2025-10-30T16:02:25.512+0530] {logging_mixin.py:188} INFO - [2025-10-30T16:02:25.511+0530] {dagbag.py:545} INFO - Filling up the DagBag from /home/logi/txtai/venv/lib/python3.10/site-packages/airflow/example_dags/plugins/workday.py
[2025-10-30T16:02:25.963+0530] {processor.py:842} WARNING - No viable dags retrieved from /home/logi/txtai/venv/lib/python3.10/site-packages/airflow/example_dags/plugins/workday.py
[2025-10-30T16:02:25.970+0530] {processor.py:183} INFO - Processing /home/logi/txtai/venv/lib/python3.10/site-packages/airflow/example_dags/plugins/workday.py took 0.489 seconds
[2025-10-30T16:03:21.373+0530] {processor.py:161} INFO - Started process (PID=12749) to work on /home/logi/txtai/venv/lib/python3.10/site-packages/airflow/example_dags/plugins/workday.py
[2025-10-30T16:03:21.388+0530] {processor.py:830} INFO - Processing file /home/logi/txtai/venv/lib/python3.10/site-packages/airflow/example_dags/plugins/workday.py for tasks to queue
[2025-10-30T16:03:21.394+0530] {logging_mixin.py:188} INFO - [2025-10-30T16:03:21.393+0530] {dagbag.py:545} INFO - Filling up the DagBag from /home/logi/txtai/venv/lib/python3.10/site-packages/airflow/example_dags/plugins/workday.py
[2025-10-30T16:03:22.151+0530] {processor.py:842} WARNING - No viable dags retrieved from /home/logi/txtai/venv/lib/python3.10/site-packages/airflow/example_dags/plugins/workday.py
[2025-10-30T16:03:22.156+0530] {processor.py:183} INFO - Processing /home/logi/txtai/venv/lib/python3.10/site-packages/airflow/example_dags/plugins/workday.py took 0.809 seconds
[2025-10-30T16:04:22.471+0530] {processor.py:161} INFO - Started process (PID=12888) to work on /home/logi/txtai/venv/lib/python3.10/site-packages/airflow/example_dags/plugins/workday.py
[2025-10-30T16:04:22.485+0530] {processor.py:830} INFO - Processing file /home/logi/txtai/venv/lib/python3.10/site-packages/airflow/example_dags/plugins/workday.py for tasks to queue
[2025-10-30T16:04:22.488+0530] {logging_mixin.py:188} INFO - [2025-10-30T16:04:22.487+0530] {dagbag.py:545} INFO - Filling up the DagBag from /home/logi/txtai/venv/lib/python3.10/site-packages/airflow/example_dags/plugins/workday.py
[2025-10-30T16:04:22.935+0530] {processor.py:842} WARNING - No viable dags retrieved from /home/logi/txtai/venv/lib/python3.10/site-packages/airflow/example_dags/plugins/workday.py
[2025-10-30T16:04:22.942+0530] {processor.py:183} INFO - Processing /home/logi/txtai/venv/lib/python3.10/site-packages/airflow/example_dags/plugins/workday.py took 0.482 seconds
[2025-10-30T16:05:17.858+0530] {processor.py:161} INFO - Started process (PID=13067) to work on /home/logi/txtai/venv/lib/python3.10/site-packages/airflow/example_dags/plugins/workday.py
[2025-10-30T16:05:17.871+0530] {processor.py:830} INFO - Processing file /home/logi/txtai/venv/lib/python3.10/site-packages/airflow/example_dags/plugins/workday.py for tasks to queue
[2025-10-30T16:05:17.875+0530] {logging_mixin.py:188} INFO - [2025-10-30T16:05:17.874+0530] {dagbag.py:545} INFO - Filling up the DagBag from /home/logi/txtai/venv/lib/python3.10/site-packages/airflow/example_dags/plugins/workday.py
[2025-10-30T16:05:19.257+0530] {processor.py:842} WARNING - No viable dags retrieved from /home/logi/txtai/venv/lib/python3.10/site-packages/airflow/example_dags/plugins/workday.py
[2025-10-30T16:05:19.281+0530] {processor.py:183} INFO - Processing /home/logi/txtai/venv/lib/python3.10/site-packages/airflow/example_dags/plugins/workday.py took 1.435 seconds
[2025-10-30T16:06:11.569+0530] {processor.py:161} INFO - Started process (PID=13159) to work on /home/logi/txtai/venv/lib/python3.10/site-packages/airflow/example_dags/plugins/workday.py
[2025-10-30T16:06:11.588+0530] {processor.py:830} INFO - Processing file /home/logi/txtai/venv/lib/python3.10/site-packages/airflow/example_dags/plugins/workday.py for tasks to queue
[2025-10-30T16:06:11.592+0530] {logging_mixin.py:188} INFO - [2025-10-30T16:06:11.591+0530] {dagbag.py:545} INFO - Filling up the DagBag from /home/logi/txtai/venv/lib/python3.10/site-packages/airflow/example_dags/plugins/workday.py
[2025-10-30T16:06:12.942+0530] {processor.py:842} WARNING - No viable dags retrieved from /home/logi/txtai/venv/lib/python3.10/site-packages/airflow/example_dags/plugins/workday.py
[2025-10-30T16:06:12.949+0530] {processor.py:183} INFO - Processing /home/logi/txtai/venv/lib/python3.10/site-packages/airflow/example_dags/plugins/workday.py took 1.430 seconds
[2025-10-30T16:07:03.623+0530] {processor.py:161} INFO - Started process (PID=13237) to work on /home/logi/txtai/venv/lib/python3.10/site-packages/airflow/example_dags/plugins/workday.py
[2025-10-30T16:07:03.636+0530] {processor.py:830} INFO - Processing file /home/logi/txtai/venv/lib/python3.10/site-packages/airflow/example_dags/plugins/workday.py for tasks to queue
[2025-10-30T16:07:03.640+0530] {logging_mixin.py:188} INFO - [2025-10-30T16:07:03.639+0530] {dagbag.py:545} INFO - Filling up the DagBag from /home/logi/txtai/venv/lib/python3.10/site-packages/airflow/example_dags/plugins/workday.py
[2025-10-30T16:07:04.130+0530] {processor.py:842} WARNING - No viable dags retrieved from /home/logi/txtai/venv/lib/python3.10/site-packages/airflow/example_dags/plugins/workday.py
[2025-10-30T16:07:04.137+0530] {processor.py:183} INFO - Processing /home/logi/txtai/venv/lib/python3.10/site-packages/airflow/example_dags/plugins/workday.py took 0.523 seconds
[2025-10-30T16:07:55.357+0530] {processor.py:161} INFO - Started process (PID=13308) to work on /home/logi/txtai/venv/lib/python3.10/site-packages/airflow/example_dags/plugins/workday.py
[2025-10-30T16:07:55.371+0530] {processor.py:830} INFO - Processing file /home/logi/txtai/venv/lib/python3.10/site-packages/airflow/example_dags/plugins/workday.py for tasks to queue
[2025-10-30T16:07:55.374+0530] {logging_mixin.py:188} INFO - [2025-10-30T16:07:55.374+0530] {dagbag.py:545} INFO - Filling up the DagBag from /home/logi/txtai/venv/lib/python3.10/site-packages/airflow/example_dags/plugins/workday.py
[2025-10-30T16:07:55.842+0530] {processor.py:842} WARNING - No viable dags retrieved from /home/logi/txtai/venv/lib/python3.10/site-packages/airflow/example_dags/plugins/workday.py
[2025-10-30T16:07:55.850+0530] {processor.py:183} INFO - Processing /home/logi/txtai/venv/lib/python3.10/site-packages/airflow/example_dags/plugins/workday.py took 0.503 seconds
[2025-10-30T16:08:44.340+0530] {processor.py:161} INFO - Started process (PID=13384) to work on /home/logi/txtai/venv/lib/python3.10/site-packages/airflow/example_dags/plugins/workday.py
[2025-10-30T16:08:44.360+0530] {processor.py:830} INFO - Processing file /home/logi/txtai/venv/lib/python3.10/site-packages/airflow/example_dags/plugins/workday.py for tasks to queue
[2025-10-30T16:08:44.366+0530] {logging_mixin.py:188} INFO - [2025-10-30T16:08:44.364+0530] {dagbag.py:545} INFO - Filling up the DagBag from /home/logi/txtai/venv/lib/python3.10/site-packages/airflow/example_dags/plugins/workday.py
[2025-10-30T16:08:45.192+0530] {processor.py:842} WARNING - No viable dags retrieved from /home/logi/txtai/venv/lib/python3.10/site-packages/airflow/example_dags/plugins/workday.py
[2025-10-30T16:08:45.225+0530] {processor.py:183} INFO - Processing /home/logi/txtai/venv/lib/python3.10/site-packages/airflow/example_dags/plugins/workday.py took 0.943 seconds
[2025-10-30T16:09:40.622+0530] {processor.py:161} INFO - Started process (PID=13543) to work on /home/logi/txtai/venv/lib/python3.10/site-packages/airflow/example_dags/plugins/workday.py
[2025-10-30T16:09:40.636+0530] {processor.py:830} INFO - Processing file /home/logi/txtai/venv/lib/python3.10/site-packages/airflow/example_dags/plugins/workday.py for tasks to queue
[2025-10-30T16:09:40.639+0530] {logging_mixin.py:188} INFO - [2025-10-30T16:09:40.638+0530] {dagbag.py:545} INFO - Filling up the DagBag from /home/logi/txtai/venv/lib/python3.10/site-packages/airflow/example_dags/plugins/workday.py
[2025-10-30T16:09:41.104+0530] {processor.py:842} WARNING - No viable dags retrieved from /home/logi/txtai/venv/lib/python3.10/site-packages/airflow/example_dags/plugins/workday.py
[2025-10-30T16:09:41.112+0530] {processor.py:183} INFO - Processing /home/logi/txtai/venv/lib/python3.10/site-packages/airflow/example_dags/plugins/workday.py took 0.502 seconds
[2025-10-30T16:10:35.854+0530] {processor.py:161} INFO - Started process (PID=13651) to work on /home/logi/txtai/venv/lib/python3.10/site-packages/airflow/example_dags/plugins/workday.py
[2025-10-30T16:10:35.863+0530] {processor.py:830} INFO - Processing file /home/logi/txtai/venv/lib/python3.10/site-packages/airflow/example_dags/plugins/workday.py for tasks to queue
[2025-10-30T16:10:35.866+0530] {logging_mixin.py:188} INFO - [2025-10-30T16:10:35.866+0530] {dagbag.py:545} INFO - Filling up the DagBag from /home/logi/txtai/venv/lib/python3.10/site-packages/airflow/example_dags/plugins/workday.py
[2025-10-30T16:10:36.338+0530] {processor.py:842} WARNING - No viable dags retrieved from /home/logi/txtai/venv/lib/python3.10/site-packages/airflow/example_dags/plugins/workday.py
[2025-10-30T16:10:36.351+0530] {processor.py:183} INFO - Processing /home/logi/txtai/venv/lib/python3.10/site-packages/airflow/example_dags/plugins/workday.py took 0.509 seconds
[2025-10-30T16:11:29.962+0530] {processor.py:161} INFO - Started process (PID=13761) to work on /home/logi/txtai/venv/lib/python3.10/site-packages/airflow/example_dags/plugins/workday.py
[2025-10-30T16:11:29.975+0530] {processor.py:830} INFO - Processing file /home/logi/txtai/venv/lib/python3.10/site-packages/airflow/example_dags/plugins/workday.py for tasks to queue
[2025-10-30T16:11:29.978+0530] {logging_mixin.py:188} INFO - [2025-10-30T16:11:29.977+0530] {dagbag.py:545} INFO - Filling up the DagBag from /home/logi/txtai/venv/lib/python3.10/site-packages/airflow/example_dags/plugins/workday.py
[2025-10-30T16:11:30.322+0530] {processor.py:842} WARNING - No viable dags retrieved from /home/logi/txtai/venv/lib/python3.10/site-packages/airflow/example_dags/plugins/workday.py
[2025-10-30T16:11:30.328+0530] {processor.py:183} INFO - Processing /home/logi/txtai/venv/lib/python3.10/site-packages/airflow/example_dags/plugins/workday.py took 0.379 seconds
[2025-10-30T16:12:19.708+0530] {processor.py:161} INFO - Started process (PID=13858) to work on /home/logi/txtai/venv/lib/python3.10/site-packages/airflow/example_dags/plugins/workday.py
[2025-10-30T16:12:19.721+0530] {processor.py:830} INFO - Processing file /home/logi/txtai/venv/lib/python3.10/site-packages/airflow/example_dags/plugins/workday.py for tasks to queue
[2025-10-30T16:12:19.724+0530] {logging_mixin.py:188} INFO - [2025-10-30T16:12:19.723+0530] {dagbag.py:545} INFO - Filling up the DagBag from /home/logi/txtai/venv/lib/python3.10/site-packages/airflow/example_dags/plugins/workday.py
[2025-10-30T16:12:20.165+0530] {processor.py:842} WARNING - No viable dags retrieved from /home/logi/txtai/venv/lib/python3.10/site-packages/airflow/example_dags/plugins/workday.py
[2025-10-30T16:12:20.175+0530] {processor.py:183} INFO - Processing /home/logi/txtai/venv/lib/python3.10/site-packages/airflow/example_dags/plugins/workday.py took 0.478 seconds
[2025-10-30T16:13:09.702+0530] {processor.py:161} INFO - Started process (PID=13959) to work on /home/logi/txtai/venv/lib/python3.10/site-packages/airflow/example_dags/plugins/workday.py
[2025-10-30T16:13:09.716+0530] {processor.py:830} INFO - Processing file /home/logi/txtai/venv/lib/python3.10/site-packages/airflow/example_dags/plugins/workday.py for tasks to queue
[2025-10-30T16:13:09.720+0530] {logging_mixin.py:188} INFO - [2025-10-30T16:13:09.719+0530] {dagbag.py:545} INFO - Filling up the DagBag from /home/logi/txtai/venv/lib/python3.10/site-packages/airflow/example_dags/plugins/workday.py
[2025-10-30T16:13:10.312+0530] {processor.py:842} WARNING - No viable dags retrieved from /home/logi/txtai/venv/lib/python3.10/site-packages/airflow/example_dags/plugins/workday.py
[2025-10-30T16:13:10.328+0530] {processor.py:183} INFO - Processing /home/logi/txtai/venv/lib/python3.10/site-packages/airflow/example_dags/plugins/workday.py took 0.638 seconds
[2025-10-30T16:14:01.634+0530] {processor.py:161} INFO - Started process (PID=14090) to work on /home/logi/txtai/venv/lib/python3.10/site-packages/airflow/example_dags/plugins/workday.py
[2025-10-30T16:14:01.647+0530] {processor.py:830} INFO - Processing file /home/logi/txtai/venv/lib/python3.10/site-packages/airflow/example_dags/plugins/workday.py for tasks to queue
[2025-10-30T16:14:01.651+0530] {logging_mixin.py:188} INFO - [2025-10-30T16:14:01.650+0530] {dagbag.py:545} INFO - Filling up the DagBag from /home/logi/txtai/venv/lib/python3.10/site-packages/airflow/example_dags/plugins/workday.py
[2025-10-30T16:14:02.091+0530] {processor.py:842} WARNING - No viable dags retrieved from /home/logi/txtai/venv/lib/python3.10/site-packages/airflow/example_dags/plugins/workday.py
[2025-10-30T16:14:02.098+0530] {processor.py:183} INFO - Processing /home/logi/txtai/venv/lib/python3.10/site-packages/airflow/example_dags/plugins/workday.py took 0.475 seconds
[2025-10-30T16:14:46.808+0530] {processor.py:161} INFO - Started process (PID=14203) to work on /home/logi/txtai/venv/lib/python3.10/site-packages/airflow/example_dags/plugins/workday.py
[2025-10-30T16:14:46.810+0530] {processor.py:830} INFO - Processing file /home/logi/txtai/venv/lib/python3.10/site-packages/airflow/example_dags/plugins/workday.py for tasks to queue
[2025-10-30T16:14:46.813+0530] {logging_mixin.py:188} INFO - [2025-10-30T16:14:46.812+0530] {dagbag.py:545} INFO - Filling up the DagBag from /home/logi/txtai/venv/lib/python3.10/site-packages/airflow/example_dags/plugins/workday.py
[2025-10-30T16:14:48.090+0530] {processor.py:842} WARNING - No viable dags retrieved from /home/logi/txtai/venv/lib/python3.10/site-packages/airflow/example_dags/plugins/workday.py
[2025-10-30T16:14:48.102+0530] {processor.py:183} INFO - Processing /home/logi/txtai/venv/lib/python3.10/site-packages/airflow/example_dags/plugins/workday.py took 1.306 seconds
[2025-10-30T16:15:39.145+0530] {processor.py:161} INFO - Started process (PID=14290) to work on /home/logi/txtai/venv/lib/python3.10/site-packages/airflow/example_dags/plugins/workday.py
[2025-10-30T16:15:39.158+0530] {processor.py:830} INFO - Processing file /home/logi/txtai/venv/lib/python3.10/site-packages/airflow/example_dags/plugins/workday.py for tasks to queue
[2025-10-30T16:15:39.161+0530] {logging_mixin.py:188} INFO - [2025-10-30T16:15:39.161+0530] {dagbag.py:545} INFO - Filling up the DagBag from /home/logi/txtai/venv/lib/python3.10/site-packages/airflow/example_dags/plugins/workday.py
[2025-10-30T16:15:39.597+0530] {processor.py:842} WARNING - No viable dags retrieved from /home/logi/txtai/venv/lib/python3.10/site-packages/airflow/example_dags/plugins/workday.py
[2025-10-30T16:15:39.605+0530] {processor.py:183} INFO - Processing /home/logi/txtai/venv/lib/python3.10/site-packages/airflow/example_dags/plugins/workday.py took 0.471 seconds
[2025-10-30T16:16:35.717+0530] {processor.py:161} INFO - Started process (PID=14385) to work on /home/logi/txtai/venv/lib/python3.10/site-packages/airflow/example_dags/plugins/workday.py
[2025-10-30T16:16:35.730+0530] {processor.py:830} INFO - Processing file /home/logi/txtai/venv/lib/python3.10/site-packages/airflow/example_dags/plugins/workday.py for tasks to queue
[2025-10-30T16:16:35.733+0530] {logging_mixin.py:188} INFO - [2025-10-30T16:16:35.733+0530] {dagbag.py:545} INFO - Filling up the DagBag from /home/logi/txtai/venv/lib/python3.10/site-packages/airflow/example_dags/plugins/workday.py
[2025-10-30T16:16:36.180+0530] {processor.py:842} WARNING - No viable dags retrieved from /home/logi/txtai/venv/lib/python3.10/site-packages/airflow/example_dags/plugins/workday.py
[2025-10-30T16:16:36.187+0530] {processor.py:183} INFO - Processing /home/logi/txtai/venv/lib/python3.10/site-packages/airflow/example_dags/plugins/workday.py took 0.482 seconds
[2025-10-30T16:17:29.738+0530] {processor.py:161} INFO - Started process (PID=14457) to work on /home/logi/txtai/venv/lib/python3.10/site-packages/airflow/example_dags/plugins/workday.py
[2025-10-30T16:17:29.751+0530] {processor.py:830} INFO - Processing file /home/logi/txtai/venv/lib/python3.10/site-packages/airflow/example_dags/plugins/workday.py for tasks to queue
[2025-10-30T16:17:29.753+0530] {logging_mixin.py:188} INFO - [2025-10-30T16:17:29.753+0530] {dagbag.py:545} INFO - Filling up the DagBag from /home/logi/txtai/venv/lib/python3.10/site-packages/airflow/example_dags/plugins/workday.py
[2025-10-30T16:17:30.212+0530] {processor.py:842} WARNING - No viable dags retrieved from /home/logi/txtai/venv/lib/python3.10/site-packages/airflow/example_dags/plugins/workday.py
[2025-10-30T16:17:30.221+0530] {processor.py:183} INFO - Processing /home/logi/txtai/venv/lib/python3.10/site-packages/airflow/example_dags/plugins/workday.py took 0.492 seconds
[2025-10-30T16:18:19.914+0530] {processor.py:161} INFO - Started process (PID=14583) to work on /home/logi/txtai/venv/lib/python3.10/site-packages/airflow/example_dags/plugins/workday.py
[2025-10-30T16:18:19.927+0530] {processor.py:830} INFO - Processing file /home/logi/txtai/venv/lib/python3.10/site-packages/airflow/example_dags/plugins/workday.py for tasks to queue
[2025-10-30T16:18:19.931+0530] {logging_mixin.py:188} INFO - [2025-10-30T16:18:19.930+0530] {dagbag.py:545} INFO - Filling up the DagBag from /home/logi/txtai/venv/lib/python3.10/site-packages/airflow/example_dags/plugins/workday.py
[2025-10-30T16:18:20.360+0530] {processor.py:842} WARNING - No viable dags retrieved from /home/logi/txtai/venv/lib/python3.10/site-packages/airflow/example_dags/plugins/workday.py
[2025-10-30T16:18:20.367+0530] {processor.py:183} INFO - Processing /home/logi/txtai/venv/lib/python3.10/site-packages/airflow/example_dags/plugins/workday.py took 0.465 seconds
[2025-10-30T16:19:13.708+0530] {processor.py:161} INFO - Started process (PID=14648) to work on /home/logi/txtai/venv/lib/python3.10/site-packages/airflow/example_dags/plugins/workday.py
[2025-10-30T16:19:13.721+0530] {processor.py:830} INFO - Processing file /home/logi/txtai/venv/lib/python3.10/site-packages/airflow/example_dags/plugins/workday.py for tasks to queue
[2025-10-30T16:19:13.724+0530] {logging_mixin.py:188} INFO - [2025-10-30T16:19:13.724+0530] {dagbag.py:545} INFO - Filling up the DagBag from /home/logi/txtai/venv/lib/python3.10/site-packages/airflow/example_dags/plugins/workday.py
[2025-10-30T16:19:14.169+0530] {processor.py:842} WARNING - No viable dags retrieved from /home/logi/txtai/venv/lib/python3.10/site-packages/airflow/example_dags/plugins/workday.py
[2025-10-30T16:19:14.176+0530] {processor.py:183} INFO - Processing /home/logi/txtai/venv/lib/python3.10/site-packages/airflow/example_dags/plugins/workday.py took 0.479 seconds
[2025-10-30T16:20:02.618+0530] {processor.py:161} INFO - Started process (PID=14736) to work on /home/logi/txtai/venv/lib/python3.10/site-packages/airflow/example_dags/plugins/workday.py
[2025-10-30T16:20:02.631+0530] {processor.py:830} INFO - Processing file /home/logi/txtai/venv/lib/python3.10/site-packages/airflow/example_dags/plugins/workday.py for tasks to queue
[2025-10-30T16:20:02.634+0530] {logging_mixin.py:188} INFO - [2025-10-30T16:20:02.633+0530] {dagbag.py:545} INFO - Filling up the DagBag from /home/logi/txtai/venv/lib/python3.10/site-packages/airflow/example_dags/plugins/workday.py
[2025-10-30T16:20:03.058+0530] {processor.py:842} WARNING - No viable dags retrieved from /home/logi/txtai/venv/lib/python3.10/site-packages/airflow/example_dags/plugins/workday.py
[2025-10-30T16:20:03.065+0530] {processor.py:183} INFO - Processing /home/logi/txtai/venv/lib/python3.10/site-packages/airflow/example_dags/plugins/workday.py took 0.453 seconds
