[2025-10-30T13:23:16.350+0530] {processor.py:161} INFO - Started process (PID=14146) to work on /home/logi/txtai/venv/lib/python3.10/site-packages/airflow/example_dags/subdags/subdag.py
[2025-10-30T13:23:16.352+0530] {processor.py:830} INFO - Processing file /home/logi/txtai/venv/lib/python3.10/site-packages/airflow/example_dags/subdags/subdag.py for tasks to queue
[2025-10-30T13:23:16.354+0530] {logging_mixin.py:188} INFO - [2025-10-30T13:23:16.354+0530] {dagbag.py:545} INFO - Filling up the DagBag from /home/logi/txtai/venv/lib/python3.10/site-packages/airflow/example_dags/subdags/subdag.py
[2025-10-30T13:23:16.358+0530] {processor.py:842} WARNING - No viable dags retrieved from /home/logi/txtai/venv/lib/python3.10/site-packages/airflow/example_dags/subdags/subdag.py
[2025-10-30T13:23:16.371+0530] {processor.py:183} INFO - Processing /home/logi/txtai/venv/lib/python3.10/site-packages/airflow/example_dags/subdags/subdag.py took 0.030 seconds
[2025-10-30T13:24:14.795+0530] {processor.py:161} INFO - Started process (PID=14525) to work on /home/logi/txtai/venv/lib/python3.10/site-packages/airflow/example_dags/subdags/subdag.py
[2025-10-30T13:24:14.808+0530] {processor.py:830} INFO - Processing file /home/logi/txtai/venv/lib/python3.10/site-packages/airflow/example_dags/subdags/subdag.py for tasks to queue
[2025-10-30T13:24:14.811+0530] {logging_mixin.py:188} INFO - [2025-10-30T13:24:14.811+0530] {dagbag.py:545} INFO - Filling up the DagBag from /home/logi/txtai/venv/lib/python3.10/site-packages/airflow/example_dags/subdags/subdag.py
[2025-10-30T13:24:14.815+0530] {processor.py:842} WARNING - No viable dags retrieved from /home/logi/txtai/venv/lib/python3.10/site-packages/airflow/example_dags/subdags/subdag.py
[2025-10-30T13:24:14.832+0530] {processor.py:183} INFO - Processing /home/logi/txtai/venv/lib/python3.10/site-packages/airflow/example_dags/subdags/subdag.py took 0.048 seconds
[2025-10-30T13:25:03.973+0530] {processor.py:161} INFO - Started process (PID=14770) to work on /home/logi/txtai/venv/lib/python3.10/site-packages/airflow/example_dags/subdags/subdag.py
[2025-10-30T13:25:03.986+0530] {processor.py:830} INFO - Processing file /home/logi/txtai/venv/lib/python3.10/site-packages/airflow/example_dags/subdags/subdag.py for tasks to queue
[2025-10-30T13:25:03.989+0530] {logging_mixin.py:188} INFO - [2025-10-30T13:25:03.988+0530] {dagbag.py:545} INFO - Filling up the DagBag from /home/logi/txtai/venv/lib/python3.10/site-packages/airflow/example_dags/subdags/subdag.py
[2025-10-30T13:25:03.991+0530] {processor.py:842} WARNING - No viable dags retrieved from /home/logi/txtai/venv/lib/python3.10/site-packages/airflow/example_dags/subdags/subdag.py
[2025-10-30T13:25:04.001+0530] {processor.py:183} INFO - Processing /home/logi/txtai/venv/lib/python3.10/site-packages/airflow/example_dags/subdags/subdag.py took 0.034 seconds
[2025-10-30T13:25:48.495+0530] {processor.py:161} INFO - Started process (PID=14831) to work on /home/logi/txtai/venv/lib/python3.10/site-packages/airflow/example_dags/subdags/subdag.py
[2025-10-30T13:25:48.508+0530] {processor.py:830} INFO - Processing file /home/logi/txtai/venv/lib/python3.10/site-packages/airflow/example_dags/subdags/subdag.py for tasks to queue
[2025-10-30T13:25:48.511+0530] {logging_mixin.py:188} INFO - [2025-10-30T13:25:48.510+0530] {dagbag.py:545} INFO - Filling up the DagBag from /home/logi/txtai/venv/lib/python3.10/site-packages/airflow/example_dags/subdags/subdag.py
[2025-10-30T13:25:48.514+0530] {processor.py:842} WARNING - No viable dags retrieved from /home/logi/txtai/venv/lib/python3.10/site-packages/airflow/example_dags/subdags/subdag.py
[2025-10-30T13:25:48.532+0530] {processor.py:183} INFO - Processing /home/logi/txtai/venv/lib/python3.10/site-packages/airflow/example_dags/subdags/subdag.py took 0.048 seconds
[2025-10-30T13:26:33.676+0530] {processor.py:161} INFO - Started process (PID=14888) to work on /home/logi/txtai/venv/lib/python3.10/site-packages/airflow/example_dags/subdags/subdag.py
[2025-10-30T13:26:33.689+0530] {processor.py:830} INFO - Processing file /home/logi/txtai/venv/lib/python3.10/site-packages/airflow/example_dags/subdags/subdag.py for tasks to queue
[2025-10-30T13:26:33.692+0530] {logging_mixin.py:188} INFO - [2025-10-30T13:26:33.691+0530] {dagbag.py:545} INFO - Filling up the DagBag from /home/logi/txtai/venv/lib/python3.10/site-packages/airflow/example_dags/subdags/subdag.py
[2025-10-30T13:26:33.695+0530] {processor.py:842} WARNING - No viable dags retrieved from /home/logi/txtai/venv/lib/python3.10/site-packages/airflow/example_dags/subdags/subdag.py
[2025-10-30T13:26:33.713+0530] {processor.py:183} INFO - Processing /home/logi/txtai/venv/lib/python3.10/site-packages/airflow/example_dags/subdags/subdag.py took 0.047 seconds
[2025-10-30T13:27:18.287+0530] {processor.py:161} INFO - Started process (PID=14946) to work on /home/logi/txtai/venv/lib/python3.10/site-packages/airflow/example_dags/subdags/subdag.py
[2025-10-30T13:27:18.300+0530] {processor.py:830} INFO - Processing file /home/logi/txtai/venv/lib/python3.10/site-packages/airflow/example_dags/subdags/subdag.py for tasks to queue
[2025-10-30T13:27:18.303+0530] {logging_mixin.py:188} INFO - [2025-10-30T13:27:18.302+0530] {dagbag.py:545} INFO - Filling up the DagBag from /home/logi/txtai/venv/lib/python3.10/site-packages/airflow/example_dags/subdags/subdag.py
[2025-10-30T13:27:18.306+0530] {processor.py:842} WARNING - No viable dags retrieved from /home/logi/txtai/venv/lib/python3.10/site-packages/airflow/example_dags/subdags/subdag.py
[2025-10-30T13:27:18.324+0530] {processor.py:183} INFO - Processing /home/logi/txtai/venv/lib/python3.10/site-packages/airflow/example_dags/subdags/subdag.py took 0.046 seconds
[2025-10-30T13:28:02.568+0530] {processor.py:161} INFO - Started process (PID=15017) to work on /home/logi/txtai/venv/lib/python3.10/site-packages/airflow/example_dags/subdags/subdag.py
[2025-10-30T13:28:02.581+0530] {processor.py:830} INFO - Processing file /home/logi/txtai/venv/lib/python3.10/site-packages/airflow/example_dags/subdags/subdag.py for tasks to queue
[2025-10-30T13:28:02.584+0530] {logging_mixin.py:188} INFO - [2025-10-30T13:28:02.583+0530] {dagbag.py:545} INFO - Filling up the DagBag from /home/logi/txtai/venv/lib/python3.10/site-packages/airflow/example_dags/subdags/subdag.py
[2025-10-30T13:28:02.587+0530] {processor.py:842} WARNING - No viable dags retrieved from /home/logi/txtai/venv/lib/python3.10/site-packages/airflow/example_dags/subdags/subdag.py
[2025-10-30T13:28:02.604+0530] {processor.py:183} INFO - Processing /home/logi/txtai/venv/lib/python3.10/site-packages/airflow/example_dags/subdags/subdag.py took 0.048 seconds
[2025-10-30T13:28:47.875+0530] {processor.py:161} INFO - Started process (PID=15102) to work on /home/logi/txtai/venv/lib/python3.10/site-packages/airflow/example_dags/subdags/subdag.py
[2025-10-30T13:28:47.888+0530] {processor.py:830} INFO - Processing file /home/logi/txtai/venv/lib/python3.10/site-packages/airflow/example_dags/subdags/subdag.py for tasks to queue
[2025-10-30T13:28:47.891+0530] {logging_mixin.py:188} INFO - [2025-10-30T13:28:47.890+0530] {dagbag.py:545} INFO - Filling up the DagBag from /home/logi/txtai/venv/lib/python3.10/site-packages/airflow/example_dags/subdags/subdag.py
[2025-10-30T13:28:47.892+0530] {processor.py:842} WARNING - No viable dags retrieved from /home/logi/txtai/venv/lib/python3.10/site-packages/airflow/example_dags/subdags/subdag.py
[2025-10-30T13:28:47.903+0530] {processor.py:183} INFO - Processing /home/logi/txtai/venv/lib/python3.10/site-packages/airflow/example_dags/subdags/subdag.py took 0.035 seconds
[2025-10-30T13:29:32.815+0530] {processor.py:161} INFO - Started process (PID=15164) to work on /home/logi/txtai/venv/lib/python3.10/site-packages/airflow/example_dags/subdags/subdag.py
[2025-10-30T13:29:32.829+0530] {processor.py:830} INFO - Processing file /home/logi/txtai/venv/lib/python3.10/site-packages/airflow/example_dags/subdags/subdag.py for tasks to queue
[2025-10-30T13:29:32.832+0530] {logging_mixin.py:188} INFO - [2025-10-30T13:29:32.831+0530] {dagbag.py:545} INFO - Filling up the DagBag from /home/logi/txtai/venv/lib/python3.10/site-packages/airflow/example_dags/subdags/subdag.py
[2025-10-30T13:29:32.835+0530] {processor.py:842} WARNING - No viable dags retrieved from /home/logi/txtai/venv/lib/python3.10/site-packages/airflow/example_dags/subdags/subdag.py
[2025-10-30T13:29:32.852+0530] {processor.py:183} INFO - Processing /home/logi/txtai/venv/lib/python3.10/site-packages/airflow/example_dags/subdags/subdag.py took 0.047 seconds
[2025-10-30T13:30:16.618+0530] {processor.py:161} INFO - Started process (PID=15239) to work on /home/logi/txtai/venv/lib/python3.10/site-packages/airflow/example_dags/subdags/subdag.py
[2025-10-30T13:30:16.631+0530] {processor.py:830} INFO - Processing file /home/logi/txtai/venv/lib/python3.10/site-packages/airflow/example_dags/subdags/subdag.py for tasks to queue
[2025-10-30T13:30:16.633+0530] {logging_mixin.py:188} INFO - [2025-10-30T13:30:16.633+0530] {dagbag.py:545} INFO - Filling up the DagBag from /home/logi/txtai/venv/lib/python3.10/site-packages/airflow/example_dags/subdags/subdag.py
[2025-10-30T13:30:16.635+0530] {processor.py:842} WARNING - No viable dags retrieved from /home/logi/txtai/venv/lib/python3.10/site-packages/airflow/example_dags/subdags/subdag.py
[2025-10-30T13:30:16.645+0530] {processor.py:183} INFO - Processing /home/logi/txtai/venv/lib/python3.10/site-packages/airflow/example_dags/subdags/subdag.py took 0.033 seconds
[2025-10-30T15:04:27.014+0530] {processor.py:161} INFO - Started process (PID=5658) to work on /home/logi/txtai/venv/lib/python3.10/site-packages/airflow/example_dags/subdags/subdag.py
[2025-10-30T15:04:27.016+0530] {processor.py:830} INFO - Processing file /home/logi/txtai/venv/lib/python3.10/site-packages/airflow/example_dags/subdags/subdag.py for tasks to queue
[2025-10-30T15:04:27.018+0530] {logging_mixin.py:188} INFO - [2025-10-30T15:04:27.017+0530] {dagbag.py:545} INFO - Filling up the DagBag from /home/logi/txtai/venv/lib/python3.10/site-packages/airflow/example_dags/subdags/subdag.py
[2025-10-30T15:04:27.021+0530] {processor.py:842} WARNING - No viable dags retrieved from /home/logi/txtai/venv/lib/python3.10/site-packages/airflow/example_dags/subdags/subdag.py
[2025-10-30T15:04:27.037+0530] {processor.py:183} INFO - Processing /home/logi/txtai/venv/lib/python3.10/site-packages/airflow/example_dags/subdags/subdag.py took 0.033 seconds
[2025-10-30T15:05:21.437+0530] {processor.py:161} INFO - Started process (PID=5885) to work on /home/logi/txtai/venv/lib/python3.10/site-packages/airflow/example_dags/subdags/subdag.py
[2025-10-30T15:05:21.451+0530] {processor.py:830} INFO - Processing file /home/logi/txtai/venv/lib/python3.10/site-packages/airflow/example_dags/subdags/subdag.py for tasks to queue
[2025-10-30T15:05:21.454+0530] {logging_mixin.py:188} INFO - [2025-10-30T15:05:21.453+0530] {dagbag.py:545} INFO - Filling up the DagBag from /home/logi/txtai/venv/lib/python3.10/site-packages/airflow/example_dags/subdags/subdag.py
[2025-10-30T15:05:21.458+0530] {processor.py:842} WARNING - No viable dags retrieved from /home/logi/txtai/venv/lib/python3.10/site-packages/airflow/example_dags/subdags/subdag.py
[2025-10-30T15:05:21.477+0530] {processor.py:183} INFO - Processing /home/logi/txtai/venv/lib/python3.10/site-packages/airflow/example_dags/subdags/subdag.py took 0.052 seconds
[2025-10-30T15:06:12.806+0530] {processor.py:161} INFO - Started process (PID=5954) to work on /home/logi/txtai/venv/lib/python3.10/site-packages/airflow/example_dags/subdags/subdag.py
[2025-10-30T15:06:12.819+0530] {processor.py:830} INFO - Processing file /home/logi/txtai/venv/lib/python3.10/site-packages/airflow/example_dags/subdags/subdag.py for tasks to queue
[2025-10-30T15:06:12.822+0530] {logging_mixin.py:188} INFO - [2025-10-30T15:06:12.822+0530] {dagbag.py:545} INFO - Filling up the DagBag from /home/logi/txtai/venv/lib/python3.10/site-packages/airflow/example_dags/subdags/subdag.py
[2025-10-30T15:06:12.826+0530] {processor.py:842} WARNING - No viable dags retrieved from /home/logi/txtai/venv/lib/python3.10/site-packages/airflow/example_dags/subdags/subdag.py
[2025-10-30T15:06:12.844+0530] {processor.py:183} INFO - Processing /home/logi/txtai/venv/lib/python3.10/site-packages/airflow/example_dags/subdags/subdag.py took 0.050 seconds
[2025-10-30T15:07:02.464+0530] {processor.py:161} INFO - Started process (PID=6052) to work on /home/logi/txtai/venv/lib/python3.10/site-packages/airflow/example_dags/subdags/subdag.py
[2025-10-30T15:07:02.477+0530] {processor.py:830} INFO - Processing file /home/logi/txtai/venv/lib/python3.10/site-packages/airflow/example_dags/subdags/subdag.py for tasks to queue
[2025-10-30T15:07:02.480+0530] {logging_mixin.py:188} INFO - [2025-10-30T15:07:02.479+0530] {dagbag.py:545} INFO - Filling up the DagBag from /home/logi/txtai/venv/lib/python3.10/site-packages/airflow/example_dags/subdags/subdag.py
[2025-10-30T15:07:02.483+0530] {processor.py:842} WARNING - No viable dags retrieved from /home/logi/txtai/venv/lib/python3.10/site-packages/airflow/example_dags/subdags/subdag.py
[2025-10-30T15:07:02.503+0530] {processor.py:183} INFO - Processing /home/logi/txtai/venv/lib/python3.10/site-packages/airflow/example_dags/subdags/subdag.py took 0.050 seconds
[2025-10-30T15:07:50.858+0530] {processor.py:161} INFO - Started process (PID=6140) to work on /home/logi/txtai/venv/lib/python3.10/site-packages/airflow/example_dags/subdags/subdag.py
[2025-10-30T15:07:50.872+0530] {processor.py:830} INFO - Processing file /home/logi/txtai/venv/lib/python3.10/site-packages/airflow/example_dags/subdags/subdag.py for tasks to queue
[2025-10-30T15:07:50.875+0530] {logging_mixin.py:188} INFO - [2025-10-30T15:07:50.874+0530] {dagbag.py:545} INFO - Filling up the DagBag from /home/logi/txtai/venv/lib/python3.10/site-packages/airflow/example_dags/subdags/subdag.py
[2025-10-30T15:07:50.878+0530] {processor.py:842} WARNING - No viable dags retrieved from /home/logi/txtai/venv/lib/python3.10/site-packages/airflow/example_dags/subdags/subdag.py
[2025-10-30T15:07:50.897+0530] {processor.py:183} INFO - Processing /home/logi/txtai/venv/lib/python3.10/site-packages/airflow/example_dags/subdags/subdag.py took 0.050 seconds
[2025-10-30T15:08:43.546+0530] {processor.py:161} INFO - Started process (PID=6220) to work on /home/logi/txtai/venv/lib/python3.10/site-packages/airflow/example_dags/subdags/subdag.py
[2025-10-30T15:08:43.559+0530] {processor.py:830} INFO - Processing file /home/logi/txtai/venv/lib/python3.10/site-packages/airflow/example_dags/subdags/subdag.py for tasks to queue
[2025-10-30T15:08:43.563+0530] {logging_mixin.py:188} INFO - [2025-10-30T15:08:43.562+0530] {dagbag.py:545} INFO - Filling up the DagBag from /home/logi/txtai/venv/lib/python3.10/site-packages/airflow/example_dags/subdags/subdag.py
[2025-10-30T15:08:43.566+0530] {processor.py:842} WARNING - No viable dags retrieved from /home/logi/txtai/venv/lib/python3.10/site-packages/airflow/example_dags/subdags/subdag.py
[2025-10-30T15:08:43.594+0530] {processor.py:183} INFO - Processing /home/logi/txtai/venv/lib/python3.10/site-packages/airflow/example_dags/subdags/subdag.py took 0.058 seconds
[2025-10-30T15:09:33.602+0530] {processor.py:161} INFO - Started process (PID=6312) to work on /home/logi/txtai/venv/lib/python3.10/site-packages/airflow/example_dags/subdags/subdag.py
[2025-10-30T15:09:33.615+0530] {processor.py:830} INFO - Processing file /home/logi/txtai/venv/lib/python3.10/site-packages/airflow/example_dags/subdags/subdag.py for tasks to queue
[2025-10-30T15:09:33.618+0530] {logging_mixin.py:188} INFO - [2025-10-30T15:09:33.618+0530] {dagbag.py:545} INFO - Filling up the DagBag from /home/logi/txtai/venv/lib/python3.10/site-packages/airflow/example_dags/subdags/subdag.py
[2025-10-30T15:09:33.622+0530] {processor.py:842} WARNING - No viable dags retrieved from /home/logi/txtai/venv/lib/python3.10/site-packages/airflow/example_dags/subdags/subdag.py
[2025-10-30T15:09:33.640+0530] {processor.py:183} INFO - Processing /home/logi/txtai/venv/lib/python3.10/site-packages/airflow/example_dags/subdags/subdag.py took 0.049 seconds
[2025-10-30T15:10:24.319+0530] {processor.py:161} INFO - Started process (PID=6393) to work on /home/logi/txtai/venv/lib/python3.10/site-packages/airflow/example_dags/subdags/subdag.py
[2025-10-30T15:10:24.332+0530] {processor.py:830} INFO - Processing file /home/logi/txtai/venv/lib/python3.10/site-packages/airflow/example_dags/subdags/subdag.py for tasks to queue
[2025-10-30T15:10:24.336+0530] {logging_mixin.py:188} INFO - [2025-10-30T15:10:24.335+0530] {dagbag.py:545} INFO - Filling up the DagBag from /home/logi/txtai/venv/lib/python3.10/site-packages/airflow/example_dags/subdags/subdag.py
[2025-10-30T15:10:24.339+0530] {processor.py:842} WARNING - No viable dags retrieved from /home/logi/txtai/venv/lib/python3.10/site-packages/airflow/example_dags/subdags/subdag.py
[2025-10-30T15:10:24.358+0530] {processor.py:183} INFO - Processing /home/logi/txtai/venv/lib/python3.10/site-packages/airflow/example_dags/subdags/subdag.py took 0.051 seconds
[2025-10-30T15:11:12.387+0530] {processor.py:161} INFO - Started process (PID=6501) to work on /home/logi/txtai/venv/lib/python3.10/site-packages/airflow/example_dags/subdags/subdag.py
[2025-10-30T15:11:12.389+0530] {processor.py:830} INFO - Processing file /home/logi/txtai/venv/lib/python3.10/site-packages/airflow/example_dags/subdags/subdag.py for tasks to queue
[2025-10-30T15:11:12.392+0530] {logging_mixin.py:188} INFO - [2025-10-30T15:11:12.392+0530] {dagbag.py:545} INFO - Filling up the DagBag from /home/logi/txtai/venv/lib/python3.10/site-packages/airflow/example_dags/subdags/subdag.py
[2025-10-30T15:11:12.396+0530] {processor.py:842} WARNING - No viable dags retrieved from /home/logi/txtai/venv/lib/python3.10/site-packages/airflow/example_dags/subdags/subdag.py
[2025-10-30T15:11:12.422+0530] {processor.py:183} INFO - Processing /home/logi/txtai/venv/lib/python3.10/site-packages/airflow/example_dags/subdags/subdag.py took 0.049 seconds
[2025-10-30T15:12:02.413+0530] {processor.py:161} INFO - Started process (PID=6574) to work on /home/logi/txtai/venv/lib/python3.10/site-packages/airflow/example_dags/subdags/subdag.py
[2025-10-30T15:12:02.426+0530] {processor.py:830} INFO - Processing file /home/logi/txtai/venv/lib/python3.10/site-packages/airflow/example_dags/subdags/subdag.py for tasks to queue
[2025-10-30T15:12:02.430+0530] {logging_mixin.py:188} INFO - [2025-10-30T15:12:02.429+0530] {dagbag.py:545} INFO - Filling up the DagBag from /home/logi/txtai/venv/lib/python3.10/site-packages/airflow/example_dags/subdags/subdag.py
[2025-10-30T15:12:02.433+0530] {processor.py:842} WARNING - No viable dags retrieved from /home/logi/txtai/venv/lib/python3.10/site-packages/airflow/example_dags/subdags/subdag.py
[2025-10-30T15:12:02.454+0530] {processor.py:183} INFO - Processing /home/logi/txtai/venv/lib/python3.10/site-packages/airflow/example_dags/subdags/subdag.py took 0.053 seconds
[2025-10-30T15:12:52.565+0530] {processor.py:161} INFO - Started process (PID=6663) to work on /home/logi/txtai/venv/lib/python3.10/site-packages/airflow/example_dags/subdags/subdag.py
[2025-10-30T15:12:52.579+0530] {processor.py:830} INFO - Processing file /home/logi/txtai/venv/lib/python3.10/site-packages/airflow/example_dags/subdags/subdag.py for tasks to queue
[2025-10-30T15:12:52.582+0530] {logging_mixin.py:188} INFO - [2025-10-30T15:12:52.582+0530] {dagbag.py:545} INFO - Filling up the DagBag from /home/logi/txtai/venv/lib/python3.10/site-packages/airflow/example_dags/subdags/subdag.py
[2025-10-30T15:12:52.586+0530] {processor.py:842} WARNING - No viable dags retrieved from /home/logi/txtai/venv/lib/python3.10/site-packages/airflow/example_dags/subdags/subdag.py
[2025-10-30T15:12:52.604+0530] {processor.py:183} INFO - Processing /home/logi/txtai/venv/lib/python3.10/site-packages/airflow/example_dags/subdags/subdag.py took 0.051 seconds
[2025-10-30T15:13:42.283+0530] {processor.py:161} INFO - Started process (PID=6742) to work on /home/logi/txtai/venv/lib/python3.10/site-packages/airflow/example_dags/subdags/subdag.py
[2025-10-30T15:13:42.296+0530] {processor.py:830} INFO - Processing file /home/logi/txtai/venv/lib/python3.10/site-packages/airflow/example_dags/subdags/subdag.py for tasks to queue
[2025-10-30T15:13:42.299+0530] {logging_mixin.py:188} INFO - [2025-10-30T15:13:42.298+0530] {dagbag.py:545} INFO - Filling up the DagBag from /home/logi/txtai/venv/lib/python3.10/site-packages/airflow/example_dags/subdags/subdag.py
[2025-10-30T15:13:42.301+0530] {processor.py:842} WARNING - No viable dags retrieved from /home/logi/txtai/venv/lib/python3.10/site-packages/airflow/example_dags/subdags/subdag.py
[2025-10-30T15:13:42.312+0530] {processor.py:183} INFO - Processing /home/logi/txtai/venv/lib/python3.10/site-packages/airflow/example_dags/subdags/subdag.py took 0.035 seconds
[2025-10-30T15:14:30.591+0530] {processor.py:161} INFO - Started process (PID=6832) to work on /home/logi/txtai/venv/lib/python3.10/site-packages/airflow/example_dags/subdags/subdag.py
[2025-10-30T15:14:30.604+0530] {processor.py:830} INFO - Processing file /home/logi/txtai/venv/lib/python3.10/site-packages/airflow/example_dags/subdags/subdag.py for tasks to queue
[2025-10-30T15:14:30.608+0530] {logging_mixin.py:188} INFO - [2025-10-30T15:14:30.607+0530] {dagbag.py:545} INFO - Filling up the DagBag from /home/logi/txtai/venv/lib/python3.10/site-packages/airflow/example_dags/subdags/subdag.py
[2025-10-30T15:14:30.611+0530] {processor.py:842} WARNING - No viable dags retrieved from /home/logi/txtai/venv/lib/python3.10/site-packages/airflow/example_dags/subdags/subdag.py
[2025-10-30T15:14:30.623+0530] {processor.py:183} INFO - Processing /home/logi/txtai/venv/lib/python3.10/site-packages/airflow/example_dags/subdags/subdag.py took 0.043 seconds
[2025-10-30T15:15:25.359+0530] {processor.py:161} INFO - Started process (PID=6901) to work on /home/logi/txtai/venv/lib/python3.10/site-packages/airflow/example_dags/subdags/subdag.py
[2025-10-30T15:15:25.362+0530] {processor.py:830} INFO - Processing file /home/logi/txtai/venv/lib/python3.10/site-packages/airflow/example_dags/subdags/subdag.py for tasks to queue
[2025-10-30T15:15:25.365+0530] {logging_mixin.py:188} INFO - [2025-10-30T15:15:25.364+0530] {dagbag.py:545} INFO - Filling up the DagBag from /home/logi/txtai/venv/lib/python3.10/site-packages/airflow/example_dags/subdags/subdag.py
[2025-10-30T15:15:25.367+0530] {processor.py:842} WARNING - No viable dags retrieved from /home/logi/txtai/venv/lib/python3.10/site-packages/airflow/example_dags/subdags/subdag.py
[2025-10-30T15:15:25.378+0530] {processor.py:183} INFO - Processing /home/logi/txtai/venv/lib/python3.10/site-packages/airflow/example_dags/subdags/subdag.py took 0.031 seconds
[2025-10-30T15:16:13.199+0530] {processor.py:161} INFO - Started process (PID=6977) to work on /home/logi/txtai/venv/lib/python3.10/site-packages/airflow/example_dags/subdags/subdag.py
[2025-10-30T15:16:13.213+0530] {processor.py:830} INFO - Processing file /home/logi/txtai/venv/lib/python3.10/site-packages/airflow/example_dags/subdags/subdag.py for tasks to queue
[2025-10-30T15:16:13.216+0530] {logging_mixin.py:188} INFO - [2025-10-30T15:16:13.215+0530] {dagbag.py:545} INFO - Filling up the DagBag from /home/logi/txtai/venv/lib/python3.10/site-packages/airflow/example_dags/subdags/subdag.py
[2025-10-30T15:16:13.218+0530] {processor.py:842} WARNING - No viable dags retrieved from /home/logi/txtai/venv/lib/python3.10/site-packages/airflow/example_dags/subdags/subdag.py
[2025-10-30T15:16:13.231+0530] {processor.py:183} INFO - Processing /home/logi/txtai/venv/lib/python3.10/site-packages/airflow/example_dags/subdags/subdag.py took 0.039 seconds
[2025-10-30T15:16:58.141+0530] {processor.py:161} INFO - Started process (PID=7039) to work on /home/logi/txtai/venv/lib/python3.10/site-packages/airflow/example_dags/subdags/subdag.py
[2025-10-30T15:16:58.154+0530] {processor.py:830} INFO - Processing file /home/logi/txtai/venv/lib/python3.10/site-packages/airflow/example_dags/subdags/subdag.py for tasks to queue
[2025-10-30T15:16:58.156+0530] {logging_mixin.py:188} INFO - [2025-10-30T15:16:58.156+0530] {dagbag.py:545} INFO - Filling up the DagBag from /home/logi/txtai/venv/lib/python3.10/site-packages/airflow/example_dags/subdags/subdag.py
[2025-10-30T15:16:58.158+0530] {processor.py:842} WARNING - No viable dags retrieved from /home/logi/txtai/venv/lib/python3.10/site-packages/airflow/example_dags/subdags/subdag.py
[2025-10-30T15:16:58.170+0530] {processor.py:183} INFO - Processing /home/logi/txtai/venv/lib/python3.10/site-packages/airflow/example_dags/subdags/subdag.py took 0.036 seconds
[2025-10-30T15:17:48.587+0530] {processor.py:161} INFO - Started process (PID=7123) to work on /home/logi/txtai/venv/lib/python3.10/site-packages/airflow/example_dags/subdags/subdag.py
[2025-10-30T15:17:48.600+0530] {processor.py:830} INFO - Processing file /home/logi/txtai/venv/lib/python3.10/site-packages/airflow/example_dags/subdags/subdag.py for tasks to queue
[2025-10-30T15:17:48.603+0530] {logging_mixin.py:188} INFO - [2025-10-30T15:17:48.603+0530] {dagbag.py:545} INFO - Filling up the DagBag from /home/logi/txtai/venv/lib/python3.10/site-packages/airflow/example_dags/subdags/subdag.py
[2025-10-30T15:17:48.607+0530] {processor.py:842} WARNING - No viable dags retrieved from /home/logi/txtai/venv/lib/python3.10/site-packages/airflow/example_dags/subdags/subdag.py
[2025-10-30T15:17:48.625+0530] {processor.py:183} INFO - Processing /home/logi/txtai/venv/lib/python3.10/site-packages/airflow/example_dags/subdags/subdag.py took 0.049 seconds
[2025-10-30T15:18:41.227+0530] {processor.py:161} INFO - Started process (PID=7187) to work on /home/logi/txtai/venv/lib/python3.10/site-packages/airflow/example_dags/subdags/subdag.py
[2025-10-30T15:18:41.240+0530] {processor.py:830} INFO - Processing file /home/logi/txtai/venv/lib/python3.10/site-packages/airflow/example_dags/subdags/subdag.py for tasks to queue
[2025-10-30T15:18:41.243+0530] {logging_mixin.py:188} INFO - [2025-10-30T15:18:41.242+0530] {dagbag.py:545} INFO - Filling up the DagBag from /home/logi/txtai/venv/lib/python3.10/site-packages/airflow/example_dags/subdags/subdag.py
[2025-10-30T15:18:41.247+0530] {processor.py:842} WARNING - No viable dags retrieved from /home/logi/txtai/venv/lib/python3.10/site-packages/airflow/example_dags/subdags/subdag.py
[2025-10-30T15:18:41.266+0530] {processor.py:183} INFO - Processing /home/logi/txtai/venv/lib/python3.10/site-packages/airflow/example_dags/subdags/subdag.py took 0.050 seconds
[2025-10-30T15:19:34.500+0530] {processor.py:161} INFO - Started process (PID=7285) to work on /home/logi/txtai/venv/lib/python3.10/site-packages/airflow/example_dags/subdags/subdag.py
[2025-10-30T15:19:34.514+0530] {processor.py:830} INFO - Processing file /home/logi/txtai/venv/lib/python3.10/site-packages/airflow/example_dags/subdags/subdag.py for tasks to queue
[2025-10-30T15:19:34.517+0530] {logging_mixin.py:188} INFO - [2025-10-30T15:19:34.517+0530] {dagbag.py:545} INFO - Filling up the DagBag from /home/logi/txtai/venv/lib/python3.10/site-packages/airflow/example_dags/subdags/subdag.py
[2025-10-30T15:19:34.522+0530] {processor.py:842} WARNING - No viable dags retrieved from /home/logi/txtai/venv/lib/python3.10/site-packages/airflow/example_dags/subdags/subdag.py
[2025-10-30T15:19:34.550+0530] {processor.py:183} INFO - Processing /home/logi/txtai/venv/lib/python3.10/site-packages/airflow/example_dags/subdags/subdag.py took 0.062 seconds
[2025-10-30T15:20:24.317+0530] {processor.py:161} INFO - Started process (PID=7377) to work on /home/logi/txtai/venv/lib/python3.10/site-packages/airflow/example_dags/subdags/subdag.py
[2025-10-30T15:20:24.330+0530] {processor.py:830} INFO - Processing file /home/logi/txtai/venv/lib/python3.10/site-packages/airflow/example_dags/subdags/subdag.py for tasks to queue
[2025-10-30T15:20:24.333+0530] {logging_mixin.py:188} INFO - [2025-10-30T15:20:24.332+0530] {dagbag.py:545} INFO - Filling up the DagBag from /home/logi/txtai/venv/lib/python3.10/site-packages/airflow/example_dags/subdags/subdag.py
[2025-10-30T15:20:24.336+0530] {processor.py:842} WARNING - No viable dags retrieved from /home/logi/txtai/venv/lib/python3.10/site-packages/airflow/example_dags/subdags/subdag.py
[2025-10-30T15:20:24.354+0530] {processor.py:183} INFO - Processing /home/logi/txtai/venv/lib/python3.10/site-packages/airflow/example_dags/subdags/subdag.py took 0.047 seconds
[2025-10-30T15:21:13.779+0530] {processor.py:161} INFO - Started process (PID=7444) to work on /home/logi/txtai/venv/lib/python3.10/site-packages/airflow/example_dags/subdags/subdag.py
[2025-10-30T15:21:13.793+0530] {processor.py:830} INFO - Processing file /home/logi/txtai/venv/lib/python3.10/site-packages/airflow/example_dags/subdags/subdag.py for tasks to queue
[2025-10-30T15:21:13.796+0530] {logging_mixin.py:188} INFO - [2025-10-30T15:21:13.796+0530] {dagbag.py:545} INFO - Filling up the DagBag from /home/logi/txtai/venv/lib/python3.10/site-packages/airflow/example_dags/subdags/subdag.py
[2025-10-30T15:21:13.800+0530] {processor.py:842} WARNING - No viable dags retrieved from /home/logi/txtai/venv/lib/python3.10/site-packages/airflow/example_dags/subdags/subdag.py
[2025-10-30T15:21:13.820+0530] {processor.py:183} INFO - Processing /home/logi/txtai/venv/lib/python3.10/site-packages/airflow/example_dags/subdags/subdag.py took 0.050 seconds
[2025-10-30T15:22:03.288+0530] {processor.py:161} INFO - Started process (PID=7526) to work on /home/logi/txtai/venv/lib/python3.10/site-packages/airflow/example_dags/subdags/subdag.py
[2025-10-30T15:22:03.301+0530] {processor.py:830} INFO - Processing file /home/logi/txtai/venv/lib/python3.10/site-packages/airflow/example_dags/subdags/subdag.py for tasks to queue
[2025-10-30T15:22:03.305+0530] {logging_mixin.py:188} INFO - [2025-10-30T15:22:03.304+0530] {dagbag.py:545} INFO - Filling up the DagBag from /home/logi/txtai/venv/lib/python3.10/site-packages/airflow/example_dags/subdags/subdag.py
[2025-10-30T15:22:03.308+0530] {processor.py:842} WARNING - No viable dags retrieved from /home/logi/txtai/venv/lib/python3.10/site-packages/airflow/example_dags/subdags/subdag.py
[2025-10-30T15:22:03.326+0530] {processor.py:183} INFO - Processing /home/logi/txtai/venv/lib/python3.10/site-packages/airflow/example_dags/subdags/subdag.py took 0.050 seconds
[2025-10-30T15:22:51.565+0530] {processor.py:161} INFO - Started process (PID=7589) to work on /home/logi/txtai/venv/lib/python3.10/site-packages/airflow/example_dags/subdags/subdag.py
[2025-10-30T15:22:51.579+0530] {processor.py:830} INFO - Processing file /home/logi/txtai/venv/lib/python3.10/site-packages/airflow/example_dags/subdags/subdag.py for tasks to queue
[2025-10-30T15:22:51.582+0530] {logging_mixin.py:188} INFO - [2025-10-30T15:22:51.581+0530] {dagbag.py:545} INFO - Filling up the DagBag from /home/logi/txtai/venv/lib/python3.10/site-packages/airflow/example_dags/subdags/subdag.py
[2025-10-30T15:22:51.585+0530] {processor.py:842} WARNING - No viable dags retrieved from /home/logi/txtai/venv/lib/python3.10/site-packages/airflow/example_dags/subdags/subdag.py
[2025-10-30T15:22:51.604+0530] {processor.py:183} INFO - Processing /home/logi/txtai/venv/lib/python3.10/site-packages/airflow/example_dags/subdags/subdag.py took 0.050 seconds
[2025-10-30T15:23:42.210+0530] {processor.py:161} INFO - Started process (PID=7665) to work on /home/logi/txtai/venv/lib/python3.10/site-packages/airflow/example_dags/subdags/subdag.py
[2025-10-30T15:23:42.223+0530] {processor.py:830} INFO - Processing file /home/logi/txtai/venv/lib/python3.10/site-packages/airflow/example_dags/subdags/subdag.py for tasks to queue
[2025-10-30T15:23:42.226+0530] {logging_mixin.py:188} INFO - [2025-10-30T15:23:42.226+0530] {dagbag.py:545} INFO - Filling up the DagBag from /home/logi/txtai/venv/lib/python3.10/site-packages/airflow/example_dags/subdags/subdag.py
[2025-10-30T15:23:42.230+0530] {processor.py:842} WARNING - No viable dags retrieved from /home/logi/txtai/venv/lib/python3.10/site-packages/airflow/example_dags/subdags/subdag.py
[2025-10-30T15:23:42.250+0530] {processor.py:183} INFO - Processing /home/logi/txtai/venv/lib/python3.10/site-packages/airflow/example_dags/subdags/subdag.py took 0.051 seconds
[2025-10-30T15:24:32.481+0530] {processor.py:161} INFO - Started process (PID=7754) to work on /home/logi/txtai/venv/lib/python3.10/site-packages/airflow/example_dags/subdags/subdag.py
[2025-10-30T15:24:32.494+0530] {processor.py:830} INFO - Processing file /home/logi/txtai/venv/lib/python3.10/site-packages/airflow/example_dags/subdags/subdag.py for tasks to queue
[2025-10-30T15:24:32.497+0530] {logging_mixin.py:188} INFO - [2025-10-30T15:24:32.497+0530] {dagbag.py:545} INFO - Filling up the DagBag from /home/logi/txtai/venv/lib/python3.10/site-packages/airflow/example_dags/subdags/subdag.py
[2025-10-30T15:24:32.501+0530] {processor.py:842} WARNING - No viable dags retrieved from /home/logi/txtai/venv/lib/python3.10/site-packages/airflow/example_dags/subdags/subdag.py
[2025-10-30T15:24:32.519+0530] {processor.py:183} INFO - Processing /home/logi/txtai/venv/lib/python3.10/site-packages/airflow/example_dags/subdags/subdag.py took 0.049 seconds
[2025-10-30T15:25:22.847+0530] {processor.py:161} INFO - Started process (PID=7817) to work on /home/logi/txtai/venv/lib/python3.10/site-packages/airflow/example_dags/subdags/subdag.py
[2025-10-30T15:25:22.850+0530] {processor.py:830} INFO - Processing file /home/logi/txtai/venv/lib/python3.10/site-packages/airflow/example_dags/subdags/subdag.py for tasks to queue
[2025-10-30T15:25:22.853+0530] {logging_mixin.py:188} INFO - [2025-10-30T15:25:22.852+0530] {dagbag.py:545} INFO - Filling up the DagBag from /home/logi/txtai/venv/lib/python3.10/site-packages/airflow/example_dags/subdags/subdag.py
[2025-10-30T15:25:22.857+0530] {processor.py:842} WARNING - No viable dags retrieved from /home/logi/txtai/venv/lib/python3.10/site-packages/airflow/example_dags/subdags/subdag.py
[2025-10-30T15:25:22.876+0530] {processor.py:183} INFO - Processing /home/logi/txtai/venv/lib/python3.10/site-packages/airflow/example_dags/subdags/subdag.py took 0.039 seconds
[2025-10-30T15:26:11.282+0530] {processor.py:161} INFO - Started process (PID=7894) to work on /home/logi/txtai/venv/lib/python3.10/site-packages/airflow/example_dags/subdags/subdag.py
[2025-10-30T15:26:11.296+0530] {processor.py:830} INFO - Processing file /home/logi/txtai/venv/lib/python3.10/site-packages/airflow/example_dags/subdags/subdag.py for tasks to queue
[2025-10-30T15:26:11.299+0530] {logging_mixin.py:188} INFO - [2025-10-30T15:26:11.299+0530] {dagbag.py:545} INFO - Filling up the DagBag from /home/logi/txtai/venv/lib/python3.10/site-packages/airflow/example_dags/subdags/subdag.py
[2025-10-30T15:26:11.303+0530] {processor.py:842} WARNING - No viable dags retrieved from /home/logi/txtai/venv/lib/python3.10/site-packages/airflow/example_dags/subdags/subdag.py
[2025-10-30T15:26:11.321+0530] {processor.py:183} INFO - Processing /home/logi/txtai/venv/lib/python3.10/site-packages/airflow/example_dags/subdags/subdag.py took 0.050 seconds
[2025-10-30T15:26:57.966+0530] {processor.py:161} INFO - Started process (PID=7953) to work on /home/logi/txtai/venv/lib/python3.10/site-packages/airflow/example_dags/subdags/subdag.py
[2025-10-30T15:26:57.979+0530] {processor.py:830} INFO - Processing file /home/logi/txtai/venv/lib/python3.10/site-packages/airflow/example_dags/subdags/subdag.py for tasks to queue
[2025-10-30T15:26:57.982+0530] {logging_mixin.py:188} INFO - [2025-10-30T15:26:57.982+0530] {dagbag.py:545} INFO - Filling up the DagBag from /home/logi/txtai/venv/lib/python3.10/site-packages/airflow/example_dags/subdags/subdag.py
[2025-10-30T15:26:57.986+0530] {processor.py:842} WARNING - No viable dags retrieved from /home/logi/txtai/venv/lib/python3.10/site-packages/airflow/example_dags/subdags/subdag.py
[2025-10-30T15:26:58.005+0530] {processor.py:183} INFO - Processing /home/logi/txtai/venv/lib/python3.10/site-packages/airflow/example_dags/subdags/subdag.py took 0.050 seconds
[2025-10-30T15:27:48.471+0530] {processor.py:161} INFO - Started process (PID=8015) to work on /home/logi/txtai/venv/lib/python3.10/site-packages/airflow/example_dags/subdags/subdag.py
[2025-10-30T15:27:48.485+0530] {processor.py:830} INFO - Processing file /home/logi/txtai/venv/lib/python3.10/site-packages/airflow/example_dags/subdags/subdag.py for tasks to queue
[2025-10-30T15:27:48.488+0530] {logging_mixin.py:188} INFO - [2025-10-30T15:27:48.487+0530] {dagbag.py:545} INFO - Filling up the DagBag from /home/logi/txtai/venv/lib/python3.10/site-packages/airflow/example_dags/subdags/subdag.py
[2025-10-30T15:27:48.491+0530] {processor.py:842} WARNING - No viable dags retrieved from /home/logi/txtai/venv/lib/python3.10/site-packages/airflow/example_dags/subdags/subdag.py
[2025-10-30T15:27:48.511+0530] {processor.py:183} INFO - Processing /home/logi/txtai/venv/lib/python3.10/site-packages/airflow/example_dags/subdags/subdag.py took 0.051 seconds
[2025-10-30T15:28:39.195+0530] {processor.py:161} INFO - Started process (PID=8078) to work on /home/logi/txtai/venv/lib/python3.10/site-packages/airflow/example_dags/subdags/subdag.py
[2025-10-30T15:28:39.208+0530] {processor.py:830} INFO - Processing file /home/logi/txtai/venv/lib/python3.10/site-packages/airflow/example_dags/subdags/subdag.py for tasks to queue
[2025-10-30T15:28:39.212+0530] {logging_mixin.py:188} INFO - [2025-10-30T15:28:39.211+0530] {dagbag.py:545} INFO - Filling up the DagBag from /home/logi/txtai/venv/lib/python3.10/site-packages/airflow/example_dags/subdags/subdag.py
[2025-10-30T15:28:39.215+0530] {processor.py:842} WARNING - No viable dags retrieved from /home/logi/txtai/venv/lib/python3.10/site-packages/airflow/example_dags/subdags/subdag.py
[2025-10-30T15:28:39.234+0530] {processor.py:183} INFO - Processing /home/logi/txtai/venv/lib/python3.10/site-packages/airflow/example_dags/subdags/subdag.py took 0.051 seconds
[2025-10-30T15:29:29.025+0530] {processor.py:161} INFO - Started process (PID=8169) to work on /home/logi/txtai/venv/lib/python3.10/site-packages/airflow/example_dags/subdags/subdag.py
[2025-10-30T15:29:29.039+0530] {processor.py:830} INFO - Processing file /home/logi/txtai/venv/lib/python3.10/site-packages/airflow/example_dags/subdags/subdag.py for tasks to queue
[2025-10-30T15:29:29.042+0530] {logging_mixin.py:188} INFO - [2025-10-30T15:29:29.041+0530] {dagbag.py:545} INFO - Filling up the DagBag from /home/logi/txtai/venv/lib/python3.10/site-packages/airflow/example_dags/subdags/subdag.py
[2025-10-30T15:29:29.045+0530] {processor.py:842} WARNING - No viable dags retrieved from /home/logi/txtai/venv/lib/python3.10/site-packages/airflow/example_dags/subdags/subdag.py
[2025-10-30T15:29:29.064+0530] {processor.py:183} INFO - Processing /home/logi/txtai/venv/lib/python3.10/site-packages/airflow/example_dags/subdags/subdag.py took 0.051 seconds
[2025-10-30T15:30:18.546+0530] {processor.py:161} INFO - Started process (PID=8231) to work on /home/logi/txtai/venv/lib/python3.10/site-packages/airflow/example_dags/subdags/subdag.py
[2025-10-30T15:30:18.560+0530] {processor.py:830} INFO - Processing file /home/logi/txtai/venv/lib/python3.10/site-packages/airflow/example_dags/subdags/subdag.py for tasks to queue
[2025-10-30T15:30:18.563+0530] {logging_mixin.py:188} INFO - [2025-10-30T15:30:18.562+0530] {dagbag.py:545} INFO - Filling up the DagBag from /home/logi/txtai/venv/lib/python3.10/site-packages/airflow/example_dags/subdags/subdag.py
[2025-10-30T15:30:18.566+0530] {processor.py:842} WARNING - No viable dags retrieved from /home/logi/txtai/venv/lib/python3.10/site-packages/airflow/example_dags/subdags/subdag.py
[2025-10-30T15:30:18.585+0530] {processor.py:183} INFO - Processing /home/logi/txtai/venv/lib/python3.10/site-packages/airflow/example_dags/subdags/subdag.py took 0.050 seconds
[2025-10-30T15:31:05.693+0530] {processor.py:161} INFO - Started process (PID=8290) to work on /home/logi/txtai/venv/lib/python3.10/site-packages/airflow/example_dags/subdags/subdag.py
[2025-10-30T15:31:05.707+0530] {processor.py:830} INFO - Processing file /home/logi/txtai/venv/lib/python3.10/site-packages/airflow/example_dags/subdags/subdag.py for tasks to queue
[2025-10-30T15:31:05.710+0530] {logging_mixin.py:188} INFO - [2025-10-30T15:31:05.710+0530] {dagbag.py:545} INFO - Filling up the DagBag from /home/logi/txtai/venv/lib/python3.10/site-packages/airflow/example_dags/subdags/subdag.py
[2025-10-30T15:31:05.714+0530] {processor.py:842} WARNING - No viable dags retrieved from /home/logi/txtai/venv/lib/python3.10/site-packages/airflow/example_dags/subdags/subdag.py
[2025-10-30T15:31:05.733+0530] {processor.py:183} INFO - Processing /home/logi/txtai/venv/lib/python3.10/site-packages/airflow/example_dags/subdags/subdag.py took 0.051 seconds
[2025-10-30T15:31:59.174+0530] {processor.py:161} INFO - Started process (PID=8352) to work on /home/logi/txtai/venv/lib/python3.10/site-packages/airflow/example_dags/subdags/subdag.py
[2025-10-30T15:31:59.187+0530] {processor.py:830} INFO - Processing file /home/logi/txtai/venv/lib/python3.10/site-packages/airflow/example_dags/subdags/subdag.py for tasks to queue
[2025-10-30T15:31:59.190+0530] {logging_mixin.py:188} INFO - [2025-10-30T15:31:59.190+0530] {dagbag.py:545} INFO - Filling up the DagBag from /home/logi/txtai/venv/lib/python3.10/site-packages/airflow/example_dags/subdags/subdag.py
[2025-10-30T15:31:59.194+0530] {processor.py:842} WARNING - No viable dags retrieved from /home/logi/txtai/venv/lib/python3.10/site-packages/airflow/example_dags/subdags/subdag.py
[2025-10-30T15:31:59.213+0530] {processor.py:183} INFO - Processing /home/logi/txtai/venv/lib/python3.10/site-packages/airflow/example_dags/subdags/subdag.py took 0.051 seconds
[2025-10-30T15:32:49.992+0530] {processor.py:161} INFO - Started process (PID=8420) to work on /home/logi/txtai/venv/lib/python3.10/site-packages/airflow/example_dags/subdags/subdag.py
[2025-10-30T15:32:50.006+0530] {processor.py:830} INFO - Processing file /home/logi/txtai/venv/lib/python3.10/site-packages/airflow/example_dags/subdags/subdag.py for tasks to queue
[2025-10-30T15:32:50.009+0530] {logging_mixin.py:188} INFO - [2025-10-30T15:32:50.009+0530] {dagbag.py:545} INFO - Filling up the DagBag from /home/logi/txtai/venv/lib/python3.10/site-packages/airflow/example_dags/subdags/subdag.py
[2025-10-30T15:32:50.013+0530] {processor.py:842} WARNING - No viable dags retrieved from /home/logi/txtai/venv/lib/python3.10/site-packages/airflow/example_dags/subdags/subdag.py
[2025-10-30T15:32:50.032+0530] {processor.py:183} INFO - Processing /home/logi/txtai/venv/lib/python3.10/site-packages/airflow/example_dags/subdags/subdag.py took 0.051 seconds
[2025-10-30T15:33:39.824+0530] {processor.py:161} INFO - Started process (PID=8483) to work on /home/logi/txtai/venv/lib/python3.10/site-packages/airflow/example_dags/subdags/subdag.py
[2025-10-30T15:33:39.826+0530] {processor.py:830} INFO - Processing file /home/logi/txtai/venv/lib/python3.10/site-packages/airflow/example_dags/subdags/subdag.py for tasks to queue
[2025-10-30T15:33:39.829+0530] {logging_mixin.py:188} INFO - [2025-10-30T15:33:39.829+0530] {dagbag.py:545} INFO - Filling up the DagBag from /home/logi/txtai/venv/lib/python3.10/site-packages/airflow/example_dags/subdags/subdag.py
[2025-10-30T15:33:39.833+0530] {processor.py:842} WARNING - No viable dags retrieved from /home/logi/txtai/venv/lib/python3.10/site-packages/airflow/example_dags/subdags/subdag.py
[2025-10-30T15:33:39.852+0530] {processor.py:183} INFO - Processing /home/logi/txtai/venv/lib/python3.10/site-packages/airflow/example_dags/subdags/subdag.py took 0.039 seconds
[2025-10-30T15:34:35.302+0530] {processor.py:161} INFO - Started process (PID=8576) to work on /home/logi/txtai/venv/lib/python3.10/site-packages/airflow/example_dags/subdags/subdag.py
[2025-10-30T15:34:35.304+0530] {processor.py:830} INFO - Processing file /home/logi/txtai/venv/lib/python3.10/site-packages/airflow/example_dags/subdags/subdag.py for tasks to queue
[2025-10-30T15:34:35.307+0530] {logging_mixin.py:188} INFO - [2025-10-30T15:34:35.306+0530] {dagbag.py:545} INFO - Filling up the DagBag from /home/logi/txtai/venv/lib/python3.10/site-packages/airflow/example_dags/subdags/subdag.py
[2025-10-30T15:34:35.310+0530] {processor.py:842} WARNING - No viable dags retrieved from /home/logi/txtai/venv/lib/python3.10/site-packages/airflow/example_dags/subdags/subdag.py
[2025-10-30T15:34:35.329+0530] {processor.py:183} INFO - Processing /home/logi/txtai/venv/lib/python3.10/site-packages/airflow/example_dags/subdags/subdag.py took 0.038 seconds
[2025-10-30T15:35:36.161+0530] {processor.py:161} INFO - Started process (PID=8645) to work on /home/logi/txtai/venv/lib/python3.10/site-packages/airflow/example_dags/subdags/subdag.py
[2025-10-30T15:35:36.175+0530] {processor.py:830} INFO - Processing file /home/logi/txtai/venv/lib/python3.10/site-packages/airflow/example_dags/subdags/subdag.py for tasks to queue
[2025-10-30T15:35:36.178+0530] {logging_mixin.py:188} INFO - [2025-10-30T15:35:36.177+0530] {dagbag.py:545} INFO - Filling up the DagBag from /home/logi/txtai/venv/lib/python3.10/site-packages/airflow/example_dags/subdags/subdag.py
[2025-10-30T15:35:36.181+0530] {processor.py:842} WARNING - No viable dags retrieved from /home/logi/txtai/venv/lib/python3.10/site-packages/airflow/example_dags/subdags/subdag.py
[2025-10-30T15:35:36.200+0530] {processor.py:183} INFO - Processing /home/logi/txtai/venv/lib/python3.10/site-packages/airflow/example_dags/subdags/subdag.py took 0.050 seconds
[2025-10-30T15:36:29.189+0530] {processor.py:161} INFO - Started process (PID=8710) to work on /home/logi/txtai/venv/lib/python3.10/site-packages/airflow/example_dags/subdags/subdag.py
[2025-10-30T15:36:29.202+0530] {processor.py:830} INFO - Processing file /home/logi/txtai/venv/lib/python3.10/site-packages/airflow/example_dags/subdags/subdag.py for tasks to queue
[2025-10-30T15:36:29.205+0530] {logging_mixin.py:188} INFO - [2025-10-30T15:36:29.204+0530] {dagbag.py:545} INFO - Filling up the DagBag from /home/logi/txtai/venv/lib/python3.10/site-packages/airflow/example_dags/subdags/subdag.py
[2025-10-30T15:36:29.209+0530] {processor.py:842} WARNING - No viable dags retrieved from /home/logi/txtai/venv/lib/python3.10/site-packages/airflow/example_dags/subdags/subdag.py
[2025-10-30T15:36:29.228+0530] {processor.py:183} INFO - Processing /home/logi/txtai/venv/lib/python3.10/site-packages/airflow/example_dags/subdags/subdag.py took 0.051 seconds
[2025-10-30T15:37:24.060+0530] {processor.py:161} INFO - Started process (PID=8787) to work on /home/logi/txtai/venv/lib/python3.10/site-packages/airflow/example_dags/subdags/subdag.py
[2025-10-30T15:37:24.074+0530] {processor.py:830} INFO - Processing file /home/logi/txtai/venv/lib/python3.10/site-packages/airflow/example_dags/subdags/subdag.py for tasks to queue
[2025-10-30T15:37:24.077+0530] {logging_mixin.py:188} INFO - [2025-10-30T15:37:24.076+0530] {dagbag.py:545} INFO - Filling up the DagBag from /home/logi/txtai/venv/lib/python3.10/site-packages/airflow/example_dags/subdags/subdag.py
[2025-10-30T15:37:24.080+0530] {processor.py:842} WARNING - No viable dags retrieved from /home/logi/txtai/venv/lib/python3.10/site-packages/airflow/example_dags/subdags/subdag.py
[2025-10-30T15:37:24.099+0530] {processor.py:183} INFO - Processing /home/logi/txtai/venv/lib/python3.10/site-packages/airflow/example_dags/subdags/subdag.py took 0.050 seconds
[2025-10-30T15:38:18.157+0530] {processor.py:161} INFO - Started process (PID=8854) to work on /home/logi/txtai/venv/lib/python3.10/site-packages/airflow/example_dags/subdags/subdag.py
[2025-10-30T15:38:18.171+0530] {processor.py:830} INFO - Processing file /home/logi/txtai/venv/lib/python3.10/site-packages/airflow/example_dags/subdags/subdag.py for tasks to queue
[2025-10-30T15:38:18.174+0530] {logging_mixin.py:188} INFO - [2025-10-30T15:38:18.173+0530] {dagbag.py:545} INFO - Filling up the DagBag from /home/logi/txtai/venv/lib/python3.10/site-packages/airflow/example_dags/subdags/subdag.py
[2025-10-30T15:38:18.178+0530] {processor.py:842} WARNING - No viable dags retrieved from /home/logi/txtai/venv/lib/python3.10/site-packages/airflow/example_dags/subdags/subdag.py
[2025-10-30T15:38:18.197+0530] {processor.py:183} INFO - Processing /home/logi/txtai/venv/lib/python3.10/site-packages/airflow/example_dags/subdags/subdag.py took 0.051 seconds
[2025-10-30T15:39:08.743+0530] {processor.py:161} INFO - Started process (PID=8918) to work on /home/logi/txtai/venv/lib/python3.10/site-packages/airflow/example_dags/subdags/subdag.py
[2025-10-30T15:39:08.756+0530] {processor.py:830} INFO - Processing file /home/logi/txtai/venv/lib/python3.10/site-packages/airflow/example_dags/subdags/subdag.py for tasks to queue
[2025-10-30T15:39:08.760+0530] {logging_mixin.py:188} INFO - [2025-10-30T15:39:08.759+0530] {dagbag.py:545} INFO - Filling up the DagBag from /home/logi/txtai/venv/lib/python3.10/site-packages/airflow/example_dags/subdags/subdag.py
[2025-10-30T15:39:08.763+0530] {processor.py:842} WARNING - No viable dags retrieved from /home/logi/txtai/venv/lib/python3.10/site-packages/airflow/example_dags/subdags/subdag.py
[2025-10-30T15:39:08.782+0530] {processor.py:183} INFO - Processing /home/logi/txtai/venv/lib/python3.10/site-packages/airflow/example_dags/subdags/subdag.py took 0.050 seconds
[2025-10-30T15:39:58.541+0530] {processor.py:161} INFO - Started process (PID=9082) to work on /home/logi/txtai/venv/lib/python3.10/site-packages/airflow/example_dags/subdags/subdag.py
[2025-10-30T15:39:58.555+0530] {processor.py:830} INFO - Processing file /home/logi/txtai/venv/lib/python3.10/site-packages/airflow/example_dags/subdags/subdag.py for tasks to queue
[2025-10-30T15:39:58.558+0530] {logging_mixin.py:188} INFO - [2025-10-30T15:39:58.557+0530] {dagbag.py:545} INFO - Filling up the DagBag from /home/logi/txtai/venv/lib/python3.10/site-packages/airflow/example_dags/subdags/subdag.py
[2025-10-30T15:39:58.562+0530] {processor.py:842} WARNING - No viable dags retrieved from /home/logi/txtai/venv/lib/python3.10/site-packages/airflow/example_dags/subdags/subdag.py
[2025-10-30T15:39:58.581+0530] {processor.py:183} INFO - Processing /home/logi/txtai/venv/lib/python3.10/site-packages/airflow/example_dags/subdags/subdag.py took 0.051 seconds
[2025-10-30T15:40:47.810+0530] {processor.py:161} INFO - Started process (PID=9164) to work on /home/logi/txtai/venv/lib/python3.10/site-packages/airflow/example_dags/subdags/subdag.py
[2025-10-30T15:40:47.824+0530] {processor.py:830} INFO - Processing file /home/logi/txtai/venv/lib/python3.10/site-packages/airflow/example_dags/subdags/subdag.py for tasks to queue
[2025-10-30T15:40:47.829+0530] {logging_mixin.py:188} INFO - [2025-10-30T15:40:47.828+0530] {dagbag.py:545} INFO - Filling up the DagBag from /home/logi/txtai/venv/lib/python3.10/site-packages/airflow/example_dags/subdags/subdag.py
[2025-10-30T15:40:47.832+0530] {processor.py:842} WARNING - No viable dags retrieved from /home/logi/txtai/venv/lib/python3.10/site-packages/airflow/example_dags/subdags/subdag.py
[2025-10-30T15:40:47.857+0530] {processor.py:183} INFO - Processing /home/logi/txtai/venv/lib/python3.10/site-packages/airflow/example_dags/subdags/subdag.py took 0.062 seconds
[2025-10-30T15:41:39.533+0530] {processor.py:161} INFO - Started process (PID=9353) to work on /home/logi/txtai/venv/lib/python3.10/site-packages/airflow/example_dags/subdags/subdag.py
[2025-10-30T15:41:39.546+0530] {processor.py:830} INFO - Processing file /home/logi/txtai/venv/lib/python3.10/site-packages/airflow/example_dags/subdags/subdag.py for tasks to queue
[2025-10-30T15:41:39.548+0530] {logging_mixin.py:188} INFO - [2025-10-30T15:41:39.548+0530] {dagbag.py:545} INFO - Filling up the DagBag from /home/logi/txtai/venv/lib/python3.10/site-packages/airflow/example_dags/subdags/subdag.py
[2025-10-30T15:41:39.552+0530] {processor.py:842} WARNING - No viable dags retrieved from /home/logi/txtai/venv/lib/python3.10/site-packages/airflow/example_dags/subdags/subdag.py
[2025-10-30T15:41:39.568+0530] {processor.py:183} INFO - Processing /home/logi/txtai/venv/lib/python3.10/site-packages/airflow/example_dags/subdags/subdag.py took 0.046 seconds
[2025-10-30T15:42:30.316+0530] {processor.py:161} INFO - Started process (PID=9490) to work on /home/logi/txtai/venv/lib/python3.10/site-packages/airflow/example_dags/subdags/subdag.py
[2025-10-30T15:42:30.318+0530] {processor.py:830} INFO - Processing file /home/logi/txtai/venv/lib/python3.10/site-packages/airflow/example_dags/subdags/subdag.py for tasks to queue
[2025-10-30T15:42:30.321+0530] {logging_mixin.py:188} INFO - [2025-10-30T15:42:30.320+0530] {dagbag.py:545} INFO - Filling up the DagBag from /home/logi/txtai/venv/lib/python3.10/site-packages/airflow/example_dags/subdags/subdag.py
[2025-10-30T15:42:30.325+0530] {processor.py:842} WARNING - No viable dags retrieved from /home/logi/txtai/venv/lib/python3.10/site-packages/airflow/example_dags/subdags/subdag.py
[2025-10-30T15:42:30.346+0530] {processor.py:183} INFO - Processing /home/logi/txtai/venv/lib/python3.10/site-packages/airflow/example_dags/subdags/subdag.py took 0.042 seconds
[2025-10-30T15:43:18.757+0530] {processor.py:161} INFO - Started process (PID=9664) to work on /home/logi/txtai/venv/lib/python3.10/site-packages/airflow/example_dags/subdags/subdag.py
[2025-10-30T15:43:18.770+0530] {processor.py:830} INFO - Processing file /home/logi/txtai/venv/lib/python3.10/site-packages/airflow/example_dags/subdags/subdag.py for tasks to queue
[2025-10-30T15:43:18.773+0530] {logging_mixin.py:188} INFO - [2025-10-30T15:43:18.772+0530] {dagbag.py:545} INFO - Filling up the DagBag from /home/logi/txtai/venv/lib/python3.10/site-packages/airflow/example_dags/subdags/subdag.py
[2025-10-30T15:43:18.777+0530] {processor.py:842} WARNING - No viable dags retrieved from /home/logi/txtai/venv/lib/python3.10/site-packages/airflow/example_dags/subdags/subdag.py
[2025-10-30T15:43:18.796+0530] {processor.py:183} INFO - Processing /home/logi/txtai/venv/lib/python3.10/site-packages/airflow/example_dags/subdags/subdag.py took 0.050 seconds
[2025-10-30T15:44:09.844+0530] {processor.py:161} INFO - Started process (PID=9883) to work on /home/logi/txtai/venv/lib/python3.10/site-packages/airflow/example_dags/subdags/subdag.py
[2025-10-30T15:44:09.857+0530] {processor.py:830} INFO - Processing file /home/logi/txtai/venv/lib/python3.10/site-packages/airflow/example_dags/subdags/subdag.py for tasks to queue
[2025-10-30T15:44:09.861+0530] {logging_mixin.py:188} INFO - [2025-10-30T15:44:09.860+0530] {dagbag.py:545} INFO - Filling up the DagBag from /home/logi/txtai/venv/lib/python3.10/site-packages/airflow/example_dags/subdags/subdag.py
[2025-10-30T15:44:09.864+0530] {processor.py:842} WARNING - No viable dags retrieved from /home/logi/txtai/venv/lib/python3.10/site-packages/airflow/example_dags/subdags/subdag.py
[2025-10-30T15:44:09.883+0530] {processor.py:183} INFO - Processing /home/logi/txtai/venv/lib/python3.10/site-packages/airflow/example_dags/subdags/subdag.py took 0.050 seconds
[2025-10-30T15:44:57.755+0530] {processor.py:161} INFO - Started process (PID=10041) to work on /home/logi/txtai/venv/lib/python3.10/site-packages/airflow/example_dags/subdags/subdag.py
[2025-10-30T15:44:57.768+0530] {processor.py:830} INFO - Processing file /home/logi/txtai/venv/lib/python3.10/site-packages/airflow/example_dags/subdags/subdag.py for tasks to queue
[2025-10-30T15:44:57.771+0530] {logging_mixin.py:188} INFO - [2025-10-30T15:44:57.770+0530] {dagbag.py:545} INFO - Filling up the DagBag from /home/logi/txtai/venv/lib/python3.10/site-packages/airflow/example_dags/subdags/subdag.py
[2025-10-30T15:44:57.774+0530] {processor.py:842} WARNING - No viable dags retrieved from /home/logi/txtai/venv/lib/python3.10/site-packages/airflow/example_dags/subdags/subdag.py
[2025-10-30T15:44:57.793+0530] {processor.py:183} INFO - Processing /home/logi/txtai/venv/lib/python3.10/site-packages/airflow/example_dags/subdags/subdag.py took 0.049 seconds
[2025-10-30T15:45:47.896+0530] {processor.py:161} INFO - Started process (PID=10163) to work on /home/logi/txtai/venv/lib/python3.10/site-packages/airflow/example_dags/subdags/subdag.py
[2025-10-30T15:45:47.909+0530] {processor.py:830} INFO - Processing file /home/logi/txtai/venv/lib/python3.10/site-packages/airflow/example_dags/subdags/subdag.py for tasks to queue
[2025-10-30T15:45:47.912+0530] {logging_mixin.py:188} INFO - [2025-10-30T15:45:47.911+0530] {dagbag.py:545} INFO - Filling up the DagBag from /home/logi/txtai/venv/lib/python3.10/site-packages/airflow/example_dags/subdags/subdag.py
[2025-10-30T15:45:47.914+0530] {processor.py:842} WARNING - No viable dags retrieved from /home/logi/txtai/venv/lib/python3.10/site-packages/airflow/example_dags/subdags/subdag.py
[2025-10-30T15:45:47.925+0530] {processor.py:183} INFO - Processing /home/logi/txtai/venv/lib/python3.10/site-packages/airflow/example_dags/subdags/subdag.py took 0.036 seconds
[2025-10-30T15:46:35.465+0530] {processor.py:161} INFO - Started process (PID=10235) to work on /home/logi/txtai/venv/lib/python3.10/site-packages/airflow/example_dags/subdags/subdag.py
[2025-10-30T15:46:35.480+0530] {processor.py:830} INFO - Processing file /home/logi/txtai/venv/lib/python3.10/site-packages/airflow/example_dags/subdags/subdag.py for tasks to queue
[2025-10-30T15:46:35.483+0530] {logging_mixin.py:188} INFO - [2025-10-30T15:46:35.483+0530] {dagbag.py:545} INFO - Filling up the DagBag from /home/logi/txtai/venv/lib/python3.10/site-packages/airflow/example_dags/subdags/subdag.py
[2025-10-30T15:46:35.487+0530] {processor.py:842} WARNING - No viable dags retrieved from /home/logi/txtai/venv/lib/python3.10/site-packages/airflow/example_dags/subdags/subdag.py
[2025-10-30T15:46:35.507+0530] {processor.py:183} INFO - Processing /home/logi/txtai/venv/lib/python3.10/site-packages/airflow/example_dags/subdags/subdag.py took 0.053 seconds
[2025-10-30T15:47:22.169+0530] {processor.py:161} INFO - Started process (PID=10292) to work on /home/logi/txtai/venv/lib/python3.10/site-packages/airflow/example_dags/subdags/subdag.py
[2025-10-30T15:47:22.171+0530] {processor.py:830} INFO - Processing file /home/logi/txtai/venv/lib/python3.10/site-packages/airflow/example_dags/subdags/subdag.py for tasks to queue
[2025-10-30T15:47:22.174+0530] {logging_mixin.py:188} INFO - [2025-10-30T15:47:22.174+0530] {dagbag.py:545} INFO - Filling up the DagBag from /home/logi/txtai/venv/lib/python3.10/site-packages/airflow/example_dags/subdags/subdag.py
[2025-10-30T15:47:22.178+0530] {processor.py:842} WARNING - No viable dags retrieved from /home/logi/txtai/venv/lib/python3.10/site-packages/airflow/example_dags/subdags/subdag.py
[2025-10-30T15:47:22.195+0530] {processor.py:183} INFO - Processing /home/logi/txtai/venv/lib/python3.10/site-packages/airflow/example_dags/subdags/subdag.py took 0.035 seconds
[2025-10-30T15:48:12.106+0530] {processor.py:161} INFO - Started process (PID=10374) to work on /home/logi/txtai/venv/lib/python3.10/site-packages/airflow/example_dags/subdags/subdag.py
[2025-10-30T15:48:12.120+0530] {processor.py:830} INFO - Processing file /home/logi/txtai/venv/lib/python3.10/site-packages/airflow/example_dags/subdags/subdag.py for tasks to queue
[2025-10-30T15:48:12.123+0530] {logging_mixin.py:188} INFO - [2025-10-30T15:48:12.122+0530] {dagbag.py:545} INFO - Filling up the DagBag from /home/logi/txtai/venv/lib/python3.10/site-packages/airflow/example_dags/subdags/subdag.py
[2025-10-30T15:48:12.126+0530] {processor.py:842} WARNING - No viable dags retrieved from /home/logi/txtai/venv/lib/python3.10/site-packages/airflow/example_dags/subdags/subdag.py
[2025-10-30T15:48:12.146+0530] {processor.py:183} INFO - Processing /home/logi/txtai/venv/lib/python3.10/site-packages/airflow/example_dags/subdags/subdag.py took 0.051 seconds
[2025-10-30T15:49:04.818+0530] {processor.py:161} INFO - Started process (PID=10455) to work on /home/logi/txtai/venv/lib/python3.10/site-packages/airflow/example_dags/subdags/subdag.py
[2025-10-30T15:49:04.831+0530] {processor.py:830} INFO - Processing file /home/logi/txtai/venv/lib/python3.10/site-packages/airflow/example_dags/subdags/subdag.py for tasks to queue
[2025-10-30T15:49:04.834+0530] {logging_mixin.py:188} INFO - [2025-10-30T15:49:04.834+0530] {dagbag.py:545} INFO - Filling up the DagBag from /home/logi/txtai/venv/lib/python3.10/site-packages/airflow/example_dags/subdags/subdag.py
[2025-10-30T15:49:04.838+0530] {processor.py:842} WARNING - No viable dags retrieved from /home/logi/txtai/venv/lib/python3.10/site-packages/airflow/example_dags/subdags/subdag.py
[2025-10-30T15:49:04.859+0530] {processor.py:183} INFO - Processing /home/logi/txtai/venv/lib/python3.10/site-packages/airflow/example_dags/subdags/subdag.py took 0.052 seconds
[2025-10-30T15:49:52.543+0530] {processor.py:161} INFO - Started process (PID=10566) to work on /home/logi/txtai/venv/lib/python3.10/site-packages/airflow/example_dags/subdags/subdag.py
[2025-10-30T15:49:52.556+0530] {processor.py:830} INFO - Processing file /home/logi/txtai/venv/lib/python3.10/site-packages/airflow/example_dags/subdags/subdag.py for tasks to queue
[2025-10-30T15:49:52.559+0530] {logging_mixin.py:188} INFO - [2025-10-30T15:49:52.558+0530] {dagbag.py:545} INFO - Filling up the DagBag from /home/logi/txtai/venv/lib/python3.10/site-packages/airflow/example_dags/subdags/subdag.py
[2025-10-30T15:49:52.562+0530] {processor.py:842} WARNING - No viable dags retrieved from /home/logi/txtai/venv/lib/python3.10/site-packages/airflow/example_dags/subdags/subdag.py
[2025-10-30T15:49:52.581+0530] {processor.py:183} INFO - Processing /home/logi/txtai/venv/lib/python3.10/site-packages/airflow/example_dags/subdags/subdag.py took 0.050 seconds
[2025-10-30T15:50:43.381+0530] {processor.py:161} INFO - Started process (PID=10633) to work on /home/logi/txtai/venv/lib/python3.10/site-packages/airflow/example_dags/subdags/subdag.py
[2025-10-30T15:50:43.394+0530] {processor.py:830} INFO - Processing file /home/logi/txtai/venv/lib/python3.10/site-packages/airflow/example_dags/subdags/subdag.py for tasks to queue
[2025-10-30T15:50:43.397+0530] {logging_mixin.py:188} INFO - [2025-10-30T15:50:43.396+0530] {dagbag.py:545} INFO - Filling up the DagBag from /home/logi/txtai/venv/lib/python3.10/site-packages/airflow/example_dags/subdags/subdag.py
[2025-10-30T15:50:43.400+0530] {processor.py:842} WARNING - No viable dags retrieved from /home/logi/txtai/venv/lib/python3.10/site-packages/airflow/example_dags/subdags/subdag.py
[2025-10-30T15:50:43.419+0530] {processor.py:183} INFO - Processing /home/logi/txtai/venv/lib/python3.10/site-packages/airflow/example_dags/subdags/subdag.py took 0.049 seconds
[2025-10-30T15:51:30.817+0530] {processor.py:161} INFO - Started process (PID=10692) to work on /home/logi/txtai/venv/lib/python3.10/site-packages/airflow/example_dags/subdags/subdag.py
[2025-10-30T15:51:30.830+0530] {processor.py:830} INFO - Processing file /home/logi/txtai/venv/lib/python3.10/site-packages/airflow/example_dags/subdags/subdag.py for tasks to queue
[2025-10-30T15:51:30.834+0530] {logging_mixin.py:188} INFO - [2025-10-30T15:51:30.833+0530] {dagbag.py:545} INFO - Filling up the DagBag from /home/logi/txtai/venv/lib/python3.10/site-packages/airflow/example_dags/subdags/subdag.py
[2025-10-30T15:51:30.837+0530] {processor.py:842} WARNING - No viable dags retrieved from /home/logi/txtai/venv/lib/python3.10/site-packages/airflow/example_dags/subdags/subdag.py
[2025-10-30T15:51:30.856+0530] {processor.py:183} INFO - Processing /home/logi/txtai/venv/lib/python3.10/site-packages/airflow/example_dags/subdags/subdag.py took 0.051 seconds
[2025-10-30T15:52:19.761+0530] {processor.py:161} INFO - Started process (PID=10796) to work on /home/logi/txtai/venv/lib/python3.10/site-packages/airflow/example_dags/subdags/subdag.py
[2025-10-30T15:52:19.763+0530] {processor.py:830} INFO - Processing file /home/logi/txtai/venv/lib/python3.10/site-packages/airflow/example_dags/subdags/subdag.py for tasks to queue
[2025-10-30T15:52:19.766+0530] {logging_mixin.py:188} INFO - [2025-10-30T15:52:19.766+0530] {dagbag.py:545} INFO - Filling up the DagBag from /home/logi/txtai/venv/lib/python3.10/site-packages/airflow/example_dags/subdags/subdag.py
[2025-10-30T15:52:19.770+0530] {processor.py:842} WARNING - No viable dags retrieved from /home/logi/txtai/venv/lib/python3.10/site-packages/airflow/example_dags/subdags/subdag.py
[2025-10-30T15:52:19.792+0530] {processor.py:183} INFO - Processing /home/logi/txtai/venv/lib/python3.10/site-packages/airflow/example_dags/subdags/subdag.py took 0.043 seconds
[2025-10-30T15:53:14.019+0530] {processor.py:161} INFO - Started process (PID=10998) to work on /home/logi/txtai/venv/lib/python3.10/site-packages/airflow/example_dags/subdags/subdag.py
[2025-10-30T15:53:14.021+0530] {processor.py:830} INFO - Processing file /home/logi/txtai/venv/lib/python3.10/site-packages/airflow/example_dags/subdags/subdag.py for tasks to queue
[2025-10-30T15:53:14.027+0530] {logging_mixin.py:188} INFO - [2025-10-30T15:53:14.026+0530] {dagbag.py:545} INFO - Filling up the DagBag from /home/logi/txtai/venv/lib/python3.10/site-packages/airflow/example_dags/subdags/subdag.py
[2025-10-30T15:53:14.030+0530] {processor.py:842} WARNING - No viable dags retrieved from /home/logi/txtai/venv/lib/python3.10/site-packages/airflow/example_dags/subdags/subdag.py
[2025-10-30T15:53:14.056+0530] {processor.py:183} INFO - Processing /home/logi/txtai/venv/lib/python3.10/site-packages/airflow/example_dags/subdags/subdag.py took 0.050 seconds
[2025-10-30T15:54:03.614+0530] {processor.py:161} INFO - Started process (PID=11294) to work on /home/logi/txtai/venv/lib/python3.10/site-packages/airflow/example_dags/subdags/subdag.py
[2025-10-30T15:54:03.628+0530] {processor.py:830} INFO - Processing file /home/logi/txtai/venv/lib/python3.10/site-packages/airflow/example_dags/subdags/subdag.py for tasks to queue
[2025-10-30T15:54:03.631+0530] {logging_mixin.py:188} INFO - [2025-10-30T15:54:03.630+0530] {dagbag.py:545} INFO - Filling up the DagBag from /home/logi/txtai/venv/lib/python3.10/site-packages/airflow/example_dags/subdags/subdag.py
[2025-10-30T15:54:03.635+0530] {processor.py:842} WARNING - No viable dags retrieved from /home/logi/txtai/venv/lib/python3.10/site-packages/airflow/example_dags/subdags/subdag.py
[2025-10-30T15:54:03.658+0530] {processor.py:183} INFO - Processing /home/logi/txtai/venv/lib/python3.10/site-packages/airflow/example_dags/subdags/subdag.py took 0.057 seconds
[2025-10-30T15:54:56.844+0530] {processor.py:161} INFO - Started process (PID=11465) to work on /home/logi/txtai/venv/lib/python3.10/site-packages/airflow/example_dags/subdags/subdag.py
[2025-10-30T15:54:56.846+0530] {processor.py:830} INFO - Processing file /home/logi/txtai/venv/lib/python3.10/site-packages/airflow/example_dags/subdags/subdag.py for tasks to queue
[2025-10-30T15:54:56.850+0530] {logging_mixin.py:188} INFO - [2025-10-30T15:54:56.849+0530] {dagbag.py:545} INFO - Filling up the DagBag from /home/logi/txtai/venv/lib/python3.10/site-packages/airflow/example_dags/subdags/subdag.py
[2025-10-30T15:54:56.853+0530] {processor.py:842} WARNING - No viable dags retrieved from /home/logi/txtai/venv/lib/python3.10/site-packages/airflow/example_dags/subdags/subdag.py
[2025-10-30T15:54:56.873+0530] {processor.py:183} INFO - Processing /home/logi/txtai/venv/lib/python3.10/site-packages/airflow/example_dags/subdags/subdag.py took 0.041 seconds
[2025-10-30T15:55:51.024+0530] {processor.py:161} INFO - Started process (PID=11584) to work on /home/logi/txtai/venv/lib/python3.10/site-packages/airflow/example_dags/subdags/subdag.py
[2025-10-30T15:55:51.037+0530] {processor.py:830} INFO - Processing file /home/logi/txtai/venv/lib/python3.10/site-packages/airflow/example_dags/subdags/subdag.py for tasks to queue
[2025-10-30T15:55:51.041+0530] {logging_mixin.py:188} INFO - [2025-10-30T15:55:51.040+0530] {dagbag.py:545} INFO - Filling up the DagBag from /home/logi/txtai/venv/lib/python3.10/site-packages/airflow/example_dags/subdags/subdag.py
[2025-10-30T15:55:51.044+0530] {processor.py:842} WARNING - No viable dags retrieved from /home/logi/txtai/venv/lib/python3.10/site-packages/airflow/example_dags/subdags/subdag.py
[2025-10-30T15:55:51.064+0530] {processor.py:183} INFO - Processing /home/logi/txtai/venv/lib/python3.10/site-packages/airflow/example_dags/subdags/subdag.py took 0.051 seconds
[2025-10-30T15:56:46.366+0530] {processor.py:161} INFO - Started process (PID=11686) to work on /home/logi/txtai/venv/lib/python3.10/site-packages/airflow/example_dags/subdags/subdag.py
[2025-10-30T15:56:46.380+0530] {processor.py:830} INFO - Processing file /home/logi/txtai/venv/lib/python3.10/site-packages/airflow/example_dags/subdags/subdag.py for tasks to queue
[2025-10-30T15:56:46.383+0530] {logging_mixin.py:188} INFO - [2025-10-30T15:56:46.382+0530] {dagbag.py:545} INFO - Filling up the DagBag from /home/logi/txtai/venv/lib/python3.10/site-packages/airflow/example_dags/subdags/subdag.py
[2025-10-30T15:56:46.386+0530] {processor.py:842} WARNING - No viable dags retrieved from /home/logi/txtai/venv/lib/python3.10/site-packages/airflow/example_dags/subdags/subdag.py
[2025-10-30T15:56:46.406+0530] {processor.py:183} INFO - Processing /home/logi/txtai/venv/lib/python3.10/site-packages/airflow/example_dags/subdags/subdag.py took 0.052 seconds
[2025-10-30T15:57:46.809+0530] {processor.py:161} INFO - Started process (PID=11834) to work on /home/logi/txtai/venv/lib/python3.10/site-packages/airflow/example_dags/subdags/subdag.py
[2025-10-30T15:57:46.824+0530] {processor.py:830} INFO - Processing file /home/logi/txtai/venv/lib/python3.10/site-packages/airflow/example_dags/subdags/subdag.py for tasks to queue
[2025-10-30T15:57:46.829+0530] {logging_mixin.py:188} INFO - [2025-10-30T15:57:46.828+0530] {dagbag.py:545} INFO - Filling up the DagBag from /home/logi/txtai/venv/lib/python3.10/site-packages/airflow/example_dags/subdags/subdag.py
[2025-10-30T15:57:46.833+0530] {processor.py:842} WARNING - No viable dags retrieved from /home/logi/txtai/venv/lib/python3.10/site-packages/airflow/example_dags/subdags/subdag.py
[2025-10-30T15:57:46.858+0530] {processor.py:183} INFO - Processing /home/logi/txtai/venv/lib/python3.10/site-packages/airflow/example_dags/subdags/subdag.py took 0.066 seconds
[2025-10-30T15:58:44.387+0530] {processor.py:161} INFO - Started process (PID=11978) to work on /home/logi/txtai/venv/lib/python3.10/site-packages/airflow/example_dags/subdags/subdag.py
[2025-10-30T15:58:44.389+0530] {processor.py:830} INFO - Processing file /home/logi/txtai/venv/lib/python3.10/site-packages/airflow/example_dags/subdags/subdag.py for tasks to queue
[2025-10-30T15:58:44.391+0530] {logging_mixin.py:188} INFO - [2025-10-30T15:58:44.390+0530] {dagbag.py:545} INFO - Filling up the DagBag from /home/logi/txtai/venv/lib/python3.10/site-packages/airflow/example_dags/subdags/subdag.py
[2025-10-30T15:58:44.394+0530] {processor.py:842} WARNING - No viable dags retrieved from /home/logi/txtai/venv/lib/python3.10/site-packages/airflow/example_dags/subdags/subdag.py
[2025-10-30T15:58:44.415+0530] {processor.py:183} INFO - Processing /home/logi/txtai/venv/lib/python3.10/site-packages/airflow/example_dags/subdags/subdag.py took 0.048 seconds
[2025-10-30T15:59:40.295+0530] {processor.py:161} INFO - Started process (PID=12135) to work on /home/logi/txtai/venv/lib/python3.10/site-packages/airflow/example_dags/subdags/subdag.py
[2025-10-30T15:59:40.313+0530] {processor.py:830} INFO - Processing file /home/logi/txtai/venv/lib/python3.10/site-packages/airflow/example_dags/subdags/subdag.py for tasks to queue
[2025-10-30T15:59:40.319+0530] {logging_mixin.py:188} INFO - [2025-10-30T15:59:40.318+0530] {dagbag.py:545} INFO - Filling up the DagBag from /home/logi/txtai/venv/lib/python3.10/site-packages/airflow/example_dags/subdags/subdag.py
[2025-10-30T15:59:40.325+0530] {processor.py:842} WARNING - No viable dags retrieved from /home/logi/txtai/venv/lib/python3.10/site-packages/airflow/example_dags/subdags/subdag.py
[2025-10-30T15:59:40.374+0530] {processor.py:183} INFO - Processing /home/logi/txtai/venv/lib/python3.10/site-packages/airflow/example_dags/subdags/subdag.py took 0.106 seconds
[2025-10-30T16:00:34.020+0530] {processor.py:161} INFO - Started process (PID=12281) to work on /home/logi/txtai/venv/lib/python3.10/site-packages/airflow/example_dags/subdags/subdag.py
[2025-10-30T16:00:34.034+0530] {processor.py:830} INFO - Processing file /home/logi/txtai/venv/lib/python3.10/site-packages/airflow/example_dags/subdags/subdag.py for tasks to queue
[2025-10-30T16:00:34.037+0530] {logging_mixin.py:188} INFO - [2025-10-30T16:00:34.036+0530] {dagbag.py:545} INFO - Filling up the DagBag from /home/logi/txtai/venv/lib/python3.10/site-packages/airflow/example_dags/subdags/subdag.py
[2025-10-30T16:00:34.040+0530] {processor.py:842} WARNING - No viable dags retrieved from /home/logi/txtai/venv/lib/python3.10/site-packages/airflow/example_dags/subdags/subdag.py
[2025-10-30T16:00:34.060+0530] {processor.py:183} INFO - Processing /home/logi/txtai/venv/lib/python3.10/site-packages/airflow/example_dags/subdags/subdag.py took 0.060 seconds
[2025-10-30T16:01:29.355+0530] {processor.py:161} INFO - Started process (PID=12443) to work on /home/logi/txtai/venv/lib/python3.10/site-packages/airflow/example_dags/subdags/subdag.py
[2025-10-30T16:01:29.369+0530] {processor.py:830} INFO - Processing file /home/logi/txtai/venv/lib/python3.10/site-packages/airflow/example_dags/subdags/subdag.py for tasks to queue
[2025-10-30T16:01:29.372+0530] {logging_mixin.py:188} INFO - [2025-10-30T16:01:29.371+0530] {dagbag.py:545} INFO - Filling up the DagBag from /home/logi/txtai/venv/lib/python3.10/site-packages/airflow/example_dags/subdags/subdag.py
[2025-10-30T16:01:29.375+0530] {processor.py:842} WARNING - No viable dags retrieved from /home/logi/txtai/venv/lib/python3.10/site-packages/airflow/example_dags/subdags/subdag.py
[2025-10-30T16:01:29.386+0530] {processor.py:183} INFO - Processing /home/logi/txtai/venv/lib/python3.10/site-packages/airflow/example_dags/subdags/subdag.py took 0.038 seconds
[2025-10-30T16:02:27.091+0530] {processor.py:161} INFO - Started process (PID=12639) to work on /home/logi/txtai/venv/lib/python3.10/site-packages/airflow/example_dags/subdags/subdag.py
[2025-10-30T16:02:27.104+0530] {processor.py:830} INFO - Processing file /home/logi/txtai/venv/lib/python3.10/site-packages/airflow/example_dags/subdags/subdag.py for tasks to queue
[2025-10-30T16:02:27.107+0530] {logging_mixin.py:188} INFO - [2025-10-30T16:02:27.107+0530] {dagbag.py:545} INFO - Filling up the DagBag from /home/logi/txtai/venv/lib/python3.10/site-packages/airflow/example_dags/subdags/subdag.py
[2025-10-30T16:02:27.109+0530] {processor.py:842} WARNING - No viable dags retrieved from /home/logi/txtai/venv/lib/python3.10/site-packages/airflow/example_dags/subdags/subdag.py
[2025-10-30T16:02:27.121+0530] {processor.py:183} INFO - Processing /home/logi/txtai/venv/lib/python3.10/site-packages/airflow/example_dags/subdags/subdag.py took 0.036 seconds
[2025-10-30T16:03:23.332+0530] {processor.py:161} INFO - Started process (PID=12765) to work on /home/logi/txtai/venv/lib/python3.10/site-packages/airflow/example_dags/subdags/subdag.py
[2025-10-30T16:03:23.346+0530] {processor.py:830} INFO - Processing file /home/logi/txtai/venv/lib/python3.10/site-packages/airflow/example_dags/subdags/subdag.py for tasks to queue
[2025-10-30T16:03:23.349+0530] {logging_mixin.py:188} INFO - [2025-10-30T16:03:23.349+0530] {dagbag.py:545} INFO - Filling up the DagBag from /home/logi/txtai/venv/lib/python3.10/site-packages/airflow/example_dags/subdags/subdag.py
[2025-10-30T16:03:23.353+0530] {processor.py:842} WARNING - No viable dags retrieved from /home/logi/txtai/venv/lib/python3.10/site-packages/airflow/example_dags/subdags/subdag.py
[2025-10-30T16:03:23.374+0530] {processor.py:183} INFO - Processing /home/logi/txtai/venv/lib/python3.10/site-packages/airflow/example_dags/subdags/subdag.py took 0.054 seconds
[2025-10-30T16:04:24.026+0530] {processor.py:161} INFO - Started process (PID=12900) to work on /home/logi/txtai/venv/lib/python3.10/site-packages/airflow/example_dags/subdags/subdag.py
[2025-10-30T16:04:24.039+0530] {processor.py:830} INFO - Processing file /home/logi/txtai/venv/lib/python3.10/site-packages/airflow/example_dags/subdags/subdag.py for tasks to queue
[2025-10-30T16:04:24.043+0530] {logging_mixin.py:188} INFO - [2025-10-30T16:04:24.042+0530] {dagbag.py:545} INFO - Filling up the DagBag from /home/logi/txtai/venv/lib/python3.10/site-packages/airflow/example_dags/subdags/subdag.py
[2025-10-30T16:04:24.046+0530] {processor.py:842} WARNING - No viable dags retrieved from /home/logi/txtai/venv/lib/python3.10/site-packages/airflow/example_dags/subdags/subdag.py
[2025-10-30T16:04:24.066+0530] {processor.py:183} INFO - Processing /home/logi/txtai/venv/lib/python3.10/site-packages/airflow/example_dags/subdags/subdag.py took 0.052 seconds
[2025-10-30T16:05:19.533+0530] {processor.py:161} INFO - Started process (PID=13082) to work on /home/logi/txtai/venv/lib/python3.10/site-packages/airflow/example_dags/subdags/subdag.py
[2025-10-30T16:05:19.538+0530] {processor.py:830} INFO - Processing file /home/logi/txtai/venv/lib/python3.10/site-packages/airflow/example_dags/subdags/subdag.py for tasks to queue
[2025-10-30T16:05:19.543+0530] {logging_mixin.py:188} INFO - [2025-10-30T16:05:19.542+0530] {dagbag.py:545} INFO - Filling up the DagBag from /home/logi/txtai/venv/lib/python3.10/site-packages/airflow/example_dags/subdags/subdag.py
[2025-10-30T16:05:19.551+0530] {processor.py:842} WARNING - No viable dags retrieved from /home/logi/txtai/venv/lib/python3.10/site-packages/airflow/example_dags/subdags/subdag.py
[2025-10-30T16:05:19.587+0530] {processor.py:183} INFO - Processing /home/logi/txtai/venv/lib/python3.10/site-packages/airflow/example_dags/subdags/subdag.py took 0.081 seconds
[2025-10-30T16:06:14.147+0530] {processor.py:161} INFO - Started process (PID=13183) to work on /home/logi/txtai/venv/lib/python3.10/site-packages/airflow/example_dags/subdags/subdag.py
[2025-10-30T16:06:14.161+0530] {processor.py:830} INFO - Processing file /home/logi/txtai/venv/lib/python3.10/site-packages/airflow/example_dags/subdags/subdag.py for tasks to queue
[2025-10-30T16:06:14.164+0530] {logging_mixin.py:188} INFO - [2025-10-30T16:06:14.163+0530] {dagbag.py:545} INFO - Filling up the DagBag from /home/logi/txtai/venv/lib/python3.10/site-packages/airflow/example_dags/subdags/subdag.py
[2025-10-30T16:06:14.166+0530] {processor.py:842} WARNING - No viable dags retrieved from /home/logi/txtai/venv/lib/python3.10/site-packages/airflow/example_dags/subdags/subdag.py
[2025-10-30T16:06:14.190+0530] {processor.py:183} INFO - Processing /home/logi/txtai/venv/lib/python3.10/site-packages/airflow/example_dags/subdags/subdag.py took 0.060 seconds
[2025-10-30T16:07:05.199+0530] {processor.py:161} INFO - Started process (PID=13249) to work on /home/logi/txtai/venv/lib/python3.10/site-packages/airflow/example_dags/subdags/subdag.py
[2025-10-30T16:07:05.213+0530] {processor.py:830} INFO - Processing file /home/logi/txtai/venv/lib/python3.10/site-packages/airflow/example_dags/subdags/subdag.py for tasks to queue
[2025-10-30T16:07:05.216+0530] {logging_mixin.py:188} INFO - [2025-10-30T16:07:05.215+0530] {dagbag.py:545} INFO - Filling up the DagBag from /home/logi/txtai/venv/lib/python3.10/site-packages/airflow/example_dags/subdags/subdag.py
[2025-10-30T16:07:05.219+0530] {processor.py:842} WARNING - No viable dags retrieved from /home/logi/txtai/venv/lib/python3.10/site-packages/airflow/example_dags/subdags/subdag.py
[2025-10-30T16:07:05.232+0530] {processor.py:183} INFO - Processing /home/logi/txtai/venv/lib/python3.10/site-packages/airflow/example_dags/subdags/subdag.py took 0.039 seconds
[2025-10-30T16:07:57.028+0530] {processor.py:161} INFO - Started process (PID=13320) to work on /home/logi/txtai/venv/lib/python3.10/site-packages/airflow/example_dags/subdags/subdag.py
[2025-10-30T16:07:57.042+0530] {processor.py:830} INFO - Processing file /home/logi/txtai/venv/lib/python3.10/site-packages/airflow/example_dags/subdags/subdag.py for tasks to queue
[2025-10-30T16:07:57.045+0530] {logging_mixin.py:188} INFO - [2025-10-30T16:07:57.045+0530] {dagbag.py:545} INFO - Filling up the DagBag from /home/logi/txtai/venv/lib/python3.10/site-packages/airflow/example_dags/subdags/subdag.py
[2025-10-30T16:07:57.049+0530] {processor.py:842} WARNING - No viable dags retrieved from /home/logi/txtai/venv/lib/python3.10/site-packages/airflow/example_dags/subdags/subdag.py
[2025-10-30T16:07:57.069+0530] {processor.py:183} INFO - Processing /home/logi/txtai/venv/lib/python3.10/site-packages/airflow/example_dags/subdags/subdag.py took 0.052 seconds
[2025-10-30T16:08:46.372+0530] {processor.py:161} INFO - Started process (PID=13396) to work on /home/logi/txtai/venv/lib/python3.10/site-packages/airflow/example_dags/subdags/subdag.py
[2025-10-30T16:08:46.386+0530] {processor.py:830} INFO - Processing file /home/logi/txtai/venv/lib/python3.10/site-packages/airflow/example_dags/subdags/subdag.py for tasks to queue
[2025-10-30T16:08:46.389+0530] {logging_mixin.py:188} INFO - [2025-10-30T16:08:46.388+0530] {dagbag.py:545} INFO - Filling up the DagBag from /home/logi/txtai/venv/lib/python3.10/site-packages/airflow/example_dags/subdags/subdag.py
[2025-10-30T16:08:46.392+0530] {processor.py:842} WARNING - No viable dags retrieved from /home/logi/txtai/venv/lib/python3.10/site-packages/airflow/example_dags/subdags/subdag.py
[2025-10-30T16:08:46.411+0530] {processor.py:183} INFO - Processing /home/logi/txtai/venv/lib/python3.10/site-packages/airflow/example_dags/subdags/subdag.py took 0.050 seconds
[2025-10-30T16:09:42.292+0530] {processor.py:161} INFO - Started process (PID=13556) to work on /home/logi/txtai/venv/lib/python3.10/site-packages/airflow/example_dags/subdags/subdag.py
[2025-10-30T16:09:42.306+0530] {processor.py:830} INFO - Processing file /home/logi/txtai/venv/lib/python3.10/site-packages/airflow/example_dags/subdags/subdag.py for tasks to queue
[2025-10-30T16:09:42.309+0530] {logging_mixin.py:188} INFO - [2025-10-30T16:09:42.309+0530] {dagbag.py:545} INFO - Filling up the DagBag from /home/logi/txtai/venv/lib/python3.10/site-packages/airflow/example_dags/subdags/subdag.py
[2025-10-30T16:09:42.313+0530] {processor.py:842} WARNING - No viable dags retrieved from /home/logi/txtai/venv/lib/python3.10/site-packages/airflow/example_dags/subdags/subdag.py
[2025-10-30T16:09:42.333+0530] {processor.py:183} INFO - Processing /home/logi/txtai/venv/lib/python3.10/site-packages/airflow/example_dags/subdags/subdag.py took 0.053 seconds
[2025-10-30T16:10:37.547+0530] {processor.py:161} INFO - Started process (PID=13667) to work on /home/logi/txtai/venv/lib/python3.10/site-packages/airflow/example_dags/subdags/subdag.py
[2025-10-30T16:10:37.560+0530] {processor.py:830} INFO - Processing file /home/logi/txtai/venv/lib/python3.10/site-packages/airflow/example_dags/subdags/subdag.py for tasks to queue
[2025-10-30T16:10:37.564+0530] {logging_mixin.py:188} INFO - [2025-10-30T16:10:37.563+0530] {dagbag.py:545} INFO - Filling up the DagBag from /home/logi/txtai/venv/lib/python3.10/site-packages/airflow/example_dags/subdags/subdag.py
[2025-10-30T16:10:37.568+0530] {processor.py:842} WARNING - No viable dags retrieved from /home/logi/txtai/venv/lib/python3.10/site-packages/airflow/example_dags/subdags/subdag.py
[2025-10-30T16:10:37.588+0530] {processor.py:183} INFO - Processing /home/logi/txtai/venv/lib/python3.10/site-packages/airflow/example_dags/subdags/subdag.py took 0.053 seconds
[2025-10-30T16:11:31.424+0530] {processor.py:161} INFO - Started process (PID=13776) to work on /home/logi/txtai/venv/lib/python3.10/site-packages/airflow/example_dags/subdags/subdag.py
[2025-10-30T16:11:31.439+0530] {processor.py:830} INFO - Processing file /home/logi/txtai/venv/lib/python3.10/site-packages/airflow/example_dags/subdags/subdag.py for tasks to queue
[2025-10-30T16:11:31.443+0530] {logging_mixin.py:188} INFO - [2025-10-30T16:11:31.442+0530] {dagbag.py:545} INFO - Filling up the DagBag from /home/logi/txtai/venv/lib/python3.10/site-packages/airflow/example_dags/subdags/subdag.py
[2025-10-30T16:11:31.448+0530] {processor.py:842} WARNING - No viable dags retrieved from /home/logi/txtai/venv/lib/python3.10/site-packages/airflow/example_dags/subdags/subdag.py
[2025-10-30T16:11:31.479+0530] {processor.py:183} INFO - Processing /home/logi/txtai/venv/lib/python3.10/site-packages/airflow/example_dags/subdags/subdag.py took 0.071 seconds
[2025-10-30T16:12:21.305+0530] {processor.py:161} INFO - Started process (PID=13870) to work on /home/logi/txtai/venv/lib/python3.10/site-packages/airflow/example_dags/subdags/subdag.py
[2025-10-30T16:12:21.319+0530] {processor.py:830} INFO - Processing file /home/logi/txtai/venv/lib/python3.10/site-packages/airflow/example_dags/subdags/subdag.py for tasks to queue
[2025-10-30T16:12:21.323+0530] {logging_mixin.py:188} INFO - [2025-10-30T16:12:21.322+0530] {dagbag.py:545} INFO - Filling up the DagBag from /home/logi/txtai/venv/lib/python3.10/site-packages/airflow/example_dags/subdags/subdag.py
[2025-10-30T16:12:21.326+0530] {processor.py:842} WARNING - No viable dags retrieved from /home/logi/txtai/venv/lib/python3.10/site-packages/airflow/example_dags/subdags/subdag.py
[2025-10-30T16:12:21.348+0530] {processor.py:183} INFO - Processing /home/logi/txtai/venv/lib/python3.10/site-packages/airflow/example_dags/subdags/subdag.py took 0.057 seconds
[2025-10-30T16:13:11.513+0530] {processor.py:161} INFO - Started process (PID=13976) to work on /home/logi/txtai/venv/lib/python3.10/site-packages/airflow/example_dags/subdags/subdag.py
[2025-10-30T16:13:11.528+0530] {processor.py:830} INFO - Processing file /home/logi/txtai/venv/lib/python3.10/site-packages/airflow/example_dags/subdags/subdag.py for tasks to queue
[2025-10-30T16:13:11.531+0530] {logging_mixin.py:188} INFO - [2025-10-30T16:13:11.530+0530] {dagbag.py:545} INFO - Filling up the DagBag from /home/logi/txtai/venv/lib/python3.10/site-packages/airflow/example_dags/subdags/subdag.py
[2025-10-30T16:13:11.535+0530] {processor.py:842} WARNING - No viable dags retrieved from /home/logi/txtai/venv/lib/python3.10/site-packages/airflow/example_dags/subdags/subdag.py
[2025-10-30T16:13:11.561+0530] {processor.py:183} INFO - Processing /home/logi/txtai/venv/lib/python3.10/site-packages/airflow/example_dags/subdags/subdag.py took 0.068 seconds
[2025-10-30T16:14:03.188+0530] {processor.py:161} INFO - Started process (PID=14102) to work on /home/logi/txtai/venv/lib/python3.10/site-packages/airflow/example_dags/subdags/subdag.py
[2025-10-30T16:14:03.202+0530] {processor.py:830} INFO - Processing file /home/logi/txtai/venv/lib/python3.10/site-packages/airflow/example_dags/subdags/subdag.py for tasks to queue
[2025-10-30T16:14:03.205+0530] {logging_mixin.py:188} INFO - [2025-10-30T16:14:03.204+0530] {dagbag.py:545} INFO - Filling up the DagBag from /home/logi/txtai/venv/lib/python3.10/site-packages/airflow/example_dags/subdags/subdag.py
[2025-10-30T16:14:03.209+0530] {processor.py:842} WARNING - No viable dags retrieved from /home/logi/txtai/venv/lib/python3.10/site-packages/airflow/example_dags/subdags/subdag.py
[2025-10-30T16:14:03.227+0530] {processor.py:183} INFO - Processing /home/logi/txtai/venv/lib/python3.10/site-packages/airflow/example_dags/subdags/subdag.py took 0.050 seconds
[2025-10-30T16:14:49.314+0530] {processor.py:161} INFO - Started process (PID=14219) to work on /home/logi/txtai/venv/lib/python3.10/site-packages/airflow/example_dags/subdags/subdag.py
[2025-10-30T16:14:49.316+0530] {processor.py:830} INFO - Processing file /home/logi/txtai/venv/lib/python3.10/site-packages/airflow/example_dags/subdags/subdag.py for tasks to queue
[2025-10-30T16:14:49.319+0530] {logging_mixin.py:188} INFO - [2025-10-30T16:14:49.318+0530] {dagbag.py:545} INFO - Filling up the DagBag from /home/logi/txtai/venv/lib/python3.10/site-packages/airflow/example_dags/subdags/subdag.py
[2025-10-30T16:14:49.323+0530] {processor.py:842} WARNING - No viable dags retrieved from /home/logi/txtai/venv/lib/python3.10/site-packages/airflow/example_dags/subdags/subdag.py
[2025-10-30T16:14:49.343+0530] {processor.py:183} INFO - Processing /home/logi/txtai/venv/lib/python3.10/site-packages/airflow/example_dags/subdags/subdag.py took 0.039 seconds
[2025-10-30T16:15:40.705+0530] {processor.py:161} INFO - Started process (PID=14302) to work on /home/logi/txtai/venv/lib/python3.10/site-packages/airflow/example_dags/subdags/subdag.py
[2025-10-30T16:15:40.719+0530] {processor.py:830} INFO - Processing file /home/logi/txtai/venv/lib/python3.10/site-packages/airflow/example_dags/subdags/subdag.py for tasks to queue
[2025-10-30T16:15:40.723+0530] {logging_mixin.py:188} INFO - [2025-10-30T16:15:40.722+0530] {dagbag.py:545} INFO - Filling up the DagBag from /home/logi/txtai/venv/lib/python3.10/site-packages/airflow/example_dags/subdags/subdag.py
[2025-10-30T16:15:40.726+0530] {processor.py:842} WARNING - No viable dags retrieved from /home/logi/txtai/venv/lib/python3.10/site-packages/airflow/example_dags/subdags/subdag.py
[2025-10-30T16:15:40.748+0530] {processor.py:183} INFO - Processing /home/logi/txtai/venv/lib/python3.10/site-packages/airflow/example_dags/subdags/subdag.py took 0.053 seconds
[2025-10-30T16:16:37.296+0530] {processor.py:161} INFO - Started process (PID=14397) to work on /home/logi/txtai/venv/lib/python3.10/site-packages/airflow/example_dags/subdags/subdag.py
[2025-10-30T16:16:37.309+0530] {processor.py:830} INFO - Processing file /home/logi/txtai/venv/lib/python3.10/site-packages/airflow/example_dags/subdags/subdag.py for tasks to queue
[2025-10-30T16:16:37.313+0530] {logging_mixin.py:188} INFO - [2025-10-30T16:16:37.312+0530] {dagbag.py:545} INFO - Filling up the DagBag from /home/logi/txtai/venv/lib/python3.10/site-packages/airflow/example_dags/subdags/subdag.py
[2025-10-30T16:16:37.317+0530] {processor.py:842} WARNING - No viable dags retrieved from /home/logi/txtai/venv/lib/python3.10/site-packages/airflow/example_dags/subdags/subdag.py
[2025-10-30T16:16:37.341+0530] {processor.py:183} INFO - Processing /home/logi/txtai/venv/lib/python3.10/site-packages/airflow/example_dags/subdags/subdag.py took 0.057 seconds
[2025-10-30T16:17:31.385+0530] {processor.py:161} INFO - Started process (PID=14469) to work on /home/logi/txtai/venv/lib/python3.10/site-packages/airflow/example_dags/subdags/subdag.py
[2025-10-30T16:17:31.399+0530] {processor.py:830} INFO - Processing file /home/logi/txtai/venv/lib/python3.10/site-packages/airflow/example_dags/subdags/subdag.py for tasks to queue
[2025-10-30T16:17:31.402+0530] {logging_mixin.py:188} INFO - [2025-10-30T16:17:31.401+0530] {dagbag.py:545} INFO - Filling up the DagBag from /home/logi/txtai/venv/lib/python3.10/site-packages/airflow/example_dags/subdags/subdag.py
[2025-10-30T16:17:31.406+0530] {processor.py:842} WARNING - No viable dags retrieved from /home/logi/txtai/venv/lib/python3.10/site-packages/airflow/example_dags/subdags/subdag.py
[2025-10-30T16:17:31.424+0530] {processor.py:183} INFO - Processing /home/logi/txtai/venv/lib/python3.10/site-packages/airflow/example_dags/subdags/subdag.py took 0.050 seconds
[2025-10-30T16:18:21.467+0530] {processor.py:161} INFO - Started process (PID=14595) to work on /home/logi/txtai/venv/lib/python3.10/site-packages/airflow/example_dags/subdags/subdag.py
[2025-10-30T16:18:21.480+0530] {processor.py:830} INFO - Processing file /home/logi/txtai/venv/lib/python3.10/site-packages/airflow/example_dags/subdags/subdag.py for tasks to queue
[2025-10-30T16:18:21.483+0530] {logging_mixin.py:188} INFO - [2025-10-30T16:18:21.483+0530] {dagbag.py:545} INFO - Filling up the DagBag from /home/logi/txtai/venv/lib/python3.10/site-packages/airflow/example_dags/subdags/subdag.py
[2025-10-30T16:18:21.487+0530] {processor.py:842} WARNING - No viable dags retrieved from /home/logi/txtai/venv/lib/python3.10/site-packages/airflow/example_dags/subdags/subdag.py
[2025-10-30T16:18:21.505+0530] {processor.py:183} INFO - Processing /home/logi/txtai/venv/lib/python3.10/site-packages/airflow/example_dags/subdags/subdag.py took 0.050 seconds
[2025-10-30T16:19:14.685+0530] {processor.py:161} INFO - Started process (PID=14660) to work on /home/logi/txtai/venv/lib/python3.10/site-packages/airflow/example_dags/subdags/subdag.py
[2025-10-30T16:19:14.699+0530] {processor.py:830} INFO - Processing file /home/logi/txtai/venv/lib/python3.10/site-packages/airflow/example_dags/subdags/subdag.py for tasks to queue
[2025-10-30T16:19:14.702+0530] {logging_mixin.py:188} INFO - [2025-10-30T16:19:14.701+0530] {dagbag.py:545} INFO - Filling up the DagBag from /home/logi/txtai/venv/lib/python3.10/site-packages/airflow/example_dags/subdags/subdag.py
[2025-10-30T16:19:14.705+0530] {processor.py:842} WARNING - No viable dags retrieved from /home/logi/txtai/venv/lib/python3.10/site-packages/airflow/example_dags/subdags/subdag.py
[2025-10-30T16:19:14.724+0530] {processor.py:183} INFO - Processing /home/logi/txtai/venv/lib/python3.10/site-packages/airflow/example_dags/subdags/subdag.py took 0.051 seconds
[2025-10-30T16:20:04.181+0530] {processor.py:161} INFO - Started process (PID=14748) to work on /home/logi/txtai/venv/lib/python3.10/site-packages/airflow/example_dags/subdags/subdag.py
[2025-10-30T16:20:04.183+0530] {processor.py:830} INFO - Processing file /home/logi/txtai/venv/lib/python3.10/site-packages/airflow/example_dags/subdags/subdag.py for tasks to queue
[2025-10-30T16:20:04.186+0530] {logging_mixin.py:188} INFO - [2025-10-30T16:20:04.185+0530] {dagbag.py:545} INFO - Filling up the DagBag from /home/logi/txtai/venv/lib/python3.10/site-packages/airflow/example_dags/subdags/subdag.py
[2025-10-30T16:20:04.189+0530] {processor.py:842} WARNING - No viable dags retrieved from /home/logi/txtai/venv/lib/python3.10/site-packages/airflow/example_dags/subdags/subdag.py
[2025-10-30T16:20:04.200+0530] {processor.py:183} INFO - Processing /home/logi/txtai/venv/lib/python3.10/site-packages/airflow/example_dags/subdags/subdag.py took 0.026 seconds
