[2025-10-29T19:30:15.144+0530] {processor.py:161} INFO - Started process (PID=16361) to work on /home/logi/txtai/venv/lib/python3.10/site-packages/airflow/example_dags/example_dag_decorator.py
[2025-10-29T19:30:15.145+0530] {processor.py:830} INFO - Processing file /home/logi/txtai/venv/lib/python3.10/site-packages/airflow/example_dags/example_dag_decorator.py for tasks to queue
[2025-10-29T19:30:15.148+0530] {logging_mixin.py:188} INFO - [2025-10-29T19:30:15.147+0530] {dagbag.py:545} INFO - Filling up the DagBag from /home/logi/txtai/venv/lib/python3.10/site-packages/airflow/example_dags/example_dag_decorator.py
[2025-10-29T19:30:15.214+0530] {processor.py:840} INFO - DAG(s) 'example_dag_decorator' retrieved from /home/logi/txtai/venv/lib/python3.10/site-packages/airflow/example_dags/example_dag_decorator.py
[2025-10-29T19:30:15.297+0530] {logging_mixin.py:188} INFO - [2025-10-29T19:30:15.297+0530] {override.py:1829} INFO - Created Permission View: can read on DAG:example_dag_decorator
[2025-10-29T19:30:15.307+0530] {logging_mixin.py:188} INFO - [2025-10-29T19:30:15.307+0530] {override.py:1829} INFO - Created Permission View: can edit on DAG:example_dag_decorator
[2025-10-29T19:30:15.319+0530] {logging_mixin.py:188} INFO - [2025-10-29T19:30:15.318+0530] {override.py:1829} INFO - Created Permission View: can delete on DAG:example_dag_decorator
[2025-10-29T19:30:15.319+0530] {logging_mixin.py:188} INFO - [2025-10-29T19:30:15.319+0530] {dag.py:3096} INFO - Sync 1 DAGs
[2025-10-29T19:30:15.335+0530] {logging_mixin.py:188} INFO - [2025-10-29T19:30:15.334+0530] {dag.py:3118} INFO - Creating ORM DAG for example_dag_decorator
[2025-10-29T19:30:15.335+0530] {logging_mixin.py:188} INFO - [2025-10-29T19:30:15.335+0530] {dag.py:3954} INFO - Setting next_dagrun for example_dag_decorator to None, run_after=None
[2025-10-29T19:30:15.364+0530] {processor.py:183} INFO - Processing /home/logi/txtai/venv/lib/python3.10/site-packages/airflow/example_dags/example_dag_decorator.py took 0.231 seconds
[2025-10-29T19:31:08.954+0530] {processor.py:161} INFO - Started process (PID=16570) to work on /home/logi/txtai/venv/lib/python3.10/site-packages/airflow/example_dags/example_dag_decorator.py
[2025-10-29T19:31:08.956+0530] {processor.py:830} INFO - Processing file /home/logi/txtai/venv/lib/python3.10/site-packages/airflow/example_dags/example_dag_decorator.py for tasks to queue
[2025-10-29T19:31:08.959+0530] {logging_mixin.py:188} INFO - [2025-10-29T19:31:08.958+0530] {dagbag.py:545} INFO - Filling up the DagBag from /home/logi/txtai/venv/lib/python3.10/site-packages/airflow/example_dags/example_dag_decorator.py
[2025-10-29T19:31:09.036+0530] {processor.py:840} INFO - DAG(s) 'example_dag_decorator' retrieved from /home/logi/txtai/venv/lib/python3.10/site-packages/airflow/example_dags/example_dag_decorator.py
[2025-10-29T19:31:09.115+0530] {logging_mixin.py:188} INFO - [2025-10-29T19:31:09.114+0530] {dag.py:3096} INFO - Sync 1 DAGs
[2025-10-29T19:31:09.124+0530] {logging_mixin.py:188} INFO - [2025-10-29T19:31:09.124+0530] {dag.py:3954} INFO - Setting next_dagrun for example_dag_decorator to None, run_after=None
[2025-10-29T19:31:09.155+0530] {processor.py:183} INFO - Processing /home/logi/txtai/venv/lib/python3.10/site-packages/airflow/example_dags/example_dag_decorator.py took 0.211 seconds
[2025-10-29T19:32:01.487+0530] {processor.py:161} INFO - Started process (PID=16645) to work on /home/logi/txtai/venv/lib/python3.10/site-packages/airflow/example_dags/example_dag_decorator.py
[2025-10-29T19:32:01.500+0530] {processor.py:830} INFO - Processing file /home/logi/txtai/venv/lib/python3.10/site-packages/airflow/example_dags/example_dag_decorator.py for tasks to queue
[2025-10-29T19:32:01.502+0530] {logging_mixin.py:188} INFO - [2025-10-29T19:32:01.502+0530] {dagbag.py:545} INFO - Filling up the DagBag from /home/logi/txtai/venv/lib/python3.10/site-packages/airflow/example_dags/example_dag_decorator.py
[2025-10-29T19:32:01.570+0530] {processor.py:840} INFO - DAG(s) 'example_dag_decorator' retrieved from /home/logi/txtai/venv/lib/python3.10/site-packages/airflow/example_dags/example_dag_decorator.py
[2025-10-29T19:32:01.637+0530] {logging_mixin.py:188} INFO - [2025-10-29T19:32:01.637+0530] {dag.py:3096} INFO - Sync 1 DAGs
[2025-10-29T19:32:01.645+0530] {logging_mixin.py:188} INFO - [2025-10-29T19:32:01.645+0530] {dag.py:3954} INFO - Setting next_dagrun for example_dag_decorator to None, run_after=None
[2025-10-29T19:32:01.673+0530] {processor.py:183} INFO - Processing /home/logi/txtai/venv/lib/python3.10/site-packages/airflow/example_dags/example_dag_decorator.py took 0.191 seconds
[2025-10-29T19:33:12.883+0530] {processor.py:161} INFO - Started process (PID=16820) to work on /home/logi/txtai/venv/lib/python3.10/site-packages/airflow/example_dags/example_dag_decorator.py
[2025-10-29T19:33:12.896+0530] {processor.py:830} INFO - Processing file /home/logi/txtai/venv/lib/python3.10/site-packages/airflow/example_dags/example_dag_decorator.py for tasks to queue
[2025-10-29T19:33:12.899+0530] {logging_mixin.py:188} INFO - [2025-10-29T19:33:12.898+0530] {dagbag.py:545} INFO - Filling up the DagBag from /home/logi/txtai/venv/lib/python3.10/site-packages/airflow/example_dags/example_dag_decorator.py
[2025-10-29T19:33:12.989+0530] {processor.py:840} INFO - DAG(s) 'example_dag_decorator' retrieved from /home/logi/txtai/venv/lib/python3.10/site-packages/airflow/example_dags/example_dag_decorator.py
[2025-10-29T19:33:13.061+0530] {logging_mixin.py:188} INFO - [2025-10-29T19:33:13.060+0530] {dag.py:3096} INFO - Sync 1 DAGs
[2025-10-29T19:33:13.070+0530] {logging_mixin.py:188} INFO - [2025-10-29T19:33:13.070+0530] {dag.py:3954} INFO - Setting next_dagrun for example_dag_decorator to None, run_after=None
[2025-10-29T19:33:13.105+0530] {processor.py:183} INFO - Processing /home/logi/txtai/venv/lib/python3.10/site-packages/airflow/example_dags/example_dag_decorator.py took 0.233 seconds
[2025-10-29T19:34:24.596+0530] {processor.py:161} INFO - Started process (PID=16923) to work on /home/logi/txtai/venv/lib/python3.10/site-packages/airflow/example_dags/example_dag_decorator.py
[2025-10-29T19:34:24.609+0530] {processor.py:830} INFO - Processing file /home/logi/txtai/venv/lib/python3.10/site-packages/airflow/example_dags/example_dag_decorator.py for tasks to queue
[2025-10-29T19:34:24.612+0530] {logging_mixin.py:188} INFO - [2025-10-29T19:34:24.612+0530] {dagbag.py:545} INFO - Filling up the DagBag from /home/logi/txtai/venv/lib/python3.10/site-packages/airflow/example_dags/example_dag_decorator.py
[2025-10-29T19:34:24.701+0530] {processor.py:840} INFO - DAG(s) 'example_dag_decorator' retrieved from /home/logi/txtai/venv/lib/python3.10/site-packages/airflow/example_dags/example_dag_decorator.py
[2025-10-29T19:34:24.771+0530] {logging_mixin.py:188} INFO - [2025-10-29T19:34:24.770+0530] {dag.py:3096} INFO - Sync 1 DAGs
[2025-10-29T19:34:24.778+0530] {logging_mixin.py:188} INFO - [2025-10-29T19:34:24.778+0530] {dag.py:3954} INFO - Setting next_dagrun for example_dag_decorator to None, run_after=None
[2025-10-29T19:34:24.812+0530] {processor.py:183} INFO - Processing /home/logi/txtai/venv/lib/python3.10/site-packages/airflow/example_dags/example_dag_decorator.py took 0.227 seconds
[2025-10-29T19:35:38.667+0530] {processor.py:161} INFO - Started process (PID=17058) to work on /home/logi/txtai/venv/lib/python3.10/site-packages/airflow/example_dags/example_dag_decorator.py
[2025-10-29T19:35:38.681+0530] {processor.py:830} INFO - Processing file /home/logi/txtai/venv/lib/python3.10/site-packages/airflow/example_dags/example_dag_decorator.py for tasks to queue
[2025-10-29T19:35:38.684+0530] {logging_mixin.py:188} INFO - [2025-10-29T19:35:38.683+0530] {dagbag.py:545} INFO - Filling up the DagBag from /home/logi/txtai/venv/lib/python3.10/site-packages/airflow/example_dags/example_dag_decorator.py
[2025-10-29T19:35:38.771+0530] {processor.py:840} INFO - DAG(s) 'example_dag_decorator' retrieved from /home/logi/txtai/venv/lib/python3.10/site-packages/airflow/example_dags/example_dag_decorator.py
[2025-10-29T19:35:38.843+0530] {logging_mixin.py:188} INFO - [2025-10-29T19:35:38.843+0530] {dag.py:3096} INFO - Sync 1 DAGs
[2025-10-29T19:35:38.851+0530] {logging_mixin.py:188} INFO - [2025-10-29T19:35:38.851+0530] {dag.py:3954} INFO - Setting next_dagrun for example_dag_decorator to None, run_after=None
[2025-10-29T19:35:38.884+0530] {processor.py:183} INFO - Processing /home/logi/txtai/venv/lib/python3.10/site-packages/airflow/example_dags/example_dag_decorator.py took 0.229 seconds
[2025-10-29T19:36:53.733+0530] {processor.py:161} INFO - Started process (PID=17357) to work on /home/logi/txtai/venv/lib/python3.10/site-packages/airflow/example_dags/example_dag_decorator.py
[2025-10-29T19:36:53.747+0530] {processor.py:830} INFO - Processing file /home/logi/txtai/venv/lib/python3.10/site-packages/airflow/example_dags/example_dag_decorator.py for tasks to queue
[2025-10-29T19:36:53.750+0530] {logging_mixin.py:188} INFO - [2025-10-29T19:36:53.750+0530] {dagbag.py:545} INFO - Filling up the DagBag from /home/logi/txtai/venv/lib/python3.10/site-packages/airflow/example_dags/example_dag_decorator.py
[2025-10-29T19:36:53.840+0530] {processor.py:840} INFO - DAG(s) 'example_dag_decorator' retrieved from /home/logi/txtai/venv/lib/python3.10/site-packages/airflow/example_dags/example_dag_decorator.py
[2025-10-29T19:36:53.912+0530] {logging_mixin.py:188} INFO - [2025-10-29T19:36:53.912+0530] {dag.py:3096} INFO - Sync 1 DAGs
[2025-10-29T19:36:53.920+0530] {logging_mixin.py:188} INFO - [2025-10-29T19:36:53.920+0530] {dag.py:3954} INFO - Setting next_dagrun for example_dag_decorator to None, run_after=None
[2025-10-29T19:36:53.942+0530] {processor.py:183} INFO - Processing /home/logi/txtai/venv/lib/python3.10/site-packages/airflow/example_dags/example_dag_decorator.py took 0.220 seconds
[2025-10-29T19:37:46.208+0530] {processor.py:161} INFO - Started process (PID=17419) to work on /home/logi/txtai/venv/lib/python3.10/site-packages/airflow/example_dags/example_dag_decorator.py
[2025-10-29T19:37:46.210+0530] {processor.py:830} INFO - Processing file /home/logi/txtai/venv/lib/python3.10/site-packages/airflow/example_dags/example_dag_decorator.py for tasks to queue
[2025-10-29T19:37:46.213+0530] {logging_mixin.py:188} INFO - [2025-10-29T19:37:46.212+0530] {dagbag.py:545} INFO - Filling up the DagBag from /home/logi/txtai/venv/lib/python3.10/site-packages/airflow/example_dags/example_dag_decorator.py
[2025-10-29T19:37:46.291+0530] {processor.py:840} INFO - DAG(s) 'example_dag_decorator' retrieved from /home/logi/txtai/venv/lib/python3.10/site-packages/airflow/example_dags/example_dag_decorator.py
[2025-10-29T19:37:46.309+0530] {logging_mixin.py:188} INFO - [2025-10-29T19:37:46.309+0530] {dag.py:3096} INFO - Sync 1 DAGs
[2025-10-29T19:37:46.318+0530] {logging_mixin.py:188} INFO - [2025-10-29T19:37:46.318+0530] {dag.py:3954} INFO - Setting next_dagrun for example_dag_decorator to None, run_after=None
[2025-10-29T19:37:46.346+0530] {processor.py:183} INFO - Processing /home/logi/txtai/venv/lib/python3.10/site-packages/airflow/example_dags/example_dag_decorator.py took 0.149 seconds
[2025-10-29T19:38:39.325+0530] {processor.py:161} INFO - Started process (PID=17483) to work on /home/logi/txtai/venv/lib/python3.10/site-packages/airflow/example_dags/example_dag_decorator.py
[2025-10-29T19:38:39.338+0530] {processor.py:830} INFO - Processing file /home/logi/txtai/venv/lib/python3.10/site-packages/airflow/example_dags/example_dag_decorator.py for tasks to queue
[2025-10-29T19:38:39.341+0530] {logging_mixin.py:188} INFO - [2025-10-29T19:38:39.340+0530] {dagbag.py:545} INFO - Filling up the DagBag from /home/logi/txtai/venv/lib/python3.10/site-packages/airflow/example_dags/example_dag_decorator.py
[2025-10-29T19:38:39.428+0530] {processor.py:840} INFO - DAG(s) 'example_dag_decorator' retrieved from /home/logi/txtai/venv/lib/python3.10/site-packages/airflow/example_dags/example_dag_decorator.py
[2025-10-29T19:38:39.500+0530] {logging_mixin.py:188} INFO - [2025-10-29T19:38:39.499+0530] {dag.py:3096} INFO - Sync 1 DAGs
[2025-10-29T19:38:39.507+0530] {logging_mixin.py:188} INFO - [2025-10-29T19:38:39.507+0530] {dag.py:3954} INFO - Setting next_dagrun for example_dag_decorator to None, run_after=None
[2025-10-29T19:38:39.526+0530] {processor.py:183} INFO - Processing /home/logi/txtai/venv/lib/python3.10/site-packages/airflow/example_dags/example_dag_decorator.py took 0.213 seconds
[2025-10-29T19:39:31.533+0530] {processor.py:161} INFO - Started process (PID=17579) to work on /home/logi/txtai/venv/lib/python3.10/site-packages/airflow/example_dags/example_dag_decorator.py
[2025-10-29T19:39:31.546+0530] {processor.py:830} INFO - Processing file /home/logi/txtai/venv/lib/python3.10/site-packages/airflow/example_dags/example_dag_decorator.py for tasks to queue
[2025-10-29T19:39:31.549+0530] {logging_mixin.py:188} INFO - [2025-10-29T19:39:31.549+0530] {dagbag.py:545} INFO - Filling up the DagBag from /home/logi/txtai/venv/lib/python3.10/site-packages/airflow/example_dags/example_dag_decorator.py
[2025-10-29T19:39:31.640+0530] {processor.py:840} INFO - DAG(s) 'example_dag_decorator' retrieved from /home/logi/txtai/venv/lib/python3.10/site-packages/airflow/example_dags/example_dag_decorator.py
[2025-10-29T19:39:31.711+0530] {logging_mixin.py:188} INFO - [2025-10-29T19:39:31.711+0530] {dag.py:3096} INFO - Sync 1 DAGs
[2025-10-29T19:39:31.719+0530] {logging_mixin.py:188} INFO - [2025-10-29T19:39:31.718+0530] {dag.py:3954} INFO - Setting next_dagrun for example_dag_decorator to None, run_after=None
[2025-10-29T19:39:31.750+0530] {processor.py:183} INFO - Processing /home/logi/txtai/venv/lib/python3.10/site-packages/airflow/example_dags/example_dag_decorator.py took 0.228 seconds
[2025-10-29T19:40:24.131+0530] {processor.py:161} INFO - Started process (PID=17730) to work on /home/logi/txtai/venv/lib/python3.10/site-packages/airflow/example_dags/example_dag_decorator.py
[2025-10-29T19:40:24.145+0530] {processor.py:830} INFO - Processing file /home/logi/txtai/venv/lib/python3.10/site-packages/airflow/example_dags/example_dag_decorator.py for tasks to queue
[2025-10-29T19:40:24.148+0530] {logging_mixin.py:188} INFO - [2025-10-29T19:40:24.147+0530] {dagbag.py:545} INFO - Filling up the DagBag from /home/logi/txtai/venv/lib/python3.10/site-packages/airflow/example_dags/example_dag_decorator.py
[2025-10-29T19:40:24.235+0530] {processor.py:840} INFO - DAG(s) 'example_dag_decorator' retrieved from /home/logi/txtai/venv/lib/python3.10/site-packages/airflow/example_dags/example_dag_decorator.py
[2025-10-29T19:40:24.306+0530] {logging_mixin.py:188} INFO - [2025-10-29T19:40:24.306+0530] {dag.py:3096} INFO - Sync 1 DAGs
[2025-10-29T19:40:24.314+0530] {logging_mixin.py:188} INFO - [2025-10-29T19:40:24.314+0530] {dag.py:3954} INFO - Setting next_dagrun for example_dag_decorator to None, run_after=None
[2025-10-29T19:40:24.345+0530] {processor.py:183} INFO - Processing /home/logi/txtai/venv/lib/python3.10/site-packages/airflow/example_dags/example_dag_decorator.py took 0.225 seconds
[2025-10-29T19:41:39.616+0530] {processor.py:161} INFO - Started process (PID=17945) to work on /home/logi/txtai/venv/lib/python3.10/site-packages/airflow/example_dags/example_dag_decorator.py
[2025-10-29T19:41:39.629+0530] {processor.py:830} INFO - Processing file /home/logi/txtai/venv/lib/python3.10/site-packages/airflow/example_dags/example_dag_decorator.py for tasks to queue
[2025-10-29T19:41:39.632+0530] {logging_mixin.py:188} INFO - [2025-10-29T19:41:39.632+0530] {dagbag.py:545} INFO - Filling up the DagBag from /home/logi/txtai/venv/lib/python3.10/site-packages/airflow/example_dags/example_dag_decorator.py
[2025-10-29T19:41:39.698+0530] {processor.py:840} INFO - DAG(s) 'example_dag_decorator' retrieved from /home/logi/txtai/venv/lib/python3.10/site-packages/airflow/example_dags/example_dag_decorator.py
[2025-10-29T19:41:39.773+0530] {logging_mixin.py:188} INFO - [2025-10-29T19:41:39.772+0530] {dag.py:3096} INFO - Sync 1 DAGs
[2025-10-29T19:41:39.781+0530] {logging_mixin.py:188} INFO - [2025-10-29T19:41:39.780+0530] {dag.py:3954} INFO - Setting next_dagrun for example_dag_decorator to None, run_after=None
[2025-10-29T19:41:39.811+0530] {processor.py:183} INFO - Processing /home/logi/txtai/venv/lib/python3.10/site-packages/airflow/example_dags/example_dag_decorator.py took 0.207 seconds
[2025-10-29T19:42:55.389+0530] {processor.py:161} INFO - Started process (PID=18033) to work on /home/logi/txtai/venv/lib/python3.10/site-packages/airflow/example_dags/example_dag_decorator.py
[2025-10-29T19:42:55.403+0530] {processor.py:830} INFO - Processing file /home/logi/txtai/venv/lib/python3.10/site-packages/airflow/example_dags/example_dag_decorator.py for tasks to queue
[2025-10-29T19:42:55.406+0530] {logging_mixin.py:188} INFO - [2025-10-29T19:42:55.405+0530] {dagbag.py:545} INFO - Filling up the DagBag from /home/logi/txtai/venv/lib/python3.10/site-packages/airflow/example_dags/example_dag_decorator.py
[2025-10-29T19:42:55.523+0530] {processor.py:840} INFO - DAG(s) 'example_dag_decorator' retrieved from /home/logi/txtai/venv/lib/python3.10/site-packages/airflow/example_dags/example_dag_decorator.py
[2025-10-29T19:42:55.598+0530] {logging_mixin.py:188} INFO - [2025-10-29T19:42:55.598+0530] {dag.py:3096} INFO - Sync 1 DAGs
[2025-10-29T19:42:55.605+0530] {logging_mixin.py:188} INFO - [2025-10-29T19:42:55.605+0530] {dag.py:3954} INFO - Setting next_dagrun for example_dag_decorator to None, run_after=None
[2025-10-29T19:42:55.635+0530] {processor.py:183} INFO - Processing /home/logi/txtai/venv/lib/python3.10/site-packages/airflow/example_dags/example_dag_decorator.py took 0.255 seconds
[2025-10-29T19:43:50.272+0530] {processor.py:161} INFO - Started process (PID=18130) to work on /home/logi/txtai/venv/lib/python3.10/site-packages/airflow/example_dags/example_dag_decorator.py
[2025-10-29T19:43:50.285+0530] {processor.py:830} INFO - Processing file /home/logi/txtai/venv/lib/python3.10/site-packages/airflow/example_dags/example_dag_decorator.py for tasks to queue
[2025-10-29T19:43:50.288+0530] {logging_mixin.py:188} INFO - [2025-10-29T19:43:50.288+0530] {dagbag.py:545} INFO - Filling up the DagBag from /home/logi/txtai/venv/lib/python3.10/site-packages/airflow/example_dags/example_dag_decorator.py
[2025-10-29T19:43:50.379+0530] {processor.py:840} INFO - DAG(s) 'example_dag_decorator' retrieved from /home/logi/txtai/venv/lib/python3.10/site-packages/airflow/example_dags/example_dag_decorator.py
[2025-10-29T19:43:50.449+0530] {logging_mixin.py:188} INFO - [2025-10-29T19:43:50.449+0530] {dag.py:3096} INFO - Sync 1 DAGs
[2025-10-29T19:43:50.459+0530] {logging_mixin.py:188} INFO - [2025-10-29T19:43:50.459+0530] {dag.py:3954} INFO - Setting next_dagrun for example_dag_decorator to None, run_after=None
[2025-10-29T19:43:50.490+0530] {processor.py:183} INFO - Processing /home/logi/txtai/venv/lib/python3.10/site-packages/airflow/example_dags/example_dag_decorator.py took 0.230 seconds
[2025-10-29T19:44:42.466+0530] {processor.py:161} INFO - Started process (PID=18222) to work on /home/logi/txtai/venv/lib/python3.10/site-packages/airflow/example_dags/example_dag_decorator.py
[2025-10-29T19:44:42.479+0530] {processor.py:830} INFO - Processing file /home/logi/txtai/venv/lib/python3.10/site-packages/airflow/example_dags/example_dag_decorator.py for tasks to queue
[2025-10-29T19:44:42.482+0530] {logging_mixin.py:188} INFO - [2025-10-29T19:44:42.481+0530] {dagbag.py:545} INFO - Filling up the DagBag from /home/logi/txtai/venv/lib/python3.10/site-packages/airflow/example_dags/example_dag_decorator.py
[2025-10-29T19:44:42.568+0530] {processor.py:840} INFO - DAG(s) 'example_dag_decorator' retrieved from /home/logi/txtai/venv/lib/python3.10/site-packages/airflow/example_dags/example_dag_decorator.py
[2025-10-29T19:44:42.645+0530] {logging_mixin.py:188} INFO - [2025-10-29T19:44:42.644+0530] {dag.py:3096} INFO - Sync 1 DAGs
[2025-10-29T19:44:42.652+0530] {logging_mixin.py:188} INFO - [2025-10-29T19:44:42.652+0530] {dag.py:3954} INFO - Setting next_dagrun for example_dag_decorator to None, run_after=None
[2025-10-29T19:44:42.684+0530] {processor.py:183} INFO - Processing /home/logi/txtai/venv/lib/python3.10/site-packages/airflow/example_dags/example_dag_decorator.py took 0.229 seconds
[2025-10-29T19:45:36.167+0530] {processor.py:161} INFO - Started process (PID=18306) to work on /home/logi/txtai/venv/lib/python3.10/site-packages/airflow/example_dags/example_dag_decorator.py
[2025-10-29T19:45:36.181+0530] {processor.py:830} INFO - Processing file /home/logi/txtai/venv/lib/python3.10/site-packages/airflow/example_dags/example_dag_decorator.py for tasks to queue
[2025-10-29T19:45:36.184+0530] {logging_mixin.py:188} INFO - [2025-10-29T19:45:36.183+0530] {dagbag.py:545} INFO - Filling up the DagBag from /home/logi/txtai/venv/lib/python3.10/site-packages/airflow/example_dags/example_dag_decorator.py
[2025-10-29T19:45:36.268+0530] {processor.py:840} INFO - DAG(s) 'example_dag_decorator' retrieved from /home/logi/txtai/venv/lib/python3.10/site-packages/airflow/example_dags/example_dag_decorator.py
[2025-10-29T19:45:36.356+0530] {logging_mixin.py:188} INFO - [2025-10-29T19:45:36.356+0530] {dag.py:3096} INFO - Sync 1 DAGs
[2025-10-29T19:45:36.365+0530] {logging_mixin.py:188} INFO - [2025-10-29T19:45:36.365+0530] {dag.py:3954} INFO - Setting next_dagrun for example_dag_decorator to None, run_after=None
[2025-10-29T19:45:36.409+0530] {processor.py:183} INFO - Processing /home/logi/txtai/venv/lib/python3.10/site-packages/airflow/example_dags/example_dag_decorator.py took 0.253 seconds
[2025-10-29T19:46:31.226+0530] {processor.py:161} INFO - Started process (PID=18371) to work on /home/logi/txtai/venv/lib/python3.10/site-packages/airflow/example_dags/example_dag_decorator.py
[2025-10-29T19:46:31.240+0530] {processor.py:830} INFO - Processing file /home/logi/txtai/venv/lib/python3.10/site-packages/airflow/example_dags/example_dag_decorator.py for tasks to queue
[2025-10-29T19:46:31.243+0530] {logging_mixin.py:188} INFO - [2025-10-29T19:46:31.242+0530] {dagbag.py:545} INFO - Filling up the DagBag from /home/logi/txtai/venv/lib/python3.10/site-packages/airflow/example_dags/example_dag_decorator.py
[2025-10-29T19:46:31.333+0530] {processor.py:840} INFO - DAG(s) 'example_dag_decorator' retrieved from /home/logi/txtai/venv/lib/python3.10/site-packages/airflow/example_dags/example_dag_decorator.py
[2025-10-29T19:46:31.414+0530] {logging_mixin.py:188} INFO - [2025-10-29T19:46:31.414+0530] {dag.py:3096} INFO - Sync 1 DAGs
[2025-10-29T19:46:31.422+0530] {logging_mixin.py:188} INFO - [2025-10-29T19:46:31.422+0530] {dag.py:3954} INFO - Setting next_dagrun for example_dag_decorator to None, run_after=None
[2025-10-29T19:46:31.454+0530] {processor.py:183} INFO - Processing /home/logi/txtai/venv/lib/python3.10/site-packages/airflow/example_dags/example_dag_decorator.py took 0.240 seconds
[2025-10-29T19:47:24.697+0530] {processor.py:161} INFO - Started process (PID=18435) to work on /home/logi/txtai/venv/lib/python3.10/site-packages/airflow/example_dags/example_dag_decorator.py
[2025-10-29T19:47:24.710+0530] {processor.py:830} INFO - Processing file /home/logi/txtai/venv/lib/python3.10/site-packages/airflow/example_dags/example_dag_decorator.py for tasks to queue
[2025-10-29T19:47:24.713+0530] {logging_mixin.py:188} INFO - [2025-10-29T19:47:24.713+0530] {dagbag.py:545} INFO - Filling up the DagBag from /home/logi/txtai/venv/lib/python3.10/site-packages/airflow/example_dags/example_dag_decorator.py
[2025-10-29T19:47:24.803+0530] {processor.py:840} INFO - DAG(s) 'example_dag_decorator' retrieved from /home/logi/txtai/venv/lib/python3.10/site-packages/airflow/example_dags/example_dag_decorator.py
[2025-10-29T19:47:24.883+0530] {logging_mixin.py:188} INFO - [2025-10-29T19:47:24.883+0530] {dag.py:3096} INFO - Sync 1 DAGs
[2025-10-29T19:47:24.891+0530] {logging_mixin.py:188} INFO - [2025-10-29T19:47:24.891+0530] {dag.py:3954} INFO - Setting next_dagrun for example_dag_decorator to None, run_after=None
[2025-10-29T19:47:24.924+0530] {processor.py:183} INFO - Processing /home/logi/txtai/venv/lib/python3.10/site-packages/airflow/example_dags/example_dag_decorator.py took 0.239 seconds
[2025-10-29T19:48:17.344+0530] {processor.py:161} INFO - Started process (PID=18513) to work on /home/logi/txtai/venv/lib/python3.10/site-packages/airflow/example_dags/example_dag_decorator.py
[2025-10-29T19:48:17.357+0530] {processor.py:830} INFO - Processing file /home/logi/txtai/venv/lib/python3.10/site-packages/airflow/example_dags/example_dag_decorator.py for tasks to queue
[2025-10-29T19:48:17.361+0530] {logging_mixin.py:188} INFO - [2025-10-29T19:48:17.360+0530] {dagbag.py:545} INFO - Filling up the DagBag from /home/logi/txtai/venv/lib/python3.10/site-packages/airflow/example_dags/example_dag_decorator.py
[2025-10-29T19:48:17.448+0530] {processor.py:840} INFO - DAG(s) 'example_dag_decorator' retrieved from /home/logi/txtai/venv/lib/python3.10/site-packages/airflow/example_dags/example_dag_decorator.py
[2025-10-29T19:48:17.524+0530] {logging_mixin.py:188} INFO - [2025-10-29T19:48:17.523+0530] {dag.py:3096} INFO - Sync 1 DAGs
[2025-10-29T19:48:17.532+0530] {logging_mixin.py:188} INFO - [2025-10-29T19:48:17.532+0530] {dag.py:3954} INFO - Setting next_dagrun for example_dag_decorator to None, run_after=None
[2025-10-29T19:48:17.553+0530] {processor.py:183} INFO - Processing /home/logi/txtai/venv/lib/python3.10/site-packages/airflow/example_dags/example_dag_decorator.py took 0.220 seconds
[2025-10-29T19:49:15.051+0530] {processor.py:161} INFO - Started process (PID=18650) to work on /home/logi/txtai/venv/lib/python3.10/site-packages/airflow/example_dags/example_dag_decorator.py
[2025-10-29T19:49:15.065+0530] {processor.py:830} INFO - Processing file /home/logi/txtai/venv/lib/python3.10/site-packages/airflow/example_dags/example_dag_decorator.py for tasks to queue
[2025-10-29T19:49:15.068+0530] {logging_mixin.py:188} INFO - [2025-10-29T19:49:15.068+0530] {dagbag.py:545} INFO - Filling up the DagBag from /home/logi/txtai/venv/lib/python3.10/site-packages/airflow/example_dags/example_dag_decorator.py
[2025-10-29T19:49:15.159+0530] {processor.py:840} INFO - DAG(s) 'example_dag_decorator' retrieved from /home/logi/txtai/venv/lib/python3.10/site-packages/airflow/example_dags/example_dag_decorator.py
[2025-10-29T19:49:15.232+0530] {logging_mixin.py:188} INFO - [2025-10-29T19:49:15.232+0530] {dag.py:3096} INFO - Sync 1 DAGs
[2025-10-29T19:49:15.240+0530] {logging_mixin.py:188} INFO - [2025-10-29T19:49:15.240+0530] {dag.py:3954} INFO - Setting next_dagrun for example_dag_decorator to None, run_after=None
[2025-10-29T19:49:15.275+0530] {processor.py:183} INFO - Processing /home/logi/txtai/venv/lib/python3.10/site-packages/airflow/example_dags/example_dag_decorator.py took 0.235 seconds
[2025-10-29T19:50:10.535+0530] {processor.py:161} INFO - Started process (PID=18743) to work on /home/logi/txtai/venv/lib/python3.10/site-packages/airflow/example_dags/example_dag_decorator.py
[2025-10-29T19:50:10.549+0530] {processor.py:830} INFO - Processing file /home/logi/txtai/venv/lib/python3.10/site-packages/airflow/example_dags/example_dag_decorator.py for tasks to queue
[2025-10-29T19:50:10.552+0530] {logging_mixin.py:188} INFO - [2025-10-29T19:50:10.551+0530] {dagbag.py:545} INFO - Filling up the DagBag from /home/logi/txtai/venv/lib/python3.10/site-packages/airflow/example_dags/example_dag_decorator.py
[2025-10-29T19:50:10.638+0530] {processor.py:840} INFO - DAG(s) 'example_dag_decorator' retrieved from /home/logi/txtai/venv/lib/python3.10/site-packages/airflow/example_dags/example_dag_decorator.py
[2025-10-29T19:50:10.709+0530] {logging_mixin.py:188} INFO - [2025-10-29T19:50:10.709+0530] {dag.py:3096} INFO - Sync 1 DAGs
[2025-10-29T19:50:10.719+0530] {logging_mixin.py:188} INFO - [2025-10-29T19:50:10.718+0530] {dag.py:3954} INFO - Setting next_dagrun for example_dag_decorator to None, run_after=None
[2025-10-29T19:50:10.749+0530] {processor.py:183} INFO - Processing /home/logi/txtai/venv/lib/python3.10/site-packages/airflow/example_dags/example_dag_decorator.py took 0.225 seconds
[2025-10-29T19:51:01.757+0530] {processor.py:161} INFO - Started process (PID=18808) to work on /home/logi/txtai/venv/lib/python3.10/site-packages/airflow/example_dags/example_dag_decorator.py
[2025-10-29T19:51:01.770+0530] {processor.py:830} INFO - Processing file /home/logi/txtai/venv/lib/python3.10/site-packages/airflow/example_dags/example_dag_decorator.py for tasks to queue
[2025-10-29T19:51:01.773+0530] {logging_mixin.py:188} INFO - [2025-10-29T19:51:01.772+0530] {dagbag.py:545} INFO - Filling up the DagBag from /home/logi/txtai/venv/lib/python3.10/site-packages/airflow/example_dags/example_dag_decorator.py
[2025-10-29T19:51:01.861+0530] {processor.py:840} INFO - DAG(s) 'example_dag_decorator' retrieved from /home/logi/txtai/venv/lib/python3.10/site-packages/airflow/example_dags/example_dag_decorator.py
[2025-10-29T19:51:01.931+0530] {logging_mixin.py:188} INFO - [2025-10-29T19:51:01.930+0530] {dag.py:3096} INFO - Sync 1 DAGs
[2025-10-29T19:51:01.938+0530] {logging_mixin.py:188} INFO - [2025-10-29T19:51:01.938+0530] {dag.py:3954} INFO - Setting next_dagrun for example_dag_decorator to None, run_after=None
[2025-10-29T19:51:01.968+0530] {processor.py:183} INFO - Processing /home/logi/txtai/venv/lib/python3.10/site-packages/airflow/example_dags/example_dag_decorator.py took 0.223 seconds
[2025-10-29T19:51:57.053+0530] {processor.py:161} INFO - Started process (PID=18904) to work on /home/logi/txtai/venv/lib/python3.10/site-packages/airflow/example_dags/example_dag_decorator.py
[2025-10-29T19:51:57.066+0530] {processor.py:830} INFO - Processing file /home/logi/txtai/venv/lib/python3.10/site-packages/airflow/example_dags/example_dag_decorator.py for tasks to queue
[2025-10-29T19:51:57.069+0530] {logging_mixin.py:188} INFO - [2025-10-29T19:51:57.068+0530] {dagbag.py:545} INFO - Filling up the DagBag from /home/logi/txtai/venv/lib/python3.10/site-packages/airflow/example_dags/example_dag_decorator.py
[2025-10-29T19:51:57.159+0530] {processor.py:840} INFO - DAG(s) 'example_dag_decorator' retrieved from /home/logi/txtai/venv/lib/python3.10/site-packages/airflow/example_dags/example_dag_decorator.py
[2025-10-29T19:51:57.233+0530] {logging_mixin.py:188} INFO - [2025-10-29T19:51:57.232+0530] {dag.py:3096} INFO - Sync 1 DAGs
[2025-10-29T19:51:57.241+0530] {logging_mixin.py:188} INFO - [2025-10-29T19:51:57.241+0530] {dag.py:3954} INFO - Setting next_dagrun for example_dag_decorator to None, run_after=None
[2025-10-29T19:51:57.291+0530] {processor.py:183} INFO - Processing /home/logi/txtai/venv/lib/python3.10/site-packages/airflow/example_dags/example_dag_decorator.py took 0.250 seconds
[2025-10-29T19:52:48.432+0530] {processor.py:161} INFO - Started process (PID=18967) to work on /home/logi/txtai/venv/lib/python3.10/site-packages/airflow/example_dags/example_dag_decorator.py
[2025-10-29T19:52:48.445+0530] {processor.py:830} INFO - Processing file /home/logi/txtai/venv/lib/python3.10/site-packages/airflow/example_dags/example_dag_decorator.py for tasks to queue
[2025-10-29T19:52:48.449+0530] {logging_mixin.py:188} INFO - [2025-10-29T19:52:48.448+0530] {dagbag.py:545} INFO - Filling up the DagBag from /home/logi/txtai/venv/lib/python3.10/site-packages/airflow/example_dags/example_dag_decorator.py
[2025-10-29T19:52:48.538+0530] {processor.py:840} INFO - DAG(s) 'example_dag_decorator' retrieved from /home/logi/txtai/venv/lib/python3.10/site-packages/airflow/example_dags/example_dag_decorator.py
[2025-10-29T19:52:48.616+0530] {logging_mixin.py:188} INFO - [2025-10-29T19:52:48.616+0530] {dag.py:3096} INFO - Sync 1 DAGs
[2025-10-29T19:52:48.624+0530] {logging_mixin.py:188} INFO - [2025-10-29T19:52:48.624+0530] {dag.py:3954} INFO - Setting next_dagrun for example_dag_decorator to None, run_after=None
[2025-10-29T19:52:48.657+0530] {processor.py:183} INFO - Processing /home/logi/txtai/venv/lib/python3.10/site-packages/airflow/example_dags/example_dag_decorator.py took 0.237 seconds
[2025-10-29T19:53:41.440+0530] {processor.py:161} INFO - Started process (PID=19031) to work on /home/logi/txtai/venv/lib/python3.10/site-packages/airflow/example_dags/example_dag_decorator.py
[2025-10-29T19:53:41.454+0530] {processor.py:830} INFO - Processing file /home/logi/txtai/venv/lib/python3.10/site-packages/airflow/example_dags/example_dag_decorator.py for tasks to queue
[2025-10-29T19:53:41.457+0530] {logging_mixin.py:188} INFO - [2025-10-29T19:53:41.456+0530] {dagbag.py:545} INFO - Filling up the DagBag from /home/logi/txtai/venv/lib/python3.10/site-packages/airflow/example_dags/example_dag_decorator.py
[2025-10-29T19:53:41.547+0530] {processor.py:840} INFO - DAG(s) 'example_dag_decorator' retrieved from /home/logi/txtai/venv/lib/python3.10/site-packages/airflow/example_dags/example_dag_decorator.py
[2025-10-29T19:53:41.625+0530] {logging_mixin.py:188} INFO - [2025-10-29T19:53:41.624+0530] {dag.py:3096} INFO - Sync 1 DAGs
[2025-10-29T19:53:41.633+0530] {logging_mixin.py:188} INFO - [2025-10-29T19:53:41.632+0530] {dag.py:3954} INFO - Setting next_dagrun for example_dag_decorator to None, run_after=None
[2025-10-29T19:53:41.663+0530] {processor.py:183} INFO - Processing /home/logi/txtai/venv/lib/python3.10/site-packages/airflow/example_dags/example_dag_decorator.py took 0.236 seconds
[2025-10-29T19:54:35.115+0530] {processor.py:161} INFO - Started process (PID=19134) to work on /home/logi/txtai/venv/lib/python3.10/site-packages/airflow/example_dags/example_dag_decorator.py
[2025-10-29T19:54:35.128+0530] {processor.py:830} INFO - Processing file /home/logi/txtai/venv/lib/python3.10/site-packages/airflow/example_dags/example_dag_decorator.py for tasks to queue
[2025-10-29T19:54:35.131+0530] {logging_mixin.py:188} INFO - [2025-10-29T19:54:35.131+0530] {dagbag.py:545} INFO - Filling up the DagBag from /home/logi/txtai/venv/lib/python3.10/site-packages/airflow/example_dags/example_dag_decorator.py
[2025-10-29T19:54:35.233+0530] {processor.py:840} INFO - DAG(s) 'example_dag_decorator' retrieved from /home/logi/txtai/venv/lib/python3.10/site-packages/airflow/example_dags/example_dag_decorator.py
[2025-10-29T19:54:35.307+0530] {logging_mixin.py:188} INFO - [2025-10-29T19:54:35.307+0530] {dag.py:3096} INFO - Sync 1 DAGs
[2025-10-29T19:54:35.315+0530] {logging_mixin.py:188} INFO - [2025-10-29T19:54:35.315+0530] {dag.py:3954} INFO - Setting next_dagrun for example_dag_decorator to None, run_after=None
[2025-10-29T19:54:35.347+0530] {processor.py:183} INFO - Processing /home/logi/txtai/venv/lib/python3.10/site-packages/airflow/example_dags/example_dag_decorator.py took 0.243 seconds
[2025-10-29T19:55:32.571+0530] {processor.py:161} INFO - Started process (PID=19204) to work on /home/logi/txtai/venv/lib/python3.10/site-packages/airflow/example_dags/example_dag_decorator.py
[2025-10-29T19:55:32.585+0530] {processor.py:830} INFO - Processing file /home/logi/txtai/venv/lib/python3.10/site-packages/airflow/example_dags/example_dag_decorator.py for tasks to queue
[2025-10-29T19:55:32.588+0530] {logging_mixin.py:188} INFO - [2025-10-29T19:55:32.587+0530] {dagbag.py:545} INFO - Filling up the DagBag from /home/logi/txtai/venv/lib/python3.10/site-packages/airflow/example_dags/example_dag_decorator.py
[2025-10-29T19:55:32.679+0530] {processor.py:840} INFO - DAG(s) 'example_dag_decorator' retrieved from /home/logi/txtai/venv/lib/python3.10/site-packages/airflow/example_dags/example_dag_decorator.py
[2025-10-29T19:55:32.752+0530] {logging_mixin.py:188} INFO - [2025-10-29T19:55:32.752+0530] {dag.py:3096} INFO - Sync 1 DAGs
[2025-10-29T19:55:32.760+0530] {logging_mixin.py:188} INFO - [2025-10-29T19:55:32.760+0530] {dag.py:3954} INFO - Setting next_dagrun for example_dag_decorator to None, run_after=None
[2025-10-29T19:55:32.781+0530] {processor.py:183} INFO - Processing /home/logi/txtai/venv/lib/python3.10/site-packages/airflow/example_dags/example_dag_decorator.py took 0.221 seconds
[2025-10-29T19:56:26.666+0530] {processor.py:161} INFO - Started process (PID=19271) to work on /home/logi/txtai/venv/lib/python3.10/site-packages/airflow/example_dags/example_dag_decorator.py
[2025-10-29T19:56:26.679+0530] {processor.py:830} INFO - Processing file /home/logi/txtai/venv/lib/python3.10/site-packages/airflow/example_dags/example_dag_decorator.py for tasks to queue
[2025-10-29T19:56:26.682+0530] {logging_mixin.py:188} INFO - [2025-10-29T19:56:26.681+0530] {dagbag.py:545} INFO - Filling up the DagBag from /home/logi/txtai/venv/lib/python3.10/site-packages/airflow/example_dags/example_dag_decorator.py
[2025-10-29T19:56:26.765+0530] {processor.py:840} INFO - DAG(s) 'example_dag_decorator' retrieved from /home/logi/txtai/venv/lib/python3.10/site-packages/airflow/example_dags/example_dag_decorator.py
[2025-10-29T19:56:26.830+0530] {logging_mixin.py:188} INFO - [2025-10-29T19:56:26.830+0530] {dag.py:3096} INFO - Sync 1 DAGs
[2025-10-29T19:56:26.837+0530] {logging_mixin.py:188} INFO - [2025-10-29T19:56:26.837+0530] {dag.py:3954} INFO - Setting next_dagrun for example_dag_decorator to None, run_after=None
[2025-10-29T19:56:26.854+0530] {processor.py:183} INFO - Processing /home/logi/txtai/venv/lib/python3.10/site-packages/airflow/example_dags/example_dag_decorator.py took 0.198 seconds
[2025-10-29T19:57:46.640+0530] {processor.py:161} INFO - Started process (PID=19406) to work on /home/logi/txtai/venv/lib/python3.10/site-packages/airflow/example_dags/example_dag_decorator.py
[2025-10-29T19:57:46.654+0530] {processor.py:830} INFO - Processing file /home/logi/txtai/venv/lib/python3.10/site-packages/airflow/example_dags/example_dag_decorator.py for tasks to queue
[2025-10-29T19:57:46.658+0530] {logging_mixin.py:188} INFO - [2025-10-29T19:57:46.658+0530] {dagbag.py:545} INFO - Filling up the DagBag from /home/logi/txtai/venv/lib/python3.10/site-packages/airflow/example_dags/example_dag_decorator.py
[2025-10-29T19:57:46.744+0530] {processor.py:840} INFO - DAG(s) 'example_dag_decorator' retrieved from /home/logi/txtai/venv/lib/python3.10/site-packages/airflow/example_dags/example_dag_decorator.py
[2025-10-29T19:57:46.818+0530] {logging_mixin.py:188} INFO - [2025-10-29T19:57:46.817+0530] {dag.py:3096} INFO - Sync 1 DAGs
[2025-10-29T19:57:46.825+0530] {logging_mixin.py:188} INFO - [2025-10-29T19:57:46.825+0530] {dag.py:3954} INFO - Setting next_dagrun for example_dag_decorator to None, run_after=None
[2025-10-29T19:57:46.857+0530] {processor.py:183} INFO - Processing /home/logi/txtai/venv/lib/python3.10/site-packages/airflow/example_dags/example_dag_decorator.py took 0.228 seconds
[2025-10-29T19:58:43.419+0530] {processor.py:161} INFO - Started process (PID=19606) to work on /home/logi/txtai/venv/lib/python3.10/site-packages/airflow/example_dags/example_dag_decorator.py
[2025-10-29T19:58:43.433+0530] {processor.py:830} INFO - Processing file /home/logi/txtai/venv/lib/python3.10/site-packages/airflow/example_dags/example_dag_decorator.py for tasks to queue
[2025-10-29T19:58:43.437+0530] {logging_mixin.py:188} INFO - [2025-10-29T19:58:43.437+0530] {dagbag.py:545} INFO - Filling up the DagBag from /home/logi/txtai/venv/lib/python3.10/site-packages/airflow/example_dags/example_dag_decorator.py
[2025-10-29T19:58:43.533+0530] {processor.py:840} INFO - DAG(s) 'example_dag_decorator' retrieved from /home/logi/txtai/venv/lib/python3.10/site-packages/airflow/example_dags/example_dag_decorator.py
[2025-10-29T19:58:43.615+0530] {logging_mixin.py:188} INFO - [2025-10-29T19:58:43.614+0530] {dag.py:3096} INFO - Sync 1 DAGs
[2025-10-29T19:58:43.633+0530] {logging_mixin.py:188} INFO - [2025-10-29T19:58:43.632+0530] {dag.py:3954} INFO - Setting next_dagrun for example_dag_decorator to None, run_after=None
[2025-10-29T19:58:43.661+0530] {processor.py:183} INFO - Processing /home/logi/txtai/venv/lib/python3.10/site-packages/airflow/example_dags/example_dag_decorator.py took 0.253 seconds
[2025-10-29T19:59:37.608+0530] {processor.py:161} INFO - Started process (PID=19704) to work on /home/logi/txtai/venv/lib/python3.10/site-packages/airflow/example_dags/example_dag_decorator.py
[2025-10-29T19:59:37.622+0530] {processor.py:830} INFO - Processing file /home/logi/txtai/venv/lib/python3.10/site-packages/airflow/example_dags/example_dag_decorator.py for tasks to queue
[2025-10-29T19:59:37.625+0530] {logging_mixin.py:188} INFO - [2025-10-29T19:59:37.624+0530] {dagbag.py:545} INFO - Filling up the DagBag from /home/logi/txtai/venv/lib/python3.10/site-packages/airflow/example_dags/example_dag_decorator.py
[2025-10-29T19:59:37.721+0530] {processor.py:840} INFO - DAG(s) 'example_dag_decorator' retrieved from /home/logi/txtai/venv/lib/python3.10/site-packages/airflow/example_dags/example_dag_decorator.py
[2025-10-29T19:59:37.794+0530] {logging_mixin.py:188} INFO - [2025-10-29T19:59:37.793+0530] {dag.py:3096} INFO - Sync 1 DAGs
[2025-10-29T19:59:37.801+0530] {logging_mixin.py:188} INFO - [2025-10-29T19:59:37.801+0530] {dag.py:3954} INFO - Setting next_dagrun for example_dag_decorator to None, run_after=None
[2025-10-29T19:59:37.834+0530] {processor.py:183} INFO - Processing /home/logi/txtai/venv/lib/python3.10/site-packages/airflow/example_dags/example_dag_decorator.py took 0.238 seconds
[2025-10-29T20:00:29.945+0530] {processor.py:161} INFO - Started process (PID=19795) to work on /home/logi/txtai/venv/lib/python3.10/site-packages/airflow/example_dags/example_dag_decorator.py
[2025-10-29T20:00:29.958+0530] {processor.py:830} INFO - Processing file /home/logi/txtai/venv/lib/python3.10/site-packages/airflow/example_dags/example_dag_decorator.py for tasks to queue
[2025-10-29T20:00:29.962+0530] {logging_mixin.py:188} INFO - [2025-10-29T20:00:29.962+0530] {dagbag.py:545} INFO - Filling up the DagBag from /home/logi/txtai/venv/lib/python3.10/site-packages/airflow/example_dags/example_dag_decorator.py
[2025-10-29T20:00:30.051+0530] {processor.py:840} INFO - DAG(s) 'example_dag_decorator' retrieved from /home/logi/txtai/venv/lib/python3.10/site-packages/airflow/example_dags/example_dag_decorator.py
[2025-10-29T20:00:30.123+0530] {logging_mixin.py:188} INFO - [2025-10-29T20:00:30.122+0530] {dag.py:3096} INFO - Sync 1 DAGs
[2025-10-29T20:00:30.132+0530] {logging_mixin.py:188} INFO - [2025-10-29T20:00:30.132+0530] {dag.py:3954} INFO - Setting next_dagrun for example_dag_decorator to None, run_after=None
[2025-10-29T20:00:30.165+0530] {processor.py:183} INFO - Processing /home/logi/txtai/venv/lib/python3.10/site-packages/airflow/example_dags/example_dag_decorator.py took 0.232 seconds
[2025-10-29T20:01:26.066+0530] {processor.py:161} INFO - Started process (PID=19938) to work on /home/logi/txtai/venv/lib/python3.10/site-packages/airflow/example_dags/example_dag_decorator.py
[2025-10-29T20:01:26.080+0530] {processor.py:830} INFO - Processing file /home/logi/txtai/venv/lib/python3.10/site-packages/airflow/example_dags/example_dag_decorator.py for tasks to queue
[2025-10-29T20:01:26.091+0530] {logging_mixin.py:188} INFO - [2025-10-29T20:01:26.090+0530] {dagbag.py:545} INFO - Filling up the DagBag from /home/logi/txtai/venv/lib/python3.10/site-packages/airflow/example_dags/example_dag_decorator.py
[2025-10-29T20:01:26.156+0530] {processor.py:840} INFO - DAG(s) 'example_dag_decorator' retrieved from /home/logi/txtai/venv/lib/python3.10/site-packages/airflow/example_dags/example_dag_decorator.py
[2025-10-29T20:01:26.240+0530] {logging_mixin.py:188} INFO - [2025-10-29T20:01:26.239+0530] {dag.py:3096} INFO - Sync 1 DAGs
[2025-10-29T20:01:26.249+0530] {logging_mixin.py:188} INFO - [2025-10-29T20:01:26.249+0530] {dag.py:3954} INFO - Setting next_dagrun for example_dag_decorator to None, run_after=None
[2025-10-29T20:01:26.281+0530] {processor.py:183} INFO - Processing /home/logi/txtai/venv/lib/python3.10/site-packages/airflow/example_dags/example_dag_decorator.py took 0.223 seconds
[2025-10-29T20:02:22.739+0530] {processor.py:161} INFO - Started process (PID=20065) to work on /home/logi/txtai/venv/lib/python3.10/site-packages/airflow/example_dags/example_dag_decorator.py
[2025-10-29T20:02:22.753+0530] {processor.py:830} INFO - Processing file /home/logi/txtai/venv/lib/python3.10/site-packages/airflow/example_dags/example_dag_decorator.py for tasks to queue
[2025-10-29T20:02:22.757+0530] {logging_mixin.py:188} INFO - [2025-10-29T20:02:22.757+0530] {dagbag.py:545} INFO - Filling up the DagBag from /home/logi/txtai/venv/lib/python3.10/site-packages/airflow/example_dags/example_dag_decorator.py
[2025-10-29T20:02:22.837+0530] {processor.py:840} INFO - DAG(s) 'example_dag_decorator' retrieved from /home/logi/txtai/venv/lib/python3.10/site-packages/airflow/example_dags/example_dag_decorator.py
[2025-10-29T20:02:22.910+0530] {logging_mixin.py:188} INFO - [2025-10-29T20:02:22.910+0530] {dag.py:3096} INFO - Sync 1 DAGs
[2025-10-29T20:02:22.918+0530] {logging_mixin.py:188} INFO - [2025-10-29T20:02:22.918+0530] {dag.py:3954} INFO - Setting next_dagrun for example_dag_decorator to None, run_after=None
[2025-10-29T20:02:22.949+0530] {processor.py:183} INFO - Processing /home/logi/txtai/venv/lib/python3.10/site-packages/airflow/example_dags/example_dag_decorator.py took 0.222 seconds
[2025-10-29T20:03:17.623+0530] {processor.py:161} INFO - Started process (PID=20178) to work on /home/logi/txtai/venv/lib/python3.10/site-packages/airflow/example_dags/example_dag_decorator.py
[2025-10-29T20:03:17.637+0530] {processor.py:830} INFO - Processing file /home/logi/txtai/venv/lib/python3.10/site-packages/airflow/example_dags/example_dag_decorator.py for tasks to queue
[2025-10-29T20:03:17.641+0530] {logging_mixin.py:188} INFO - [2025-10-29T20:03:17.641+0530] {dagbag.py:545} INFO - Filling up the DagBag from /home/logi/txtai/venv/lib/python3.10/site-packages/airflow/example_dags/example_dag_decorator.py
[2025-10-29T20:03:17.725+0530] {processor.py:840} INFO - DAG(s) 'example_dag_decorator' retrieved from /home/logi/txtai/venv/lib/python3.10/site-packages/airflow/example_dags/example_dag_decorator.py
[2025-10-29T20:03:17.806+0530] {logging_mixin.py:188} INFO - [2025-10-29T20:03:17.806+0530] {dag.py:3096} INFO - Sync 1 DAGs
[2025-10-29T20:03:17.815+0530] {logging_mixin.py:188} INFO - [2025-10-29T20:03:17.815+0530] {dag.py:3954} INFO - Setting next_dagrun for example_dag_decorator to None, run_after=None
[2025-10-29T20:03:17.848+0530] {processor.py:183} INFO - Processing /home/logi/txtai/venv/lib/python3.10/site-packages/airflow/example_dags/example_dag_decorator.py took 0.238 seconds
[2025-10-29T20:04:22.679+0530] {processor.py:161} INFO - Started process (PID=20302) to work on /home/logi/txtai/venv/lib/python3.10/site-packages/airflow/example_dags/example_dag_decorator.py
[2025-10-29T20:04:22.682+0530] {processor.py:830} INFO - Processing file /home/logi/txtai/venv/lib/python3.10/site-packages/airflow/example_dags/example_dag_decorator.py for tasks to queue
[2025-10-29T20:04:22.689+0530] {logging_mixin.py:188} INFO - [2025-10-29T20:04:22.688+0530] {dagbag.py:545} INFO - Filling up the DagBag from /home/logi/txtai/venv/lib/python3.10/site-packages/airflow/example_dags/example_dag_decorator.py
[2025-10-29T20:04:22.837+0530] {processor.py:840} INFO - DAG(s) 'example_dag_decorator' retrieved from /home/logi/txtai/venv/lib/python3.10/site-packages/airflow/example_dags/example_dag_decorator.py
[2025-10-29T20:04:22.884+0530] {logging_mixin.py:188} INFO - [2025-10-29T20:04:22.883+0530] {dag.py:3096} INFO - Sync 1 DAGs
[2025-10-29T20:04:22.919+0530] {logging_mixin.py:188} INFO - [2025-10-29T20:04:22.917+0530] {dag.py:3954} INFO - Setting next_dagrun for example_dag_decorator to None, run_after=None
[2025-10-29T20:04:22.965+0530] {processor.py:183} INFO - Processing /home/logi/txtai/venv/lib/python3.10/site-packages/airflow/example_dags/example_dag_decorator.py took 0.307 seconds
[2025-10-29T20:05:26.238+0530] {processor.py:161} INFO - Started process (PID=20453) to work on /home/logi/txtai/venv/lib/python3.10/site-packages/airflow/example_dags/example_dag_decorator.py
[2025-10-29T20:05:26.251+0530] {processor.py:830} INFO - Processing file /home/logi/txtai/venv/lib/python3.10/site-packages/airflow/example_dags/example_dag_decorator.py for tasks to queue
[2025-10-29T20:05:26.254+0530] {logging_mixin.py:188} INFO - [2025-10-29T20:05:26.254+0530] {dagbag.py:545} INFO - Filling up the DagBag from /home/logi/txtai/venv/lib/python3.10/site-packages/airflow/example_dags/example_dag_decorator.py
[2025-10-29T20:05:26.348+0530] {processor.py:840} INFO - DAG(s) 'example_dag_decorator' retrieved from /home/logi/txtai/venv/lib/python3.10/site-packages/airflow/example_dags/example_dag_decorator.py
[2025-10-29T20:05:26.456+0530] {logging_mixin.py:188} INFO - [2025-10-29T20:05:26.455+0530] {dag.py:3096} INFO - Sync 1 DAGs
[2025-10-29T20:05:26.465+0530] {logging_mixin.py:188} INFO - [2025-10-29T20:05:26.465+0530] {dag.py:3954} INFO - Setting next_dagrun for example_dag_decorator to None, run_after=None
[2025-10-29T20:05:26.497+0530] {processor.py:183} INFO - Processing /home/logi/txtai/venv/lib/python3.10/site-packages/airflow/example_dags/example_dag_decorator.py took 0.271 seconds
[2025-10-29T20:06:23.830+0530] {processor.py:161} INFO - Started process (PID=20566) to work on /home/logi/txtai/venv/lib/python3.10/site-packages/airflow/example_dags/example_dag_decorator.py
[2025-10-29T20:06:23.843+0530] {processor.py:830} INFO - Processing file /home/logi/txtai/venv/lib/python3.10/site-packages/airflow/example_dags/example_dag_decorator.py for tasks to queue
[2025-10-29T20:06:23.849+0530] {logging_mixin.py:188} INFO - [2025-10-29T20:06:23.848+0530] {dagbag.py:545} INFO - Filling up the DagBag from /home/logi/txtai/venv/lib/python3.10/site-packages/airflow/example_dags/example_dag_decorator.py
[2025-10-29T20:06:23.959+0530] {processor.py:840} INFO - DAG(s) 'example_dag_decorator' retrieved from /home/logi/txtai/venv/lib/python3.10/site-packages/airflow/example_dags/example_dag_decorator.py
[2025-10-29T20:06:24.055+0530] {logging_mixin.py:188} INFO - [2025-10-29T20:06:24.054+0530] {dag.py:3096} INFO - Sync 1 DAGs
[2025-10-29T20:06:24.063+0530] {logging_mixin.py:188} INFO - [2025-10-29T20:06:24.063+0530] {dag.py:3954} INFO - Setting next_dagrun for example_dag_decorator to None, run_after=None
[2025-10-29T20:06:24.129+0530] {processor.py:183} INFO - Processing /home/logi/txtai/venv/lib/python3.10/site-packages/airflow/example_dags/example_dag_decorator.py took 0.311 seconds
[2025-10-29T20:07:21.654+0530] {processor.py:161} INFO - Started process (PID=20677) to work on /home/logi/txtai/venv/lib/python3.10/site-packages/airflow/example_dags/example_dag_decorator.py
[2025-10-29T20:07:21.670+0530] {processor.py:830} INFO - Processing file /home/logi/txtai/venv/lib/python3.10/site-packages/airflow/example_dags/example_dag_decorator.py for tasks to queue
[2025-10-29T20:07:21.677+0530] {logging_mixin.py:188} INFO - [2025-10-29T20:07:21.676+0530] {dagbag.py:545} INFO - Filling up the DagBag from /home/logi/txtai/venv/lib/python3.10/site-packages/airflow/example_dags/example_dag_decorator.py
[2025-10-29T20:07:21.873+0530] {processor.py:840} INFO - DAG(s) 'example_dag_decorator' retrieved from /home/logi/txtai/venv/lib/python3.10/site-packages/airflow/example_dags/example_dag_decorator.py
[2025-10-29T20:07:21.909+0530] {logging_mixin.py:188} INFO - [2025-10-29T20:07:21.908+0530] {dag.py:3096} INFO - Sync 1 DAGs
[2025-10-29T20:07:21.928+0530] {logging_mixin.py:188} INFO - [2025-10-29T20:07:21.927+0530] {dag.py:3954} INFO - Setting next_dagrun for example_dag_decorator to None, run_after=None
[2025-10-29T20:07:21.966+0530] {processor.py:183} INFO - Processing /home/logi/txtai/venv/lib/python3.10/site-packages/airflow/example_dags/example_dag_decorator.py took 0.330 seconds
[2025-10-29T20:08:18.697+0530] {processor.py:161} INFO - Started process (PID=20788) to work on /home/logi/txtai/venv/lib/python3.10/site-packages/airflow/example_dags/example_dag_decorator.py
[2025-10-29T20:08:18.700+0530] {processor.py:830} INFO - Processing file /home/logi/txtai/venv/lib/python3.10/site-packages/airflow/example_dags/example_dag_decorator.py for tasks to queue
[2025-10-29T20:08:18.713+0530] {logging_mixin.py:188} INFO - [2025-10-29T20:08:18.712+0530] {dagbag.py:545} INFO - Filling up the DagBag from /home/logi/txtai/venv/lib/python3.10/site-packages/airflow/example_dags/example_dag_decorator.py
[2025-10-29T20:08:18.807+0530] {processor.py:840} INFO - DAG(s) 'example_dag_decorator' retrieved from /home/logi/txtai/venv/lib/python3.10/site-packages/airflow/example_dags/example_dag_decorator.py
[2025-10-29T20:08:18.829+0530] {logging_mixin.py:188} INFO - [2025-10-29T20:08:18.828+0530] {dag.py:3096} INFO - Sync 1 DAGs
[2025-10-29T20:08:18.842+0530] {logging_mixin.py:188} INFO - [2025-10-29T20:08:18.841+0530] {dag.py:3954} INFO - Setting next_dagrun for example_dag_decorator to None, run_after=None
[2025-10-29T20:08:18.880+0530] {processor.py:183} INFO - Processing /home/logi/txtai/venv/lib/python3.10/site-packages/airflow/example_dags/example_dag_decorator.py took 0.199 seconds
[2025-10-29T20:09:18.271+0530] {processor.py:161} INFO - Started process (PID=20903) to work on /home/logi/txtai/venv/lib/python3.10/site-packages/airflow/example_dags/example_dag_decorator.py
[2025-10-29T20:09:18.285+0530] {processor.py:830} INFO - Processing file /home/logi/txtai/venv/lib/python3.10/site-packages/airflow/example_dags/example_dag_decorator.py for tasks to queue
[2025-10-29T20:09:18.290+0530] {logging_mixin.py:188} INFO - [2025-10-29T20:09:18.289+0530] {dagbag.py:545} INFO - Filling up the DagBag from /home/logi/txtai/venv/lib/python3.10/site-packages/airflow/example_dags/example_dag_decorator.py
[2025-10-29T20:09:18.406+0530] {processor.py:840} INFO - DAG(s) 'example_dag_decorator' retrieved from /home/logi/txtai/venv/lib/python3.10/site-packages/airflow/example_dags/example_dag_decorator.py
[2025-10-29T20:09:18.487+0530] {logging_mixin.py:188} INFO - [2025-10-29T20:09:18.486+0530] {dag.py:3096} INFO - Sync 1 DAGs
[2025-10-29T20:09:18.533+0530] {logging_mixin.py:188} INFO - [2025-10-29T20:09:18.532+0530] {dag.py:3954} INFO - Setting next_dagrun for example_dag_decorator to None, run_after=None
[2025-10-29T20:09:18.634+0530] {processor.py:183} INFO - Processing /home/logi/txtai/venv/lib/python3.10/site-packages/airflow/example_dags/example_dag_decorator.py took 0.375 seconds
[2025-10-29T20:10:15.509+0530] {processor.py:161} INFO - Started process (PID=21046) to work on /home/logi/txtai/venv/lib/python3.10/site-packages/airflow/example_dags/example_dag_decorator.py
[2025-10-29T20:10:15.523+0530] {processor.py:830} INFO - Processing file /home/logi/txtai/venv/lib/python3.10/site-packages/airflow/example_dags/example_dag_decorator.py for tasks to queue
[2025-10-29T20:10:15.527+0530] {logging_mixin.py:188} INFO - [2025-10-29T20:10:15.527+0530] {dagbag.py:545} INFO - Filling up the DagBag from /home/logi/txtai/venv/lib/python3.10/site-packages/airflow/example_dags/example_dag_decorator.py
[2025-10-29T20:10:15.614+0530] {processor.py:840} INFO - DAG(s) 'example_dag_decorator' retrieved from /home/logi/txtai/venv/lib/python3.10/site-packages/airflow/example_dags/example_dag_decorator.py
[2025-10-29T20:10:15.687+0530] {logging_mixin.py:188} INFO - [2025-10-29T20:10:15.687+0530] {dag.py:3096} INFO - Sync 1 DAGs
[2025-10-29T20:10:15.694+0530] {logging_mixin.py:188} INFO - [2025-10-29T20:10:15.694+0530] {dag.py:3954} INFO - Setting next_dagrun for example_dag_decorator to None, run_after=None
[2025-10-29T20:10:15.726+0530] {processor.py:183} INFO - Processing /home/logi/txtai/venv/lib/python3.10/site-packages/airflow/example_dags/example_dag_decorator.py took 0.228 seconds
[2025-10-29T20:11:09.854+0530] {processor.py:161} INFO - Started process (PID=21160) to work on /home/logi/txtai/venv/lib/python3.10/site-packages/airflow/example_dags/example_dag_decorator.py
[2025-10-29T20:11:09.867+0530] {processor.py:830} INFO - Processing file /home/logi/txtai/venv/lib/python3.10/site-packages/airflow/example_dags/example_dag_decorator.py for tasks to queue
[2025-10-29T20:11:09.872+0530] {logging_mixin.py:188} INFO - [2025-10-29T20:11:09.872+0530] {dagbag.py:545} INFO - Filling up the DagBag from /home/logi/txtai/venv/lib/python3.10/site-packages/airflow/example_dags/example_dag_decorator.py
[2025-10-29T20:11:09.968+0530] {processor.py:840} INFO - DAG(s) 'example_dag_decorator' retrieved from /home/logi/txtai/venv/lib/python3.10/site-packages/airflow/example_dags/example_dag_decorator.py
[2025-10-29T20:11:09.987+0530] {logging_mixin.py:188} INFO - [2025-10-29T20:11:09.987+0530] {dag.py:3096} INFO - Sync 1 DAGs
[2025-10-29T20:11:09.998+0530] {logging_mixin.py:188} INFO - [2025-10-29T20:11:09.997+0530] {dag.py:3954} INFO - Setting next_dagrun for example_dag_decorator to None, run_after=None
[2025-10-29T20:11:10.035+0530] {processor.py:183} INFO - Processing /home/logi/txtai/venv/lib/python3.10/site-packages/airflow/example_dags/example_dag_decorator.py took 0.193 seconds
[2025-10-29T20:12:00.847+0530] {processor.py:161} INFO - Started process (PID=21264) to work on /home/logi/txtai/venv/lib/python3.10/site-packages/airflow/example_dags/example_dag_decorator.py
[2025-10-29T20:12:00.860+0530] {processor.py:830} INFO - Processing file /home/logi/txtai/venv/lib/python3.10/site-packages/airflow/example_dags/example_dag_decorator.py for tasks to queue
[2025-10-29T20:12:00.864+0530] {logging_mixin.py:188} INFO - [2025-10-29T20:12:00.864+0530] {dagbag.py:545} INFO - Filling up the DagBag from /home/logi/txtai/venv/lib/python3.10/site-packages/airflow/example_dags/example_dag_decorator.py
[2025-10-29T20:12:00.951+0530] {processor.py:840} INFO - DAG(s) 'example_dag_decorator' retrieved from /home/logi/txtai/venv/lib/python3.10/site-packages/airflow/example_dags/example_dag_decorator.py
[2025-10-29T20:12:00.978+0530] {logging_mixin.py:188} INFO - [2025-10-29T20:12:00.978+0530] {dag.py:3096} INFO - Sync 1 DAGs
[2025-10-29T20:12:00.988+0530] {logging_mixin.py:188} INFO - [2025-10-29T20:12:00.987+0530] {dag.py:3954} INFO - Setting next_dagrun for example_dag_decorator to None, run_after=None
[2025-10-29T20:12:01.020+0530] {processor.py:183} INFO - Processing /home/logi/txtai/venv/lib/python3.10/site-packages/airflow/example_dags/example_dag_decorator.py took 0.185 seconds
[2025-10-29T20:12:54.914+0530] {processor.py:161} INFO - Started process (PID=21368) to work on /home/logi/txtai/venv/lib/python3.10/site-packages/airflow/example_dags/example_dag_decorator.py
[2025-10-29T20:12:54.927+0530] {processor.py:830} INFO - Processing file /home/logi/txtai/venv/lib/python3.10/site-packages/airflow/example_dags/example_dag_decorator.py for tasks to queue
[2025-10-29T20:12:54.931+0530] {logging_mixin.py:188} INFO - [2025-10-29T20:12:54.930+0530] {dagbag.py:545} INFO - Filling up the DagBag from /home/logi/txtai/venv/lib/python3.10/site-packages/airflow/example_dags/example_dag_decorator.py
[2025-10-29T20:12:55.024+0530] {processor.py:840} INFO - DAG(s) 'example_dag_decorator' retrieved from /home/logi/txtai/venv/lib/python3.10/site-packages/airflow/example_dags/example_dag_decorator.py
[2025-10-29T20:12:55.095+0530] {logging_mixin.py:188} INFO - [2025-10-29T20:12:55.095+0530] {dag.py:3096} INFO - Sync 1 DAGs
[2025-10-29T20:12:55.105+0530] {logging_mixin.py:188} INFO - [2025-10-29T20:12:55.105+0530] {dag.py:3954} INFO - Setting next_dagrun for example_dag_decorator to None, run_after=None
[2025-10-29T20:12:55.136+0530] {processor.py:183} INFO - Processing /home/logi/txtai/venv/lib/python3.10/site-packages/airflow/example_dags/example_dag_decorator.py took 0.234 seconds
[2025-10-29T20:13:49.260+0530] {processor.py:161} INFO - Started process (PID=21524) to work on /home/logi/txtai/venv/lib/python3.10/site-packages/airflow/example_dags/example_dag_decorator.py
[2025-10-29T20:13:49.276+0530] {processor.py:830} INFO - Processing file /home/logi/txtai/venv/lib/python3.10/site-packages/airflow/example_dags/example_dag_decorator.py for tasks to queue
[2025-10-29T20:13:49.281+0530] {logging_mixin.py:188} INFO - [2025-10-29T20:13:49.281+0530] {dagbag.py:545} INFO - Filling up the DagBag from /home/logi/txtai/venv/lib/python3.10/site-packages/airflow/example_dags/example_dag_decorator.py
[2025-10-29T20:13:49.402+0530] {processor.py:840} INFO - DAG(s) 'example_dag_decorator' retrieved from /home/logi/txtai/venv/lib/python3.10/site-packages/airflow/example_dags/example_dag_decorator.py
[2025-10-29T20:13:49.433+0530] {logging_mixin.py:188} INFO - [2025-10-29T20:13:49.433+0530] {dag.py:3096} INFO - Sync 1 DAGs
[2025-10-29T20:13:49.443+0530] {logging_mixin.py:188} INFO - [2025-10-29T20:13:49.443+0530] {dag.py:3954} INFO - Setting next_dagrun for example_dag_decorator to None, run_after=None
[2025-10-29T20:13:49.475+0530] {processor.py:183} INFO - Processing /home/logi/txtai/venv/lib/python3.10/site-packages/airflow/example_dags/example_dag_decorator.py took 0.233 seconds
[2025-10-29T20:15:10.225+0530] {processor.py:161} INFO - Started process (PID=21868) to work on /home/logi/txtai/venv/lib/python3.10/site-packages/airflow/example_dags/example_dag_decorator.py
[2025-10-29T20:15:10.238+0530] {processor.py:830} INFO - Processing file /home/logi/txtai/venv/lib/python3.10/site-packages/airflow/example_dags/example_dag_decorator.py for tasks to queue
[2025-10-29T20:15:10.241+0530] {logging_mixin.py:188} INFO - [2025-10-29T20:15:10.241+0530] {dagbag.py:545} INFO - Filling up the DagBag from /home/logi/txtai/venv/lib/python3.10/site-packages/airflow/example_dags/example_dag_decorator.py
[2025-10-29T20:15:10.332+0530] {processor.py:840} INFO - DAG(s) 'example_dag_decorator' retrieved from /home/logi/txtai/venv/lib/python3.10/site-packages/airflow/example_dags/example_dag_decorator.py
[2025-10-29T20:15:10.414+0530] {logging_mixin.py:188} INFO - [2025-10-29T20:15:10.413+0530] {dag.py:3096} INFO - Sync 1 DAGs
[2025-10-29T20:15:10.421+0530] {logging_mixin.py:188} INFO - [2025-10-29T20:15:10.421+0530] {dag.py:3954} INFO - Setting next_dagrun for example_dag_decorator to None, run_after=None
[2025-10-29T20:15:10.453+0530] {processor.py:183} INFO - Processing /home/logi/txtai/venv/lib/python3.10/site-packages/airflow/example_dags/example_dag_decorator.py took 0.240 seconds
[2025-10-29T20:16:05.536+0530] {processor.py:161} INFO - Started process (PID=21959) to work on /home/logi/txtai/venv/lib/python3.10/site-packages/airflow/example_dags/example_dag_decorator.py
[2025-10-29T20:16:05.550+0530] {processor.py:830} INFO - Processing file /home/logi/txtai/venv/lib/python3.10/site-packages/airflow/example_dags/example_dag_decorator.py for tasks to queue
[2025-10-29T20:16:05.553+0530] {logging_mixin.py:188} INFO - [2025-10-29T20:16:05.552+0530] {dagbag.py:545} INFO - Filling up the DagBag from /home/logi/txtai/venv/lib/python3.10/site-packages/airflow/example_dags/example_dag_decorator.py
[2025-10-29T20:16:05.644+0530] {processor.py:840} INFO - DAG(s) 'example_dag_decorator' retrieved from /home/logi/txtai/venv/lib/python3.10/site-packages/airflow/example_dags/example_dag_decorator.py
[2025-10-29T20:16:05.662+0530] {logging_mixin.py:188} INFO - [2025-10-29T20:16:05.662+0530] {dag.py:3096} INFO - Sync 1 DAGs
[2025-10-29T20:16:05.672+0530] {logging_mixin.py:188} INFO - [2025-10-29T20:16:05.672+0530] {dag.py:3954} INFO - Setting next_dagrun for example_dag_decorator to None, run_after=None
[2025-10-29T20:16:05.704+0530] {processor.py:183} INFO - Processing /home/logi/txtai/venv/lib/python3.10/site-packages/airflow/example_dags/example_dag_decorator.py took 0.180 seconds
[2025-10-29T20:16:54.974+0530] {processor.py:161} INFO - Started process (PID=22036) to work on /home/logi/txtai/venv/lib/python3.10/site-packages/airflow/example_dags/example_dag_decorator.py
[2025-10-29T20:16:54.987+0530] {processor.py:830} INFO - Processing file /home/logi/txtai/venv/lib/python3.10/site-packages/airflow/example_dags/example_dag_decorator.py for tasks to queue
[2025-10-29T20:16:54.989+0530] {logging_mixin.py:188} INFO - [2025-10-29T20:16:54.989+0530] {dagbag.py:545} INFO - Filling up the DagBag from /home/logi/txtai/venv/lib/python3.10/site-packages/airflow/example_dags/example_dag_decorator.py
[2025-10-29T20:16:55.052+0530] {processor.py:840} INFO - DAG(s) 'example_dag_decorator' retrieved from /home/logi/txtai/venv/lib/python3.10/site-packages/airflow/example_dags/example_dag_decorator.py
[2025-10-29T20:16:55.069+0530] {logging_mixin.py:188} INFO - [2025-10-29T20:16:55.068+0530] {dag.py:3096} INFO - Sync 1 DAGs
[2025-10-29T20:16:55.079+0530] {logging_mixin.py:188} INFO - [2025-10-29T20:16:55.079+0530] {dag.py:3954} INFO - Setting next_dagrun for example_dag_decorator to None, run_after=None
[2025-10-29T20:16:55.098+0530] {processor.py:183} INFO - Processing /home/logi/txtai/venv/lib/python3.10/site-packages/airflow/example_dags/example_dag_decorator.py took 0.131 seconds
[2025-10-29T20:17:47.708+0530] {processor.py:161} INFO - Started process (PID=22104) to work on /home/logi/txtai/venv/lib/python3.10/site-packages/airflow/example_dags/example_dag_decorator.py
[2025-10-29T20:17:47.721+0530] {processor.py:830} INFO - Processing file /home/logi/txtai/venv/lib/python3.10/site-packages/airflow/example_dags/example_dag_decorator.py for tasks to queue
[2025-10-29T20:17:47.724+0530] {logging_mixin.py:188} INFO - [2025-10-29T20:17:47.724+0530] {dagbag.py:545} INFO - Filling up the DagBag from /home/logi/txtai/venv/lib/python3.10/site-packages/airflow/example_dags/example_dag_decorator.py
[2025-10-29T20:17:47.812+0530] {processor.py:840} INFO - DAG(s) 'example_dag_decorator' retrieved from /home/logi/txtai/venv/lib/python3.10/site-packages/airflow/example_dags/example_dag_decorator.py
[2025-10-29T20:17:47.904+0530] {logging_mixin.py:188} INFO - [2025-10-29T20:17:47.904+0530] {dag.py:3096} INFO - Sync 1 DAGs
[2025-10-29T20:17:47.913+0530] {logging_mixin.py:188} INFO - [2025-10-29T20:17:47.912+0530] {dag.py:3954} INFO - Setting next_dagrun for example_dag_decorator to None, run_after=None
[2025-10-29T20:17:47.935+0530] {processor.py:183} INFO - Processing /home/logi/txtai/venv/lib/python3.10/site-packages/airflow/example_dags/example_dag_decorator.py took 0.240 seconds
[2025-10-29T20:19:05.587+0530] {processor.py:161} INFO - Started process (PID=22257) to work on /home/logi/txtai/venv/lib/python3.10/site-packages/airflow/example_dags/example_dag_decorator.py
[2025-10-29T20:19:05.601+0530] {processor.py:830} INFO - Processing file /home/logi/txtai/venv/lib/python3.10/site-packages/airflow/example_dags/example_dag_decorator.py for tasks to queue
[2025-10-29T20:19:05.606+0530] {logging_mixin.py:188} INFO - [2025-10-29T20:19:05.605+0530] {dagbag.py:545} INFO - Filling up the DagBag from /home/logi/txtai/venv/lib/python3.10/site-packages/airflow/example_dags/example_dag_decorator.py
[2025-10-29T20:19:05.695+0530] {processor.py:840} INFO - DAG(s) 'example_dag_decorator' retrieved from /home/logi/txtai/venv/lib/python3.10/site-packages/airflow/example_dags/example_dag_decorator.py
[2025-10-29T20:19:05.771+0530] {logging_mixin.py:188} INFO - [2025-10-29T20:19:05.771+0530] {dag.py:3096} INFO - Sync 1 DAGs
[2025-10-29T20:19:05.779+0530] {logging_mixin.py:188} INFO - [2025-10-29T20:19:05.779+0530] {dag.py:3954} INFO - Setting next_dagrun for example_dag_decorator to None, run_after=None
[2025-10-29T20:19:05.811+0530] {processor.py:183} INFO - Processing /home/logi/txtai/venv/lib/python3.10/site-packages/airflow/example_dags/example_dag_decorator.py took 0.239 seconds
[2025-10-29T20:20:00.912+0530] {processor.py:161} INFO - Started process (PID=22391) to work on /home/logi/txtai/venv/lib/python3.10/site-packages/airflow/example_dags/example_dag_decorator.py
[2025-10-29T20:20:00.925+0530] {processor.py:830} INFO - Processing file /home/logi/txtai/venv/lib/python3.10/site-packages/airflow/example_dags/example_dag_decorator.py for tasks to queue
[2025-10-29T20:20:00.929+0530] {logging_mixin.py:188} INFO - [2025-10-29T20:20:00.929+0530] {dagbag.py:545} INFO - Filling up the DagBag from /home/logi/txtai/venv/lib/python3.10/site-packages/airflow/example_dags/example_dag_decorator.py
[2025-10-29T20:20:01.017+0530] {processor.py:840} INFO - DAG(s) 'example_dag_decorator' retrieved from /home/logi/txtai/venv/lib/python3.10/site-packages/airflow/example_dags/example_dag_decorator.py
[2025-10-29T20:20:01.036+0530] {logging_mixin.py:188} INFO - [2025-10-29T20:20:01.036+0530] {dag.py:3096} INFO - Sync 1 DAGs
[2025-10-29T20:20:01.045+0530] {logging_mixin.py:188} INFO - [2025-10-29T20:20:01.045+0530] {dag.py:3954} INFO - Setting next_dagrun for example_dag_decorator to None, run_after=None
[2025-10-29T20:20:01.076+0530] {processor.py:183} INFO - Processing /home/logi/txtai/venv/lib/python3.10/site-packages/airflow/example_dags/example_dag_decorator.py took 0.175 seconds
[2025-10-29T20:20:55.800+0530] {processor.py:161} INFO - Started process (PID=22469) to work on /home/logi/txtai/venv/lib/python3.10/site-packages/airflow/example_dags/example_dag_decorator.py
[2025-10-29T20:20:55.814+0530] {processor.py:830} INFO - Processing file /home/logi/txtai/venv/lib/python3.10/site-packages/airflow/example_dags/example_dag_decorator.py for tasks to queue
[2025-10-29T20:20:55.819+0530] {logging_mixin.py:188} INFO - [2025-10-29T20:20:55.818+0530] {dagbag.py:545} INFO - Filling up the DagBag from /home/logi/txtai/venv/lib/python3.10/site-packages/airflow/example_dags/example_dag_decorator.py
[2025-10-29T20:20:55.907+0530] {processor.py:840} INFO - DAG(s) 'example_dag_decorator' retrieved from /home/logi/txtai/venv/lib/python3.10/site-packages/airflow/example_dags/example_dag_decorator.py
[2025-10-29T20:20:55.924+0530] {logging_mixin.py:188} INFO - [2025-10-29T20:20:55.924+0530] {dag.py:3096} INFO - Sync 1 DAGs
[2025-10-29T20:20:55.933+0530] {logging_mixin.py:188} INFO - [2025-10-29T20:20:55.933+0530] {dag.py:3954} INFO - Setting next_dagrun for example_dag_decorator to None, run_after=None
[2025-10-29T20:20:55.954+0530] {processor.py:183} INFO - Processing /home/logi/txtai/venv/lib/python3.10/site-packages/airflow/example_dags/example_dag_decorator.py took 0.165 seconds
[2025-10-29T20:21:49.827+0530] {processor.py:161} INFO - Started process (PID=22538) to work on /home/logi/txtai/venv/lib/python3.10/site-packages/airflow/example_dags/example_dag_decorator.py
[2025-10-29T20:21:49.840+0530] {processor.py:830} INFO - Processing file /home/logi/txtai/venv/lib/python3.10/site-packages/airflow/example_dags/example_dag_decorator.py for tasks to queue
[2025-10-29T20:21:49.844+0530] {logging_mixin.py:188} INFO - [2025-10-29T20:21:49.843+0530] {dagbag.py:545} INFO - Filling up the DagBag from /home/logi/txtai/venv/lib/python3.10/site-packages/airflow/example_dags/example_dag_decorator.py
[2025-10-29T20:21:49.934+0530] {processor.py:840} INFO - DAG(s) 'example_dag_decorator' retrieved from /home/logi/txtai/venv/lib/python3.10/site-packages/airflow/example_dags/example_dag_decorator.py
[2025-10-29T20:21:49.950+0530] {logging_mixin.py:188} INFO - [2025-10-29T20:21:49.950+0530] {dag.py:3096} INFO - Sync 1 DAGs
[2025-10-29T20:21:49.959+0530] {logging_mixin.py:188} INFO - [2025-10-29T20:21:49.958+0530] {dag.py:3954} INFO - Setting next_dagrun for example_dag_decorator to None, run_after=None
[2025-10-29T20:21:49.989+0530] {processor.py:183} INFO - Processing /home/logi/txtai/venv/lib/python3.10/site-packages/airflow/example_dags/example_dag_decorator.py took 0.174 seconds
[2025-10-29T20:22:45.273+0530] {processor.py:161} INFO - Started process (PID=22608) to work on /home/logi/txtai/venv/lib/python3.10/site-packages/airflow/example_dags/example_dag_decorator.py
[2025-10-29T20:22:45.287+0530] {processor.py:830} INFO - Processing file /home/logi/txtai/venv/lib/python3.10/site-packages/airflow/example_dags/example_dag_decorator.py for tasks to queue
[2025-10-29T20:22:45.291+0530] {logging_mixin.py:188} INFO - [2025-10-29T20:22:45.291+0530] {dagbag.py:545} INFO - Filling up the DagBag from /home/logi/txtai/venv/lib/python3.10/site-packages/airflow/example_dags/example_dag_decorator.py
[2025-10-29T20:22:45.378+0530] {processor.py:840} INFO - DAG(s) 'example_dag_decorator' retrieved from /home/logi/txtai/venv/lib/python3.10/site-packages/airflow/example_dags/example_dag_decorator.py
[2025-10-29T20:22:45.396+0530] {logging_mixin.py:188} INFO - [2025-10-29T20:22:45.396+0530] {dag.py:3096} INFO - Sync 1 DAGs
[2025-10-29T20:22:45.408+0530] {logging_mixin.py:188} INFO - [2025-10-29T20:22:45.408+0530] {dag.py:3954} INFO - Setting next_dagrun for example_dag_decorator to None, run_after=None
[2025-10-29T20:22:45.438+0530] {processor.py:183} INFO - Processing /home/logi/txtai/venv/lib/python3.10/site-packages/airflow/example_dags/example_dag_decorator.py took 0.177 seconds
[2025-10-29T20:23:40.215+0530] {processor.py:161} INFO - Started process (PID=22686) to work on /home/logi/txtai/venv/lib/python3.10/site-packages/airflow/example_dags/example_dag_decorator.py
[2025-10-29T20:23:40.225+0530] {processor.py:830} INFO - Processing file /home/logi/txtai/venv/lib/python3.10/site-packages/airflow/example_dags/example_dag_decorator.py for tasks to queue
[2025-10-29T20:23:40.230+0530] {logging_mixin.py:188} INFO - [2025-10-29T20:23:40.229+0530] {dagbag.py:545} INFO - Filling up the DagBag from /home/logi/txtai/venv/lib/python3.10/site-packages/airflow/example_dags/example_dag_decorator.py
[2025-10-29T20:23:40.302+0530] {processor.py:840} INFO - DAG(s) 'example_dag_decorator' retrieved from /home/logi/txtai/venv/lib/python3.10/site-packages/airflow/example_dags/example_dag_decorator.py
[2025-10-29T20:23:40.319+0530] {logging_mixin.py:188} INFO - [2025-10-29T20:23:40.319+0530] {dag.py:3096} INFO - Sync 1 DAGs
[2025-10-29T20:23:40.328+0530] {logging_mixin.py:188} INFO - [2025-10-29T20:23:40.328+0530] {dag.py:3954} INFO - Setting next_dagrun for example_dag_decorator to None, run_after=None
[2025-10-29T20:23:40.347+0530] {processor.py:183} INFO - Processing /home/logi/txtai/venv/lib/python3.10/site-packages/airflow/example_dags/example_dag_decorator.py took 0.144 seconds
[2025-10-29T20:24:35.398+0530] {processor.py:161} INFO - Started process (PID=22811) to work on /home/logi/txtai/venv/lib/python3.10/site-packages/airflow/example_dags/example_dag_decorator.py
[2025-10-29T20:24:35.412+0530] {processor.py:830} INFO - Processing file /home/logi/txtai/venv/lib/python3.10/site-packages/airflow/example_dags/example_dag_decorator.py for tasks to queue
[2025-10-29T20:24:35.417+0530] {logging_mixin.py:188} INFO - [2025-10-29T20:24:35.416+0530] {dagbag.py:545} INFO - Filling up the DagBag from /home/logi/txtai/venv/lib/python3.10/site-packages/airflow/example_dags/example_dag_decorator.py
[2025-10-29T20:24:35.504+0530] {processor.py:840} INFO - DAG(s) 'example_dag_decorator' retrieved from /home/logi/txtai/venv/lib/python3.10/site-packages/airflow/example_dags/example_dag_decorator.py
[2025-10-29T20:24:35.524+0530] {logging_mixin.py:188} INFO - [2025-10-29T20:24:35.524+0530] {dag.py:3096} INFO - Sync 1 DAGs
[2025-10-29T20:24:35.534+0530] {logging_mixin.py:188} INFO - [2025-10-29T20:24:35.534+0530] {dag.py:3954} INFO - Setting next_dagrun for example_dag_decorator to None, run_after=None
[2025-10-29T20:24:35.565+0530] {processor.py:183} INFO - Processing /home/logi/txtai/venv/lib/python3.10/site-packages/airflow/example_dags/example_dag_decorator.py took 0.178 seconds
[2025-10-29T20:25:30.408+0530] {processor.py:161} INFO - Started process (PID=22919) to work on /home/logi/txtai/venv/lib/python3.10/site-packages/airflow/example_dags/example_dag_decorator.py
[2025-10-29T20:25:30.410+0530] {processor.py:830} INFO - Processing file /home/logi/txtai/venv/lib/python3.10/site-packages/airflow/example_dags/example_dag_decorator.py for tasks to queue
[2025-10-29T20:25:30.414+0530] {logging_mixin.py:188} INFO - [2025-10-29T20:25:30.414+0530] {dagbag.py:545} INFO - Filling up the DagBag from /home/logi/txtai/venv/lib/python3.10/site-packages/airflow/example_dags/example_dag_decorator.py
[2025-10-29T20:25:30.480+0530] {processor.py:840} INFO - DAG(s) 'example_dag_decorator' retrieved from /home/logi/txtai/venv/lib/python3.10/site-packages/airflow/example_dags/example_dag_decorator.py
[2025-10-29T20:25:30.495+0530] {logging_mixin.py:188} INFO - [2025-10-29T20:25:30.494+0530] {dag.py:3096} INFO - Sync 1 DAGs
[2025-10-29T20:25:30.504+0530] {logging_mixin.py:188} INFO - [2025-10-29T20:25:30.504+0530] {dag.py:3954} INFO - Setting next_dagrun for example_dag_decorator to None, run_after=None
[2025-10-29T20:25:30.520+0530] {processor.py:183} INFO - Processing /home/logi/txtai/venv/lib/python3.10/site-packages/airflow/example_dags/example_dag_decorator.py took 0.123 seconds
[2025-10-29T20:26:22.810+0530] {processor.py:161} INFO - Started process (PID=23141) to work on /home/logi/txtai/venv/lib/python3.10/site-packages/airflow/example_dags/example_dag_decorator.py
[2025-10-29T20:26:22.824+0530] {processor.py:830} INFO - Processing file /home/logi/txtai/venv/lib/python3.10/site-packages/airflow/example_dags/example_dag_decorator.py for tasks to queue
[2025-10-29T20:26:22.827+0530] {logging_mixin.py:188} INFO - [2025-10-29T20:26:22.827+0530] {dagbag.py:545} INFO - Filling up the DagBag from /home/logi/txtai/venv/lib/python3.10/site-packages/airflow/example_dags/example_dag_decorator.py
[2025-10-29T20:26:22.926+0530] {processor.py:840} INFO - DAG(s) 'example_dag_decorator' retrieved from /home/logi/txtai/venv/lib/python3.10/site-packages/airflow/example_dags/example_dag_decorator.py
[2025-10-29T20:26:23.001+0530] {logging_mixin.py:188} INFO - [2025-10-29T20:26:23.001+0530] {dag.py:3096} INFO - Sync 1 DAGs
[2025-10-29T20:26:23.009+0530] {logging_mixin.py:188} INFO - [2025-10-29T20:26:23.009+0530] {dag.py:3954} INFO - Setting next_dagrun for example_dag_decorator to None, run_after=None
[2025-10-29T20:26:23.042+0530] {processor.py:183} INFO - Processing /home/logi/txtai/venv/lib/python3.10/site-packages/airflow/example_dags/example_dag_decorator.py took 0.246 seconds
[2025-10-29T20:27:15.366+0530] {processor.py:161} INFO - Started process (PID=23221) to work on /home/logi/txtai/venv/lib/python3.10/site-packages/airflow/example_dags/example_dag_decorator.py
[2025-10-29T20:27:15.368+0530] {processor.py:830} INFO - Processing file /home/logi/txtai/venv/lib/python3.10/site-packages/airflow/example_dags/example_dag_decorator.py for tasks to queue
[2025-10-29T20:27:15.370+0530] {logging_mixin.py:188} INFO - [2025-10-29T20:27:15.370+0530] {dagbag.py:545} INFO - Filling up the DagBag from /home/logi/txtai/venv/lib/python3.10/site-packages/airflow/example_dags/example_dag_decorator.py
[2025-10-29T20:27:15.451+0530] {processor.py:840} INFO - DAG(s) 'example_dag_decorator' retrieved from /home/logi/txtai/venv/lib/python3.10/site-packages/airflow/example_dags/example_dag_decorator.py
[2025-10-29T20:27:15.469+0530] {logging_mixin.py:188} INFO - [2025-10-29T20:27:15.468+0530] {dag.py:3096} INFO - Sync 1 DAGs
[2025-10-29T20:27:15.478+0530] {logging_mixin.py:188} INFO - [2025-10-29T20:27:15.478+0530] {dag.py:3954} INFO - Setting next_dagrun for example_dag_decorator to None, run_after=None
[2025-10-29T20:27:15.510+0530] {processor.py:183} INFO - Processing /home/logi/txtai/venv/lib/python3.10/site-packages/airflow/example_dags/example_dag_decorator.py took 0.156 seconds
[2025-10-29T20:28:28.235+0530] {processor.py:161} INFO - Started process (PID=23338) to work on /home/logi/txtai/venv/lib/python3.10/site-packages/airflow/example_dags/example_dag_decorator.py
[2025-10-29T20:28:28.249+0530] {processor.py:830} INFO - Processing file /home/logi/txtai/venv/lib/python3.10/site-packages/airflow/example_dags/example_dag_decorator.py for tasks to queue
[2025-10-29T20:28:28.253+0530] {logging_mixin.py:188} INFO - [2025-10-29T20:28:28.252+0530] {dagbag.py:545} INFO - Filling up the DagBag from /home/logi/txtai/venv/lib/python3.10/site-packages/airflow/example_dags/example_dag_decorator.py
[2025-10-29T20:28:28.336+0530] {processor.py:840} INFO - DAG(s) 'example_dag_decorator' retrieved from /home/logi/txtai/venv/lib/python3.10/site-packages/airflow/example_dags/example_dag_decorator.py
[2025-10-29T20:28:28.357+0530] {logging_mixin.py:188} INFO - [2025-10-29T20:28:28.356+0530] {dag.py:3096} INFO - Sync 1 DAGs
[2025-10-29T20:28:28.366+0530] {logging_mixin.py:188} INFO - [2025-10-29T20:28:28.366+0530] {dag.py:3954} INFO - Setting next_dagrun for example_dag_decorator to None, run_after=None
[2025-10-29T20:28:28.397+0530] {processor.py:183} INFO - Processing /home/logi/txtai/venv/lib/python3.10/site-packages/airflow/example_dags/example_dag_decorator.py took 0.176 seconds
[2025-10-29T20:29:20.803+0530] {processor.py:161} INFO - Started process (PID=23405) to work on /home/logi/txtai/venv/lib/python3.10/site-packages/airflow/example_dags/example_dag_decorator.py
[2025-10-29T20:29:20.805+0530] {processor.py:830} INFO - Processing file /home/logi/txtai/venv/lib/python3.10/site-packages/airflow/example_dags/example_dag_decorator.py for tasks to queue
[2025-10-29T20:29:20.808+0530] {logging_mixin.py:188} INFO - [2025-10-29T20:29:20.807+0530] {dagbag.py:545} INFO - Filling up the DagBag from /home/logi/txtai/venv/lib/python3.10/site-packages/airflow/example_dags/example_dag_decorator.py
[2025-10-29T20:29:20.885+0530] {processor.py:840} INFO - DAG(s) 'example_dag_decorator' retrieved from /home/logi/txtai/venv/lib/python3.10/site-packages/airflow/example_dags/example_dag_decorator.py
[2025-10-29T20:29:20.903+0530] {logging_mixin.py:188} INFO - [2025-10-29T20:29:20.902+0530] {dag.py:3096} INFO - Sync 1 DAGs
[2025-10-29T20:29:20.912+0530] {logging_mixin.py:188} INFO - [2025-10-29T20:29:20.912+0530] {dag.py:3954} INFO - Setting next_dagrun for example_dag_decorator to None, run_after=None
[2025-10-29T20:29:20.947+0530] {processor.py:183} INFO - Processing /home/logi/txtai/venv/lib/python3.10/site-packages/airflow/example_dags/example_dag_decorator.py took 0.156 seconds
[2025-10-29T20:30:15.666+0530] {processor.py:161} INFO - Started process (PID=23517) to work on /home/logi/txtai/venv/lib/python3.10/site-packages/airflow/example_dags/example_dag_decorator.py
[2025-10-29T20:30:15.680+0530] {processor.py:830} INFO - Processing file /home/logi/txtai/venv/lib/python3.10/site-packages/airflow/example_dags/example_dag_decorator.py for tasks to queue
[2025-10-29T20:30:15.683+0530] {logging_mixin.py:188} INFO - [2025-10-29T20:30:15.682+0530] {dagbag.py:545} INFO - Filling up the DagBag from /home/logi/txtai/venv/lib/python3.10/site-packages/airflow/example_dags/example_dag_decorator.py
[2025-10-29T20:30:15.773+0530] {processor.py:840} INFO - DAG(s) 'example_dag_decorator' retrieved from /home/logi/txtai/venv/lib/python3.10/site-packages/airflow/example_dags/example_dag_decorator.py
[2025-10-29T20:30:15.790+0530] {logging_mixin.py:188} INFO - [2025-10-29T20:30:15.790+0530] {dag.py:3096} INFO - Sync 1 DAGs
[2025-10-29T20:30:15.800+0530] {logging_mixin.py:188} INFO - [2025-10-29T20:30:15.799+0530] {dag.py:3954} INFO - Setting next_dagrun for example_dag_decorator to None, run_after=None
[2025-10-29T20:30:15.831+0530] {processor.py:183} INFO - Processing /home/logi/txtai/venv/lib/python3.10/site-packages/airflow/example_dags/example_dag_decorator.py took 0.176 seconds
[2025-10-29T20:31:07.742+0530] {processor.py:161} INFO - Started process (PID=23592) to work on /home/logi/txtai/venv/lib/python3.10/site-packages/airflow/example_dags/example_dag_decorator.py
[2025-10-29T20:31:07.756+0530] {processor.py:830} INFO - Processing file /home/logi/txtai/venv/lib/python3.10/site-packages/airflow/example_dags/example_dag_decorator.py for tasks to queue
[2025-10-29T20:31:07.759+0530] {logging_mixin.py:188} INFO - [2025-10-29T20:31:07.758+0530] {dagbag.py:545} INFO - Filling up the DagBag from /home/logi/txtai/venv/lib/python3.10/site-packages/airflow/example_dags/example_dag_decorator.py
[2025-10-29T20:31:07.851+0530] {processor.py:840} INFO - DAG(s) 'example_dag_decorator' retrieved from /home/logi/txtai/venv/lib/python3.10/site-packages/airflow/example_dags/example_dag_decorator.py
[2025-10-29T20:31:07.872+0530] {logging_mixin.py:188} INFO - [2025-10-29T20:31:07.871+0530] {dag.py:3096} INFO - Sync 1 DAGs
[2025-10-29T20:31:07.883+0530] {logging_mixin.py:188} INFO - [2025-10-29T20:31:07.882+0530] {dag.py:3954} INFO - Setting next_dagrun for example_dag_decorator to None, run_after=None
[2025-10-29T20:31:07.918+0530] {processor.py:183} INFO - Processing /home/logi/txtai/venv/lib/python3.10/site-packages/airflow/example_dags/example_dag_decorator.py took 0.188 seconds
[2025-10-29T20:31:59.179+0530] {processor.py:161} INFO - Started process (PID=23665) to work on /home/logi/txtai/venv/lib/python3.10/site-packages/airflow/example_dags/example_dag_decorator.py
[2025-10-29T20:31:59.192+0530] {processor.py:830} INFO - Processing file /home/logi/txtai/venv/lib/python3.10/site-packages/airflow/example_dags/example_dag_decorator.py for tasks to queue
[2025-10-29T20:31:59.196+0530] {logging_mixin.py:188} INFO - [2025-10-29T20:31:59.195+0530] {dagbag.py:545} INFO - Filling up the DagBag from /home/logi/txtai/venv/lib/python3.10/site-packages/airflow/example_dags/example_dag_decorator.py
[2025-10-29T20:31:59.284+0530] {processor.py:840} INFO - DAG(s) 'example_dag_decorator' retrieved from /home/logi/txtai/venv/lib/python3.10/site-packages/airflow/example_dags/example_dag_decorator.py
[2025-10-29T20:31:59.302+0530] {logging_mixin.py:188} INFO - [2025-10-29T20:31:59.302+0530] {dag.py:3096} INFO - Sync 1 DAGs
[2025-10-29T20:31:59.312+0530] {logging_mixin.py:188} INFO - [2025-10-29T20:31:59.311+0530] {dag.py:3954} INFO - Setting next_dagrun for example_dag_decorator to None, run_after=None
[2025-10-29T20:31:59.342+0530] {processor.py:183} INFO - Processing /home/logi/txtai/venv/lib/python3.10/site-packages/airflow/example_dags/example_dag_decorator.py took 0.175 seconds
[2025-10-29T20:32:52.371+0530] {processor.py:161} INFO - Started process (PID=23731) to work on /home/logi/txtai/venv/lib/python3.10/site-packages/airflow/example_dags/example_dag_decorator.py
[2025-10-29T20:32:52.385+0530] {processor.py:830} INFO - Processing file /home/logi/txtai/venv/lib/python3.10/site-packages/airflow/example_dags/example_dag_decorator.py for tasks to queue
[2025-10-29T20:32:52.388+0530] {logging_mixin.py:188} INFO - [2025-10-29T20:32:52.387+0530] {dagbag.py:545} INFO - Filling up the DagBag from /home/logi/txtai/venv/lib/python3.10/site-packages/airflow/example_dags/example_dag_decorator.py
[2025-10-29T20:32:52.479+0530] {processor.py:840} INFO - DAG(s) 'example_dag_decorator' retrieved from /home/logi/txtai/venv/lib/python3.10/site-packages/airflow/example_dags/example_dag_decorator.py
[2025-10-29T20:32:52.498+0530] {logging_mixin.py:188} INFO - [2025-10-29T20:32:52.497+0530] {dag.py:3096} INFO - Sync 1 DAGs
[2025-10-29T20:32:52.508+0530] {logging_mixin.py:188} INFO - [2025-10-29T20:32:52.507+0530] {dag.py:3954} INFO - Setting next_dagrun for example_dag_decorator to None, run_after=None
[2025-10-29T20:32:52.538+0530] {processor.py:183} INFO - Processing /home/logi/txtai/venv/lib/python3.10/site-packages/airflow/example_dags/example_dag_decorator.py took 0.179 seconds
[2025-10-29T20:33:46.313+0530] {processor.py:161} INFO - Started process (PID=23814) to work on /home/logi/txtai/venv/lib/python3.10/site-packages/airflow/example_dags/example_dag_decorator.py
[2025-10-29T20:33:46.326+0530] {processor.py:830} INFO - Processing file /home/logi/txtai/venv/lib/python3.10/site-packages/airflow/example_dags/example_dag_decorator.py for tasks to queue
[2025-10-29T20:33:46.329+0530] {logging_mixin.py:188} INFO - [2025-10-29T20:33:46.328+0530] {dagbag.py:545} INFO - Filling up the DagBag from /home/logi/txtai/venv/lib/python3.10/site-packages/airflow/example_dags/example_dag_decorator.py
[2025-10-29T20:33:46.418+0530] {processor.py:840} INFO - DAG(s) 'example_dag_decorator' retrieved from /home/logi/txtai/venv/lib/python3.10/site-packages/airflow/example_dags/example_dag_decorator.py
[2025-10-29T20:33:46.436+0530] {logging_mixin.py:188} INFO - [2025-10-29T20:33:46.436+0530] {dag.py:3096} INFO - Sync 1 DAGs
[2025-10-29T20:33:46.447+0530] {logging_mixin.py:188} INFO - [2025-10-29T20:33:46.447+0530] {dag.py:3954} INFO - Setting next_dagrun for example_dag_decorator to None, run_after=None
[2025-10-29T20:33:46.477+0530] {processor.py:183} INFO - Processing /home/logi/txtai/venv/lib/python3.10/site-packages/airflow/example_dags/example_dag_decorator.py took 0.177 seconds
[2025-10-29T20:34:59.339+0530] {processor.py:161} INFO - Started process (PID=23952) to work on /home/logi/txtai/venv/lib/python3.10/site-packages/airflow/example_dags/example_dag_decorator.py
[2025-10-29T20:34:59.353+0530] {processor.py:830} INFO - Processing file /home/logi/txtai/venv/lib/python3.10/site-packages/airflow/example_dags/example_dag_decorator.py for tasks to queue
[2025-10-29T20:34:59.358+0530] {logging_mixin.py:188} INFO - [2025-10-29T20:34:59.357+0530] {dagbag.py:545} INFO - Filling up the DagBag from /home/logi/txtai/venv/lib/python3.10/site-packages/airflow/example_dags/example_dag_decorator.py
[2025-10-29T20:34:59.446+0530] {processor.py:840} INFO - DAG(s) 'example_dag_decorator' retrieved from /home/logi/txtai/venv/lib/python3.10/site-packages/airflow/example_dags/example_dag_decorator.py
[2025-10-29T20:34:59.519+0530] {logging_mixin.py:188} INFO - [2025-10-29T20:34:59.519+0530] {dag.py:3096} INFO - Sync 1 DAGs
[2025-10-29T20:34:59.528+0530] {logging_mixin.py:188} INFO - [2025-10-29T20:34:59.528+0530] {dag.py:3954} INFO - Setting next_dagrun for example_dag_decorator to None, run_after=None
[2025-10-29T20:34:59.724+0530] {processor.py:183} INFO - Processing /home/logi/txtai/venv/lib/python3.10/site-packages/airflow/example_dags/example_dag_decorator.py took 0.397 seconds
[2025-10-29T20:35:52.538+0530] {processor.py:161} INFO - Started process (PID=24031) to work on /home/logi/txtai/venv/lib/python3.10/site-packages/airflow/example_dags/example_dag_decorator.py
[2025-10-29T20:35:52.551+0530] {processor.py:830} INFO - Processing file /home/logi/txtai/venv/lib/python3.10/site-packages/airflow/example_dags/example_dag_decorator.py for tasks to queue
[2025-10-29T20:35:52.554+0530] {logging_mixin.py:188} INFO - [2025-10-29T20:35:52.553+0530] {dagbag.py:545} INFO - Filling up the DagBag from /home/logi/txtai/venv/lib/python3.10/site-packages/airflow/example_dags/example_dag_decorator.py
[2025-10-29T20:35:52.643+0530] {processor.py:840} INFO - DAG(s) 'example_dag_decorator' retrieved from /home/logi/txtai/venv/lib/python3.10/site-packages/airflow/example_dags/example_dag_decorator.py
[2025-10-29T20:35:52.714+0530] {logging_mixin.py:188} INFO - [2025-10-29T20:35:52.713+0530] {dag.py:3096} INFO - Sync 1 DAGs
[2025-10-29T20:35:52.721+0530] {logging_mixin.py:188} INFO - [2025-10-29T20:35:52.721+0530] {dag.py:3954} INFO - Setting next_dagrun for example_dag_decorator to None, run_after=None
[2025-10-29T20:35:52.753+0530] {processor.py:183} INFO - Processing /home/logi/txtai/venv/lib/python3.10/site-packages/airflow/example_dags/example_dag_decorator.py took 0.227 seconds
[2025-10-29T20:36:45.879+0530] {processor.py:161} INFO - Started process (PID=24095) to work on /home/logi/txtai/venv/lib/python3.10/site-packages/airflow/example_dags/example_dag_decorator.py
[2025-10-29T20:36:45.893+0530] {processor.py:830} INFO - Processing file /home/logi/txtai/venv/lib/python3.10/site-packages/airflow/example_dags/example_dag_decorator.py for tasks to queue
[2025-10-29T20:36:45.896+0530] {logging_mixin.py:188} INFO - [2025-10-29T20:36:45.895+0530] {dagbag.py:545} INFO - Filling up the DagBag from /home/logi/txtai/venv/lib/python3.10/site-packages/airflow/example_dags/example_dag_decorator.py
[2025-10-29T20:36:45.984+0530] {processor.py:840} INFO - DAG(s) 'example_dag_decorator' retrieved from /home/logi/txtai/venv/lib/python3.10/site-packages/airflow/example_dags/example_dag_decorator.py
[2025-10-29T20:36:46.004+0530] {logging_mixin.py:188} INFO - [2025-10-29T20:36:46.004+0530] {dag.py:3096} INFO - Sync 1 DAGs
[2025-10-29T20:36:46.014+0530] {logging_mixin.py:188} INFO - [2025-10-29T20:36:46.013+0530] {dag.py:3954} INFO - Setting next_dagrun for example_dag_decorator to None, run_after=None
[2025-10-29T20:36:46.044+0530] {processor.py:183} INFO - Processing /home/logi/txtai/venv/lib/python3.10/site-packages/airflow/example_dags/example_dag_decorator.py took 0.177 seconds
[2025-10-29T20:37:38.685+0530] {processor.py:161} INFO - Started process (PID=24165) to work on /home/logi/txtai/venv/lib/python3.10/site-packages/airflow/example_dags/example_dag_decorator.py
[2025-10-29T20:37:38.700+0530] {processor.py:830} INFO - Processing file /home/logi/txtai/venv/lib/python3.10/site-packages/airflow/example_dags/example_dag_decorator.py for tasks to queue
[2025-10-29T20:37:38.705+0530] {logging_mixin.py:188} INFO - [2025-10-29T20:37:38.702+0530] {dagbag.py:545} INFO - Filling up the DagBag from /home/logi/txtai/venv/lib/python3.10/site-packages/airflow/example_dags/example_dag_decorator.py
[2025-10-29T20:37:38.807+0530] {processor.py:840} INFO - DAG(s) 'example_dag_decorator' retrieved from /home/logi/txtai/venv/lib/python3.10/site-packages/airflow/example_dags/example_dag_decorator.py
[2025-10-29T20:37:38.827+0530] {logging_mixin.py:188} INFO - [2025-10-29T20:37:38.827+0530] {dag.py:3096} INFO - Sync 1 DAGs
[2025-10-29T20:37:38.841+0530] {logging_mixin.py:188} INFO - [2025-10-29T20:37:38.841+0530] {dag.py:3954} INFO - Setting next_dagrun for example_dag_decorator to None, run_after=None
[2025-10-29T20:37:38.876+0530] {processor.py:183} INFO - Processing /home/logi/txtai/venv/lib/python3.10/site-packages/airflow/example_dags/example_dag_decorator.py took 0.212 seconds
