[2025-10-29T19:30:03.902+0530] {processor.py:161} INFO - Started process (PID=16338) to work on /home/logi/txtai/venv/lib/python3.10/site-packages/airflow/example_dags/example_sensors.py
[2025-10-29T19:30:03.904+0530] {processor.py:830} INFO - Processing file /home/logi/txtai/venv/lib/python3.10/site-packages/airflow/example_dags/example_sensors.py for tasks to queue
[2025-10-29T19:30:03.907+0530] {logging_mixin.py:188} INFO - [2025-10-29T19:30:03.906+0530] {dagbag.py:545} INFO - Filling up the DagBag from /home/logi/txtai/venv/lib/python3.10/site-packages/airflow/example_dags/example_sensors.py
[2025-10-29T19:30:03.921+0530] {processor.py:840} INFO - DAG(s) 'example_sensors' retrieved from /home/logi/txtai/venv/lib/python3.10/site-packages/airflow/example_dags/example_sensors.py
[2025-10-29T19:30:04.009+0530] {logging_mixin.py:188} INFO - [2025-10-29T19:30:04.009+0530] {override.py:1829} INFO - Created Permission View: can read on DAG:example_sensors
[2025-10-29T19:30:04.018+0530] {logging_mixin.py:188} INFO - [2025-10-29T19:30:04.018+0530] {override.py:1829} INFO - Created Permission View: can edit on DAG:example_sensors
[2025-10-29T19:30:04.028+0530] {logging_mixin.py:188} INFO - [2025-10-29T19:30:04.028+0530] {override.py:1829} INFO - Created Permission View: can delete on DAG:example_sensors
[2025-10-29T19:30:04.029+0530] {logging_mixin.py:188} INFO - [2025-10-29T19:30:04.029+0530] {dag.py:3096} INFO - Sync 1 DAGs
[2025-10-29T19:30:04.043+0530] {logging_mixin.py:188} INFO - [2025-10-29T19:30:04.043+0530] {dag.py:3118} INFO - Creating ORM DAG for example_sensors
[2025-10-29T19:30:04.044+0530] {logging_mixin.py:188} INFO - [2025-10-29T19:30:04.044+0530] {dag.py:3954} INFO - Setting next_dagrun for example_sensors to None, run_after=None
[2025-10-29T19:30:04.072+0530] {processor.py:183} INFO - Processing /home/logi/txtai/venv/lib/python3.10/site-packages/airflow/example_dags/example_sensors.py took 0.180 seconds
[2025-10-29T19:30:59.535+0530] {processor.py:161} INFO - Started process (PID=16548) to work on /home/logi/txtai/venv/lib/python3.10/site-packages/airflow/example_dags/example_sensors.py
[2025-10-29T19:30:59.548+0530] {processor.py:830} INFO - Processing file /home/logi/txtai/venv/lib/python3.10/site-packages/airflow/example_dags/example_sensors.py for tasks to queue
[2025-10-29T19:30:59.550+0530] {logging_mixin.py:188} INFO - [2025-10-29T19:30:59.550+0530] {dagbag.py:545} INFO - Filling up the DagBag from /home/logi/txtai/venv/lib/python3.10/site-packages/airflow/example_dags/example_sensors.py
[2025-10-29T19:30:59.558+0530] {processor.py:840} INFO - DAG(s) 'example_sensors' retrieved from /home/logi/txtai/venv/lib/python3.10/site-packages/airflow/example_dags/example_sensors.py
[2025-10-29T19:30:59.584+0530] {logging_mixin.py:188} INFO - [2025-10-29T19:30:59.584+0530] {dag.py:3096} INFO - Sync 1 DAGs
[2025-10-29T19:30:59.593+0530] {logging_mixin.py:188} INFO - [2025-10-29T19:30:59.593+0530] {dag.py:3954} INFO - Setting next_dagrun for example_sensors to None, run_after=None
[2025-10-29T19:30:59.610+0530] {processor.py:183} INFO - Processing /home/logi/txtai/venv/lib/python3.10/site-packages/airflow/example_dags/example_sensors.py took 0.083 seconds
[2025-10-29T19:31:51.692+0530] {processor.py:161} INFO - Started process (PID=16635) to work on /home/logi/txtai/venv/lib/python3.10/site-packages/airflow/example_dags/example_sensors.py
[2025-10-29T19:31:51.705+0530] {processor.py:830} INFO - Processing file /home/logi/txtai/venv/lib/python3.10/site-packages/airflow/example_dags/example_sensors.py for tasks to queue
[2025-10-29T19:31:51.709+0530] {logging_mixin.py:188} INFO - [2025-10-29T19:31:51.708+0530] {dagbag.py:545} INFO - Filling up the DagBag from /home/logi/txtai/venv/lib/python3.10/site-packages/airflow/example_dags/example_sensors.py
[2025-10-29T19:31:51.724+0530] {processor.py:840} INFO - DAG(s) 'example_sensors' retrieved from /home/logi/txtai/venv/lib/python3.10/site-packages/airflow/example_dags/example_sensors.py
[2025-10-29T19:31:51.759+0530] {logging_mixin.py:188} INFO - [2025-10-29T19:31:51.759+0530] {dag.py:3096} INFO - Sync 1 DAGs
[2025-10-29T19:31:51.768+0530] {logging_mixin.py:188} INFO - [2025-10-29T19:31:51.768+0530] {dag.py:3954} INFO - Setting next_dagrun for example_sensors to None, run_after=None
[2025-10-29T19:31:51.786+0530] {processor.py:183} INFO - Processing /home/logi/txtai/venv/lib/python3.10/site-packages/airflow/example_dags/example_sensors.py took 0.105 seconds
[2025-10-29T19:32:42.601+0530] {processor.py:161} INFO - Started process (PID=16706) to work on /home/logi/txtai/venv/lib/python3.10/site-packages/airflow/example_dags/example_sensors.py
[2025-10-29T19:32:42.620+0530] {processor.py:830} INFO - Processing file /home/logi/txtai/venv/lib/python3.10/site-packages/airflow/example_dags/example_sensors.py for tasks to queue
[2025-10-29T19:32:42.622+0530] {logging_mixin.py:188} INFO - [2025-10-29T19:32:42.622+0530] {dagbag.py:545} INFO - Filling up the DagBag from /home/logi/txtai/venv/lib/python3.10/site-packages/airflow/example_dags/example_sensors.py
[2025-10-29T19:32:42.640+0530] {processor.py:840} INFO - DAG(s) 'example_sensors' retrieved from /home/logi/txtai/venv/lib/python3.10/site-packages/airflow/example_dags/example_sensors.py
[2025-10-29T19:32:42.674+0530] {logging_mixin.py:188} INFO - [2025-10-29T19:32:42.673+0530] {dag.py:3096} INFO - Sync 1 DAGs
[2025-10-29T19:32:42.684+0530] {logging_mixin.py:188} INFO - [2025-10-29T19:32:42.683+0530] {dag.py:3954} INFO - Setting next_dagrun for example_sensors to None, run_after=None
[2025-10-29T19:32:42.711+0530] {processor.py:183} INFO - Processing /home/logi/txtai/venv/lib/python3.10/site-packages/airflow/example_dags/example_sensors.py took 0.122 seconds
[2025-10-29T19:33:31.674+0530] {processor.py:161} INFO - Started process (PID=16858) to work on /home/logi/txtai/venv/lib/python3.10/site-packages/airflow/example_dags/example_sensors.py
[2025-10-29T19:33:31.687+0530] {processor.py:830} INFO - Processing file /home/logi/txtai/venv/lib/python3.10/site-packages/airflow/example_dags/example_sensors.py for tasks to queue
[2025-10-29T19:33:31.690+0530] {logging_mixin.py:188} INFO - [2025-10-29T19:33:31.689+0530] {dagbag.py:545} INFO - Filling up the DagBag from /home/logi/txtai/venv/lib/python3.10/site-packages/airflow/example_dags/example_sensors.py
[2025-10-29T19:33:31.706+0530] {processor.py:840} INFO - DAG(s) 'example_sensors' retrieved from /home/logi/txtai/venv/lib/python3.10/site-packages/airflow/example_dags/example_sensors.py
[2025-10-29T19:33:31.739+0530] {logging_mixin.py:188} INFO - [2025-10-29T19:33:31.739+0530] {dag.py:3096} INFO - Sync 1 DAGs
[2025-10-29T19:33:31.749+0530] {logging_mixin.py:188} INFO - [2025-10-29T19:33:31.748+0530] {dag.py:3954} INFO - Setting next_dagrun for example_sensors to None, run_after=None
[2025-10-29T19:33:31.777+0530] {processor.py:183} INFO - Processing /home/logi/txtai/venv/lib/python3.10/site-packages/airflow/example_dags/example_sensors.py took 0.114 seconds
[2025-10-29T19:34:19.912+0530] {processor.py:161} INFO - Started process (PID=16919) to work on /home/logi/txtai/venv/lib/python3.10/site-packages/airflow/example_dags/example_sensors.py
[2025-10-29T19:34:19.913+0530] {processor.py:830} INFO - Processing file /home/logi/txtai/venv/lib/python3.10/site-packages/airflow/example_dags/example_sensors.py for tasks to queue
[2025-10-29T19:34:19.916+0530] {logging_mixin.py:188} INFO - [2025-10-29T19:34:19.916+0530] {dagbag.py:545} INFO - Filling up the DagBag from /home/logi/txtai/venv/lib/python3.10/site-packages/airflow/example_dags/example_sensors.py
[2025-10-29T19:34:19.932+0530] {processor.py:840} INFO - DAG(s) 'example_sensors' retrieved from /home/logi/txtai/venv/lib/python3.10/site-packages/airflow/example_dags/example_sensors.py
[2025-10-29T19:34:19.958+0530] {logging_mixin.py:188} INFO - [2025-10-29T19:34:19.958+0530] {dag.py:3096} INFO - Sync 1 DAGs
[2025-10-29T19:34:19.968+0530] {logging_mixin.py:188} INFO - [2025-10-29T19:34:19.968+0530] {dag.py:3954} INFO - Setting next_dagrun for example_sensors to None, run_after=None
[2025-10-29T19:34:19.988+0530] {processor.py:183} INFO - Processing /home/logi/txtai/venv/lib/python3.10/site-packages/airflow/example_dags/example_sensors.py took 0.087 seconds
[2025-10-29T19:35:10.285+0530] {processor.py:161} INFO - Started process (PID=17018) to work on /home/logi/txtai/venv/lib/python3.10/site-packages/airflow/example_dags/example_sensors.py
[2025-10-29T19:35:10.299+0530] {processor.py:830} INFO - Processing file /home/logi/txtai/venv/lib/python3.10/site-packages/airflow/example_dags/example_sensors.py for tasks to queue
[2025-10-29T19:35:10.302+0530] {logging_mixin.py:188} INFO - [2025-10-29T19:35:10.301+0530] {dagbag.py:545} INFO - Filling up the DagBag from /home/logi/txtai/venv/lib/python3.10/site-packages/airflow/example_dags/example_sensors.py
[2025-10-29T19:35:10.318+0530] {processor.py:840} INFO - DAG(s) 'example_sensors' retrieved from /home/logi/txtai/venv/lib/python3.10/site-packages/airflow/example_dags/example_sensors.py
[2025-10-29T19:35:10.352+0530] {logging_mixin.py:188} INFO - [2025-10-29T19:35:10.352+0530] {dag.py:3096} INFO - Sync 1 DAGs
[2025-10-29T19:35:10.362+0530] {logging_mixin.py:188} INFO - [2025-10-29T19:35:10.362+0530] {dag.py:3954} INFO - Setting next_dagrun for example_sensors to None, run_after=None
[2025-10-29T19:35:10.382+0530] {processor.py:183} INFO - Processing /home/logi/txtai/venv/lib/python3.10/site-packages/airflow/example_dags/example_sensors.py took 0.108 seconds
[2025-10-29T19:35:59.307+0530] {processor.py:161} INFO - Started process (PID=17079) to work on /home/logi/txtai/venv/lib/python3.10/site-packages/airflow/example_dags/example_sensors.py
[2025-10-29T19:35:59.320+0530] {processor.py:830} INFO - Processing file /home/logi/txtai/venv/lib/python3.10/site-packages/airflow/example_dags/example_sensors.py for tasks to queue
[2025-10-29T19:35:59.323+0530] {logging_mixin.py:188} INFO - [2025-10-29T19:35:59.322+0530] {dagbag.py:545} INFO - Filling up the DagBag from /home/logi/txtai/venv/lib/python3.10/site-packages/airflow/example_dags/example_sensors.py
[2025-10-29T19:35:59.340+0530] {processor.py:840} INFO - DAG(s) 'example_sensors' retrieved from /home/logi/txtai/venv/lib/python3.10/site-packages/airflow/example_dags/example_sensors.py
[2025-10-29T19:35:59.373+0530] {logging_mixin.py:188} INFO - [2025-10-29T19:35:59.373+0530] {dag.py:3096} INFO - Sync 1 DAGs
[2025-10-29T19:35:59.384+0530] {logging_mixin.py:188} INFO - [2025-10-29T19:35:59.384+0530] {dag.py:3954} INFO - Setting next_dagrun for example_sensors to None, run_after=None
[2025-10-29T19:35:59.403+0530] {processor.py:183} INFO - Processing /home/logi/txtai/venv/lib/python3.10/site-packages/airflow/example_dags/example_sensors.py took 0.109 seconds
[2025-10-29T19:36:49.719+0530] {processor.py:161} INFO - Started process (PID=17349) to work on /home/logi/txtai/venv/lib/python3.10/site-packages/airflow/example_dags/example_sensors.py
[2025-10-29T19:36:49.732+0530] {processor.py:830} INFO - Processing file /home/logi/txtai/venv/lib/python3.10/site-packages/airflow/example_dags/example_sensors.py for tasks to queue
[2025-10-29T19:36:49.735+0530] {logging_mixin.py:188} INFO - [2025-10-29T19:36:49.734+0530] {dagbag.py:545} INFO - Filling up the DagBag from /home/logi/txtai/venv/lib/python3.10/site-packages/airflow/example_dags/example_sensors.py
[2025-10-29T19:36:49.750+0530] {processor.py:840} INFO - DAG(s) 'example_sensors' retrieved from /home/logi/txtai/venv/lib/python3.10/site-packages/airflow/example_dags/example_sensors.py
[2025-10-29T19:36:49.783+0530] {logging_mixin.py:188} INFO - [2025-10-29T19:36:49.783+0530] {dag.py:3096} INFO - Sync 1 DAGs
[2025-10-29T19:36:49.793+0530] {logging_mixin.py:188} INFO - [2025-10-29T19:36:49.793+0530] {dag.py:3954} INFO - Setting next_dagrun for example_sensors to None, run_after=None
[2025-10-29T19:36:49.815+0530] {processor.py:183} INFO - Processing /home/logi/txtai/venv/lib/python3.10/site-packages/airflow/example_dags/example_sensors.py took 0.107 seconds
[2025-10-29T19:37:42.084+0530] {processor.py:161} INFO - Started process (PID=17415) to work on /home/logi/txtai/venv/lib/python3.10/site-packages/airflow/example_dags/example_sensors.py
[2025-10-29T19:37:42.097+0530] {processor.py:830} INFO - Processing file /home/logi/txtai/venv/lib/python3.10/site-packages/airflow/example_dags/example_sensors.py for tasks to queue
[2025-10-29T19:37:42.100+0530] {logging_mixin.py:188} INFO - [2025-10-29T19:37:42.099+0530] {dagbag.py:545} INFO - Filling up the DagBag from /home/logi/txtai/venv/lib/python3.10/site-packages/airflow/example_dags/example_sensors.py
[2025-10-29T19:37:42.115+0530] {processor.py:840} INFO - DAG(s) 'example_sensors' retrieved from /home/logi/txtai/venv/lib/python3.10/site-packages/airflow/example_dags/example_sensors.py
[2025-10-29T19:37:42.149+0530] {logging_mixin.py:188} INFO - [2025-10-29T19:37:42.148+0530] {dag.py:3096} INFO - Sync 1 DAGs
[2025-10-29T19:37:42.159+0530] {logging_mixin.py:188} INFO - [2025-10-29T19:37:42.158+0530] {dag.py:3954} INFO - Setting next_dagrun for example_sensors to None, run_after=None
[2025-10-29T19:37:42.178+0530] {processor.py:183} INFO - Processing /home/logi/txtai/venv/lib/python3.10/site-packages/airflow/example_dags/example_sensors.py took 0.106 seconds
[2025-10-29T19:38:34.237+0530] {processor.py:161} INFO - Started process (PID=17478) to work on /home/logi/txtai/venv/lib/python3.10/site-packages/airflow/example_dags/example_sensors.py
[2025-10-29T19:38:34.250+0530] {processor.py:830} INFO - Processing file /home/logi/txtai/venv/lib/python3.10/site-packages/airflow/example_dags/example_sensors.py for tasks to queue
[2025-10-29T19:38:34.253+0530] {logging_mixin.py:188} INFO - [2025-10-29T19:38:34.253+0530] {dagbag.py:545} INFO - Filling up the DagBag from /home/logi/txtai/venv/lib/python3.10/site-packages/airflow/example_dags/example_sensors.py
[2025-10-29T19:38:34.269+0530] {processor.py:840} INFO - DAG(s) 'example_sensors' retrieved from /home/logi/txtai/venv/lib/python3.10/site-packages/airflow/example_dags/example_sensors.py
[2025-10-29T19:38:34.303+0530] {logging_mixin.py:188} INFO - [2025-10-29T19:38:34.303+0530] {dag.py:3096} INFO - Sync 1 DAGs
[2025-10-29T19:38:34.313+0530] {logging_mixin.py:188} INFO - [2025-10-29T19:38:34.312+0530] {dag.py:3954} INFO - Setting next_dagrun for example_sensors to None, run_after=None
[2025-10-29T19:38:34.333+0530] {processor.py:183} INFO - Processing /home/logi/txtai/venv/lib/python3.10/site-packages/airflow/example_dags/example_sensors.py took 0.107 seconds
[2025-10-29T19:39:26.115+0530] {processor.py:161} INFO - Started process (PID=17541) to work on /home/logi/txtai/venv/lib/python3.10/site-packages/airflow/example_dags/example_sensors.py
[2025-10-29T19:39:26.128+0530] {processor.py:830} INFO - Processing file /home/logi/txtai/venv/lib/python3.10/site-packages/airflow/example_dags/example_sensors.py for tasks to queue
[2025-10-29T19:39:26.132+0530] {logging_mixin.py:188} INFO - [2025-10-29T19:39:26.131+0530] {dagbag.py:545} INFO - Filling up the DagBag from /home/logi/txtai/venv/lib/python3.10/site-packages/airflow/example_dags/example_sensors.py
[2025-10-29T19:39:26.147+0530] {processor.py:840} INFO - DAG(s) 'example_sensors' retrieved from /home/logi/txtai/venv/lib/python3.10/site-packages/airflow/example_dags/example_sensors.py
[2025-10-29T19:39:26.182+0530] {logging_mixin.py:188} INFO - [2025-10-29T19:39:26.181+0530] {dag.py:3096} INFO - Sync 1 DAGs
[2025-10-29T19:39:26.193+0530] {logging_mixin.py:188} INFO - [2025-10-29T19:39:26.193+0530] {dag.py:3954} INFO - Setting next_dagrun for example_sensors to None, run_after=None
[2025-10-29T19:39:26.213+0530] {processor.py:183} INFO - Processing /home/logi/txtai/venv/lib/python3.10/site-packages/airflow/example_dags/example_sensors.py took 0.108 seconds
[2025-10-29T19:40:20.989+0530] {processor.py:161} INFO - Started process (PID=17678) to work on /home/logi/txtai/venv/lib/python3.10/site-packages/airflow/example_dags/example_sensors.py
[2025-10-29T19:40:20.999+0530] {processor.py:830} INFO - Processing file /home/logi/txtai/venv/lib/python3.10/site-packages/airflow/example_dags/example_sensors.py for tasks to queue
[2025-10-29T19:40:21.002+0530] {logging_mixin.py:188} INFO - [2025-10-29T19:40:21.001+0530] {dagbag.py:545} INFO - Filling up the DagBag from /home/logi/txtai/venv/lib/python3.10/site-packages/airflow/example_dags/example_sensors.py
[2025-10-29T19:40:21.018+0530] {processor.py:840} INFO - DAG(s) 'example_sensors' retrieved from /home/logi/txtai/venv/lib/python3.10/site-packages/airflow/example_dags/example_sensors.py
[2025-10-29T19:40:21.039+0530] {logging_mixin.py:188} INFO - [2025-10-29T19:40:21.038+0530] {dag.py:3096} INFO - Sync 1 DAGs
[2025-10-29T19:40:21.048+0530] {logging_mixin.py:188} INFO - [2025-10-29T19:40:21.048+0530] {dag.py:3954} INFO - Setting next_dagrun for example_sensors to None, run_after=None
[2025-10-29T19:40:21.067+0530] {processor.py:183} INFO - Processing /home/logi/txtai/venv/lib/python3.10/site-packages/airflow/example_dags/example_sensors.py took 0.089 seconds
[2025-10-29T19:41:09.674+0530] {processor.py:161} INFO - Started process (PID=17888) to work on /home/logi/txtai/venv/lib/python3.10/site-packages/airflow/example_dags/example_sensors.py
[2025-10-29T19:41:09.688+0530] {processor.py:830} INFO - Processing file /home/logi/txtai/venv/lib/python3.10/site-packages/airflow/example_dags/example_sensors.py for tasks to queue
[2025-10-29T19:41:09.691+0530] {logging_mixin.py:188} INFO - [2025-10-29T19:41:09.690+0530] {dagbag.py:545} INFO - Filling up the DagBag from /home/logi/txtai/venv/lib/python3.10/site-packages/airflow/example_dags/example_sensors.py
[2025-10-29T19:41:09.708+0530] {processor.py:840} INFO - DAG(s) 'example_sensors' retrieved from /home/logi/txtai/venv/lib/python3.10/site-packages/airflow/example_dags/example_sensors.py
[2025-10-29T19:41:09.742+0530] {logging_mixin.py:188} INFO - [2025-10-29T19:41:09.741+0530] {dag.py:3096} INFO - Sync 1 DAGs
[2025-10-29T19:41:09.751+0530] {logging_mixin.py:188} INFO - [2025-10-29T19:41:09.751+0530] {dag.py:3954} INFO - Setting next_dagrun for example_sensors to None, run_after=None
[2025-10-29T19:41:09.771+0530] {processor.py:183} INFO - Processing /home/logi/txtai/venv/lib/python3.10/site-packages/airflow/example_dags/example_sensors.py took 0.108 seconds
[2025-10-29T19:42:00.669+0530] {processor.py:161} INFO - Started process (PID=17966) to work on /home/logi/txtai/venv/lib/python3.10/site-packages/airflow/example_dags/example_sensors.py
[2025-10-29T19:42:00.683+0530] {processor.py:830} INFO - Processing file /home/logi/txtai/venv/lib/python3.10/site-packages/airflow/example_dags/example_sensors.py for tasks to queue
[2025-10-29T19:42:00.686+0530] {logging_mixin.py:188} INFO - [2025-10-29T19:42:00.685+0530] {dagbag.py:545} INFO - Filling up the DagBag from /home/logi/txtai/venv/lib/python3.10/site-packages/airflow/example_dags/example_sensors.py
[2025-10-29T19:42:00.703+0530] {processor.py:840} INFO - DAG(s) 'example_sensors' retrieved from /home/logi/txtai/venv/lib/python3.10/site-packages/airflow/example_dags/example_sensors.py
[2025-10-29T19:42:00.737+0530] {logging_mixin.py:188} INFO - [2025-10-29T19:42:00.737+0530] {dag.py:3096} INFO - Sync 1 DAGs
[2025-10-29T19:42:00.747+0530] {logging_mixin.py:188} INFO - [2025-10-29T19:42:00.747+0530] {dag.py:3954} INFO - Setting next_dagrun for example_sensors to None, run_after=None
[2025-10-29T19:42:00.767+0530] {processor.py:183} INFO - Processing /home/logi/txtai/venv/lib/python3.10/site-packages/airflow/example_dags/example_sensors.py took 0.110 seconds
[2025-10-29T19:42:53.008+0530] {processor.py:161} INFO - Started process (PID=18030) to work on /home/logi/txtai/venv/lib/python3.10/site-packages/airflow/example_dags/example_sensors.py
[2025-10-29T19:42:53.015+0530] {processor.py:830} INFO - Processing file /home/logi/txtai/venv/lib/python3.10/site-packages/airflow/example_dags/example_sensors.py for tasks to queue
[2025-10-29T19:42:53.018+0530] {logging_mixin.py:188} INFO - [2025-10-29T19:42:53.018+0530] {dagbag.py:545} INFO - Filling up the DagBag from /home/logi/txtai/venv/lib/python3.10/site-packages/airflow/example_dags/example_sensors.py
[2025-10-29T19:42:53.036+0530] {processor.py:840} INFO - DAG(s) 'example_sensors' retrieved from /home/logi/txtai/venv/lib/python3.10/site-packages/airflow/example_dags/example_sensors.py
[2025-10-29T19:42:53.065+0530] {logging_mixin.py:188} INFO - [2025-10-29T19:42:53.065+0530] {dag.py:3096} INFO - Sync 1 DAGs
[2025-10-29T19:42:53.075+0530] {logging_mixin.py:188} INFO - [2025-10-29T19:42:53.075+0530] {dag.py:3954} INFO - Setting next_dagrun for example_sensors to None, run_after=None
[2025-10-29T19:42:53.091+0530] {processor.py:183} INFO - Processing /home/logi/txtai/venv/lib/python3.10/site-packages/airflow/example_dags/example_sensors.py took 0.095 seconds
[2025-10-29T19:43:46.576+0530] {processor.py:161} INFO - Started process (PID=18126) to work on /home/logi/txtai/venv/lib/python3.10/site-packages/airflow/example_dags/example_sensors.py
[2025-10-29T19:43:46.590+0530] {processor.py:830} INFO - Processing file /home/logi/txtai/venv/lib/python3.10/site-packages/airflow/example_dags/example_sensors.py for tasks to queue
[2025-10-29T19:43:46.593+0530] {logging_mixin.py:188} INFO - [2025-10-29T19:43:46.592+0530] {dagbag.py:545} INFO - Filling up the DagBag from /home/logi/txtai/venv/lib/python3.10/site-packages/airflow/example_dags/example_sensors.py
[2025-10-29T19:43:46.609+0530] {processor.py:840} INFO - DAG(s) 'example_sensors' retrieved from /home/logi/txtai/venv/lib/python3.10/site-packages/airflow/example_dags/example_sensors.py
[2025-10-29T19:43:46.643+0530] {logging_mixin.py:188} INFO - [2025-10-29T19:43:46.643+0530] {dag.py:3096} INFO - Sync 1 DAGs
[2025-10-29T19:43:46.653+0530] {logging_mixin.py:188} INFO - [2025-10-29T19:43:46.653+0530] {dag.py:3954} INFO - Setting next_dagrun for example_sensors to None, run_after=None
[2025-10-29T19:43:46.673+0530] {processor.py:183} INFO - Processing /home/logi/txtai/venv/lib/python3.10/site-packages/airflow/example_dags/example_sensors.py took 0.109 seconds
[2025-10-29T19:44:38.809+0530] {processor.py:161} INFO - Started process (PID=18218) to work on /home/logi/txtai/venv/lib/python3.10/site-packages/airflow/example_dags/example_sensors.py
[2025-10-29T19:44:38.822+0530] {processor.py:830} INFO - Processing file /home/logi/txtai/venv/lib/python3.10/site-packages/airflow/example_dags/example_sensors.py for tasks to queue
[2025-10-29T19:44:38.825+0530] {logging_mixin.py:188} INFO - [2025-10-29T19:44:38.824+0530] {dagbag.py:545} INFO - Filling up the DagBag from /home/logi/txtai/venv/lib/python3.10/site-packages/airflow/example_dags/example_sensors.py
[2025-10-29T19:44:38.841+0530] {processor.py:840} INFO - DAG(s) 'example_sensors' retrieved from /home/logi/txtai/venv/lib/python3.10/site-packages/airflow/example_dags/example_sensors.py
[2025-10-29T19:44:38.876+0530] {logging_mixin.py:188} INFO - [2025-10-29T19:44:38.876+0530] {dag.py:3096} INFO - Sync 1 DAGs
[2025-10-29T19:44:38.886+0530] {logging_mixin.py:188} INFO - [2025-10-29T19:44:38.886+0530] {dag.py:3954} INFO - Setting next_dagrun for example_sensors to None, run_after=None
[2025-10-29T19:44:38.908+0530] {processor.py:183} INFO - Processing /home/logi/txtai/venv/lib/python3.10/site-packages/airflow/example_dags/example_sensors.py took 0.110 seconds
[2025-10-29T19:45:32.210+0530] {processor.py:161} INFO - Started process (PID=18299) to work on /home/logi/txtai/venv/lib/python3.10/site-packages/airflow/example_dags/example_sensors.py
[2025-10-29T19:45:32.224+0530] {processor.py:830} INFO - Processing file /home/logi/txtai/venv/lib/python3.10/site-packages/airflow/example_dags/example_sensors.py for tasks to queue
[2025-10-29T19:45:32.227+0530] {logging_mixin.py:188} INFO - [2025-10-29T19:45:32.226+0530] {dagbag.py:545} INFO - Filling up the DagBag from /home/logi/txtai/venv/lib/python3.10/site-packages/airflow/example_dags/example_sensors.py
[2025-10-29T19:45:32.245+0530] {processor.py:840} INFO - DAG(s) 'example_sensors' retrieved from /home/logi/txtai/venv/lib/python3.10/site-packages/airflow/example_dags/example_sensors.py
[2025-10-29T19:45:32.283+0530] {logging_mixin.py:188} INFO - [2025-10-29T19:45:32.283+0530] {dag.py:3096} INFO - Sync 1 DAGs
[2025-10-29T19:45:32.293+0530] {logging_mixin.py:188} INFO - [2025-10-29T19:45:32.293+0530] {dag.py:3954} INFO - Setting next_dagrun for example_sensors to None, run_after=None
[2025-10-29T19:45:32.313+0530] {processor.py:183} INFO - Processing /home/logi/txtai/venv/lib/python3.10/site-packages/airflow/example_dags/example_sensors.py took 0.116 seconds
[2025-10-29T19:46:27.853+0530] {processor.py:161} INFO - Started process (PID=18367) to work on /home/logi/txtai/venv/lib/python3.10/site-packages/airflow/example_dags/example_sensors.py
[2025-10-29T19:46:27.867+0530] {processor.py:830} INFO - Processing file /home/logi/txtai/venv/lib/python3.10/site-packages/airflow/example_dags/example_sensors.py for tasks to queue
[2025-10-29T19:46:27.870+0530] {logging_mixin.py:188} INFO - [2025-10-29T19:46:27.869+0530] {dagbag.py:545} INFO - Filling up the DagBag from /home/logi/txtai/venv/lib/python3.10/site-packages/airflow/example_dags/example_sensors.py
[2025-10-29T19:46:27.886+0530] {processor.py:840} INFO - DAG(s) 'example_sensors' retrieved from /home/logi/txtai/venv/lib/python3.10/site-packages/airflow/example_dags/example_sensors.py
[2025-10-29T19:46:27.921+0530] {logging_mixin.py:188} INFO - [2025-10-29T19:46:27.920+0530] {dag.py:3096} INFO - Sync 1 DAGs
[2025-10-29T19:46:27.936+0530] {logging_mixin.py:188} INFO - [2025-10-29T19:46:27.935+0530] {dag.py:3954} INFO - Setting next_dagrun for example_sensors to None, run_after=None
[2025-10-29T19:46:27.957+0530] {processor.py:183} INFO - Processing /home/logi/txtai/venv/lib/python3.10/site-packages/airflow/example_dags/example_sensors.py took 0.116 seconds
[2025-10-29T19:47:21.522+0530] {processor.py:161} INFO - Started process (PID=18432) to work on /home/logi/txtai/venv/lib/python3.10/site-packages/airflow/example_dags/example_sensors.py
[2025-10-29T19:47:21.535+0530] {processor.py:830} INFO - Processing file /home/logi/txtai/venv/lib/python3.10/site-packages/airflow/example_dags/example_sensors.py for tasks to queue
[2025-10-29T19:47:21.539+0530] {logging_mixin.py:188} INFO - [2025-10-29T19:47:21.538+0530] {dagbag.py:545} INFO - Filling up the DagBag from /home/logi/txtai/venv/lib/python3.10/site-packages/airflow/example_dags/example_sensors.py
[2025-10-29T19:47:21.556+0530] {processor.py:840} INFO - DAG(s) 'example_sensors' retrieved from /home/logi/txtai/venv/lib/python3.10/site-packages/airflow/example_dags/example_sensors.py
[2025-10-29T19:47:21.591+0530] {logging_mixin.py:188} INFO - [2025-10-29T19:47:21.591+0530] {dag.py:3096} INFO - Sync 1 DAGs
[2025-10-29T19:47:21.603+0530] {logging_mixin.py:188} INFO - [2025-10-29T19:47:21.603+0530] {dag.py:3954} INFO - Setting next_dagrun for example_sensors to None, run_after=None
[2025-10-29T19:47:21.637+0530] {processor.py:183} INFO - Processing /home/logi/txtai/venv/lib/python3.10/site-packages/airflow/example_dags/example_sensors.py took 0.131 seconds
[2025-10-29T19:48:13.948+0530] {processor.py:161} INFO - Started process (PID=18508) to work on /home/logi/txtai/venv/lib/python3.10/site-packages/airflow/example_dags/example_sensors.py
[2025-10-29T19:48:13.962+0530] {processor.py:830} INFO - Processing file /home/logi/txtai/venv/lib/python3.10/site-packages/airflow/example_dags/example_sensors.py for tasks to queue
[2025-10-29T19:48:13.965+0530] {logging_mixin.py:188} INFO - [2025-10-29T19:48:13.964+0530] {dagbag.py:545} INFO - Filling up the DagBag from /home/logi/txtai/venv/lib/python3.10/site-packages/airflow/example_dags/example_sensors.py
[2025-10-29T19:48:13.980+0530] {processor.py:840} INFO - DAG(s) 'example_sensors' retrieved from /home/logi/txtai/venv/lib/python3.10/site-packages/airflow/example_dags/example_sensors.py
[2025-10-29T19:48:14.015+0530] {logging_mixin.py:188} INFO - [2025-10-29T19:48:14.015+0530] {dag.py:3096} INFO - Sync 1 DAGs
[2025-10-29T19:48:14.026+0530] {logging_mixin.py:188} INFO - [2025-10-29T19:48:14.025+0530] {dag.py:3954} INFO - Setting next_dagrun for example_sensors to None, run_after=None
[2025-10-29T19:48:14.053+0530] {processor.py:183} INFO - Processing /home/logi/txtai/venv/lib/python3.10/site-packages/airflow/example_dags/example_sensors.py took 0.116 seconds
[2025-10-29T19:49:11.797+0530] {processor.py:161} INFO - Started process (PID=18647) to work on /home/logi/txtai/venv/lib/python3.10/site-packages/airflow/example_dags/example_sensors.py
[2025-10-29T19:49:11.799+0530] {processor.py:830} INFO - Processing file /home/logi/txtai/venv/lib/python3.10/site-packages/airflow/example_dags/example_sensors.py for tasks to queue
[2025-10-29T19:49:11.803+0530] {logging_mixin.py:188} INFO - [2025-10-29T19:49:11.802+0530] {dagbag.py:545} INFO - Filling up the DagBag from /home/logi/txtai/venv/lib/python3.10/site-packages/airflow/example_dags/example_sensors.py
[2025-10-29T19:49:11.819+0530] {processor.py:840} INFO - DAG(s) 'example_sensors' retrieved from /home/logi/txtai/venv/lib/python3.10/site-packages/airflow/example_dags/example_sensors.py
[2025-10-29T19:49:11.847+0530] {logging_mixin.py:188} INFO - [2025-10-29T19:49:11.847+0530] {dag.py:3096} INFO - Sync 1 DAGs
[2025-10-29T19:49:11.857+0530] {logging_mixin.py:188} INFO - [2025-10-29T19:49:11.857+0530] {dag.py:3954} INFO - Setting next_dagrun for example_sensors to None, run_after=None
[2025-10-29T19:49:11.883+0530] {processor.py:183} INFO - Processing /home/logi/txtai/venv/lib/python3.10/site-packages/airflow/example_dags/example_sensors.py took 0.098 seconds
[2025-10-29T19:50:07.783+0530] {processor.py:161} INFO - Started process (PID=18739) to work on /home/logi/txtai/venv/lib/python3.10/site-packages/airflow/example_dags/example_sensors.py
[2025-10-29T19:50:07.796+0530] {processor.py:830} INFO - Processing file /home/logi/txtai/venv/lib/python3.10/site-packages/airflow/example_dags/example_sensors.py for tasks to queue
[2025-10-29T19:50:07.799+0530] {logging_mixin.py:188} INFO - [2025-10-29T19:50:07.798+0530] {dagbag.py:545} INFO - Filling up the DagBag from /home/logi/txtai/venv/lib/python3.10/site-packages/airflow/example_dags/example_sensors.py
[2025-10-29T19:50:07.814+0530] {processor.py:840} INFO - DAG(s) 'example_sensors' retrieved from /home/logi/txtai/venv/lib/python3.10/site-packages/airflow/example_dags/example_sensors.py
[2025-10-29T19:50:07.833+0530] {logging_mixin.py:188} INFO - [2025-10-29T19:50:07.832+0530] {dag.py:3096} INFO - Sync 1 DAGs
[2025-10-29T19:50:07.843+0530] {logging_mixin.py:188} INFO - [2025-10-29T19:50:07.843+0530] {dag.py:3954} INFO - Setting next_dagrun for example_sensors to None, run_after=None
[2025-10-29T19:50:07.865+0530] {processor.py:183} INFO - Processing /home/logi/txtai/venv/lib/python3.10/site-packages/airflow/example_dags/example_sensors.py took 0.091 seconds
[2025-10-29T19:50:59.001+0530] {processor.py:161} INFO - Started process (PID=18805) to work on /home/logi/txtai/venv/lib/python3.10/site-packages/airflow/example_dags/example_sensors.py
[2025-10-29T19:50:59.014+0530] {processor.py:830} INFO - Processing file /home/logi/txtai/venv/lib/python3.10/site-packages/airflow/example_dags/example_sensors.py for tasks to queue
[2025-10-29T19:50:59.017+0530] {logging_mixin.py:188} INFO - [2025-10-29T19:50:59.017+0530] {dagbag.py:545} INFO - Filling up the DagBag from /home/logi/txtai/venv/lib/python3.10/site-packages/airflow/example_dags/example_sensors.py
[2025-10-29T19:50:59.032+0530] {processor.py:840} INFO - DAG(s) 'example_sensors' retrieved from /home/logi/txtai/venv/lib/python3.10/site-packages/airflow/example_dags/example_sensors.py
[2025-10-29T19:50:59.066+0530] {logging_mixin.py:188} INFO - [2025-10-29T19:50:59.066+0530] {dag.py:3096} INFO - Sync 1 DAGs
[2025-10-29T19:50:59.076+0530] {logging_mixin.py:188} INFO - [2025-10-29T19:50:59.076+0530] {dag.py:3954} INFO - Setting next_dagrun for example_sensors to None, run_after=None
[2025-10-29T19:50:59.102+0530] {processor.py:183} INFO - Processing /home/logi/txtai/venv/lib/python3.10/site-packages/airflow/example_dags/example_sensors.py took 0.112 seconds
[2025-10-29T19:51:53.254+0530] {processor.py:161} INFO - Started process (PID=18901) to work on /home/logi/txtai/venv/lib/python3.10/site-packages/airflow/example_dags/example_sensors.py
[2025-10-29T19:51:53.267+0530] {processor.py:830} INFO - Processing file /home/logi/txtai/venv/lib/python3.10/site-packages/airflow/example_dags/example_sensors.py for tasks to queue
[2025-10-29T19:51:53.270+0530] {logging_mixin.py:188} INFO - [2025-10-29T19:51:53.269+0530] {dagbag.py:545} INFO - Filling up the DagBag from /home/logi/txtai/venv/lib/python3.10/site-packages/airflow/example_dags/example_sensors.py
[2025-10-29T19:51:53.284+0530] {processor.py:840} INFO - DAG(s) 'example_sensors' retrieved from /home/logi/txtai/venv/lib/python3.10/site-packages/airflow/example_dags/example_sensors.py
[2025-10-29T19:51:53.316+0530] {logging_mixin.py:188} INFO - [2025-10-29T19:51:53.315+0530] {dag.py:3096} INFO - Sync 1 DAGs
[2025-10-29T19:51:53.325+0530] {logging_mixin.py:188} INFO - [2025-10-29T19:51:53.324+0530] {dag.py:3954} INFO - Setting next_dagrun for example_sensors to None, run_after=None
[2025-10-29T19:51:53.341+0530] {processor.py:183} INFO - Processing /home/logi/txtai/venv/lib/python3.10/site-packages/airflow/example_dags/example_sensors.py took 0.098 seconds
[2025-10-29T19:52:45.536+0530] {processor.py:161} INFO - Started process (PID=18964) to work on /home/logi/txtai/venv/lib/python3.10/site-packages/airflow/example_dags/example_sensors.py
[2025-10-29T19:52:45.539+0530] {processor.py:830} INFO - Processing file /home/logi/txtai/venv/lib/python3.10/site-packages/airflow/example_dags/example_sensors.py for tasks to queue
[2025-10-29T19:52:45.543+0530] {logging_mixin.py:188} INFO - [2025-10-29T19:52:45.542+0530] {dagbag.py:545} INFO - Filling up the DagBag from /home/logi/txtai/venv/lib/python3.10/site-packages/airflow/example_dags/example_sensors.py
[2025-10-29T19:52:45.562+0530] {processor.py:840} INFO - DAG(s) 'example_sensors' retrieved from /home/logi/txtai/venv/lib/python3.10/site-packages/airflow/example_dags/example_sensors.py
[2025-10-29T19:52:45.588+0530] {logging_mixin.py:188} INFO - [2025-10-29T19:52:45.587+0530] {dag.py:3096} INFO - Sync 1 DAGs
[2025-10-29T19:52:45.598+0530] {logging_mixin.py:188} INFO - [2025-10-29T19:52:45.598+0530] {dag.py:3954} INFO - Setting next_dagrun for example_sensors to None, run_after=None
[2025-10-29T19:52:45.620+0530] {processor.py:183} INFO - Processing /home/logi/txtai/venv/lib/python3.10/site-packages/airflow/example_dags/example_sensors.py took 0.096 seconds
[2025-10-29T19:53:35.515+0530] {processor.py:161} INFO - Started process (PID=19025) to work on /home/logi/txtai/venv/lib/python3.10/site-packages/airflow/example_dags/example_sensors.py
[2025-10-29T19:53:35.529+0530] {processor.py:830} INFO - Processing file /home/logi/txtai/venv/lib/python3.10/site-packages/airflow/example_dags/example_sensors.py for tasks to queue
[2025-10-29T19:53:35.532+0530] {logging_mixin.py:188} INFO - [2025-10-29T19:53:35.531+0530] {dagbag.py:545} INFO - Filling up the DagBag from /home/logi/txtai/venv/lib/python3.10/site-packages/airflow/example_dags/example_sensors.py
[2025-10-29T19:53:35.548+0530] {processor.py:840} INFO - DAG(s) 'example_sensors' retrieved from /home/logi/txtai/venv/lib/python3.10/site-packages/airflow/example_dags/example_sensors.py
[2025-10-29T19:53:35.584+0530] {logging_mixin.py:188} INFO - [2025-10-29T19:53:35.583+0530] {dag.py:3096} INFO - Sync 1 DAGs
[2025-10-29T19:53:35.594+0530] {logging_mixin.py:188} INFO - [2025-10-29T19:53:35.594+0530] {dag.py:3954} INFO - Setting next_dagrun for example_sensors to None, run_after=None
[2025-10-29T19:53:35.622+0530] {processor.py:183} INFO - Processing /home/logi/txtai/venv/lib/python3.10/site-packages/airflow/example_dags/example_sensors.py took 0.119 seconds
[2025-10-29T19:54:29.483+0530] {processor.py:161} INFO - Started process (PID=19101) to work on /home/logi/txtai/venv/lib/python3.10/site-packages/airflow/example_dags/example_sensors.py
[2025-10-29T19:54:29.496+0530] {processor.py:830} INFO - Processing file /home/logi/txtai/venv/lib/python3.10/site-packages/airflow/example_dags/example_sensors.py for tasks to queue
[2025-10-29T19:54:29.499+0530] {logging_mixin.py:188} INFO - [2025-10-29T19:54:29.498+0530] {dagbag.py:545} INFO - Filling up the DagBag from /home/logi/txtai/venv/lib/python3.10/site-packages/airflow/example_dags/example_sensors.py
[2025-10-29T19:54:29.514+0530] {processor.py:840} INFO - DAG(s) 'example_sensors' retrieved from /home/logi/txtai/venv/lib/python3.10/site-packages/airflow/example_dags/example_sensors.py
[2025-10-29T19:54:29.548+0530] {logging_mixin.py:188} INFO - [2025-10-29T19:54:29.548+0530] {dag.py:3096} INFO - Sync 1 DAGs
[2025-10-29T19:54:29.558+0530] {logging_mixin.py:188} INFO - [2025-10-29T19:54:29.558+0530] {dag.py:3954} INFO - Setting next_dagrun for example_sensors to None, run_after=None
[2025-10-29T19:54:29.586+0530] {processor.py:183} INFO - Processing /home/logi/txtai/venv/lib/python3.10/site-packages/airflow/example_dags/example_sensors.py took 0.115 seconds
[2025-10-29T19:55:26.146+0530] {processor.py:161} INFO - Started process (PID=19197) to work on /home/logi/txtai/venv/lib/python3.10/site-packages/airflow/example_dags/example_sensors.py
[2025-10-29T19:55:26.152+0530] {processor.py:830} INFO - Processing file /home/logi/txtai/venv/lib/python3.10/site-packages/airflow/example_dags/example_sensors.py for tasks to queue
[2025-10-29T19:55:26.155+0530] {logging_mixin.py:188} INFO - [2025-10-29T19:55:26.154+0530] {dagbag.py:545} INFO - Filling up the DagBag from /home/logi/txtai/venv/lib/python3.10/site-packages/airflow/example_dags/example_sensors.py
[2025-10-29T19:55:26.170+0530] {processor.py:840} INFO - DAG(s) 'example_sensors' retrieved from /home/logi/txtai/venv/lib/python3.10/site-packages/airflow/example_dags/example_sensors.py
[2025-10-29T19:55:26.199+0530] {logging_mixin.py:188} INFO - [2025-10-29T19:55:26.199+0530] {dag.py:3096} INFO - Sync 1 DAGs
[2025-10-29T19:55:26.209+0530] {logging_mixin.py:188} INFO - [2025-10-29T19:55:26.209+0530] {dag.py:3954} INFO - Setting next_dagrun for example_sensors to None, run_after=None
[2025-10-29T19:55:26.235+0530] {processor.py:183} INFO - Processing /home/logi/txtai/venv/lib/python3.10/site-packages/airflow/example_dags/example_sensors.py took 0.100 seconds
[2025-10-29T19:56:20.215+0530] {processor.py:161} INFO - Started process (PID=19265) to work on /home/logi/txtai/venv/lib/python3.10/site-packages/airflow/example_dags/example_sensors.py
[2025-10-29T19:56:20.228+0530] {processor.py:830} INFO - Processing file /home/logi/txtai/venv/lib/python3.10/site-packages/airflow/example_dags/example_sensors.py for tasks to queue
[2025-10-29T19:56:20.231+0530] {logging_mixin.py:188} INFO - [2025-10-29T19:56:20.230+0530] {dagbag.py:545} INFO - Filling up the DagBag from /home/logi/txtai/venv/lib/python3.10/site-packages/airflow/example_dags/example_sensors.py
[2025-10-29T19:56:20.246+0530] {processor.py:840} INFO - DAG(s) 'example_sensors' retrieved from /home/logi/txtai/venv/lib/python3.10/site-packages/airflow/example_dags/example_sensors.py
[2025-10-29T19:56:20.278+0530] {logging_mixin.py:188} INFO - [2025-10-29T19:56:20.278+0530] {dag.py:3096} INFO - Sync 1 DAGs
[2025-10-29T19:56:20.287+0530] {logging_mixin.py:188} INFO - [2025-10-29T19:56:20.287+0530] {dag.py:3954} INFO - Setting next_dagrun for example_sensors to None, run_after=None
[2025-10-29T19:56:20.304+0530] {processor.py:183} INFO - Processing /home/logi/txtai/venv/lib/python3.10/site-packages/airflow/example_dags/example_sensors.py took 0.099 seconds
[2025-10-29T19:57:14.723+0530] {processor.py:161} INFO - Started process (PID=19347) to work on /home/logi/txtai/venv/lib/python3.10/site-packages/airflow/example_dags/example_sensors.py
[2025-10-29T19:57:14.737+0530] {processor.py:830} INFO - Processing file /home/logi/txtai/venv/lib/python3.10/site-packages/airflow/example_dags/example_sensors.py for tasks to queue
[2025-10-29T19:57:14.740+0530] {logging_mixin.py:188} INFO - [2025-10-29T19:57:14.739+0530] {dagbag.py:545} INFO - Filling up the DagBag from /home/logi/txtai/venv/lib/python3.10/site-packages/airflow/example_dags/example_sensors.py
[2025-10-29T19:57:14.756+0530] {processor.py:840} INFO - DAG(s) 'example_sensors' retrieved from /home/logi/txtai/venv/lib/python3.10/site-packages/airflow/example_dags/example_sensors.py
[2025-10-29T19:57:14.791+0530] {logging_mixin.py:188} INFO - [2025-10-29T19:57:14.790+0530] {dag.py:3096} INFO - Sync 1 DAGs
[2025-10-29T19:57:14.801+0530] {logging_mixin.py:188} INFO - [2025-10-29T19:57:14.801+0530] {dag.py:3954} INFO - Setting next_dagrun for example_sensors to None, run_after=None
[2025-10-29T19:57:14.829+0530] {processor.py:183} INFO - Processing /home/logi/txtai/venv/lib/python3.10/site-packages/airflow/example_dags/example_sensors.py took 0.118 seconds
[2025-10-29T19:58:11.812+0530] {processor.py:161} INFO - Started process (PID=19441) to work on /home/logi/txtai/venv/lib/python3.10/site-packages/airflow/example_dags/example_sensors.py
[2025-10-29T19:58:11.814+0530] {processor.py:830} INFO - Processing file /home/logi/txtai/venv/lib/python3.10/site-packages/airflow/example_dags/example_sensors.py for tasks to queue
[2025-10-29T19:58:11.817+0530] {logging_mixin.py:188} INFO - [2025-10-29T19:58:11.816+0530] {dagbag.py:545} INFO - Filling up the DagBag from /home/logi/txtai/venv/lib/python3.10/site-packages/airflow/example_dags/example_sensors.py
[2025-10-29T19:58:11.838+0530] {processor.py:840} INFO - DAG(s) 'example_sensors' retrieved from /home/logi/txtai/venv/lib/python3.10/site-packages/airflow/example_dags/example_sensors.py
[2025-10-29T19:58:11.874+0530] {logging_mixin.py:188} INFO - [2025-10-29T19:58:11.873+0530] {dag.py:3096} INFO - Sync 1 DAGs
[2025-10-29T19:58:11.888+0530] {logging_mixin.py:188} INFO - [2025-10-29T19:58:11.888+0530] {dag.py:3954} INFO - Setting next_dagrun for example_sensors to None, run_after=None
[2025-10-29T19:58:11.919+0530] {processor.py:183} INFO - Processing /home/logi/txtai/venv/lib/python3.10/site-packages/airflow/example_dags/example_sensors.py took 0.119 seconds
[2025-10-29T19:59:08.270+0530] {processor.py:161} INFO - Started process (PID=19629) to work on /home/logi/txtai/venv/lib/python3.10/site-packages/airflow/example_dags/example_sensors.py
[2025-10-29T19:59:08.283+0530] {processor.py:830} INFO - Processing file /home/logi/txtai/venv/lib/python3.10/site-packages/airflow/example_dags/example_sensors.py for tasks to queue
[2025-10-29T19:59:08.285+0530] {logging_mixin.py:188} INFO - [2025-10-29T19:59:08.285+0530] {dagbag.py:545} INFO - Filling up the DagBag from /home/logi/txtai/venv/lib/python3.10/site-packages/airflow/example_dags/example_sensors.py
[2025-10-29T19:59:08.294+0530] {processor.py:840} INFO - DAG(s) 'example_sensors' retrieved from /home/logi/txtai/venv/lib/python3.10/site-packages/airflow/example_dags/example_sensors.py
[2025-10-29T19:59:08.313+0530] {logging_mixin.py:188} INFO - [2025-10-29T19:59:08.313+0530] {dag.py:3096} INFO - Sync 1 DAGs
[2025-10-29T19:59:08.325+0530] {logging_mixin.py:188} INFO - [2025-10-29T19:59:08.324+0530] {dag.py:3954} INFO - Setting next_dagrun for example_sensors to None, run_after=None
[2025-10-29T19:59:08.350+0530] {processor.py:183} INFO - Processing /home/logi/txtai/venv/lib/python3.10/site-packages/airflow/example_dags/example_sensors.py took 0.086 seconds
[2025-10-29T19:59:59.523+0530] {processor.py:161} INFO - Started process (PID=19731) to work on /home/logi/txtai/venv/lib/python3.10/site-packages/airflow/example_dags/example_sensors.py
[2025-10-29T19:59:59.536+0530] {processor.py:830} INFO - Processing file /home/logi/txtai/venv/lib/python3.10/site-packages/airflow/example_dags/example_sensors.py for tasks to queue
[2025-10-29T19:59:59.539+0530] {logging_mixin.py:188} INFO - [2025-10-29T19:59:59.539+0530] {dagbag.py:545} INFO - Filling up the DagBag from /home/logi/txtai/venv/lib/python3.10/site-packages/airflow/example_dags/example_sensors.py
[2025-10-29T19:59:59.556+0530] {processor.py:840} INFO - DAG(s) 'example_sensors' retrieved from /home/logi/txtai/venv/lib/python3.10/site-packages/airflow/example_dags/example_sensors.py
[2025-10-29T19:59:59.591+0530] {logging_mixin.py:188} INFO - [2025-10-29T19:59:59.590+0530] {dag.py:3096} INFO - Sync 1 DAGs
[2025-10-29T19:59:59.601+0530] {logging_mixin.py:188} INFO - [2025-10-29T19:59:59.601+0530] {dag.py:3954} INFO - Setting next_dagrun for example_sensors to None, run_after=None
[2025-10-29T19:59:59.629+0530] {processor.py:183} INFO - Processing /home/logi/txtai/venv/lib/python3.10/site-packages/airflow/example_dags/example_sensors.py took 0.117 seconds
[2025-10-29T20:00:54.647+0530] {processor.py:161} INFO - Started process (PID=19855) to work on /home/logi/txtai/venv/lib/python3.10/site-packages/airflow/example_dags/example_sensors.py
[2025-10-29T20:00:54.668+0530] {processor.py:830} INFO - Processing file /home/logi/txtai/venv/lib/python3.10/site-packages/airflow/example_dags/example_sensors.py for tasks to queue
[2025-10-29T20:00:54.684+0530] {logging_mixin.py:188} INFO - [2025-10-29T20:00:54.681+0530] {dagbag.py:545} INFO - Filling up the DagBag from /home/logi/txtai/venv/lib/python3.10/site-packages/airflow/example_dags/example_sensors.py
[2025-10-29T20:00:54.717+0530] {processor.py:840} INFO - DAG(s) 'example_sensors' retrieved from /home/logi/txtai/venv/lib/python3.10/site-packages/airflow/example_dags/example_sensors.py
[2025-10-29T20:00:54.755+0530] {logging_mixin.py:188} INFO - [2025-10-29T20:00:54.754+0530] {dag.py:3096} INFO - Sync 1 DAGs
[2025-10-29T20:00:54.779+0530] {logging_mixin.py:188} INFO - [2025-10-29T20:00:54.778+0530] {dag.py:3954} INFO - Setting next_dagrun for example_sensors to None, run_after=None
[2025-10-29T20:00:54.835+0530] {processor.py:183} INFO - Processing /home/logi/txtai/venv/lib/python3.10/site-packages/airflow/example_dags/example_sensors.py took 0.234 seconds
[2025-10-29T20:01:50.754+0530] {processor.py:161} INFO - Started process (PID=19992) to work on /home/logi/txtai/venv/lib/python3.10/site-packages/airflow/example_dags/example_sensors.py
[2025-10-29T20:01:50.768+0530] {processor.py:830} INFO - Processing file /home/logi/txtai/venv/lib/python3.10/site-packages/airflow/example_dags/example_sensors.py for tasks to queue
[2025-10-29T20:01:50.771+0530] {logging_mixin.py:188} INFO - [2025-10-29T20:01:50.771+0530] {dagbag.py:545} INFO - Filling up the DagBag from /home/logi/txtai/venv/lib/python3.10/site-packages/airflow/example_dags/example_sensors.py
[2025-10-29T20:01:50.787+0530] {processor.py:840} INFO - DAG(s) 'example_sensors' retrieved from /home/logi/txtai/venv/lib/python3.10/site-packages/airflow/example_dags/example_sensors.py
[2025-10-29T20:01:50.820+0530] {logging_mixin.py:188} INFO - [2025-10-29T20:01:50.820+0530] {dag.py:3096} INFO - Sync 1 DAGs
[2025-10-29T20:01:50.830+0530] {logging_mixin.py:188} INFO - [2025-10-29T20:01:50.830+0530] {dag.py:3954} INFO - Setting next_dagrun for example_sensors to None, run_after=None
[2025-10-29T20:01:50.852+0530] {processor.py:183} INFO - Processing /home/logi/txtai/venv/lib/python3.10/site-packages/airflow/example_dags/example_sensors.py took 0.111 seconds
[2025-10-29T20:02:46.361+0530] {processor.py:161} INFO - Started process (PID=20107) to work on /home/logi/txtai/venv/lib/python3.10/site-packages/airflow/example_dags/example_sensors.py
[2025-10-29T20:02:46.374+0530] {processor.py:830} INFO - Processing file /home/logi/txtai/venv/lib/python3.10/site-packages/airflow/example_dags/example_sensors.py for tasks to queue
[2025-10-29T20:02:46.378+0530] {logging_mixin.py:188} INFO - [2025-10-29T20:02:46.377+0530] {dagbag.py:545} INFO - Filling up the DagBag from /home/logi/txtai/venv/lib/python3.10/site-packages/airflow/example_dags/example_sensors.py
[2025-10-29T20:02:46.394+0530] {processor.py:840} INFO - DAG(s) 'example_sensors' retrieved from /home/logi/txtai/venv/lib/python3.10/site-packages/airflow/example_dags/example_sensors.py
[2025-10-29T20:02:46.427+0530] {logging_mixin.py:188} INFO - [2025-10-29T20:02:46.427+0530] {dag.py:3096} INFO - Sync 1 DAGs
[2025-10-29T20:02:46.438+0530] {logging_mixin.py:188} INFO - [2025-10-29T20:02:46.437+0530] {dag.py:3954} INFO - Setting next_dagrun for example_sensors to None, run_after=None
[2025-10-29T20:02:46.466+0530] {processor.py:183} INFO - Processing /home/logi/txtai/venv/lib/python3.10/site-packages/airflow/example_dags/example_sensors.py took 0.120 seconds
[2025-10-29T20:03:44.650+0530] {processor.py:161} INFO - Started process (PID=20223) to work on /home/logi/txtai/venv/lib/python3.10/site-packages/airflow/example_dags/example_sensors.py
[2025-10-29T20:03:44.666+0530] {processor.py:830} INFO - Processing file /home/logi/txtai/venv/lib/python3.10/site-packages/airflow/example_dags/example_sensors.py for tasks to queue
[2025-10-29T20:03:44.673+0530] {logging_mixin.py:188} INFO - [2025-10-29T20:03:44.673+0530] {dagbag.py:545} INFO - Filling up the DagBag from /home/logi/txtai/venv/lib/python3.10/site-packages/airflow/example_dags/example_sensors.py
[2025-10-29T20:03:44.682+0530] {processor.py:840} INFO - DAG(s) 'example_sensors' retrieved from /home/logi/txtai/venv/lib/python3.10/site-packages/airflow/example_dags/example_sensors.py
[2025-10-29T20:03:44.703+0530] {logging_mixin.py:188} INFO - [2025-10-29T20:03:44.703+0530] {dag.py:3096} INFO - Sync 1 DAGs
[2025-10-29T20:03:44.713+0530] {logging_mixin.py:188} INFO - [2025-10-29T20:03:44.713+0530] {dag.py:3954} INFO - Setting next_dagrun for example_sensors to None, run_after=None
[2025-10-29T20:03:44.733+0530] {processor.py:183} INFO - Processing /home/logi/txtai/venv/lib/python3.10/site-packages/airflow/example_dags/example_sensors.py took 0.099 seconds
[2025-10-29T20:04:49.201+0530] {processor.py:161} INFO - Started process (PID=20375) to work on /home/logi/txtai/venv/lib/python3.10/site-packages/airflow/example_dags/example_sensors.py
[2025-10-29T20:04:49.215+0530] {processor.py:830} INFO - Processing file /home/logi/txtai/venv/lib/python3.10/site-packages/airflow/example_dags/example_sensors.py for tasks to queue
[2025-10-29T20:04:49.218+0530] {logging_mixin.py:188} INFO - [2025-10-29T20:04:49.217+0530] {dagbag.py:545} INFO - Filling up the DagBag from /home/logi/txtai/venv/lib/python3.10/site-packages/airflow/example_dags/example_sensors.py
[2025-10-29T20:04:49.234+0530] {processor.py:840} INFO - DAG(s) 'example_sensors' retrieved from /home/logi/txtai/venv/lib/python3.10/site-packages/airflow/example_dags/example_sensors.py
[2025-10-29T20:04:49.267+0530] {logging_mixin.py:188} INFO - [2025-10-29T20:04:49.267+0530] {dag.py:3096} INFO - Sync 1 DAGs
[2025-10-29T20:04:49.277+0530] {logging_mixin.py:188} INFO - [2025-10-29T20:04:49.277+0530] {dag.py:3954} INFO - Setting next_dagrun for example_sensors to None, run_after=None
[2025-10-29T20:04:49.308+0530] {processor.py:183} INFO - Processing /home/logi/txtai/venv/lib/python3.10/site-packages/airflow/example_dags/example_sensors.py took 0.118 seconds
[2025-10-29T20:05:51.262+0530] {processor.py:161} INFO - Started process (PID=20499) to work on /home/logi/txtai/venv/lib/python3.10/site-packages/airflow/example_dags/example_sensors.py
[2025-10-29T20:05:51.275+0530] {processor.py:830} INFO - Processing file /home/logi/txtai/venv/lib/python3.10/site-packages/airflow/example_dags/example_sensors.py for tasks to queue
[2025-10-29T20:05:51.278+0530] {logging_mixin.py:188} INFO - [2025-10-29T20:05:51.278+0530] {dagbag.py:545} INFO - Filling up the DagBag from /home/logi/txtai/venv/lib/python3.10/site-packages/airflow/example_dags/example_sensors.py
[2025-10-29T20:05:51.293+0530] {processor.py:840} INFO - DAG(s) 'example_sensors' retrieved from /home/logi/txtai/venv/lib/python3.10/site-packages/airflow/example_dags/example_sensors.py
[2025-10-29T20:05:51.327+0530] {logging_mixin.py:188} INFO - [2025-10-29T20:05:51.327+0530] {dag.py:3096} INFO - Sync 1 DAGs
[2025-10-29T20:05:51.338+0530] {logging_mixin.py:188} INFO - [2025-10-29T20:05:51.337+0530] {dag.py:3954} INFO - Setting next_dagrun for example_sensors to None, run_after=None
[2025-10-29T20:05:51.359+0530] {processor.py:183} INFO - Processing /home/logi/txtai/venv/lib/python3.10/site-packages/airflow/example_dags/example_sensors.py took 0.108 seconds
[2025-10-29T20:06:48.475+0530] {processor.py:161} INFO - Started process (PID=20610) to work on /home/logi/txtai/venv/lib/python3.10/site-packages/airflow/example_dags/example_sensors.py
[2025-10-29T20:06:48.489+0530] {processor.py:830} INFO - Processing file /home/logi/txtai/venv/lib/python3.10/site-packages/airflow/example_dags/example_sensors.py for tasks to queue
[2025-10-29T20:06:48.492+0530] {logging_mixin.py:188} INFO - [2025-10-29T20:06:48.491+0530] {dagbag.py:545} INFO - Filling up the DagBag from /home/logi/txtai/venv/lib/python3.10/site-packages/airflow/example_dags/example_sensors.py
[2025-10-29T20:06:48.500+0530] {processor.py:840} INFO - DAG(s) 'example_sensors' retrieved from /home/logi/txtai/venv/lib/python3.10/site-packages/airflow/example_dags/example_sensors.py
[2025-10-29T20:06:48.520+0530] {logging_mixin.py:188} INFO - [2025-10-29T20:06:48.520+0530] {dag.py:3096} INFO - Sync 1 DAGs
[2025-10-29T20:06:48.530+0530] {logging_mixin.py:188} INFO - [2025-10-29T20:06:48.530+0530] {dag.py:3954} INFO - Setting next_dagrun for example_sensors to None, run_after=None
[2025-10-29T20:06:48.552+0530] {processor.py:183} INFO - Processing /home/logi/txtai/venv/lib/python3.10/site-packages/airflow/example_dags/example_sensors.py took 0.083 seconds
[2025-10-29T20:07:44.573+0530] {processor.py:161} INFO - Started process (PID=20720) to work on /home/logi/txtai/venv/lib/python3.10/site-packages/airflow/example_dags/example_sensors.py
[2025-10-29T20:07:44.587+0530] {processor.py:830} INFO - Processing file /home/logi/txtai/venv/lib/python3.10/site-packages/airflow/example_dags/example_sensors.py for tasks to queue
[2025-10-29T20:07:44.590+0530] {logging_mixin.py:188} INFO - [2025-10-29T20:07:44.590+0530] {dagbag.py:545} INFO - Filling up the DagBag from /home/logi/txtai/venv/lib/python3.10/site-packages/airflow/example_dags/example_sensors.py
[2025-10-29T20:07:44.613+0530] {processor.py:840} INFO - DAG(s) 'example_sensors' retrieved from /home/logi/txtai/venv/lib/python3.10/site-packages/airflow/example_dags/example_sensors.py
[2025-10-29T20:07:44.720+0530] {logging_mixin.py:188} INFO - [2025-10-29T20:07:44.718+0530] {dag.py:3096} INFO - Sync 1 DAGs
[2025-10-29T20:07:44.764+0530] {logging_mixin.py:188} INFO - [2025-10-29T20:07:44.762+0530] {dag.py:3954} INFO - Setting next_dagrun for example_sensors to None, run_after=None
[2025-10-29T20:07:44.835+0530] {processor.py:183} INFO - Processing /home/logi/txtai/venv/lib/python3.10/site-packages/airflow/example_dags/example_sensors.py took 0.272 seconds
[2025-10-29T20:08:42.852+0530] {processor.py:161} INFO - Started process (PID=20832) to work on /home/logi/txtai/venv/lib/python3.10/site-packages/airflow/example_dags/example_sensors.py
[2025-10-29T20:08:42.866+0530] {processor.py:830} INFO - Processing file /home/logi/txtai/venv/lib/python3.10/site-packages/airflow/example_dags/example_sensors.py for tasks to queue
[2025-10-29T20:08:42.873+0530] {logging_mixin.py:188} INFO - [2025-10-29T20:08:42.872+0530] {dagbag.py:545} INFO - Filling up the DagBag from /home/logi/txtai/venv/lib/python3.10/site-packages/airflow/example_dags/example_sensors.py
[2025-10-29T20:08:42.892+0530] {processor.py:840} INFO - DAG(s) 'example_sensors' retrieved from /home/logi/txtai/venv/lib/python3.10/site-packages/airflow/example_dags/example_sensors.py
[2025-10-29T20:08:42.925+0530] {logging_mixin.py:188} INFO - [2025-10-29T20:08:42.924+0530] {dag.py:3096} INFO - Sync 1 DAGs
[2025-10-29T20:08:42.943+0530] {logging_mixin.py:188} INFO - [2025-10-29T20:08:42.943+0530] {dag.py:3954} INFO - Setting next_dagrun for example_sensors to None, run_after=None
[2025-10-29T20:08:42.968+0530] {processor.py:183} INFO - Processing /home/logi/txtai/venv/lib/python3.10/site-packages/airflow/example_dags/example_sensors.py took 0.131 seconds
[2025-10-29T20:09:42.248+0530] {processor.py:161} INFO - Started process (PID=20978) to work on /home/logi/txtai/venv/lib/python3.10/site-packages/airflow/example_dags/example_sensors.py
[2025-10-29T20:09:42.261+0530] {processor.py:830} INFO - Processing file /home/logi/txtai/venv/lib/python3.10/site-packages/airflow/example_dags/example_sensors.py for tasks to queue
[2025-10-29T20:09:42.264+0530] {logging_mixin.py:188} INFO - [2025-10-29T20:09:42.264+0530] {dagbag.py:545} INFO - Filling up the DagBag from /home/logi/txtai/venv/lib/python3.10/site-packages/airflow/example_dags/example_sensors.py
[2025-10-29T20:09:42.280+0530] {processor.py:840} INFO - DAG(s) 'example_sensors' retrieved from /home/logi/txtai/venv/lib/python3.10/site-packages/airflow/example_dags/example_sensors.py
[2025-10-29T20:09:42.314+0530] {logging_mixin.py:188} INFO - [2025-10-29T20:09:42.314+0530] {dag.py:3096} INFO - Sync 1 DAGs
[2025-10-29T20:09:42.325+0530] {logging_mixin.py:188} INFO - [2025-10-29T20:09:42.324+0530] {dag.py:3954} INFO - Setting next_dagrun for example_sensors to None, run_after=None
[2025-10-29T20:09:42.353+0530] {processor.py:183} INFO - Processing /home/logi/txtai/venv/lib/python3.10/site-packages/airflow/example_dags/example_sensors.py took 0.117 seconds
[2025-10-29T20:10:38.870+0530] {processor.py:161} INFO - Started process (PID=21092) to work on /home/logi/txtai/venv/lib/python3.10/site-packages/airflow/example_dags/example_sensors.py
[2025-10-29T20:10:38.883+0530] {processor.py:830} INFO - Processing file /home/logi/txtai/venv/lib/python3.10/site-packages/airflow/example_dags/example_sensors.py for tasks to queue
[2025-10-29T20:10:38.887+0530] {logging_mixin.py:188} INFO - [2025-10-29T20:10:38.886+0530] {dagbag.py:545} INFO - Filling up the DagBag from /home/logi/txtai/venv/lib/python3.10/site-packages/airflow/example_dags/example_sensors.py
[2025-10-29T20:10:38.902+0530] {processor.py:840} INFO - DAG(s) 'example_sensors' retrieved from /home/logi/txtai/venv/lib/python3.10/site-packages/airflow/example_dags/example_sensors.py
[2025-10-29T20:10:38.937+0530] {logging_mixin.py:188} INFO - [2025-10-29T20:10:38.936+0530] {dag.py:3096} INFO - Sync 1 DAGs
[2025-10-29T20:10:38.947+0530] {logging_mixin.py:188} INFO - [2025-10-29T20:10:38.946+0530] {dag.py:3954} INFO - Setting next_dagrun for example_sensors to None, run_after=None
[2025-10-29T20:10:38.981+0530] {processor.py:183} INFO - Processing /home/logi/txtai/venv/lib/python3.10/site-packages/airflow/example_dags/example_sensors.py took 0.122 seconds
[2025-10-29T20:11:34.690+0530] {processor.py:161} INFO - Started process (PID=21205) to work on /home/logi/txtai/venv/lib/python3.10/site-packages/airflow/example_dags/example_sensors.py
[2025-10-29T20:11:34.692+0530] {processor.py:830} INFO - Processing file /home/logi/txtai/venv/lib/python3.10/site-packages/airflow/example_dags/example_sensors.py for tasks to queue
[2025-10-29T20:11:34.694+0530] {logging_mixin.py:188} INFO - [2025-10-29T20:11:34.694+0530] {dagbag.py:545} INFO - Filling up the DagBag from /home/logi/txtai/venv/lib/python3.10/site-packages/airflow/example_dags/example_sensors.py
[2025-10-29T20:11:34.703+0530] {processor.py:840} INFO - DAG(s) 'example_sensors' retrieved from /home/logi/txtai/venv/lib/python3.10/site-packages/airflow/example_dags/example_sensors.py
[2025-10-29T20:11:34.723+0530] {logging_mixin.py:188} INFO - [2025-10-29T20:11:34.723+0530] {dag.py:3096} INFO - Sync 1 DAGs
[2025-10-29T20:11:34.735+0530] {logging_mixin.py:188} INFO - [2025-10-29T20:11:34.734+0530] {dag.py:3954} INFO - Setting next_dagrun for example_sensors to None, run_after=None
[2025-10-29T20:11:34.758+0530] {processor.py:183} INFO - Processing /home/logi/txtai/venv/lib/python3.10/site-packages/airflow/example_dags/example_sensors.py took 0.078 seconds
[2025-10-29T20:12:24.545+0530] {processor.py:161} INFO - Started process (PID=21303) to work on /home/logi/txtai/venv/lib/python3.10/site-packages/airflow/example_dags/example_sensors.py
[2025-10-29T20:12:24.559+0530] {processor.py:830} INFO - Processing file /home/logi/txtai/venv/lib/python3.10/site-packages/airflow/example_dags/example_sensors.py for tasks to queue
[2025-10-29T20:12:24.562+0530] {logging_mixin.py:188} INFO - [2025-10-29T20:12:24.561+0530] {dagbag.py:545} INFO - Filling up the DagBag from /home/logi/txtai/venv/lib/python3.10/site-packages/airflow/example_dags/example_sensors.py
[2025-10-29T20:12:24.578+0530] {processor.py:840} INFO - DAG(s) 'example_sensors' retrieved from /home/logi/txtai/venv/lib/python3.10/site-packages/airflow/example_dags/example_sensors.py
[2025-10-29T20:12:24.612+0530] {logging_mixin.py:188} INFO - [2025-10-29T20:12:24.611+0530] {dag.py:3096} INFO - Sync 1 DAGs
[2025-10-29T20:12:24.621+0530] {logging_mixin.py:188} INFO - [2025-10-29T20:12:24.621+0530] {dag.py:3954} INFO - Setting next_dagrun for example_sensors to None, run_after=None
[2025-10-29T20:12:24.647+0530] {processor.py:183} INFO - Processing /home/logi/txtai/venv/lib/python3.10/site-packages/airflow/example_dags/example_sensors.py took 0.114 seconds
[2025-10-29T20:13:18.091+0530] {processor.py:161} INFO - Started process (PID=21409) to work on /home/logi/txtai/venv/lib/python3.10/site-packages/airflow/example_dags/example_sensors.py
[2025-10-29T20:13:18.105+0530] {processor.py:830} INFO - Processing file /home/logi/txtai/venv/lib/python3.10/site-packages/airflow/example_dags/example_sensors.py for tasks to queue
[2025-10-29T20:13:18.108+0530] {logging_mixin.py:188} INFO - [2025-10-29T20:13:18.107+0530] {dagbag.py:545} INFO - Filling up the DagBag from /home/logi/txtai/venv/lib/python3.10/site-packages/airflow/example_dags/example_sensors.py
[2025-10-29T20:13:18.123+0530] {processor.py:840} INFO - DAG(s) 'example_sensors' retrieved from /home/logi/txtai/venv/lib/python3.10/site-packages/airflow/example_dags/example_sensors.py
[2025-10-29T20:13:18.157+0530] {logging_mixin.py:188} INFO - [2025-10-29T20:13:18.156+0530] {dag.py:3096} INFO - Sync 1 DAGs
[2025-10-29T20:13:18.167+0530] {logging_mixin.py:188} INFO - [2025-10-29T20:13:18.166+0530] {dag.py:3954} INFO - Setting next_dagrun for example_sensors to None, run_after=None
[2025-10-29T20:13:18.193+0530] {processor.py:183} INFO - Processing /home/logi/txtai/venv/lib/python3.10/site-packages/airflow/example_dags/example_sensors.py took 0.113 seconds
[2025-10-29T20:14:09.683+0530] {processor.py:161} INFO - Started process (PID=21592) to work on /home/logi/txtai/venv/lib/python3.10/site-packages/airflow/example_dags/example_sensors.py
[2025-10-29T20:14:09.696+0530] {processor.py:830} INFO - Processing file /home/logi/txtai/venv/lib/python3.10/site-packages/airflow/example_dags/example_sensors.py for tasks to queue
[2025-10-29T20:14:09.699+0530] {logging_mixin.py:188} INFO - [2025-10-29T20:14:09.699+0530] {dagbag.py:545} INFO - Filling up the DagBag from /home/logi/txtai/venv/lib/python3.10/site-packages/airflow/example_dags/example_sensors.py
[2025-10-29T20:14:09.716+0530] {processor.py:840} INFO - DAG(s) 'example_sensors' retrieved from /home/logi/txtai/venv/lib/python3.10/site-packages/airflow/example_dags/example_sensors.py
[2025-10-29T20:14:09.749+0530] {logging_mixin.py:188} INFO - [2025-10-29T20:14:09.749+0530] {dag.py:3096} INFO - Sync 1 DAGs
[2025-10-29T20:14:09.760+0530] {logging_mixin.py:188} INFO - [2025-10-29T20:14:09.759+0530] {dag.py:3954} INFO - Setting next_dagrun for example_sensors to None, run_after=None
[2025-10-29T20:14:09.791+0530] {processor.py:183} INFO - Processing /home/logi/txtai/venv/lib/python3.10/site-packages/airflow/example_dags/example_sensors.py took 0.120 seconds
[2025-10-29T20:15:06.357+0530] {processor.py:161} INFO - Started process (PID=21864) to work on /home/logi/txtai/venv/lib/python3.10/site-packages/airflow/example_dags/example_sensors.py
[2025-10-29T20:15:06.370+0530] {processor.py:830} INFO - Processing file /home/logi/txtai/venv/lib/python3.10/site-packages/airflow/example_dags/example_sensors.py for tasks to queue
[2025-10-29T20:15:06.375+0530] {logging_mixin.py:188} INFO - [2025-10-29T20:15:06.373+0530] {dagbag.py:545} INFO - Filling up the DagBag from /home/logi/txtai/venv/lib/python3.10/site-packages/airflow/example_dags/example_sensors.py
[2025-10-29T20:15:06.398+0530] {processor.py:840} INFO - DAG(s) 'example_sensors' retrieved from /home/logi/txtai/venv/lib/python3.10/site-packages/airflow/example_dags/example_sensors.py
[2025-10-29T20:15:06.427+0530] {logging_mixin.py:188} INFO - [2025-10-29T20:15:06.426+0530] {dag.py:3096} INFO - Sync 1 DAGs
[2025-10-29T20:15:06.438+0530] {logging_mixin.py:188} INFO - [2025-10-29T20:15:06.437+0530] {dag.py:3954} INFO - Setting next_dagrun for example_sensors to None, run_after=None
[2025-10-29T20:15:06.464+0530] {processor.py:183} INFO - Processing /home/logi/txtai/venv/lib/python3.10/site-packages/airflow/example_dags/example_sensors.py took 0.119 seconds
[2025-10-29T20:16:01.738+0530] {processor.py:161} INFO - Started process (PID=21956) to work on /home/logi/txtai/venv/lib/python3.10/site-packages/airflow/example_dags/example_sensors.py
[2025-10-29T20:16:01.751+0530] {processor.py:830} INFO - Processing file /home/logi/txtai/venv/lib/python3.10/site-packages/airflow/example_dags/example_sensors.py for tasks to queue
[2025-10-29T20:16:01.754+0530] {logging_mixin.py:188} INFO - [2025-10-29T20:16:01.753+0530] {dagbag.py:545} INFO - Filling up the DagBag from /home/logi/txtai/venv/lib/python3.10/site-packages/airflow/example_dags/example_sensors.py
[2025-10-29T20:16:01.771+0530] {processor.py:840} INFO - DAG(s) 'example_sensors' retrieved from /home/logi/txtai/venv/lib/python3.10/site-packages/airflow/example_dags/example_sensors.py
[2025-10-29T20:16:01.803+0530] {logging_mixin.py:188} INFO - [2025-10-29T20:16:01.802+0530] {dag.py:3096} INFO - Sync 1 DAGs
[2025-10-29T20:16:01.813+0530] {logging_mixin.py:188} INFO - [2025-10-29T20:16:01.812+0530] {dag.py:3954} INFO - Setting next_dagrun for example_sensors to None, run_after=None
[2025-10-29T20:16:01.839+0530] {processor.py:183} INFO - Processing /home/logi/txtai/venv/lib/python3.10/site-packages/airflow/example_dags/example_sensors.py took 0.113 seconds
[2025-10-29T20:16:52.230+0530] {processor.py:161} INFO - Started process (PID=22033) to work on /home/logi/txtai/venv/lib/python3.10/site-packages/airflow/example_dags/example_sensors.py
[2025-10-29T20:16:52.232+0530] {processor.py:830} INFO - Processing file /home/logi/txtai/venv/lib/python3.10/site-packages/airflow/example_dags/example_sensors.py for tasks to queue
[2025-10-29T20:16:52.234+0530] {logging_mixin.py:188} INFO - [2025-10-29T20:16:52.234+0530] {dagbag.py:545} INFO - Filling up the DagBag from /home/logi/txtai/venv/lib/python3.10/site-packages/airflow/example_dags/example_sensors.py
[2025-10-29T20:16:52.250+0530] {processor.py:840} INFO - DAG(s) 'example_sensors' retrieved from /home/logi/txtai/venv/lib/python3.10/site-packages/airflow/example_dags/example_sensors.py
[2025-10-29T20:16:52.275+0530] {logging_mixin.py:188} INFO - [2025-10-29T20:16:52.275+0530] {dag.py:3096} INFO - Sync 1 DAGs
[2025-10-29T20:16:52.286+0530] {logging_mixin.py:188} INFO - [2025-10-29T20:16:52.285+0530] {dag.py:3954} INFO - Setting next_dagrun for example_sensors to None, run_after=None
[2025-10-29T20:16:52.305+0530] {processor.py:183} INFO - Processing /home/logi/txtai/venv/lib/python3.10/site-packages/airflow/example_dags/example_sensors.py took 0.086 seconds
[2025-10-29T20:17:41.338+0530] {processor.py:161} INFO - Started process (PID=22096) to work on /home/logi/txtai/venv/lib/python3.10/site-packages/airflow/example_dags/example_sensors.py
[2025-10-29T20:17:41.340+0530] {processor.py:830} INFO - Processing file /home/logi/txtai/venv/lib/python3.10/site-packages/airflow/example_dags/example_sensors.py for tasks to queue
[2025-10-29T20:17:41.343+0530] {logging_mixin.py:188} INFO - [2025-10-29T20:17:41.342+0530] {dagbag.py:545} INFO - Filling up the DagBag from /home/logi/txtai/venv/lib/python3.10/site-packages/airflow/example_dags/example_sensors.py
[2025-10-29T20:17:41.358+0530] {processor.py:840} INFO - DAG(s) 'example_sensors' retrieved from /home/logi/txtai/venv/lib/python3.10/site-packages/airflow/example_dags/example_sensors.py
[2025-10-29T20:17:41.384+0530] {logging_mixin.py:188} INFO - [2025-10-29T20:17:41.384+0530] {dag.py:3096} INFO - Sync 1 DAGs
[2025-10-29T20:17:41.394+0530] {logging_mixin.py:188} INFO - [2025-10-29T20:17:41.394+0530] {dag.py:3954} INFO - Setting next_dagrun for example_sensors to None, run_after=None
[2025-10-29T20:17:41.414+0530] {processor.py:183} INFO - Processing /home/logi/txtai/venv/lib/python3.10/site-packages/airflow/example_dags/example_sensors.py took 0.087 seconds
[2025-10-29T20:18:34.209+0530] {processor.py:161} INFO - Started process (PID=22164) to work on /home/logi/txtai/venv/lib/python3.10/site-packages/airflow/example_dags/example_sensors.py
[2025-10-29T20:18:34.223+0530] {processor.py:830} INFO - Processing file /home/logi/txtai/venv/lib/python3.10/site-packages/airflow/example_dags/example_sensors.py for tasks to queue
[2025-10-29T20:18:34.226+0530] {logging_mixin.py:188} INFO - [2025-10-29T20:18:34.225+0530] {dagbag.py:545} INFO - Filling up the DagBag from /home/logi/txtai/venv/lib/python3.10/site-packages/airflow/example_dags/example_sensors.py
[2025-10-29T20:18:34.242+0530] {processor.py:840} INFO - DAG(s) 'example_sensors' retrieved from /home/logi/txtai/venv/lib/python3.10/site-packages/airflow/example_dags/example_sensors.py
[2025-10-29T20:18:34.277+0530] {logging_mixin.py:188} INFO - [2025-10-29T20:18:34.276+0530] {dag.py:3096} INFO - Sync 1 DAGs
[2025-10-29T20:18:34.292+0530] {logging_mixin.py:188} INFO - [2025-10-29T20:18:34.291+0530] {dag.py:3954} INFO - Setting next_dagrun for example_sensors to None, run_after=None
[2025-10-29T20:18:34.313+0530] {processor.py:183} INFO - Processing /home/logi/txtai/venv/lib/python3.10/site-packages/airflow/example_dags/example_sensors.py took 0.115 seconds
[2025-10-29T20:19:28.033+0530] {processor.py:161} INFO - Started process (PID=22314) to work on /home/logi/txtai/venv/lib/python3.10/site-packages/airflow/example_dags/example_sensors.py
[2025-10-29T20:19:28.047+0530] {processor.py:830} INFO - Processing file /home/logi/txtai/venv/lib/python3.10/site-packages/airflow/example_dags/example_sensors.py for tasks to queue
[2025-10-29T20:19:28.050+0530] {logging_mixin.py:188} INFO - [2025-10-29T20:19:28.049+0530] {dagbag.py:545} INFO - Filling up the DagBag from /home/logi/txtai/venv/lib/python3.10/site-packages/airflow/example_dags/example_sensors.py
[2025-10-29T20:19:28.066+0530] {processor.py:840} INFO - DAG(s) 'example_sensors' retrieved from /home/logi/txtai/venv/lib/python3.10/site-packages/airflow/example_dags/example_sensors.py
[2025-10-29T20:19:28.101+0530] {logging_mixin.py:188} INFO - [2025-10-29T20:19:28.101+0530] {dag.py:3096} INFO - Sync 1 DAGs
[2025-10-29T20:19:28.111+0530] {logging_mixin.py:188} INFO - [2025-10-29T20:19:28.111+0530] {dag.py:3954} INFO - Setting next_dagrun for example_sensors to None, run_after=None
[2025-10-29T20:19:28.140+0530] {processor.py:183} INFO - Processing /home/logi/txtai/venv/lib/python3.10/site-packages/airflow/example_dags/example_sensors.py took 0.118 seconds
[2025-10-29T20:20:22.585+0530] {processor.py:161} INFO - Started process (PID=22416) to work on /home/logi/txtai/venv/lib/python3.10/site-packages/airflow/example_dags/example_sensors.py
[2025-10-29T20:20:22.598+0530] {processor.py:830} INFO - Processing file /home/logi/txtai/venv/lib/python3.10/site-packages/airflow/example_dags/example_sensors.py for tasks to queue
[2025-10-29T20:20:22.601+0530] {logging_mixin.py:188} INFO - [2025-10-29T20:20:22.601+0530] {dagbag.py:545} INFO - Filling up the DagBag from /home/logi/txtai/venv/lib/python3.10/site-packages/airflow/example_dags/example_sensors.py
[2025-10-29T20:20:22.617+0530] {processor.py:840} INFO - DAG(s) 'example_sensors' retrieved from /home/logi/txtai/venv/lib/python3.10/site-packages/airflow/example_dags/example_sensors.py
[2025-10-29T20:20:22.643+0530] {logging_mixin.py:188} INFO - [2025-10-29T20:20:22.642+0530] {dag.py:3096} INFO - Sync 1 DAGs
[2025-10-29T20:20:22.653+0530] {logging_mixin.py:188} INFO - [2025-10-29T20:20:22.653+0530] {dag.py:3954} INFO - Setting next_dagrun for example_sensors to None, run_after=None
[2025-10-29T20:20:22.673+0530] {processor.py:183} INFO - Processing /home/logi/txtai/venv/lib/python3.10/site-packages/airflow/example_dags/example_sensors.py took 0.099 seconds
[2025-10-29T20:21:18.012+0530] {processor.py:161} INFO - Started process (PID=22493) to work on /home/logi/txtai/venv/lib/python3.10/site-packages/airflow/example_dags/example_sensors.py
[2025-10-29T20:21:18.026+0530] {processor.py:830} INFO - Processing file /home/logi/txtai/venv/lib/python3.10/site-packages/airflow/example_dags/example_sensors.py for tasks to queue
[2025-10-29T20:21:18.029+0530] {logging_mixin.py:188} INFO - [2025-10-29T20:21:18.028+0530] {dagbag.py:545} INFO - Filling up the DagBag from /home/logi/txtai/venv/lib/python3.10/site-packages/airflow/example_dags/example_sensors.py
[2025-10-29T20:21:18.046+0530] {processor.py:840} INFO - DAG(s) 'example_sensors' retrieved from /home/logi/txtai/venv/lib/python3.10/site-packages/airflow/example_dags/example_sensors.py
[2025-10-29T20:21:18.084+0530] {logging_mixin.py:188} INFO - [2025-10-29T20:21:18.083+0530] {dag.py:3096} INFO - Sync 1 DAGs
[2025-10-29T20:21:18.097+0530] {logging_mixin.py:188} INFO - [2025-10-29T20:21:18.096+0530] {dag.py:3954} INFO - Setting next_dagrun for example_sensors to None, run_after=None
[2025-10-29T20:21:18.118+0530] {processor.py:183} INFO - Processing /home/logi/txtai/venv/lib/python3.10/site-packages/airflow/example_dags/example_sensors.py took 0.117 seconds
[2025-10-29T20:22:14.042+0530] {processor.py:161} INFO - Started process (PID=22564) to work on /home/logi/txtai/venv/lib/python3.10/site-packages/airflow/example_dags/example_sensors.py
[2025-10-29T20:22:14.056+0530] {processor.py:830} INFO - Processing file /home/logi/txtai/venv/lib/python3.10/site-packages/airflow/example_dags/example_sensors.py for tasks to queue
[2025-10-29T20:22:14.059+0530] {logging_mixin.py:188} INFO - [2025-10-29T20:22:14.058+0530] {dagbag.py:545} INFO - Filling up the DagBag from /home/logi/txtai/venv/lib/python3.10/site-packages/airflow/example_dags/example_sensors.py
[2025-10-29T20:22:14.075+0530] {processor.py:840} INFO - DAG(s) 'example_sensors' retrieved from /home/logi/txtai/venv/lib/python3.10/site-packages/airflow/example_dags/example_sensors.py
[2025-10-29T20:22:14.109+0530] {logging_mixin.py:188} INFO - [2025-10-29T20:22:14.109+0530] {dag.py:3096} INFO - Sync 1 DAGs
[2025-10-29T20:22:14.119+0530] {logging_mixin.py:188} INFO - [2025-10-29T20:22:14.119+0530] {dag.py:3954} INFO - Setting next_dagrun for example_sensors to None, run_after=None
[2025-10-29T20:22:14.139+0530] {processor.py:183} INFO - Processing /home/logi/txtai/venv/lib/python3.10/site-packages/airflow/example_dags/example_sensors.py took 0.109 seconds
[2025-10-29T20:23:09.540+0530] {processor.py:161} INFO - Started process (PID=22639) to work on /home/logi/txtai/venv/lib/python3.10/site-packages/airflow/example_dags/example_sensors.py
[2025-10-29T20:23:09.542+0530] {processor.py:830} INFO - Processing file /home/logi/txtai/venv/lib/python3.10/site-packages/airflow/example_dags/example_sensors.py for tasks to queue
[2025-10-29T20:23:09.545+0530] {logging_mixin.py:188} INFO - [2025-10-29T20:23:09.544+0530] {dagbag.py:545} INFO - Filling up the DagBag from /home/logi/txtai/venv/lib/python3.10/site-packages/airflow/example_dags/example_sensors.py
[2025-10-29T20:23:09.561+0530] {processor.py:840} INFO - DAG(s) 'example_sensors' retrieved from /home/logi/txtai/venv/lib/python3.10/site-packages/airflow/example_dags/example_sensors.py
[2025-10-29T20:23:09.587+0530] {logging_mixin.py:188} INFO - [2025-10-29T20:23:09.587+0530] {dag.py:3096} INFO - Sync 1 DAGs
[2025-10-29T20:23:09.597+0530] {logging_mixin.py:188} INFO - [2025-10-29T20:23:09.596+0530] {dag.py:3954} INFO - Setting next_dagrun for example_sensors to None, run_after=None
[2025-10-29T20:23:09.617+0530] {processor.py:183} INFO - Processing /home/logi/txtai/venv/lib/python3.10/site-packages/airflow/example_dags/example_sensors.py took 0.088 seconds
[2025-10-29T20:24:03.896+0530] {processor.py:161} INFO - Started process (PID=22725) to work on /home/logi/txtai/venv/lib/python3.10/site-packages/airflow/example_dags/example_sensors.py
[2025-10-29T20:24:03.909+0530] {processor.py:830} INFO - Processing file /home/logi/txtai/venv/lib/python3.10/site-packages/airflow/example_dags/example_sensors.py for tasks to queue
[2025-10-29T20:24:03.912+0530] {logging_mixin.py:188} INFO - [2025-10-29T20:24:03.911+0530] {dagbag.py:545} INFO - Filling up the DagBag from /home/logi/txtai/venv/lib/python3.10/site-packages/airflow/example_dags/example_sensors.py
[2025-10-29T20:24:03.927+0530] {processor.py:840} INFO - DAG(s) 'example_sensors' retrieved from /home/logi/txtai/venv/lib/python3.10/site-packages/airflow/example_dags/example_sensors.py
[2025-10-29T20:24:03.958+0530] {logging_mixin.py:188} INFO - [2025-10-29T20:24:03.958+0530] {dag.py:3096} INFO - Sync 1 DAGs
[2025-10-29T20:24:03.968+0530] {logging_mixin.py:188} INFO - [2025-10-29T20:24:03.968+0530] {dag.py:3954} INFO - Setting next_dagrun for example_sensors to None, run_after=None
[2025-10-29T20:24:03.996+0530] {processor.py:183} INFO - Processing /home/logi/txtai/venv/lib/python3.10/site-packages/airflow/example_dags/example_sensors.py took 0.112 seconds
[2025-10-29T20:25:00.546+0530] {processor.py:161} INFO - Started process (PID=22873) to work on /home/logi/txtai/venv/lib/python3.10/site-packages/airflow/example_dags/example_sensors.py
[2025-10-29T20:25:00.559+0530] {processor.py:830} INFO - Processing file /home/logi/txtai/venv/lib/python3.10/site-packages/airflow/example_dags/example_sensors.py for tasks to queue
[2025-10-29T20:25:00.562+0530] {logging_mixin.py:188} INFO - [2025-10-29T20:25:00.562+0530] {dagbag.py:545} INFO - Filling up the DagBag from /home/logi/txtai/venv/lib/python3.10/site-packages/airflow/example_dags/example_sensors.py
[2025-10-29T20:25:00.580+0530] {processor.py:840} INFO - DAG(s) 'example_sensors' retrieved from /home/logi/txtai/venv/lib/python3.10/site-packages/airflow/example_dags/example_sensors.py
[2025-10-29T20:25:00.614+0530] {logging_mixin.py:188} INFO - [2025-10-29T20:25:00.613+0530] {dag.py:3096} INFO - Sync 1 DAGs
[2025-10-29T20:25:00.624+0530] {logging_mixin.py:188} INFO - [2025-10-29T20:25:00.624+0530] {dag.py:3954} INFO - Setting next_dagrun for example_sensors to None, run_after=None
[2025-10-29T20:25:00.651+0530] {processor.py:183} INFO - Processing /home/logi/txtai/venv/lib/python3.10/site-packages/airflow/example_dags/example_sensors.py took 0.117 seconds
[2025-10-29T20:25:51.380+0530] {processor.py:161} INFO - Started process (PID=22949) to work on /home/logi/txtai/venv/lib/python3.10/site-packages/airflow/example_dags/example_sensors.py
[2025-10-29T20:25:51.393+0530] {processor.py:830} INFO - Processing file /home/logi/txtai/venv/lib/python3.10/site-packages/airflow/example_dags/example_sensors.py for tasks to queue
[2025-10-29T20:25:51.396+0530] {logging_mixin.py:188} INFO - [2025-10-29T20:25:51.395+0530] {dagbag.py:545} INFO - Filling up the DagBag from /home/logi/txtai/venv/lib/python3.10/site-packages/airflow/example_dags/example_sensors.py
[2025-10-29T20:25:51.413+0530] {processor.py:840} INFO - DAG(s) 'example_sensors' retrieved from /home/logi/txtai/venv/lib/python3.10/site-packages/airflow/example_dags/example_sensors.py
[2025-10-29T20:25:51.447+0530] {logging_mixin.py:188} INFO - [2025-10-29T20:25:51.447+0530] {dag.py:3096} INFO - Sync 1 DAGs
[2025-10-29T20:25:51.456+0530] {logging_mixin.py:188} INFO - [2025-10-29T20:25:51.456+0530] {dag.py:3954} INFO - Setting next_dagrun for example_sensors to None, run_after=None
[2025-10-29T20:25:51.474+0530] {processor.py:183} INFO - Processing /home/logi/txtai/venv/lib/python3.10/site-packages/airflow/example_dags/example_sensors.py took 0.106 seconds
[2025-10-29T20:26:43.637+0530] {processor.py:161} INFO - Started process (PID=23176) to work on /home/logi/txtai/venv/lib/python3.10/site-packages/airflow/example_dags/example_sensors.py
[2025-10-29T20:26:43.639+0530] {processor.py:830} INFO - Processing file /home/logi/txtai/venv/lib/python3.10/site-packages/airflow/example_dags/example_sensors.py for tasks to queue
[2025-10-29T20:26:43.641+0530] {logging_mixin.py:188} INFO - [2025-10-29T20:26:43.641+0530] {dagbag.py:545} INFO - Filling up the DagBag from /home/logi/txtai/venv/lib/python3.10/site-packages/airflow/example_dags/example_sensors.py
[2025-10-29T20:26:43.657+0530] {processor.py:840} INFO - DAG(s) 'example_sensors' retrieved from /home/logi/txtai/venv/lib/python3.10/site-packages/airflow/example_dags/example_sensors.py
[2025-10-29T20:26:43.679+0530] {logging_mixin.py:188} INFO - [2025-10-29T20:26:43.678+0530] {dag.py:3096} INFO - Sync 1 DAGs
[2025-10-29T20:26:43.689+0530] {logging_mixin.py:188} INFO - [2025-10-29T20:26:43.689+0530] {dag.py:3954} INFO - Setting next_dagrun for example_sensors to None, run_after=None
[2025-10-29T20:26:43.710+0530] {processor.py:183} INFO - Processing /home/logi/txtai/venv/lib/python3.10/site-packages/airflow/example_dags/example_sensors.py took 0.085 seconds
[2025-10-29T20:27:35.554+0530] {processor.py:161} INFO - Started process (PID=23249) to work on /home/logi/txtai/venv/lib/python3.10/site-packages/airflow/example_dags/example_sensors.py
[2025-10-29T20:27:35.569+0530] {processor.py:830} INFO - Processing file /home/logi/txtai/venv/lib/python3.10/site-packages/airflow/example_dags/example_sensors.py for tasks to queue
[2025-10-29T20:27:35.579+0530] {logging_mixin.py:188} INFO - [2025-10-29T20:27:35.576+0530] {dagbag.py:545} INFO - Filling up the DagBag from /home/logi/txtai/venv/lib/python3.10/site-packages/airflow/example_dags/example_sensors.py
[2025-10-29T20:27:35.594+0530] {processor.py:840} INFO - DAG(s) 'example_sensors' retrieved from /home/logi/txtai/venv/lib/python3.10/site-packages/airflow/example_dags/example_sensors.py
[2025-10-29T20:27:35.619+0530] {logging_mixin.py:188} INFO - [2025-10-29T20:27:35.619+0530] {dag.py:3096} INFO - Sync 1 DAGs
[2025-10-29T20:27:35.630+0530] {logging_mixin.py:188} INFO - [2025-10-29T20:27:35.629+0530] {dag.py:3954} INFO - Setting next_dagrun for example_sensors to None, run_after=None
[2025-10-29T20:27:35.654+0530] {processor.py:183} INFO - Processing /home/logi/txtai/venv/lib/python3.10/site-packages/airflow/example_dags/example_sensors.py took 0.122 seconds
[2025-10-29T20:28:23.659+0530] {processor.py:161} INFO - Started process (PID=23330) to work on /home/logi/txtai/venv/lib/python3.10/site-packages/airflow/example_dags/example_sensors.py
[2025-10-29T20:28:23.672+0530] {processor.py:830} INFO - Processing file /home/logi/txtai/venv/lib/python3.10/site-packages/airflow/example_dags/example_sensors.py for tasks to queue
[2025-10-29T20:28:23.675+0530] {logging_mixin.py:188} INFO - [2025-10-29T20:28:23.674+0530] {dagbag.py:545} INFO - Filling up the DagBag from /home/logi/txtai/venv/lib/python3.10/site-packages/airflow/example_dags/example_sensors.py
[2025-10-29T20:28:23.683+0530] {processor.py:840} INFO - DAG(s) 'example_sensors' retrieved from /home/logi/txtai/venv/lib/python3.10/site-packages/airflow/example_dags/example_sensors.py
[2025-10-29T20:28:23.703+0530] {logging_mixin.py:188} INFO - [2025-10-29T20:28:23.703+0530] {dag.py:3096} INFO - Sync 1 DAGs
[2025-10-29T20:28:23.718+0530] {logging_mixin.py:188} INFO - [2025-10-29T20:28:23.718+0530] {dag.py:3954} INFO - Setting next_dagrun for example_sensors to None, run_after=None
[2025-10-29T20:28:23.740+0530] {processor.py:183} INFO - Processing /home/logi/txtai/venv/lib/python3.10/site-packages/airflow/example_dags/example_sensors.py took 0.087 seconds
[2025-10-29T20:29:15.514+0530] {processor.py:161} INFO - Started process (PID=23400) to work on /home/logi/txtai/venv/lib/python3.10/site-packages/airflow/example_dags/example_sensors.py
[2025-10-29T20:29:15.527+0530] {processor.py:830} INFO - Processing file /home/logi/txtai/venv/lib/python3.10/site-packages/airflow/example_dags/example_sensors.py for tasks to queue
[2025-10-29T20:29:15.530+0530] {logging_mixin.py:188} INFO - [2025-10-29T20:29:15.529+0530] {dagbag.py:545} INFO - Filling up the DagBag from /home/logi/txtai/venv/lib/python3.10/site-packages/airflow/example_dags/example_sensors.py
[2025-10-29T20:29:15.546+0530] {processor.py:840} INFO - DAG(s) 'example_sensors' retrieved from /home/logi/txtai/venv/lib/python3.10/site-packages/airflow/example_dags/example_sensors.py
[2025-10-29T20:29:15.580+0530] {logging_mixin.py:188} INFO - [2025-10-29T20:29:15.580+0530] {dag.py:3096} INFO - Sync 1 DAGs
[2025-10-29T20:29:15.591+0530] {logging_mixin.py:188} INFO - [2025-10-29T20:29:15.590+0530] {dag.py:3954} INFO - Setting next_dagrun for example_sensors to None, run_after=None
[2025-10-29T20:29:15.618+0530] {processor.py:183} INFO - Processing /home/logi/txtai/venv/lib/python3.10/site-packages/airflow/example_dags/example_sensors.py took 0.115 seconds
[2025-10-29T20:30:10.476+0530] {processor.py:161} INFO - Started process (PID=23512) to work on /home/logi/txtai/venv/lib/python3.10/site-packages/airflow/example_dags/example_sensors.py
[2025-10-29T20:30:10.489+0530] {processor.py:830} INFO - Processing file /home/logi/txtai/venv/lib/python3.10/site-packages/airflow/example_dags/example_sensors.py for tasks to queue
[2025-10-29T20:30:10.492+0530] {logging_mixin.py:188} INFO - [2025-10-29T20:30:10.492+0530] {dagbag.py:545} INFO - Filling up the DagBag from /home/logi/txtai/venv/lib/python3.10/site-packages/airflow/example_dags/example_sensors.py
[2025-10-29T20:30:10.509+0530] {processor.py:840} INFO - DAG(s) 'example_sensors' retrieved from /home/logi/txtai/venv/lib/python3.10/site-packages/airflow/example_dags/example_sensors.py
[2025-10-29T20:30:10.543+0530] {logging_mixin.py:188} INFO - [2025-10-29T20:30:10.542+0530] {dag.py:3096} INFO - Sync 1 DAGs
[2025-10-29T20:30:10.553+0530] {logging_mixin.py:188} INFO - [2025-10-29T20:30:10.553+0530] {dag.py:3954} INFO - Setting next_dagrun for example_sensors to None, run_after=None
[2025-10-29T20:30:10.580+0530] {processor.py:183} INFO - Processing /home/logi/txtai/venv/lib/python3.10/site-packages/airflow/example_dags/example_sensors.py took 0.116 seconds
[2025-10-29T20:31:01.966+0530] {processor.py:161} INFO - Started process (PID=23585) to work on /home/logi/txtai/venv/lib/python3.10/site-packages/airflow/example_dags/example_sensors.py
[2025-10-29T20:31:01.979+0530] {processor.py:830} INFO - Processing file /home/logi/txtai/venv/lib/python3.10/site-packages/airflow/example_dags/example_sensors.py for tasks to queue
[2025-10-29T20:31:01.982+0530] {logging_mixin.py:188} INFO - [2025-10-29T20:31:01.982+0530] {dagbag.py:545} INFO - Filling up the DagBag from /home/logi/txtai/venv/lib/python3.10/site-packages/airflow/example_dags/example_sensors.py
[2025-10-29T20:31:01.998+0530] {processor.py:840} INFO - DAG(s) 'example_sensors' retrieved from /home/logi/txtai/venv/lib/python3.10/site-packages/airflow/example_dags/example_sensors.py
[2025-10-29T20:31:02.032+0530] {logging_mixin.py:188} INFO - [2025-10-29T20:31:02.032+0530] {dag.py:3096} INFO - Sync 1 DAGs
[2025-10-29T20:31:02.043+0530] {logging_mixin.py:188} INFO - [2025-10-29T20:31:02.043+0530] {dag.py:3954} INFO - Setting next_dagrun for example_sensors to None, run_after=None
[2025-10-29T20:31:02.071+0530] {processor.py:183} INFO - Processing /home/logi/txtai/venv/lib/python3.10/site-packages/airflow/example_dags/example_sensors.py took 0.117 seconds
[2025-10-29T20:31:53.134+0530] {processor.py:161} INFO - Started process (PID=23659) to work on /home/logi/txtai/venv/lib/python3.10/site-packages/airflow/example_dags/example_sensors.py
[2025-10-29T20:31:53.148+0530] {processor.py:830} INFO - Processing file /home/logi/txtai/venv/lib/python3.10/site-packages/airflow/example_dags/example_sensors.py for tasks to queue
[2025-10-29T20:31:53.151+0530] {logging_mixin.py:188} INFO - [2025-10-29T20:31:53.150+0530] {dagbag.py:545} INFO - Filling up the DagBag from /home/logi/txtai/venv/lib/python3.10/site-packages/airflow/example_dags/example_sensors.py
[2025-10-29T20:31:53.166+0530] {processor.py:840} INFO - DAG(s) 'example_sensors' retrieved from /home/logi/txtai/venv/lib/python3.10/site-packages/airflow/example_dags/example_sensors.py
[2025-10-29T20:31:53.201+0530] {logging_mixin.py:188} INFO - [2025-10-29T20:31:53.201+0530] {dag.py:3096} INFO - Sync 1 DAGs
[2025-10-29T20:31:53.212+0530] {logging_mixin.py:188} INFO - [2025-10-29T20:31:53.211+0530] {dag.py:3954} INFO - Setting next_dagrun for example_sensors to None, run_after=None
[2025-10-29T20:31:53.232+0530] {processor.py:183} INFO - Processing /home/logi/txtai/venv/lib/python3.10/site-packages/airflow/example_dags/example_sensors.py took 0.110 seconds
[2025-10-29T20:32:45.955+0530] {processor.py:161} INFO - Started process (PID=23724) to work on /home/logi/txtai/venv/lib/python3.10/site-packages/airflow/example_dags/example_sensors.py
[2025-10-29T20:32:45.969+0530] {processor.py:830} INFO - Processing file /home/logi/txtai/venv/lib/python3.10/site-packages/airflow/example_dags/example_sensors.py for tasks to queue
[2025-10-29T20:32:45.972+0530] {logging_mixin.py:188} INFO - [2025-10-29T20:32:45.971+0530] {dagbag.py:545} INFO - Filling up the DagBag from /home/logi/txtai/venv/lib/python3.10/site-packages/airflow/example_dags/example_sensors.py
[2025-10-29T20:32:45.988+0530] {processor.py:840} INFO - DAG(s) 'example_sensors' retrieved from /home/logi/txtai/venv/lib/python3.10/site-packages/airflow/example_dags/example_sensors.py
[2025-10-29T20:32:46.022+0530] {logging_mixin.py:188} INFO - [2025-10-29T20:32:46.022+0530] {dag.py:3096} INFO - Sync 1 DAGs
[2025-10-29T20:32:46.033+0530] {logging_mixin.py:188} INFO - [2025-10-29T20:32:46.032+0530] {dag.py:3954} INFO - Setting next_dagrun for example_sensors to None, run_after=None
[2025-10-29T20:32:46.061+0530] {processor.py:183} INFO - Processing /home/logi/txtai/venv/lib/python3.10/site-packages/airflow/example_dags/example_sensors.py took 0.117 seconds
[2025-10-29T20:33:41.028+0530] {processor.py:161} INFO - Started process (PID=23807) to work on /home/logi/txtai/venv/lib/python3.10/site-packages/airflow/example_dags/example_sensors.py
[2025-10-29T20:33:41.042+0530] {processor.py:830} INFO - Processing file /home/logi/txtai/venv/lib/python3.10/site-packages/airflow/example_dags/example_sensors.py for tasks to queue
[2025-10-29T20:33:41.043+0530] {logging_mixin.py:188} INFO - [2025-10-29T20:33:41.043+0530] {dagbag.py:545} INFO - Filling up the DagBag from /home/logi/txtai/venv/lib/python3.10/site-packages/airflow/example_dags/example_sensors.py
[2025-10-29T20:33:41.052+0530] {processor.py:840} INFO - DAG(s) 'example_sensors' retrieved from /home/logi/txtai/venv/lib/python3.10/site-packages/airflow/example_dags/example_sensors.py
[2025-10-29T20:33:41.071+0530] {logging_mixin.py:188} INFO - [2025-10-29T20:33:41.070+0530] {dag.py:3096} INFO - Sync 1 DAGs
[2025-10-29T20:33:41.081+0530] {logging_mixin.py:188} INFO - [2025-10-29T20:33:41.080+0530] {dag.py:3954} INFO - Setting next_dagrun for example_sensors to None, run_after=None
[2025-10-29T20:33:41.102+0530] {processor.py:183} INFO - Processing /home/logi/txtai/venv/lib/python3.10/site-packages/airflow/example_dags/example_sensors.py took 0.085 seconds
[2025-10-29T20:34:30.112+0530] {processor.py:161} INFO - Started process (PID=23870) to work on /home/logi/txtai/venv/lib/python3.10/site-packages/airflow/example_dags/example_sensors.py
[2025-10-29T20:34:30.125+0530] {processor.py:830} INFO - Processing file /home/logi/txtai/venv/lib/python3.10/site-packages/airflow/example_dags/example_sensors.py for tasks to queue
[2025-10-29T20:34:30.128+0530] {logging_mixin.py:188} INFO - [2025-10-29T20:34:30.127+0530] {dagbag.py:545} INFO - Filling up the DagBag from /home/logi/txtai/venv/lib/python3.10/site-packages/airflow/example_dags/example_sensors.py
[2025-10-29T20:34:30.144+0530] {processor.py:840} INFO - DAG(s) 'example_sensors' retrieved from /home/logi/txtai/venv/lib/python3.10/site-packages/airflow/example_dags/example_sensors.py
[2025-10-29T20:34:30.177+0530] {logging_mixin.py:188} INFO - [2025-10-29T20:34:30.177+0530] {dag.py:3096} INFO - Sync 1 DAGs
[2025-10-29T20:34:30.187+0530] {logging_mixin.py:188} INFO - [2025-10-29T20:34:30.187+0530] {dag.py:3954} INFO - Setting next_dagrun for example_sensors to None, run_after=None
[2025-10-29T20:34:30.214+0530] {processor.py:183} INFO - Processing /home/logi/txtai/venv/lib/python3.10/site-packages/airflow/example_dags/example_sensors.py took 0.115 seconds
[2025-10-29T20:35:19.969+0530] {processor.py:161} INFO - Started process (PID=23981) to work on /home/logi/txtai/venv/lib/python3.10/site-packages/airflow/example_dags/example_sensors.py
[2025-10-29T20:35:19.983+0530] {processor.py:830} INFO - Processing file /home/logi/txtai/venv/lib/python3.10/site-packages/airflow/example_dags/example_sensors.py for tasks to queue
[2025-10-29T20:35:19.986+0530] {logging_mixin.py:188} INFO - [2025-10-29T20:35:19.985+0530] {dagbag.py:545} INFO - Filling up the DagBag from /home/logi/txtai/venv/lib/python3.10/site-packages/airflow/example_dags/example_sensors.py
[2025-10-29T20:35:20.002+0530] {processor.py:840} INFO - DAG(s) 'example_sensors' retrieved from /home/logi/txtai/venv/lib/python3.10/site-packages/airflow/example_dags/example_sensors.py
[2025-10-29T20:35:20.037+0530] {logging_mixin.py:188} INFO - [2025-10-29T20:35:20.037+0530] {dag.py:3096} INFO - Sync 1 DAGs
[2025-10-29T20:35:20.048+0530] {logging_mixin.py:188} INFO - [2025-10-29T20:35:20.048+0530] {dag.py:3954} INFO - Setting next_dagrun for example_sensors to None, run_after=None
[2025-10-29T20:35:20.074+0530] {processor.py:183} INFO - Processing /home/logi/txtai/venv/lib/python3.10/site-packages/airflow/example_dags/example_sensors.py took 0.117 seconds
[2025-10-29T20:36:12.036+0530] {processor.py:161} INFO - Started process (PID=24050) to work on /home/logi/txtai/venv/lib/python3.10/site-packages/airflow/example_dags/example_sensors.py
[2025-10-29T20:36:12.050+0530] {processor.py:830} INFO - Processing file /home/logi/txtai/venv/lib/python3.10/site-packages/airflow/example_dags/example_sensors.py for tasks to queue
[2025-10-29T20:36:12.053+0530] {logging_mixin.py:188} INFO - [2025-10-29T20:36:12.052+0530] {dagbag.py:545} INFO - Filling up the DagBag from /home/logi/txtai/venv/lib/python3.10/site-packages/airflow/example_dags/example_sensors.py
[2025-10-29T20:36:12.069+0530] {processor.py:840} INFO - DAG(s) 'example_sensors' retrieved from /home/logi/txtai/venv/lib/python3.10/site-packages/airflow/example_dags/example_sensors.py
[2025-10-29T20:36:12.102+0530] {logging_mixin.py:188} INFO - [2025-10-29T20:36:12.102+0530] {dag.py:3096} INFO - Sync 1 DAGs
[2025-10-29T20:36:12.113+0530] {logging_mixin.py:188} INFO - [2025-10-29T20:36:12.112+0530] {dag.py:3954} INFO - Setting next_dagrun for example_sensors to None, run_after=None
[2025-10-29T20:36:12.139+0530] {processor.py:183} INFO - Processing /home/logi/txtai/venv/lib/python3.10/site-packages/airflow/example_dags/example_sensors.py took 0.114 seconds
[2025-10-29T20:37:05.782+0530] {processor.py:161} INFO - Started process (PID=24117) to work on /home/logi/txtai/venv/lib/python3.10/site-packages/airflow/example_dags/example_sensors.py
[2025-10-29T20:37:05.796+0530] {processor.py:830} INFO - Processing file /home/logi/txtai/venv/lib/python3.10/site-packages/airflow/example_dags/example_sensors.py for tasks to queue
[2025-10-29T20:37:05.799+0530] {logging_mixin.py:188} INFO - [2025-10-29T20:37:05.799+0530] {dagbag.py:545} INFO - Filling up the DagBag from /home/logi/txtai/venv/lib/python3.10/site-packages/airflow/example_dags/example_sensors.py
[2025-10-29T20:37:05.815+0530] {processor.py:840} INFO - DAG(s) 'example_sensors' retrieved from /home/logi/txtai/venv/lib/python3.10/site-packages/airflow/example_dags/example_sensors.py
[2025-10-29T20:37:05.850+0530] {logging_mixin.py:188} INFO - [2025-10-29T20:37:05.849+0530] {dag.py:3096} INFO - Sync 1 DAGs
[2025-10-29T20:37:05.860+0530] {logging_mixin.py:188} INFO - [2025-10-29T20:37:05.860+0530] {dag.py:3954} INFO - Setting next_dagrun for example_sensors to None, run_after=None
[2025-10-29T20:37:05.887+0530] {processor.py:183} INFO - Processing /home/logi/txtai/venv/lib/python3.10/site-packages/airflow/example_dags/example_sensors.py took 0.116 seconds
