[2025-10-29T19:30:13.998+0530] {processor.py:161} INFO - Started process (PID=16360) to work on /home/logi/txtai/venv/lib/python3.10/site-packages/airflow/example_dags/example_kubernetes_executor.py
[2025-10-29T19:30:14.000+0530] {processor.py:830} INFO - Processing file /home/logi/txtai/venv/lib/python3.10/site-packages/airflow/example_dags/example_kubernetes_executor.py for tasks to queue
[2025-10-29T19:30:14.003+0530] {logging_mixin.py:188} INFO - [2025-10-29T19:30:14.002+0530] {dagbag.py:545} INFO - Filling up the DagBag from /home/logi/txtai/venv/lib/python3.10/site-packages/airflow/example_dags/example_kubernetes_executor.py
[2025-10-29T19:30:14.007+0530] {logging_mixin.py:188} INFO - [2025-10-29T19:30:14.007+0530] {example_kubernetes_executor.py:39} WARNING - The example_kubernetes_executor example DAG requires the kubernetes provider. Please install it with: pip install apache-airflow[cncf.kubernetes]
[2025-10-29T19:30:14.007+0530] {processor.py:842} WARNING - No viable dags retrieved from /home/logi/txtai/venv/lib/python3.10/site-packages/airflow/example_dags/example_kubernetes_executor.py
[2025-10-29T19:30:14.020+0530] {processor.py:183} INFO - Processing /home/logi/txtai/venv/lib/python3.10/site-packages/airflow/example_dags/example_kubernetes_executor.py took 0.032 seconds
[2025-10-29T19:31:07.766+0530] {processor.py:161} INFO - Started process (PID=16569) to work on /home/logi/txtai/venv/lib/python3.10/site-packages/airflow/example_dags/example_kubernetes_executor.py
[2025-10-29T19:31:07.779+0530] {processor.py:830} INFO - Processing file /home/logi/txtai/venv/lib/python3.10/site-packages/airflow/example_dags/example_kubernetes_executor.py for tasks to queue
[2025-10-29T19:31:07.781+0530] {logging_mixin.py:188} INFO - [2025-10-29T19:31:07.781+0530] {dagbag.py:545} INFO - Filling up the DagBag from /home/logi/txtai/venv/lib/python3.10/site-packages/airflow/example_dags/example_kubernetes_executor.py
[2025-10-29T19:31:07.784+0530] {logging_mixin.py:188} INFO - [2025-10-29T19:31:07.784+0530] {example_kubernetes_executor.py:39} WARNING - The example_kubernetes_executor example DAG requires the kubernetes provider. Please install it with: pip install apache-airflow[cncf.kubernetes]
[2025-10-29T19:31:07.784+0530] {processor.py:842} WARNING - No viable dags retrieved from /home/logi/txtai/venv/lib/python3.10/site-packages/airflow/example_dags/example_kubernetes_executor.py
[2025-10-29T19:31:07.794+0530] {processor.py:183} INFO - Processing /home/logi/txtai/venv/lib/python3.10/site-packages/airflow/example_dags/example_kubernetes_executor.py took 0.035 seconds
[2025-10-29T19:32:00.332+0530] {processor.py:161} INFO - Started process (PID=16644) to work on /home/logi/txtai/venv/lib/python3.10/site-packages/airflow/example_dags/example_kubernetes_executor.py
[2025-10-29T19:32:00.346+0530] {processor.py:830} INFO - Processing file /home/logi/txtai/venv/lib/python3.10/site-packages/airflow/example_dags/example_kubernetes_executor.py for tasks to queue
[2025-10-29T19:32:00.349+0530] {logging_mixin.py:188} INFO - [2025-10-29T19:32:00.348+0530] {dagbag.py:545} INFO - Filling up the DagBag from /home/logi/txtai/venv/lib/python3.10/site-packages/airflow/example_dags/example_kubernetes_executor.py
[2025-10-29T19:32:00.353+0530] {logging_mixin.py:188} INFO - [2025-10-29T19:32:00.353+0530] {example_kubernetes_executor.py:39} WARNING - The example_kubernetes_executor example DAG requires the kubernetes provider. Please install it with: pip install apache-airflow[cncf.kubernetes]
[2025-10-29T19:32:00.354+0530] {processor.py:842} WARNING - No viable dags retrieved from /home/logi/txtai/venv/lib/python3.10/site-packages/airflow/example_dags/example_kubernetes_executor.py
[2025-10-29T19:32:00.369+0530] {processor.py:183} INFO - Processing /home/logi/txtai/venv/lib/python3.10/site-packages/airflow/example_dags/example_kubernetes_executor.py took 0.048 seconds
[2025-10-29T19:33:11.717+0530] {processor.py:161} INFO - Started process (PID=16819) to work on /home/logi/txtai/venv/lib/python3.10/site-packages/airflow/example_dags/example_kubernetes_executor.py
[2025-10-29T19:33:11.731+0530] {processor.py:830} INFO - Processing file /home/logi/txtai/venv/lib/python3.10/site-packages/airflow/example_dags/example_kubernetes_executor.py for tasks to queue
[2025-10-29T19:33:11.734+0530] {logging_mixin.py:188} INFO - [2025-10-29T19:33:11.733+0530] {dagbag.py:545} INFO - Filling up the DagBag from /home/logi/txtai/venv/lib/python3.10/site-packages/airflow/example_dags/example_kubernetes_executor.py
[2025-10-29T19:33:11.739+0530] {logging_mixin.py:188} INFO - [2025-10-29T19:33:11.739+0530] {example_kubernetes_executor.py:39} WARNING - The example_kubernetes_executor example DAG requires the kubernetes provider. Please install it with: pip install apache-airflow[cncf.kubernetes]
[2025-10-29T19:33:11.739+0530] {processor.py:842} WARNING - No viable dags retrieved from /home/logi/txtai/venv/lib/python3.10/site-packages/airflow/example_dags/example_kubernetes_executor.py
[2025-10-29T19:33:11.758+0530] {processor.py:183} INFO - Processing /home/logi/txtai/venv/lib/python3.10/site-packages/airflow/example_dags/example_kubernetes_executor.py took 0.052 seconds
[2025-10-29T19:34:23.433+0530] {processor.py:161} INFO - Started process (PID=16922) to work on /home/logi/txtai/venv/lib/python3.10/site-packages/airflow/example_dags/example_kubernetes_executor.py
[2025-10-29T19:34:23.435+0530] {processor.py:830} INFO - Processing file /home/logi/txtai/venv/lib/python3.10/site-packages/airflow/example_dags/example_kubernetes_executor.py for tasks to queue
[2025-10-29T19:34:23.437+0530] {logging_mixin.py:188} INFO - [2025-10-29T19:34:23.437+0530] {dagbag.py:545} INFO - Filling up the DagBag from /home/logi/txtai/venv/lib/python3.10/site-packages/airflow/example_dags/example_kubernetes_executor.py
[2025-10-29T19:34:23.442+0530] {logging_mixin.py:188} INFO - [2025-10-29T19:34:23.442+0530] {example_kubernetes_executor.py:39} WARNING - The example_kubernetes_executor example DAG requires the kubernetes provider. Please install it with: pip install apache-airflow[cncf.kubernetes]
[2025-10-29T19:34:23.443+0530] {processor.py:842} WARNING - No viable dags retrieved from /home/logi/txtai/venv/lib/python3.10/site-packages/airflow/example_dags/example_kubernetes_executor.py
[2025-10-29T19:34:23.461+0530] {processor.py:183} INFO - Processing /home/logi/txtai/venv/lib/python3.10/site-packages/airflow/example_dags/example_kubernetes_executor.py took 0.040 seconds
[2025-10-29T19:35:37.504+0530] {processor.py:161} INFO - Started process (PID=17057) to work on /home/logi/txtai/venv/lib/python3.10/site-packages/airflow/example_dags/example_kubernetes_executor.py
[2025-10-29T19:35:37.518+0530] {processor.py:830} INFO - Processing file /home/logi/txtai/venv/lib/python3.10/site-packages/airflow/example_dags/example_kubernetes_executor.py for tasks to queue
[2025-10-29T19:35:37.521+0530] {logging_mixin.py:188} INFO - [2025-10-29T19:35:37.521+0530] {dagbag.py:545} INFO - Filling up the DagBag from /home/logi/txtai/venv/lib/python3.10/site-packages/airflow/example_dags/example_kubernetes_executor.py
[2025-10-29T19:35:37.526+0530] {logging_mixin.py:188} INFO - [2025-10-29T19:35:37.526+0530] {example_kubernetes_executor.py:39} WARNING - The example_kubernetes_executor example DAG requires the kubernetes provider. Please install it with: pip install apache-airflow[cncf.kubernetes]
[2025-10-29T19:35:37.527+0530] {processor.py:842} WARNING - No viable dags retrieved from /home/logi/txtai/venv/lib/python3.10/site-packages/airflow/example_dags/example_kubernetes_executor.py
[2025-10-29T19:35:37.539+0530] {processor.py:183} INFO - Processing /home/logi/txtai/venv/lib/python3.10/site-packages/airflow/example_dags/example_kubernetes_executor.py took 0.047 seconds
[2025-10-29T19:36:29.962+0530] {processor.py:161} INFO - Started process (PID=17325) to work on /home/logi/txtai/venv/lib/python3.10/site-packages/airflow/example_dags/example_kubernetes_executor.py
[2025-10-29T19:36:29.975+0530] {processor.py:830} INFO - Processing file /home/logi/txtai/venv/lib/python3.10/site-packages/airflow/example_dags/example_kubernetes_executor.py for tasks to queue
[2025-10-29T19:36:29.979+0530] {logging_mixin.py:188} INFO - [2025-10-29T19:36:29.978+0530] {dagbag.py:545} INFO - Filling up the DagBag from /home/logi/txtai/venv/lib/python3.10/site-packages/airflow/example_dags/example_kubernetes_executor.py
[2025-10-29T19:36:29.984+0530] {logging_mixin.py:188} INFO - [2025-10-29T19:36:29.984+0530] {example_kubernetes_executor.py:39} WARNING - The example_kubernetes_executor example DAG requires the kubernetes provider. Please install it with: pip install apache-airflow[cncf.kubernetes]
[2025-10-29T19:36:29.984+0530] {processor.py:842} WARNING - No viable dags retrieved from /home/logi/txtai/venv/lib/python3.10/site-packages/airflow/example_dags/example_kubernetes_executor.py
[2025-10-29T19:36:30.003+0530] {processor.py:183} INFO - Processing /home/logi/txtai/venv/lib/python3.10/site-packages/airflow/example_dags/example_kubernetes_executor.py took 0.053 seconds
[2025-10-29T19:37:21.331+0530] {processor.py:161} INFO - Started process (PID=17395) to work on /home/logi/txtai/venv/lib/python3.10/site-packages/airflow/example_dags/example_kubernetes_executor.py
[2025-10-29T19:37:21.345+0530] {processor.py:830} INFO - Processing file /home/logi/txtai/venv/lib/python3.10/site-packages/airflow/example_dags/example_kubernetes_executor.py for tasks to queue
[2025-10-29T19:37:21.348+0530] {logging_mixin.py:188} INFO - [2025-10-29T19:37:21.347+0530] {dagbag.py:545} INFO - Filling up the DagBag from /home/logi/txtai/venv/lib/python3.10/site-packages/airflow/example_dags/example_kubernetes_executor.py
[2025-10-29T19:37:21.353+0530] {logging_mixin.py:188} INFO - [2025-10-29T19:37:21.352+0530] {example_kubernetes_executor.py:39} WARNING - The example_kubernetes_executor example DAG requires the kubernetes provider. Please install it with: pip install apache-airflow[cncf.kubernetes]
[2025-10-29T19:37:21.353+0530] {processor.py:842} WARNING - No viable dags retrieved from /home/logi/txtai/venv/lib/python3.10/site-packages/airflow/example_dags/example_kubernetes_executor.py
[2025-10-29T19:37:21.372+0530] {processor.py:183} INFO - Processing /home/logi/txtai/venv/lib/python3.10/site-packages/airflow/example_dags/example_kubernetes_executor.py took 0.052 seconds
[2025-10-29T19:38:38.153+0530] {processor.py:161} INFO - Started process (PID=17482) to work on /home/logi/txtai/venv/lib/python3.10/site-packages/airflow/example_dags/example_kubernetes_executor.py
[2025-10-29T19:38:38.167+0530] {processor.py:830} INFO - Processing file /home/logi/txtai/venv/lib/python3.10/site-packages/airflow/example_dags/example_kubernetes_executor.py for tasks to queue
[2025-10-29T19:38:38.170+0530] {logging_mixin.py:188} INFO - [2025-10-29T19:38:38.169+0530] {dagbag.py:545} INFO - Filling up the DagBag from /home/logi/txtai/venv/lib/python3.10/site-packages/airflow/example_dags/example_kubernetes_executor.py
[2025-10-29T19:38:38.175+0530] {logging_mixin.py:188} INFO - [2025-10-29T19:38:38.174+0530] {example_kubernetes_executor.py:39} WARNING - The example_kubernetes_executor example DAG requires the kubernetes provider. Please install it with: pip install apache-airflow[cncf.kubernetes]
[2025-10-29T19:38:38.175+0530] {processor.py:842} WARNING - No viable dags retrieved from /home/logi/txtai/venv/lib/python3.10/site-packages/airflow/example_dags/example_kubernetes_executor.py
[2025-10-29T19:38:38.193+0530] {processor.py:183} INFO - Processing /home/logi/txtai/venv/lib/python3.10/site-packages/airflow/example_dags/example_kubernetes_executor.py took 0.052 seconds
[2025-10-29T19:39:30.672+0530] {processor.py:161} INFO - Started process (PID=17565) to work on /home/logi/txtai/venv/lib/python3.10/site-packages/airflow/example_dags/example_kubernetes_executor.py
[2025-10-29T19:39:30.685+0530] {processor.py:830} INFO - Processing file /home/logi/txtai/venv/lib/python3.10/site-packages/airflow/example_dags/example_kubernetes_executor.py for tasks to queue
[2025-10-29T19:39:30.688+0530] {logging_mixin.py:188} INFO - [2025-10-29T19:39:30.688+0530] {dagbag.py:545} INFO - Filling up the DagBag from /home/logi/txtai/venv/lib/python3.10/site-packages/airflow/example_dags/example_kubernetes_executor.py
[2025-10-29T19:39:30.693+0530] {logging_mixin.py:188} INFO - [2025-10-29T19:39:30.693+0530] {example_kubernetes_executor.py:39} WARNING - The example_kubernetes_executor example DAG requires the kubernetes provider. Please install it with: pip install apache-airflow[cncf.kubernetes]
[2025-10-29T19:39:30.694+0530] {processor.py:842} WARNING - No viable dags retrieved from /home/logi/txtai/venv/lib/python3.10/site-packages/airflow/example_dags/example_kubernetes_executor.py
[2025-10-29T19:39:30.711+0530] {processor.py:183} INFO - Processing /home/logi/txtai/venv/lib/python3.10/site-packages/airflow/example_dags/example_kubernetes_executor.py took 0.050 seconds
[2025-10-29T19:40:22.969+0530] {processor.py:161} INFO - Started process (PID=17727) to work on /home/logi/txtai/venv/lib/python3.10/site-packages/airflow/example_dags/example_kubernetes_executor.py
[2025-10-29T19:40:22.971+0530] {processor.py:830} INFO - Processing file /home/logi/txtai/venv/lib/python3.10/site-packages/airflow/example_dags/example_kubernetes_executor.py for tasks to queue
[2025-10-29T19:40:22.974+0530] {logging_mixin.py:188} INFO - [2025-10-29T19:40:22.973+0530] {dagbag.py:545} INFO - Filling up the DagBag from /home/logi/txtai/venv/lib/python3.10/site-packages/airflow/example_dags/example_kubernetes_executor.py
[2025-10-29T19:40:22.980+0530] {logging_mixin.py:188} INFO - [2025-10-29T19:40:22.980+0530] {example_kubernetes_executor.py:39} WARNING - The example_kubernetes_executor example DAG requires the kubernetes provider. Please install it with: pip install apache-airflow[cncf.kubernetes]
[2025-10-29T19:40:22.981+0530] {processor.py:842} WARNING - No viable dags retrieved from /home/logi/txtai/venv/lib/python3.10/site-packages/airflow/example_dags/example_kubernetes_executor.py
[2025-10-29T19:40:23.001+0530] {processor.py:183} INFO - Processing /home/logi/txtai/venv/lib/python3.10/site-packages/airflow/example_dags/example_kubernetes_executor.py took 0.044 seconds
[2025-10-29T19:41:38.803+0530] {processor.py:161} INFO - Started process (PID=17944) to work on /home/logi/txtai/venv/lib/python3.10/site-packages/airflow/example_dags/example_kubernetes_executor.py
[2025-10-29T19:41:38.816+0530] {processor.py:830} INFO - Processing file /home/logi/txtai/venv/lib/python3.10/site-packages/airflow/example_dags/example_kubernetes_executor.py for tasks to queue
[2025-10-29T19:41:38.819+0530] {logging_mixin.py:188} INFO - [2025-10-29T19:41:38.819+0530] {dagbag.py:545} INFO - Filling up the DagBag from /home/logi/txtai/venv/lib/python3.10/site-packages/airflow/example_dags/example_kubernetes_executor.py
[2025-10-29T19:41:38.824+0530] {logging_mixin.py:188} INFO - [2025-10-29T19:41:38.824+0530] {example_kubernetes_executor.py:39} WARNING - The example_kubernetes_executor example DAG requires the kubernetes provider. Please install it with: pip install apache-airflow[cncf.kubernetes]
[2025-10-29T19:41:38.825+0530] {processor.py:842} WARNING - No viable dags retrieved from /home/logi/txtai/venv/lib/python3.10/site-packages/airflow/example_dags/example_kubernetes_executor.py
[2025-10-29T19:41:38.844+0530] {processor.py:183} INFO - Processing /home/logi/txtai/venv/lib/python3.10/site-packages/airflow/example_dags/example_kubernetes_executor.py took 0.053 seconds
[2025-10-29T19:42:31.483+0530] {processor.py:161} INFO - Started process (PID=18010) to work on /home/logi/txtai/venv/lib/python3.10/site-packages/airflow/example_dags/example_kubernetes_executor.py
[2025-10-29T19:42:31.497+0530] {processor.py:830} INFO - Processing file /home/logi/txtai/venv/lib/python3.10/site-packages/airflow/example_dags/example_kubernetes_executor.py for tasks to queue
[2025-10-29T19:42:31.501+0530] {logging_mixin.py:188} INFO - [2025-10-29T19:42:31.500+0530] {dagbag.py:545} INFO - Filling up the DagBag from /home/logi/txtai/venv/lib/python3.10/site-packages/airflow/example_dags/example_kubernetes_executor.py
[2025-10-29T19:42:31.507+0530] {logging_mixin.py:188} INFO - [2025-10-29T19:42:31.506+0530] {example_kubernetes_executor.py:39} WARNING - The example_kubernetes_executor example DAG requires the kubernetes provider. Please install it with: pip install apache-airflow[cncf.kubernetes]
[2025-10-29T19:42:31.508+0530] {processor.py:842} WARNING - No viable dags retrieved from /home/logi/txtai/venv/lib/python3.10/site-packages/airflow/example_dags/example_kubernetes_executor.py
[2025-10-29T19:42:31.530+0530] {processor.py:183} INFO - Processing /home/logi/txtai/venv/lib/python3.10/site-packages/airflow/example_dags/example_kubernetes_executor.py took 0.060 seconds
[2025-10-29T19:43:25.242+0530] {processor.py:161} INFO - Started process (PID=18085) to work on /home/logi/txtai/venv/lib/python3.10/site-packages/airflow/example_dags/example_kubernetes_executor.py
[2025-10-29T19:43:25.256+0530] {processor.py:830} INFO - Processing file /home/logi/txtai/venv/lib/python3.10/site-packages/airflow/example_dags/example_kubernetes_executor.py for tasks to queue
[2025-10-29T19:43:25.259+0530] {logging_mixin.py:188} INFO - [2025-10-29T19:43:25.258+0530] {dagbag.py:545} INFO - Filling up the DagBag from /home/logi/txtai/venv/lib/python3.10/site-packages/airflow/example_dags/example_kubernetes_executor.py
[2025-10-29T19:43:25.264+0530] {logging_mixin.py:188} INFO - [2025-10-29T19:43:25.263+0530] {example_kubernetes_executor.py:39} WARNING - The example_kubernetes_executor example DAG requires the kubernetes provider. Please install it with: pip install apache-airflow[cncf.kubernetes]
[2025-10-29T19:43:25.264+0530] {processor.py:842} WARNING - No viable dags retrieved from /home/logi/txtai/venv/lib/python3.10/site-packages/airflow/example_dags/example_kubernetes_executor.py
[2025-10-29T19:43:25.283+0530] {processor.py:183} INFO - Processing /home/logi/txtai/venv/lib/python3.10/site-packages/airflow/example_dags/example_kubernetes_executor.py took 0.053 seconds
[2025-10-29T19:44:17.292+0530] {processor.py:161} INFO - Started process (PID=18169) to work on /home/logi/txtai/venv/lib/python3.10/site-packages/airflow/example_dags/example_kubernetes_executor.py
[2025-10-29T19:44:17.305+0530] {processor.py:830} INFO - Processing file /home/logi/txtai/venv/lib/python3.10/site-packages/airflow/example_dags/example_kubernetes_executor.py for tasks to queue
[2025-10-29T19:44:17.308+0530] {logging_mixin.py:188} INFO - [2025-10-29T19:44:17.308+0530] {dagbag.py:545} INFO - Filling up the DagBag from /home/logi/txtai/venv/lib/python3.10/site-packages/airflow/example_dags/example_kubernetes_executor.py
[2025-10-29T19:44:17.313+0530] {logging_mixin.py:188} INFO - [2025-10-29T19:44:17.313+0530] {example_kubernetes_executor.py:39} WARNING - The example_kubernetes_executor example DAG requires the kubernetes provider. Please install it with: pip install apache-airflow[cncf.kubernetes]
[2025-10-29T19:44:17.314+0530] {processor.py:842} WARNING - No viable dags retrieved from /home/logi/txtai/venv/lib/python3.10/site-packages/airflow/example_dags/example_kubernetes_executor.py
[2025-10-29T19:44:17.335+0530] {processor.py:183} INFO - Processing /home/logi/txtai/venv/lib/python3.10/site-packages/airflow/example_dags/example_kubernetes_executor.py took 0.055 seconds
[2025-10-29T19:45:10.752+0530] {processor.py:161} INFO - Started process (PID=18264) to work on /home/logi/txtai/venv/lib/python3.10/site-packages/airflow/example_dags/example_kubernetes_executor.py
[2025-10-29T19:45:10.766+0530] {processor.py:830} INFO - Processing file /home/logi/txtai/venv/lib/python3.10/site-packages/airflow/example_dags/example_kubernetes_executor.py for tasks to queue
[2025-10-29T19:45:10.769+0530] {logging_mixin.py:188} INFO - [2025-10-29T19:45:10.768+0530] {dagbag.py:545} INFO - Filling up the DagBag from /home/logi/txtai/venv/lib/python3.10/site-packages/airflow/example_dags/example_kubernetes_executor.py
[2025-10-29T19:45:10.774+0530] {logging_mixin.py:188} INFO - [2025-10-29T19:45:10.774+0530] {example_kubernetes_executor.py:39} WARNING - The example_kubernetes_executor example DAG requires the kubernetes provider. Please install it with: pip install apache-airflow[cncf.kubernetes]
[2025-10-29T19:45:10.775+0530] {processor.py:842} WARNING - No viable dags retrieved from /home/logi/txtai/venv/lib/python3.10/site-packages/airflow/example_dags/example_kubernetes_executor.py
[2025-10-29T19:45:10.794+0530] {processor.py:183} INFO - Processing /home/logi/txtai/venv/lib/python3.10/site-packages/airflow/example_dags/example_kubernetes_executor.py took 0.054 seconds
[2025-10-29T19:46:06.291+0530] {processor.py:161} INFO - Started process (PID=18345) to work on /home/logi/txtai/venv/lib/python3.10/site-packages/airflow/example_dags/example_kubernetes_executor.py
[2025-10-29T19:46:06.305+0530] {processor.py:830} INFO - Processing file /home/logi/txtai/venv/lib/python3.10/site-packages/airflow/example_dags/example_kubernetes_executor.py for tasks to queue
[2025-10-29T19:46:06.308+0530] {logging_mixin.py:188} INFO - [2025-10-29T19:46:06.308+0530] {dagbag.py:545} INFO - Filling up the DagBag from /home/logi/txtai/venv/lib/python3.10/site-packages/airflow/example_dags/example_kubernetes_executor.py
[2025-10-29T19:46:06.314+0530] {logging_mixin.py:188} INFO - [2025-10-29T19:46:06.313+0530] {example_kubernetes_executor.py:39} WARNING - The example_kubernetes_executor example DAG requires the kubernetes provider. Please install it with: pip install apache-airflow[cncf.kubernetes]
[2025-10-29T19:46:06.314+0530] {processor.py:842} WARNING - No viable dags retrieved from /home/logi/txtai/venv/lib/python3.10/site-packages/airflow/example_dags/example_kubernetes_executor.py
[2025-10-29T19:46:06.332+0530] {processor.py:183} INFO - Processing /home/logi/txtai/venv/lib/python3.10/site-packages/airflow/example_dags/example_kubernetes_executor.py took 0.053 seconds
[2025-10-29T19:47:00.084+0530] {processor.py:161} INFO - Started process (PID=18412) to work on /home/logi/txtai/venv/lib/python3.10/site-packages/airflow/example_dags/example_kubernetes_executor.py
[2025-10-29T19:47:00.086+0530] {processor.py:830} INFO - Processing file /home/logi/txtai/venv/lib/python3.10/site-packages/airflow/example_dags/example_kubernetes_executor.py for tasks to queue
[2025-10-29T19:47:00.089+0530] {logging_mixin.py:188} INFO - [2025-10-29T19:47:00.088+0530] {dagbag.py:545} INFO - Filling up the DagBag from /home/logi/txtai/venv/lib/python3.10/site-packages/airflow/example_dags/example_kubernetes_executor.py
[2025-10-29T19:47:00.094+0530] {logging_mixin.py:188} INFO - [2025-10-29T19:47:00.094+0530] {example_kubernetes_executor.py:39} WARNING - The example_kubernetes_executor example DAG requires the kubernetes provider. Please install it with: pip install apache-airflow[cncf.kubernetes]
[2025-10-29T19:47:00.095+0530] {processor.py:842} WARNING - No viable dags retrieved from /home/logi/txtai/venv/lib/python3.10/site-packages/airflow/example_dags/example_kubernetes_executor.py
[2025-10-29T19:47:00.114+0530] {processor.py:183} INFO - Processing /home/logi/txtai/venv/lib/python3.10/site-packages/airflow/example_dags/example_kubernetes_executor.py took 0.042 seconds
[2025-10-29T19:47:53.393+0530] {processor.py:161} INFO - Started process (PID=18475) to work on /home/logi/txtai/venv/lib/python3.10/site-packages/airflow/example_dags/example_kubernetes_executor.py
[2025-10-29T19:47:53.407+0530] {processor.py:830} INFO - Processing file /home/logi/txtai/venv/lib/python3.10/site-packages/airflow/example_dags/example_kubernetes_executor.py for tasks to queue
[2025-10-29T19:47:53.410+0530] {logging_mixin.py:188} INFO - [2025-10-29T19:47:53.410+0530] {dagbag.py:545} INFO - Filling up the DagBag from /home/logi/txtai/venv/lib/python3.10/site-packages/airflow/example_dags/example_kubernetes_executor.py
[2025-10-29T19:47:53.416+0530] {logging_mixin.py:188} INFO - [2025-10-29T19:47:53.416+0530] {example_kubernetes_executor.py:39} WARNING - The example_kubernetes_executor example DAG requires the kubernetes provider. Please install it with: pip install apache-airflow[cncf.kubernetes]
[2025-10-29T19:47:53.417+0530] {processor.py:842} WARNING - No viable dags retrieved from /home/logi/txtai/venv/lib/python3.10/site-packages/airflow/example_dags/example_kubernetes_executor.py
[2025-10-29T19:47:53.439+0530] {processor.py:183} INFO - Processing /home/logi/txtai/venv/lib/python3.10/site-packages/airflow/example_dags/example_kubernetes_executor.py took 0.059 seconds
[2025-10-29T19:48:48.203+0530] {processor.py:161} INFO - Started process (PID=18589) to work on /home/logi/txtai/venv/lib/python3.10/site-packages/airflow/example_dags/example_kubernetes_executor.py
[2025-10-29T19:48:48.219+0530] {processor.py:830} INFO - Processing file /home/logi/txtai/venv/lib/python3.10/site-packages/airflow/example_dags/example_kubernetes_executor.py for tasks to queue
[2025-10-29T19:48:48.228+0530] {logging_mixin.py:188} INFO - [2025-10-29T19:48:48.227+0530] {dagbag.py:545} INFO - Filling up the DagBag from /home/logi/txtai/venv/lib/python3.10/site-packages/airflow/example_dags/example_kubernetes_executor.py
[2025-10-29T19:48:48.246+0530] {logging_mixin.py:188} INFO - [2025-10-29T19:48:48.244+0530] {example_kubernetes_executor.py:39} WARNING - The example_kubernetes_executor example DAG requires the kubernetes provider. Please install it with: pip install apache-airflow[cncf.kubernetes]
[2025-10-29T19:48:48.247+0530] {processor.py:842} WARNING - No viable dags retrieved from /home/logi/txtai/venv/lib/python3.10/site-packages/airflow/example_dags/example_kubernetes_executor.py
[2025-10-29T19:48:48.309+0530] {processor.py:183} INFO - Processing /home/logi/txtai/venv/lib/python3.10/site-packages/airflow/example_dags/example_kubernetes_executor.py took 0.129 seconds
[2025-10-29T19:49:44.977+0530] {processor.py:161} INFO - Started process (PID=18718) to work on /home/logi/txtai/venv/lib/python3.10/site-packages/airflow/example_dags/example_kubernetes_executor.py
[2025-10-29T19:49:44.991+0530] {processor.py:830} INFO - Processing file /home/logi/txtai/venv/lib/python3.10/site-packages/airflow/example_dags/example_kubernetes_executor.py for tasks to queue
[2025-10-29T19:49:44.994+0530] {logging_mixin.py:188} INFO - [2025-10-29T19:49:44.993+0530] {dagbag.py:545} INFO - Filling up the DagBag from /home/logi/txtai/venv/lib/python3.10/site-packages/airflow/example_dags/example_kubernetes_executor.py
[2025-10-29T19:49:45.000+0530] {logging_mixin.py:188} INFO - [2025-10-29T19:49:44.999+0530] {example_kubernetes_executor.py:39} WARNING - The example_kubernetes_executor example DAG requires the kubernetes provider. Please install it with: pip install apache-airflow[cncf.kubernetes]
[2025-10-29T19:49:45.000+0530] {processor.py:842} WARNING - No viable dags retrieved from /home/logi/txtai/venv/lib/python3.10/site-packages/airflow/example_dags/example_kubernetes_executor.py
[2025-10-29T19:49:45.020+0530] {processor.py:183} INFO - Processing /home/logi/txtai/venv/lib/python3.10/site-packages/airflow/example_dags/example_kubernetes_executor.py took 0.055 seconds
[2025-10-29T19:50:37.229+0530] {processor.py:161} INFO - Started process (PID=18781) to work on /home/logi/txtai/venv/lib/python3.10/site-packages/airflow/example_dags/example_kubernetes_executor.py
[2025-10-29T19:50:37.242+0530] {processor.py:830} INFO - Processing file /home/logi/txtai/venv/lib/python3.10/site-packages/airflow/example_dags/example_kubernetes_executor.py for tasks to queue
[2025-10-29T19:50:37.245+0530] {logging_mixin.py:188} INFO - [2025-10-29T19:50:37.244+0530] {dagbag.py:545} INFO - Filling up the DagBag from /home/logi/txtai/venv/lib/python3.10/site-packages/airflow/example_dags/example_kubernetes_executor.py
[2025-10-29T19:50:37.250+0530] {logging_mixin.py:188} INFO - [2025-10-29T19:50:37.250+0530] {example_kubernetes_executor.py:39} WARNING - The example_kubernetes_executor example DAG requires the kubernetes provider. Please install it with: pip install apache-airflow[cncf.kubernetes]
[2025-10-29T19:50:37.250+0530] {processor.py:842} WARNING - No viable dags retrieved from /home/logi/txtai/venv/lib/python3.10/site-packages/airflow/example_dags/example_kubernetes_executor.py
[2025-10-29T19:50:37.268+0530] {processor.py:183} INFO - Processing /home/logi/txtai/venv/lib/python3.10/site-packages/airflow/example_dags/example_kubernetes_executor.py took 0.051 seconds
[2025-10-29T19:51:32.200+0530] {processor.py:161} INFO - Started process (PID=18879) to work on /home/logi/txtai/venv/lib/python3.10/site-packages/airflow/example_dags/example_kubernetes_executor.py
[2025-10-29T19:51:32.213+0530] {processor.py:830} INFO - Processing file /home/logi/txtai/venv/lib/python3.10/site-packages/airflow/example_dags/example_kubernetes_executor.py for tasks to queue
[2025-10-29T19:51:32.215+0530] {logging_mixin.py:188} INFO - [2025-10-29T19:51:32.215+0530] {dagbag.py:545} INFO - Filling up the DagBag from /home/logi/txtai/venv/lib/python3.10/site-packages/airflow/example_dags/example_kubernetes_executor.py
[2025-10-29T19:51:32.218+0530] {logging_mixin.py:188} INFO - [2025-10-29T19:51:32.218+0530] {example_kubernetes_executor.py:39} WARNING - The example_kubernetes_executor example DAG requires the kubernetes provider. Please install it with: pip install apache-airflow[cncf.kubernetes]
[2025-10-29T19:51:32.219+0530] {processor.py:842} WARNING - No viable dags retrieved from /home/logi/txtai/venv/lib/python3.10/site-packages/airflow/example_dags/example_kubernetes_executor.py
[2025-10-29T19:51:32.230+0530] {processor.py:183} INFO - Processing /home/logi/txtai/venv/lib/python3.10/site-packages/airflow/example_dags/example_kubernetes_executor.py took 0.039 seconds
[2025-10-29T19:52:25.985+0530] {processor.py:161} INFO - Started process (PID=18944) to work on /home/logi/txtai/venv/lib/python3.10/site-packages/airflow/example_dags/example_kubernetes_executor.py
[2025-10-29T19:52:25.998+0530] {processor.py:830} INFO - Processing file /home/logi/txtai/venv/lib/python3.10/site-packages/airflow/example_dags/example_kubernetes_executor.py for tasks to queue
[2025-10-29T19:52:26.001+0530] {logging_mixin.py:188} INFO - [2025-10-29T19:52:26.000+0530] {dagbag.py:545} INFO - Filling up the DagBag from /home/logi/txtai/venv/lib/python3.10/site-packages/airflow/example_dags/example_kubernetes_executor.py
[2025-10-29T19:52:26.006+0530] {logging_mixin.py:188} INFO - [2025-10-29T19:52:26.006+0530] {example_kubernetes_executor.py:39} WARNING - The example_kubernetes_executor example DAG requires the kubernetes provider. Please install it with: pip install apache-airflow[cncf.kubernetes]
[2025-10-29T19:52:26.006+0530] {processor.py:842} WARNING - No viable dags retrieved from /home/logi/txtai/venv/lib/python3.10/site-packages/airflow/example_dags/example_kubernetes_executor.py
[2025-10-29T19:52:26.025+0530] {processor.py:183} INFO - Processing /home/logi/txtai/venv/lib/python3.10/site-packages/airflow/example_dags/example_kubernetes_executor.py took 0.052 seconds
[2025-10-29T19:53:40.262+0530] {processor.py:161} INFO - Started process (PID=19030) to work on /home/logi/txtai/venv/lib/python3.10/site-packages/airflow/example_dags/example_kubernetes_executor.py
[2025-10-29T19:53:40.275+0530] {processor.py:830} INFO - Processing file /home/logi/txtai/venv/lib/python3.10/site-packages/airflow/example_dags/example_kubernetes_executor.py for tasks to queue
[2025-10-29T19:53:40.278+0530] {logging_mixin.py:188} INFO - [2025-10-29T19:53:40.277+0530] {dagbag.py:545} INFO - Filling up the DagBag from /home/logi/txtai/venv/lib/python3.10/site-packages/airflow/example_dags/example_kubernetes_executor.py
[2025-10-29T19:53:40.281+0530] {logging_mixin.py:188} INFO - [2025-10-29T19:53:40.280+0530] {example_kubernetes_executor.py:39} WARNING - The example_kubernetes_executor example DAG requires the kubernetes provider. Please install it with: pip install apache-airflow[cncf.kubernetes]
[2025-10-29T19:53:40.281+0530] {processor.py:842} WARNING - No viable dags retrieved from /home/logi/txtai/venv/lib/python3.10/site-packages/airflow/example_dags/example_kubernetes_executor.py
[2025-10-29T19:53:40.292+0530] {processor.py:183} INFO - Processing /home/logi/txtai/venv/lib/python3.10/site-packages/airflow/example_dags/example_kubernetes_executor.py took 0.036 seconds
[2025-10-29T19:54:34.512+0530] {processor.py:161} INFO - Started process (PID=19133) to work on /home/logi/txtai/venv/lib/python3.10/site-packages/airflow/example_dags/example_kubernetes_executor.py
[2025-10-29T19:54:34.526+0530] {processor.py:830} INFO - Processing file /home/logi/txtai/venv/lib/python3.10/site-packages/airflow/example_dags/example_kubernetes_executor.py for tasks to queue
[2025-10-29T19:54:34.530+0530] {logging_mixin.py:188} INFO - [2025-10-29T19:54:34.529+0530] {dagbag.py:545} INFO - Filling up the DagBag from /home/logi/txtai/venv/lib/python3.10/site-packages/airflow/example_dags/example_kubernetes_executor.py
[2025-10-29T19:54:34.535+0530] {logging_mixin.py:188} INFO - [2025-10-29T19:54:34.534+0530] {example_kubernetes_executor.py:39} WARNING - The example_kubernetes_executor example DAG requires the kubernetes provider. Please install it with: pip install apache-airflow[cncf.kubernetes]
[2025-10-29T19:54:34.535+0530] {processor.py:842} WARNING - No viable dags retrieved from /home/logi/txtai/venv/lib/python3.10/site-packages/airflow/example_dags/example_kubernetes_executor.py
[2025-10-29T19:54:34.547+0530] {processor.py:183} INFO - Processing /home/logi/txtai/venv/lib/python3.10/site-packages/airflow/example_dags/example_kubernetes_executor.py took 0.046 seconds
[2025-10-29T19:55:32.279+0530] {processor.py:161} INFO - Started process (PID=19203) to work on /home/logi/txtai/venv/lib/python3.10/site-packages/airflow/example_dags/example_kubernetes_executor.py
[2025-10-29T19:55:32.292+0530] {processor.py:830} INFO - Processing file /home/logi/txtai/venv/lib/python3.10/site-packages/airflow/example_dags/example_kubernetes_executor.py for tasks to queue
[2025-10-29T19:55:32.295+0530] {logging_mixin.py:188} INFO - [2025-10-29T19:55:32.295+0530] {dagbag.py:545} INFO - Filling up the DagBag from /home/logi/txtai/venv/lib/python3.10/site-packages/airflow/example_dags/example_kubernetes_executor.py
[2025-10-29T19:55:32.301+0530] {logging_mixin.py:188} INFO - [2025-10-29T19:55:32.300+0530] {example_kubernetes_executor.py:39} WARNING - The example_kubernetes_executor example DAG requires the kubernetes provider. Please install it with: pip install apache-airflow[cncf.kubernetes]
[2025-10-29T19:55:32.301+0530] {processor.py:842} WARNING - No viable dags retrieved from /home/logi/txtai/venv/lib/python3.10/site-packages/airflow/example_dags/example_kubernetes_executor.py
[2025-10-29T19:55:32.321+0530] {processor.py:183} INFO - Processing /home/logi/txtai/venv/lib/python3.10/site-packages/airflow/example_dags/example_kubernetes_executor.py took 0.053 seconds
[2025-10-29T19:56:25.496+0530] {processor.py:161} INFO - Started process (PID=19270) to work on /home/logi/txtai/venv/lib/python3.10/site-packages/airflow/example_dags/example_kubernetes_executor.py
[2025-10-29T19:56:25.509+0530] {processor.py:830} INFO - Processing file /home/logi/txtai/venv/lib/python3.10/site-packages/airflow/example_dags/example_kubernetes_executor.py for tasks to queue
[2025-10-29T19:56:25.512+0530] {logging_mixin.py:188} INFO - [2025-10-29T19:56:25.511+0530] {dagbag.py:545} INFO - Filling up the DagBag from /home/logi/txtai/venv/lib/python3.10/site-packages/airflow/example_dags/example_kubernetes_executor.py
[2025-10-29T19:56:25.516+0530] {logging_mixin.py:188} INFO - [2025-10-29T19:56:25.516+0530] {example_kubernetes_executor.py:39} WARNING - The example_kubernetes_executor example DAG requires the kubernetes provider. Please install it with: pip install apache-airflow[cncf.kubernetes]
[2025-10-29T19:56:25.517+0530] {processor.py:842} WARNING - No viable dags retrieved from /home/logi/txtai/venv/lib/python3.10/site-packages/airflow/example_dags/example_kubernetes_executor.py
[2025-10-29T19:56:25.533+0530] {processor.py:183} INFO - Processing /home/logi/txtai/venv/lib/python3.10/site-packages/airflow/example_dags/example_kubernetes_executor.py took 0.048 seconds
[2025-10-29T19:57:21.069+0530] {processor.py:161} INFO - Started process (PID=19355) to work on /home/logi/txtai/venv/lib/python3.10/site-packages/airflow/example_dags/example_kubernetes_executor.py
[2025-10-29T19:57:21.082+0530] {processor.py:830} INFO - Processing file /home/logi/txtai/venv/lib/python3.10/site-packages/airflow/example_dags/example_kubernetes_executor.py for tasks to queue
[2025-10-29T19:57:21.085+0530] {logging_mixin.py:188} INFO - [2025-10-29T19:57:21.084+0530] {dagbag.py:545} INFO - Filling up the DagBag from /home/logi/txtai/venv/lib/python3.10/site-packages/airflow/example_dags/example_kubernetes_executor.py
[2025-10-29T19:57:21.090+0530] {logging_mixin.py:188} INFO - [2025-10-29T19:57:21.089+0530] {example_kubernetes_executor.py:39} WARNING - The example_kubernetes_executor example DAG requires the kubernetes provider. Please install it with: pip install apache-airflow[cncf.kubernetes]
[2025-10-29T19:57:21.090+0530] {processor.py:842} WARNING - No viable dags retrieved from /home/logi/txtai/venv/lib/python3.10/site-packages/airflow/example_dags/example_kubernetes_executor.py
[2025-10-29T19:57:21.108+0530] {processor.py:183} INFO - Processing /home/logi/txtai/venv/lib/python3.10/site-packages/airflow/example_dags/example_kubernetes_executor.py took 0.051 seconds
[2025-10-29T19:58:17.339+0530] {processor.py:161} INFO - Started process (PID=19527) to work on /home/logi/txtai/venv/lib/python3.10/site-packages/airflow/example_dags/example_kubernetes_executor.py
[2025-10-29T19:58:17.353+0530] {processor.py:830} INFO - Processing file /home/logi/txtai/venv/lib/python3.10/site-packages/airflow/example_dags/example_kubernetes_executor.py for tasks to queue
[2025-10-29T19:58:17.359+0530] {logging_mixin.py:188} INFO - [2025-10-29T19:58:17.358+0530] {dagbag.py:545} INFO - Filling up the DagBag from /home/logi/txtai/venv/lib/python3.10/site-packages/airflow/example_dags/example_kubernetes_executor.py
[2025-10-29T19:58:17.365+0530] {logging_mixin.py:188} INFO - [2025-10-29T19:58:17.364+0530] {example_kubernetes_executor.py:39} WARNING - The example_kubernetes_executor example DAG requires the kubernetes provider. Please install it with: pip install apache-airflow[cncf.kubernetes]
[2025-10-29T19:58:17.365+0530] {processor.py:842} WARNING - No viable dags retrieved from /home/logi/txtai/venv/lib/python3.10/site-packages/airflow/example_dags/example_kubernetes_executor.py
[2025-10-29T19:58:17.384+0530] {processor.py:183} INFO - Processing /home/logi/txtai/venv/lib/python3.10/site-packages/airflow/example_dags/example_kubernetes_executor.py took 0.057 seconds
[2025-10-29T19:59:13.561+0530] {processor.py:161} INFO - Started process (PID=19636) to work on /home/logi/txtai/venv/lib/python3.10/site-packages/airflow/example_dags/example_kubernetes_executor.py
[2025-10-29T19:59:13.575+0530] {processor.py:830} INFO - Processing file /home/logi/txtai/venv/lib/python3.10/site-packages/airflow/example_dags/example_kubernetes_executor.py for tasks to queue
[2025-10-29T19:59:13.578+0530] {logging_mixin.py:188} INFO - [2025-10-29T19:59:13.577+0530] {dagbag.py:545} INFO - Filling up the DagBag from /home/logi/txtai/venv/lib/python3.10/site-packages/airflow/example_dags/example_kubernetes_executor.py
[2025-10-29T19:59:13.583+0530] {logging_mixin.py:188} INFO - [2025-10-29T19:59:13.583+0530] {example_kubernetes_executor.py:39} WARNING - The example_kubernetes_executor example DAG requires the kubernetes provider. Please install it with: pip install apache-airflow[cncf.kubernetes]
[2025-10-29T19:59:13.584+0530] {processor.py:842} WARNING - No viable dags retrieved from /home/logi/txtai/venv/lib/python3.10/site-packages/airflow/example_dags/example_kubernetes_executor.py
[2025-10-29T19:59:13.603+0530] {processor.py:183} INFO - Processing /home/logi/txtai/venv/lib/python3.10/site-packages/airflow/example_dags/example_kubernetes_executor.py took 0.049 seconds
[2025-10-29T20:00:05.893+0530] {processor.py:161} INFO - Started process (PID=19740) to work on /home/logi/txtai/venv/lib/python3.10/site-packages/airflow/example_dags/example_kubernetes_executor.py
[2025-10-29T20:00:05.906+0530] {processor.py:830} INFO - Processing file /home/logi/txtai/venv/lib/python3.10/site-packages/airflow/example_dags/example_kubernetes_executor.py for tasks to queue
[2025-10-29T20:00:05.909+0530] {logging_mixin.py:188} INFO - [2025-10-29T20:00:05.908+0530] {dagbag.py:545} INFO - Filling up the DagBag from /home/logi/txtai/venv/lib/python3.10/site-packages/airflow/example_dags/example_kubernetes_executor.py
[2025-10-29T20:00:05.914+0530] {logging_mixin.py:188} INFO - [2025-10-29T20:00:05.914+0530] {example_kubernetes_executor.py:39} WARNING - The example_kubernetes_executor example DAG requires the kubernetes provider. Please install it with: pip install apache-airflow[cncf.kubernetes]
[2025-10-29T20:00:05.914+0530] {processor.py:842} WARNING - No viable dags retrieved from /home/logi/txtai/venv/lib/python3.10/site-packages/airflow/example_dags/example_kubernetes_executor.py
[2025-10-29T20:00:05.932+0530] {processor.py:183} INFO - Processing /home/logi/txtai/venv/lib/python3.10/site-packages/airflow/example_dags/example_kubernetes_executor.py took 0.051 seconds
[2025-10-29T20:01:00.655+0530] {processor.py:161} INFO - Started process (PID=19878) to work on /home/logi/txtai/venv/lib/python3.10/site-packages/airflow/example_dags/example_kubernetes_executor.py
[2025-10-29T20:01:00.670+0530] {processor.py:830} INFO - Processing file /home/logi/txtai/venv/lib/python3.10/site-packages/airflow/example_dags/example_kubernetes_executor.py for tasks to queue
[2025-10-29T20:01:00.676+0530] {logging_mixin.py:188} INFO - [2025-10-29T20:01:00.675+0530] {dagbag.py:545} INFO - Filling up the DagBag from /home/logi/txtai/venv/lib/python3.10/site-packages/airflow/example_dags/example_kubernetes_executor.py
[2025-10-29T20:01:00.682+0530] {logging_mixin.py:188} INFO - [2025-10-29T20:01:00.681+0530] {example_kubernetes_executor.py:39} WARNING - The example_kubernetes_executor example DAG requires the kubernetes provider. Please install it with: pip install apache-airflow[cncf.kubernetes]
[2025-10-29T20:01:00.683+0530] {processor.py:842} WARNING - No viable dags retrieved from /home/logi/txtai/venv/lib/python3.10/site-packages/airflow/example_dags/example_kubernetes_executor.py
[2025-10-29T20:01:00.710+0530] {processor.py:183} INFO - Processing /home/logi/txtai/venv/lib/python3.10/site-packages/airflow/example_dags/example_kubernetes_executor.py took 0.072 seconds
[2025-10-29T20:01:56.051+0530] {processor.py:161} INFO - Started process (PID=20001) to work on /home/logi/txtai/venv/lib/python3.10/site-packages/airflow/example_dags/example_kubernetes_executor.py
[2025-10-29T20:01:56.065+0530] {processor.py:830} INFO - Processing file /home/logi/txtai/venv/lib/python3.10/site-packages/airflow/example_dags/example_kubernetes_executor.py for tasks to queue
[2025-10-29T20:01:56.068+0530] {logging_mixin.py:188} INFO - [2025-10-29T20:01:56.067+0530] {dagbag.py:545} INFO - Filling up the DagBag from /home/logi/txtai/venv/lib/python3.10/site-packages/airflow/example_dags/example_kubernetes_executor.py
[2025-10-29T20:01:56.071+0530] {logging_mixin.py:188} INFO - [2025-10-29T20:01:56.071+0530] {example_kubernetes_executor.py:39} WARNING - The example_kubernetes_executor example DAG requires the kubernetes provider. Please install it with: pip install apache-airflow[cncf.kubernetes]
[2025-10-29T20:01:56.071+0530] {processor.py:842} WARNING - No viable dags retrieved from /home/logi/txtai/venv/lib/python3.10/site-packages/airflow/example_dags/example_kubernetes_executor.py
[2025-10-29T20:01:56.083+0530] {processor.py:183} INFO - Processing /home/logi/txtai/venv/lib/python3.10/site-packages/airflow/example_dags/example_kubernetes_executor.py took 0.040 seconds
[2025-10-29T20:02:52.250+0530] {processor.py:161} INFO - Started process (PID=20118) to work on /home/logi/txtai/venv/lib/python3.10/site-packages/airflow/example_dags/example_kubernetes_executor.py
[2025-10-29T20:02:52.264+0530] {processor.py:830} INFO - Processing file /home/logi/txtai/venv/lib/python3.10/site-packages/airflow/example_dags/example_kubernetes_executor.py for tasks to queue
[2025-10-29T20:02:52.267+0530] {logging_mixin.py:188} INFO - [2025-10-29T20:02:52.266+0530] {dagbag.py:545} INFO - Filling up the DagBag from /home/logi/txtai/venv/lib/python3.10/site-packages/airflow/example_dags/example_kubernetes_executor.py
[2025-10-29T20:02:52.272+0530] {logging_mixin.py:188} INFO - [2025-10-29T20:02:52.272+0530] {example_kubernetes_executor.py:39} WARNING - The example_kubernetes_executor example DAG requires the kubernetes provider. Please install it with: pip install apache-airflow[cncf.kubernetes]
[2025-10-29T20:02:52.273+0530] {processor.py:842} WARNING - No viable dags retrieved from /home/logi/txtai/venv/lib/python3.10/site-packages/airflow/example_dags/example_kubernetes_executor.py
[2025-10-29T20:02:52.292+0530] {processor.py:183} INFO - Processing /home/logi/txtai/venv/lib/python3.10/site-packages/airflow/example_dags/example_kubernetes_executor.py took 0.054 seconds
[2025-10-29T20:03:50.832+0530] {processor.py:161} INFO - Started process (PID=20234) to work on /home/logi/txtai/venv/lib/python3.10/site-packages/airflow/example_dags/example_kubernetes_executor.py
[2025-10-29T20:03:50.848+0530] {processor.py:830} INFO - Processing file /home/logi/txtai/venv/lib/python3.10/site-packages/airflow/example_dags/example_kubernetes_executor.py for tasks to queue
[2025-10-29T20:03:50.850+0530] {logging_mixin.py:188} INFO - [2025-10-29T20:03:50.849+0530] {dagbag.py:545} INFO - Filling up the DagBag from /home/logi/txtai/venv/lib/python3.10/site-packages/airflow/example_dags/example_kubernetes_executor.py
[2025-10-29T20:03:50.853+0530] {logging_mixin.py:188} INFO - [2025-10-29T20:03:50.852+0530] {example_kubernetes_executor.py:39} WARNING - The example_kubernetes_executor example DAG requires the kubernetes provider. Please install it with: pip install apache-airflow[cncf.kubernetes]
[2025-10-29T20:03:50.853+0530] {processor.py:842} WARNING - No viable dags retrieved from /home/logi/txtai/venv/lib/python3.10/site-packages/airflow/example_dags/example_kubernetes_executor.py
[2025-10-29T20:03:50.864+0530] {processor.py:183} INFO - Processing /home/logi/txtai/venv/lib/python3.10/site-packages/airflow/example_dags/example_kubernetes_executor.py took 0.058 seconds
[2025-10-29T20:04:55.630+0530] {processor.py:161} INFO - Started process (PID=20385) to work on /home/logi/txtai/venv/lib/python3.10/site-packages/airflow/example_dags/example_kubernetes_executor.py
[2025-10-29T20:04:55.645+0530] {processor.py:830} INFO - Processing file /home/logi/txtai/venv/lib/python3.10/site-packages/airflow/example_dags/example_kubernetes_executor.py for tasks to queue
[2025-10-29T20:04:55.651+0530] {logging_mixin.py:188} INFO - [2025-10-29T20:04:55.650+0530] {dagbag.py:545} INFO - Filling up the DagBag from /home/logi/txtai/venv/lib/python3.10/site-packages/airflow/example_dags/example_kubernetes_executor.py
[2025-10-29T20:04:55.656+0530] {logging_mixin.py:188} INFO - [2025-10-29T20:04:55.655+0530] {example_kubernetes_executor.py:39} WARNING - The example_kubernetes_executor example DAG requires the kubernetes provider. Please install it with: pip install apache-airflow[cncf.kubernetes]
[2025-10-29T20:04:55.656+0530] {processor.py:842} WARNING - No viable dags retrieved from /home/logi/txtai/venv/lib/python3.10/site-packages/airflow/example_dags/example_kubernetes_executor.py
[2025-10-29T20:04:55.678+0530] {processor.py:183} INFO - Processing /home/logi/txtai/venv/lib/python3.10/site-packages/airflow/example_dags/example_kubernetes_executor.py took 0.060 seconds
[2025-10-29T20:05:57.623+0530] {processor.py:161} INFO - Started process (PID=20508) to work on /home/logi/txtai/venv/lib/python3.10/site-packages/airflow/example_dags/example_kubernetes_executor.py
[2025-10-29T20:05:57.636+0530] {processor.py:830} INFO - Processing file /home/logi/txtai/venv/lib/python3.10/site-packages/airflow/example_dags/example_kubernetes_executor.py for tasks to queue
[2025-10-29T20:05:57.639+0530] {logging_mixin.py:188} INFO - [2025-10-29T20:05:57.638+0530] {dagbag.py:545} INFO - Filling up the DagBag from /home/logi/txtai/venv/lib/python3.10/site-packages/airflow/example_dags/example_kubernetes_executor.py
[2025-10-29T20:05:57.644+0530] {logging_mixin.py:188} INFO - [2025-10-29T20:05:57.644+0530] {example_kubernetes_executor.py:39} WARNING - The example_kubernetes_executor example DAG requires the kubernetes provider. Please install it with: pip install apache-airflow[cncf.kubernetes]
[2025-10-29T20:05:57.645+0530] {processor.py:842} WARNING - No viable dags retrieved from /home/logi/txtai/venv/lib/python3.10/site-packages/airflow/example_dags/example_kubernetes_executor.py
[2025-10-29T20:05:57.662+0530] {processor.py:183} INFO - Processing /home/logi/txtai/venv/lib/python3.10/site-packages/airflow/example_dags/example_kubernetes_executor.py took 0.052 seconds
[2025-10-29T20:06:54.612+0530] {processor.py:161} INFO - Started process (PID=20621) to work on /home/logi/txtai/venv/lib/python3.10/site-packages/airflow/example_dags/example_kubernetes_executor.py
[2025-10-29T20:06:54.625+0530] {processor.py:830} INFO - Processing file /home/logi/txtai/venv/lib/python3.10/site-packages/airflow/example_dags/example_kubernetes_executor.py for tasks to queue
[2025-10-29T20:06:54.628+0530] {logging_mixin.py:188} INFO - [2025-10-29T20:06:54.628+0530] {dagbag.py:545} INFO - Filling up the DagBag from /home/logi/txtai/venv/lib/python3.10/site-packages/airflow/example_dags/example_kubernetes_executor.py
[2025-10-29T20:06:54.634+0530] {logging_mixin.py:188} INFO - [2025-10-29T20:06:54.634+0530] {example_kubernetes_executor.py:39} WARNING - The example_kubernetes_executor example DAG requires the kubernetes provider. Please install it with: pip install apache-airflow[cncf.kubernetes]
[2025-10-29T20:06:54.635+0530] {processor.py:842} WARNING - No viable dags retrieved from /home/logi/txtai/venv/lib/python3.10/site-packages/airflow/example_dags/example_kubernetes_executor.py
[2025-10-29T20:06:54.653+0530] {processor.py:183} INFO - Processing /home/logi/txtai/venv/lib/python3.10/site-packages/airflow/example_dags/example_kubernetes_executor.py took 0.055 seconds
[2025-10-29T20:07:51.250+0530] {processor.py:161} INFO - Started process (PID=20732) to work on /home/logi/txtai/venv/lib/python3.10/site-packages/airflow/example_dags/example_kubernetes_executor.py
[2025-10-29T20:07:51.265+0530] {processor.py:830} INFO - Processing file /home/logi/txtai/venv/lib/python3.10/site-packages/airflow/example_dags/example_kubernetes_executor.py for tasks to queue
[2025-10-29T20:07:51.268+0530] {logging_mixin.py:188} INFO - [2025-10-29T20:07:51.267+0530] {dagbag.py:545} INFO - Filling up the DagBag from /home/logi/txtai/venv/lib/python3.10/site-packages/airflow/example_dags/example_kubernetes_executor.py
[2025-10-29T20:07:51.273+0530] {logging_mixin.py:188} INFO - [2025-10-29T20:07:51.273+0530] {example_kubernetes_executor.py:39} WARNING - The example_kubernetes_executor example DAG requires the kubernetes provider. Please install it with: pip install apache-airflow[cncf.kubernetes]
[2025-10-29T20:07:51.274+0530] {processor.py:842} WARNING - No viable dags retrieved from /home/logi/txtai/venv/lib/python3.10/site-packages/airflow/example_dags/example_kubernetes_executor.py
[2025-10-29T20:07:51.294+0530] {processor.py:183} INFO - Processing /home/logi/txtai/venv/lib/python3.10/site-packages/airflow/example_dags/example_kubernetes_executor.py took 0.056 seconds
[2025-10-29T20:08:49.202+0530] {processor.py:161} INFO - Started process (PID=20841) to work on /home/logi/txtai/venv/lib/python3.10/site-packages/airflow/example_dags/example_kubernetes_executor.py
[2025-10-29T20:08:49.215+0530] {processor.py:830} INFO - Processing file /home/logi/txtai/venv/lib/python3.10/site-packages/airflow/example_dags/example_kubernetes_executor.py for tasks to queue
[2025-10-29T20:08:49.219+0530] {logging_mixin.py:188} INFO - [2025-10-29T20:08:49.218+0530] {dagbag.py:545} INFO - Filling up the DagBag from /home/logi/txtai/venv/lib/python3.10/site-packages/airflow/example_dags/example_kubernetes_executor.py
[2025-10-29T20:08:49.224+0530] {logging_mixin.py:188} INFO - [2025-10-29T20:08:49.224+0530] {example_kubernetes_executor.py:39} WARNING - The example_kubernetes_executor example DAG requires the kubernetes provider. Please install it with: pip install apache-airflow[cncf.kubernetes]
[2025-10-29T20:08:49.225+0530] {processor.py:842} WARNING - No viable dags retrieved from /home/logi/txtai/venv/lib/python3.10/site-packages/airflow/example_dags/example_kubernetes_executor.py
[2025-10-29T20:08:49.246+0530] {processor.py:183} INFO - Processing /home/logi/txtai/venv/lib/python3.10/site-packages/airflow/example_dags/example_kubernetes_executor.py took 0.055 seconds
[2025-10-29T20:09:48.613+0530] {processor.py:161} INFO - Started process (PID=20987) to work on /home/logi/txtai/venv/lib/python3.10/site-packages/airflow/example_dags/example_kubernetes_executor.py
[2025-10-29T20:09:48.617+0530] {processor.py:830} INFO - Processing file /home/logi/txtai/venv/lib/python3.10/site-packages/airflow/example_dags/example_kubernetes_executor.py for tasks to queue
[2025-10-29T20:09:48.620+0530] {logging_mixin.py:188} INFO - [2025-10-29T20:09:48.620+0530] {dagbag.py:545} INFO - Filling up the DagBag from /home/logi/txtai/venv/lib/python3.10/site-packages/airflow/example_dags/example_kubernetes_executor.py
[2025-10-29T20:09:48.626+0530] {logging_mixin.py:188} INFO - [2025-10-29T20:09:48.625+0530] {example_kubernetes_executor.py:39} WARNING - The example_kubernetes_executor example DAG requires the kubernetes provider. Please install it with: pip install apache-airflow[cncf.kubernetes]
[2025-10-29T20:09:48.626+0530] {processor.py:842} WARNING - No viable dags retrieved from /home/logi/txtai/venv/lib/python3.10/site-packages/airflow/example_dags/example_kubernetes_executor.py
[2025-10-29T20:09:48.645+0530] {processor.py:183} INFO - Processing /home/logi/txtai/venv/lib/python3.10/site-packages/airflow/example_dags/example_kubernetes_executor.py took 0.044 seconds
[2025-10-29T20:10:44.864+0530] {processor.py:161} INFO - Started process (PID=21101) to work on /home/logi/txtai/venv/lib/python3.10/site-packages/airflow/example_dags/example_kubernetes_executor.py
[2025-10-29T20:10:44.878+0530] {processor.py:830} INFO - Processing file /home/logi/txtai/venv/lib/python3.10/site-packages/airflow/example_dags/example_kubernetes_executor.py for tasks to queue
[2025-10-29T20:10:44.881+0530] {logging_mixin.py:188} INFO - [2025-10-29T20:10:44.880+0530] {dagbag.py:545} INFO - Filling up the DagBag from /home/logi/txtai/venv/lib/python3.10/site-packages/airflow/example_dags/example_kubernetes_executor.py
[2025-10-29T20:10:44.886+0530] {logging_mixin.py:188} INFO - [2025-10-29T20:10:44.885+0530] {example_kubernetes_executor.py:39} WARNING - The example_kubernetes_executor example DAG requires the kubernetes provider. Please install it with: pip install apache-airflow[cncf.kubernetes]
[2025-10-29T20:10:44.887+0530] {processor.py:842} WARNING - No viable dags retrieved from /home/logi/txtai/venv/lib/python3.10/site-packages/airflow/example_dags/example_kubernetes_executor.py
[2025-10-29T20:10:44.905+0530] {processor.py:183} INFO - Processing /home/logi/txtai/venv/lib/python3.10/site-packages/airflow/example_dags/example_kubernetes_executor.py took 0.053 seconds
[2025-10-29T20:11:39.874+0530] {processor.py:161} INFO - Started process (PID=21214) to work on /home/logi/txtai/venv/lib/python3.10/site-packages/airflow/example_dags/example_kubernetes_executor.py
[2025-10-29T20:11:39.887+0530] {processor.py:830} INFO - Processing file /home/logi/txtai/venv/lib/python3.10/site-packages/airflow/example_dags/example_kubernetes_executor.py for tasks to queue
[2025-10-29T20:11:39.891+0530] {logging_mixin.py:188} INFO - [2025-10-29T20:11:39.890+0530] {dagbag.py:545} INFO - Filling up the DagBag from /home/logi/txtai/venv/lib/python3.10/site-packages/airflow/example_dags/example_kubernetes_executor.py
[2025-10-29T20:11:39.896+0530] {logging_mixin.py:188} INFO - [2025-10-29T20:11:39.896+0530] {example_kubernetes_executor.py:39} WARNING - The example_kubernetes_executor example DAG requires the kubernetes provider. Please install it with: pip install apache-airflow[cncf.kubernetes]
[2025-10-29T20:11:39.897+0530] {processor.py:842} WARNING - No viable dags retrieved from /home/logi/txtai/venv/lib/python3.10/site-packages/airflow/example_dags/example_kubernetes_executor.py
[2025-10-29T20:11:39.914+0530] {processor.py:183} INFO - Processing /home/logi/txtai/venv/lib/python3.10/site-packages/airflow/example_dags/example_kubernetes_executor.py took 0.052 seconds
[2025-10-29T20:12:53.713+0530] {processor.py:161} INFO - Started process (PID=21367) to work on /home/logi/txtai/venv/lib/python3.10/site-packages/airflow/example_dags/example_kubernetes_executor.py
[2025-10-29T20:12:53.726+0530] {processor.py:830} INFO - Processing file /home/logi/txtai/venv/lib/python3.10/site-packages/airflow/example_dags/example_kubernetes_executor.py for tasks to queue
[2025-10-29T20:12:53.730+0530] {logging_mixin.py:188} INFO - [2025-10-29T20:12:53.729+0530] {dagbag.py:545} INFO - Filling up the DagBag from /home/logi/txtai/venv/lib/python3.10/site-packages/airflow/example_dags/example_kubernetes_executor.py
[2025-10-29T20:12:53.735+0530] {logging_mixin.py:188} INFO - [2025-10-29T20:12:53.734+0530] {example_kubernetes_executor.py:39} WARNING - The example_kubernetes_executor example DAG requires the kubernetes provider. Please install it with: pip install apache-airflow[cncf.kubernetes]
[2025-10-29T20:12:53.735+0530] {processor.py:842} WARNING - No viable dags retrieved from /home/logi/txtai/venv/lib/python3.10/site-packages/airflow/example_dags/example_kubernetes_executor.py
[2025-10-29T20:12:53.754+0530] {processor.py:183} INFO - Processing /home/logi/txtai/venv/lib/python3.10/site-packages/airflow/example_dags/example_kubernetes_executor.py took 0.052 seconds
[2025-10-29T20:13:47.945+0530] {processor.py:161} INFO - Started process (PID=21481) to work on /home/logi/txtai/venv/lib/python3.10/site-packages/airflow/example_dags/example_kubernetes_executor.py
[2025-10-29T20:13:47.954+0530] {processor.py:830} INFO - Processing file /home/logi/txtai/venv/lib/python3.10/site-packages/airflow/example_dags/example_kubernetes_executor.py for tasks to queue
[2025-10-29T20:13:47.963+0530] {logging_mixin.py:188} INFO - [2025-10-29T20:13:47.961+0530] {dagbag.py:545} INFO - Filling up the DagBag from /home/logi/txtai/venv/lib/python3.10/site-packages/airflow/example_dags/example_kubernetes_executor.py
[2025-10-29T20:13:47.980+0530] {logging_mixin.py:188} INFO - [2025-10-29T20:13:47.979+0530] {example_kubernetes_executor.py:39} WARNING - The example_kubernetes_executor example DAG requires the kubernetes provider. Please install it with: pip install apache-airflow[cncf.kubernetes]
[2025-10-29T20:13:47.981+0530] {processor.py:842} WARNING - No viable dags retrieved from /home/logi/txtai/venv/lib/python3.10/site-packages/airflow/example_dags/example_kubernetes_executor.py
[2025-10-29T20:13:48.036+0530] {processor.py:183} INFO - Processing /home/logi/txtai/venv/lib/python3.10/site-packages/airflow/example_dags/example_kubernetes_executor.py took 0.115 seconds
[2025-10-29T20:14:42.256+0530] {processor.py:161} INFO - Started process (PID=21815) to work on /home/logi/txtai/venv/lib/python3.10/site-packages/airflow/example_dags/example_kubernetes_executor.py
[2025-10-29T20:14:42.270+0530] {processor.py:830} INFO - Processing file /home/logi/txtai/venv/lib/python3.10/site-packages/airflow/example_dags/example_kubernetes_executor.py for tasks to queue
[2025-10-29T20:14:42.273+0530] {logging_mixin.py:188} INFO - [2025-10-29T20:14:42.272+0530] {dagbag.py:545} INFO - Filling up the DagBag from /home/logi/txtai/venv/lib/python3.10/site-packages/airflow/example_dags/example_kubernetes_executor.py
[2025-10-29T20:14:42.278+0530] {logging_mixin.py:188} INFO - [2025-10-29T20:14:42.278+0530] {example_kubernetes_executor.py:39} WARNING - The example_kubernetes_executor example DAG requires the kubernetes provider. Please install it with: pip install apache-airflow[cncf.kubernetes]
[2025-10-29T20:14:42.278+0530] {processor.py:842} WARNING - No viable dags retrieved from /home/logi/txtai/venv/lib/python3.10/site-packages/airflow/example_dags/example_kubernetes_executor.py
[2025-10-29T20:14:42.296+0530] {processor.py:183} INFO - Processing /home/logi/txtai/venv/lib/python3.10/site-packages/airflow/example_dags/example_kubernetes_executor.py took 0.051 seconds
[2025-10-29T20:15:40.422+0530] {processor.py:161} INFO - Started process (PID=21928) to work on /home/logi/txtai/venv/lib/python3.10/site-packages/airflow/example_dags/example_kubernetes_executor.py
[2025-10-29T20:15:40.436+0530] {processor.py:830} INFO - Processing file /home/logi/txtai/venv/lib/python3.10/site-packages/airflow/example_dags/example_kubernetes_executor.py for tasks to queue
[2025-10-29T20:15:40.438+0530] {logging_mixin.py:188} INFO - [2025-10-29T20:15:40.438+0530] {dagbag.py:545} INFO - Filling up the DagBag from /home/logi/txtai/venv/lib/python3.10/site-packages/airflow/example_dags/example_kubernetes_executor.py
[2025-10-29T20:15:40.443+0530] {logging_mixin.py:188} INFO - [2025-10-29T20:15:40.443+0530] {example_kubernetes_executor.py:39} WARNING - The example_kubernetes_executor example DAG requires the kubernetes provider. Please install it with: pip install apache-airflow[cncf.kubernetes]
[2025-10-29T20:15:40.444+0530] {processor.py:842} WARNING - No viable dags retrieved from /home/logi/txtai/venv/lib/python3.10/site-packages/airflow/example_dags/example_kubernetes_executor.py
[2025-10-29T20:15:40.462+0530] {processor.py:183} INFO - Processing /home/logi/txtai/venv/lib/python3.10/site-packages/airflow/example_dags/example_kubernetes_executor.py took 0.051 seconds
[2025-10-29T20:16:35.315+0530] {processor.py:161} INFO - Started process (PID=22014) to work on /home/logi/txtai/venv/lib/python3.10/site-packages/airflow/example_dags/example_kubernetes_executor.py
[2025-10-29T20:16:35.317+0530] {processor.py:830} INFO - Processing file /home/logi/txtai/venv/lib/python3.10/site-packages/airflow/example_dags/example_kubernetes_executor.py for tasks to queue
[2025-10-29T20:16:35.320+0530] {logging_mixin.py:188} INFO - [2025-10-29T20:16:35.319+0530] {dagbag.py:545} INFO - Filling up the DagBag from /home/logi/txtai/venv/lib/python3.10/site-packages/airflow/example_dags/example_kubernetes_executor.py
[2025-10-29T20:16:35.324+0530] {logging_mixin.py:188} INFO - [2025-10-29T20:16:35.324+0530] {example_kubernetes_executor.py:39} WARNING - The example_kubernetes_executor example DAG requires the kubernetes provider. Please install it with: pip install apache-airflow[cncf.kubernetes]
[2025-10-29T20:16:35.325+0530] {processor.py:842} WARNING - No viable dags retrieved from /home/logi/txtai/venv/lib/python3.10/site-packages/airflow/example_dags/example_kubernetes_executor.py
[2025-10-29T20:16:35.342+0530] {processor.py:183} INFO - Processing /home/logi/txtai/venv/lib/python3.10/site-packages/airflow/example_dags/example_kubernetes_executor.py took 0.040 seconds
[2025-10-29T20:17:46.519+0530] {processor.py:161} INFO - Started process (PID=22103) to work on /home/logi/txtai/venv/lib/python3.10/site-packages/airflow/example_dags/example_kubernetes_executor.py
[2025-10-29T20:17:46.521+0530] {processor.py:830} INFO - Processing file /home/logi/txtai/venv/lib/python3.10/site-packages/airflow/example_dags/example_kubernetes_executor.py for tasks to queue
[2025-10-29T20:17:46.523+0530] {logging_mixin.py:188} INFO - [2025-10-29T20:17:46.523+0530] {dagbag.py:545} INFO - Filling up the DagBag from /home/logi/txtai/venv/lib/python3.10/site-packages/airflow/example_dags/example_kubernetes_executor.py
[2025-10-29T20:17:46.528+0530] {logging_mixin.py:188} INFO - [2025-10-29T20:17:46.528+0530] {example_kubernetes_executor.py:39} WARNING - The example_kubernetes_executor example DAG requires the kubernetes provider. Please install it with: pip install apache-airflow[cncf.kubernetes]
[2025-10-29T20:17:46.529+0530] {processor.py:842} WARNING - No viable dags retrieved from /home/logi/txtai/venv/lib/python3.10/site-packages/airflow/example_dags/example_kubernetes_executor.py
[2025-10-29T20:17:46.551+0530] {processor.py:183} INFO - Processing /home/logi/txtai/venv/lib/python3.10/site-packages/airflow/example_dags/example_kubernetes_executor.py took 0.044 seconds
[2025-10-29T20:18:40.596+0530] {processor.py:161} INFO - Started process (PID=22170) to work on /home/logi/txtai/venv/lib/python3.10/site-packages/airflow/example_dags/example_kubernetes_executor.py
[2025-10-29T20:18:40.609+0530] {processor.py:830} INFO - Processing file /home/logi/txtai/venv/lib/python3.10/site-packages/airflow/example_dags/example_kubernetes_executor.py for tasks to queue
[2025-10-29T20:18:40.612+0530] {logging_mixin.py:188} INFO - [2025-10-29T20:18:40.611+0530] {dagbag.py:545} INFO - Filling up the DagBag from /home/logi/txtai/venv/lib/python3.10/site-packages/airflow/example_dags/example_kubernetes_executor.py
[2025-10-29T20:18:40.617+0530] {logging_mixin.py:188} INFO - [2025-10-29T20:18:40.616+0530] {example_kubernetes_executor.py:39} WARNING - The example_kubernetes_executor example DAG requires the kubernetes provider. Please install it with: pip install apache-airflow[cncf.kubernetes]
[2025-10-29T20:18:40.617+0530] {processor.py:842} WARNING - No viable dags retrieved from /home/logi/txtai/venv/lib/python3.10/site-packages/airflow/example_dags/example_kubernetes_executor.py
[2025-10-29T20:18:40.635+0530] {processor.py:183} INFO - Processing /home/logi/txtai/venv/lib/python3.10/site-packages/airflow/example_dags/example_kubernetes_executor.py took 0.051 seconds
[2025-10-29T20:19:34.631+0530] {processor.py:161} INFO - Started process (PID=22351) to work on /home/logi/txtai/venv/lib/python3.10/site-packages/airflow/example_dags/example_kubernetes_executor.py
[2025-10-29T20:19:34.644+0530] {processor.py:830} INFO - Processing file /home/logi/txtai/venv/lib/python3.10/site-packages/airflow/example_dags/example_kubernetes_executor.py for tasks to queue
[2025-10-29T20:19:34.648+0530] {logging_mixin.py:188} INFO - [2025-10-29T20:19:34.647+0530] {dagbag.py:545} INFO - Filling up the DagBag from /home/logi/txtai/venv/lib/python3.10/site-packages/airflow/example_dags/example_kubernetes_executor.py
[2025-10-29T20:19:34.653+0530] {logging_mixin.py:188} INFO - [2025-10-29T20:19:34.653+0530] {example_kubernetes_executor.py:39} WARNING - The example_kubernetes_executor example DAG requires the kubernetes provider. Please install it with: pip install apache-airflow[cncf.kubernetes]
[2025-10-29T20:19:34.654+0530] {processor.py:842} WARNING - No viable dags retrieved from /home/logi/txtai/venv/lib/python3.10/site-packages/airflow/example_dags/example_kubernetes_executor.py
[2025-10-29T20:19:34.673+0530] {processor.py:183} INFO - Processing /home/logi/txtai/venv/lib/python3.10/site-packages/airflow/example_dags/example_kubernetes_executor.py took 0.053 seconds
[2025-10-29T20:20:28.794+0530] {processor.py:161} INFO - Started process (PID=22422) to work on /home/logi/txtai/venv/lib/python3.10/site-packages/airflow/example_dags/example_kubernetes_executor.py
[2025-10-29T20:20:28.807+0530] {processor.py:830} INFO - Processing file /home/logi/txtai/venv/lib/python3.10/site-packages/airflow/example_dags/example_kubernetes_executor.py for tasks to queue
[2025-10-29T20:20:28.810+0530] {logging_mixin.py:188} INFO - [2025-10-29T20:20:28.810+0530] {dagbag.py:545} INFO - Filling up the DagBag from /home/logi/txtai/venv/lib/python3.10/site-packages/airflow/example_dags/example_kubernetes_executor.py
[2025-10-29T20:20:28.815+0530] {logging_mixin.py:188} INFO - [2025-10-29T20:20:28.815+0530] {example_kubernetes_executor.py:39} WARNING - The example_kubernetes_executor example DAG requires the kubernetes provider. Please install it with: pip install apache-airflow[cncf.kubernetes]
[2025-10-29T20:20:28.816+0530] {processor.py:842} WARNING - No viable dags retrieved from /home/logi/txtai/venv/lib/python3.10/site-packages/airflow/example_dags/example_kubernetes_executor.py
[2025-10-29T20:20:28.834+0530] {processor.py:183} INFO - Processing /home/logi/txtai/venv/lib/python3.10/site-packages/airflow/example_dags/example_kubernetes_executor.py took 0.051 seconds
[2025-10-29T20:21:24.465+0530] {processor.py:161} INFO - Started process (PID=22499) to work on /home/logi/txtai/venv/lib/python3.10/site-packages/airflow/example_dags/example_kubernetes_executor.py
[2025-10-29T20:21:24.479+0530] {processor.py:830} INFO - Processing file /home/logi/txtai/venv/lib/python3.10/site-packages/airflow/example_dags/example_kubernetes_executor.py for tasks to queue
[2025-10-29T20:21:24.482+0530] {logging_mixin.py:188} INFO - [2025-10-29T20:21:24.481+0530] {dagbag.py:545} INFO - Filling up the DagBag from /home/logi/txtai/venv/lib/python3.10/site-packages/airflow/example_dags/example_kubernetes_executor.py
[2025-10-29T20:21:24.487+0530] {logging_mixin.py:188} INFO - [2025-10-29T20:21:24.487+0530] {example_kubernetes_executor.py:39} WARNING - The example_kubernetes_executor example DAG requires the kubernetes provider. Please install it with: pip install apache-airflow[cncf.kubernetes]
[2025-10-29T20:21:24.488+0530] {processor.py:842} WARNING - No viable dags retrieved from /home/logi/txtai/venv/lib/python3.10/site-packages/airflow/example_dags/example_kubernetes_executor.py
[2025-10-29T20:21:24.507+0530] {processor.py:183} INFO - Processing /home/logi/txtai/venv/lib/python3.10/site-packages/airflow/example_dags/example_kubernetes_executor.py took 0.054 seconds
[2025-10-29T20:22:20.497+0530] {processor.py:161} INFO - Started process (PID=22570) to work on /home/logi/txtai/venv/lib/python3.10/site-packages/airflow/example_dags/example_kubernetes_executor.py
[2025-10-29T20:22:20.511+0530] {processor.py:830} INFO - Processing file /home/logi/txtai/venv/lib/python3.10/site-packages/airflow/example_dags/example_kubernetes_executor.py for tasks to queue
[2025-10-29T20:22:20.514+0530] {logging_mixin.py:188} INFO - [2025-10-29T20:22:20.513+0530] {dagbag.py:545} INFO - Filling up the DagBag from /home/logi/txtai/venv/lib/python3.10/site-packages/airflow/example_dags/example_kubernetes_executor.py
[2025-10-29T20:22:20.519+0530] {logging_mixin.py:188} INFO - [2025-10-29T20:22:20.519+0530] {example_kubernetes_executor.py:39} WARNING - The example_kubernetes_executor example DAG requires the kubernetes provider. Please install it with: pip install apache-airflow[cncf.kubernetes]
[2025-10-29T20:22:20.520+0530] {processor.py:842} WARNING - No viable dags retrieved from /home/logi/txtai/venv/lib/python3.10/site-packages/airflow/example_dags/example_kubernetes_executor.py
[2025-10-29T20:22:20.539+0530] {processor.py:183} INFO - Processing /home/logi/txtai/venv/lib/python3.10/site-packages/airflow/example_dags/example_kubernetes_executor.py took 0.054 seconds
[2025-10-29T20:23:15.622+0530] {processor.py:161} INFO - Started process (PID=22646) to work on /home/logi/txtai/venv/lib/python3.10/site-packages/airflow/example_dags/example_kubernetes_executor.py
[2025-10-29T20:23:15.635+0530] {processor.py:830} INFO - Processing file /home/logi/txtai/venv/lib/python3.10/site-packages/airflow/example_dags/example_kubernetes_executor.py for tasks to queue
[2025-10-29T20:23:15.638+0530] {logging_mixin.py:188} INFO - [2025-10-29T20:23:15.638+0530] {dagbag.py:545} INFO - Filling up the DagBag from /home/logi/txtai/venv/lib/python3.10/site-packages/airflow/example_dags/example_kubernetes_executor.py
[2025-10-29T20:23:15.644+0530] {logging_mixin.py:188} INFO - [2025-10-29T20:23:15.643+0530] {example_kubernetes_executor.py:39} WARNING - The example_kubernetes_executor example DAG requires the kubernetes provider. Please install it with: pip install apache-airflow[cncf.kubernetes]
[2025-10-29T20:23:15.644+0530] {processor.py:842} WARNING - No viable dags retrieved from /home/logi/txtai/venv/lib/python3.10/site-packages/airflow/example_dags/example_kubernetes_executor.py
[2025-10-29T20:23:15.663+0530] {processor.py:183} INFO - Processing /home/logi/txtai/venv/lib/python3.10/site-packages/airflow/example_dags/example_kubernetes_executor.py took 0.053 seconds
[2025-10-29T20:24:11.521+0530] {processor.py:161} INFO - Started process (PID=22732) to work on /home/logi/txtai/venv/lib/python3.10/site-packages/airflow/example_dags/example_kubernetes_executor.py
[2025-10-29T20:24:11.535+0530] {processor.py:830} INFO - Processing file /home/logi/txtai/venv/lib/python3.10/site-packages/airflow/example_dags/example_kubernetes_executor.py for tasks to queue
[2025-10-29T20:24:11.538+0530] {logging_mixin.py:188} INFO - [2025-10-29T20:24:11.537+0530] {dagbag.py:545} INFO - Filling up the DagBag from /home/logi/txtai/venv/lib/python3.10/site-packages/airflow/example_dags/example_kubernetes_executor.py
[2025-10-29T20:24:11.543+0530] {logging_mixin.py:188} INFO - [2025-10-29T20:24:11.543+0530] {example_kubernetes_executor.py:39} WARNING - The example_kubernetes_executor example DAG requires the kubernetes provider. Please install it with: pip install apache-airflow[cncf.kubernetes]
[2025-10-29T20:24:11.544+0530] {processor.py:842} WARNING - No viable dags retrieved from /home/logi/txtai/venv/lib/python3.10/site-packages/airflow/example_dags/example_kubernetes_executor.py
[2025-10-29T20:24:11.563+0530] {processor.py:183} INFO - Processing /home/logi/txtai/venv/lib/python3.10/site-packages/airflow/example_dags/example_kubernetes_executor.py took 0.053 seconds
[2025-10-29T20:25:05.843+0530] {processor.py:161} INFO - Started process (PID=22882) to work on /home/logi/txtai/venv/lib/python3.10/site-packages/airflow/example_dags/example_kubernetes_executor.py
[2025-10-29T20:25:05.845+0530] {processor.py:830} INFO - Processing file /home/logi/txtai/venv/lib/python3.10/site-packages/airflow/example_dags/example_kubernetes_executor.py for tasks to queue
[2025-10-29T20:25:05.849+0530] {logging_mixin.py:188} INFO - [2025-10-29T20:25:05.848+0530] {dagbag.py:545} INFO - Filling up the DagBag from /home/logi/txtai/venv/lib/python3.10/site-packages/airflow/example_dags/example_kubernetes_executor.py
[2025-10-29T20:25:05.854+0530] {logging_mixin.py:188} INFO - [2025-10-29T20:25:05.854+0530] {example_kubernetes_executor.py:39} WARNING - The example_kubernetes_executor example DAG requires the kubernetes provider. Please install it with: pip install apache-airflow[cncf.kubernetes]
[2025-10-29T20:25:05.855+0530] {processor.py:842} WARNING - No viable dags retrieved from /home/logi/txtai/venv/lib/python3.10/site-packages/airflow/example_dags/example_kubernetes_executor.py
[2025-10-29T20:25:05.874+0530] {processor.py:183} INFO - Processing /home/logi/txtai/venv/lib/python3.10/site-packages/airflow/example_dags/example_kubernetes_executor.py took 0.044 seconds
[2025-10-29T20:26:22.041+0530] {processor.py:161} INFO - Started process (PID=23140) to work on /home/logi/txtai/venv/lib/python3.10/site-packages/airflow/example_dags/example_kubernetes_executor.py
[2025-10-29T20:26:22.055+0530] {processor.py:830} INFO - Processing file /home/logi/txtai/venv/lib/python3.10/site-packages/airflow/example_dags/example_kubernetes_executor.py for tasks to queue
[2025-10-29T20:26:22.060+0530] {logging_mixin.py:188} INFO - [2025-10-29T20:26:22.059+0530] {dagbag.py:545} INFO - Filling up the DagBag from /home/logi/txtai/venv/lib/python3.10/site-packages/airflow/example_dags/example_kubernetes_executor.py
[2025-10-29T20:26:22.072+0530] {logging_mixin.py:188} INFO - [2025-10-29T20:26:22.071+0530] {example_kubernetes_executor.py:39} WARNING - The example_kubernetes_executor example DAG requires the kubernetes provider. Please install it with: pip install apache-airflow[cncf.kubernetes]
[2025-10-29T20:26:22.074+0530] {processor.py:842} WARNING - No viable dags retrieved from /home/logi/txtai/venv/lib/python3.10/site-packages/airflow/example_dags/example_kubernetes_executor.py
[2025-10-29T20:26:22.093+0530] {processor.py:183} INFO - Processing /home/logi/txtai/venv/lib/python3.10/site-packages/airflow/example_dags/example_kubernetes_executor.py took 0.060 seconds
[2025-10-29T20:27:15.060+0530] {processor.py:161} INFO - Started process (PID=23220) to work on /home/logi/txtai/venv/lib/python3.10/site-packages/airflow/example_dags/example_kubernetes_executor.py
[2025-10-29T20:27:15.073+0530] {processor.py:830} INFO - Processing file /home/logi/txtai/venv/lib/python3.10/site-packages/airflow/example_dags/example_kubernetes_executor.py for tasks to queue
[2025-10-29T20:27:15.076+0530] {logging_mixin.py:188} INFO - [2025-10-29T20:27:15.076+0530] {dagbag.py:545} INFO - Filling up the DagBag from /home/logi/txtai/venv/lib/python3.10/site-packages/airflow/example_dags/example_kubernetes_executor.py
[2025-10-29T20:27:15.081+0530] {logging_mixin.py:188} INFO - [2025-10-29T20:27:15.081+0530] {example_kubernetes_executor.py:39} WARNING - The example_kubernetes_executor example DAG requires the kubernetes provider. Please install it with: pip install apache-airflow[cncf.kubernetes]
[2025-10-29T20:27:15.082+0530] {processor.py:842} WARNING - No viable dags retrieved from /home/logi/txtai/venv/lib/python3.10/site-packages/airflow/example_dags/example_kubernetes_executor.py
[2025-10-29T20:27:15.100+0530] {processor.py:183} INFO - Processing /home/logi/txtai/venv/lib/python3.10/site-packages/airflow/example_dags/example_kubernetes_executor.py took 0.051 seconds
[2025-10-29T20:28:27.380+0530] {processor.py:161} INFO - Started process (PID=23337) to work on /home/logi/txtai/venv/lib/python3.10/site-packages/airflow/example_dags/example_kubernetes_executor.py
[2025-10-29T20:28:27.392+0530] {processor.py:830} INFO - Processing file /home/logi/txtai/venv/lib/python3.10/site-packages/airflow/example_dags/example_kubernetes_executor.py for tasks to queue
[2025-10-29T20:28:27.395+0530] {logging_mixin.py:188} INFO - [2025-10-29T20:28:27.394+0530] {dagbag.py:545} INFO - Filling up the DagBag from /home/logi/txtai/venv/lib/python3.10/site-packages/airflow/example_dags/example_kubernetes_executor.py
[2025-10-29T20:28:27.398+0530] {logging_mixin.py:188} INFO - [2025-10-29T20:28:27.397+0530] {example_kubernetes_executor.py:39} WARNING - The example_kubernetes_executor example DAG requires the kubernetes provider. Please install it with: pip install apache-airflow[cncf.kubernetes]
[2025-10-29T20:28:27.398+0530] {processor.py:842} WARNING - No viable dags retrieved from /home/logi/txtai/venv/lib/python3.10/site-packages/airflow/example_dags/example_kubernetes_executor.py
[2025-10-29T20:28:27.409+0530] {processor.py:183} INFO - Processing /home/logi/txtai/venv/lib/python3.10/site-packages/airflow/example_dags/example_kubernetes_executor.py took 0.037 seconds
[2025-10-29T20:29:20.493+0530] {processor.py:161} INFO - Started process (PID=23404) to work on /home/logi/txtai/venv/lib/python3.10/site-packages/airflow/example_dags/example_kubernetes_executor.py
[2025-10-29T20:29:20.506+0530] {processor.py:830} INFO - Processing file /home/logi/txtai/venv/lib/python3.10/site-packages/airflow/example_dags/example_kubernetes_executor.py for tasks to queue
[2025-10-29T20:29:20.509+0530] {logging_mixin.py:188} INFO - [2025-10-29T20:29:20.508+0530] {dagbag.py:545} INFO - Filling up the DagBag from /home/logi/txtai/venv/lib/python3.10/site-packages/airflow/example_dags/example_kubernetes_executor.py
[2025-10-29T20:29:20.514+0530] {logging_mixin.py:188} INFO - [2025-10-29T20:29:20.513+0530] {example_kubernetes_executor.py:39} WARNING - The example_kubernetes_executor example DAG requires the kubernetes provider. Please install it with: pip install apache-airflow[cncf.kubernetes]
[2025-10-29T20:29:20.514+0530] {processor.py:842} WARNING - No viable dags retrieved from /home/logi/txtai/venv/lib/python3.10/site-packages/airflow/example_dags/example_kubernetes_executor.py
[2025-10-29T20:29:20.532+0530] {processor.py:183} INFO - Processing /home/logi/txtai/venv/lib/python3.10/site-packages/airflow/example_dags/example_kubernetes_executor.py took 0.051 seconds
[2025-10-29T20:30:14.493+0530] {processor.py:161} INFO - Started process (PID=23516) to work on /home/logi/txtai/venv/lib/python3.10/site-packages/airflow/example_dags/example_kubernetes_executor.py
[2025-10-29T20:30:14.495+0530] {processor.py:830} INFO - Processing file /home/logi/txtai/venv/lib/python3.10/site-packages/airflow/example_dags/example_kubernetes_executor.py for tasks to queue
[2025-10-29T20:30:14.498+0530] {logging_mixin.py:188} INFO - [2025-10-29T20:30:14.497+0530] {dagbag.py:545} INFO - Filling up the DagBag from /home/logi/txtai/venv/lib/python3.10/site-packages/airflow/example_dags/example_kubernetes_executor.py
[2025-10-29T20:30:14.503+0530] {logging_mixin.py:188} INFO - [2025-10-29T20:30:14.503+0530] {example_kubernetes_executor.py:39} WARNING - The example_kubernetes_executor example DAG requires the kubernetes provider. Please install it with: pip install apache-airflow[cncf.kubernetes]
[2025-10-29T20:30:14.504+0530] {processor.py:842} WARNING - No viable dags retrieved from /home/logi/txtai/venv/lib/python3.10/site-packages/airflow/example_dags/example_kubernetes_executor.py
[2025-10-29T20:30:14.518+0530] {processor.py:183} INFO - Processing /home/logi/txtai/venv/lib/python3.10/site-packages/airflow/example_dags/example_kubernetes_executor.py took 0.032 seconds
[2025-10-29T20:31:06.892+0530] {processor.py:161} INFO - Started process (PID=23591) to work on /home/logi/txtai/venv/lib/python3.10/site-packages/airflow/example_dags/example_kubernetes_executor.py
[2025-10-29T20:31:06.894+0530] {processor.py:830} INFO - Processing file /home/logi/txtai/venv/lib/python3.10/site-packages/airflow/example_dags/example_kubernetes_executor.py for tasks to queue
[2025-10-29T20:31:06.898+0530] {logging_mixin.py:188} INFO - [2025-10-29T20:31:06.897+0530] {dagbag.py:545} INFO - Filling up the DagBag from /home/logi/txtai/venv/lib/python3.10/site-packages/airflow/example_dags/example_kubernetes_executor.py
[2025-10-29T20:31:06.904+0530] {logging_mixin.py:188} INFO - [2025-10-29T20:31:06.903+0530] {example_kubernetes_executor.py:39} WARNING - The example_kubernetes_executor example DAG requires the kubernetes provider. Please install it with: pip install apache-airflow[cncf.kubernetes]
[2025-10-29T20:31:06.904+0530] {processor.py:842} WARNING - No viable dags retrieved from /home/logi/txtai/venv/lib/python3.10/site-packages/airflow/example_dags/example_kubernetes_executor.py
[2025-10-29T20:31:06.923+0530] {processor.py:183} INFO - Processing /home/logi/txtai/venv/lib/python3.10/site-packages/airflow/example_dags/example_kubernetes_executor.py took 0.045 seconds
[2025-10-29T20:31:57.989+0530] {processor.py:161} INFO - Started process (PID=23664) to work on /home/logi/txtai/venv/lib/python3.10/site-packages/airflow/example_dags/example_kubernetes_executor.py
[2025-10-29T20:31:57.991+0530] {processor.py:830} INFO - Processing file /home/logi/txtai/venv/lib/python3.10/site-packages/airflow/example_dags/example_kubernetes_executor.py for tasks to queue
[2025-10-29T20:31:57.994+0530] {logging_mixin.py:188} INFO - [2025-10-29T20:31:57.993+0530] {dagbag.py:545} INFO - Filling up the DagBag from /home/logi/txtai/venv/lib/python3.10/site-packages/airflow/example_dags/example_kubernetes_executor.py
[2025-10-29T20:31:57.999+0530] {logging_mixin.py:188} INFO - [2025-10-29T20:31:57.998+0530] {example_kubernetes_executor.py:39} WARNING - The example_kubernetes_executor example DAG requires the kubernetes provider. Please install it with: pip install apache-airflow[cncf.kubernetes]
[2025-10-29T20:31:57.999+0530] {processor.py:842} WARNING - No viable dags retrieved from /home/logi/txtai/venv/lib/python3.10/site-packages/airflow/example_dags/example_kubernetes_executor.py
[2025-10-29T20:31:58.021+0530] {processor.py:183} INFO - Processing /home/logi/txtai/venv/lib/python3.10/site-packages/airflow/example_dags/example_kubernetes_executor.py took 0.044 seconds
[2025-10-29T20:32:51.216+0530] {processor.py:161} INFO - Started process (PID=23730) to work on /home/logi/txtai/venv/lib/python3.10/site-packages/airflow/example_dags/example_kubernetes_executor.py
[2025-10-29T20:32:51.230+0530] {processor.py:830} INFO - Processing file /home/logi/txtai/venv/lib/python3.10/site-packages/airflow/example_dags/example_kubernetes_executor.py for tasks to queue
[2025-10-29T20:32:51.233+0530] {logging_mixin.py:188} INFO - [2025-10-29T20:32:51.232+0530] {dagbag.py:545} INFO - Filling up the DagBag from /home/logi/txtai/venv/lib/python3.10/site-packages/airflow/example_dags/example_kubernetes_executor.py
[2025-10-29T20:32:51.239+0530] {logging_mixin.py:188} INFO - [2025-10-29T20:32:51.238+0530] {example_kubernetes_executor.py:39} WARNING - The example_kubernetes_executor example DAG requires the kubernetes provider. Please install it with: pip install apache-airflow[cncf.kubernetes]
[2025-10-29T20:32:51.239+0530] {processor.py:842} WARNING - No viable dags retrieved from /home/logi/txtai/venv/lib/python3.10/site-packages/airflow/example_dags/example_kubernetes_executor.py
[2025-10-29T20:32:51.258+0530] {processor.py:183} INFO - Processing /home/logi/txtai/venv/lib/python3.10/site-packages/airflow/example_dags/example_kubernetes_executor.py took 0.053 seconds
[2025-10-29T20:33:45.135+0530] {processor.py:161} INFO - Started process (PID=23813) to work on /home/logi/txtai/venv/lib/python3.10/site-packages/airflow/example_dags/example_kubernetes_executor.py
[2025-10-29T20:33:45.149+0530] {processor.py:830} INFO - Processing file /home/logi/txtai/venv/lib/python3.10/site-packages/airflow/example_dags/example_kubernetes_executor.py for tasks to queue
[2025-10-29T20:33:45.152+0530] {logging_mixin.py:188} INFO - [2025-10-29T20:33:45.152+0530] {dagbag.py:545} INFO - Filling up the DagBag from /home/logi/txtai/venv/lib/python3.10/site-packages/airflow/example_dags/example_kubernetes_executor.py
[2025-10-29T20:33:45.158+0530] {logging_mixin.py:188} INFO - [2025-10-29T20:33:45.157+0530] {example_kubernetes_executor.py:39} WARNING - The example_kubernetes_executor example DAG requires the kubernetes provider. Please install it with: pip install apache-airflow[cncf.kubernetes]
[2025-10-29T20:33:45.158+0530] {processor.py:842} WARNING - No viable dags retrieved from /home/logi/txtai/venv/lib/python3.10/site-packages/airflow/example_dags/example_kubernetes_executor.py
[2025-10-29T20:33:45.177+0530] {processor.py:183} INFO - Processing /home/logi/txtai/venv/lib/python3.10/site-packages/airflow/example_dags/example_kubernetes_executor.py took 0.049 seconds
[2025-10-29T20:34:35.405+0530] {processor.py:161} INFO - Started process (PID=23905) to work on /home/logi/txtai/venv/lib/python3.10/site-packages/airflow/example_dags/example_kubernetes_executor.py
[2025-10-29T20:34:35.418+0530] {processor.py:830} INFO - Processing file /home/logi/txtai/venv/lib/python3.10/site-packages/airflow/example_dags/example_kubernetes_executor.py for tasks to queue
[2025-10-29T20:34:35.421+0530] {logging_mixin.py:188} INFO - [2025-10-29T20:34:35.421+0530] {dagbag.py:545} INFO - Filling up the DagBag from /home/logi/txtai/venv/lib/python3.10/site-packages/airflow/example_dags/example_kubernetes_executor.py
[2025-10-29T20:34:35.427+0530] {logging_mixin.py:188} INFO - [2025-10-29T20:34:35.426+0530] {example_kubernetes_executor.py:39} WARNING - The example_kubernetes_executor example DAG requires the kubernetes provider. Please install it with: pip install apache-airflow[cncf.kubernetes]
[2025-10-29T20:34:35.427+0530] {processor.py:842} WARNING - No viable dags retrieved from /home/logi/txtai/venv/lib/python3.10/site-packages/airflow/example_dags/example_kubernetes_executor.py
[2025-10-29T20:34:35.446+0530] {processor.py:183} INFO - Processing /home/logi/txtai/venv/lib/python3.10/site-packages/airflow/example_dags/example_kubernetes_executor.py took 0.053 seconds
[2025-10-29T20:35:51.374+0530] {processor.py:161} INFO - Started process (PID=24030) to work on /home/logi/txtai/venv/lib/python3.10/site-packages/airflow/example_dags/example_kubernetes_executor.py
[2025-10-29T20:35:51.387+0530] {processor.py:830} INFO - Processing file /home/logi/txtai/venv/lib/python3.10/site-packages/airflow/example_dags/example_kubernetes_executor.py for tasks to queue
[2025-10-29T20:35:51.390+0530] {logging_mixin.py:188} INFO - [2025-10-29T20:35:51.390+0530] {dagbag.py:545} INFO - Filling up the DagBag from /home/logi/txtai/venv/lib/python3.10/site-packages/airflow/example_dags/example_kubernetes_executor.py
[2025-10-29T20:35:51.396+0530] {logging_mixin.py:188} INFO - [2025-10-29T20:35:51.396+0530] {example_kubernetes_executor.py:39} WARNING - The example_kubernetes_executor example DAG requires the kubernetes provider. Please install it with: pip install apache-airflow[cncf.kubernetes]
[2025-10-29T20:35:51.396+0530] {processor.py:842} WARNING - No viable dags retrieved from /home/logi/txtai/venv/lib/python3.10/site-packages/airflow/example_dags/example_kubernetes_executor.py
[2025-10-29T20:35:51.415+0530] {processor.py:183} INFO - Processing /home/logi/txtai/venv/lib/python3.10/site-packages/airflow/example_dags/example_kubernetes_executor.py took 0.053 seconds
[2025-10-29T20:36:44.707+0530] {processor.py:161} INFO - Started process (PID=24094) to work on /home/logi/txtai/venv/lib/python3.10/site-packages/airflow/example_dags/example_kubernetes_executor.py
[2025-10-29T20:36:44.721+0530] {processor.py:830} INFO - Processing file /home/logi/txtai/venv/lib/python3.10/site-packages/airflow/example_dags/example_kubernetes_executor.py for tasks to queue
[2025-10-29T20:36:44.724+0530] {logging_mixin.py:188} INFO - [2025-10-29T20:36:44.723+0530] {dagbag.py:545} INFO - Filling up the DagBag from /home/logi/txtai/venv/lib/python3.10/site-packages/airflow/example_dags/example_kubernetes_executor.py
[2025-10-29T20:36:44.729+0530] {logging_mixin.py:188} INFO - [2025-10-29T20:36:44.729+0530] {example_kubernetes_executor.py:39} WARNING - The example_kubernetes_executor example DAG requires the kubernetes provider. Please install it with: pip install apache-airflow[cncf.kubernetes]
[2025-10-29T20:36:44.730+0530] {processor.py:842} WARNING - No viable dags retrieved from /home/logi/txtai/venv/lib/python3.10/site-packages/airflow/example_dags/example_kubernetes_executor.py
[2025-10-29T20:36:44.749+0530] {processor.py:183} INFO - Processing /home/logi/txtai/venv/lib/python3.10/site-packages/airflow/example_dags/example_kubernetes_executor.py took 0.054 seconds
[2025-10-29T20:37:37.883+0530] {processor.py:161} INFO - Started process (PID=24164) to work on /home/logi/txtai/venv/lib/python3.10/site-packages/airflow/example_dags/example_kubernetes_executor.py
[2025-10-29T20:37:37.897+0530] {processor.py:830} INFO - Processing file /home/logi/txtai/venv/lib/python3.10/site-packages/airflow/example_dags/example_kubernetes_executor.py for tasks to queue
[2025-10-29T20:37:37.900+0530] {logging_mixin.py:188} INFO - [2025-10-29T20:37:37.899+0530] {dagbag.py:545} INFO - Filling up the DagBag from /home/logi/txtai/venv/lib/python3.10/site-packages/airflow/example_dags/example_kubernetes_executor.py
[2025-10-29T20:37:37.906+0530] {logging_mixin.py:188} INFO - [2025-10-29T20:37:37.905+0530] {example_kubernetes_executor.py:39} WARNING - The example_kubernetes_executor example DAG requires the kubernetes provider. Please install it with: pip install apache-airflow[cncf.kubernetes]
[2025-10-29T20:37:37.906+0530] {processor.py:842} WARNING - No viable dags retrieved from /home/logi/txtai/venv/lib/python3.10/site-packages/airflow/example_dags/example_kubernetes_executor.py
[2025-10-29T20:37:37.925+0530] {processor.py:183} INFO - Processing /home/logi/txtai/venv/lib/python3.10/site-packages/airflow/example_dags/example_kubernetes_executor.py took 0.053 seconds
