[2025-10-29T19:30:26.159+0530] {processor.py:161} INFO - Started process (PID=16380) to work on /home/logi/txtai/venv/lib/python3.10/site-packages/airflow/example_dags/example_bash_operator.py
[2025-10-29T19:30:26.161+0530] {processor.py:830} INFO - Processing file /home/logi/txtai/venv/lib/python3.10/site-packages/airflow/example_dags/example_bash_operator.py for tasks to queue
[2025-10-29T19:30:26.164+0530] {logging_mixin.py:188} INFO - [2025-10-29T19:30:26.163+0530] {dagbag.py:545} INFO - Filling up the DagBag from /home/logi/txtai/venv/lib/python3.10/site-packages/airflow/example_dags/example_bash_operator.py
[2025-10-29T19:30:26.180+0530] {processor.py:840} INFO - DAG(s) 'example_bash_operator' retrieved from /home/logi/txtai/venv/lib/python3.10/site-packages/airflow/example_dags/example_bash_operator.py
[2025-10-29T19:30:26.267+0530] {logging_mixin.py:188} INFO - [2025-10-29T19:30:26.267+0530] {override.py:1829} INFO - Created Permission View: can read on DAG:example_bash_operator
[2025-10-29T19:30:26.276+0530] {logging_mixin.py:188} INFO - [2025-10-29T19:30:26.276+0530] {override.py:1829} INFO - Created Permission View: can edit on DAG:example_bash_operator
[2025-10-29T19:30:26.282+0530] {logging_mixin.py:188} INFO - [2025-10-29T19:30:26.281+0530] {override.py:1829} INFO - Created Permission View: can delete on DAG:example_bash_operator
[2025-10-29T19:30:26.282+0530] {logging_mixin.py:188} INFO - [2025-10-29T19:30:26.282+0530] {dag.py:3096} INFO - Sync 1 DAGs
[2025-10-29T19:30:26.289+0530] {logging_mixin.py:188} INFO - [2025-10-29T19:30:26.289+0530] {dag.py:3118} INFO - Creating ORM DAG for example_bash_operator
[2025-10-29T19:30:26.297+0530] {logging_mixin.py:188} INFO - [2025-10-29T19:30:26.296+0530] {dag.py:3954} INFO - Setting next_dagrun for example_bash_operator to 2025-10-28 00:00:00+00:00, run_after=2025-10-29 00:00:00+00:00
[2025-10-29T19:30:26.313+0530] {processor.py:183} INFO - Processing /home/logi/txtai/venv/lib/python3.10/site-packages/airflow/example_dags/example_bash_operator.py took 0.165 seconds
[2025-10-29T19:31:38.713+0530] {processor.py:161} INFO - Started process (PID=16620) to work on /home/logi/txtai/venv/lib/python3.10/site-packages/airflow/example_dags/example_bash_operator.py
[2025-10-29T19:31:38.726+0530] {processor.py:830} INFO - Processing file /home/logi/txtai/venv/lib/python3.10/site-packages/airflow/example_dags/example_bash_operator.py for tasks to queue
[2025-10-29T19:31:38.729+0530] {logging_mixin.py:188} INFO - [2025-10-29T19:31:38.728+0530] {dagbag.py:545} INFO - Filling up the DagBag from /home/logi/txtai/venv/lib/python3.10/site-packages/airflow/example_dags/example_bash_operator.py
[2025-10-29T19:31:38.747+0530] {processor.py:840} INFO - DAG(s) 'example_bash_operator' retrieved from /home/logi/txtai/venv/lib/python3.10/site-packages/airflow/example_dags/example_bash_operator.py
[2025-10-29T19:31:38.773+0530] {logging_mixin.py:188} INFO - [2025-10-29T19:31:38.773+0530] {dag.py:3096} INFO - Sync 1 DAGs
[2025-10-29T19:31:38.800+0530] {logging_mixin.py:188} INFO - [2025-10-29T19:31:38.800+0530] {dag.py:3954} INFO - Setting next_dagrun for example_bash_operator to 2025-10-28 00:00:00+00:00, run_after=2025-10-29 00:00:00+00:00
[2025-10-29T19:31:38.818+0530] {processor.py:183} INFO - Processing /home/logi/txtai/venv/lib/python3.10/site-packages/airflow/example_dags/example_bash_operator.py took 0.112 seconds
[2025-10-29T19:32:47.791+0530] {processor.py:161} INFO - Started process (PID=16711) to work on /home/logi/txtai/venv/lib/python3.10/site-packages/airflow/example_dags/example_bash_operator.py
[2025-10-29T19:32:47.793+0530] {processor.py:830} INFO - Processing file /home/logi/txtai/venv/lib/python3.10/site-packages/airflow/example_dags/example_bash_operator.py for tasks to queue
[2025-10-29T19:32:47.797+0530] {logging_mixin.py:188} INFO - [2025-10-29T19:32:47.796+0530] {dagbag.py:545} INFO - Filling up the DagBag from /home/logi/txtai/venv/lib/python3.10/site-packages/airflow/example_dags/example_bash_operator.py
[2025-10-29T19:32:47.812+0530] {processor.py:840} INFO - DAG(s) 'example_bash_operator' retrieved from /home/logi/txtai/venv/lib/python3.10/site-packages/airflow/example_dags/example_bash_operator.py
[2025-10-29T19:32:47.836+0530] {logging_mixin.py:188} INFO - [2025-10-29T19:32:47.835+0530] {dag.py:3096} INFO - Sync 1 DAGs
[2025-10-29T19:32:47.864+0530] {logging_mixin.py:188} INFO - [2025-10-29T19:32:47.864+0530] {dag.py:3954} INFO - Setting next_dagrun for example_bash_operator to 2025-10-28 00:00:00+00:00, run_after=2025-10-29 00:00:00+00:00
[2025-10-29T19:32:47.887+0530] {processor.py:183} INFO - Processing /home/logi/txtai/venv/lib/python3.10/site-packages/airflow/example_dags/example_bash_operator.py took 0.104 seconds
[2025-10-29T19:34:01.325+0530] {processor.py:161} INFO - Started process (PID=16901) to work on /home/logi/txtai/venv/lib/python3.10/site-packages/airflow/example_dags/example_bash_operator.py
[2025-10-29T19:34:01.327+0530] {processor.py:830} INFO - Processing file /home/logi/txtai/venv/lib/python3.10/site-packages/airflow/example_dags/example_bash_operator.py for tasks to queue
[2025-10-29T19:34:01.330+0530] {logging_mixin.py:188} INFO - [2025-10-29T19:34:01.330+0530] {dagbag.py:545} INFO - Filling up the DagBag from /home/logi/txtai/venv/lib/python3.10/site-packages/airflow/example_dags/example_bash_operator.py
[2025-10-29T19:34:01.350+0530] {processor.py:840} INFO - DAG(s) 'example_bash_operator' retrieved from /home/logi/txtai/venv/lib/python3.10/site-packages/airflow/example_dags/example_bash_operator.py
[2025-10-29T19:34:01.376+0530] {logging_mixin.py:188} INFO - [2025-10-29T19:34:01.376+0530] {dag.py:3096} INFO - Sync 1 DAGs
[2025-10-29T19:34:01.394+0530] {logging_mixin.py:188} INFO - [2025-10-29T19:34:01.393+0530] {dag.py:3954} INFO - Setting next_dagrun for example_bash_operator to 2025-10-28 00:00:00+00:00, run_after=2025-10-29 00:00:00+00:00
[2025-10-29T19:34:01.413+0530] {processor.py:183} INFO - Processing /home/logi/txtai/venv/lib/python3.10/site-packages/airflow/example_dags/example_bash_operator.py took 0.102 seconds
[2025-10-29T19:35:15.891+0530] {processor.py:161} INFO - Started process (PID=17024) to work on /home/logi/txtai/venv/lib/python3.10/site-packages/airflow/example_dags/example_bash_operator.py
[2025-10-29T19:35:15.905+0530] {processor.py:830} INFO - Processing file /home/logi/txtai/venv/lib/python3.10/site-packages/airflow/example_dags/example_bash_operator.py for tasks to queue
[2025-10-29T19:35:15.908+0530] {logging_mixin.py:188} INFO - [2025-10-29T19:35:15.907+0530] {dagbag.py:545} INFO - Filling up the DagBag from /home/logi/txtai/venv/lib/python3.10/site-packages/airflow/example_dags/example_bash_operator.py
[2025-10-29T19:35:15.928+0530] {processor.py:840} INFO - DAG(s) 'example_bash_operator' retrieved from /home/logi/txtai/venv/lib/python3.10/site-packages/airflow/example_dags/example_bash_operator.py
[2025-10-29T19:35:15.961+0530] {logging_mixin.py:188} INFO - [2025-10-29T19:35:15.961+0530] {dag.py:3096} INFO - Sync 1 DAGs
[2025-10-29T19:35:15.979+0530] {logging_mixin.py:188} INFO - [2025-10-29T19:35:15.979+0530] {dag.py:3954} INFO - Setting next_dagrun for example_bash_operator to 2025-10-28 00:00:00+00:00, run_after=2025-10-29 00:00:00+00:00
[2025-10-29T19:35:15.998+0530] {processor.py:183} INFO - Processing /home/logi/txtai/venv/lib/python3.10/site-packages/airflow/example_dags/example_bash_operator.py took 0.118 seconds
[2025-10-29T19:36:31.616+0530] {processor.py:161} INFO - Started process (PID=17327) to work on /home/logi/txtai/venv/lib/python3.10/site-packages/airflow/example_dags/example_bash_operator.py
[2025-10-29T19:36:31.630+0530] {processor.py:830} INFO - Processing file /home/logi/txtai/venv/lib/python3.10/site-packages/airflow/example_dags/example_bash_operator.py for tasks to queue
[2025-10-29T19:36:31.633+0530] {logging_mixin.py:188} INFO - [2025-10-29T19:36:31.632+0530] {dagbag.py:545} INFO - Filling up the DagBag from /home/logi/txtai/venv/lib/python3.10/site-packages/airflow/example_dags/example_bash_operator.py
[2025-10-29T19:36:31.652+0530] {processor.py:840} INFO - DAG(s) 'example_bash_operator' retrieved from /home/logi/txtai/venv/lib/python3.10/site-packages/airflow/example_dags/example_bash_operator.py
[2025-10-29T19:36:31.686+0530] {logging_mixin.py:188} INFO - [2025-10-29T19:36:31.685+0530] {dag.py:3096} INFO - Sync 1 DAGs
[2025-10-29T19:36:31.703+0530] {logging_mixin.py:188} INFO - [2025-10-29T19:36:31.702+0530] {dag.py:3954} INFO - Setting next_dagrun for example_bash_operator to 2025-10-28 00:00:00+00:00, run_after=2025-10-29 00:00:00+00:00
[2025-10-29T19:36:31.730+0530] {processor.py:183} INFO - Processing /home/logi/txtai/venv/lib/python3.10/site-packages/airflow/example_dags/example_bash_operator.py took 0.125 seconds
[2025-10-29T19:37:49.103+0530] {processor.py:161} INFO - Started process (PID=17423) to work on /home/logi/txtai/venv/lib/python3.10/site-packages/airflow/example_dags/example_bash_operator.py
[2025-10-29T19:37:49.116+0530] {processor.py:830} INFO - Processing file /home/logi/txtai/venv/lib/python3.10/site-packages/airflow/example_dags/example_bash_operator.py for tasks to queue
[2025-10-29T19:37:49.120+0530] {logging_mixin.py:188} INFO - [2025-10-29T19:37:49.119+0530] {dagbag.py:545} INFO - Filling up the DagBag from /home/logi/txtai/venv/lib/python3.10/site-packages/airflow/example_dags/example_bash_operator.py
[2025-10-29T19:37:49.140+0530] {processor.py:840} INFO - DAG(s) 'example_bash_operator' retrieved from /home/logi/txtai/venv/lib/python3.10/site-packages/airflow/example_dags/example_bash_operator.py
[2025-10-29T19:37:49.173+0530] {logging_mixin.py:188} INFO - [2025-10-29T19:37:49.173+0530] {dag.py:3096} INFO - Sync 1 DAGs
[2025-10-29T19:37:49.190+0530] {logging_mixin.py:188} INFO - [2025-10-29T19:37:49.189+0530] {dag.py:3954} INFO - Setting next_dagrun for example_bash_operator to 2025-10-28 00:00:00+00:00, run_after=2025-10-29 00:00:00+00:00
[2025-10-29T19:37:49.210+0530] {processor.py:183} INFO - Processing /home/logi/txtai/venv/lib/python3.10/site-packages/airflow/example_dags/example_bash_operator.py took 0.118 seconds
[2025-10-29T19:39:07.898+0530] {processor.py:161} INFO - Started process (PID=17521) to work on /home/logi/txtai/venv/lib/python3.10/site-packages/airflow/example_dags/example_bash_operator.py
[2025-10-29T19:39:07.911+0530] {processor.py:830} INFO - Processing file /home/logi/txtai/venv/lib/python3.10/site-packages/airflow/example_dags/example_bash_operator.py for tasks to queue
[2025-10-29T19:39:07.914+0530] {logging_mixin.py:188} INFO - [2025-10-29T19:39:07.914+0530] {dagbag.py:545} INFO - Filling up the DagBag from /home/logi/txtai/venv/lib/python3.10/site-packages/airflow/example_dags/example_bash_operator.py
[2025-10-29T19:39:07.934+0530] {processor.py:840} INFO - DAG(s) 'example_bash_operator' retrieved from /home/logi/txtai/venv/lib/python3.10/site-packages/airflow/example_dags/example_bash_operator.py
[2025-10-29T19:39:07.969+0530] {logging_mixin.py:188} INFO - [2025-10-29T19:39:07.968+0530] {dag.py:3096} INFO - Sync 1 DAGs
[2025-10-29T19:39:07.986+0530] {logging_mixin.py:188} INFO - [2025-10-29T19:39:07.986+0530] {dag.py:3954} INFO - Setting next_dagrun for example_bash_operator to 2025-10-28 00:00:00+00:00, run_after=2025-10-29 00:00:00+00:00
[2025-10-29T19:39:08.008+0530] {processor.py:183} INFO - Processing /home/logi/txtai/venv/lib/python3.10/site-packages/airflow/example_dags/example_bash_operator.py took 0.122 seconds
[2025-10-29T19:40:03.401+0530] {processor.py:161} INFO - Started process (PID=17625) to work on /home/logi/txtai/venv/lib/python3.10/site-packages/airflow/example_dags/example_bash_operator.py
[2025-10-29T19:40:03.415+0530] {processor.py:830} INFO - Processing file /home/logi/txtai/venv/lib/python3.10/site-packages/airflow/example_dags/example_bash_operator.py for tasks to queue
[2025-10-29T19:40:03.418+0530] {logging_mixin.py:188} INFO - [2025-10-29T19:40:03.417+0530] {dagbag.py:545} INFO - Filling up the DagBag from /home/logi/txtai/venv/lib/python3.10/site-packages/airflow/example_dags/example_bash_operator.py
[2025-10-29T19:40:03.438+0530] {processor.py:840} INFO - DAG(s) 'example_bash_operator' retrieved from /home/logi/txtai/venv/lib/python3.10/site-packages/airflow/example_dags/example_bash_operator.py
[2025-10-29T19:40:03.471+0530] {logging_mixin.py:188} INFO - [2025-10-29T19:40:03.471+0530] {dag.py:3096} INFO - Sync 1 DAGs
[2025-10-29T19:40:03.489+0530] {logging_mixin.py:188} INFO - [2025-10-29T19:40:03.489+0530] {dag.py:3954} INFO - Setting next_dagrun for example_bash_operator to 2025-10-28 00:00:00+00:00, run_after=2025-10-29 00:00:00+00:00
[2025-10-29T19:40:03.509+0530] {processor.py:183} INFO - Processing /home/logi/txtai/venv/lib/python3.10/site-packages/airflow/example_dags/example_bash_operator.py took 0.119 seconds
[2025-10-29T19:41:17.298+0530] {processor.py:161} INFO - Started process (PID=17894) to work on /home/logi/txtai/venv/lib/python3.10/site-packages/airflow/example_dags/example_bash_operator.py
[2025-10-29T19:41:17.311+0530] {processor.py:830} INFO - Processing file /home/logi/txtai/venv/lib/python3.10/site-packages/airflow/example_dags/example_bash_operator.py for tasks to queue
[2025-10-29T19:41:17.314+0530] {logging_mixin.py:188} INFO - [2025-10-29T19:41:17.314+0530] {dagbag.py:545} INFO - Filling up the DagBag from /home/logi/txtai/venv/lib/python3.10/site-packages/airflow/example_dags/example_bash_operator.py
[2025-10-29T19:41:17.334+0530] {processor.py:840} INFO - DAG(s) 'example_bash_operator' retrieved from /home/logi/txtai/venv/lib/python3.10/site-packages/airflow/example_dags/example_bash_operator.py
[2025-10-29T19:41:17.365+0530] {logging_mixin.py:188} INFO - [2025-10-29T19:41:17.365+0530] {dag.py:3096} INFO - Sync 1 DAGs
[2025-10-29T19:41:17.383+0530] {logging_mixin.py:188} INFO - [2025-10-29T19:41:17.382+0530] {dag.py:3954} INFO - Setting next_dagrun for example_bash_operator to 2025-10-28 00:00:00+00:00, run_after=2025-10-29 00:00:00+00:00
[2025-10-29T19:41:17.403+0530] {processor.py:183} INFO - Processing /home/logi/txtai/venv/lib/python3.10/site-packages/airflow/example_dags/example_bash_operator.py took 0.117 seconds
[2025-10-29T19:42:34.859+0530] {processor.py:161} INFO - Started process (PID=18013) to work on /home/logi/txtai/venv/lib/python3.10/site-packages/airflow/example_dags/example_bash_operator.py
[2025-10-29T19:42:34.873+0530] {processor.py:830} INFO - Processing file /home/logi/txtai/venv/lib/python3.10/site-packages/airflow/example_dags/example_bash_operator.py for tasks to queue
[2025-10-29T19:42:34.876+0530] {logging_mixin.py:188} INFO - [2025-10-29T19:42:34.875+0530] {dagbag.py:545} INFO - Filling up the DagBag from /home/logi/txtai/venv/lib/python3.10/site-packages/airflow/example_dags/example_bash_operator.py
[2025-10-29T19:42:34.896+0530] {processor.py:840} INFO - DAG(s) 'example_bash_operator' retrieved from /home/logi/txtai/venv/lib/python3.10/site-packages/airflow/example_dags/example_bash_operator.py
[2025-10-29T19:42:34.929+0530] {logging_mixin.py:188} INFO - [2025-10-29T19:42:34.929+0530] {dag.py:3096} INFO - Sync 1 DAGs
[2025-10-29T19:42:34.946+0530] {logging_mixin.py:188} INFO - [2025-10-29T19:42:34.946+0530] {dag.py:3954} INFO - Setting next_dagrun for example_bash_operator to 2025-10-28 00:00:00+00:00, run_after=2025-10-29 00:00:00+00:00
[2025-10-29T19:42:34.967+0530] {processor.py:183} INFO - Processing /home/logi/txtai/venv/lib/python3.10/site-packages/airflow/example_dags/example_bash_operator.py took 0.119 seconds
[2025-10-29T19:43:55.647+0530] {processor.py:161} INFO - Started process (PID=18135) to work on /home/logi/txtai/venv/lib/python3.10/site-packages/airflow/example_dags/example_bash_operator.py
[2025-10-29T19:43:55.649+0530] {processor.py:830} INFO - Processing file /home/logi/txtai/venv/lib/python3.10/site-packages/airflow/example_dags/example_bash_operator.py for tasks to queue
[2025-10-29T19:43:55.654+0530] {logging_mixin.py:188} INFO - [2025-10-29T19:43:55.653+0530] {dagbag.py:545} INFO - Filling up the DagBag from /home/logi/txtai/venv/lib/python3.10/site-packages/airflow/example_dags/example_bash_operator.py
[2025-10-29T19:43:55.677+0530] {processor.py:840} INFO - DAG(s) 'example_bash_operator' retrieved from /home/logi/txtai/venv/lib/python3.10/site-packages/airflow/example_dags/example_bash_operator.py
[2025-10-29T19:43:55.701+0530] {logging_mixin.py:188} INFO - [2025-10-29T19:43:55.700+0530] {dag.py:3096} INFO - Sync 1 DAGs
[2025-10-29T19:43:55.719+0530] {logging_mixin.py:188} INFO - [2025-10-29T19:43:55.719+0530] {dag.py:3954} INFO - Setting next_dagrun for example_bash_operator to 2025-10-28 00:00:00+00:00, run_after=2025-10-29 00:00:00+00:00
[2025-10-29T19:43:55.739+0530] {processor.py:183} INFO - Processing /home/logi/txtai/venv/lib/python3.10/site-packages/airflow/example_dags/example_bash_operator.py took 0.105 seconds
[2025-10-29T19:45:14.791+0530] {processor.py:161} INFO - Started process (PID=18268) to work on /home/logi/txtai/venv/lib/python3.10/site-packages/airflow/example_dags/example_bash_operator.py
[2025-10-29T19:45:14.806+0530] {processor.py:830} INFO - Processing file /home/logi/txtai/venv/lib/python3.10/site-packages/airflow/example_dags/example_bash_operator.py for tasks to queue
[2025-10-29T19:45:14.809+0530] {logging_mixin.py:188} INFO - [2025-10-29T19:45:14.808+0530] {dagbag.py:545} INFO - Filling up the DagBag from /home/logi/txtai/venv/lib/python3.10/site-packages/airflow/example_dags/example_bash_operator.py
[2025-10-29T19:45:14.829+0530] {processor.py:840} INFO - DAG(s) 'example_bash_operator' retrieved from /home/logi/txtai/venv/lib/python3.10/site-packages/airflow/example_dags/example_bash_operator.py
[2025-10-29T19:45:14.865+0530] {logging_mixin.py:188} INFO - [2025-10-29T19:45:14.864+0530] {dag.py:3096} INFO - Sync 1 DAGs
[2025-10-29T19:45:14.883+0530] {logging_mixin.py:188} INFO - [2025-10-29T19:45:14.882+0530] {dag.py:3954} INFO - Setting next_dagrun for example_bash_operator to 2025-10-28 00:00:00+00:00, run_after=2025-10-29 00:00:00+00:00
[2025-10-29T19:45:14.902+0530] {processor.py:183} INFO - Processing /home/logi/txtai/venv/lib/python3.10/site-packages/airflow/example_dags/example_bash_operator.py took 0.122 seconds
[2025-10-29T19:46:37.453+0530] {processor.py:161} INFO - Started process (PID=18376) to work on /home/logi/txtai/venv/lib/python3.10/site-packages/airflow/example_dags/example_bash_operator.py
[2025-10-29T19:46:37.467+0530] {processor.py:830} INFO - Processing file /home/logi/txtai/venv/lib/python3.10/site-packages/airflow/example_dags/example_bash_operator.py for tasks to queue
[2025-10-29T19:46:37.473+0530] {logging_mixin.py:188} INFO - [2025-10-29T19:46:37.472+0530] {dagbag.py:545} INFO - Filling up the DagBag from /home/logi/txtai/venv/lib/python3.10/site-packages/airflow/example_dags/example_bash_operator.py
[2025-10-29T19:46:37.496+0530] {processor.py:840} INFO - DAG(s) 'example_bash_operator' retrieved from /home/logi/txtai/venv/lib/python3.10/site-packages/airflow/example_dags/example_bash_operator.py
[2025-10-29T19:46:37.529+0530] {logging_mixin.py:188} INFO - [2025-10-29T19:46:37.529+0530] {dag.py:3096} INFO - Sync 1 DAGs
[2025-10-29T19:46:37.546+0530] {logging_mixin.py:188} INFO - [2025-10-29T19:46:37.546+0530] {dag.py:3954} INFO - Setting next_dagrun for example_bash_operator to 2025-10-28 00:00:00+00:00, run_after=2025-10-29 00:00:00+00:00
[2025-10-29T19:46:37.565+0530] {processor.py:183} INFO - Processing /home/logi/txtai/venv/lib/python3.10/site-packages/airflow/example_dags/example_bash_operator.py took 0.125 seconds
[2025-10-29T19:47:57.589+0530] {processor.py:161} INFO - Started process (PID=18479) to work on /home/logi/txtai/venv/lib/python3.10/site-packages/airflow/example_dags/example_bash_operator.py
[2025-10-29T19:47:57.602+0530] {processor.py:830} INFO - Processing file /home/logi/txtai/venv/lib/python3.10/site-packages/airflow/example_dags/example_bash_operator.py for tasks to queue
[2025-10-29T19:47:57.605+0530] {logging_mixin.py:188} INFO - [2025-10-29T19:47:57.605+0530] {dagbag.py:545} INFO - Filling up the DagBag from /home/logi/txtai/venv/lib/python3.10/site-packages/airflow/example_dags/example_bash_operator.py
[2025-10-29T19:47:57.626+0530] {processor.py:840} INFO - DAG(s) 'example_bash_operator' retrieved from /home/logi/txtai/venv/lib/python3.10/site-packages/airflow/example_dags/example_bash_operator.py
[2025-10-29T19:47:57.661+0530] {logging_mixin.py:188} INFO - [2025-10-29T19:47:57.661+0530] {dag.py:3096} INFO - Sync 1 DAGs
[2025-10-29T19:47:57.678+0530] {logging_mixin.py:188} INFO - [2025-10-29T19:47:57.678+0530] {dag.py:3954} INFO - Setting next_dagrun for example_bash_operator to 2025-10-28 00:00:00+00:00, run_after=2025-10-29 00:00:00+00:00
[2025-10-29T19:47:57.705+0530] {processor.py:183} INFO - Processing /home/logi/txtai/venv/lib/python3.10/site-packages/airflow/example_dags/example_bash_operator.py took 0.127 seconds
[2025-10-29T19:49:22.368+0530] {processor.py:161} INFO - Started process (PID=18657) to work on /home/logi/txtai/venv/lib/python3.10/site-packages/airflow/example_dags/example_bash_operator.py
[2025-10-29T19:49:22.381+0530] {processor.py:830} INFO - Processing file /home/logi/txtai/venv/lib/python3.10/site-packages/airflow/example_dags/example_bash_operator.py for tasks to queue
[2025-10-29T19:49:22.384+0530] {logging_mixin.py:188} INFO - [2025-10-29T19:49:22.383+0530] {dagbag.py:545} INFO - Filling up the DagBag from /home/logi/txtai/venv/lib/python3.10/site-packages/airflow/example_dags/example_bash_operator.py
[2025-10-29T19:49:22.403+0530] {processor.py:840} INFO - DAG(s) 'example_bash_operator' retrieved from /home/logi/txtai/venv/lib/python3.10/site-packages/airflow/example_dags/example_bash_operator.py
[2025-10-29T19:49:22.430+0530] {logging_mixin.py:188} INFO - [2025-10-29T19:49:22.430+0530] {dag.py:3096} INFO - Sync 1 DAGs
[2025-10-29T19:49:22.448+0530] {logging_mixin.py:188} INFO - [2025-10-29T19:49:22.448+0530] {dag.py:3954} INFO - Setting next_dagrun for example_bash_operator to 2025-10-28 00:00:00+00:00, run_after=2025-10-29 00:00:00+00:00
[2025-10-29T19:49:22.470+0530] {processor.py:183} INFO - Processing /home/logi/txtai/venv/lib/python3.10/site-packages/airflow/example_dags/example_bash_operator.py took 0.109 seconds
[2025-10-29T19:50:40.917+0530] {processor.py:161} INFO - Started process (PID=18784) to work on /home/logi/txtai/venv/lib/python3.10/site-packages/airflow/example_dags/example_bash_operator.py
[2025-10-29T19:50:40.920+0530] {processor.py:830} INFO - Processing file /home/logi/txtai/venv/lib/python3.10/site-packages/airflow/example_dags/example_bash_operator.py for tasks to queue
[2025-10-29T19:50:40.923+0530] {logging_mixin.py:188} INFO - [2025-10-29T19:50:40.922+0530] {dagbag.py:545} INFO - Filling up the DagBag from /home/logi/txtai/venv/lib/python3.10/site-packages/airflow/example_dags/example_bash_operator.py
[2025-10-29T19:50:40.943+0530] {processor.py:840} INFO - DAG(s) 'example_bash_operator' retrieved from /home/logi/txtai/venv/lib/python3.10/site-packages/airflow/example_dags/example_bash_operator.py
[2025-10-29T19:50:40.970+0530] {logging_mixin.py:188} INFO - [2025-10-29T19:50:40.969+0530] {dag.py:3096} INFO - Sync 1 DAGs
[2025-10-29T19:50:40.987+0530] {logging_mixin.py:188} INFO - [2025-10-29T19:50:40.986+0530] {dag.py:3954} INFO - Setting next_dagrun for example_bash_operator to 2025-10-28 00:00:00+00:00, run_after=2025-10-29 00:00:00+00:00
[2025-10-29T19:50:41.006+0530] {processor.py:183} INFO - Processing /home/logi/txtai/venv/lib/python3.10/site-packages/airflow/example_dags/example_bash_operator.py took 0.101 seconds
[2025-10-29T19:52:02.644+0530] {processor.py:161} INFO - Started process (PID=18910) to work on /home/logi/txtai/venv/lib/python3.10/site-packages/airflow/example_dags/example_bash_operator.py
[2025-10-29T19:52:02.658+0530] {processor.py:830} INFO - Processing file /home/logi/txtai/venv/lib/python3.10/site-packages/airflow/example_dags/example_bash_operator.py for tasks to queue
[2025-10-29T19:52:02.661+0530] {logging_mixin.py:188} INFO - [2025-10-29T19:52:02.660+0530] {dagbag.py:545} INFO - Filling up the DagBag from /home/logi/txtai/venv/lib/python3.10/site-packages/airflow/example_dags/example_bash_operator.py
[2025-10-29T19:52:02.680+0530] {processor.py:840} INFO - DAG(s) 'example_bash_operator' retrieved from /home/logi/txtai/venv/lib/python3.10/site-packages/airflow/example_dags/example_bash_operator.py
[2025-10-29T19:52:02.702+0530] {logging_mixin.py:188} INFO - [2025-10-29T19:52:02.702+0530] {dag.py:3096} INFO - Sync 1 DAGs
[2025-10-29T19:52:02.716+0530] {logging_mixin.py:188} INFO - [2025-10-29T19:52:02.716+0530] {dag.py:3954} INFO - Setting next_dagrun for example_bash_operator to 2025-10-28 00:00:00+00:00, run_after=2025-10-29 00:00:00+00:00
[2025-10-29T19:52:02.732+0530] {processor.py:183} INFO - Processing /home/logi/txtai/venv/lib/python3.10/site-packages/airflow/example_dags/example_bash_operator.py took 0.098 seconds
[2025-10-29T19:53:18.591+0530] {processor.py:161} INFO - Started process (PID=19008) to work on /home/logi/txtai/venv/lib/python3.10/site-packages/airflow/example_dags/example_bash_operator.py
[2025-10-29T19:53:18.605+0530] {processor.py:830} INFO - Processing file /home/logi/txtai/venv/lib/python3.10/site-packages/airflow/example_dags/example_bash_operator.py for tasks to queue
[2025-10-29T19:53:18.610+0530] {logging_mixin.py:188} INFO - [2025-10-29T19:53:18.609+0530] {dagbag.py:545} INFO - Filling up the DagBag from /home/logi/txtai/venv/lib/python3.10/site-packages/airflow/example_dags/example_bash_operator.py
[2025-10-29T19:53:18.640+0530] {processor.py:840} INFO - DAG(s) 'example_bash_operator' retrieved from /home/logi/txtai/venv/lib/python3.10/site-packages/airflow/example_dags/example_bash_operator.py
[2025-10-29T19:53:18.683+0530] {logging_mixin.py:188} INFO - [2025-10-29T19:53:18.682+0530] {dag.py:3096} INFO - Sync 1 DAGs
[2025-10-29T19:53:18.713+0530] {logging_mixin.py:188} INFO - [2025-10-29T19:53:18.713+0530] {dag.py:3954} INFO - Setting next_dagrun for example_bash_operator to 2025-10-28 00:00:00+00:00, run_after=2025-10-29 00:00:00+00:00
[2025-10-29T19:53:18.770+0530] {processor.py:183} INFO - Processing /home/logi/txtai/venv/lib/python3.10/site-packages/airflow/example_dags/example_bash_operator.py took 0.198 seconds
[2025-10-29T19:54:40.299+0530] {processor.py:161} INFO - Started process (PID=19139) to work on /home/logi/txtai/venv/lib/python3.10/site-packages/airflow/example_dags/example_bash_operator.py
[2025-10-29T19:54:40.313+0530] {processor.py:830} INFO - Processing file /home/logi/txtai/venv/lib/python3.10/site-packages/airflow/example_dags/example_bash_operator.py for tasks to queue
[2025-10-29T19:54:40.316+0530] {logging_mixin.py:188} INFO - [2025-10-29T19:54:40.315+0530] {dagbag.py:545} INFO - Filling up the DagBag from /home/logi/txtai/venv/lib/python3.10/site-packages/airflow/example_dags/example_bash_operator.py
[2025-10-29T19:54:40.340+0530] {processor.py:840} INFO - DAG(s) 'example_bash_operator' retrieved from /home/logi/txtai/venv/lib/python3.10/site-packages/airflow/example_dags/example_bash_operator.py
[2025-10-29T19:54:40.371+0530] {logging_mixin.py:188} INFO - [2025-10-29T19:54:40.371+0530] {dag.py:3096} INFO - Sync 1 DAGs
[2025-10-29T19:54:40.392+0530] {logging_mixin.py:188} INFO - [2025-10-29T19:54:40.392+0530] {dag.py:3954} INFO - Setting next_dagrun for example_bash_operator to 2025-10-28 00:00:00+00:00, run_after=2025-10-29 00:00:00+00:00
[2025-10-29T19:54:40.420+0530] {processor.py:183} INFO - Processing /home/logi/txtai/venv/lib/python3.10/site-packages/airflow/example_dags/example_bash_operator.py took 0.132 seconds
[2025-10-29T19:56:02.956+0530] {processor.py:161} INFO - Started process (PID=19248) to work on /home/logi/txtai/venv/lib/python3.10/site-packages/airflow/example_dags/example_bash_operator.py
[2025-10-29T19:56:02.970+0530] {processor.py:830} INFO - Processing file /home/logi/txtai/venv/lib/python3.10/site-packages/airflow/example_dags/example_bash_operator.py for tasks to queue
[2025-10-29T19:56:02.973+0530] {logging_mixin.py:188} INFO - [2025-10-29T19:56:02.973+0530] {dagbag.py:545} INFO - Filling up the DagBag from /home/logi/txtai/venv/lib/python3.10/site-packages/airflow/example_dags/example_bash_operator.py
[2025-10-29T19:56:02.994+0530] {processor.py:840} INFO - DAG(s) 'example_bash_operator' retrieved from /home/logi/txtai/venv/lib/python3.10/site-packages/airflow/example_dags/example_bash_operator.py
[2025-10-29T19:56:03.028+0530] {logging_mixin.py:188} INFO - [2025-10-29T19:56:03.028+0530] {dag.py:3096} INFO - Sync 1 DAGs
[2025-10-29T19:56:03.046+0530] {logging_mixin.py:188} INFO - [2025-10-29T19:56:03.045+0530] {dag.py:3954} INFO - Setting next_dagrun for example_bash_operator to 2025-10-28 00:00:00+00:00, run_after=2025-10-29 00:00:00+00:00
[2025-10-29T19:56:03.071+0530] {processor.py:183} INFO - Processing /home/logi/txtai/venv/lib/python3.10/site-packages/airflow/example_dags/example_bash_operator.py took 0.126 seconds
[2025-10-29T19:57:23.812+0530] {processor.py:161} INFO - Started process (PID=19374) to work on /home/logi/txtai/venv/lib/python3.10/site-packages/airflow/example_dags/example_bash_operator.py
[2025-10-29T19:57:23.826+0530] {processor.py:830} INFO - Processing file /home/logi/txtai/venv/lib/python3.10/site-packages/airflow/example_dags/example_bash_operator.py for tasks to queue
[2025-10-29T19:57:23.829+0530] {logging_mixin.py:188} INFO - [2025-10-29T19:57:23.829+0530] {dagbag.py:545} INFO - Filling up the DagBag from /home/logi/txtai/venv/lib/python3.10/site-packages/airflow/example_dags/example_bash_operator.py
[2025-10-29T19:57:23.849+0530] {processor.py:840} INFO - DAG(s) 'example_bash_operator' retrieved from /home/logi/txtai/venv/lib/python3.10/site-packages/airflow/example_dags/example_bash_operator.py
[2025-10-29T19:57:23.882+0530] {logging_mixin.py:188} INFO - [2025-10-29T19:57:23.882+0530] {dag.py:3096} INFO - Sync 1 DAGs
[2025-10-29T19:57:23.900+0530] {logging_mixin.py:188} INFO - [2025-10-29T19:57:23.900+0530] {dag.py:3954} INFO - Setting next_dagrun for example_bash_operator to 2025-10-28 00:00:00+00:00, run_after=2025-10-29 00:00:00+00:00
[2025-10-29T19:57:23.927+0530] {processor.py:183} INFO - Processing /home/logi/txtai/venv/lib/python3.10/site-packages/airflow/example_dags/example_bash_operator.py took 0.126 seconds
[2025-10-29T19:58:22.183+0530] {processor.py:161} INFO - Started process (PID=19571) to work on /home/logi/txtai/venv/lib/python3.10/site-packages/airflow/example_dags/example_bash_operator.py
[2025-10-29T19:58:22.197+0530] {processor.py:830} INFO - Processing file /home/logi/txtai/venv/lib/python3.10/site-packages/airflow/example_dags/example_bash_operator.py for tasks to queue
[2025-10-29T19:58:22.200+0530] {logging_mixin.py:188} INFO - [2025-10-29T19:58:22.199+0530] {dagbag.py:545} INFO - Filling up the DagBag from /home/logi/txtai/venv/lib/python3.10/site-packages/airflow/example_dags/example_bash_operator.py
[2025-10-29T19:58:22.223+0530] {processor.py:840} INFO - DAG(s) 'example_bash_operator' retrieved from /home/logi/txtai/venv/lib/python3.10/site-packages/airflow/example_dags/example_bash_operator.py
[2025-10-29T19:58:22.258+0530] {logging_mixin.py:188} INFO - [2025-10-29T19:58:22.257+0530] {dag.py:3096} INFO - Sync 1 DAGs
[2025-10-29T19:58:22.281+0530] {logging_mixin.py:188} INFO - [2025-10-29T19:58:22.280+0530] {dag.py:3954} INFO - Setting next_dagrun for example_bash_operator to 2025-10-28 00:00:00+00:00, run_after=2025-10-29 00:00:00+00:00
[2025-10-29T19:58:22.304+0530] {processor.py:183} INFO - Processing /home/logi/txtai/venv/lib/python3.10/site-packages/airflow/example_dags/example_bash_operator.py took 0.134 seconds
[2025-10-29T19:59:43.026+0530] {processor.py:161} INFO - Started process (PID=19709) to work on /home/logi/txtai/venv/lib/python3.10/site-packages/airflow/example_dags/example_bash_operator.py
[2025-10-29T19:59:43.039+0530] {processor.py:830} INFO - Processing file /home/logi/txtai/venv/lib/python3.10/site-packages/airflow/example_dags/example_bash_operator.py for tasks to queue
[2025-10-29T19:59:43.041+0530] {logging_mixin.py:188} INFO - [2025-10-29T19:59:43.041+0530] {dagbag.py:545} INFO - Filling up the DagBag from /home/logi/txtai/venv/lib/python3.10/site-packages/airflow/example_dags/example_bash_operator.py
[2025-10-29T19:59:43.061+0530] {processor.py:840} INFO - DAG(s) 'example_bash_operator' retrieved from /home/logi/txtai/venv/lib/python3.10/site-packages/airflow/example_dags/example_bash_operator.py
[2025-10-29T19:59:43.090+0530] {logging_mixin.py:188} INFO - [2025-10-29T19:59:43.090+0530] {dag.py:3096} INFO - Sync 1 DAGs
[2025-10-29T19:59:43.109+0530] {logging_mixin.py:188} INFO - [2025-10-29T19:59:43.109+0530] {dag.py:3954} INFO - Setting next_dagrun for example_bash_operator to 2025-10-28 00:00:00+00:00, run_after=2025-10-29 00:00:00+00:00
[2025-10-29T19:59:43.128+0530] {processor.py:183} INFO - Processing /home/logi/txtai/venv/lib/python3.10/site-packages/airflow/example_dags/example_bash_operator.py took 0.109 seconds
[2025-10-29T20:01:03.471+0530] {processor.py:161} INFO - Started process (PID=19881) to work on /home/logi/txtai/venv/lib/python3.10/site-packages/airflow/example_dags/example_bash_operator.py
[2025-10-29T20:01:03.472+0530] {processor.py:830} INFO - Processing file /home/logi/txtai/venv/lib/python3.10/site-packages/airflow/example_dags/example_bash_operator.py for tasks to queue
[2025-10-29T20:01:03.474+0530] {logging_mixin.py:188} INFO - [2025-10-29T20:01:03.474+0530] {dagbag.py:545} INFO - Filling up the DagBag from /home/logi/txtai/venv/lib/python3.10/site-packages/airflow/example_dags/example_bash_operator.py
[2025-10-29T20:01:03.496+0530] {processor.py:840} INFO - DAG(s) 'example_bash_operator' retrieved from /home/logi/txtai/venv/lib/python3.10/site-packages/airflow/example_dags/example_bash_operator.py
[2025-10-29T20:01:03.529+0530] {logging_mixin.py:188} INFO - [2025-10-29T20:01:03.529+0530] {dag.py:3096} INFO - Sync 1 DAGs
[2025-10-29T20:01:03.553+0530] {logging_mixin.py:188} INFO - [2025-10-29T20:01:03.553+0530] {dag.py:3954} INFO - Setting next_dagrun for example_bash_operator to 2025-10-28 00:00:00+00:00, run_after=2025-10-29 00:00:00+00:00
[2025-10-29T20:01:03.581+0530] {processor.py:183} INFO - Processing /home/logi/txtai/venv/lib/python3.10/site-packages/airflow/example_dags/example_bash_operator.py took 0.120 seconds
[2025-10-29T20:02:00.051+0530] {processor.py:161} INFO - Started process (PID=20009) to work on /home/logi/txtai/venv/lib/python3.10/site-packages/airflow/example_dags/example_bash_operator.py
[2025-10-29T20:02:00.064+0530] {processor.py:830} INFO - Processing file /home/logi/txtai/venv/lib/python3.10/site-packages/airflow/example_dags/example_bash_operator.py for tasks to queue
[2025-10-29T20:02:00.067+0530] {logging_mixin.py:188} INFO - [2025-10-29T20:02:00.066+0530] {dagbag.py:545} INFO - Filling up the DagBag from /home/logi/txtai/venv/lib/python3.10/site-packages/airflow/example_dags/example_bash_operator.py
[2025-10-29T20:02:00.095+0530] {processor.py:840} INFO - DAG(s) 'example_bash_operator' retrieved from /home/logi/txtai/venv/lib/python3.10/site-packages/airflow/example_dags/example_bash_operator.py
[2025-10-29T20:02:00.117+0530] {logging_mixin.py:188} INFO - [2025-10-29T20:02:00.116+0530] {dag.py:3096} INFO - Sync 1 DAGs
[2025-10-29T20:02:00.134+0530] {logging_mixin.py:188} INFO - [2025-10-29T20:02:00.134+0530] {dag.py:3954} INFO - Setting next_dagrun for example_bash_operator to 2025-10-28 00:00:00+00:00, run_after=2025-10-29 00:00:00+00:00
[2025-10-29T20:02:00.153+0530] {processor.py:183} INFO - Processing /home/logi/txtai/venv/lib/python3.10/site-packages/airflow/example_dags/example_bash_operator.py took 0.111 seconds
[2025-10-29T20:03:24.146+0530] {processor.py:161} INFO - Started process (PID=20188) to work on /home/logi/txtai/venv/lib/python3.10/site-packages/airflow/example_dags/example_bash_operator.py
[2025-10-29T20:03:24.161+0530] {processor.py:830} INFO - Processing file /home/logi/txtai/venv/lib/python3.10/site-packages/airflow/example_dags/example_bash_operator.py for tasks to queue
[2025-10-29T20:03:24.167+0530] {logging_mixin.py:188} INFO - [2025-10-29T20:03:24.166+0530] {dagbag.py:545} INFO - Filling up the DagBag from /home/logi/txtai/venv/lib/python3.10/site-packages/airflow/example_dags/example_bash_operator.py
[2025-10-29T20:03:24.214+0530] {processor.py:840} INFO - DAG(s) 'example_bash_operator' retrieved from /home/logi/txtai/venv/lib/python3.10/site-packages/airflow/example_dags/example_bash_operator.py
[2025-10-29T20:03:24.347+0530] {logging_mixin.py:188} INFO - [2025-10-29T20:03:24.345+0530] {dag.py:3096} INFO - Sync 1 DAGs
[2025-10-29T20:03:24.482+0530] {logging_mixin.py:188} INFO - [2025-10-29T20:03:24.480+0530] {dag.py:3954} INFO - Setting next_dagrun for example_bash_operator to 2025-10-28 00:00:00+00:00, run_after=2025-10-29 00:00:00+00:00
[2025-10-29T20:03:24.579+0530] {processor.py:183} INFO - Processing /home/logi/txtai/venv/lib/python3.10/site-packages/airflow/example_dags/example_bash_operator.py took 0.454 seconds
[2025-10-29T20:04:28.192+0530] {processor.py:161} INFO - Started process (PID=20311) to work on /home/logi/txtai/venv/lib/python3.10/site-packages/airflow/example_dags/example_bash_operator.py
[2025-10-29T20:04:28.207+0530] {processor.py:830} INFO - Processing file /home/logi/txtai/venv/lib/python3.10/site-packages/airflow/example_dags/example_bash_operator.py for tasks to queue
[2025-10-29T20:04:28.214+0530] {logging_mixin.py:188} INFO - [2025-10-29T20:04:28.212+0530] {dagbag.py:545} INFO - Filling up the DagBag from /home/logi/txtai/venv/lib/python3.10/site-packages/airflow/example_dags/example_bash_operator.py
[2025-10-29T20:04:28.248+0530] {processor.py:840} INFO - DAG(s) 'example_bash_operator' retrieved from /home/logi/txtai/venv/lib/python3.10/site-packages/airflow/example_dags/example_bash_operator.py
[2025-10-29T20:04:28.294+0530] {logging_mixin.py:188} INFO - [2025-10-29T20:04:28.293+0530] {dag.py:3096} INFO - Sync 1 DAGs
[2025-10-29T20:04:28.337+0530] {logging_mixin.py:188} INFO - [2025-10-29T20:04:28.336+0530] {dag.py:3954} INFO - Setting next_dagrun for example_bash_operator to 2025-10-28 00:00:00+00:00, run_after=2025-10-29 00:00:00+00:00
[2025-10-29T20:04:28.408+0530] {processor.py:183} INFO - Processing /home/logi/txtai/venv/lib/python3.10/site-packages/airflow/example_dags/example_bash_operator.py took 0.236 seconds
[2025-10-29T20:05:31.616+0530] {processor.py:161} INFO - Started process (PID=20463) to work on /home/logi/txtai/venv/lib/python3.10/site-packages/airflow/example_dags/example_bash_operator.py
[2025-10-29T20:05:31.621+0530] {processor.py:830} INFO - Processing file /home/logi/txtai/venv/lib/python3.10/site-packages/airflow/example_dags/example_bash_operator.py for tasks to queue
[2025-10-29T20:05:31.624+0530] {logging_mixin.py:188} INFO - [2025-10-29T20:05:31.623+0530] {dagbag.py:545} INFO - Filling up the DagBag from /home/logi/txtai/venv/lib/python3.10/site-packages/airflow/example_dags/example_bash_operator.py
[2025-10-29T20:05:31.644+0530] {processor.py:840} INFO - DAG(s) 'example_bash_operator' retrieved from /home/logi/txtai/venv/lib/python3.10/site-packages/airflow/example_dags/example_bash_operator.py
[2025-10-29T20:05:31.671+0530] {logging_mixin.py:188} INFO - [2025-10-29T20:05:31.671+0530] {dag.py:3096} INFO - Sync 1 DAGs
[2025-10-29T20:05:31.689+0530] {logging_mixin.py:188} INFO - [2025-10-29T20:05:31.689+0530] {dag.py:3954} INFO - Setting next_dagrun for example_bash_operator to 2025-10-28 00:00:00+00:00, run_after=2025-10-29 00:00:00+00:00
[2025-10-29T20:05:31.709+0530] {processor.py:183} INFO - Processing /home/logi/txtai/venv/lib/python3.10/site-packages/airflow/example_dags/example_bash_operator.py took 0.104 seconds
[2025-10-29T20:06:29.394+0530] {processor.py:161} INFO - Started process (PID=20575) to work on /home/logi/txtai/venv/lib/python3.10/site-packages/airflow/example_dags/example_bash_operator.py
[2025-10-29T20:06:29.407+0530] {processor.py:830} INFO - Processing file /home/logi/txtai/venv/lib/python3.10/site-packages/airflow/example_dags/example_bash_operator.py for tasks to queue
[2025-10-29T20:06:29.410+0530] {logging_mixin.py:188} INFO - [2025-10-29T20:06:29.409+0530] {dagbag.py:545} INFO - Filling up the DagBag from /home/logi/txtai/venv/lib/python3.10/site-packages/airflow/example_dags/example_bash_operator.py
[2025-10-29T20:06:29.430+0530] {processor.py:840} INFO - DAG(s) 'example_bash_operator' retrieved from /home/logi/txtai/venv/lib/python3.10/site-packages/airflow/example_dags/example_bash_operator.py
[2025-10-29T20:06:29.463+0530] {logging_mixin.py:188} INFO - [2025-10-29T20:06:29.463+0530] {dag.py:3096} INFO - Sync 1 DAGs
[2025-10-29T20:06:29.480+0530] {logging_mixin.py:188} INFO - [2025-10-29T20:06:29.480+0530] {dag.py:3954} INFO - Setting next_dagrun for example_bash_operator to 2025-10-28 00:00:00+00:00, run_after=2025-10-29 00:00:00+00:00
[2025-10-29T20:06:29.507+0530] {processor.py:183} INFO - Processing /home/logi/txtai/venv/lib/python3.10/site-packages/airflow/example_dags/example_bash_operator.py took 0.124 seconds
[2025-10-29T20:07:27.614+0530] {processor.py:161} INFO - Started process (PID=20691) to work on /home/logi/txtai/venv/lib/python3.10/site-packages/airflow/example_dags/example_bash_operator.py
[2025-10-29T20:07:27.627+0530] {processor.py:830} INFO - Processing file /home/logi/txtai/venv/lib/python3.10/site-packages/airflow/example_dags/example_bash_operator.py for tasks to queue
[2025-10-29T20:07:27.630+0530] {logging_mixin.py:188} INFO - [2025-10-29T20:07:27.630+0530] {dagbag.py:545} INFO - Filling up the DagBag from /home/logi/txtai/venv/lib/python3.10/site-packages/airflow/example_dags/example_bash_operator.py
[2025-10-29T20:07:27.643+0530] {processor.py:840} INFO - DAG(s) 'example_bash_operator' retrieved from /home/logi/txtai/venv/lib/python3.10/site-packages/airflow/example_dags/example_bash_operator.py
[2025-10-29T20:07:27.665+0530] {logging_mixin.py:188} INFO - [2025-10-29T20:07:27.665+0530] {dag.py:3096} INFO - Sync 1 DAGs
[2025-10-29T20:07:27.683+0530] {logging_mixin.py:188} INFO - [2025-10-29T20:07:27.683+0530] {dag.py:3954} INFO - Setting next_dagrun for example_bash_operator to 2025-10-28 00:00:00+00:00, run_after=2025-10-29 00:00:00+00:00
[2025-10-29T20:07:27.704+0530] {processor.py:183} INFO - Processing /home/logi/txtai/venv/lib/python3.10/site-packages/airflow/example_dags/example_bash_operator.py took 0.102 seconds
[2025-10-29T20:08:53.426+0530] {processor.py:161} INFO - Started process (PID=20850) to work on /home/logi/txtai/venv/lib/python3.10/site-packages/airflow/example_dags/example_bash_operator.py
[2025-10-29T20:08:53.441+0530] {processor.py:830} INFO - Processing file /home/logi/txtai/venv/lib/python3.10/site-packages/airflow/example_dags/example_bash_operator.py for tasks to queue
[2025-10-29T20:08:53.447+0530] {logging_mixin.py:188} INFO - [2025-10-29T20:08:53.447+0530] {dagbag.py:545} INFO - Filling up the DagBag from /home/logi/txtai/venv/lib/python3.10/site-packages/airflow/example_dags/example_bash_operator.py
[2025-10-29T20:08:53.470+0530] {processor.py:840} INFO - DAG(s) 'example_bash_operator' retrieved from /home/logi/txtai/venv/lib/python3.10/site-packages/airflow/example_dags/example_bash_operator.py
[2025-10-29T20:08:53.510+0530] {logging_mixin.py:188} INFO - [2025-10-29T20:08:53.509+0530] {dag.py:3096} INFO - Sync 1 DAGs
[2025-10-29T20:08:53.528+0530] {logging_mixin.py:188} INFO - [2025-10-29T20:08:53.528+0530] {dag.py:3954} INFO - Setting next_dagrun for example_bash_operator to 2025-10-28 00:00:00+00:00, run_after=2025-10-29 00:00:00+00:00
[2025-10-29T20:08:53.548+0530] {processor.py:183} INFO - Processing /home/logi/txtai/venv/lib/python3.10/site-packages/airflow/example_dags/example_bash_operator.py took 0.139 seconds
[2025-10-29T20:09:52.519+0530] {processor.py:161} INFO - Started process (PID=20996) to work on /home/logi/txtai/venv/lib/python3.10/site-packages/airflow/example_dags/example_bash_operator.py
[2025-10-29T20:09:52.532+0530] {processor.py:830} INFO - Processing file /home/logi/txtai/venv/lib/python3.10/site-packages/airflow/example_dags/example_bash_operator.py for tasks to queue
[2025-10-29T20:09:52.535+0530] {logging_mixin.py:188} INFO - [2025-10-29T20:09:52.535+0530] {dagbag.py:545} INFO - Filling up the DagBag from /home/logi/txtai/venv/lib/python3.10/site-packages/airflow/example_dags/example_bash_operator.py
[2025-10-29T20:09:52.555+0530] {processor.py:840} INFO - DAG(s) 'example_bash_operator' retrieved from /home/logi/txtai/venv/lib/python3.10/site-packages/airflow/example_dags/example_bash_operator.py
[2025-10-29T20:09:52.589+0530] {logging_mixin.py:188} INFO - [2025-10-29T20:09:52.589+0530] {dag.py:3096} INFO - Sync 1 DAGs
[2025-10-29T20:09:52.613+0530] {logging_mixin.py:188} INFO - [2025-10-29T20:09:52.613+0530] {dag.py:3954} INFO - Setting next_dagrun for example_bash_operator to 2025-10-28 00:00:00+00:00, run_after=2025-10-29 00:00:00+00:00
[2025-10-29T20:09:52.639+0530] {processor.py:183} INFO - Processing /home/logi/txtai/venv/lib/python3.10/site-packages/airflow/example_dags/example_bash_operator.py took 0.132 seconds
[2025-10-29T20:11:14.322+0530] {processor.py:161} INFO - Started process (PID=21169) to work on /home/logi/txtai/venv/lib/python3.10/site-packages/airflow/example_dags/example_bash_operator.py
[2025-10-29T20:11:14.336+0530] {processor.py:830} INFO - Processing file /home/logi/txtai/venv/lib/python3.10/site-packages/airflow/example_dags/example_bash_operator.py for tasks to queue
[2025-10-29T20:11:14.340+0530] {logging_mixin.py:188} INFO - [2025-10-29T20:11:14.339+0530] {dagbag.py:545} INFO - Filling up the DagBag from /home/logi/txtai/venv/lib/python3.10/site-packages/airflow/example_dags/example_bash_operator.py
[2025-10-29T20:11:14.363+0530] {processor.py:840} INFO - DAG(s) 'example_bash_operator' retrieved from /home/logi/txtai/venv/lib/python3.10/site-packages/airflow/example_dags/example_bash_operator.py
[2025-10-29T20:11:14.398+0530] {logging_mixin.py:188} INFO - [2025-10-29T20:11:14.397+0530] {dag.py:3096} INFO - Sync 1 DAGs
[2025-10-29T20:11:14.415+0530] {logging_mixin.py:188} INFO - [2025-10-29T20:11:14.415+0530] {dag.py:3954} INFO - Setting next_dagrun for example_bash_operator to 2025-10-28 00:00:00+00:00, run_after=2025-10-29 00:00:00+00:00
[2025-10-29T20:11:14.442+0530] {processor.py:183} INFO - Processing /home/logi/txtai/venv/lib/python3.10/site-packages/airflow/example_dags/example_bash_operator.py took 0.132 seconds
[2025-10-29T20:12:30.703+0530] {processor.py:161} INFO - Started process (PID=21313) to work on /home/logi/txtai/venv/lib/python3.10/site-packages/airflow/example_dags/example_bash_operator.py
[2025-10-29T20:12:30.716+0530] {processor.py:830} INFO - Processing file /home/logi/txtai/venv/lib/python3.10/site-packages/airflow/example_dags/example_bash_operator.py for tasks to queue
[2025-10-29T20:12:30.719+0530] {logging_mixin.py:188} INFO - [2025-10-29T20:12:30.718+0530] {dagbag.py:545} INFO - Filling up the DagBag from /home/logi/txtai/venv/lib/python3.10/site-packages/airflow/example_dags/example_bash_operator.py
[2025-10-29T20:12:30.739+0530] {processor.py:840} INFO - DAG(s) 'example_bash_operator' retrieved from /home/logi/txtai/venv/lib/python3.10/site-packages/airflow/example_dags/example_bash_operator.py
[2025-10-29T20:12:30.771+0530] {logging_mixin.py:188} INFO - [2025-10-29T20:12:30.771+0530] {dag.py:3096} INFO - Sync 1 DAGs
[2025-10-29T20:12:30.788+0530] {logging_mixin.py:188} INFO - [2025-10-29T20:12:30.788+0530] {dag.py:3954} INFO - Setting next_dagrun for example_bash_operator to 2025-10-28 00:00:00+00:00, run_after=2025-10-29 00:00:00+00:00
[2025-10-29T20:12:30.814+0530] {processor.py:183} INFO - Processing /home/logi/txtai/venv/lib/python3.10/site-packages/airflow/example_dags/example_bash_operator.py took 0.123 seconds
[2025-10-29T20:13:51.188+0530] {processor.py:161} INFO - Started process (PID=21558) to work on /home/logi/txtai/venv/lib/python3.10/site-packages/airflow/example_dags/example_bash_operator.py
[2025-10-29T20:13:51.201+0530] {processor.py:830} INFO - Processing file /home/logi/txtai/venv/lib/python3.10/site-packages/airflow/example_dags/example_bash_operator.py for tasks to queue
[2025-10-29T20:13:51.205+0530] {logging_mixin.py:188} INFO - [2025-10-29T20:13:51.204+0530] {dagbag.py:545} INFO - Filling up the DagBag from /home/logi/txtai/venv/lib/python3.10/site-packages/airflow/example_dags/example_bash_operator.py
[2025-10-29T20:13:51.225+0530] {processor.py:840} INFO - DAG(s) 'example_bash_operator' retrieved from /home/logi/txtai/venv/lib/python3.10/site-packages/airflow/example_dags/example_bash_operator.py
[2025-10-29T20:13:51.259+0530] {logging_mixin.py:188} INFO - [2025-10-29T20:13:51.258+0530] {dag.py:3096} INFO - Sync 1 DAGs
[2025-10-29T20:13:51.277+0530] {logging_mixin.py:188} INFO - [2025-10-29T20:13:51.277+0530] {dag.py:3954} INFO - Setting next_dagrun for example_bash_operator to 2025-10-28 00:00:00+00:00, run_after=2025-10-29 00:00:00+00:00
[2025-10-29T20:13:51.307+0530] {processor.py:183} INFO - Processing /home/logi/txtai/venv/lib/python3.10/site-packages/airflow/example_dags/example_bash_operator.py took 0.131 seconds
[2025-10-29T20:15:16.602+0530] {processor.py:161} INFO - Started process (PID=21889) to work on /home/logi/txtai/venv/lib/python3.10/site-packages/airflow/example_dags/example_bash_operator.py
[2025-10-29T20:15:16.615+0530] {processor.py:830} INFO - Processing file /home/logi/txtai/venv/lib/python3.10/site-packages/airflow/example_dags/example_bash_operator.py for tasks to queue
[2025-10-29T20:15:16.618+0530] {logging_mixin.py:188} INFO - [2025-10-29T20:15:16.617+0530] {dagbag.py:545} INFO - Filling up the DagBag from /home/logi/txtai/venv/lib/python3.10/site-packages/airflow/example_dags/example_bash_operator.py
[2025-10-29T20:15:16.637+0530] {processor.py:840} INFO - DAG(s) 'example_bash_operator' retrieved from /home/logi/txtai/venv/lib/python3.10/site-packages/airflow/example_dags/example_bash_operator.py
[2025-10-29T20:15:16.670+0530] {logging_mixin.py:188} INFO - [2025-10-29T20:15:16.669+0530] {dag.py:3096} INFO - Sync 1 DAGs
[2025-10-29T20:15:16.686+0530] {logging_mixin.py:188} INFO - [2025-10-29T20:15:16.686+0530] {dag.py:3954} INFO - Setting next_dagrun for example_bash_operator to 2025-10-28 00:00:00+00:00, run_after=2025-10-29 00:00:00+00:00
[2025-10-29T20:15:16.715+0530] {processor.py:183} INFO - Processing /home/logi/txtai/venv/lib/python3.10/site-packages/airflow/example_dags/example_bash_operator.py took 0.125 seconds
[2025-10-29T20:16:11.316+0530] {processor.py:161} INFO - Started process (PID=21967) to work on /home/logi/txtai/venv/lib/python3.10/site-packages/airflow/example_dags/example_bash_operator.py
[2025-10-29T20:16:11.330+0530] {processor.py:830} INFO - Processing file /home/logi/txtai/venv/lib/python3.10/site-packages/airflow/example_dags/example_bash_operator.py for tasks to queue
[2025-10-29T20:16:11.333+0530] {logging_mixin.py:188} INFO - [2025-10-29T20:16:11.332+0530] {dagbag.py:545} INFO - Filling up the DagBag from /home/logi/txtai/venv/lib/python3.10/site-packages/airflow/example_dags/example_bash_operator.py
[2025-10-29T20:16:11.353+0530] {processor.py:840} INFO - DAG(s) 'example_bash_operator' retrieved from /home/logi/txtai/venv/lib/python3.10/site-packages/airflow/example_dags/example_bash_operator.py
[2025-10-29T20:16:11.386+0530] {logging_mixin.py:188} INFO - [2025-10-29T20:16:11.386+0530] {dag.py:3096} INFO - Sync 1 DAGs
[2025-10-29T20:16:11.404+0530] {logging_mixin.py:188} INFO - [2025-10-29T20:16:11.404+0530] {dag.py:3954} INFO - Setting next_dagrun for example_bash_operator to 2025-10-28 00:00:00+00:00, run_after=2025-10-29 00:00:00+00:00
[2025-10-29T20:16:11.424+0530] {processor.py:183} INFO - Processing /home/logi/txtai/venv/lib/python3.10/site-packages/airflow/example_dags/example_bash_operator.py took 0.119 seconds
[2025-10-29T20:17:25.598+0530] {processor.py:161} INFO - Started process (PID=22080) to work on /home/logi/txtai/venv/lib/python3.10/site-packages/airflow/example_dags/example_bash_operator.py
[2025-10-29T20:17:25.611+0530] {processor.py:830} INFO - Processing file /home/logi/txtai/venv/lib/python3.10/site-packages/airflow/example_dags/example_bash_operator.py for tasks to queue
[2025-10-29T20:17:25.614+0530] {logging_mixin.py:188} INFO - [2025-10-29T20:17:25.613+0530] {dagbag.py:545} INFO - Filling up the DagBag from /home/logi/txtai/venv/lib/python3.10/site-packages/airflow/example_dags/example_bash_operator.py
[2025-10-29T20:17:25.634+0530] {processor.py:840} INFO - DAG(s) 'example_bash_operator' retrieved from /home/logi/txtai/venv/lib/python3.10/site-packages/airflow/example_dags/example_bash_operator.py
[2025-10-29T20:17:25.661+0530] {logging_mixin.py:188} INFO - [2025-10-29T20:17:25.661+0530] {dag.py:3096} INFO - Sync 1 DAGs
[2025-10-29T20:17:25.678+0530] {logging_mixin.py:188} INFO - [2025-10-29T20:17:25.678+0530] {dag.py:3954} INFO - Setting next_dagrun for example_bash_operator to 2025-10-28 00:00:00+00:00, run_after=2025-10-29 00:00:00+00:00
[2025-10-29T20:17:25.698+0530] {processor.py:183} INFO - Processing /home/logi/txtai/venv/lib/python3.10/site-packages/airflow/example_dags/example_bash_operator.py took 0.111 seconds
[2025-10-29T20:18:43.497+0530] {processor.py:161} INFO - Started process (PID=22173) to work on /home/logi/txtai/venv/lib/python3.10/site-packages/airflow/example_dags/example_bash_operator.py
[2025-10-29T20:18:43.511+0530] {processor.py:830} INFO - Processing file /home/logi/txtai/venv/lib/python3.10/site-packages/airflow/example_dags/example_bash_operator.py for tasks to queue
[2025-10-29T20:18:43.514+0530] {logging_mixin.py:188} INFO - [2025-10-29T20:18:43.513+0530] {dagbag.py:545} INFO - Filling up the DagBag from /home/logi/txtai/venv/lib/python3.10/site-packages/airflow/example_dags/example_bash_operator.py
[2025-10-29T20:18:43.537+0530] {processor.py:840} INFO - DAG(s) 'example_bash_operator' retrieved from /home/logi/txtai/venv/lib/python3.10/site-packages/airflow/example_dags/example_bash_operator.py
[2025-10-29T20:18:43.570+0530] {logging_mixin.py:188} INFO - [2025-10-29T20:18:43.569+0530] {dag.py:3096} INFO - Sync 1 DAGs
[2025-10-29T20:18:43.587+0530] {logging_mixin.py:188} INFO - [2025-10-29T20:18:43.587+0530] {dag.py:3954} INFO - Setting next_dagrun for example_bash_operator to 2025-10-28 00:00:00+00:00, run_after=2025-10-29 00:00:00+00:00
[2025-10-29T20:18:43.616+0530] {processor.py:183} INFO - Processing /home/logi/txtai/venv/lib/python3.10/site-packages/airflow/example_dags/example_bash_operator.py took 0.129 seconds
[2025-10-29T20:20:06.697+0530] {processor.py:161} INFO - Started process (PID=22396) to work on /home/logi/txtai/venv/lib/python3.10/site-packages/airflow/example_dags/example_bash_operator.py
[2025-10-29T20:20:06.710+0530] {processor.py:830} INFO - Processing file /home/logi/txtai/venv/lib/python3.10/site-packages/airflow/example_dags/example_bash_operator.py for tasks to queue
[2025-10-29T20:20:06.713+0530] {logging_mixin.py:188} INFO - [2025-10-29T20:20:06.712+0530] {dagbag.py:545} INFO - Filling up the DagBag from /home/logi/txtai/venv/lib/python3.10/site-packages/airflow/example_dags/example_bash_operator.py
[2025-10-29T20:20:06.733+0530] {processor.py:840} INFO - DAG(s) 'example_bash_operator' retrieved from /home/logi/txtai/venv/lib/python3.10/site-packages/airflow/example_dags/example_bash_operator.py
[2025-10-29T20:20:06.765+0530] {logging_mixin.py:188} INFO - [2025-10-29T20:20:06.764+0530] {dag.py:3096} INFO - Sync 1 DAGs
[2025-10-29T20:20:06.782+0530] {logging_mixin.py:188} INFO - [2025-10-29T20:20:06.782+0530] {dag.py:3954} INFO - Setting next_dagrun for example_bash_operator to 2025-10-28 00:00:00+00:00, run_after=2025-10-29 00:00:00+00:00
[2025-10-29T20:20:06.809+0530] {processor.py:183} INFO - Processing /home/logi/txtai/venv/lib/python3.10/site-packages/airflow/example_dags/example_bash_operator.py took 0.124 seconds
[2025-10-29T20:21:29.277+0530] {processor.py:161} INFO - Started process (PID=22505) to work on /home/logi/txtai/venv/lib/python3.10/site-packages/airflow/example_dags/example_bash_operator.py
[2025-10-29T20:21:29.279+0530] {processor.py:830} INFO - Processing file /home/logi/txtai/venv/lib/python3.10/site-packages/airflow/example_dags/example_bash_operator.py for tasks to queue
[2025-10-29T20:21:29.282+0530] {logging_mixin.py:188} INFO - [2025-10-29T20:21:29.281+0530] {dagbag.py:545} INFO - Filling up the DagBag from /home/logi/txtai/venv/lib/python3.10/site-packages/airflow/example_dags/example_bash_operator.py
[2025-10-29T20:21:29.307+0530] {processor.py:840} INFO - DAG(s) 'example_bash_operator' retrieved from /home/logi/txtai/venv/lib/python3.10/site-packages/airflow/example_dags/example_bash_operator.py
[2025-10-29T20:21:29.332+0530] {logging_mixin.py:188} INFO - [2025-10-29T20:21:29.331+0530] {dag.py:3096} INFO - Sync 1 DAGs
[2025-10-29T20:21:29.349+0530] {logging_mixin.py:188} INFO - [2025-10-29T20:21:29.349+0530] {dag.py:3954} INFO - Setting next_dagrun for example_bash_operator to 2025-10-28 00:00:00+00:00, run_after=2025-10-29 00:00:00+00:00
[2025-10-29T20:21:29.369+0530] {processor.py:183} INFO - Processing /home/logi/txtai/venv/lib/python3.10/site-packages/airflow/example_dags/example_bash_operator.py took 0.104 seconds
[2025-10-29T20:22:52.180+0530] {processor.py:161} INFO - Started process (PID=22615) to work on /home/logi/txtai/venv/lib/python3.10/site-packages/airflow/example_dags/example_bash_operator.py
[2025-10-29T20:22:52.183+0530] {processor.py:830} INFO - Processing file /home/logi/txtai/venv/lib/python3.10/site-packages/airflow/example_dags/example_bash_operator.py for tasks to queue
[2025-10-29T20:22:52.186+0530] {logging_mixin.py:188} INFO - [2025-10-29T20:22:52.185+0530] {dagbag.py:545} INFO - Filling up the DagBag from /home/logi/txtai/venv/lib/python3.10/site-packages/airflow/example_dags/example_bash_operator.py
[2025-10-29T20:22:52.206+0530] {processor.py:840} INFO - DAG(s) 'example_bash_operator' retrieved from /home/logi/txtai/venv/lib/python3.10/site-packages/airflow/example_dags/example_bash_operator.py
[2025-10-29T20:22:52.232+0530] {logging_mixin.py:188} INFO - [2025-10-29T20:22:52.231+0530] {dag.py:3096} INFO - Sync 1 DAGs
[2025-10-29T20:22:52.249+0530] {logging_mixin.py:188} INFO - [2025-10-29T20:22:52.249+0530] {dag.py:3954} INFO - Setting next_dagrun for example_bash_operator to 2025-10-28 00:00:00+00:00, run_after=2025-10-29 00:00:00+00:00
[2025-10-29T20:22:52.269+0530] {processor.py:183} INFO - Processing /home/logi/txtai/venv/lib/python3.10/site-packages/airflow/example_dags/example_bash_operator.py took 0.100 seconds
[2025-10-29T20:24:14.059+0530] {processor.py:161} INFO - Started process (PID=22735) to work on /home/logi/txtai/venv/lib/python3.10/site-packages/airflow/example_dags/example_bash_operator.py
[2025-10-29T20:24:14.061+0530] {processor.py:830} INFO - Processing file /home/logi/txtai/venv/lib/python3.10/site-packages/airflow/example_dags/example_bash_operator.py for tasks to queue
[2025-10-29T20:24:14.064+0530] {logging_mixin.py:188} INFO - [2025-10-29T20:24:14.064+0530] {dagbag.py:545} INFO - Filling up the DagBag from /home/logi/txtai/venv/lib/python3.10/site-packages/airflow/example_dags/example_bash_operator.py
[2025-10-29T20:24:14.085+0530] {processor.py:840} INFO - DAG(s) 'example_bash_operator' retrieved from /home/logi/txtai/venv/lib/python3.10/site-packages/airflow/example_dags/example_bash_operator.py
[2025-10-29T20:24:14.110+0530] {logging_mixin.py:188} INFO - [2025-10-29T20:24:14.110+0530] {dag.py:3096} INFO - Sync 1 DAGs
[2025-10-29T20:24:14.128+0530] {logging_mixin.py:188} INFO - [2025-10-29T20:24:14.128+0530] {dag.py:3954} INFO - Setting next_dagrun for example_bash_operator to 2025-10-28 00:00:00+00:00, run_after=2025-10-29 00:00:00+00:00
[2025-10-29T20:24:14.149+0530] {processor.py:183} INFO - Processing /home/logi/txtai/venv/lib/python3.10/site-packages/airflow/example_dags/example_bash_operator.py took 0.102 seconds
[2025-10-29T20:25:09.579+0530] {processor.py:161} INFO - Started process (PID=22885) to work on /home/logi/txtai/venv/lib/python3.10/site-packages/airflow/example_dags/example_bash_operator.py
[2025-10-29T20:25:09.591+0530] {processor.py:830} INFO - Processing file /home/logi/txtai/venv/lib/python3.10/site-packages/airflow/example_dags/example_bash_operator.py for tasks to queue
[2025-10-29T20:25:09.594+0530] {logging_mixin.py:188} INFO - [2025-10-29T20:25:09.593+0530] {dagbag.py:545} INFO - Filling up the DagBag from /home/logi/txtai/venv/lib/python3.10/site-packages/airflow/example_dags/example_bash_operator.py
[2025-10-29T20:25:09.613+0530] {processor.py:840} INFO - DAG(s) 'example_bash_operator' retrieved from /home/logi/txtai/venv/lib/python3.10/site-packages/airflow/example_dags/example_bash_operator.py
[2025-10-29T20:25:09.645+0530] {logging_mixin.py:188} INFO - [2025-10-29T20:25:09.644+0530] {dag.py:3096} INFO - Sync 1 DAGs
[2025-10-29T20:25:09.660+0530] {logging_mixin.py:188} INFO - [2025-10-29T20:25:09.660+0530] {dag.py:3954} INFO - Setting next_dagrun for example_bash_operator to 2025-10-28 00:00:00+00:00, run_after=2025-10-29 00:00:00+00:00
[2025-10-29T20:25:09.679+0530] {processor.py:183} INFO - Processing /home/logi/txtai/venv/lib/python3.10/site-packages/airflow/example_dags/example_bash_operator.py took 0.109 seconds
[2025-10-29T20:26:26.703+0530] {processor.py:161} INFO - Started process (PID=23148) to work on /home/logi/txtai/venv/lib/python3.10/site-packages/airflow/example_dags/example_bash_operator.py
[2025-10-29T20:26:26.705+0530] {processor.py:830} INFO - Processing file /home/logi/txtai/venv/lib/python3.10/site-packages/airflow/example_dags/example_bash_operator.py for tasks to queue
[2025-10-29T20:26:26.709+0530] {logging_mixin.py:188} INFO - [2025-10-29T20:26:26.708+0530] {dagbag.py:545} INFO - Filling up the DagBag from /home/logi/txtai/venv/lib/python3.10/site-packages/airflow/example_dags/example_bash_operator.py
[2025-10-29T20:26:26.729+0530] {processor.py:840} INFO - DAG(s) 'example_bash_operator' retrieved from /home/logi/txtai/venv/lib/python3.10/site-packages/airflow/example_dags/example_bash_operator.py
[2025-10-29T20:26:26.756+0530] {logging_mixin.py:188} INFO - [2025-10-29T20:26:26.755+0530] {dag.py:3096} INFO - Sync 1 DAGs
[2025-10-29T20:26:26.773+0530] {logging_mixin.py:188} INFO - [2025-10-29T20:26:26.773+0530] {dag.py:3954} INFO - Setting next_dagrun for example_bash_operator to 2025-10-28 00:00:00+00:00, run_after=2025-10-29 00:00:00+00:00
[2025-10-29T20:26:26.793+0530] {processor.py:183} INFO - Processing /home/logi/txtai/venv/lib/python3.10/site-packages/airflow/example_dags/example_bash_operator.py took 0.102 seconds
[2025-10-29T20:27:43.905+0530] {processor.py:161} INFO - Started process (PID=23257) to work on /home/logi/txtai/venv/lib/python3.10/site-packages/airflow/example_dags/example_bash_operator.py
[2025-10-29T20:27:43.918+0530] {processor.py:830} INFO - Processing file /home/logi/txtai/venv/lib/python3.10/site-packages/airflow/example_dags/example_bash_operator.py for tasks to queue
[2025-10-29T20:27:43.921+0530] {logging_mixin.py:188} INFO - [2025-10-29T20:27:43.921+0530] {dagbag.py:545} INFO - Filling up the DagBag from /home/logi/txtai/venv/lib/python3.10/site-packages/airflow/example_dags/example_bash_operator.py
[2025-10-29T20:27:43.941+0530] {processor.py:840} INFO - DAG(s) 'example_bash_operator' retrieved from /home/logi/txtai/venv/lib/python3.10/site-packages/airflow/example_dags/example_bash_operator.py
[2025-10-29T20:27:43.971+0530] {logging_mixin.py:188} INFO - [2025-10-29T20:27:43.971+0530] {dag.py:3096} INFO - Sync 1 DAGs
[2025-10-29T20:27:43.989+0530] {logging_mixin.py:188} INFO - [2025-10-29T20:27:43.988+0530] {dag.py:3954} INFO - Setting next_dagrun for example_bash_operator to 2025-10-28 00:00:00+00:00, run_after=2025-10-29 00:00:00+00:00
[2025-10-29T20:27:44.008+0530] {processor.py:183} INFO - Processing /home/logi/txtai/venv/lib/python3.10/site-packages/airflow/example_dags/example_bash_operator.py took 0.115 seconds
[2025-10-29T20:28:57.629+0530] {processor.py:161} INFO - Started process (PID=23384) to work on /home/logi/txtai/venv/lib/python3.10/site-packages/airflow/example_dags/example_bash_operator.py
[2025-10-29T20:28:57.643+0530] {processor.py:830} INFO - Processing file /home/logi/txtai/venv/lib/python3.10/site-packages/airflow/example_dags/example_bash_operator.py for tasks to queue
[2025-10-29T20:28:57.646+0530] {logging_mixin.py:188} INFO - [2025-10-29T20:28:57.645+0530] {dagbag.py:545} INFO - Filling up the DagBag from /home/logi/txtai/venv/lib/python3.10/site-packages/airflow/example_dags/example_bash_operator.py
[2025-10-29T20:28:57.666+0530] {processor.py:840} INFO - DAG(s) 'example_bash_operator' retrieved from /home/logi/txtai/venv/lib/python3.10/site-packages/airflow/example_dags/example_bash_operator.py
[2025-10-29T20:28:57.699+0530] {logging_mixin.py:188} INFO - [2025-10-29T20:28:57.699+0530] {dag.py:3096} INFO - Sync 1 DAGs
[2025-10-29T20:28:57.717+0530] {logging_mixin.py:188} INFO - [2025-10-29T20:28:57.716+0530] {dag.py:3954} INFO - Setting next_dagrun for example_bash_operator to 2025-10-28 00:00:00+00:00, run_after=2025-10-29 00:00:00+00:00
[2025-10-29T20:28:57.749+0530] {processor.py:183} INFO - Processing /home/logi/txtai/venv/lib/python3.10/site-packages/airflow/example_dags/example_bash_operator.py took 0.132 seconds
[2025-10-29T20:30:20.918+0530] {processor.py:161} INFO - Started process (PID=23522) to work on /home/logi/txtai/venv/lib/python3.10/site-packages/airflow/example_dags/example_bash_operator.py
[2025-10-29T20:30:20.931+0530] {processor.py:830} INFO - Processing file /home/logi/txtai/venv/lib/python3.10/site-packages/airflow/example_dags/example_bash_operator.py for tasks to queue
[2025-10-29T20:30:20.935+0530] {logging_mixin.py:188} INFO - [2025-10-29T20:30:20.934+0530] {dagbag.py:545} INFO - Filling up the DagBag from /home/logi/txtai/venv/lib/python3.10/site-packages/airflow/example_dags/example_bash_operator.py
[2025-10-29T20:30:20.954+0530] {processor.py:840} INFO - DAG(s) 'example_bash_operator' retrieved from /home/logi/txtai/venv/lib/python3.10/site-packages/airflow/example_dags/example_bash_operator.py
[2025-10-29T20:30:20.986+0530] {logging_mixin.py:188} INFO - [2025-10-29T20:30:20.986+0530] {dag.py:3096} INFO - Sync 1 DAGs
[2025-10-29T20:30:21.005+0530] {logging_mixin.py:188} INFO - [2025-10-29T20:30:21.005+0530] {dag.py:3954} INFO - Setting next_dagrun for example_bash_operator to 2025-10-28 00:00:00+00:00, run_after=2025-10-29 00:00:00+00:00
[2025-10-29T20:30:21.029+0530] {processor.py:183} INFO - Processing /home/logi/txtai/venv/lib/python3.10/site-packages/airflow/example_dags/example_bash_operator.py took 0.124 seconds
[2025-10-29T20:31:38.262+0530] {processor.py:161} INFO - Started process (PID=23641) to work on /home/logi/txtai/venv/lib/python3.10/site-packages/airflow/example_dags/example_bash_operator.py
[2025-10-29T20:31:38.275+0530] {processor.py:830} INFO - Processing file /home/logi/txtai/venv/lib/python3.10/site-packages/airflow/example_dags/example_bash_operator.py for tasks to queue
[2025-10-29T20:31:38.279+0530] {logging_mixin.py:188} INFO - [2025-10-29T20:31:38.278+0530] {dagbag.py:545} INFO - Filling up the DagBag from /home/logi/txtai/venv/lib/python3.10/site-packages/airflow/example_dags/example_bash_operator.py
[2025-10-29T20:31:38.292+0530] {processor.py:840} INFO - DAG(s) 'example_bash_operator' retrieved from /home/logi/txtai/venv/lib/python3.10/site-packages/airflow/example_dags/example_bash_operator.py
[2025-10-29T20:31:38.315+0530] {logging_mixin.py:188} INFO - [2025-10-29T20:31:38.314+0530] {dag.py:3096} INFO - Sync 1 DAGs
[2025-10-29T20:31:38.335+0530] {logging_mixin.py:188} INFO - [2025-10-29T20:31:38.335+0530] {dag.py:3954} INFO - Setting next_dagrun for example_bash_operator to 2025-10-28 00:00:00+00:00, run_after=2025-10-29 00:00:00+00:00
[2025-10-29T20:31:38.356+0530] {processor.py:183} INFO - Processing /home/logi/txtai/venv/lib/python3.10/site-packages/airflow/example_dags/example_bash_operator.py took 0.102 seconds
[2025-10-29T20:32:57.659+0530] {processor.py:161} INFO - Started process (PID=23751) to work on /home/logi/txtai/venv/lib/python3.10/site-packages/airflow/example_dags/example_bash_operator.py
[2025-10-29T20:32:57.673+0530] {processor.py:830} INFO - Processing file /home/logi/txtai/venv/lib/python3.10/site-packages/airflow/example_dags/example_bash_operator.py for tasks to queue
[2025-10-29T20:32:57.676+0530] {logging_mixin.py:188} INFO - [2025-10-29T20:32:57.675+0530] {dagbag.py:545} INFO - Filling up the DagBag from /home/logi/txtai/venv/lib/python3.10/site-packages/airflow/example_dags/example_bash_operator.py
[2025-10-29T20:32:57.703+0530] {processor.py:840} INFO - DAG(s) 'example_bash_operator' retrieved from /home/logi/txtai/venv/lib/python3.10/site-packages/airflow/example_dags/example_bash_operator.py
[2025-10-29T20:32:57.735+0530] {logging_mixin.py:188} INFO - [2025-10-29T20:32:57.734+0530] {dag.py:3096} INFO - Sync 1 DAGs
[2025-10-29T20:32:57.756+0530] {logging_mixin.py:188} INFO - [2025-10-29T20:32:57.756+0530] {dag.py:3954} INFO - Setting next_dagrun for example_bash_operator to 2025-10-28 00:00:00+00:00, run_after=2025-10-29 00:00:00+00:00
[2025-10-29T20:32:57.782+0530] {processor.py:183} INFO - Processing /home/logi/txtai/venv/lib/python3.10/site-packages/airflow/example_dags/example_bash_operator.py took 0.136 seconds
[2025-10-29T20:34:14.441+0530] {processor.py:161} INFO - Started process (PID=23855) to work on /home/logi/txtai/venv/lib/python3.10/site-packages/airflow/example_dags/example_bash_operator.py
[2025-10-29T20:34:14.454+0530] {processor.py:830} INFO - Processing file /home/logi/txtai/venv/lib/python3.10/site-packages/airflow/example_dags/example_bash_operator.py for tasks to queue
[2025-10-29T20:34:14.457+0530] {logging_mixin.py:188} INFO - [2025-10-29T20:34:14.457+0530] {dagbag.py:545} INFO - Filling up the DagBag from /home/logi/txtai/venv/lib/python3.10/site-packages/airflow/example_dags/example_bash_operator.py
[2025-10-29T20:34:14.477+0530] {processor.py:840} INFO - DAG(s) 'example_bash_operator' retrieved from /home/logi/txtai/venv/lib/python3.10/site-packages/airflow/example_dags/example_bash_operator.py
[2025-10-29T20:34:14.510+0530] {logging_mixin.py:188} INFO - [2025-10-29T20:34:14.510+0530] {dag.py:3096} INFO - Sync 1 DAGs
[2025-10-29T20:34:14.528+0530] {logging_mixin.py:188} INFO - [2025-10-29T20:34:14.527+0530] {dag.py:3954} INFO - Setting next_dagrun for example_bash_operator to 2025-10-28 00:00:00+00:00, run_after=2025-10-29 00:00:00+00:00
[2025-10-29T20:34:14.555+0530] {processor.py:183} INFO - Processing /home/logi/txtai/venv/lib/python3.10/site-packages/airflow/example_dags/example_bash_operator.py took 0.126 seconds
[2025-10-29T20:35:29.176+0530] {processor.py:161} INFO - Started process (PID=23995) to work on /home/logi/txtai/venv/lib/python3.10/site-packages/airflow/example_dags/example_bash_operator.py
[2025-10-29T20:35:29.189+0530] {processor.py:830} INFO - Processing file /home/logi/txtai/venv/lib/python3.10/site-packages/airflow/example_dags/example_bash_operator.py for tasks to queue
[2025-10-29T20:35:29.192+0530] {logging_mixin.py:188} INFO - [2025-10-29T20:35:29.192+0530] {dagbag.py:545} INFO - Filling up the DagBag from /home/logi/txtai/venv/lib/python3.10/site-packages/airflow/example_dags/example_bash_operator.py
[2025-10-29T20:35:29.212+0530] {processor.py:840} INFO - DAG(s) 'example_bash_operator' retrieved from /home/logi/txtai/venv/lib/python3.10/site-packages/airflow/example_dags/example_bash_operator.py
[2025-10-29T20:35:29.243+0530] {logging_mixin.py:188} INFO - [2025-10-29T20:35:29.243+0530] {dag.py:3096} INFO - Sync 1 DAGs
[2025-10-29T20:35:29.260+0530] {logging_mixin.py:188} INFO - [2025-10-29T20:35:29.260+0530] {dag.py:3954} INFO - Setting next_dagrun for example_bash_operator to 2025-10-28 00:00:00+00:00, run_after=2025-10-29 00:00:00+00:00
[2025-10-29T20:35:29.287+0530] {processor.py:183} INFO - Processing /home/logi/txtai/venv/lib/python3.10/site-packages/airflow/example_dags/example_bash_operator.py took 0.122 seconds
[2025-10-29T20:36:48.762+0530] {processor.py:161} INFO - Started process (PID=24098) to work on /home/logi/txtai/venv/lib/python3.10/site-packages/airflow/example_dags/example_bash_operator.py
[2025-10-29T20:36:48.764+0530] {processor.py:830} INFO - Processing file /home/logi/txtai/venv/lib/python3.10/site-packages/airflow/example_dags/example_bash_operator.py for tasks to queue
[2025-10-29T20:36:48.767+0530] {logging_mixin.py:188} INFO - [2025-10-29T20:36:48.766+0530] {dagbag.py:545} INFO - Filling up the DagBag from /home/logi/txtai/venv/lib/python3.10/site-packages/airflow/example_dags/example_bash_operator.py
[2025-10-29T20:36:48.788+0530] {processor.py:840} INFO - DAG(s) 'example_bash_operator' retrieved from /home/logi/txtai/venv/lib/python3.10/site-packages/airflow/example_dags/example_bash_operator.py
[2025-10-29T20:36:48.813+0530] {logging_mixin.py:188} INFO - [2025-10-29T20:36:48.813+0530] {dag.py:3096} INFO - Sync 1 DAGs
[2025-10-29T20:36:48.830+0530] {logging_mixin.py:188} INFO - [2025-10-29T20:36:48.830+0530] {dag.py:3954} INFO - Setting next_dagrun for example_bash_operator to 2025-10-28 00:00:00+00:00, run_after=2025-10-29 00:00:00+00:00
[2025-10-29T20:36:48.850+0530] {processor.py:183} INFO - Processing /home/logi/txtai/venv/lib/python3.10/site-packages/airflow/example_dags/example_bash_operator.py took 0.100 seconds
