[2025-10-29T19:30:24.973+0530] {processor.py:161} INFO - Started process (PID=16376) to work on /home/logi/txtai/venv/lib/python3.10/site-packages/airflow/example_dags/example_branch_labels.py
[2025-10-29T19:30:24.975+0530] {processor.py:830} INFO - Processing file /home/logi/txtai/venv/lib/python3.10/site-packages/airflow/example_dags/example_branch_labels.py for tasks to queue
[2025-10-29T19:30:24.977+0530] {logging_mixin.py:188} INFO - [2025-10-29T19:30:24.977+0530] {dagbag.py:545} INFO - Filling up the DagBag from /home/logi/txtai/venv/lib/python3.10/site-packages/airflow/example_dags/example_branch_labels.py
[2025-10-29T19:30:24.991+0530] {processor.py:840} INFO - DAG(s) 'example_branch_labels' retrieved from /home/logi/txtai/venv/lib/python3.10/site-packages/airflow/example_dags/example_branch_labels.py
[2025-10-29T19:30:25.077+0530] {logging_mixin.py:188} INFO - [2025-10-29T19:30:25.077+0530] {override.py:1829} INFO - Created Permission View: can read on DAG:example_branch_labels
[2025-10-29T19:30:25.085+0530] {logging_mixin.py:188} INFO - [2025-10-29T19:30:25.085+0530] {override.py:1829} INFO - Created Permission View: can edit on DAG:example_branch_labels
[2025-10-29T19:30:25.091+0530] {logging_mixin.py:188} INFO - [2025-10-29T19:30:25.091+0530] {override.py:1829} INFO - Created Permission View: can delete on DAG:example_branch_labels
[2025-10-29T19:30:25.092+0530] {logging_mixin.py:188} INFO - [2025-10-29T19:30:25.092+0530] {dag.py:3096} INFO - Sync 1 DAGs
[2025-10-29T19:30:25.101+0530] {logging_mixin.py:188} INFO - [2025-10-29T19:30:25.100+0530] {dag.py:3118} INFO - Creating ORM DAG for example_branch_labels
[2025-10-29T19:30:25.111+0530] {logging_mixin.py:188} INFO - [2025-10-29T19:30:25.110+0530] {dag.py:3954} INFO - Setting next_dagrun for example_branch_labels to 2025-10-28 00:00:00+00:00, run_after=2025-10-29 00:00:00+00:00
[2025-10-29T19:30:25.130+0530] {processor.py:183} INFO - Processing /home/logi/txtai/venv/lib/python3.10/site-packages/airflow/example_dags/example_branch_labels.py took 0.167 seconds
[2025-10-29T19:31:37.573+0530] {processor.py:161} INFO - Started process (PID=16619) to work on /home/logi/txtai/venv/lib/python3.10/site-packages/airflow/example_dags/example_branch_labels.py
[2025-10-29T19:31:37.575+0530] {processor.py:830} INFO - Processing file /home/logi/txtai/venv/lib/python3.10/site-packages/airflow/example_dags/example_branch_labels.py for tasks to queue
[2025-10-29T19:31:37.578+0530] {logging_mixin.py:188} INFO - [2025-10-29T19:31:37.578+0530] {dagbag.py:545} INFO - Filling up the DagBag from /home/logi/txtai/venv/lib/python3.10/site-packages/airflow/example_dags/example_branch_labels.py
[2025-10-29T19:31:37.587+0530] {processor.py:840} INFO - DAG(s) 'example_branch_labels' retrieved from /home/logi/txtai/venv/lib/python3.10/site-packages/airflow/example_dags/example_branch_labels.py
[2025-10-29T19:31:37.606+0530] {logging_mixin.py:188} INFO - [2025-10-29T19:31:37.605+0530] {dag.py:3096} INFO - Sync 1 DAGs
[2025-10-29T19:31:37.625+0530] {logging_mixin.py:188} INFO - [2025-10-29T19:31:37.625+0530] {dag.py:3954} INFO - Setting next_dagrun for example_branch_labels to 2025-10-28 00:00:00+00:00, run_after=2025-10-29 00:00:00+00:00
[2025-10-29T19:31:37.642+0530] {processor.py:183} INFO - Processing /home/logi/txtai/venv/lib/python3.10/site-packages/airflow/example_dags/example_branch_labels.py took 0.075 seconds
[2025-10-29T19:32:46.593+0530] {processor.py:161} INFO - Started process (PID=16710) to work on /home/logi/txtai/venv/lib/python3.10/site-packages/airflow/example_dags/example_branch_labels.py
[2025-10-29T19:32:46.606+0530] {processor.py:830} INFO - Processing file /home/logi/txtai/venv/lib/python3.10/site-packages/airflow/example_dags/example_branch_labels.py for tasks to queue
[2025-10-29T19:32:46.608+0530] {logging_mixin.py:188} INFO - [2025-10-29T19:32:46.608+0530] {dagbag.py:545} INFO - Filling up the DagBag from /home/logi/txtai/venv/lib/python3.10/site-packages/airflow/example_dags/example_branch_labels.py
[2025-10-29T19:32:46.618+0530] {processor.py:840} INFO - DAG(s) 'example_branch_labels' retrieved from /home/logi/txtai/venv/lib/python3.10/site-packages/airflow/example_dags/example_branch_labels.py
[2025-10-29T19:32:46.635+0530] {logging_mixin.py:188} INFO - [2025-10-29T19:32:46.635+0530] {dag.py:3096} INFO - Sync 1 DAGs
[2025-10-29T19:32:46.656+0530] {logging_mixin.py:188} INFO - [2025-10-29T19:32:46.656+0530] {dag.py:3954} INFO - Setting next_dagrun for example_branch_labels to 2025-10-28 00:00:00+00:00, run_after=2025-10-29 00:00:00+00:00
[2025-10-29T19:32:46.677+0530] {processor.py:183} INFO - Processing /home/logi/txtai/venv/lib/python3.10/site-packages/airflow/example_dags/example_branch_labels.py took 0.090 seconds
[2025-10-29T19:34:00.045+0530] {processor.py:161} INFO - Started process (PID=16900) to work on /home/logi/txtai/venv/lib/python3.10/site-packages/airflow/example_dags/example_branch_labels.py
[2025-10-29T19:34:00.059+0530] {processor.py:830} INFO - Processing file /home/logi/txtai/venv/lib/python3.10/site-packages/airflow/example_dags/example_branch_labels.py for tasks to queue
[2025-10-29T19:34:00.062+0530] {logging_mixin.py:188} INFO - [2025-10-29T19:34:00.061+0530] {dagbag.py:545} INFO - Filling up the DagBag from /home/logi/txtai/venv/lib/python3.10/site-packages/airflow/example_dags/example_branch_labels.py
[2025-10-29T19:34:00.076+0530] {processor.py:840} INFO - DAG(s) 'example_branch_labels' retrieved from /home/logi/txtai/venv/lib/python3.10/site-packages/airflow/example_dags/example_branch_labels.py
[2025-10-29T19:34:00.106+0530] {logging_mixin.py:188} INFO - [2025-10-29T19:34:00.106+0530] {dag.py:3096} INFO - Sync 1 DAGs
[2025-10-29T19:34:00.126+0530] {logging_mixin.py:188} INFO - [2025-10-29T19:34:00.126+0530] {dag.py:3954} INFO - Setting next_dagrun for example_branch_labels to 2025-10-28 00:00:00+00:00, run_after=2025-10-29 00:00:00+00:00
[2025-10-29T19:34:00.148+0530] {processor.py:183} INFO - Processing /home/logi/txtai/venv/lib/python3.10/site-packages/airflow/example_dags/example_branch_labels.py took 0.116 seconds
[2025-10-29T19:35:15.552+0530] {processor.py:161} INFO - Started process (PID=17023) to work on /home/logi/txtai/venv/lib/python3.10/site-packages/airflow/example_dags/example_branch_labels.py
[2025-10-29T19:35:15.566+0530] {processor.py:830} INFO - Processing file /home/logi/txtai/venv/lib/python3.10/site-packages/airflow/example_dags/example_branch_labels.py for tasks to queue
[2025-10-29T19:35:15.569+0530] {logging_mixin.py:188} INFO - [2025-10-29T19:35:15.568+0530] {dagbag.py:545} INFO - Filling up the DagBag from /home/logi/txtai/venv/lib/python3.10/site-packages/airflow/example_dags/example_branch_labels.py
[2025-10-29T19:35:15.584+0530] {processor.py:840} INFO - DAG(s) 'example_branch_labels' retrieved from /home/logi/txtai/venv/lib/python3.10/site-packages/airflow/example_dags/example_branch_labels.py
[2025-10-29T19:35:15.613+0530] {logging_mixin.py:188} INFO - [2025-10-29T19:35:15.613+0530] {dag.py:3096} INFO - Sync 1 DAGs
[2025-10-29T19:35:15.632+0530] {logging_mixin.py:188} INFO - [2025-10-29T19:35:15.632+0530] {dag.py:3954} INFO - Setting next_dagrun for example_branch_labels to 2025-10-28 00:00:00+00:00, run_after=2025-10-29 00:00:00+00:00
[2025-10-29T19:35:15.659+0530] {processor.py:183} INFO - Processing /home/logi/txtai/venv/lib/python3.10/site-packages/airflow/example_dags/example_branch_labels.py took 0.118 seconds
[2025-10-29T19:36:31.140+0530] {processor.py:161} INFO - Started process (PID=17326) to work on /home/logi/txtai/venv/lib/python3.10/site-packages/airflow/example_dags/example_branch_labels.py
[2025-10-29T19:36:31.153+0530] {processor.py:830} INFO - Processing file /home/logi/txtai/venv/lib/python3.10/site-packages/airflow/example_dags/example_branch_labels.py for tasks to queue
[2025-10-29T19:36:31.156+0530] {logging_mixin.py:188} INFO - [2025-10-29T19:36:31.155+0530] {dagbag.py:545} INFO - Filling up the DagBag from /home/logi/txtai/venv/lib/python3.10/site-packages/airflow/example_dags/example_branch_labels.py
[2025-10-29T19:36:31.169+0530] {processor.py:840} INFO - DAG(s) 'example_branch_labels' retrieved from /home/logi/txtai/venv/lib/python3.10/site-packages/airflow/example_dags/example_branch_labels.py
[2025-10-29T19:36:31.197+0530] {logging_mixin.py:188} INFO - [2025-10-29T19:36:31.196+0530] {dag.py:3096} INFO - Sync 1 DAGs
[2025-10-29T19:36:31.216+0530] {logging_mixin.py:188} INFO - [2025-10-29T19:36:31.216+0530] {dag.py:3954} INFO - Setting next_dagrun for example_branch_labels to 2025-10-28 00:00:00+00:00, run_after=2025-10-29 00:00:00+00:00
[2025-10-29T19:36:31.242+0530] {processor.py:183} INFO - Processing /home/logi/txtai/venv/lib/python3.10/site-packages/airflow/example_dags/example_branch_labels.py took 0.114 seconds
[2025-10-29T19:37:48.738+0530] {processor.py:161} INFO - Started process (PID=17421) to work on /home/logi/txtai/venv/lib/python3.10/site-packages/airflow/example_dags/example_branch_labels.py
[2025-10-29T19:37:48.753+0530] {processor.py:830} INFO - Processing file /home/logi/txtai/venv/lib/python3.10/site-packages/airflow/example_dags/example_branch_labels.py for tasks to queue
[2025-10-29T19:37:48.756+0530] {logging_mixin.py:188} INFO - [2025-10-29T19:37:48.755+0530] {dagbag.py:545} INFO - Filling up the DagBag from /home/logi/txtai/venv/lib/python3.10/site-packages/airflow/example_dags/example_branch_labels.py
[2025-10-29T19:37:48.769+0530] {processor.py:840} INFO - DAG(s) 'example_branch_labels' retrieved from /home/logi/txtai/venv/lib/python3.10/site-packages/airflow/example_dags/example_branch_labels.py
[2025-10-29T19:37:48.788+0530] {logging_mixin.py:188} INFO - [2025-10-29T19:37:48.787+0530] {dag.py:3096} INFO - Sync 1 DAGs
[2025-10-29T19:37:48.805+0530] {logging_mixin.py:188} INFO - [2025-10-29T19:37:48.805+0530] {dag.py:3954} INFO - Setting next_dagrun for example_branch_labels to 2025-10-28 00:00:00+00:00, run_after=2025-10-29 00:00:00+00:00
[2025-10-29T19:37:48.824+0530] {processor.py:183} INFO - Processing /home/logi/txtai/venv/lib/python3.10/site-packages/airflow/example_dags/example_branch_labels.py took 0.097 seconds
[2025-10-29T19:39:06.627+0530] {processor.py:161} INFO - Started process (PID=17520) to work on /home/logi/txtai/venv/lib/python3.10/site-packages/airflow/example_dags/example_branch_labels.py
[2025-10-29T19:39:06.640+0530] {processor.py:830} INFO - Processing file /home/logi/txtai/venv/lib/python3.10/site-packages/airflow/example_dags/example_branch_labels.py for tasks to queue
[2025-10-29T19:39:06.643+0530] {logging_mixin.py:188} INFO - [2025-10-29T19:39:06.643+0530] {dagbag.py:545} INFO - Filling up the DagBag from /home/logi/txtai/venv/lib/python3.10/site-packages/airflow/example_dags/example_branch_labels.py
[2025-10-29T19:39:06.657+0530] {processor.py:840} INFO - DAG(s) 'example_branch_labels' retrieved from /home/logi/txtai/venv/lib/python3.10/site-packages/airflow/example_dags/example_branch_labels.py
[2025-10-29T19:39:06.686+0530] {logging_mixin.py:188} INFO - [2025-10-29T19:39:06.685+0530] {dag.py:3096} INFO - Sync 1 DAGs
[2025-10-29T19:39:06.703+0530] {logging_mixin.py:188} INFO - [2025-10-29T19:39:06.703+0530] {dag.py:3954} INFO - Setting next_dagrun for example_branch_labels to 2025-10-28 00:00:00+00:00, run_after=2025-10-29 00:00:00+00:00
[2025-10-29T19:39:06.729+0530] {processor.py:183} INFO - Processing /home/logi/txtai/venv/lib/python3.10/site-packages/airflow/example_dags/example_branch_labels.py took 0.113 seconds
[2025-10-29T19:40:02.228+0530] {processor.py:161} INFO - Started process (PID=17624) to work on /home/logi/txtai/venv/lib/python3.10/site-packages/airflow/example_dags/example_branch_labels.py
[2025-10-29T19:40:02.230+0530] {processor.py:830} INFO - Processing file /home/logi/txtai/venv/lib/python3.10/site-packages/airflow/example_dags/example_branch_labels.py for tasks to queue
[2025-10-29T19:40:02.233+0530] {logging_mixin.py:188} INFO - [2025-10-29T19:40:02.232+0530] {dagbag.py:545} INFO - Filling up the DagBag from /home/logi/txtai/venv/lib/python3.10/site-packages/airflow/example_dags/example_branch_labels.py
[2025-10-29T19:40:02.247+0530] {processor.py:840} INFO - DAG(s) 'example_branch_labels' retrieved from /home/logi/txtai/venv/lib/python3.10/site-packages/airflow/example_dags/example_branch_labels.py
[2025-10-29T19:40:02.272+0530] {logging_mixin.py:188} INFO - [2025-10-29T19:40:02.271+0530] {dag.py:3096} INFO - Sync 1 DAGs
[2025-10-29T19:40:02.288+0530] {logging_mixin.py:188} INFO - [2025-10-29T19:40:02.288+0530] {dag.py:3954} INFO - Setting next_dagrun for example_branch_labels to 2025-10-28 00:00:00+00:00, run_after=2025-10-29 00:00:00+00:00
[2025-10-29T19:40:02.308+0530] {processor.py:183} INFO - Processing /home/logi/txtai/venv/lib/python3.10/site-packages/airflow/example_dags/example_branch_labels.py took 0.092 seconds
[2025-10-29T19:41:16.035+0530] {processor.py:161} INFO - Started process (PID=17893) to work on /home/logi/txtai/venv/lib/python3.10/site-packages/airflow/example_dags/example_branch_labels.py
[2025-10-29T19:41:16.049+0530] {processor.py:830} INFO - Processing file /home/logi/txtai/venv/lib/python3.10/site-packages/airflow/example_dags/example_branch_labels.py for tasks to queue
[2025-10-29T19:41:16.052+0530] {logging_mixin.py:188} INFO - [2025-10-29T19:41:16.051+0530] {dagbag.py:545} INFO - Filling up the DagBag from /home/logi/txtai/venv/lib/python3.10/site-packages/airflow/example_dags/example_branch_labels.py
[2025-10-29T19:41:16.066+0530] {processor.py:840} INFO - DAG(s) 'example_branch_labels' retrieved from /home/logi/txtai/venv/lib/python3.10/site-packages/airflow/example_dags/example_branch_labels.py
[2025-10-29T19:41:16.089+0530] {logging_mixin.py:188} INFO - [2025-10-29T19:41:16.088+0530] {dag.py:3096} INFO - Sync 1 DAGs
[2025-10-29T19:41:16.106+0530] {logging_mixin.py:188} INFO - [2025-10-29T19:41:16.105+0530] {dag.py:3954} INFO - Setting next_dagrun for example_branch_labels to 2025-10-28 00:00:00+00:00, run_after=2025-10-29 00:00:00+00:00
[2025-10-29T19:41:16.125+0530] {processor.py:183} INFO - Processing /home/logi/txtai/venv/lib/python3.10/site-packages/airflow/example_dags/example_branch_labels.py took 0.102 seconds
[2025-10-29T19:42:33.589+0530] {processor.py:161} INFO - Started process (PID=18012) to work on /home/logi/txtai/venv/lib/python3.10/site-packages/airflow/example_dags/example_branch_labels.py
[2025-10-29T19:42:33.603+0530] {processor.py:830} INFO - Processing file /home/logi/txtai/venv/lib/python3.10/site-packages/airflow/example_dags/example_branch_labels.py for tasks to queue
[2025-10-29T19:42:33.606+0530] {logging_mixin.py:188} INFO - [2025-10-29T19:42:33.605+0530] {dagbag.py:545} INFO - Filling up the DagBag from /home/logi/txtai/venv/lib/python3.10/site-packages/airflow/example_dags/example_branch_labels.py
[2025-10-29T19:42:33.620+0530] {processor.py:840} INFO - DAG(s) 'example_branch_labels' retrieved from /home/logi/txtai/venv/lib/python3.10/site-packages/airflow/example_dags/example_branch_labels.py
[2025-10-29T19:42:33.650+0530] {logging_mixin.py:188} INFO - [2025-10-29T19:42:33.649+0530] {dag.py:3096} INFO - Sync 1 DAGs
[2025-10-29T19:42:33.668+0530] {logging_mixin.py:188} INFO - [2025-10-29T19:42:33.668+0530] {dag.py:3954} INFO - Setting next_dagrun for example_branch_labels to 2025-10-28 00:00:00+00:00, run_after=2025-10-29 00:00:00+00:00
[2025-10-29T19:42:33.695+0530] {processor.py:183} INFO - Processing /home/logi/txtai/venv/lib/python3.10/site-packages/airflow/example_dags/example_branch_labels.py took 0.119 seconds
[2025-10-29T19:43:54.383+0530] {processor.py:161} INFO - Started process (PID=18134) to work on /home/logi/txtai/venv/lib/python3.10/site-packages/airflow/example_dags/example_branch_labels.py
[2025-10-29T19:43:54.385+0530] {processor.py:830} INFO - Processing file /home/logi/txtai/venv/lib/python3.10/site-packages/airflow/example_dags/example_branch_labels.py for tasks to queue
[2025-10-29T19:43:54.388+0530] {logging_mixin.py:188} INFO - [2025-10-29T19:43:54.387+0530] {dagbag.py:545} INFO - Filling up the DagBag from /home/logi/txtai/venv/lib/python3.10/site-packages/airflow/example_dags/example_branch_labels.py
[2025-10-29T19:43:54.402+0530] {processor.py:840} INFO - DAG(s) 'example_branch_labels' retrieved from /home/logi/txtai/venv/lib/python3.10/site-packages/airflow/example_dags/example_branch_labels.py
[2025-10-29T19:43:54.427+0530] {logging_mixin.py:188} INFO - [2025-10-29T19:43:54.427+0530] {dag.py:3096} INFO - Sync 1 DAGs
[2025-10-29T19:43:54.446+0530] {logging_mixin.py:188} INFO - [2025-10-29T19:43:54.445+0530] {dag.py:3954} INFO - Setting next_dagrun for example_branch_labels to 2025-10-28 00:00:00+00:00, run_after=2025-10-29 00:00:00+00:00
[2025-10-29T19:43:54.467+0530] {processor.py:183} INFO - Processing /home/logi/txtai/venv/lib/python3.10/site-packages/airflow/example_dags/example_branch_labels.py took 0.096 seconds
[2025-10-29T19:45:13.503+0530] {processor.py:161} INFO - Started process (PID=18267) to work on /home/logi/txtai/venv/lib/python3.10/site-packages/airflow/example_dags/example_branch_labels.py
[2025-10-29T19:45:13.516+0530] {processor.py:830} INFO - Processing file /home/logi/txtai/venv/lib/python3.10/site-packages/airflow/example_dags/example_branch_labels.py for tasks to queue
[2025-10-29T19:45:13.519+0530] {logging_mixin.py:188} INFO - [2025-10-29T19:45:13.519+0530] {dagbag.py:545} INFO - Filling up the DagBag from /home/logi/txtai/venv/lib/python3.10/site-packages/airflow/example_dags/example_branch_labels.py
[2025-10-29T19:45:13.534+0530] {processor.py:840} INFO - DAG(s) 'example_branch_labels' retrieved from /home/logi/txtai/venv/lib/python3.10/site-packages/airflow/example_dags/example_branch_labels.py
[2025-10-29T19:45:13.564+0530] {logging_mixin.py:188} INFO - [2025-10-29T19:45:13.563+0530] {dag.py:3096} INFO - Sync 1 DAGs
[2025-10-29T19:45:13.583+0530] {logging_mixin.py:188} INFO - [2025-10-29T19:45:13.582+0530] {dag.py:3954} INFO - Setting next_dagrun for example_branch_labels to 2025-10-28 00:00:00+00:00, run_after=2025-10-29 00:00:00+00:00
[2025-10-29T19:45:13.603+0530] {processor.py:183} INFO - Processing /home/logi/txtai/venv/lib/python3.10/site-packages/airflow/example_dags/example_branch_labels.py took 0.112 seconds
[2025-10-29T19:46:36.193+0530] {processor.py:161} INFO - Started process (PID=18375) to work on /home/logi/txtai/venv/lib/python3.10/site-packages/airflow/example_dags/example_branch_labels.py
[2025-10-29T19:46:36.207+0530] {processor.py:830} INFO - Processing file /home/logi/txtai/venv/lib/python3.10/site-packages/airflow/example_dags/example_branch_labels.py for tasks to queue
[2025-10-29T19:46:36.211+0530] {logging_mixin.py:188} INFO - [2025-10-29T19:46:36.210+0530] {dagbag.py:545} INFO - Filling up the DagBag from /home/logi/txtai/venv/lib/python3.10/site-packages/airflow/example_dags/example_branch_labels.py
[2025-10-29T19:46:36.234+0530] {processor.py:840} INFO - DAG(s) 'example_branch_labels' retrieved from /home/logi/txtai/venv/lib/python3.10/site-packages/airflow/example_dags/example_branch_labels.py
[2025-10-29T19:46:36.280+0530] {logging_mixin.py:188} INFO - [2025-10-29T19:46:36.280+0530] {dag.py:3096} INFO - Sync 1 DAGs
[2025-10-29T19:46:36.307+0530] {logging_mixin.py:188} INFO - [2025-10-29T19:46:36.307+0530] {dag.py:3954} INFO - Setting next_dagrun for example_branch_labels to 2025-10-28 00:00:00+00:00, run_after=2025-10-29 00:00:00+00:00
[2025-10-29T19:46:36.341+0530] {processor.py:183} INFO - Processing /home/logi/txtai/venv/lib/python3.10/site-packages/airflow/example_dags/example_branch_labels.py took 0.164 seconds
[2025-10-29T19:47:56.310+0530] {processor.py:161} INFO - Started process (PID=18478) to work on /home/logi/txtai/venv/lib/python3.10/site-packages/airflow/example_dags/example_branch_labels.py
[2025-10-29T19:47:56.324+0530] {processor.py:830} INFO - Processing file /home/logi/txtai/venv/lib/python3.10/site-packages/airflow/example_dags/example_branch_labels.py for tasks to queue
[2025-10-29T19:47:56.327+0530] {logging_mixin.py:188} INFO - [2025-10-29T19:47:56.326+0530] {dagbag.py:545} INFO - Filling up the DagBag from /home/logi/txtai/venv/lib/python3.10/site-packages/airflow/example_dags/example_branch_labels.py
[2025-10-29T19:47:56.341+0530] {processor.py:840} INFO - DAG(s) 'example_branch_labels' retrieved from /home/logi/txtai/venv/lib/python3.10/site-packages/airflow/example_dags/example_branch_labels.py
[2025-10-29T19:47:56.372+0530] {logging_mixin.py:188} INFO - [2025-10-29T19:47:56.371+0530] {dag.py:3096} INFO - Sync 1 DAGs
[2025-10-29T19:47:56.390+0530] {logging_mixin.py:188} INFO - [2025-10-29T19:47:56.389+0530] {dag.py:3954} INFO - Setting next_dagrun for example_branch_labels to 2025-10-28 00:00:00+00:00, run_after=2025-10-29 00:00:00+00:00
[2025-10-29T19:47:56.417+0530] {processor.py:183} INFO - Processing /home/logi/txtai/venv/lib/python3.10/site-packages/airflow/example_dags/example_branch_labels.py took 0.118 seconds
[2025-10-29T19:49:21.080+0530] {processor.py:161} INFO - Started process (PID=18656) to work on /home/logi/txtai/venv/lib/python3.10/site-packages/airflow/example_dags/example_branch_labels.py
[2025-10-29T19:49:21.094+0530] {processor.py:830} INFO - Processing file /home/logi/txtai/venv/lib/python3.10/site-packages/airflow/example_dags/example_branch_labels.py for tasks to queue
[2025-10-29T19:49:21.097+0530] {logging_mixin.py:188} INFO - [2025-10-29T19:49:21.096+0530] {dagbag.py:545} INFO - Filling up the DagBag from /home/logi/txtai/venv/lib/python3.10/site-packages/airflow/example_dags/example_branch_labels.py
[2025-10-29T19:49:21.112+0530] {processor.py:840} INFO - DAG(s) 'example_branch_labels' retrieved from /home/logi/txtai/venv/lib/python3.10/site-packages/airflow/example_dags/example_branch_labels.py
[2025-10-29T19:49:21.144+0530] {logging_mixin.py:188} INFO - [2025-10-29T19:49:21.144+0530] {dag.py:3096} INFO - Sync 1 DAGs
[2025-10-29T19:49:21.162+0530] {logging_mixin.py:188} INFO - [2025-10-29T19:49:21.162+0530] {dag.py:3954} INFO - Setting next_dagrun for example_branch_labels to 2025-10-28 00:00:00+00:00, run_after=2025-10-29 00:00:00+00:00
[2025-10-29T19:49:21.188+0530] {processor.py:183} INFO - Processing /home/logi/txtai/venv/lib/python3.10/site-packages/airflow/example_dags/example_branch_labels.py took 0.120 seconds
[2025-10-29T19:50:39.622+0530] {processor.py:161} INFO - Started process (PID=18783) to work on /home/logi/txtai/venv/lib/python3.10/site-packages/airflow/example_dags/example_branch_labels.py
[2025-10-29T19:50:39.635+0530] {processor.py:830} INFO - Processing file /home/logi/txtai/venv/lib/python3.10/site-packages/airflow/example_dags/example_branch_labels.py for tasks to queue
[2025-10-29T19:50:39.638+0530] {logging_mixin.py:188} INFO - [2025-10-29T19:50:39.638+0530] {dagbag.py:545} INFO - Filling up the DagBag from /home/logi/txtai/venv/lib/python3.10/site-packages/airflow/example_dags/example_branch_labels.py
[2025-10-29T19:50:39.653+0530] {processor.py:840} INFO - DAG(s) 'example_branch_labels' retrieved from /home/logi/txtai/venv/lib/python3.10/site-packages/airflow/example_dags/example_branch_labels.py
[2025-10-29T19:50:39.682+0530] {logging_mixin.py:188} INFO - [2025-10-29T19:50:39.682+0530] {dag.py:3096} INFO - Sync 1 DAGs
[2025-10-29T19:50:39.699+0530] {logging_mixin.py:188} INFO - [2025-10-29T19:50:39.699+0530] {dag.py:3954} INFO - Setting next_dagrun for example_branch_labels to 2025-10-28 00:00:00+00:00, run_after=2025-10-29 00:00:00+00:00
[2025-10-29T19:50:39.726+0530] {processor.py:183} INFO - Processing /home/logi/txtai/venv/lib/python3.10/site-packages/airflow/example_dags/example_branch_labels.py took 0.116 seconds
[2025-10-29T19:52:02.345+0530] {processor.py:161} INFO - Started process (PID=18909) to work on /home/logi/txtai/venv/lib/python3.10/site-packages/airflow/example_dags/example_branch_labels.py
[2025-10-29T19:52:02.358+0530] {processor.py:830} INFO - Processing file /home/logi/txtai/venv/lib/python3.10/site-packages/airflow/example_dags/example_branch_labels.py for tasks to queue
[2025-10-29T19:52:02.361+0530] {logging_mixin.py:188} INFO - [2025-10-29T19:52:02.361+0530] {dagbag.py:545} INFO - Filling up the DagBag from /home/logi/txtai/venv/lib/python3.10/site-packages/airflow/example_dags/example_branch_labels.py
[2025-10-29T19:52:02.375+0530] {processor.py:840} INFO - DAG(s) 'example_branch_labels' retrieved from /home/logi/txtai/venv/lib/python3.10/site-packages/airflow/example_dags/example_branch_labels.py
[2025-10-29T19:52:02.406+0530] {logging_mixin.py:188} INFO - [2025-10-29T19:52:02.406+0530] {dag.py:3096} INFO - Sync 1 DAGs
[2025-10-29T19:52:02.423+0530] {logging_mixin.py:188} INFO - [2025-10-29T19:52:02.423+0530] {dag.py:3954} INFO - Setting next_dagrun for example_branch_labels to 2025-10-28 00:00:00+00:00, run_after=2025-10-29 00:00:00+00:00
[2025-10-29T19:52:02.442+0530] {processor.py:183} INFO - Processing /home/logi/txtai/venv/lib/python3.10/site-packages/airflow/example_dags/example_branch_labels.py took 0.107 seconds
[2025-10-29T19:53:17.282+0530] {processor.py:161} INFO - Started process (PID=19007) to work on /home/logi/txtai/venv/lib/python3.10/site-packages/airflow/example_dags/example_branch_labels.py
[2025-10-29T19:53:17.295+0530] {processor.py:830} INFO - Processing file /home/logi/txtai/venv/lib/python3.10/site-packages/airflow/example_dags/example_branch_labels.py for tasks to queue
[2025-10-29T19:53:17.298+0530] {logging_mixin.py:188} INFO - [2025-10-29T19:53:17.297+0530] {dagbag.py:545} INFO - Filling up the DagBag from /home/logi/txtai/venv/lib/python3.10/site-packages/airflow/example_dags/example_branch_labels.py
[2025-10-29T19:53:17.312+0530] {processor.py:840} INFO - DAG(s) 'example_branch_labels' retrieved from /home/logi/txtai/venv/lib/python3.10/site-packages/airflow/example_dags/example_branch_labels.py
[2025-10-29T19:53:17.344+0530] {logging_mixin.py:188} INFO - [2025-10-29T19:53:17.344+0530] {dag.py:3096} INFO - Sync 1 DAGs
[2025-10-29T19:53:17.363+0530] {logging_mixin.py:188} INFO - [2025-10-29T19:53:17.362+0530] {dag.py:3954} INFO - Setting next_dagrun for example_branch_labels to 2025-10-28 00:00:00+00:00, run_after=2025-10-29 00:00:00+00:00
[2025-10-29T19:53:17.390+0530] {processor.py:183} INFO - Processing /home/logi/txtai/venv/lib/python3.10/site-packages/airflow/example_dags/example_branch_labels.py took 0.120 seconds
[2025-10-29T19:54:39.035+0530] {processor.py:161} INFO - Started process (PID=19137) to work on /home/logi/txtai/venv/lib/python3.10/site-packages/airflow/example_dags/example_branch_labels.py
[2025-10-29T19:54:39.048+0530] {processor.py:830} INFO - Processing file /home/logi/txtai/venv/lib/python3.10/site-packages/airflow/example_dags/example_branch_labels.py for tasks to queue
[2025-10-29T19:54:39.051+0530] {logging_mixin.py:188} INFO - [2025-10-29T19:54:39.051+0530] {dagbag.py:545} INFO - Filling up the DagBag from /home/logi/txtai/venv/lib/python3.10/site-packages/airflow/example_dags/example_branch_labels.py
[2025-10-29T19:54:39.065+0530] {processor.py:840} INFO - DAG(s) 'example_branch_labels' retrieved from /home/logi/txtai/venv/lib/python3.10/site-packages/airflow/example_dags/example_branch_labels.py
[2025-10-29T19:54:39.093+0530] {logging_mixin.py:188} INFO - [2025-10-29T19:54:39.093+0530] {dag.py:3096} INFO - Sync 1 DAGs
[2025-10-29T19:54:39.113+0530] {logging_mixin.py:188} INFO - [2025-10-29T19:54:39.113+0530] {dag.py:3954} INFO - Setting next_dagrun for example_branch_labels to 2025-10-28 00:00:00+00:00, run_after=2025-10-29 00:00:00+00:00
[2025-10-29T19:54:39.140+0530] {processor.py:183} INFO - Processing /home/logi/txtai/venv/lib/python3.10/site-packages/airflow/example_dags/example_branch_labels.py took 0.117 seconds
[2025-10-29T19:56:01.692+0530] {processor.py:161} INFO - Started process (PID=19247) to work on /home/logi/txtai/venv/lib/python3.10/site-packages/airflow/example_dags/example_branch_labels.py
[2025-10-29T19:56:01.705+0530] {processor.py:830} INFO - Processing file /home/logi/txtai/venv/lib/python3.10/site-packages/airflow/example_dags/example_branch_labels.py for tasks to queue
[2025-10-29T19:56:01.708+0530] {logging_mixin.py:188} INFO - [2025-10-29T19:56:01.708+0530] {dagbag.py:545} INFO - Filling up the DagBag from /home/logi/txtai/venv/lib/python3.10/site-packages/airflow/example_dags/example_branch_labels.py
[2025-10-29T19:56:01.724+0530] {processor.py:840} INFO - DAG(s) 'example_branch_labels' retrieved from /home/logi/txtai/venv/lib/python3.10/site-packages/airflow/example_dags/example_branch_labels.py
[2025-10-29T19:56:01.753+0530] {logging_mixin.py:188} INFO - [2025-10-29T19:56:01.753+0530] {dag.py:3096} INFO - Sync 1 DAGs
[2025-10-29T19:56:01.771+0530] {logging_mixin.py:188} INFO - [2025-10-29T19:56:01.771+0530] {dag.py:3954} INFO - Setting next_dagrun for example_branch_labels to 2025-10-28 00:00:00+00:00, run_after=2025-10-29 00:00:00+00:00
[2025-10-29T19:56:01.798+0530] {processor.py:183} INFO - Processing /home/logi/txtai/venv/lib/python3.10/site-packages/airflow/example_dags/example_branch_labels.py took 0.118 seconds
[2025-10-29T19:57:22.537+0530] {processor.py:161} INFO - Started process (PID=19369) to work on /home/logi/txtai/venv/lib/python3.10/site-packages/airflow/example_dags/example_branch_labels.py
[2025-10-29T19:57:22.552+0530] {processor.py:830} INFO - Processing file /home/logi/txtai/venv/lib/python3.10/site-packages/airflow/example_dags/example_branch_labels.py for tasks to queue
[2025-10-29T19:57:22.555+0530] {logging_mixin.py:188} INFO - [2025-10-29T19:57:22.554+0530] {dagbag.py:545} INFO - Filling up the DagBag from /home/logi/txtai/venv/lib/python3.10/site-packages/airflow/example_dags/example_branch_labels.py
[2025-10-29T19:57:22.569+0530] {processor.py:840} INFO - DAG(s) 'example_branch_labels' retrieved from /home/logi/txtai/venv/lib/python3.10/site-packages/airflow/example_dags/example_branch_labels.py
[2025-10-29T19:57:22.601+0530] {logging_mixin.py:188} INFO - [2025-10-29T19:57:22.600+0530] {dag.py:3096} INFO - Sync 1 DAGs
[2025-10-29T19:57:22.620+0530] {logging_mixin.py:188} INFO - [2025-10-29T19:57:22.619+0530] {dag.py:3954} INFO - Setting next_dagrun for example_branch_labels to 2025-10-28 00:00:00+00:00, run_after=2025-10-29 00:00:00+00:00
[2025-10-29T19:57:22.646+0530] {processor.py:183} INFO - Processing /home/logi/txtai/venv/lib/python3.10/site-packages/airflow/example_dags/example_branch_labels.py took 0.121 seconds
[2025-10-29T19:58:20.922+0530] {processor.py:161} INFO - Started process (PID=19569) to work on /home/logi/txtai/venv/lib/python3.10/site-packages/airflow/example_dags/example_branch_labels.py
[2025-10-29T19:58:20.936+0530] {processor.py:830} INFO - Processing file /home/logi/txtai/venv/lib/python3.10/site-packages/airflow/example_dags/example_branch_labels.py for tasks to queue
[2025-10-29T19:58:20.939+0530] {logging_mixin.py:188} INFO - [2025-10-29T19:58:20.938+0530] {dagbag.py:545} INFO - Filling up the DagBag from /home/logi/txtai/venv/lib/python3.10/site-packages/airflow/example_dags/example_branch_labels.py
[2025-10-29T19:58:20.953+0530] {processor.py:840} INFO - DAG(s) 'example_branch_labels' retrieved from /home/logi/txtai/venv/lib/python3.10/site-packages/airflow/example_dags/example_branch_labels.py
[2025-10-29T19:58:20.983+0530] {logging_mixin.py:188} INFO - [2025-10-29T19:58:20.982+0530] {dag.py:3096} INFO - Sync 1 DAGs
[2025-10-29T19:58:21.002+0530] {logging_mixin.py:188} INFO - [2025-10-29T19:58:21.002+0530] {dag.py:3954} INFO - Setting next_dagrun for example_branch_labels to 2025-10-28 00:00:00+00:00, run_after=2025-10-29 00:00:00+00:00
[2025-10-29T19:58:21.025+0530] {processor.py:183} INFO - Processing /home/logi/txtai/venv/lib/python3.10/site-packages/airflow/example_dags/example_branch_labels.py took 0.114 seconds
[2025-10-29T19:59:17.158+0530] {processor.py:161} INFO - Started process (PID=19639) to work on /home/logi/txtai/venv/lib/python3.10/site-packages/airflow/example_dags/example_branch_labels.py
[2025-10-29T19:59:17.171+0530] {processor.py:830} INFO - Processing file /home/logi/txtai/venv/lib/python3.10/site-packages/airflow/example_dags/example_branch_labels.py for tasks to queue
[2025-10-29T19:59:17.174+0530] {logging_mixin.py:188} INFO - [2025-10-29T19:59:17.174+0530] {dagbag.py:545} INFO - Filling up the DagBag from /home/logi/txtai/venv/lib/python3.10/site-packages/airflow/example_dags/example_branch_labels.py
[2025-10-29T19:59:17.185+0530] {processor.py:840} INFO - DAG(s) 'example_branch_labels' retrieved from /home/logi/txtai/venv/lib/python3.10/site-packages/airflow/example_dags/example_branch_labels.py
[2025-10-29T19:59:17.206+0530] {logging_mixin.py:188} INFO - [2025-10-29T19:59:17.206+0530] {dag.py:3096} INFO - Sync 1 DAGs
[2025-10-29T19:59:17.224+0530] {logging_mixin.py:188} INFO - [2025-10-29T19:59:17.224+0530] {dag.py:3954} INFO - Setting next_dagrun for example_branch_labels to 2025-10-28 00:00:00+00:00, run_after=2025-10-29 00:00:00+00:00
[2025-10-29T19:59:17.246+0530] {processor.py:183} INFO - Processing /home/logi/txtai/venv/lib/python3.10/site-packages/airflow/example_dags/example_branch_labels.py took 0.096 seconds
[2025-10-29T20:00:35.543+0530] {processor.py:161} INFO - Started process (PID=19806) to work on /home/logi/txtai/venv/lib/python3.10/site-packages/airflow/example_dags/example_branch_labels.py
[2025-10-29T20:00:35.556+0530] {processor.py:830} INFO - Processing file /home/logi/txtai/venv/lib/python3.10/site-packages/airflow/example_dags/example_branch_labels.py for tasks to queue
[2025-10-29T20:00:35.559+0530] {logging_mixin.py:188} INFO - [2025-10-29T20:00:35.559+0530] {dagbag.py:545} INFO - Filling up the DagBag from /home/logi/txtai/venv/lib/python3.10/site-packages/airflow/example_dags/example_branch_labels.py
[2025-10-29T20:00:35.574+0530] {processor.py:840} INFO - DAG(s) 'example_branch_labels' retrieved from /home/logi/txtai/venv/lib/python3.10/site-packages/airflow/example_dags/example_branch_labels.py
[2025-10-29T20:00:35.602+0530] {logging_mixin.py:188} INFO - [2025-10-29T20:00:35.601+0530] {dag.py:3096} INFO - Sync 1 DAGs
[2025-10-29T20:00:35.621+0530] {logging_mixin.py:188} INFO - [2025-10-29T20:00:35.620+0530] {dag.py:3954} INFO - Setting next_dagrun for example_branch_labels to 2025-10-28 00:00:00+00:00, run_after=2025-10-29 00:00:00+00:00
[2025-10-29T20:00:35.647+0530] {processor.py:183} INFO - Processing /home/logi/txtai/venv/lib/python3.10/site-packages/airflow/example_dags/example_branch_labels.py took 0.115 seconds
[2025-10-29T20:01:59.065+0530] {processor.py:161} INFO - Started process (PID=20008) to work on /home/logi/txtai/venv/lib/python3.10/site-packages/airflow/example_dags/example_branch_labels.py
[2025-10-29T20:01:59.078+0530] {processor.py:830} INFO - Processing file /home/logi/txtai/venv/lib/python3.10/site-packages/airflow/example_dags/example_branch_labels.py for tasks to queue
[2025-10-29T20:01:59.082+0530] {logging_mixin.py:188} INFO - [2025-10-29T20:01:59.081+0530] {dagbag.py:545} INFO - Filling up the DagBag from /home/logi/txtai/venv/lib/python3.10/site-packages/airflow/example_dags/example_branch_labels.py
[2025-10-29T20:01:59.099+0530] {processor.py:840} INFO - DAG(s) 'example_branch_labels' retrieved from /home/logi/txtai/venv/lib/python3.10/site-packages/airflow/example_dags/example_branch_labels.py
[2025-10-29T20:01:59.133+0530] {logging_mixin.py:188} INFO - [2025-10-29T20:01:59.132+0530] {dag.py:3096} INFO - Sync 1 DAGs
[2025-10-29T20:01:59.150+0530] {logging_mixin.py:188} INFO - [2025-10-29T20:01:59.150+0530] {dag.py:3954} INFO - Setting next_dagrun for example_branch_labels to 2025-10-28 00:00:00+00:00, run_after=2025-10-29 00:00:00+00:00
[2025-10-29T20:01:59.177+0530] {processor.py:183} INFO - Processing /home/logi/txtai/venv/lib/python3.10/site-packages/airflow/example_dags/example_branch_labels.py took 0.125 seconds
[2025-10-29T20:02:56.630+0530] {processor.py:161} INFO - Started process (PID=20126) to work on /home/logi/txtai/venv/lib/python3.10/site-packages/airflow/example_dags/example_branch_labels.py
[2025-10-29T20:02:56.632+0530] {processor.py:830} INFO - Processing file /home/logi/txtai/venv/lib/python3.10/site-packages/airflow/example_dags/example_branch_labels.py for tasks to queue
[2025-10-29T20:02:56.635+0530] {logging_mixin.py:188} INFO - [2025-10-29T20:02:56.634+0530] {dagbag.py:545} INFO - Filling up the DagBag from /home/logi/txtai/venv/lib/python3.10/site-packages/airflow/example_dags/example_branch_labels.py
[2025-10-29T20:02:56.654+0530] {processor.py:840} INFO - DAG(s) 'example_branch_labels' retrieved from /home/logi/txtai/venv/lib/python3.10/site-packages/airflow/example_dags/example_branch_labels.py
[2025-10-29T20:02:56.689+0530] {logging_mixin.py:188} INFO - [2025-10-29T20:02:56.689+0530] {dag.py:3096} INFO - Sync 1 DAGs
[2025-10-29T20:02:56.712+0530] {logging_mixin.py:188} INFO - [2025-10-29T20:02:56.711+0530] {dag.py:3954} INFO - Setting next_dagrun for example_branch_labels to 2025-10-28 00:00:00+00:00, run_after=2025-10-29 00:00:00+00:00
[2025-10-29T20:02:56.733+0530] {processor.py:183} INFO - Processing /home/logi/txtai/venv/lib/python3.10/site-packages/airflow/example_dags/example_branch_labels.py took 0.115 seconds
[2025-10-29T20:03:57.195+0530] {processor.py:161} INFO - Started process (PID=20248) to work on /home/logi/txtai/venv/lib/python3.10/site-packages/airflow/example_dags/example_branch_labels.py
[2025-10-29T20:03:57.208+0530] {processor.py:830} INFO - Processing file /home/logi/txtai/venv/lib/python3.10/site-packages/airflow/example_dags/example_branch_labels.py for tasks to queue
[2025-10-29T20:03:57.212+0530] {logging_mixin.py:188} INFO - [2025-10-29T20:03:57.211+0530] {dagbag.py:545} INFO - Filling up the DagBag from /home/logi/txtai/venv/lib/python3.10/site-packages/airflow/example_dags/example_branch_labels.py
[2025-10-29T20:03:57.226+0530] {processor.py:840} INFO - DAG(s) 'example_branch_labels' retrieved from /home/logi/txtai/venv/lib/python3.10/site-packages/airflow/example_dags/example_branch_labels.py
[2025-10-29T20:03:57.256+0530] {logging_mixin.py:188} INFO - [2025-10-29T20:03:57.255+0530] {dag.py:3096} INFO - Sync 1 DAGs
[2025-10-29T20:03:57.275+0530] {logging_mixin.py:188} INFO - [2025-10-29T20:03:57.275+0530] {dag.py:3954} INFO - Setting next_dagrun for example_branch_labels to 2025-10-28 00:00:00+00:00, run_after=2025-10-29 00:00:00+00:00
[2025-10-29T20:03:57.304+0530] {processor.py:183} INFO - Processing /home/logi/txtai/venv/lib/python3.10/site-packages/airflow/example_dags/example_branch_labels.py took 0.120 seconds
[2025-10-29T20:05:00.922+0530] {processor.py:161} INFO - Started process (PID=20395) to work on /home/logi/txtai/venv/lib/python3.10/site-packages/airflow/example_dags/example_branch_labels.py
[2025-10-29T20:05:00.935+0530] {processor.py:830} INFO - Processing file /home/logi/txtai/venv/lib/python3.10/site-packages/airflow/example_dags/example_branch_labels.py for tasks to queue
[2025-10-29T20:05:00.939+0530] {logging_mixin.py:188} INFO - [2025-10-29T20:05:00.938+0530] {dagbag.py:545} INFO - Filling up the DagBag from /home/logi/txtai/venv/lib/python3.10/site-packages/airflow/example_dags/example_branch_labels.py
[2025-10-29T20:05:00.952+0530] {processor.py:840} INFO - DAG(s) 'example_branch_labels' retrieved from /home/logi/txtai/venv/lib/python3.10/site-packages/airflow/example_dags/example_branch_labels.py
[2025-10-29T20:05:00.980+0530] {logging_mixin.py:188} INFO - [2025-10-29T20:05:00.979+0530] {dag.py:3096} INFO - Sync 1 DAGs
[2025-10-29T20:05:00.999+0530] {logging_mixin.py:188} INFO - [2025-10-29T20:05:00.999+0530] {dag.py:3954} INFO - Setting next_dagrun for example_branch_labels to 2025-10-28 00:00:00+00:00, run_after=2025-10-29 00:00:00+00:00
[2025-10-29T20:05:01.025+0530] {processor.py:183} INFO - Processing /home/logi/txtai/venv/lib/python3.10/site-packages/airflow/example_dags/example_branch_labels.py took 0.115 seconds
[2025-10-29T20:06:02.500+0530] {processor.py:161} INFO - Started process (PID=20517) to work on /home/logi/txtai/venv/lib/python3.10/site-packages/airflow/example_dags/example_branch_labels.py
[2025-10-29T20:06:02.513+0530] {processor.py:830} INFO - Processing file /home/logi/txtai/venv/lib/python3.10/site-packages/airflow/example_dags/example_branch_labels.py for tasks to queue
[2025-10-29T20:06:02.516+0530] {logging_mixin.py:188} INFO - [2025-10-29T20:06:02.516+0530] {dagbag.py:545} INFO - Filling up the DagBag from /home/logi/txtai/venv/lib/python3.10/site-packages/airflow/example_dags/example_branch_labels.py
[2025-10-29T20:06:02.531+0530] {processor.py:840} INFO - DAG(s) 'example_branch_labels' retrieved from /home/logi/txtai/venv/lib/python3.10/site-packages/airflow/example_dags/example_branch_labels.py
[2025-10-29T20:06:02.563+0530] {logging_mixin.py:188} INFO - [2025-10-29T20:06:02.562+0530] {dag.py:3096} INFO - Sync 1 DAGs
[2025-10-29T20:06:02.583+0530] {logging_mixin.py:188} INFO - [2025-10-29T20:06:02.582+0530] {dag.py:3954} INFO - Setting next_dagrun for example_branch_labels to 2025-10-28 00:00:00+00:00, run_after=2025-10-29 00:00:00+00:00
[2025-10-29T20:06:02.605+0530] {processor.py:183} INFO - Processing /home/logi/txtai/venv/lib/python3.10/site-packages/airflow/example_dags/example_branch_labels.py took 0.118 seconds
[2025-10-29T20:07:27.226+0530] {processor.py:161} INFO - Started process (PID=20688) to work on /home/logi/txtai/venv/lib/python3.10/site-packages/airflow/example_dags/example_branch_labels.py
[2025-10-29T20:07:27.240+0530] {processor.py:830} INFO - Processing file /home/logi/txtai/venv/lib/python3.10/site-packages/airflow/example_dags/example_branch_labels.py for tasks to queue
[2025-10-29T20:07:27.243+0530] {logging_mixin.py:188} INFO - [2025-10-29T20:07:27.243+0530] {dagbag.py:545} INFO - Filling up the DagBag from /home/logi/txtai/venv/lib/python3.10/site-packages/airflow/example_dags/example_branch_labels.py
[2025-10-29T20:07:27.260+0530] {processor.py:840} INFO - DAG(s) 'example_branch_labels' retrieved from /home/logi/txtai/venv/lib/python3.10/site-packages/airflow/example_dags/example_branch_labels.py
[2025-10-29T20:07:27.294+0530] {logging_mixin.py:188} INFO - [2025-10-29T20:07:27.293+0530] {dag.py:3096} INFO - Sync 1 DAGs
[2025-10-29T20:07:27.313+0530] {logging_mixin.py:188} INFO - [2025-10-29T20:07:27.313+0530] {dag.py:3954} INFO - Setting next_dagrun for example_branch_labels to 2025-10-28 00:00:00+00:00, run_after=2025-10-29 00:00:00+00:00
[2025-10-29T20:07:27.333+0530] {processor.py:183} INFO - Processing /home/logi/txtai/venv/lib/python3.10/site-packages/airflow/example_dags/example_branch_labels.py took 0.121 seconds
[2025-10-29T20:08:25.442+0530] {processor.py:161} INFO - Started process (PID=20802) to work on /home/logi/txtai/venv/lib/python3.10/site-packages/airflow/example_dags/example_branch_labels.py
[2025-10-29T20:08:25.456+0530] {processor.py:830} INFO - Processing file /home/logi/txtai/venv/lib/python3.10/site-packages/airflow/example_dags/example_branch_labels.py for tasks to queue
[2025-10-29T20:08:25.459+0530] {logging_mixin.py:188} INFO - [2025-10-29T20:08:25.458+0530] {dagbag.py:545} INFO - Filling up the DagBag from /home/logi/txtai/venv/lib/python3.10/site-packages/airflow/example_dags/example_branch_labels.py
[2025-10-29T20:08:25.473+0530] {processor.py:840} INFO - DAG(s) 'example_branch_labels' retrieved from /home/logi/txtai/venv/lib/python3.10/site-packages/airflow/example_dags/example_branch_labels.py
[2025-10-29T20:08:25.502+0530] {logging_mixin.py:188} INFO - [2025-10-29T20:08:25.501+0530] {dag.py:3096} INFO - Sync 1 DAGs
[2025-10-29T20:08:25.520+0530] {logging_mixin.py:188} INFO - [2025-10-29T20:08:25.520+0530] {dag.py:3954} INFO - Setting next_dagrun for example_branch_labels to 2025-10-28 00:00:00+00:00, run_after=2025-10-29 00:00:00+00:00
[2025-10-29T20:08:25.548+0530] {processor.py:183} INFO - Processing /home/logi/txtai/venv/lib/python3.10/site-packages/airflow/example_dags/example_branch_labels.py took 0.117 seconds
[2025-10-29T20:09:25.104+0530] {processor.py:161} INFO - Started process (PID=20915) to work on /home/logi/txtai/venv/lib/python3.10/site-packages/airflow/example_dags/example_branch_labels.py
[2025-10-29T20:09:25.117+0530] {processor.py:830} INFO - Processing file /home/logi/txtai/venv/lib/python3.10/site-packages/airflow/example_dags/example_branch_labels.py for tasks to queue
[2025-10-29T20:09:25.120+0530] {logging_mixin.py:188} INFO - [2025-10-29T20:09:25.120+0530] {dagbag.py:545} INFO - Filling up the DagBag from /home/logi/txtai/venv/lib/python3.10/site-packages/airflow/example_dags/example_branch_labels.py
[2025-10-29T20:09:25.136+0530] {processor.py:840} INFO - DAG(s) 'example_branch_labels' retrieved from /home/logi/txtai/venv/lib/python3.10/site-packages/airflow/example_dags/example_branch_labels.py
[2025-10-29T20:09:25.166+0530] {logging_mixin.py:188} INFO - [2025-10-29T20:09:25.165+0530] {dag.py:3096} INFO - Sync 1 DAGs
[2025-10-29T20:09:25.184+0530] {logging_mixin.py:188} INFO - [2025-10-29T20:09:25.184+0530] {dag.py:3954} INFO - Setting next_dagrun for example_branch_labels to 2025-10-28 00:00:00+00:00, run_after=2025-10-29 00:00:00+00:00
[2025-10-29T20:09:25.205+0530] {processor.py:183} INFO - Processing /home/logi/txtai/venv/lib/python3.10/site-packages/airflow/example_dags/example_branch_labels.py took 0.112 seconds
[2025-10-29T20:10:49.017+0530] {processor.py:161} INFO - Started process (PID=21109) to work on /home/logi/txtai/venv/lib/python3.10/site-packages/airflow/example_dags/example_branch_labels.py
[2025-10-29T20:10:49.031+0530] {processor.py:830} INFO - Processing file /home/logi/txtai/venv/lib/python3.10/site-packages/airflow/example_dags/example_branch_labels.py for tasks to queue
[2025-10-29T20:10:49.034+0530] {logging_mixin.py:188} INFO - [2025-10-29T20:10:49.033+0530] {dagbag.py:545} INFO - Filling up the DagBag from /home/logi/txtai/venv/lib/python3.10/site-packages/airflow/example_dags/example_branch_labels.py
[2025-10-29T20:10:49.048+0530] {processor.py:840} INFO - DAG(s) 'example_branch_labels' retrieved from /home/logi/txtai/venv/lib/python3.10/site-packages/airflow/example_dags/example_branch_labels.py
[2025-10-29T20:10:49.077+0530] {logging_mixin.py:188} INFO - [2025-10-29T20:10:49.077+0530] {dag.py:3096} INFO - Sync 1 DAGs
[2025-10-29T20:10:49.097+0530] {logging_mixin.py:188} INFO - [2025-10-29T20:10:49.096+0530] {dag.py:3954} INFO - Setting next_dagrun for example_branch_labels to 2025-10-28 00:00:00+00:00, run_after=2025-10-29 00:00:00+00:00
[2025-10-29T20:10:49.123+0530] {processor.py:183} INFO - Processing /home/logi/txtai/venv/lib/python3.10/site-packages/airflow/example_dags/example_branch_labels.py took 0.123 seconds
[2025-10-29T20:12:06.124+0530] {processor.py:161} INFO - Started process (PID=21273) to work on /home/logi/txtai/venv/lib/python3.10/site-packages/airflow/example_dags/example_branch_labels.py
[2025-10-29T20:12:06.137+0530] {processor.py:830} INFO - Processing file /home/logi/txtai/venv/lib/python3.10/site-packages/airflow/example_dags/example_branch_labels.py for tasks to queue
[2025-10-29T20:12:06.141+0530] {logging_mixin.py:188} INFO - [2025-10-29T20:12:06.140+0530] {dagbag.py:545} INFO - Filling up the DagBag from /home/logi/txtai/venv/lib/python3.10/site-packages/airflow/example_dags/example_branch_labels.py
[2025-10-29T20:12:06.155+0530] {processor.py:840} INFO - DAG(s) 'example_branch_labels' retrieved from /home/logi/txtai/venv/lib/python3.10/site-packages/airflow/example_dags/example_branch_labels.py
[2025-10-29T20:12:06.184+0530] {logging_mixin.py:188} INFO - [2025-10-29T20:12:06.183+0530] {dag.py:3096} INFO - Sync 1 DAGs
[2025-10-29T20:12:06.203+0530] {logging_mixin.py:188} INFO - [2025-10-29T20:12:06.202+0530] {dag.py:3954} INFO - Setting next_dagrun for example_branch_labels to 2025-10-28 00:00:00+00:00, run_after=2025-10-29 00:00:00+00:00
[2025-10-29T20:12:06.230+0530] {processor.py:183} INFO - Processing /home/logi/txtai/venv/lib/python3.10/site-packages/airflow/example_dags/example_branch_labels.py took 0.118 seconds
[2025-10-29T20:13:26.234+0530] {processor.py:161} INFO - Started process (PID=21421) to work on /home/logi/txtai/venv/lib/python3.10/site-packages/airflow/example_dags/example_branch_labels.py
[2025-10-29T20:13:26.247+0530] {processor.py:830} INFO - Processing file /home/logi/txtai/venv/lib/python3.10/site-packages/airflow/example_dags/example_branch_labels.py for tasks to queue
[2025-10-29T20:13:26.250+0530] {logging_mixin.py:188} INFO - [2025-10-29T20:13:26.250+0530] {dagbag.py:545} INFO - Filling up the DagBag from /home/logi/txtai/venv/lib/python3.10/site-packages/airflow/example_dags/example_branch_labels.py
[2025-10-29T20:13:26.264+0530] {processor.py:840} INFO - DAG(s) 'example_branch_labels' retrieved from /home/logi/txtai/venv/lib/python3.10/site-packages/airflow/example_dags/example_branch_labels.py
[2025-10-29T20:13:26.292+0530] {logging_mixin.py:188} INFO - [2025-10-29T20:13:26.292+0530] {dag.py:3096} INFO - Sync 1 DAGs
[2025-10-29T20:13:26.311+0530] {logging_mixin.py:188} INFO - [2025-10-29T20:13:26.311+0530] {dag.py:3954} INFO - Setting next_dagrun for example_branch_labels to 2025-10-28 00:00:00+00:00, run_after=2025-10-29 00:00:00+00:00
[2025-10-29T20:13:26.334+0530] {processor.py:183} INFO - Processing /home/logi/txtai/venv/lib/python3.10/site-packages/airflow/example_dags/example_branch_labels.py took 0.111 seconds
[2025-10-29T20:14:45.932+0530] {processor.py:161} INFO - Started process (PID=21822) to work on /home/logi/txtai/venv/lib/python3.10/site-packages/airflow/example_dags/example_branch_labels.py
[2025-10-29T20:14:45.945+0530] {processor.py:830} INFO - Processing file /home/logi/txtai/venv/lib/python3.10/site-packages/airflow/example_dags/example_branch_labels.py for tasks to queue
[2025-10-29T20:14:45.948+0530] {logging_mixin.py:188} INFO - [2025-10-29T20:14:45.947+0530] {dagbag.py:545} INFO - Filling up the DagBag from /home/logi/txtai/venv/lib/python3.10/site-packages/airflow/example_dags/example_branch_labels.py
[2025-10-29T20:14:45.962+0530] {processor.py:840} INFO - DAG(s) 'example_branch_labels' retrieved from /home/logi/txtai/venv/lib/python3.10/site-packages/airflow/example_dags/example_branch_labels.py
[2025-10-29T20:14:45.990+0530] {logging_mixin.py:188} INFO - [2025-10-29T20:14:45.990+0530] {dag.py:3096} INFO - Sync 1 DAGs
[2025-10-29T20:14:46.009+0530] {logging_mixin.py:188} INFO - [2025-10-29T20:14:46.009+0530] {dag.py:3954} INFO - Setting next_dagrun for example_branch_labels to 2025-10-28 00:00:00+00:00, run_after=2025-10-29 00:00:00+00:00
[2025-10-29T20:14:46.035+0530] {processor.py:183} INFO - Processing /home/logi/txtai/venv/lib/python3.10/site-packages/airflow/example_dags/example_branch_labels.py took 0.114 seconds
[2025-10-29T20:15:45.606+0530] {processor.py:161} INFO - Started process (PID=21940) to work on /home/logi/txtai/venv/lib/python3.10/site-packages/airflow/example_dags/example_branch_labels.py
[2025-10-29T20:15:45.619+0530] {processor.py:830} INFO - Processing file /home/logi/txtai/venv/lib/python3.10/site-packages/airflow/example_dags/example_branch_labels.py for tasks to queue
[2025-10-29T20:15:45.622+0530] {logging_mixin.py:188} INFO - [2025-10-29T20:15:45.622+0530] {dagbag.py:545} INFO - Filling up the DagBag from /home/logi/txtai/venv/lib/python3.10/site-packages/airflow/example_dags/example_branch_labels.py
[2025-10-29T20:15:45.637+0530] {processor.py:840} INFO - DAG(s) 'example_branch_labels' retrieved from /home/logi/txtai/venv/lib/python3.10/site-packages/airflow/example_dags/example_branch_labels.py
[2025-10-29T20:15:45.665+0530] {logging_mixin.py:188} INFO - [2025-10-29T20:15:45.665+0530] {dag.py:3096} INFO - Sync 1 DAGs
[2025-10-29T20:15:45.684+0530] {logging_mixin.py:188} INFO - [2025-10-29T20:15:45.683+0530] {dag.py:3954} INFO - Setting next_dagrun for example_branch_labels to 2025-10-28 00:00:00+00:00, run_after=2025-10-29 00:00:00+00:00
[2025-10-29T20:15:45.703+0530] {processor.py:183} INFO - Processing /home/logi/txtai/venv/lib/python3.10/site-packages/airflow/example_dags/example_branch_labels.py took 0.109 seconds
[2025-10-29T20:17:01.443+0530] {processor.py:161} INFO - Started process (PID=22045) to work on /home/logi/txtai/venv/lib/python3.10/site-packages/airflow/example_dags/example_branch_labels.py
[2025-10-29T20:17:01.457+0530] {processor.py:830} INFO - Processing file /home/logi/txtai/venv/lib/python3.10/site-packages/airflow/example_dags/example_branch_labels.py for tasks to queue
[2025-10-29T20:17:01.460+0530] {logging_mixin.py:188} INFO - [2025-10-29T20:17:01.459+0530] {dagbag.py:545} INFO - Filling up the DagBag from /home/logi/txtai/venv/lib/python3.10/site-packages/airflow/example_dags/example_branch_labels.py
[2025-10-29T20:17:01.474+0530] {processor.py:840} INFO - DAG(s) 'example_branch_labels' retrieved from /home/logi/txtai/venv/lib/python3.10/site-packages/airflow/example_dags/example_branch_labels.py
[2025-10-29T20:17:01.502+0530] {logging_mixin.py:188} INFO - [2025-10-29T20:17:01.501+0530] {dag.py:3096} INFO - Sync 1 DAGs
[2025-10-29T20:17:01.522+0530] {logging_mixin.py:188} INFO - [2025-10-29T20:17:01.522+0530] {dag.py:3954} INFO - Setting next_dagrun for example_branch_labels to 2025-10-28 00:00:00+00:00, run_after=2025-10-29 00:00:00+00:00
[2025-10-29T20:17:01.547+0530] {processor.py:183} INFO - Processing /home/logi/txtai/venv/lib/python3.10/site-packages/airflow/example_dags/example_branch_labels.py took 0.116 seconds
[2025-10-29T20:18:16.252+0530] {processor.py:161} INFO - Started process (PID=22144) to work on /home/logi/txtai/venv/lib/python3.10/site-packages/airflow/example_dags/example_branch_labels.py
[2025-10-29T20:18:16.265+0530] {processor.py:830} INFO - Processing file /home/logi/txtai/venv/lib/python3.10/site-packages/airflow/example_dags/example_branch_labels.py for tasks to queue
[2025-10-29T20:18:16.268+0530] {logging_mixin.py:188} INFO - [2025-10-29T20:18:16.268+0530] {dagbag.py:545} INFO - Filling up the DagBag from /home/logi/txtai/venv/lib/python3.10/site-packages/airflow/example_dags/example_branch_labels.py
[2025-10-29T20:18:16.282+0530] {processor.py:840} INFO - DAG(s) 'example_branch_labels' retrieved from /home/logi/txtai/venv/lib/python3.10/site-packages/airflow/example_dags/example_branch_labels.py
[2025-10-29T20:18:16.310+0530] {logging_mixin.py:188} INFO - [2025-10-29T20:18:16.309+0530] {dag.py:3096} INFO - Sync 1 DAGs
[2025-10-29T20:18:16.330+0530] {logging_mixin.py:188} INFO - [2025-10-29T20:18:16.329+0530] {dag.py:3954} INFO - Setting next_dagrun for example_branch_labels to 2025-10-28 00:00:00+00:00, run_after=2025-10-29 00:00:00+00:00
[2025-10-29T20:18:16.356+0530] {processor.py:183} INFO - Processing /home/logi/txtai/venv/lib/python3.10/site-packages/airflow/example_dags/example_branch_labels.py took 0.115 seconds
[2025-10-29T20:19:39.286+0530] {processor.py:161} INFO - Started process (PID=22355) to work on /home/logi/txtai/venv/lib/python3.10/site-packages/airflow/example_dags/example_branch_labels.py
[2025-10-29T20:19:39.299+0530] {processor.py:830} INFO - Processing file /home/logi/txtai/venv/lib/python3.10/site-packages/airflow/example_dags/example_branch_labels.py for tasks to queue
[2025-10-29T20:19:39.303+0530] {logging_mixin.py:188} INFO - [2025-10-29T20:19:39.302+0530] {dagbag.py:545} INFO - Filling up the DagBag from /home/logi/txtai/venv/lib/python3.10/site-packages/airflow/example_dags/example_branch_labels.py
[2025-10-29T20:19:39.324+0530] {processor.py:840} INFO - DAG(s) 'example_branch_labels' retrieved from /home/logi/txtai/venv/lib/python3.10/site-packages/airflow/example_dags/example_branch_labels.py
[2025-10-29T20:19:39.361+0530] {logging_mixin.py:188} INFO - [2025-10-29T20:19:39.361+0530] {dag.py:3096} INFO - Sync 1 DAGs
[2025-10-29T20:19:39.382+0530] {logging_mixin.py:188} INFO - [2025-10-29T20:19:39.381+0530] {dag.py:3954} INFO - Setting next_dagrun for example_branch_labels to 2025-10-28 00:00:00+00:00, run_after=2025-10-29 00:00:00+00:00
[2025-10-29T20:19:39.402+0530] {processor.py:183} INFO - Processing /home/logi/txtai/venv/lib/python3.10/site-packages/airflow/example_dags/example_branch_labels.py took 0.129 seconds
[2025-10-29T20:21:00.415+0530] {processor.py:161} INFO - Started process (PID=22477) to work on /home/logi/txtai/venv/lib/python3.10/site-packages/airflow/example_dags/example_branch_labels.py
[2025-10-29T20:21:00.418+0530] {processor.py:830} INFO - Processing file /home/logi/txtai/venv/lib/python3.10/site-packages/airflow/example_dags/example_branch_labels.py for tasks to queue
[2025-10-29T20:21:00.421+0530] {logging_mixin.py:188} INFO - [2025-10-29T20:21:00.420+0530] {dagbag.py:545} INFO - Filling up the DagBag from /home/logi/txtai/venv/lib/python3.10/site-packages/airflow/example_dags/example_branch_labels.py
[2025-10-29T20:21:00.436+0530] {processor.py:840} INFO - DAG(s) 'example_branch_labels' retrieved from /home/logi/txtai/venv/lib/python3.10/site-packages/airflow/example_dags/example_branch_labels.py
[2025-10-29T20:21:00.460+0530] {logging_mixin.py:188} INFO - [2025-10-29T20:21:00.460+0530] {dag.py:3096} INFO - Sync 1 DAGs
[2025-10-29T20:21:00.478+0530] {logging_mixin.py:188} INFO - [2025-10-29T20:21:00.477+0530] {dag.py:3954} INFO - Setting next_dagrun for example_branch_labels to 2025-10-28 00:00:00+00:00, run_after=2025-10-29 00:00:00+00:00
[2025-10-29T20:21:00.499+0530] {processor.py:183} INFO - Processing /home/logi/txtai/venv/lib/python3.10/site-packages/airflow/example_dags/example_branch_labels.py took 0.095 seconds
[2025-10-29T20:22:24.502+0530] {processor.py:161} INFO - Started process (PID=22574) to work on /home/logi/txtai/venv/lib/python3.10/site-packages/airflow/example_dags/example_branch_labels.py
[2025-10-29T20:22:24.516+0530] {processor.py:830} INFO - Processing file /home/logi/txtai/venv/lib/python3.10/site-packages/airflow/example_dags/example_branch_labels.py for tasks to queue
[2025-10-29T20:22:24.519+0530] {logging_mixin.py:188} INFO - [2025-10-29T20:22:24.518+0530] {dagbag.py:545} INFO - Filling up the DagBag from /home/logi/txtai/venv/lib/python3.10/site-packages/airflow/example_dags/example_branch_labels.py
[2025-10-29T20:22:24.533+0530] {processor.py:840} INFO - DAG(s) 'example_branch_labels' retrieved from /home/logi/txtai/venv/lib/python3.10/site-packages/airflow/example_dags/example_branch_labels.py
[2025-10-29T20:22:24.562+0530] {logging_mixin.py:188} INFO - [2025-10-29T20:22:24.562+0530] {dag.py:3096} INFO - Sync 1 DAGs
[2025-10-29T20:22:24.581+0530] {logging_mixin.py:188} INFO - [2025-10-29T20:22:24.581+0530] {dag.py:3954} INFO - Setting next_dagrun for example_branch_labels to 2025-10-28 00:00:00+00:00, run_after=2025-10-29 00:00:00+00:00
[2025-10-29T20:22:24.610+0530] {processor.py:183} INFO - Processing /home/logi/txtai/venv/lib/python3.10/site-packages/airflow/example_dags/example_branch_labels.py took 0.120 seconds
[2025-10-29T20:23:44.684+0530] {processor.py:161} INFO - Started process (PID=22691) to work on /home/logi/txtai/venv/lib/python3.10/site-packages/airflow/example_dags/example_branch_labels.py
[2025-10-29T20:23:44.697+0530] {processor.py:830} INFO - Processing file /home/logi/txtai/venv/lib/python3.10/site-packages/airflow/example_dags/example_branch_labels.py for tasks to queue
[2025-10-29T20:23:44.701+0530] {logging_mixin.py:188} INFO - [2025-10-29T20:23:44.700+0530] {dagbag.py:545} INFO - Filling up the DagBag from /home/logi/txtai/venv/lib/python3.10/site-packages/airflow/example_dags/example_branch_labels.py
[2025-10-29T20:23:44.718+0530] {processor.py:840} INFO - DAG(s) 'example_branch_labels' retrieved from /home/logi/txtai/venv/lib/python3.10/site-packages/airflow/example_dags/example_branch_labels.py
[2025-10-29T20:23:44.758+0530] {logging_mixin.py:188} INFO - [2025-10-29T20:23:44.757+0530] {dag.py:3096} INFO - Sync 1 DAGs
[2025-10-29T20:23:44.783+0530] {logging_mixin.py:188} INFO - [2025-10-29T20:23:44.783+0530] {dag.py:3954} INFO - Setting next_dagrun for example_branch_labels to 2025-10-28 00:00:00+00:00, run_after=2025-10-29 00:00:00+00:00
[2025-10-29T20:23:44.814+0530] {processor.py:183} INFO - Processing /home/logi/txtai/venv/lib/python3.10/site-packages/airflow/example_dags/example_branch_labels.py took 0.142 seconds
[2025-10-29T20:24:43.175+0530] {processor.py:161} INFO - Started process (PID=22846) to work on /home/logi/txtai/venv/lib/python3.10/site-packages/airflow/example_dags/example_branch_labels.py
[2025-10-29T20:24:43.189+0530] {processor.py:830} INFO - Processing file /home/logi/txtai/venv/lib/python3.10/site-packages/airflow/example_dags/example_branch_labels.py for tasks to queue
[2025-10-29T20:24:43.193+0530] {logging_mixin.py:188} INFO - [2025-10-29T20:24:43.192+0530] {dagbag.py:545} INFO - Filling up the DagBag from /home/logi/txtai/venv/lib/python3.10/site-packages/airflow/example_dags/example_branch_labels.py
[2025-10-29T20:24:43.211+0530] {processor.py:840} INFO - DAG(s) 'example_branch_labels' retrieved from /home/logi/txtai/venv/lib/python3.10/site-packages/airflow/example_dags/example_branch_labels.py
[2025-10-29T20:24:43.245+0530] {logging_mixin.py:188} INFO - [2025-10-29T20:24:43.245+0530] {dag.py:3096} INFO - Sync 1 DAGs
[2025-10-29T20:24:43.267+0530] {logging_mixin.py:188} INFO - [2025-10-29T20:24:43.267+0530] {dag.py:3954} INFO - Setting next_dagrun for example_branch_labels to 2025-10-28 00:00:00+00:00, run_after=2025-10-29 00:00:00+00:00
[2025-10-29T20:24:43.289+0530] {processor.py:183} INFO - Processing /home/logi/txtai/venv/lib/python3.10/site-packages/airflow/example_dags/example_branch_labels.py took 0.127 seconds
[2025-10-29T20:25:59.219+0530] {processor.py:161} INFO - Started process (PID=22957) to work on /home/logi/txtai/venv/lib/python3.10/site-packages/airflow/example_dags/example_branch_labels.py
[2025-10-29T20:25:59.232+0530] {processor.py:830} INFO - Processing file /home/logi/txtai/venv/lib/python3.10/site-packages/airflow/example_dags/example_branch_labels.py for tasks to queue
[2025-10-29T20:25:59.235+0530] {logging_mixin.py:188} INFO - [2025-10-29T20:25:59.235+0530] {dagbag.py:545} INFO - Filling up the DagBag from /home/logi/txtai/venv/lib/python3.10/site-packages/airflow/example_dags/example_branch_labels.py
[2025-10-29T20:25:59.248+0530] {processor.py:840} INFO - DAG(s) 'example_branch_labels' retrieved from /home/logi/txtai/venv/lib/python3.10/site-packages/airflow/example_dags/example_branch_labels.py
[2025-10-29T20:25:59.274+0530] {logging_mixin.py:188} INFO - [2025-10-29T20:25:59.274+0530] {dag.py:3096} INFO - Sync 1 DAGs
[2025-10-29T20:25:59.293+0530] {logging_mixin.py:188} INFO - [2025-10-29T20:25:59.292+0530] {dag.py:3954} INFO - Setting next_dagrun for example_branch_labels to 2025-10-28 00:00:00+00:00, run_after=2025-10-29 00:00:00+00:00
[2025-10-29T20:25:59.311+0530] {processor.py:183} INFO - Processing /home/logi/txtai/venv/lib/python3.10/site-packages/airflow/example_dags/example_branch_labels.py took 0.102 seconds
[2025-10-29T20:27:16.994+0530] {processor.py:161} INFO - Started process (PID=23223) to work on /home/logi/txtai/venv/lib/python3.10/site-packages/airflow/example_dags/example_branch_labels.py
[2025-10-29T20:27:17.007+0530] {processor.py:830} INFO - Processing file /home/logi/txtai/venv/lib/python3.10/site-packages/airflow/example_dags/example_branch_labels.py for tasks to queue
[2025-10-29T20:27:17.010+0530] {logging_mixin.py:188} INFO - [2025-10-29T20:27:17.010+0530] {dagbag.py:545} INFO - Filling up the DagBag from /home/logi/txtai/venv/lib/python3.10/site-packages/airflow/example_dags/example_branch_labels.py
[2025-10-29T20:27:17.024+0530] {processor.py:840} INFO - DAG(s) 'example_branch_labels' retrieved from /home/logi/txtai/venv/lib/python3.10/site-packages/airflow/example_dags/example_branch_labels.py
[2025-10-29T20:27:17.053+0530] {logging_mixin.py:188} INFO - [2025-10-29T20:27:17.053+0530] {dag.py:3096} INFO - Sync 1 DAGs
[2025-10-29T20:27:17.072+0530] {logging_mixin.py:188} INFO - [2025-10-29T20:27:17.072+0530] {dag.py:3954} INFO - Setting next_dagrun for example_branch_labels to 2025-10-28 00:00:00+00:00, run_after=2025-10-29 00:00:00+00:00
[2025-10-29T20:27:17.100+0530] {processor.py:183} INFO - Processing /home/logi/txtai/venv/lib/python3.10/site-packages/airflow/example_dags/example_branch_labels.py took 0.118 seconds
[2025-10-29T20:28:30.130+0530] {processor.py:161} INFO - Started process (PID=23345) to work on /home/logi/txtai/venv/lib/python3.10/site-packages/airflow/example_dags/example_branch_labels.py
[2025-10-29T20:28:30.143+0530] {processor.py:830} INFO - Processing file /home/logi/txtai/venv/lib/python3.10/site-packages/airflow/example_dags/example_branch_labels.py for tasks to queue
[2025-10-29T20:28:30.146+0530] {logging_mixin.py:188} INFO - [2025-10-29T20:28:30.145+0530] {dagbag.py:545} INFO - Filling up the DagBag from /home/logi/txtai/venv/lib/python3.10/site-packages/airflow/example_dags/example_branch_labels.py
[2025-10-29T20:28:30.160+0530] {processor.py:840} INFO - DAG(s) 'example_branch_labels' retrieved from /home/logi/txtai/venv/lib/python3.10/site-packages/airflow/example_dags/example_branch_labels.py
[2025-10-29T20:28:30.188+0530] {logging_mixin.py:188} INFO - [2025-10-29T20:28:30.188+0530] {dag.py:3096} INFO - Sync 1 DAGs
[2025-10-29T20:28:30.209+0530] {logging_mixin.py:188} INFO - [2025-10-29T20:28:30.208+0530] {dag.py:3954} INFO - Setting next_dagrun for example_branch_labels to 2025-10-28 00:00:00+00:00, run_after=2025-10-29 00:00:00+00:00
[2025-10-29T20:28:30.236+0530] {processor.py:183} INFO - Processing /home/logi/txtai/venv/lib/python3.10/site-packages/airflow/example_dags/example_branch_labels.py took 0.118 seconds
[2025-10-29T20:29:53.448+0530] {processor.py:161} INFO - Started process (PID=23492) to work on /home/logi/txtai/venv/lib/python3.10/site-packages/airflow/example_dags/example_branch_labels.py
[2025-10-29T20:29:53.461+0530] {processor.py:830} INFO - Processing file /home/logi/txtai/venv/lib/python3.10/site-packages/airflow/example_dags/example_branch_labels.py for tasks to queue
[2025-10-29T20:29:53.465+0530] {logging_mixin.py:188} INFO - [2025-10-29T20:29:53.464+0530] {dagbag.py:545} INFO - Filling up the DagBag from /home/logi/txtai/venv/lib/python3.10/site-packages/airflow/example_dags/example_branch_labels.py
[2025-10-29T20:29:53.481+0530] {processor.py:840} INFO - DAG(s) 'example_branch_labels' retrieved from /home/logi/txtai/venv/lib/python3.10/site-packages/airflow/example_dags/example_branch_labels.py
[2025-10-29T20:29:53.506+0530] {logging_mixin.py:188} INFO - [2025-10-29T20:29:53.505+0530] {dag.py:3096} INFO - Sync 1 DAGs
[2025-10-29T20:29:53.528+0530] {logging_mixin.py:188} INFO - [2025-10-29T20:29:53.527+0530] {dag.py:3954} INFO - Setting next_dagrun for example_branch_labels to 2025-10-28 00:00:00+00:00, run_after=2025-10-29 00:00:00+00:00
[2025-10-29T20:29:53.546+0530] {processor.py:183} INFO - Processing /home/logi/txtai/venv/lib/python3.10/site-packages/airflow/example_dags/example_branch_labels.py took 0.113 seconds
[2025-10-29T20:31:10.890+0530] {processor.py:161} INFO - Started process (PID=23596) to work on /home/logi/txtai/venv/lib/python3.10/site-packages/airflow/example_dags/example_branch_labels.py
[2025-10-29T20:31:10.893+0530] {processor.py:830} INFO - Processing file /home/logi/txtai/venv/lib/python3.10/site-packages/airflow/example_dags/example_branch_labels.py for tasks to queue
[2025-10-29T20:31:10.896+0530] {logging_mixin.py:188} INFO - [2025-10-29T20:31:10.895+0530] {dagbag.py:545} INFO - Filling up the DagBag from /home/logi/txtai/venv/lib/python3.10/site-packages/airflow/example_dags/example_branch_labels.py
[2025-10-29T20:31:10.910+0530] {processor.py:840} INFO - DAG(s) 'example_branch_labels' retrieved from /home/logi/txtai/venv/lib/python3.10/site-packages/airflow/example_dags/example_branch_labels.py
[2025-10-29T20:31:10.937+0530] {logging_mixin.py:188} INFO - [2025-10-29T20:31:10.937+0530] {dag.py:3096} INFO - Sync 1 DAGs
[2025-10-29T20:31:10.957+0530] {logging_mixin.py:188} INFO - [2025-10-29T20:31:10.956+0530] {dag.py:3954} INFO - Setting next_dagrun for example_branch_labels to 2025-10-28 00:00:00+00:00, run_after=2025-10-29 00:00:00+00:00
[2025-10-29T20:31:10.977+0530] {processor.py:183} INFO - Processing /home/logi/txtai/venv/lib/python3.10/site-packages/airflow/example_dags/example_branch_labels.py took 0.098 seconds
[2025-10-29T20:32:28.806+0530] {processor.py:161} INFO - Started process (PID=23704) to work on /home/logi/txtai/venv/lib/python3.10/site-packages/airflow/example_dags/example_branch_labels.py
[2025-10-29T20:32:28.820+0530] {processor.py:830} INFO - Processing file /home/logi/txtai/venv/lib/python3.10/site-packages/airflow/example_dags/example_branch_labels.py for tasks to queue
[2025-10-29T20:32:28.823+0530] {logging_mixin.py:188} INFO - [2025-10-29T20:32:28.822+0530] {dagbag.py:545} INFO - Filling up the DagBag from /home/logi/txtai/venv/lib/python3.10/site-packages/airflow/example_dags/example_branch_labels.py
[2025-10-29T20:32:28.837+0530] {processor.py:840} INFO - DAG(s) 'example_branch_labels' retrieved from /home/logi/txtai/venv/lib/python3.10/site-packages/airflow/example_dags/example_branch_labels.py
[2025-10-29T20:32:28.868+0530] {logging_mixin.py:188} INFO - [2025-10-29T20:32:28.868+0530] {dag.py:3096} INFO - Sync 1 DAGs
[2025-10-29T20:32:28.888+0530] {logging_mixin.py:188} INFO - [2025-10-29T20:32:28.887+0530] {dag.py:3954} INFO - Setting next_dagrun for example_branch_labels to 2025-10-28 00:00:00+00:00, run_after=2025-10-29 00:00:00+00:00
[2025-10-29T20:32:28.915+0530] {processor.py:183} INFO - Processing /home/logi/txtai/venv/lib/python3.10/site-packages/airflow/example_dags/example_branch_labels.py took 0.120 seconds
[2025-10-29T20:33:49.164+0530] {processor.py:161} INFO - Started process (PID=23817) to work on /home/logi/txtai/venv/lib/python3.10/site-packages/airflow/example_dags/example_branch_labels.py
[2025-10-29T20:33:49.178+0530] {processor.py:830} INFO - Processing file /home/logi/txtai/venv/lib/python3.10/site-packages/airflow/example_dags/example_branch_labels.py for tasks to queue
[2025-10-29T20:33:49.181+0530] {logging_mixin.py:188} INFO - [2025-10-29T20:33:49.180+0530] {dagbag.py:545} INFO - Filling up the DagBag from /home/logi/txtai/venv/lib/python3.10/site-packages/airflow/example_dags/example_branch_labels.py
[2025-10-29T20:33:49.195+0530] {processor.py:840} INFO - DAG(s) 'example_branch_labels' retrieved from /home/logi/txtai/venv/lib/python3.10/site-packages/airflow/example_dags/example_branch_labels.py
[2025-10-29T20:33:49.225+0530] {logging_mixin.py:188} INFO - [2025-10-29T20:33:49.224+0530] {dag.py:3096} INFO - Sync 1 DAGs
[2025-10-29T20:33:49.244+0530] {logging_mixin.py:188} INFO - [2025-10-29T20:33:49.243+0530] {dag.py:3954} INFO - Setting next_dagrun for example_branch_labels to 2025-10-28 00:00:00+00:00, run_after=2025-10-29 00:00:00+00:00
[2025-10-29T20:33:49.263+0530] {processor.py:183} INFO - Processing /home/logi/txtai/venv/lib/python3.10/site-packages/airflow/example_dags/example_branch_labels.py took 0.111 seconds
[2025-10-29T20:35:02.824+0530] {processor.py:161} INFO - Started process (PID=23960) to work on /home/logi/txtai/venv/lib/python3.10/site-packages/airflow/example_dags/example_branch_labels.py
[2025-10-29T20:35:02.838+0530] {processor.py:830} INFO - Processing file /home/logi/txtai/venv/lib/python3.10/site-packages/airflow/example_dags/example_branch_labels.py for tasks to queue
[2025-10-29T20:35:02.841+0530] {logging_mixin.py:188} INFO - [2025-10-29T20:35:02.840+0530] {dagbag.py:545} INFO - Filling up the DagBag from /home/logi/txtai/venv/lib/python3.10/site-packages/airflow/example_dags/example_branch_labels.py
[2025-10-29T20:35:02.855+0530] {processor.py:840} INFO - DAG(s) 'example_branch_labels' retrieved from /home/logi/txtai/venv/lib/python3.10/site-packages/airflow/example_dags/example_branch_labels.py
[2025-10-29T20:35:02.884+0530] {logging_mixin.py:188} INFO - [2025-10-29T20:35:02.884+0530] {dag.py:3096} INFO - Sync 1 DAGs
[2025-10-29T20:35:02.903+0530] {logging_mixin.py:188} INFO - [2025-10-29T20:35:02.903+0530] {dag.py:3954} INFO - Setting next_dagrun for example_branch_labels to 2025-10-28 00:00:00+00:00, run_after=2025-10-29 00:00:00+00:00
[2025-10-29T20:35:02.925+0530] {processor.py:183} INFO - Processing /home/logi/txtai/venv/lib/python3.10/site-packages/airflow/example_dags/example_branch_labels.py took 0.112 seconds
[2025-10-29T20:36:21.443+0530] {processor.py:161} INFO - Started process (PID=24061) to work on /home/logi/txtai/venv/lib/python3.10/site-packages/airflow/example_dags/example_branch_labels.py
[2025-10-29T20:36:21.458+0530] {processor.py:830} INFO - Processing file /home/logi/txtai/venv/lib/python3.10/site-packages/airflow/example_dags/example_branch_labels.py for tasks to queue
[2025-10-29T20:36:21.462+0530] {logging_mixin.py:188} INFO - [2025-10-29T20:36:21.461+0530] {dagbag.py:545} INFO - Filling up the DagBag from /home/logi/txtai/venv/lib/python3.10/site-packages/airflow/example_dags/example_branch_labels.py
[2025-10-29T20:36:21.487+0530] {processor.py:840} INFO - DAG(s) 'example_branch_labels' retrieved from /home/logi/txtai/venv/lib/python3.10/site-packages/airflow/example_dags/example_branch_labels.py
[2025-10-29T20:36:21.524+0530] {logging_mixin.py:188} INFO - [2025-10-29T20:36:21.524+0530] {dag.py:3096} INFO - Sync 1 DAGs
[2025-10-29T20:36:21.543+0530] {logging_mixin.py:188} INFO - [2025-10-29T20:36:21.543+0530] {dag.py:3954} INFO - Setting next_dagrun for example_branch_labels to 2025-10-28 00:00:00+00:00, run_after=2025-10-29 00:00:00+00:00
[2025-10-29T20:36:21.566+0530] {processor.py:183} INFO - Processing /home/logi/txtai/venv/lib/python3.10/site-packages/airflow/example_dags/example_branch_labels.py took 0.140 seconds
[2025-10-29T20:37:42.914+0530] {processor.py:161} INFO - Started process (PID=24214) to work on /home/logi/txtai/venv/lib/python3.10/site-packages/airflow/example_dags/example_branch_labels.py
[2025-10-29T20:37:42.928+0530] {processor.py:830} INFO - Processing file /home/logi/txtai/venv/lib/python3.10/site-packages/airflow/example_dags/example_branch_labels.py for tasks to queue
[2025-10-29T20:37:42.931+0530] {logging_mixin.py:188} INFO - [2025-10-29T20:37:42.930+0530] {dagbag.py:545} INFO - Filling up the DagBag from /home/logi/txtai/venv/lib/python3.10/site-packages/airflow/example_dags/example_branch_labels.py
[2025-10-29T20:37:42.945+0530] {processor.py:840} INFO - DAG(s) 'example_branch_labels' retrieved from /home/logi/txtai/venv/lib/python3.10/site-packages/airflow/example_dags/example_branch_labels.py
[2025-10-29T20:37:42.973+0530] {logging_mixin.py:188} INFO - [2025-10-29T20:37:42.972+0530] {dag.py:3096} INFO - Sync 1 DAGs
[2025-10-29T20:37:42.994+0530] {logging_mixin.py:188} INFO - [2025-10-29T20:37:42.993+0530] {dag.py:3954} INFO - Setting next_dagrun for example_branch_labels to 2025-10-28 00:00:00+00:00, run_after=2025-10-29 00:00:00+00:00
[2025-10-29T20:37:43.023+0530] {processor.py:183} INFO - Processing /home/logi/txtai/venv/lib/python3.10/site-packages/airflow/example_dags/example_branch_labels.py took 0.121 seconds
