[2025-10-29T19:30:20.186+0530] {processor.py:161} INFO - Started process (PID=16366) to work on /home/logi/txtai/venv/lib/python3.10/site-packages/airflow/example_dags/example_branch_operator.py
[2025-10-29T19:30:20.187+0530] {processor.py:830} INFO - Processing file /home/logi/txtai/venv/lib/python3.10/site-packages/airflow/example_dags/example_branch_operator.py for tasks to queue
[2025-10-29T19:30:20.189+0530] {logging_mixin.py:188} INFO - [2025-10-29T19:30:20.189+0530] {dagbag.py:545} INFO - Filling up the DagBag from /home/logi/txtai/venv/lib/python3.10/site-packages/airflow/example_dags/example_branch_operator.py
[2025-10-29T19:30:20.193+0530] {processor.py:842} WARNING - No viable dags retrieved from /home/logi/txtai/venv/lib/python3.10/site-packages/airflow/example_dags/example_branch_operator.py
[2025-10-29T19:30:20.208+0530] {processor.py:183} INFO - Processing /home/logi/txtai/venv/lib/python3.10/site-packages/airflow/example_dags/example_branch_operator.py took 0.030 seconds
[2025-10-29T19:31:14.320+0530] {processor.py:161} INFO - Started process (PID=16576) to work on /home/logi/txtai/venv/lib/python3.10/site-packages/airflow/example_dags/example_branch_operator.py
[2025-10-29T19:31:14.332+0530] {processor.py:830} INFO - Processing file /home/logi/txtai/venv/lib/python3.10/site-packages/airflow/example_dags/example_branch_operator.py for tasks to queue
[2025-10-29T19:31:14.334+0530] {logging_mixin.py:188} INFO - [2025-10-29T19:31:14.334+0530] {dagbag.py:545} INFO - Filling up the DagBag from /home/logi/txtai/venv/lib/python3.10/site-packages/airflow/example_dags/example_branch_operator.py
[2025-10-29T19:31:14.337+0530] {processor.py:842} WARNING - No viable dags retrieved from /home/logi/txtai/venv/lib/python3.10/site-packages/airflow/example_dags/example_branch_operator.py
[2025-10-29T19:31:14.349+0530] {processor.py:183} INFO - Processing /home/logi/txtai/venv/lib/python3.10/site-packages/airflow/example_dags/example_branch_operator.py took 0.036 seconds
[2025-10-29T19:32:22.062+0530] {processor.py:161} INFO - Started process (PID=16683) to work on /home/logi/txtai/venv/lib/python3.10/site-packages/airflow/example_dags/example_branch_operator.py
[2025-10-29T19:32:22.075+0530] {processor.py:830} INFO - Processing file /home/logi/txtai/venv/lib/python3.10/site-packages/airflow/example_dags/example_branch_operator.py for tasks to queue
[2025-10-29T19:32:22.077+0530] {logging_mixin.py:188} INFO - [2025-10-29T19:32:22.077+0530] {dagbag.py:545} INFO - Filling up the DagBag from /home/logi/txtai/venv/lib/python3.10/site-packages/airflow/example_dags/example_branch_operator.py
[2025-10-29T19:32:22.080+0530] {processor.py:842} WARNING - No viable dags retrieved from /home/logi/txtai/venv/lib/python3.10/site-packages/airflow/example_dags/example_branch_operator.py
[2025-10-29T19:32:22.090+0530] {processor.py:183} INFO - Processing /home/logi/txtai/venv/lib/python3.10/site-packages/airflow/example_dags/example_branch_operator.py took 0.034 seconds
[2025-10-29T19:33:36.379+0530] {processor.py:161} INFO - Started process (PID=16863) to work on /home/logi/txtai/venv/lib/python3.10/site-packages/airflow/example_dags/example_branch_operator.py
[2025-10-29T19:33:36.381+0530] {processor.py:830} INFO - Processing file /home/logi/txtai/venv/lib/python3.10/site-packages/airflow/example_dags/example_branch_operator.py for tasks to queue
[2025-10-29T19:33:36.384+0530] {logging_mixin.py:188} INFO - [2025-10-29T19:33:36.383+0530] {dagbag.py:545} INFO - Filling up the DagBag from /home/logi/txtai/venv/lib/python3.10/site-packages/airflow/example_dags/example_branch_operator.py
[2025-10-29T19:33:36.389+0530] {processor.py:842} WARNING - No viable dags retrieved from /home/logi/txtai/venv/lib/python3.10/site-packages/airflow/example_dags/example_branch_operator.py
[2025-10-29T19:33:36.407+0530] {processor.py:183} INFO - Processing /home/logi/txtai/venv/lib/python3.10/site-packages/airflow/example_dags/example_branch_operator.py took 0.039 seconds
[2025-10-29T19:34:49.089+0530] {processor.py:161} INFO - Started process (PID=16993) to work on /home/logi/txtai/venv/lib/python3.10/site-packages/airflow/example_dags/example_branch_operator.py
[2025-10-29T19:34:49.102+0530] {processor.py:830} INFO - Processing file /home/logi/txtai/venv/lib/python3.10/site-packages/airflow/example_dags/example_branch_operator.py for tasks to queue
[2025-10-29T19:34:49.105+0530] {logging_mixin.py:188} INFO - [2025-10-29T19:34:49.104+0530] {dagbag.py:545} INFO - Filling up the DagBag from /home/logi/txtai/venv/lib/python3.10/site-packages/airflow/example_dags/example_branch_operator.py
[2025-10-29T19:34:49.109+0530] {processor.py:842} WARNING - No viable dags retrieved from /home/logi/txtai/venv/lib/python3.10/site-packages/airflow/example_dags/example_branch_operator.py
[2025-10-29T19:34:49.127+0530] {processor.py:183} INFO - Processing /home/logi/txtai/venv/lib/python3.10/site-packages/airflow/example_dags/example_branch_operator.py took 0.050 seconds
[2025-10-29T19:36:04.013+0530] {processor.py:161} INFO - Started process (PID=17083) to work on /home/logi/txtai/venv/lib/python3.10/site-packages/airflow/example_dags/example_branch_operator.py
[2025-10-29T19:36:04.026+0530] {processor.py:830} INFO - Processing file /home/logi/txtai/venv/lib/python3.10/site-packages/airflow/example_dags/example_branch_operator.py for tasks to queue
[2025-10-29T19:36:04.029+0530] {logging_mixin.py:188} INFO - [2025-10-29T19:36:04.029+0530] {dagbag.py:545} INFO - Filling up the DagBag from /home/logi/txtai/venv/lib/python3.10/site-packages/airflow/example_dags/example_branch_operator.py
[2025-10-29T19:36:04.034+0530] {processor.py:842} WARNING - No viable dags retrieved from /home/logi/txtai/venv/lib/python3.10/site-packages/airflow/example_dags/example_branch_operator.py
[2025-10-29T19:36:04.052+0530] {processor.py:183} INFO - Processing /home/logi/txtai/venv/lib/python3.10/site-packages/airflow/example_dags/example_branch_operator.py took 0.050 seconds
[2025-10-29T19:36:59.022+0530] {processor.py:161} INFO - Started process (PID=17362) to work on /home/logi/txtai/venv/lib/python3.10/site-packages/airflow/example_dags/example_branch_operator.py
[2025-10-29T19:36:59.036+0530] {processor.py:830} INFO - Processing file /home/logi/txtai/venv/lib/python3.10/site-packages/airflow/example_dags/example_branch_operator.py for tasks to queue
[2025-10-29T19:36:59.039+0530] {logging_mixin.py:188} INFO - [2025-10-29T19:36:59.038+0530] {dagbag.py:545} INFO - Filling up the DagBag from /home/logi/txtai/venv/lib/python3.10/site-packages/airflow/example_dags/example_branch_operator.py
[2025-10-29T19:36:59.044+0530] {processor.py:842} WARNING - No viable dags retrieved from /home/logi/txtai/venv/lib/python3.10/site-packages/airflow/example_dags/example_branch_operator.py
[2025-10-29T19:36:59.062+0530] {processor.py:183} INFO - Processing /home/logi/txtai/venv/lib/python3.10/site-packages/airflow/example_dags/example_branch_operator.py took 0.051 seconds
[2025-10-29T19:38:16.340+0530] {processor.py:161} INFO - Started process (PID=17461) to work on /home/logi/txtai/venv/lib/python3.10/site-packages/airflow/example_dags/example_branch_operator.py
[2025-10-29T19:38:16.354+0530] {processor.py:830} INFO - Processing file /home/logi/txtai/venv/lib/python3.10/site-packages/airflow/example_dags/example_branch_operator.py for tasks to queue
[2025-10-29T19:38:16.357+0530] {logging_mixin.py:188} INFO - [2025-10-29T19:38:16.356+0530] {dagbag.py:545} INFO - Filling up the DagBag from /home/logi/txtai/venv/lib/python3.10/site-packages/airflow/example_dags/example_branch_operator.py
[2025-10-29T19:38:16.362+0530] {processor.py:842} WARNING - No viable dags retrieved from /home/logi/txtai/venv/lib/python3.10/site-packages/airflow/example_dags/example_branch_operator.py
[2025-10-29T19:38:16.381+0530] {processor.py:183} INFO - Processing /home/logi/txtai/venv/lib/python3.10/site-packages/airflow/example_dags/example_branch_operator.py took 0.052 seconds
[2025-10-29T19:39:36.399+0530] {processor.py:161} INFO - Started process (PID=17583) to work on /home/logi/txtai/venv/lib/python3.10/site-packages/airflow/example_dags/example_branch_operator.py
[2025-10-29T19:39:36.412+0530] {processor.py:830} INFO - Processing file /home/logi/txtai/venv/lib/python3.10/site-packages/airflow/example_dags/example_branch_operator.py for tasks to queue
[2025-10-29T19:39:36.415+0530] {logging_mixin.py:188} INFO - [2025-10-29T19:39:36.414+0530] {dagbag.py:545} INFO - Filling up the DagBag from /home/logi/txtai/venv/lib/python3.10/site-packages/airflow/example_dags/example_branch_operator.py
[2025-10-29T19:39:36.419+0530] {processor.py:842} WARNING - No viable dags retrieved from /home/logi/txtai/venv/lib/python3.10/site-packages/airflow/example_dags/example_branch_operator.py
[2025-10-29T19:39:36.437+0530] {processor.py:183} INFO - Processing /home/logi/txtai/venv/lib/python3.10/site-packages/airflow/example_dags/example_branch_operator.py took 0.050 seconds
[2025-10-29T19:40:51.027+0530] {processor.py:161} INFO - Started process (PID=17801) to work on /home/logi/txtai/venv/lib/python3.10/site-packages/airflow/example_dags/example_branch_operator.py
[2025-10-29T19:40:51.040+0530] {processor.py:830} INFO - Processing file /home/logi/txtai/venv/lib/python3.10/site-packages/airflow/example_dags/example_branch_operator.py for tasks to queue
[2025-10-29T19:40:51.042+0530] {logging_mixin.py:188} INFO - [2025-10-29T19:40:51.042+0530] {dagbag.py:545} INFO - Filling up the DagBag from /home/logi/txtai/venv/lib/python3.10/site-packages/airflow/example_dags/example_branch_operator.py
[2025-10-29T19:40:51.047+0530] {processor.py:842} WARNING - No viable dags retrieved from /home/logi/txtai/venv/lib/python3.10/site-packages/airflow/example_dags/example_branch_operator.py
[2025-10-29T19:40:51.066+0530] {processor.py:183} INFO - Processing /home/logi/txtai/venv/lib/python3.10/site-packages/airflow/example_dags/example_branch_operator.py took 0.046 seconds
[2025-10-29T19:42:05.951+0530] {processor.py:161} INFO - Started process (PID=17973) to work on /home/logi/txtai/venv/lib/python3.10/site-packages/airflow/example_dags/example_branch_operator.py
[2025-10-29T19:42:05.953+0530] {processor.py:830} INFO - Processing file /home/logi/txtai/venv/lib/python3.10/site-packages/airflow/example_dags/example_branch_operator.py for tasks to queue
[2025-10-29T19:42:05.955+0530] {logging_mixin.py:188} INFO - [2025-10-29T19:42:05.955+0530] {dagbag.py:545} INFO - Filling up the DagBag from /home/logi/txtai/venv/lib/python3.10/site-packages/airflow/example_dags/example_branch_operator.py
[2025-10-29T19:42:05.958+0530] {processor.py:842} WARNING - No viable dags retrieved from /home/logi/txtai/venv/lib/python3.10/site-packages/airflow/example_dags/example_branch_operator.py
[2025-10-29T19:42:05.970+0530] {processor.py:183} INFO - Processing /home/logi/txtai/venv/lib/python3.10/site-packages/airflow/example_dags/example_branch_operator.py took 0.026 seconds
[2025-10-29T19:43:00.753+0530] {processor.py:161} INFO - Started process (PID=18039) to work on /home/logi/txtai/venv/lib/python3.10/site-packages/airflow/example_dags/example_branch_operator.py
[2025-10-29T19:43:00.766+0530] {processor.py:830} INFO - Processing file /home/logi/txtai/venv/lib/python3.10/site-packages/airflow/example_dags/example_branch_operator.py for tasks to queue
[2025-10-29T19:43:00.769+0530] {logging_mixin.py:188} INFO - [2025-10-29T19:43:00.768+0530] {dagbag.py:545} INFO - Filling up the DagBag from /home/logi/txtai/venv/lib/python3.10/site-packages/airflow/example_dags/example_branch_operator.py
[2025-10-29T19:43:00.774+0530] {processor.py:842} WARNING - No viable dags retrieved from /home/logi/txtai/venv/lib/python3.10/site-packages/airflow/example_dags/example_branch_operator.py
[2025-10-29T19:43:00.792+0530] {processor.py:183} INFO - Processing /home/logi/txtai/venv/lib/python3.10/site-packages/airflow/example_dags/example_branch_operator.py took 0.051 seconds
[2025-10-29T19:44:19.712+0530] {processor.py:161} INFO - Started process (PID=18171) to work on /home/logi/txtai/venv/lib/python3.10/site-packages/airflow/example_dags/example_branch_operator.py
[2025-10-29T19:44:19.726+0530] {processor.py:830} INFO - Processing file /home/logi/txtai/venv/lib/python3.10/site-packages/airflow/example_dags/example_branch_operator.py for tasks to queue
[2025-10-29T19:44:19.729+0530] {logging_mixin.py:188} INFO - [2025-10-29T19:44:19.729+0530] {dagbag.py:545} INFO - Filling up the DagBag from /home/logi/txtai/venv/lib/python3.10/site-packages/airflow/example_dags/example_branch_operator.py
[2025-10-29T19:44:19.735+0530] {processor.py:842} WARNING - No viable dags retrieved from /home/logi/txtai/venv/lib/python3.10/site-packages/airflow/example_dags/example_branch_operator.py
[2025-10-29T19:44:19.754+0530] {processor.py:183} INFO - Processing /home/logi/txtai/venv/lib/python3.10/site-packages/airflow/example_dags/example_branch_operator.py took 0.055 seconds
[2025-10-29T19:45:40.071+0530] {processor.py:161} INFO - Started process (PID=18309) to work on /home/logi/txtai/venv/lib/python3.10/site-packages/airflow/example_dags/example_branch_operator.py
[2025-10-29T19:45:40.085+0530] {processor.py:830} INFO - Processing file /home/logi/txtai/venv/lib/python3.10/site-packages/airflow/example_dags/example_branch_operator.py for tasks to queue
[2025-10-29T19:45:40.088+0530] {logging_mixin.py:188} INFO - [2025-10-29T19:45:40.088+0530] {dagbag.py:545} INFO - Filling up the DagBag from /home/logi/txtai/venv/lib/python3.10/site-packages/airflow/example_dags/example_branch_operator.py
[2025-10-29T19:45:40.093+0530] {processor.py:842} WARNING - No viable dags retrieved from /home/logi/txtai/venv/lib/python3.10/site-packages/airflow/example_dags/example_branch_operator.py
[2025-10-29T19:45:40.114+0530] {processor.py:183} INFO - Processing /home/logi/txtai/venv/lib/python3.10/site-packages/airflow/example_dags/example_branch_operator.py took 0.055 seconds
[2025-10-29T19:46:35.021+0530] {processor.py:161} INFO - Started process (PID=18374) to work on /home/logi/txtai/venv/lib/python3.10/site-packages/airflow/example_dags/example_branch_operator.py
[2025-10-29T19:46:35.035+0530] {processor.py:830} INFO - Processing file /home/logi/txtai/venv/lib/python3.10/site-packages/airflow/example_dags/example_branch_operator.py for tasks to queue
[2025-10-29T19:46:35.038+0530] {logging_mixin.py:188} INFO - [2025-10-29T19:46:35.037+0530] {dagbag.py:545} INFO - Filling up the DagBag from /home/logi/txtai/venv/lib/python3.10/site-packages/airflow/example_dags/example_branch_operator.py
[2025-10-29T19:46:35.043+0530] {processor.py:842} WARNING - No viable dags retrieved from /home/logi/txtai/venv/lib/python3.10/site-packages/airflow/example_dags/example_branch_operator.py
[2025-10-29T19:46:35.064+0530] {processor.py:183} INFO - Processing /home/logi/txtai/venv/lib/python3.10/site-packages/airflow/example_dags/example_branch_operator.py took 0.055 seconds
[2025-10-29T19:47:55.818+0530] {processor.py:161} INFO - Started process (PID=18477) to work on /home/logi/txtai/venv/lib/python3.10/site-packages/airflow/example_dags/example_branch_operator.py
[2025-10-29T19:47:55.833+0530] {processor.py:830} INFO - Processing file /home/logi/txtai/venv/lib/python3.10/site-packages/airflow/example_dags/example_branch_operator.py for tasks to queue
[2025-10-29T19:47:55.836+0530] {logging_mixin.py:188} INFO - [2025-10-29T19:47:55.835+0530] {dagbag.py:545} INFO - Filling up the DagBag from /home/logi/txtai/venv/lib/python3.10/site-packages/airflow/example_dags/example_branch_operator.py
[2025-10-29T19:47:55.841+0530] {processor.py:842} WARNING - No viable dags retrieved from /home/logi/txtai/venv/lib/python3.10/site-packages/airflow/example_dags/example_branch_operator.py
[2025-10-29T19:47:55.860+0530] {processor.py:183} INFO - Processing /home/logi/txtai/venv/lib/python3.10/site-packages/airflow/example_dags/example_branch_operator.py took 0.054 seconds
[2025-10-29T19:49:19.509+0530] {processor.py:161} INFO - Started process (PID=18654) to work on /home/logi/txtai/venv/lib/python3.10/site-packages/airflow/example_dags/example_branch_operator.py
[2025-10-29T19:49:19.511+0530] {processor.py:830} INFO - Processing file /home/logi/txtai/venv/lib/python3.10/site-packages/airflow/example_dags/example_branch_operator.py for tasks to queue
[2025-10-29T19:49:19.514+0530] {logging_mixin.py:188} INFO - [2025-10-29T19:49:19.514+0530] {dagbag.py:545} INFO - Filling up the DagBag from /home/logi/txtai/venv/lib/python3.10/site-packages/airflow/example_dags/example_branch_operator.py
[2025-10-29T19:49:19.519+0530] {processor.py:842} WARNING - No viable dags retrieved from /home/logi/txtai/venv/lib/python3.10/site-packages/airflow/example_dags/example_branch_operator.py
[2025-10-29T19:49:19.539+0530] {processor.py:183} INFO - Processing /home/logi/txtai/venv/lib/python3.10/site-packages/airflow/example_dags/example_branch_operator.py took 0.041 seconds
[2025-10-29T19:50:14.664+0530] {processor.py:161} INFO - Started process (PID=18747) to work on /home/logi/txtai/venv/lib/python3.10/site-packages/airflow/example_dags/example_branch_operator.py
[2025-10-29T19:50:14.678+0530] {processor.py:830} INFO - Processing file /home/logi/txtai/venv/lib/python3.10/site-packages/airflow/example_dags/example_branch_operator.py for tasks to queue
[2025-10-29T19:50:14.682+0530] {logging_mixin.py:188} INFO - [2025-10-29T19:50:14.681+0530] {dagbag.py:545} INFO - Filling up the DagBag from /home/logi/txtai/venv/lib/python3.10/site-packages/airflow/example_dags/example_branch_operator.py
[2025-10-29T19:50:14.686+0530] {processor.py:842} WARNING - No viable dags retrieved from /home/logi/txtai/venv/lib/python3.10/site-packages/airflow/example_dags/example_branch_operator.py
[2025-10-29T19:50:14.705+0530] {processor.py:183} INFO - Processing /home/logi/txtai/venv/lib/python3.10/site-packages/airflow/example_dags/example_branch_operator.py took 0.053 seconds
[2025-10-29T19:51:35.153+0530] {processor.py:161} INFO - Started process (PID=18882) to work on /home/logi/txtai/venv/lib/python3.10/site-packages/airflow/example_dags/example_branch_operator.py
[2025-10-29T19:51:35.156+0530] {processor.py:830} INFO - Processing file /home/logi/txtai/venv/lib/python3.10/site-packages/airflow/example_dags/example_branch_operator.py for tasks to queue
[2025-10-29T19:51:35.159+0530] {logging_mixin.py:188} INFO - [2025-10-29T19:51:35.159+0530] {dagbag.py:545} INFO - Filling up the DagBag from /home/logi/txtai/venv/lib/python3.10/site-packages/airflow/example_dags/example_branch_operator.py
[2025-10-29T19:51:35.164+0530] {processor.py:842} WARNING - No viable dags retrieved from /home/logi/txtai/venv/lib/python3.10/site-packages/airflow/example_dags/example_branch_operator.py
[2025-10-29T19:51:35.182+0530] {processor.py:183} INFO - Processing /home/logi/txtai/venv/lib/python3.10/site-packages/airflow/example_dags/example_branch_operator.py took 0.040 seconds
[2025-10-29T19:52:52.112+0530] {processor.py:161} INFO - Started process (PID=18972) to work on /home/logi/txtai/venv/lib/python3.10/site-packages/airflow/example_dags/example_branch_operator.py
[2025-10-29T19:52:52.126+0530] {processor.py:830} INFO - Processing file /home/logi/txtai/venv/lib/python3.10/site-packages/airflow/example_dags/example_branch_operator.py for tasks to queue
[2025-10-29T19:52:52.129+0530] {logging_mixin.py:188} INFO - [2025-10-29T19:52:52.128+0530] {dagbag.py:545} INFO - Filling up the DagBag from /home/logi/txtai/venv/lib/python3.10/site-packages/airflow/example_dags/example_branch_operator.py
[2025-10-29T19:52:52.134+0530] {processor.py:842} WARNING - No viable dags retrieved from /home/logi/txtai/venv/lib/python3.10/site-packages/airflow/example_dags/example_branch_operator.py
[2025-10-29T19:52:52.154+0530] {processor.py:183} INFO - Processing /home/logi/txtai/venv/lib/python3.10/site-packages/airflow/example_dags/example_branch_operator.py took 0.054 seconds
[2025-10-29T19:54:09.368+0530] {processor.py:161} INFO - Started process (PID=19082) to work on /home/logi/txtai/venv/lib/python3.10/site-packages/airflow/example_dags/example_branch_operator.py
[2025-10-29T19:54:09.382+0530] {processor.py:830} INFO - Processing file /home/logi/txtai/venv/lib/python3.10/site-packages/airflow/example_dags/example_branch_operator.py for tasks to queue
[2025-10-29T19:54:09.385+0530] {logging_mixin.py:188} INFO - [2025-10-29T19:54:09.385+0530] {dagbag.py:545} INFO - Filling up the DagBag from /home/logi/txtai/venv/lib/python3.10/site-packages/airflow/example_dags/example_branch_operator.py
[2025-10-29T19:54:09.390+0530] {processor.py:842} WARNING - No viable dags retrieved from /home/logi/txtai/venv/lib/python3.10/site-packages/airflow/example_dags/example_branch_operator.py
[2025-10-29T19:54:09.410+0530] {processor.py:183} INFO - Processing /home/logi/txtai/venv/lib/python3.10/site-packages/airflow/example_dags/example_branch_operator.py took 0.054 seconds
[2025-10-29T19:55:05.619+0530] {processor.py:161} INFO - Started process (PID=19178) to work on /home/logi/txtai/venv/lib/python3.10/site-packages/airflow/example_dags/example_branch_operator.py
[2025-10-29T19:55:05.621+0530] {processor.py:830} INFO - Processing file /home/logi/txtai/venv/lib/python3.10/site-packages/airflow/example_dags/example_branch_operator.py for tasks to queue
[2025-10-29T19:55:05.623+0530] {logging_mixin.py:188} INFO - [2025-10-29T19:55:05.623+0530] {dagbag.py:545} INFO - Filling up the DagBag from /home/logi/txtai/venv/lib/python3.10/site-packages/airflow/example_dags/example_branch_operator.py
[2025-10-29T19:55:05.628+0530] {processor.py:842} WARNING - No viable dags retrieved from /home/logi/txtai/venv/lib/python3.10/site-packages/airflow/example_dags/example_branch_operator.py
[2025-10-29T19:55:05.646+0530] {processor.py:183} INFO - Processing /home/logi/txtai/venv/lib/python3.10/site-packages/airflow/example_dags/example_branch_operator.py took 0.039 seconds
[2025-10-29T19:56:00.521+0530] {processor.py:161} INFO - Started process (PID=19246) to work on /home/logi/txtai/venv/lib/python3.10/site-packages/airflow/example_dags/example_branch_operator.py
[2025-10-29T19:56:00.534+0530] {processor.py:830} INFO - Processing file /home/logi/txtai/venv/lib/python3.10/site-packages/airflow/example_dags/example_branch_operator.py for tasks to queue
[2025-10-29T19:56:00.538+0530] {logging_mixin.py:188} INFO - [2025-10-29T19:56:00.537+0530] {dagbag.py:545} INFO - Filling up the DagBag from /home/logi/txtai/venv/lib/python3.10/site-packages/airflow/example_dags/example_branch_operator.py
[2025-10-29T19:56:00.542+0530] {processor.py:842} WARNING - No viable dags retrieved from /home/logi/txtai/venv/lib/python3.10/site-packages/airflow/example_dags/example_branch_operator.py
[2025-10-29T19:56:00.560+0530] {processor.py:183} INFO - Processing /home/logi/txtai/venv/lib/python3.10/site-packages/airflow/example_dags/example_branch_operator.py took 0.052 seconds
[2025-10-29T19:57:22.230+0530] {processor.py:161} INFO - Started process (PID=19366) to work on /home/logi/txtai/venv/lib/python3.10/site-packages/airflow/example_dags/example_branch_operator.py
[2025-10-29T19:57:22.232+0530] {processor.py:830} INFO - Processing file /home/logi/txtai/venv/lib/python3.10/site-packages/airflow/example_dags/example_branch_operator.py for tasks to queue
[2025-10-29T19:57:22.234+0530] {logging_mixin.py:188} INFO - [2025-10-29T19:57:22.234+0530] {dagbag.py:545} INFO - Filling up the DagBag from /home/logi/txtai/venv/lib/python3.10/site-packages/airflow/example_dags/example_branch_operator.py
[2025-10-29T19:57:22.238+0530] {processor.py:842} WARNING - No viable dags retrieved from /home/logi/txtai/venv/lib/python3.10/site-packages/airflow/example_dags/example_branch_operator.py
[2025-10-29T19:57:22.254+0530] {processor.py:183} INFO - Processing /home/logi/txtai/venv/lib/python3.10/site-packages/airflow/example_dags/example_branch_operator.py took 0.037 seconds
[2025-10-29T19:58:18.494+0530] {processor.py:161} INFO - Started process (PID=19551) to work on /home/logi/txtai/venv/lib/python3.10/site-packages/airflow/example_dags/example_branch_operator.py
[2025-10-29T19:58:18.508+0530] {processor.py:830} INFO - Processing file /home/logi/txtai/venv/lib/python3.10/site-packages/airflow/example_dags/example_branch_operator.py for tasks to queue
[2025-10-29T19:58:18.516+0530] {logging_mixin.py:188} INFO - [2025-10-29T19:58:18.515+0530] {dagbag.py:545} INFO - Filling up the DagBag from /home/logi/txtai/venv/lib/python3.10/site-packages/airflow/example_dags/example_branch_operator.py
[2025-10-29T19:58:18.521+0530] {processor.py:842} WARNING - No viable dags retrieved from /home/logi/txtai/venv/lib/python3.10/site-packages/airflow/example_dags/example_branch_operator.py
[2025-10-29T19:58:18.545+0530] {processor.py:183} INFO - Processing /home/logi/txtai/venv/lib/python3.10/site-packages/airflow/example_dags/example_branch_operator.py took 0.059 seconds
[2025-10-29T19:59:14.726+0530] {processor.py:161} INFO - Started process (PID=19637) to work on /home/logi/txtai/venv/lib/python3.10/site-packages/airflow/example_dags/example_branch_operator.py
[2025-10-29T19:59:14.738+0530] {processor.py:830} INFO - Processing file /home/logi/txtai/venv/lib/python3.10/site-packages/airflow/example_dags/example_branch_operator.py for tasks to queue
[2025-10-29T19:59:14.741+0530] {logging_mixin.py:188} INFO - [2025-10-29T19:59:14.741+0530] {dagbag.py:545} INFO - Filling up the DagBag from /home/logi/txtai/venv/lib/python3.10/site-packages/airflow/example_dags/example_branch_operator.py
[2025-10-29T19:59:14.745+0530] {processor.py:842} WARNING - No viable dags retrieved from /home/logi/txtai/venv/lib/python3.10/site-packages/airflow/example_dags/example_branch_operator.py
[2025-10-29T19:59:14.756+0530] {processor.py:183} INFO - Processing /home/logi/txtai/venv/lib/python3.10/site-packages/airflow/example_dags/example_branch_operator.py took 0.037 seconds
[2025-10-29T20:00:33.132+0530] {processor.py:161} INFO - Started process (PID=19803) to work on /home/logi/txtai/venv/lib/python3.10/site-packages/airflow/example_dags/example_branch_operator.py
[2025-10-29T20:00:33.146+0530] {processor.py:830} INFO - Processing file /home/logi/txtai/venv/lib/python3.10/site-packages/airflow/example_dags/example_branch_operator.py for tasks to queue
[2025-10-29T20:00:33.149+0530] {logging_mixin.py:188} INFO - [2025-10-29T20:00:33.148+0530] {dagbag.py:545} INFO - Filling up the DagBag from /home/logi/txtai/venv/lib/python3.10/site-packages/airflow/example_dags/example_branch_operator.py
[2025-10-29T20:00:33.154+0530] {processor.py:842} WARNING - No viable dags retrieved from /home/logi/txtai/venv/lib/python3.10/site-packages/airflow/example_dags/example_branch_operator.py
[2025-10-29T20:00:33.174+0530] {processor.py:183} INFO - Processing /home/logi/txtai/venv/lib/python3.10/site-packages/airflow/example_dags/example_branch_operator.py took 0.054 seconds
[2025-10-29T20:01:30.012+0530] {processor.py:161} INFO - Started process (PID=19943) to work on /home/logi/txtai/venv/lib/python3.10/site-packages/airflow/example_dags/example_branch_operator.py
[2025-10-29T20:01:30.026+0530] {processor.py:830} INFO - Processing file /home/logi/txtai/venv/lib/python3.10/site-packages/airflow/example_dags/example_branch_operator.py for tasks to queue
[2025-10-29T20:01:30.029+0530] {logging_mixin.py:188} INFO - [2025-10-29T20:01:30.028+0530] {dagbag.py:545} INFO - Filling up the DagBag from /home/logi/txtai/venv/lib/python3.10/site-packages/airflow/example_dags/example_branch_operator.py
[2025-10-29T20:01:30.033+0530] {processor.py:842} WARNING - No viable dags retrieved from /home/logi/txtai/venv/lib/python3.10/site-packages/airflow/example_dags/example_branch_operator.py
[2025-10-29T20:01:30.052+0530] {processor.py:183} INFO - Processing /home/logi/txtai/venv/lib/python3.10/site-packages/airflow/example_dags/example_branch_operator.py took 0.052 seconds
[2025-10-29T20:02:26.246+0530] {processor.py:161} INFO - Started process (PID=20072) to work on /home/logi/txtai/venv/lib/python3.10/site-packages/airflow/example_dags/example_branch_operator.py
[2025-10-29T20:02:26.259+0530] {processor.py:830} INFO - Processing file /home/logi/txtai/venv/lib/python3.10/site-packages/airflow/example_dags/example_branch_operator.py for tasks to queue
[2025-10-29T20:02:26.262+0530] {logging_mixin.py:188} INFO - [2025-10-29T20:02:26.262+0530] {dagbag.py:545} INFO - Filling up the DagBag from /home/logi/txtai/venv/lib/python3.10/site-packages/airflow/example_dags/example_branch_operator.py
[2025-10-29T20:02:26.267+0530] {processor.py:842} WARNING - No viable dags retrieved from /home/logi/txtai/venv/lib/python3.10/site-packages/airflow/example_dags/example_branch_operator.py
[2025-10-29T20:02:26.286+0530] {processor.py:183} INFO - Processing /home/logi/txtai/venv/lib/python3.10/site-packages/airflow/example_dags/example_branch_operator.py took 0.051 seconds
[2025-10-29T20:03:21.857+0530] {processor.py:161} INFO - Started process (PID=20186) to work on /home/logi/txtai/venv/lib/python3.10/site-packages/airflow/example_dags/example_branch_operator.py
[2025-10-29T20:03:21.871+0530] {processor.py:830} INFO - Processing file /home/logi/txtai/venv/lib/python3.10/site-packages/airflow/example_dags/example_branch_operator.py for tasks to queue
[2025-10-29T20:03:21.874+0530] {logging_mixin.py:188} INFO - [2025-10-29T20:03:21.873+0530] {dagbag.py:545} INFO - Filling up the DagBag from /home/logi/txtai/venv/lib/python3.10/site-packages/airflow/example_dags/example_branch_operator.py
[2025-10-29T20:03:21.881+0530] {processor.py:842} WARNING - No viable dags retrieved from /home/logi/txtai/venv/lib/python3.10/site-packages/airflow/example_dags/example_branch_operator.py
[2025-10-29T20:03:21.916+0530] {processor.py:183} INFO - Processing /home/logi/txtai/venv/lib/python3.10/site-packages/airflow/example_dags/example_branch_operator.py took 0.080 seconds
[2025-10-29T20:04:26.423+0530] {processor.py:161} INFO - Started process (PID=20305) to work on /home/logi/txtai/venv/lib/python3.10/site-packages/airflow/example_dags/example_branch_operator.py
[2025-10-29T20:04:26.437+0530] {processor.py:830} INFO - Processing file /home/logi/txtai/venv/lib/python3.10/site-packages/airflow/example_dags/example_branch_operator.py for tasks to queue
[2025-10-29T20:04:26.442+0530] {logging_mixin.py:188} INFO - [2025-10-29T20:04:26.441+0530] {dagbag.py:545} INFO - Filling up the DagBag from /home/logi/txtai/venv/lib/python3.10/site-packages/airflow/example_dags/example_branch_operator.py
[2025-10-29T20:04:26.449+0530] {processor.py:842} WARNING - No viable dags retrieved from /home/logi/txtai/venv/lib/python3.10/site-packages/airflow/example_dags/example_branch_operator.py
[2025-10-29T20:04:26.468+0530] {processor.py:183} INFO - Processing /home/logi/txtai/venv/lib/python3.10/site-packages/airflow/example_dags/example_branch_operator.py took 0.067 seconds
[2025-10-29T20:05:29.566+0530] {processor.py:161} INFO - Started process (PID=20460) to work on /home/logi/txtai/venv/lib/python3.10/site-packages/airflow/example_dags/example_branch_operator.py
[2025-10-29T20:05:29.582+0530] {processor.py:830} INFO - Processing file /home/logi/txtai/venv/lib/python3.10/site-packages/airflow/example_dags/example_branch_operator.py for tasks to queue
[2025-10-29T20:05:29.588+0530] {logging_mixin.py:188} INFO - [2025-10-29T20:05:29.586+0530] {dagbag.py:545} INFO - Filling up the DagBag from /home/logi/txtai/venv/lib/python3.10/site-packages/airflow/example_dags/example_branch_operator.py
[2025-10-29T20:05:29.594+0530] {processor.py:842} WARNING - No viable dags retrieved from /home/logi/txtai/venv/lib/python3.10/site-packages/airflow/example_dags/example_branch_operator.py
[2025-10-29T20:05:29.611+0530] {processor.py:183} INFO - Processing /home/logi/txtai/venv/lib/python3.10/site-packages/airflow/example_dags/example_branch_operator.py took 0.060 seconds
[2025-10-29T20:06:26.976+0530] {processor.py:161} INFO - Started process (PID=20573) to work on /home/logi/txtai/venv/lib/python3.10/site-packages/airflow/example_dags/example_branch_operator.py
[2025-10-29T20:06:26.989+0530] {processor.py:830} INFO - Processing file /home/logi/txtai/venv/lib/python3.10/site-packages/airflow/example_dags/example_branch_operator.py for tasks to queue
[2025-10-29T20:06:26.992+0530] {logging_mixin.py:188} INFO - [2025-10-29T20:06:26.991+0530] {dagbag.py:545} INFO - Filling up the DagBag from /home/logi/txtai/venv/lib/python3.10/site-packages/airflow/example_dags/example_branch_operator.py
[2025-10-29T20:06:26.997+0530] {processor.py:842} WARNING - No viable dags retrieved from /home/logi/txtai/venv/lib/python3.10/site-packages/airflow/example_dags/example_branch_operator.py
[2025-10-29T20:06:27.016+0530] {processor.py:183} INFO - Processing /home/logi/txtai/venv/lib/python3.10/site-packages/airflow/example_dags/example_branch_operator.py took 0.052 seconds
[2025-10-29T20:07:24.796+0530] {processor.py:161} INFO - Started process (PID=20684) to work on /home/logi/txtai/venv/lib/python3.10/site-packages/airflow/example_dags/example_branch_operator.py
[2025-10-29T20:07:24.801+0530] {processor.py:830} INFO - Processing file /home/logi/txtai/venv/lib/python3.10/site-packages/airflow/example_dags/example_branch_operator.py for tasks to queue
[2025-10-29T20:07:24.805+0530] {logging_mixin.py:188} INFO - [2025-10-29T20:07:24.805+0530] {dagbag.py:545} INFO - Filling up the DagBag from /home/logi/txtai/venv/lib/python3.10/site-packages/airflow/example_dags/example_branch_operator.py
[2025-10-29T20:07:24.814+0530] {processor.py:842} WARNING - No viable dags retrieved from /home/logi/txtai/venv/lib/python3.10/site-packages/airflow/example_dags/example_branch_operator.py
[2025-10-29T20:07:24.842+0530] {processor.py:183} INFO - Processing /home/logi/txtai/venv/lib/python3.10/site-packages/airflow/example_dags/example_branch_operator.py took 0.061 seconds
[2025-10-29T20:08:21.572+0530] {processor.py:161} INFO - Started process (PID=20795) to work on /home/logi/txtai/venv/lib/python3.10/site-packages/airflow/example_dags/example_branch_operator.py
[2025-10-29T20:08:21.586+0530] {processor.py:830} INFO - Processing file /home/logi/txtai/venv/lib/python3.10/site-packages/airflow/example_dags/example_branch_operator.py for tasks to queue
[2025-10-29T20:08:21.588+0530] {logging_mixin.py:188} INFO - [2025-10-29T20:08:21.588+0530] {dagbag.py:545} INFO - Filling up the DagBag from /home/logi/txtai/venv/lib/python3.10/site-packages/airflow/example_dags/example_branch_operator.py
[2025-10-29T20:08:21.591+0530] {processor.py:842} WARNING - No viable dags retrieved from /home/logi/txtai/venv/lib/python3.10/site-packages/airflow/example_dags/example_branch_operator.py
[2025-10-29T20:08:21.603+0530] {processor.py:183} INFO - Processing /home/logi/txtai/venv/lib/python3.10/site-packages/airflow/example_dags/example_branch_operator.py took 0.038 seconds
[2025-10-29T20:09:21.844+0530] {processor.py:161} INFO - Started process (PID=20912) to work on /home/logi/txtai/venv/lib/python3.10/site-packages/airflow/example_dags/example_branch_operator.py
[2025-10-29T20:09:21.857+0530] {processor.py:830} INFO - Processing file /home/logi/txtai/venv/lib/python3.10/site-packages/airflow/example_dags/example_branch_operator.py for tasks to queue
[2025-10-29T20:09:21.860+0530] {logging_mixin.py:188} INFO - [2025-10-29T20:09:21.859+0530] {dagbag.py:545} INFO - Filling up the DagBag from /home/logi/txtai/venv/lib/python3.10/site-packages/airflow/example_dags/example_branch_operator.py
[2025-10-29T20:09:21.865+0530] {processor.py:842} WARNING - No viable dags retrieved from /home/logi/txtai/venv/lib/python3.10/site-packages/airflow/example_dags/example_branch_operator.py
[2025-10-29T20:09:21.884+0530] {processor.py:183} INFO - Processing /home/logi/txtai/venv/lib/python3.10/site-packages/airflow/example_dags/example_branch_operator.py took 0.052 seconds
[2025-10-29T20:10:18.861+0530] {processor.py:161} INFO - Started process (PID=21053) to work on /home/logi/txtai/venv/lib/python3.10/site-packages/airflow/example_dags/example_branch_operator.py
[2025-10-29T20:10:18.875+0530] {processor.py:830} INFO - Processing file /home/logi/txtai/venv/lib/python3.10/site-packages/airflow/example_dags/example_branch_operator.py for tasks to queue
[2025-10-29T20:10:18.878+0530] {logging_mixin.py:188} INFO - [2025-10-29T20:10:18.877+0530] {dagbag.py:545} INFO - Filling up the DagBag from /home/logi/txtai/venv/lib/python3.10/site-packages/airflow/example_dags/example_branch_operator.py
[2025-10-29T20:10:18.883+0530] {processor.py:842} WARNING - No viable dags retrieved from /home/logi/txtai/venv/lib/python3.10/site-packages/airflow/example_dags/example_branch_operator.py
[2025-10-29T20:10:18.902+0530] {processor.py:183} INFO - Processing /home/logi/txtai/venv/lib/python3.10/site-packages/airflow/example_dags/example_branch_operator.py took 0.052 seconds
[2025-10-29T20:11:13.651+0530] {processor.py:161} INFO - Started process (PID=21163) to work on /home/logi/txtai/venv/lib/python3.10/site-packages/airflow/example_dags/example_branch_operator.py
[2025-10-29T20:11:13.666+0530] {processor.py:830} INFO - Processing file /home/logi/txtai/venv/lib/python3.10/site-packages/airflow/example_dags/example_branch_operator.py for tasks to queue
[2025-10-29T20:11:13.669+0530] {logging_mixin.py:188} INFO - [2025-10-29T20:11:13.668+0530] {dagbag.py:545} INFO - Filling up the DagBag from /home/logi/txtai/venv/lib/python3.10/site-packages/airflow/example_dags/example_branch_operator.py
[2025-10-29T20:11:13.674+0530] {processor.py:842} WARNING - No viable dags retrieved from /home/logi/txtai/venv/lib/python3.10/site-packages/airflow/example_dags/example_branch_operator.py
[2025-10-29T20:11:13.693+0530] {processor.py:183} INFO - Processing /home/logi/txtai/venv/lib/python3.10/site-packages/airflow/example_dags/example_branch_operator.py took 0.053 seconds
[2025-10-29T20:12:28.373+0530] {processor.py:161} INFO - Started process (PID=21310) to work on /home/logi/txtai/venv/lib/python3.10/site-packages/airflow/example_dags/example_branch_operator.py
[2025-10-29T20:12:28.386+0530] {processor.py:830} INFO - Processing file /home/logi/txtai/venv/lib/python3.10/site-packages/airflow/example_dags/example_branch_operator.py for tasks to queue
[2025-10-29T20:12:28.389+0530] {logging_mixin.py:188} INFO - [2025-10-29T20:12:28.389+0530] {dagbag.py:545} INFO - Filling up the DagBag from /home/logi/txtai/venv/lib/python3.10/site-packages/airflow/example_dags/example_branch_operator.py
[2025-10-29T20:12:28.394+0530] {processor.py:842} WARNING - No viable dags retrieved from /home/logi/txtai/venv/lib/python3.10/site-packages/airflow/example_dags/example_branch_operator.py
[2025-10-29T20:12:28.412+0530] {processor.py:183} INFO - Processing /home/logi/txtai/venv/lib/python3.10/site-packages/airflow/example_dags/example_branch_operator.py took 0.050 seconds
[2025-10-29T20:13:22.513+0530] {processor.py:161} INFO - Started process (PID=21418) to work on /home/logi/txtai/venv/lib/python3.10/site-packages/airflow/example_dags/example_branch_operator.py
[2025-10-29T20:13:22.526+0530] {processor.py:830} INFO - Processing file /home/logi/txtai/venv/lib/python3.10/site-packages/airflow/example_dags/example_branch_operator.py for tasks to queue
[2025-10-29T20:13:22.529+0530] {logging_mixin.py:188} INFO - [2025-10-29T20:13:22.529+0530] {dagbag.py:545} INFO - Filling up the DagBag from /home/logi/txtai/venv/lib/python3.10/site-packages/airflow/example_dags/example_branch_operator.py
[2025-10-29T20:13:22.534+0530] {processor.py:842} WARNING - No viable dags retrieved from /home/logi/txtai/venv/lib/python3.10/site-packages/airflow/example_dags/example_branch_operator.py
[2025-10-29T20:13:22.553+0530] {processor.py:183} INFO - Processing /home/logi/txtai/venv/lib/python3.10/site-packages/airflow/example_dags/example_branch_operator.py took 0.053 seconds
[2025-10-29T20:14:17.088+0530] {processor.py:161} INFO - Started process (PID=21603) to work on /home/logi/txtai/venv/lib/python3.10/site-packages/airflow/example_dags/example_branch_operator.py
[2025-10-29T20:14:17.090+0530] {processor.py:830} INFO - Processing file /home/logi/txtai/venv/lib/python3.10/site-packages/airflow/example_dags/example_branch_operator.py for tasks to queue
[2025-10-29T20:14:17.092+0530] {logging_mixin.py:188} INFO - [2025-10-29T20:14:17.092+0530] {dagbag.py:545} INFO - Filling up the DagBag from /home/logi/txtai/venv/lib/python3.10/site-packages/airflow/example_dags/example_branch_operator.py
[2025-10-29T20:14:17.097+0530] {processor.py:842} WARNING - No viable dags retrieved from /home/logi/txtai/venv/lib/python3.10/site-packages/airflow/example_dags/example_branch_operator.py
[2025-10-29T20:14:17.116+0530] {processor.py:183} INFO - Processing /home/logi/txtai/venv/lib/python3.10/site-packages/airflow/example_dags/example_branch_operator.py took 0.040 seconds
[2025-10-29T20:15:41.299+0530] {processor.py:161} INFO - Started process (PID=21929) to work on /home/logi/txtai/venv/lib/python3.10/site-packages/airflow/example_dags/example_branch_operator.py
[2025-10-29T20:15:41.313+0530] {processor.py:830} INFO - Processing file /home/logi/txtai/venv/lib/python3.10/site-packages/airflow/example_dags/example_branch_operator.py for tasks to queue
[2025-10-29T20:15:41.316+0530] {logging_mixin.py:188} INFO - [2025-10-29T20:15:41.316+0530] {dagbag.py:545} INFO - Filling up the DagBag from /home/logi/txtai/venv/lib/python3.10/site-packages/airflow/example_dags/example_branch_operator.py
[2025-10-29T20:15:41.321+0530] {processor.py:842} WARNING - No viable dags retrieved from /home/logi/txtai/venv/lib/python3.10/site-packages/airflow/example_dags/example_branch_operator.py
[2025-10-29T20:15:41.340+0530] {processor.py:183} INFO - Processing /home/logi/txtai/venv/lib/python3.10/site-packages/airflow/example_dags/example_branch_operator.py took 0.052 seconds
[2025-10-29T20:16:36.478+0530] {processor.py:161} INFO - Started process (PID=22015) to work on /home/logi/txtai/venv/lib/python3.10/site-packages/airflow/example_dags/example_branch_operator.py
[2025-10-29T20:16:36.492+0530] {processor.py:830} INFO - Processing file /home/logi/txtai/venv/lib/python3.10/site-packages/airflow/example_dags/example_branch_operator.py for tasks to queue
[2025-10-29T20:16:36.495+0530] {logging_mixin.py:188} INFO - [2025-10-29T20:16:36.494+0530] {dagbag.py:545} INFO - Filling up the DagBag from /home/logi/txtai/venv/lib/python3.10/site-packages/airflow/example_dags/example_branch_operator.py
[2025-10-29T20:16:36.499+0530] {processor.py:842} WARNING - No viable dags retrieved from /home/logi/txtai/venv/lib/python3.10/site-packages/airflow/example_dags/example_branch_operator.py
[2025-10-29T20:16:36.517+0530] {processor.py:183} INFO - Processing /home/logi/txtai/venv/lib/python3.10/site-packages/airflow/example_dags/example_branch_operator.py took 0.050 seconds
[2025-10-29T20:17:50.348+0530] {processor.py:161} INFO - Started process (PID=22107) to work on /home/logi/txtai/venv/lib/python3.10/site-packages/airflow/example_dags/example_branch_operator.py
[2025-10-29T20:17:50.361+0530] {processor.py:830} INFO - Processing file /home/logi/txtai/venv/lib/python3.10/site-packages/airflow/example_dags/example_branch_operator.py for tasks to queue
[2025-10-29T20:17:50.364+0530] {logging_mixin.py:188} INFO - [2025-10-29T20:17:50.364+0530] {dagbag.py:545} INFO - Filling up the DagBag from /home/logi/txtai/venv/lib/python3.10/site-packages/airflow/example_dags/example_branch_operator.py
[2025-10-29T20:17:50.369+0530] {processor.py:842} WARNING - No viable dags retrieved from /home/logi/txtai/venv/lib/python3.10/site-packages/airflow/example_dags/example_branch_operator.py
[2025-10-29T20:17:50.386+0530] {processor.py:183} INFO - Processing /home/logi/txtai/venv/lib/python3.10/site-packages/airflow/example_dags/example_branch_operator.py took 0.049 seconds
[2025-10-29T20:19:08.623+0530] {processor.py:161} INFO - Started process (PID=22295) to work on /home/logi/txtai/venv/lib/python3.10/site-packages/airflow/example_dags/example_branch_operator.py
[2025-10-29T20:19:08.636+0530] {processor.py:830} INFO - Processing file /home/logi/txtai/venv/lib/python3.10/site-packages/airflow/example_dags/example_branch_operator.py for tasks to queue
[2025-10-29T20:19:08.639+0530] {logging_mixin.py:188} INFO - [2025-10-29T20:19:08.639+0530] {dagbag.py:545} INFO - Filling up the DagBag from /home/logi/txtai/venv/lib/python3.10/site-packages/airflow/example_dags/example_branch_operator.py
[2025-10-29T20:19:08.644+0530] {processor.py:842} WARNING - No viable dags retrieved from /home/logi/txtai/venv/lib/python3.10/site-packages/airflow/example_dags/example_branch_operator.py
[2025-10-29T20:19:08.664+0530] {processor.py:183} INFO - Processing /home/logi/txtai/venv/lib/python3.10/site-packages/airflow/example_dags/example_branch_operator.py took 0.053 seconds
[2025-10-29T20:20:04.267+0530] {processor.py:161} INFO - Started process (PID=22394) to work on /home/logi/txtai/venv/lib/python3.10/site-packages/airflow/example_dags/example_branch_operator.py
[2025-10-29T20:20:04.269+0530] {processor.py:830} INFO - Processing file /home/logi/txtai/venv/lib/python3.10/site-packages/airflow/example_dags/example_branch_operator.py for tasks to queue
[2025-10-29T20:20:04.271+0530] {logging_mixin.py:188} INFO - [2025-10-29T20:20:04.271+0530] {dagbag.py:545} INFO - Filling up the DagBag from /home/logi/txtai/venv/lib/python3.10/site-packages/airflow/example_dags/example_branch_operator.py
[2025-10-29T20:20:04.276+0530] {processor.py:842} WARNING - No viable dags retrieved from /home/logi/txtai/venv/lib/python3.10/site-packages/airflow/example_dags/example_branch_operator.py
[2025-10-29T20:20:04.294+0530] {processor.py:183} INFO - Processing /home/logi/txtai/venv/lib/python3.10/site-packages/airflow/example_dags/example_branch_operator.py took 0.039 seconds
[2025-10-29T20:21:27.224+0530] {processor.py:161} INFO - Started process (PID=22503) to work on /home/logi/txtai/venv/lib/python3.10/site-packages/airflow/example_dags/example_branch_operator.py
[2025-10-29T20:21:27.226+0530] {processor.py:830} INFO - Processing file /home/logi/txtai/venv/lib/python3.10/site-packages/airflow/example_dags/example_branch_operator.py for tasks to queue
[2025-10-29T20:21:27.229+0530] {logging_mixin.py:188} INFO - [2025-10-29T20:21:27.228+0530] {dagbag.py:545} INFO - Filling up the DagBag from /home/logi/txtai/venv/lib/python3.10/site-packages/airflow/example_dags/example_branch_operator.py
[2025-10-29T20:21:27.234+0530] {processor.py:842} WARNING - No viable dags retrieved from /home/logi/txtai/venv/lib/python3.10/site-packages/airflow/example_dags/example_branch_operator.py
[2025-10-29T20:21:27.252+0530] {processor.py:183} INFO - Processing /home/logi/txtai/venv/lib/python3.10/site-packages/airflow/example_dags/example_branch_operator.py took 0.039 seconds
[2025-10-29T20:22:23.346+0530] {processor.py:161} INFO - Started process (PID=22573) to work on /home/logi/txtai/venv/lib/python3.10/site-packages/airflow/example_dags/example_branch_operator.py
[2025-10-29T20:22:23.359+0530] {processor.py:830} INFO - Processing file /home/logi/txtai/venv/lib/python3.10/site-packages/airflow/example_dags/example_branch_operator.py for tasks to queue
[2025-10-29T20:22:23.363+0530] {logging_mixin.py:188} INFO - [2025-10-29T20:22:23.362+0530] {dagbag.py:545} INFO - Filling up the DagBag from /home/logi/txtai/venv/lib/python3.10/site-packages/airflow/example_dags/example_branch_operator.py
[2025-10-29T20:22:23.367+0530] {processor.py:842} WARNING - No viable dags retrieved from /home/logi/txtai/venv/lib/python3.10/site-packages/airflow/example_dags/example_branch_operator.py
[2025-10-29T20:22:23.387+0530] {processor.py:183} INFO - Processing /home/logi/txtai/venv/lib/python3.10/site-packages/airflow/example_dags/example_branch_operator.py took 0.053 seconds
[2025-10-29T20:23:42.350+0530] {processor.py:161} INFO - Started process (PID=22689) to work on /home/logi/txtai/venv/lib/python3.10/site-packages/airflow/example_dags/example_branch_operator.py
[2025-10-29T20:23:42.363+0530] {processor.py:830} INFO - Processing file /home/logi/txtai/venv/lib/python3.10/site-packages/airflow/example_dags/example_branch_operator.py for tasks to queue
[2025-10-29T20:23:42.366+0530] {logging_mixin.py:188} INFO - [2025-10-29T20:23:42.365+0530] {dagbag.py:545} INFO - Filling up the DagBag from /home/logi/txtai/venv/lib/python3.10/site-packages/airflow/example_dags/example_branch_operator.py
[2025-10-29T20:23:42.371+0530] {processor.py:842} WARNING - No viable dags retrieved from /home/logi/txtai/venv/lib/python3.10/site-packages/airflow/example_dags/example_branch_operator.py
[2025-10-29T20:23:42.389+0530] {processor.py:183} INFO - Processing /home/logi/txtai/venv/lib/python3.10/site-packages/airflow/example_dags/example_branch_operator.py took 0.052 seconds
[2025-10-29T20:24:40.742+0530] {processor.py:161} INFO - Started process (PID=22819) to work on /home/logi/txtai/venv/lib/python3.10/site-packages/airflow/example_dags/example_branch_operator.py
[2025-10-29T20:24:40.755+0530] {processor.py:830} INFO - Processing file /home/logi/txtai/venv/lib/python3.10/site-packages/airflow/example_dags/example_branch_operator.py for tasks to queue
[2025-10-29T20:24:40.758+0530] {logging_mixin.py:188} INFO - [2025-10-29T20:24:40.758+0530] {dagbag.py:545} INFO - Filling up the DagBag from /home/logi/txtai/venv/lib/python3.10/site-packages/airflow/example_dags/example_branch_operator.py
[2025-10-29T20:24:40.763+0530] {processor.py:842} WARNING - No viable dags retrieved from /home/logi/txtai/venv/lib/python3.10/site-packages/airflow/example_dags/example_branch_operator.py
[2025-10-29T20:24:40.781+0530] {processor.py:183} INFO - Processing /home/logi/txtai/venv/lib/python3.10/site-packages/airflow/example_dags/example_branch_operator.py took 0.051 seconds
[2025-10-29T20:25:35.458+0530] {processor.py:161} INFO - Started process (PID=22929) to work on /home/logi/txtai/venv/lib/python3.10/site-packages/airflow/example_dags/example_branch_operator.py
[2025-10-29T20:25:35.472+0530] {processor.py:830} INFO - Processing file /home/logi/txtai/venv/lib/python3.10/site-packages/airflow/example_dags/example_branch_operator.py for tasks to queue
[2025-10-29T20:25:35.475+0530] {logging_mixin.py:188} INFO - [2025-10-29T20:25:35.474+0530] {dagbag.py:545} INFO - Filling up the DagBag from /home/logi/txtai/venv/lib/python3.10/site-packages/airflow/example_dags/example_branch_operator.py
[2025-10-29T20:25:35.479+0530] {processor.py:842} WARNING - No viable dags retrieved from /home/logi/txtai/venv/lib/python3.10/site-packages/airflow/example_dags/example_branch_operator.py
[2025-10-29T20:25:35.496+0530] {processor.py:183} INFO - Processing /home/logi/txtai/venv/lib/python3.10/site-packages/airflow/example_dags/example_branch_operator.py took 0.048 seconds
[2025-10-29T20:26:53.996+0530] {processor.py:161} INFO - Started process (PID=23188) to work on /home/logi/txtai/venv/lib/python3.10/site-packages/airflow/example_dags/example_branch_operator.py
[2025-10-29T20:26:54.009+0530] {processor.py:830} INFO - Processing file /home/logi/txtai/venv/lib/python3.10/site-packages/airflow/example_dags/example_branch_operator.py for tasks to queue
[2025-10-29T20:26:54.012+0530] {logging_mixin.py:188} INFO - [2025-10-29T20:26:54.012+0530] {dagbag.py:545} INFO - Filling up the DagBag from /home/logi/txtai/venv/lib/python3.10/site-packages/airflow/example_dags/example_branch_operator.py
[2025-10-29T20:26:54.017+0530] {processor.py:842} WARNING - No viable dags retrieved from /home/logi/txtai/venv/lib/python3.10/site-packages/airflow/example_dags/example_branch_operator.py
[2025-10-29T20:26:54.035+0530] {processor.py:183} INFO - Processing /home/logi/txtai/venv/lib/python3.10/site-packages/airflow/example_dags/example_branch_operator.py took 0.051 seconds
[2025-10-29T20:28:07.826+0530] {processor.py:161} INFO - Started process (PID=23301) to work on /home/logi/txtai/venv/lib/python3.10/site-packages/airflow/example_dags/example_branch_operator.py
[2025-10-29T20:28:07.840+0530] {processor.py:830} INFO - Processing file /home/logi/txtai/venv/lib/python3.10/site-packages/airflow/example_dags/example_branch_operator.py for tasks to queue
[2025-10-29T20:28:07.843+0530] {logging_mixin.py:188} INFO - [2025-10-29T20:28:07.842+0530] {dagbag.py:545} INFO - Filling up the DagBag from /home/logi/txtai/venv/lib/python3.10/site-packages/airflow/example_dags/example_branch_operator.py
[2025-10-29T20:28:07.847+0530] {processor.py:842} WARNING - No viable dags retrieved from /home/logi/txtai/venv/lib/python3.10/site-packages/airflow/example_dags/example_branch_operator.py
[2025-10-29T20:28:07.868+0530] {processor.py:183} INFO - Processing /home/logi/txtai/venv/lib/python3.10/site-packages/airflow/example_dags/example_branch_operator.py took 0.053 seconds
[2025-10-29T20:29:26.082+0530] {processor.py:161} INFO - Started process (PID=23410) to work on /home/logi/txtai/venv/lib/python3.10/site-packages/airflow/example_dags/example_branch_operator.py
[2025-10-29T20:29:26.096+0530] {processor.py:830} INFO - Processing file /home/logi/txtai/venv/lib/python3.10/site-packages/airflow/example_dags/example_branch_operator.py for tasks to queue
[2025-10-29T20:29:26.099+0530] {logging_mixin.py:188} INFO - [2025-10-29T20:29:26.098+0530] {dagbag.py:545} INFO - Filling up the DagBag from /home/logi/txtai/venv/lib/python3.10/site-packages/airflow/example_dags/example_branch_operator.py
[2025-10-29T20:29:26.104+0530] {processor.py:842} WARNING - No viable dags retrieved from /home/logi/txtai/venv/lib/python3.10/site-packages/airflow/example_dags/example_branch_operator.py
[2025-10-29T20:29:26.126+0530] {processor.py:183} INFO - Processing /home/logi/txtai/venv/lib/python3.10/site-packages/airflow/example_dags/example_branch_operator.py took 0.055 seconds
[2025-10-29T20:30:44.574+0530] {processor.py:161} INFO - Started process (PID=23563) to work on /home/logi/txtai/venv/lib/python3.10/site-packages/airflow/example_dags/example_branch_operator.py
[2025-10-29T20:30:44.588+0530] {processor.py:830} INFO - Processing file /home/logi/txtai/venv/lib/python3.10/site-packages/airflow/example_dags/example_branch_operator.py for tasks to queue
[2025-10-29T20:30:44.591+0530] {logging_mixin.py:188} INFO - [2025-10-29T20:30:44.590+0530] {dagbag.py:545} INFO - Filling up the DagBag from /home/logi/txtai/venv/lib/python3.10/site-packages/airflow/example_dags/example_branch_operator.py
[2025-10-29T20:30:44.595+0530] {processor.py:842} WARNING - No viable dags retrieved from /home/logi/txtai/venv/lib/python3.10/site-packages/airflow/example_dags/example_branch_operator.py
[2025-10-29T20:30:44.615+0530] {processor.py:183} INFO - Processing /home/logi/txtai/venv/lib/python3.10/site-packages/airflow/example_dags/example_branch_operator.py took 0.053 seconds
[2025-10-29T20:32:01.695+0530] {processor.py:161} INFO - Started process (PID=23667) to work on /home/logi/txtai/venv/lib/python3.10/site-packages/airflow/example_dags/example_branch_operator.py
[2025-10-29T20:32:01.708+0530] {processor.py:830} INFO - Processing file /home/logi/txtai/venv/lib/python3.10/site-packages/airflow/example_dags/example_branch_operator.py for tasks to queue
[2025-10-29T20:32:01.711+0530] {logging_mixin.py:188} INFO - [2025-10-29T20:32:01.711+0530] {dagbag.py:545} INFO - Filling up the DagBag from /home/logi/txtai/venv/lib/python3.10/site-packages/airflow/example_dags/example_branch_operator.py
[2025-10-29T20:32:01.716+0530] {processor.py:842} WARNING - No viable dags retrieved from /home/logi/txtai/venv/lib/python3.10/site-packages/airflow/example_dags/example_branch_operator.py
[2025-10-29T20:32:01.734+0530] {processor.py:183} INFO - Processing /home/logi/txtai/venv/lib/python3.10/site-packages/airflow/example_dags/example_branch_operator.py took 0.055 seconds
[2025-10-29T20:33:20.463+0530] {processor.py:161} INFO - Started process (PID=23784) to work on /home/logi/txtai/venv/lib/python3.10/site-packages/airflow/example_dags/example_branch_operator.py
[2025-10-29T20:33:20.476+0530] {processor.py:830} INFO - Processing file /home/logi/txtai/venv/lib/python3.10/site-packages/airflow/example_dags/example_branch_operator.py for tasks to queue
[2025-10-29T20:33:20.480+0530] {logging_mixin.py:188} INFO - [2025-10-29T20:33:20.479+0530] {dagbag.py:545} INFO - Filling up the DagBag from /home/logi/txtai/venv/lib/python3.10/site-packages/airflow/example_dags/example_branch_operator.py
[2025-10-29T20:33:20.486+0530] {processor.py:842} WARNING - No viable dags retrieved from /home/logi/txtai/venv/lib/python3.10/site-packages/airflow/example_dags/example_branch_operator.py
[2025-10-29T20:33:20.507+0530] {processor.py:183} INFO - Processing /home/logi/txtai/venv/lib/python3.10/site-packages/airflow/example_dags/example_branch_operator.py took 0.055 seconds
[2025-10-29T20:34:13.912+0530] {processor.py:161} INFO - Started process (PID=23854) to work on /home/logi/txtai/venv/lib/python3.10/site-packages/airflow/example_dags/example_branch_operator.py
[2025-10-29T20:34:13.925+0530] {processor.py:830} INFO - Processing file /home/logi/txtai/venv/lib/python3.10/site-packages/airflow/example_dags/example_branch_operator.py for tasks to queue
[2025-10-29T20:34:13.929+0530] {logging_mixin.py:188} INFO - [2025-10-29T20:34:13.928+0530] {dagbag.py:545} INFO - Filling up the DagBag from /home/logi/txtai/venv/lib/python3.10/site-packages/airflow/example_dags/example_branch_operator.py
[2025-10-29T20:34:13.934+0530] {processor.py:842} WARNING - No viable dags retrieved from /home/logi/txtai/venv/lib/python3.10/site-packages/airflow/example_dags/example_branch_operator.py
[2025-10-29T20:34:13.954+0530] {processor.py:183} INFO - Processing /home/logi/txtai/venv/lib/python3.10/site-packages/airflow/example_dags/example_branch_operator.py took 0.054 seconds
[2025-10-29T20:35:27.993+0530] {processor.py:161} INFO - Started process (PID=23994) to work on /home/logi/txtai/venv/lib/python3.10/site-packages/airflow/example_dags/example_branch_operator.py
[2025-10-29T20:35:28.006+0530] {processor.py:830} INFO - Processing file /home/logi/txtai/venv/lib/python3.10/site-packages/airflow/example_dags/example_branch_operator.py for tasks to queue
[2025-10-29T20:35:28.009+0530] {logging_mixin.py:188} INFO - [2025-10-29T20:35:28.009+0530] {dagbag.py:545} INFO - Filling up the DagBag from /home/logi/txtai/venv/lib/python3.10/site-packages/airflow/example_dags/example_branch_operator.py
[2025-10-29T20:35:28.014+0530] {processor.py:842} WARNING - No viable dags retrieved from /home/logi/txtai/venv/lib/python3.10/site-packages/airflow/example_dags/example_branch_operator.py
[2025-10-29T20:35:28.033+0530] {processor.py:183} INFO - Processing /home/logi/txtai/venv/lib/python3.10/site-packages/airflow/example_dags/example_branch_operator.py took 0.052 seconds
[2025-10-29T20:36:47.598+0530] {processor.py:161} INFO - Started process (PID=24097) to work on /home/logi/txtai/venv/lib/python3.10/site-packages/airflow/example_dags/example_branch_operator.py
[2025-10-29T20:36:47.611+0530] {processor.py:830} INFO - Processing file /home/logi/txtai/venv/lib/python3.10/site-packages/airflow/example_dags/example_branch_operator.py for tasks to queue
[2025-10-29T20:36:47.614+0530] {logging_mixin.py:188} INFO - [2025-10-29T20:36:47.613+0530] {dagbag.py:545} INFO - Filling up the DagBag from /home/logi/txtai/venv/lib/python3.10/site-packages/airflow/example_dags/example_branch_operator.py
[2025-10-29T20:36:47.619+0530] {processor.py:842} WARNING - No viable dags retrieved from /home/logi/txtai/venv/lib/python3.10/site-packages/airflow/example_dags/example_branch_operator.py
[2025-10-29T20:36:47.637+0530] {processor.py:183} INFO - Processing /home/logi/txtai/venv/lib/python3.10/site-packages/airflow/example_dags/example_branch_operator.py took 0.050 seconds
