[2025-10-29T19:30:23.562+0530] {processor.py:161} INFO - Started process (PID=16375) to work on /home/logi/txtai/venv/lib/python3.10/site-packages/airflow/example_dags/example_bash_decorator.py
[2025-10-29T19:30:23.568+0530] {processor.py:830} INFO - Processing file /home/logi/txtai/venv/lib/python3.10/site-packages/airflow/example_dags/example_bash_decorator.py for tasks to queue
[2025-10-29T19:30:23.577+0530] {logging_mixin.py:188} INFO - [2025-10-29T19:30:23.575+0530] {dagbag.py:545} INFO - Filling up the DagBag from /home/logi/txtai/venv/lib/python3.10/site-packages/airflow/example_dags/example_bash_decorator.py
[2025-10-29T19:30:23.613+0530] {processor.py:840} INFO - DAG(s) 'example_bash_decorator' retrieved from /home/logi/txtai/venv/lib/python3.10/site-packages/airflow/example_dags/example_bash_decorator.py
[2025-10-29T19:30:23.754+0530] {logging_mixin.py:188} INFO - [2025-10-29T19:30:23.753+0530] {override.py:1829} INFO - Created Permission View: can read on DAG:example_bash_decorator
[2025-10-29T19:30:23.773+0530] {logging_mixin.py:188} INFO - [2025-10-29T19:30:23.771+0530] {override.py:1829} INFO - Created Permission View: can edit on DAG:example_bash_decorator
[2025-10-29T19:30:23.785+0530] {logging_mixin.py:188} INFO - [2025-10-29T19:30:23.784+0530] {override.py:1829} INFO - Created Permission View: can delete on DAG:example_bash_decorator
[2025-10-29T19:30:23.785+0530] {logging_mixin.py:188} INFO - [2025-10-29T19:30:23.785+0530] {dag.py:3096} INFO - Sync 1 DAGs
[2025-10-29T19:30:23.796+0530] {logging_mixin.py:188} INFO - [2025-10-29T19:30:23.795+0530] {dag.py:3118} INFO - Creating ORM DAG for example_bash_decorator
[2025-10-29T19:30:23.796+0530] {logging_mixin.py:188} INFO - [2025-10-29T19:30:23.796+0530] {dag.py:3954} INFO - Setting next_dagrun for example_bash_decorator to None, run_after=None
[2025-10-29T19:30:23.837+0530] {processor.py:183} INFO - Processing /home/logi/txtai/venv/lib/python3.10/site-packages/airflow/example_dags/example_bash_decorator.py took 0.311 seconds
[2025-10-29T19:31:17.176+0530] {processor.py:161} INFO - Started process (PID=16579) to work on /home/logi/txtai/venv/lib/python3.10/site-packages/airflow/example_dags/example_bash_decorator.py
[2025-10-29T19:31:17.178+0530] {processor.py:830} INFO - Processing file /home/logi/txtai/venv/lib/python3.10/site-packages/airflow/example_dags/example_bash_decorator.py for tasks to queue
[2025-10-29T19:31:17.180+0530] {logging_mixin.py:188} INFO - [2025-10-29T19:31:17.179+0530] {dagbag.py:545} INFO - Filling up the DagBag from /home/logi/txtai/venv/lib/python3.10/site-packages/airflow/example_dags/example_bash_decorator.py
[2025-10-29T19:31:17.193+0530] {processor.py:840} INFO - DAG(s) 'example_bash_decorator' retrieved from /home/logi/txtai/venv/lib/python3.10/site-packages/airflow/example_dags/example_bash_decorator.py
[2025-10-29T19:31:17.211+0530] {logging_mixin.py:188} INFO - [2025-10-29T19:31:17.211+0530] {dag.py:3096} INFO - Sync 1 DAGs
[2025-10-29T19:31:17.221+0530] {logging_mixin.py:188} INFO - [2025-10-29T19:31:17.220+0530] {dag.py:3954} INFO - Setting next_dagrun for example_bash_decorator to None, run_after=None
[2025-10-29T19:31:17.242+0530] {processor.py:183} INFO - Processing /home/logi/txtai/venv/lib/python3.10/site-packages/airflow/example_dags/example_bash_decorator.py took 0.073 seconds
[2025-10-29T19:32:24.698+0530] {processor.py:161} INFO - Started process (PID=16686) to work on /home/logi/txtai/venv/lib/python3.10/site-packages/airflow/example_dags/example_bash_decorator.py
[2025-10-29T19:32:24.700+0530] {processor.py:830} INFO - Processing file /home/logi/txtai/venv/lib/python3.10/site-packages/airflow/example_dags/example_bash_decorator.py for tasks to queue
[2025-10-29T19:32:24.703+0530] {logging_mixin.py:188} INFO - [2025-10-29T19:32:24.703+0530] {dagbag.py:545} INFO - Filling up the DagBag from /home/logi/txtai/venv/lib/python3.10/site-packages/airflow/example_dags/example_bash_decorator.py
[2025-10-29T19:32:24.727+0530] {processor.py:840} INFO - DAG(s) 'example_bash_decorator' retrieved from /home/logi/txtai/venv/lib/python3.10/site-packages/airflow/example_dags/example_bash_decorator.py
[2025-10-29T19:32:24.749+0530] {logging_mixin.py:188} INFO - [2025-10-29T19:32:24.748+0530] {dag.py:3096} INFO - Sync 1 DAGs
[2025-10-29T19:32:24.761+0530] {logging_mixin.py:188} INFO - [2025-10-29T19:32:24.760+0530] {dag.py:3954} INFO - Setting next_dagrun for example_bash_decorator to None, run_after=None
[2025-10-29T19:32:24.785+0530] {processor.py:183} INFO - Processing /home/logi/txtai/venv/lib/python3.10/site-packages/airflow/example_dags/example_bash_decorator.py took 0.097 seconds
[2025-10-29T19:33:39.112+0530] {processor.py:161} INFO - Started process (PID=16867) to work on /home/logi/txtai/venv/lib/python3.10/site-packages/airflow/example_dags/example_bash_decorator.py
[2025-10-29T19:33:39.114+0530] {processor.py:830} INFO - Processing file /home/logi/txtai/venv/lib/python3.10/site-packages/airflow/example_dags/example_bash_decorator.py for tasks to queue
[2025-10-29T19:33:39.117+0530] {logging_mixin.py:188} INFO - [2025-10-29T19:33:39.116+0530] {dagbag.py:545} INFO - Filling up the DagBag from /home/logi/txtai/venv/lib/python3.10/site-packages/airflow/example_dags/example_bash_decorator.py
[2025-10-29T19:33:39.141+0530] {processor.py:840} INFO - DAG(s) 'example_bash_decorator' retrieved from /home/logi/txtai/venv/lib/python3.10/site-packages/airflow/example_dags/example_bash_decorator.py
[2025-10-29T19:33:39.162+0530] {logging_mixin.py:188} INFO - [2025-10-29T19:33:39.162+0530] {dag.py:3096} INFO - Sync 1 DAGs
[2025-10-29T19:33:39.173+0530] {logging_mixin.py:188} INFO - [2025-10-29T19:33:39.173+0530] {dag.py:3954} INFO - Setting next_dagrun for example_bash_decorator to None, run_after=None
[2025-10-29T19:33:39.192+0530] {processor.py:183} INFO - Processing /home/logi/txtai/venv/lib/python3.10/site-packages/airflow/example_dags/example_bash_decorator.py took 0.091 seconds
[2025-10-29T19:34:52.185+0530] {processor.py:161} INFO - Started process (PID=16996) to work on /home/logi/txtai/venv/lib/python3.10/site-packages/airflow/example_dags/example_bash_decorator.py
[2025-10-29T19:34:52.199+0530] {processor.py:830} INFO - Processing file /home/logi/txtai/venv/lib/python3.10/site-packages/airflow/example_dags/example_bash_decorator.py for tasks to queue
[2025-10-29T19:34:52.202+0530] {logging_mixin.py:188} INFO - [2025-10-29T19:34:52.201+0530] {dagbag.py:545} INFO - Filling up the DagBag from /home/logi/txtai/venv/lib/python3.10/site-packages/airflow/example_dags/example_bash_decorator.py
[2025-10-29T19:34:52.225+0530] {processor.py:840} INFO - DAG(s) 'example_bash_decorator' retrieved from /home/logi/txtai/venv/lib/python3.10/site-packages/airflow/example_dags/example_bash_decorator.py
[2025-10-29T19:34:52.254+0530] {logging_mixin.py:188} INFO - [2025-10-29T19:34:52.253+0530] {dag.py:3096} INFO - Sync 1 DAGs
[2025-10-29T19:34:52.265+0530] {logging_mixin.py:188} INFO - [2025-10-29T19:34:52.264+0530] {dag.py:3954} INFO - Setting next_dagrun for example_bash_decorator to None, run_after=None
[2025-10-29T19:34:52.284+0530] {processor.py:183} INFO - Processing /home/logi/txtai/venv/lib/python3.10/site-packages/airflow/example_dags/example_bash_decorator.py took 0.110 seconds
[2025-10-29T19:36:06.809+0530] {processor.py:161} INFO - Started process (PID=17086) to work on /home/logi/txtai/venv/lib/python3.10/site-packages/airflow/example_dags/example_bash_decorator.py
[2025-10-29T19:36:06.822+0530] {processor.py:830} INFO - Processing file /home/logi/txtai/venv/lib/python3.10/site-packages/airflow/example_dags/example_bash_decorator.py for tasks to queue
[2025-10-29T19:36:06.825+0530] {logging_mixin.py:188} INFO - [2025-10-29T19:36:06.824+0530] {dagbag.py:545} INFO - Filling up the DagBag from /home/logi/txtai/venv/lib/python3.10/site-packages/airflow/example_dags/example_bash_decorator.py
[2025-10-29T19:36:06.850+0530] {processor.py:840} INFO - DAG(s) 'example_bash_decorator' retrieved from /home/logi/txtai/venv/lib/python3.10/site-packages/airflow/example_dags/example_bash_decorator.py
[2025-10-29T19:36:06.877+0530] {logging_mixin.py:188} INFO - [2025-10-29T19:36:06.877+0530] {dag.py:3096} INFO - Sync 1 DAGs
[2025-10-29T19:36:06.889+0530] {logging_mixin.py:188} INFO - [2025-10-29T19:36:06.888+0530] {dag.py:3954} INFO - Setting next_dagrun for example_bash_decorator to None, run_after=None
[2025-10-29T19:36:06.908+0530] {processor.py:183} INFO - Processing /home/logi/txtai/venv/lib/python3.10/site-packages/airflow/example_dags/example_bash_decorator.py took 0.110 seconds
[2025-10-29T19:37:25.049+0530] {processor.py:161} INFO - Started process (PID=17398) to work on /home/logi/txtai/venv/lib/python3.10/site-packages/airflow/example_dags/example_bash_decorator.py
[2025-10-29T19:37:25.062+0530] {processor.py:830} INFO - Processing file /home/logi/txtai/venv/lib/python3.10/site-packages/airflow/example_dags/example_bash_decorator.py for tasks to queue
[2025-10-29T19:37:25.065+0530] {logging_mixin.py:188} INFO - [2025-10-29T19:37:25.064+0530] {dagbag.py:545} INFO - Filling up the DagBag from /home/logi/txtai/venv/lib/python3.10/site-packages/airflow/example_dags/example_bash_decorator.py
[2025-10-29T19:37:25.088+0530] {processor.py:840} INFO - DAG(s) 'example_bash_decorator' retrieved from /home/logi/txtai/venv/lib/python3.10/site-packages/airflow/example_dags/example_bash_decorator.py
[2025-10-29T19:37:25.117+0530] {logging_mixin.py:188} INFO - [2025-10-29T19:37:25.116+0530] {dag.py:3096} INFO - Sync 1 DAGs
[2025-10-29T19:37:25.127+0530] {logging_mixin.py:188} INFO - [2025-10-29T19:37:25.126+0530] {dag.py:3954} INFO - Setting next_dagrun for example_bash_decorator to None, run_after=None
[2025-10-29T19:37:25.146+0530] {processor.py:183} INFO - Processing /home/logi/txtai/venv/lib/python3.10/site-packages/airflow/example_dags/example_bash_decorator.py took 0.109 seconds
[2025-10-29T19:38:42.149+0530] {processor.py:161} INFO - Started process (PID=17486) to work on /home/logi/txtai/venv/lib/python3.10/site-packages/airflow/example_dags/example_bash_decorator.py
[2025-10-29T19:38:42.161+0530] {processor.py:830} INFO - Processing file /home/logi/txtai/venv/lib/python3.10/site-packages/airflow/example_dags/example_bash_decorator.py for tasks to queue
[2025-10-29T19:38:42.164+0530] {logging_mixin.py:188} INFO - [2025-10-29T19:38:42.163+0530] {dagbag.py:545} INFO - Filling up the DagBag from /home/logi/txtai/venv/lib/python3.10/site-packages/airflow/example_dags/example_bash_decorator.py
[2025-10-29T19:38:42.176+0530] {processor.py:840} INFO - DAG(s) 'example_bash_decorator' retrieved from /home/logi/txtai/venv/lib/python3.10/site-packages/airflow/example_dags/example_bash_decorator.py
[2025-10-29T19:38:42.193+0530] {logging_mixin.py:188} INFO - [2025-10-29T19:38:42.193+0530] {dag.py:3096} INFO - Sync 1 DAGs
[2025-10-29T19:38:42.204+0530] {logging_mixin.py:188} INFO - [2025-10-29T19:38:42.203+0530] {dag.py:3954} INFO - Setting next_dagrun for example_bash_decorator to None, run_after=None
[2025-10-29T19:38:42.222+0530] {processor.py:183} INFO - Processing /home/logi/txtai/venv/lib/python3.10/site-packages/airflow/example_dags/example_bash_decorator.py took 0.084 seconds
[2025-10-29T19:40:01.332+0530] {processor.py:161} INFO - Started process (PID=17621) to work on /home/logi/txtai/venv/lib/python3.10/site-packages/airflow/example_dags/example_bash_decorator.py
[2025-10-29T19:40:01.346+0530] {processor.py:830} INFO - Processing file /home/logi/txtai/venv/lib/python3.10/site-packages/airflow/example_dags/example_bash_decorator.py for tasks to queue
[2025-10-29T19:40:01.349+0530] {logging_mixin.py:188} INFO - [2025-10-29T19:40:01.348+0530] {dagbag.py:545} INFO - Filling up the DagBag from /home/logi/txtai/venv/lib/python3.10/site-packages/airflow/example_dags/example_bash_decorator.py
[2025-10-29T19:40:01.373+0530] {processor.py:840} INFO - DAG(s) 'example_bash_decorator' retrieved from /home/logi/txtai/venv/lib/python3.10/site-packages/airflow/example_dags/example_bash_decorator.py
[2025-10-29T19:40:01.401+0530] {logging_mixin.py:188} INFO - [2025-10-29T19:40:01.400+0530] {dag.py:3096} INFO - Sync 1 DAGs
[2025-10-29T19:40:01.411+0530] {logging_mixin.py:188} INFO - [2025-10-29T19:40:01.410+0530] {dag.py:3954} INFO - Setting next_dagrun for example_bash_decorator to None, run_after=None
[2025-10-29T19:40:01.432+0530] {processor.py:183} INFO - Processing /home/logi/txtai/venv/lib/python3.10/site-packages/airflow/example_dags/example_bash_decorator.py took 0.111 seconds
[2025-10-29T19:41:14.771+0530] {processor.py:161} INFO - Started process (PID=17892) to work on /home/logi/txtai/venv/lib/python3.10/site-packages/airflow/example_dags/example_bash_decorator.py
[2025-10-29T19:41:14.785+0530] {processor.py:830} INFO - Processing file /home/logi/txtai/venv/lib/python3.10/site-packages/airflow/example_dags/example_bash_decorator.py for tasks to queue
[2025-10-29T19:41:14.788+0530] {logging_mixin.py:188} INFO - [2025-10-29T19:41:14.787+0530] {dagbag.py:545} INFO - Filling up the DagBag from /home/logi/txtai/venv/lib/python3.10/site-packages/airflow/example_dags/example_bash_decorator.py
[2025-10-29T19:41:14.811+0530] {processor.py:840} INFO - DAG(s) 'example_bash_decorator' retrieved from /home/logi/txtai/venv/lib/python3.10/site-packages/airflow/example_dags/example_bash_decorator.py
[2025-10-29T19:41:14.840+0530] {logging_mixin.py:188} INFO - [2025-10-29T19:41:14.840+0530] {dag.py:3096} INFO - Sync 1 DAGs
[2025-10-29T19:41:14.850+0530] {logging_mixin.py:188} INFO - [2025-10-29T19:41:14.850+0530] {dag.py:3954} INFO - Setting next_dagrun for example_bash_decorator to None, run_after=None
[2025-10-29T19:41:14.870+0530] {processor.py:183} INFO - Processing /home/logi/txtai/venv/lib/python3.10/site-packages/airflow/example_dags/example_bash_decorator.py took 0.110 seconds
[2025-10-29T19:42:32.295+0530] {processor.py:161} INFO - Started process (PID=18011) to work on /home/logi/txtai/venv/lib/python3.10/site-packages/airflow/example_dags/example_bash_decorator.py
[2025-10-29T19:42:32.308+0530] {processor.py:830} INFO - Processing file /home/logi/txtai/venv/lib/python3.10/site-packages/airflow/example_dags/example_bash_decorator.py for tasks to queue
[2025-10-29T19:42:32.311+0530] {logging_mixin.py:188} INFO - [2025-10-29T19:42:32.310+0530] {dagbag.py:545} INFO - Filling up the DagBag from /home/logi/txtai/venv/lib/python3.10/site-packages/airflow/example_dags/example_bash_decorator.py
[2025-10-29T19:42:32.335+0530] {processor.py:840} INFO - DAG(s) 'example_bash_decorator' retrieved from /home/logi/txtai/venv/lib/python3.10/site-packages/airflow/example_dags/example_bash_decorator.py
[2025-10-29T19:42:32.365+0530] {logging_mixin.py:188} INFO - [2025-10-29T19:42:32.364+0530] {dag.py:3096} INFO - Sync 1 DAGs
[2025-10-29T19:42:32.375+0530] {logging_mixin.py:188} INFO - [2025-10-29T19:42:32.375+0530] {dag.py:3954} INFO - Setting next_dagrun for example_bash_decorator to None, run_after=None
[2025-10-29T19:42:32.395+0530] {processor.py:183} INFO - Processing /home/logi/txtai/venv/lib/python3.10/site-packages/airflow/example_dags/example_bash_decorator.py took 0.113 seconds
[2025-10-29T19:43:29.040+0530] {processor.py:161} INFO - Started process (PID=18092) to work on /home/logi/txtai/venv/lib/python3.10/site-packages/airflow/example_dags/example_bash_decorator.py
[2025-10-29T19:43:29.053+0530] {processor.py:830} INFO - Processing file /home/logi/txtai/venv/lib/python3.10/site-packages/airflow/example_dags/example_bash_decorator.py for tasks to queue
[2025-10-29T19:43:29.056+0530] {logging_mixin.py:188} INFO - [2025-10-29T19:43:29.055+0530] {dagbag.py:545} INFO - Filling up the DagBag from /home/logi/txtai/venv/lib/python3.10/site-packages/airflow/example_dags/example_bash_decorator.py
[2025-10-29T19:43:29.082+0530] {processor.py:840} INFO - DAG(s) 'example_bash_decorator' retrieved from /home/logi/txtai/venv/lib/python3.10/site-packages/airflow/example_dags/example_bash_decorator.py
[2025-10-29T19:43:29.111+0530] {logging_mixin.py:188} INFO - [2025-10-29T19:43:29.111+0530] {dag.py:3096} INFO - Sync 1 DAGs
[2025-10-29T19:43:29.130+0530] {logging_mixin.py:188} INFO - [2025-10-29T19:43:29.129+0530] {dag.py:3954} INFO - Setting next_dagrun for example_bash_decorator to None, run_after=None
[2025-10-29T19:43:29.162+0530] {processor.py:183} INFO - Processing /home/logi/txtai/venv/lib/python3.10/site-packages/airflow/example_dags/example_bash_decorator.py took 0.135 seconds
[2025-10-29T19:44:47.513+0530] {processor.py:161} INFO - Started process (PID=18226) to work on /home/logi/txtai/venv/lib/python3.10/site-packages/airflow/example_dags/example_bash_decorator.py
[2025-10-29T19:44:47.526+0530] {processor.py:830} INFO - Processing file /home/logi/txtai/venv/lib/python3.10/site-packages/airflow/example_dags/example_bash_decorator.py for tasks to queue
[2025-10-29T19:44:47.529+0530] {logging_mixin.py:188} INFO - [2025-10-29T19:44:47.529+0530] {dagbag.py:545} INFO - Filling up the DagBag from /home/logi/txtai/venv/lib/python3.10/site-packages/airflow/example_dags/example_bash_decorator.py
[2025-10-29T19:44:47.552+0530] {processor.py:840} INFO - DAG(s) 'example_bash_decorator' retrieved from /home/logi/txtai/venv/lib/python3.10/site-packages/airflow/example_dags/example_bash_decorator.py
[2025-10-29T19:44:47.580+0530] {logging_mixin.py:188} INFO - [2025-10-29T19:44:47.580+0530] {dag.py:3096} INFO - Sync 1 DAGs
[2025-10-29T19:44:47.589+0530] {logging_mixin.py:188} INFO - [2025-10-29T19:44:47.589+0530] {dag.py:3954} INFO - Setting next_dagrun for example_bash_decorator to None, run_after=None
[2025-10-29T19:44:47.614+0530] {processor.py:183} INFO - Processing /home/logi/txtai/venv/lib/python3.10/site-packages/airflow/example_dags/example_bash_decorator.py took 0.112 seconds
[2025-10-29T19:46:09.504+0530] {processor.py:161} INFO - Started process (PID=18350) to work on /home/logi/txtai/venv/lib/python3.10/site-packages/airflow/example_dags/example_bash_decorator.py
[2025-10-29T19:46:09.518+0530] {processor.py:830} INFO - Processing file /home/logi/txtai/venv/lib/python3.10/site-packages/airflow/example_dags/example_bash_decorator.py for tasks to queue
[2025-10-29T19:46:09.521+0530] {logging_mixin.py:188} INFO - [2025-10-29T19:46:09.520+0530] {dagbag.py:545} INFO - Filling up the DagBag from /home/logi/txtai/venv/lib/python3.10/site-packages/airflow/example_dags/example_bash_decorator.py
[2025-10-29T19:46:09.546+0530] {processor.py:840} INFO - DAG(s) 'example_bash_decorator' retrieved from /home/logi/txtai/venv/lib/python3.10/site-packages/airflow/example_dags/example_bash_decorator.py
[2025-10-29T19:46:09.571+0530] {logging_mixin.py:188} INFO - [2025-10-29T19:46:09.570+0530] {dag.py:3096} INFO - Sync 1 DAGs
[2025-10-29T19:46:09.581+0530] {logging_mixin.py:188} INFO - [2025-10-29T19:46:09.580+0530] {dag.py:3954} INFO - Setting next_dagrun for example_bash_decorator to None, run_after=None
[2025-10-29T19:46:09.601+0530] {processor.py:183} INFO - Processing /home/logi/txtai/venv/lib/python3.10/site-packages/airflow/example_dags/example_bash_decorator.py took 0.109 seconds
[2025-10-29T19:47:30.083+0530] {processor.py:161} INFO - Started process (PID=18441) to work on /home/logi/txtai/venv/lib/python3.10/site-packages/airflow/example_dags/example_bash_decorator.py
[2025-10-29T19:47:30.085+0530] {processor.py:830} INFO - Processing file /home/logi/txtai/venv/lib/python3.10/site-packages/airflow/example_dags/example_bash_decorator.py for tasks to queue
[2025-10-29T19:47:30.086+0530] {logging_mixin.py:188} INFO - [2025-10-29T19:47:30.086+0530] {dagbag.py:545} INFO - Filling up the DagBag from /home/logi/txtai/venv/lib/python3.10/site-packages/airflow/example_dags/example_bash_decorator.py
[2025-10-29T19:47:30.100+0530] {processor.py:840} INFO - DAG(s) 'example_bash_decorator' retrieved from /home/logi/txtai/venv/lib/python3.10/site-packages/airflow/example_dags/example_bash_decorator.py
[2025-10-29T19:47:30.117+0530] {logging_mixin.py:188} INFO - [2025-10-29T19:47:30.117+0530] {dag.py:3096} INFO - Sync 1 DAGs
[2025-10-29T19:47:30.127+0530] {logging_mixin.py:188} INFO - [2025-10-29T19:47:30.127+0530] {dag.py:3954} INFO - Setting next_dagrun for example_bash_decorator to None, run_after=None
[2025-10-29T19:47:30.150+0530] {processor.py:183} INFO - Processing /home/logi/txtai/venv/lib/python3.10/site-packages/airflow/example_dags/example_bash_decorator.py took 0.073 seconds
[2025-10-29T19:48:52.193+0530] {processor.py:161} INFO - Started process (PID=18601) to work on /home/logi/txtai/venv/lib/python3.10/site-packages/airflow/example_dags/example_bash_decorator.py
[2025-10-29T19:48:52.206+0530] {processor.py:830} INFO - Processing file /home/logi/txtai/venv/lib/python3.10/site-packages/airflow/example_dags/example_bash_decorator.py for tasks to queue
[2025-10-29T19:48:52.209+0530] {logging_mixin.py:188} INFO - [2025-10-29T19:48:52.208+0530] {dagbag.py:545} INFO - Filling up the DagBag from /home/logi/txtai/venv/lib/python3.10/site-packages/airflow/example_dags/example_bash_decorator.py
[2025-10-29T19:48:52.236+0530] {processor.py:840} INFO - DAG(s) 'example_bash_decorator' retrieved from /home/logi/txtai/venv/lib/python3.10/site-packages/airflow/example_dags/example_bash_decorator.py
[2025-10-29T19:48:52.266+0530] {logging_mixin.py:188} INFO - [2025-10-29T19:48:52.266+0530] {dag.py:3096} INFO - Sync 1 DAGs
[2025-10-29T19:48:52.277+0530] {logging_mixin.py:188} INFO - [2025-10-29T19:48:52.276+0530] {dag.py:3954} INFO - Setting next_dagrun for example_bash_decorator to None, run_after=None
[2025-10-29T19:48:52.301+0530] {processor.py:183} INFO - Processing /home/logi/txtai/venv/lib/python3.10/site-packages/airflow/example_dags/example_bash_decorator.py took 0.121 seconds
[2025-10-29T19:49:47.332+0530] {processor.py:161} INFO - Started process (PID=18721) to work on /home/logi/txtai/venv/lib/python3.10/site-packages/airflow/example_dags/example_bash_decorator.py
[2025-10-29T19:49:47.346+0530] {processor.py:830} INFO - Processing file /home/logi/txtai/venv/lib/python3.10/site-packages/airflow/example_dags/example_bash_decorator.py for tasks to queue
[2025-10-29T19:49:47.349+0530] {logging_mixin.py:188} INFO - [2025-10-29T19:49:47.348+0530] {dagbag.py:545} INFO - Filling up the DagBag from /home/logi/txtai/venv/lib/python3.10/site-packages/airflow/example_dags/example_bash_decorator.py
[2025-10-29T19:49:47.373+0530] {processor.py:840} INFO - DAG(s) 'example_bash_decorator' retrieved from /home/logi/txtai/venv/lib/python3.10/site-packages/airflow/example_dags/example_bash_decorator.py
[2025-10-29T19:49:47.402+0530] {logging_mixin.py:188} INFO - [2025-10-29T19:49:47.401+0530] {dag.py:3096} INFO - Sync 1 DAGs
[2025-10-29T19:49:47.412+0530] {logging_mixin.py:188} INFO - [2025-10-29T19:49:47.411+0530] {dag.py:3954} INFO - Setting next_dagrun for example_bash_decorator to None, run_after=None
[2025-10-29T19:49:47.431+0530] {processor.py:183} INFO - Processing /home/logi/txtai/venv/lib/python3.10/site-packages/airflow/example_dags/example_bash_decorator.py took 0.111 seconds
[2025-10-29T19:51:06.741+0530] {processor.py:161} INFO - Started process (PID=18817) to work on /home/logi/txtai/venv/lib/python3.10/site-packages/airflow/example_dags/example_bash_decorator.py
[2025-10-29T19:51:06.754+0530] {processor.py:830} INFO - Processing file /home/logi/txtai/venv/lib/python3.10/site-packages/airflow/example_dags/example_bash_decorator.py for tasks to queue
[2025-10-29T19:51:06.757+0530] {logging_mixin.py:188} INFO - [2025-10-29T19:51:06.757+0530] {dagbag.py:545} INFO - Filling up the DagBag from /home/logi/txtai/venv/lib/python3.10/site-packages/airflow/example_dags/example_bash_decorator.py
[2025-10-29T19:51:06.781+0530] {processor.py:840} INFO - DAG(s) 'example_bash_decorator' retrieved from /home/logi/txtai/venv/lib/python3.10/site-packages/airflow/example_dags/example_bash_decorator.py
[2025-10-29T19:51:06.809+0530] {logging_mixin.py:188} INFO - [2025-10-29T19:51:06.809+0530] {dag.py:3096} INFO - Sync 1 DAGs
[2025-10-29T19:51:06.820+0530] {logging_mixin.py:188} INFO - [2025-10-29T19:51:06.819+0530] {dag.py:3954} INFO - Setting next_dagrun for example_bash_decorator to None, run_after=None
[2025-10-29T19:51:06.840+0530] {processor.py:183} INFO - Processing /home/logi/txtai/venv/lib/python3.10/site-packages/airflow/example_dags/example_bash_decorator.py took 0.111 seconds
[2025-10-29T19:52:01.088+0530] {processor.py:161} INFO - Started process (PID=18908) to work on /home/logi/txtai/venv/lib/python3.10/site-packages/airflow/example_dags/example_bash_decorator.py
[2025-10-29T19:52:01.102+0530] {processor.py:830} INFO - Processing file /home/logi/txtai/venv/lib/python3.10/site-packages/airflow/example_dags/example_bash_decorator.py for tasks to queue
[2025-10-29T19:52:01.106+0530] {logging_mixin.py:188} INFO - [2025-10-29T19:52:01.105+0530] {dagbag.py:545} INFO - Filling up the DagBag from /home/logi/txtai/venv/lib/python3.10/site-packages/airflow/example_dags/example_bash_decorator.py
[2025-10-29T19:52:01.130+0530] {processor.py:840} INFO - DAG(s) 'example_bash_decorator' retrieved from /home/logi/txtai/venv/lib/python3.10/site-packages/airflow/example_dags/example_bash_decorator.py
[2025-10-29T19:52:01.153+0530] {logging_mixin.py:188} INFO - [2025-10-29T19:52:01.153+0530] {dag.py:3096} INFO - Sync 1 DAGs
[2025-10-29T19:52:01.164+0530] {logging_mixin.py:188} INFO - [2025-10-29T19:52:01.164+0530] {dag.py:3954} INFO - Setting next_dagrun for example_bash_decorator to None, run_after=None
[2025-10-29T19:52:01.184+0530] {processor.py:183} INFO - Processing /home/logi/txtai/venv/lib/python3.10/site-packages/airflow/example_dags/example_bash_decorator.py took 0.107 seconds
[2025-10-29T19:53:16.995+0530] {processor.py:161} INFO - Started process (PID=19006) to work on /home/logi/txtai/venv/lib/python3.10/site-packages/airflow/example_dags/example_bash_decorator.py
[2025-10-29T19:53:17.009+0530] {processor.py:830} INFO - Processing file /home/logi/txtai/venv/lib/python3.10/site-packages/airflow/example_dags/example_bash_decorator.py for tasks to queue
[2025-10-29T19:53:17.012+0530] {logging_mixin.py:188} INFO - [2025-10-29T19:53:17.012+0530] {dagbag.py:545} INFO - Filling up the DagBag from /home/logi/txtai/venv/lib/python3.10/site-packages/airflow/example_dags/example_bash_decorator.py
[2025-10-29T19:53:17.036+0530] {processor.py:840} INFO - DAG(s) 'example_bash_decorator' retrieved from /home/logi/txtai/venv/lib/python3.10/site-packages/airflow/example_dags/example_bash_decorator.py
[2025-10-29T19:53:17.066+0530] {logging_mixin.py:188} INFO - [2025-10-29T19:53:17.065+0530] {dag.py:3096} INFO - Sync 1 DAGs
[2025-10-29T19:53:17.076+0530] {logging_mixin.py:188} INFO - [2025-10-29T19:53:17.076+0530] {dag.py:3954} INFO - Setting next_dagrun for example_bash_decorator to None, run_after=None
[2025-10-29T19:53:17.095+0530] {processor.py:183} INFO - Processing /home/logi/txtai/venv/lib/python3.10/site-packages/airflow/example_dags/example_bash_decorator.py took 0.113 seconds
[2025-10-29T19:54:37.769+0530] {processor.py:161} INFO - Started process (PID=19136) to work on /home/logi/txtai/venv/lib/python3.10/site-packages/airflow/example_dags/example_bash_decorator.py
[2025-10-29T19:54:37.782+0530] {processor.py:830} INFO - Processing file /home/logi/txtai/venv/lib/python3.10/site-packages/airflow/example_dags/example_bash_decorator.py for tasks to queue
[2025-10-29T19:54:37.785+0530] {logging_mixin.py:188} INFO - [2025-10-29T19:54:37.785+0530] {dagbag.py:545} INFO - Filling up the DagBag from /home/logi/txtai/venv/lib/python3.10/site-packages/airflow/example_dags/example_bash_decorator.py
[2025-10-29T19:54:37.808+0530] {processor.py:840} INFO - DAG(s) 'example_bash_decorator' retrieved from /home/logi/txtai/venv/lib/python3.10/site-packages/airflow/example_dags/example_bash_decorator.py
[2025-10-29T19:54:37.837+0530] {logging_mixin.py:188} INFO - [2025-10-29T19:54:37.836+0530] {dag.py:3096} INFO - Sync 1 DAGs
[2025-10-29T19:54:37.847+0530] {logging_mixin.py:188} INFO - [2025-10-29T19:54:37.847+0530] {dag.py:3954} INFO - Setting next_dagrun for example_bash_decorator to None, run_after=None
[2025-10-29T19:54:37.873+0530] {processor.py:183} INFO - Processing /home/logi/txtai/venv/lib/python3.10/site-packages/airflow/example_dags/example_bash_decorator.py took 0.115 seconds
[2025-10-29T19:55:34.682+0530] {processor.py:161} INFO - Started process (PID=19207) to work on /home/logi/txtai/venv/lib/python3.10/site-packages/airflow/example_dags/example_bash_decorator.py
[2025-10-29T19:55:34.695+0530] {processor.py:830} INFO - Processing file /home/logi/txtai/venv/lib/python3.10/site-packages/airflow/example_dags/example_bash_decorator.py for tasks to queue
[2025-10-29T19:55:34.698+0530] {logging_mixin.py:188} INFO - [2025-10-29T19:55:34.697+0530] {dagbag.py:545} INFO - Filling up the DagBag from /home/logi/txtai/venv/lib/python3.10/site-packages/airflow/example_dags/example_bash_decorator.py
[2025-10-29T19:55:34.720+0530] {processor.py:840} INFO - DAG(s) 'example_bash_decorator' retrieved from /home/logi/txtai/venv/lib/python3.10/site-packages/airflow/example_dags/example_bash_decorator.py
[2025-10-29T19:55:34.749+0530] {logging_mixin.py:188} INFO - [2025-10-29T19:55:34.749+0530] {dag.py:3096} INFO - Sync 1 DAGs
[2025-10-29T19:55:34.759+0530] {logging_mixin.py:188} INFO - [2025-10-29T19:55:34.759+0530] {dag.py:3954} INFO - Setting next_dagrun for example_bash_decorator to None, run_after=None
[2025-10-29T19:55:34.785+0530] {processor.py:183} INFO - Processing /home/logi/txtai/venv/lib/python3.10/site-packages/airflow/example_dags/example_bash_decorator.py took 0.114 seconds
[2025-10-29T19:56:55.607+0530] {processor.py:161} INFO - Started process (PID=19325) to work on /home/logi/txtai/venv/lib/python3.10/site-packages/airflow/example_dags/example_bash_decorator.py
[2025-10-29T19:56:55.620+0530] {processor.py:830} INFO - Processing file /home/logi/txtai/venv/lib/python3.10/site-packages/airflow/example_dags/example_bash_decorator.py for tasks to queue
[2025-10-29T19:56:55.623+0530] {logging_mixin.py:188} INFO - [2025-10-29T19:56:55.622+0530] {dagbag.py:545} INFO - Filling up the DagBag from /home/logi/txtai/venv/lib/python3.10/site-packages/airflow/example_dags/example_bash_decorator.py
[2025-10-29T19:56:55.643+0530] {processor.py:840} INFO - DAG(s) 'example_bash_decorator' retrieved from /home/logi/txtai/venv/lib/python3.10/site-packages/airflow/example_dags/example_bash_decorator.py
[2025-10-29T19:56:55.666+0530] {logging_mixin.py:188} INFO - [2025-10-29T19:56:55.666+0530] {dag.py:3096} INFO - Sync 1 DAGs
[2025-10-29T19:56:55.680+0530] {logging_mixin.py:188} INFO - [2025-10-29T19:56:55.679+0530] {dag.py:3954} INFO - Setting next_dagrun for example_bash_decorator to None, run_after=None
[2025-10-29T19:56:55.727+0530] {processor.py:183} INFO - Processing /home/logi/txtai/venv/lib/python3.10/site-packages/airflow/example_dags/example_bash_decorator.py took 0.130 seconds
[2025-10-29T19:58:19.647+0530] {processor.py:161} INFO - Started process (PID=19568) to work on /home/logi/txtai/venv/lib/python3.10/site-packages/airflow/example_dags/example_bash_decorator.py
[2025-10-29T19:58:19.649+0530] {processor.py:830} INFO - Processing file /home/logi/txtai/venv/lib/python3.10/site-packages/airflow/example_dags/example_bash_decorator.py for tasks to queue
[2025-10-29T19:58:19.652+0530] {logging_mixin.py:188} INFO - [2025-10-29T19:58:19.652+0530] {dagbag.py:545} INFO - Filling up the DagBag from /home/logi/txtai/venv/lib/python3.10/site-packages/airflow/example_dags/example_bash_decorator.py
[2025-10-29T19:58:19.684+0530] {processor.py:840} INFO - DAG(s) 'example_bash_decorator' retrieved from /home/logi/txtai/venv/lib/python3.10/site-packages/airflow/example_dags/example_bash_decorator.py
[2025-10-29T19:58:19.705+0530] {logging_mixin.py:188} INFO - [2025-10-29T19:58:19.705+0530] {dag.py:3096} INFO - Sync 1 DAGs
[2025-10-29T19:58:19.716+0530] {logging_mixin.py:188} INFO - [2025-10-29T19:58:19.716+0530] {dag.py:3954} INFO - Setting next_dagrun for example_bash_decorator to None, run_after=None
[2025-10-29T19:58:19.737+0530] {processor.py:183} INFO - Processing /home/logi/txtai/venv/lib/python3.10/site-packages/airflow/example_dags/example_bash_decorator.py took 0.102 seconds
[2025-10-29T19:59:15.899+0530] {processor.py:161} INFO - Started process (PID=19638) to work on /home/logi/txtai/venv/lib/python3.10/site-packages/airflow/example_dags/example_bash_decorator.py
[2025-10-29T19:59:15.912+0530] {processor.py:830} INFO - Processing file /home/logi/txtai/venv/lib/python3.10/site-packages/airflow/example_dags/example_bash_decorator.py for tasks to queue
[2025-10-29T19:59:15.915+0530] {logging_mixin.py:188} INFO - [2025-10-29T19:59:15.914+0530] {dagbag.py:545} INFO - Filling up the DagBag from /home/logi/txtai/venv/lib/python3.10/site-packages/airflow/example_dags/example_bash_decorator.py
[2025-10-29T19:59:15.938+0530] {processor.py:840} INFO - DAG(s) 'example_bash_decorator' retrieved from /home/logi/txtai/venv/lib/python3.10/site-packages/airflow/example_dags/example_bash_decorator.py
[2025-10-29T19:59:15.967+0530] {logging_mixin.py:188} INFO - [2025-10-29T19:59:15.967+0530] {dag.py:3096} INFO - Sync 1 DAGs
[2025-10-29T19:59:15.977+0530] {logging_mixin.py:188} INFO - [2025-10-29T19:59:15.976+0530] {dag.py:3954} INFO - Setting next_dagrun for example_bash_decorator to None, run_after=None
[2025-10-29T19:59:15.997+0530] {processor.py:183} INFO - Processing /home/logi/txtai/venv/lib/python3.10/site-packages/airflow/example_dags/example_bash_decorator.py took 0.110 seconds
[2025-10-29T20:00:34.282+0530] {processor.py:161} INFO - Started process (PID=19804) to work on /home/logi/txtai/venv/lib/python3.10/site-packages/airflow/example_dags/example_bash_decorator.py
[2025-10-29T20:00:34.295+0530] {processor.py:830} INFO - Processing file /home/logi/txtai/venv/lib/python3.10/site-packages/airflow/example_dags/example_bash_decorator.py for tasks to queue
[2025-10-29T20:00:34.298+0530] {logging_mixin.py:188} INFO - [2025-10-29T20:00:34.297+0530] {dagbag.py:545} INFO - Filling up the DagBag from /home/logi/txtai/venv/lib/python3.10/site-packages/airflow/example_dags/example_bash_decorator.py
[2025-10-29T20:00:34.322+0530] {processor.py:840} INFO - DAG(s) 'example_bash_decorator' retrieved from /home/logi/txtai/venv/lib/python3.10/site-packages/airflow/example_dags/example_bash_decorator.py
[2025-10-29T20:00:34.351+0530] {logging_mixin.py:188} INFO - [2025-10-29T20:00:34.351+0530] {dag.py:3096} INFO - Sync 1 DAGs
[2025-10-29T20:00:34.363+0530] {logging_mixin.py:188} INFO - [2025-10-29T20:00:34.362+0530] {dag.py:3954} INFO - Setting next_dagrun for example_bash_decorator to None, run_after=None
[2025-10-29T20:00:34.384+0530] {processor.py:183} INFO - Processing /home/logi/txtai/venv/lib/python3.10/site-packages/airflow/example_dags/example_bash_decorator.py took 0.113 seconds
[2025-10-29T20:01:32.797+0530] {processor.py:161} INFO - Started process (PID=19950) to work on /home/logi/txtai/venv/lib/python3.10/site-packages/airflow/example_dags/example_bash_decorator.py
[2025-10-29T20:01:32.810+0530] {processor.py:830} INFO - Processing file /home/logi/txtai/venv/lib/python3.10/site-packages/airflow/example_dags/example_bash_decorator.py for tasks to queue
[2025-10-29T20:01:32.814+0530] {logging_mixin.py:188} INFO - [2025-10-29T20:01:32.813+0530] {dagbag.py:545} INFO - Filling up the DagBag from /home/logi/txtai/venv/lib/python3.10/site-packages/airflow/example_dags/example_bash_decorator.py
[2025-10-29T20:01:32.837+0530] {processor.py:840} INFO - DAG(s) 'example_bash_decorator' retrieved from /home/logi/txtai/venv/lib/python3.10/site-packages/airflow/example_dags/example_bash_decorator.py
[2025-10-29T20:01:32.865+0530] {logging_mixin.py:188} INFO - [2025-10-29T20:01:32.865+0530] {dag.py:3096} INFO - Sync 1 DAGs
[2025-10-29T20:01:32.875+0530] {logging_mixin.py:188} INFO - [2025-10-29T20:01:32.875+0530] {dag.py:3954} INFO - Setting next_dagrun for example_bash_decorator to None, run_after=None
[2025-10-29T20:01:32.903+0530] {processor.py:183} INFO - Processing /home/logi/txtai/venv/lib/python3.10/site-packages/airflow/example_dags/example_bash_decorator.py took 0.119 seconds
[2025-10-29T20:02:55.370+0530] {processor.py:161} INFO - Started process (PID=20125) to work on /home/logi/txtai/venv/lib/python3.10/site-packages/airflow/example_dags/example_bash_decorator.py
[2025-10-29T20:02:55.383+0530] {processor.py:830} INFO - Processing file /home/logi/txtai/venv/lib/python3.10/site-packages/airflow/example_dags/example_bash_decorator.py for tasks to queue
[2025-10-29T20:02:55.386+0530] {logging_mixin.py:188} INFO - [2025-10-29T20:02:55.386+0530] {dagbag.py:545} INFO - Filling up the DagBag from /home/logi/txtai/venv/lib/python3.10/site-packages/airflow/example_dags/example_bash_decorator.py
[2025-10-29T20:02:55.409+0530] {processor.py:840} INFO - DAG(s) 'example_bash_decorator' retrieved from /home/logi/txtai/venv/lib/python3.10/site-packages/airflow/example_dags/example_bash_decorator.py
[2025-10-29T20:02:55.438+0530] {logging_mixin.py:188} INFO - [2025-10-29T20:02:55.437+0530] {dag.py:3096} INFO - Sync 1 DAGs
[2025-10-29T20:02:55.448+0530] {logging_mixin.py:188} INFO - [2025-10-29T20:02:55.448+0530] {dag.py:3954} INFO - Setting next_dagrun for example_bash_decorator to None, run_after=None
[2025-10-29T20:02:55.474+0530] {processor.py:183} INFO - Processing /home/logi/txtai/venv/lib/python3.10/site-packages/airflow/example_dags/example_bash_decorator.py took 0.117 seconds
[2025-10-29T20:03:55.905+0530] {processor.py:161} INFO - Started process (PID=20243) to work on /home/logi/txtai/venv/lib/python3.10/site-packages/airflow/example_dags/example_bash_decorator.py
[2025-10-29T20:03:55.919+0530] {processor.py:830} INFO - Processing file /home/logi/txtai/venv/lib/python3.10/site-packages/airflow/example_dags/example_bash_decorator.py for tasks to queue
[2025-10-29T20:03:55.922+0530] {logging_mixin.py:188} INFO - [2025-10-29T20:03:55.921+0530] {dagbag.py:545} INFO - Filling up the DagBag from /home/logi/txtai/venv/lib/python3.10/site-packages/airflow/example_dags/example_bash_decorator.py
[2025-10-29T20:03:55.946+0530] {processor.py:840} INFO - DAG(s) 'example_bash_decorator' retrieved from /home/logi/txtai/venv/lib/python3.10/site-packages/airflow/example_dags/example_bash_decorator.py
[2025-10-29T20:03:55.975+0530] {logging_mixin.py:188} INFO - [2025-10-29T20:03:55.974+0530] {dag.py:3096} INFO - Sync 1 DAGs
[2025-10-29T20:03:55.985+0530] {logging_mixin.py:188} INFO - [2025-10-29T20:03:55.985+0530] {dag.py:3954} INFO - Setting next_dagrun for example_bash_decorator to None, run_after=None
[2025-10-29T20:03:56.012+0530] {processor.py:183} INFO - Processing /home/logi/txtai/venv/lib/python3.10/site-packages/airflow/example_dags/example_bash_decorator.py took 0.118 seconds
[2025-10-29T20:04:59.639+0530] {processor.py:161} INFO - Started process (PID=20394) to work on /home/logi/txtai/venv/lib/python3.10/site-packages/airflow/example_dags/example_bash_decorator.py
[2025-10-29T20:04:59.652+0530] {processor.py:830} INFO - Processing file /home/logi/txtai/venv/lib/python3.10/site-packages/airflow/example_dags/example_bash_decorator.py for tasks to queue
[2025-10-29T20:04:59.656+0530] {logging_mixin.py:188} INFO - [2025-10-29T20:04:59.655+0530] {dagbag.py:545} INFO - Filling up the DagBag from /home/logi/txtai/venv/lib/python3.10/site-packages/airflow/example_dags/example_bash_decorator.py
[2025-10-29T20:04:59.680+0530] {processor.py:840} INFO - DAG(s) 'example_bash_decorator' retrieved from /home/logi/txtai/venv/lib/python3.10/site-packages/airflow/example_dags/example_bash_decorator.py
[2025-10-29T20:04:59.711+0530] {logging_mixin.py:188} INFO - [2025-10-29T20:04:59.711+0530] {dag.py:3096} INFO - Sync 1 DAGs
[2025-10-29T20:04:59.722+0530] {logging_mixin.py:188} INFO - [2025-10-29T20:04:59.721+0530] {dag.py:3954} INFO - Setting next_dagrun for example_bash_decorator to None, run_after=None
[2025-10-29T20:04:59.757+0530] {processor.py:183} INFO - Processing /home/logi/txtai/venv/lib/python3.10/site-packages/airflow/example_dags/example_bash_decorator.py took 0.139 seconds
[2025-10-29T20:06:01.236+0530] {processor.py:161} INFO - Started process (PID=20516) to work on /home/logi/txtai/venv/lib/python3.10/site-packages/airflow/example_dags/example_bash_decorator.py
[2025-10-29T20:06:01.250+0530] {processor.py:830} INFO - Processing file /home/logi/txtai/venv/lib/python3.10/site-packages/airflow/example_dags/example_bash_decorator.py for tasks to queue
[2025-10-29T20:06:01.254+0530] {logging_mixin.py:188} INFO - [2025-10-29T20:06:01.253+0530] {dagbag.py:545} INFO - Filling up the DagBag from /home/logi/txtai/venv/lib/python3.10/site-packages/airflow/example_dags/example_bash_decorator.py
[2025-10-29T20:06:01.286+0530] {processor.py:840} INFO - DAG(s) 'example_bash_decorator' retrieved from /home/logi/txtai/venv/lib/python3.10/site-packages/airflow/example_dags/example_bash_decorator.py
[2025-10-29T20:06:01.309+0530] {logging_mixin.py:188} INFO - [2025-10-29T20:06:01.309+0530] {dag.py:3096} INFO - Sync 1 DAGs
[2025-10-29T20:06:01.319+0530] {logging_mixin.py:188} INFO - [2025-10-29T20:06:01.319+0530] {dag.py:3954} INFO - Setting next_dagrun for example_bash_decorator to None, run_after=None
[2025-10-29T20:06:01.346+0530] {processor.py:183} INFO - Processing /home/logi/txtai/venv/lib/python3.10/site-packages/airflow/example_dags/example_bash_decorator.py took 0.121 seconds
[2025-10-29T20:06:58.621+0530] {processor.py:161} INFO - Started process (PID=20629) to work on /home/logi/txtai/venv/lib/python3.10/site-packages/airflow/example_dags/example_bash_decorator.py
[2025-10-29T20:06:58.634+0530] {processor.py:830} INFO - Processing file /home/logi/txtai/venv/lib/python3.10/site-packages/airflow/example_dags/example_bash_decorator.py for tasks to queue
[2025-10-29T20:06:58.637+0530] {logging_mixin.py:188} INFO - [2025-10-29T20:06:58.636+0530] {dagbag.py:545} INFO - Filling up the DagBag from /home/logi/txtai/venv/lib/python3.10/site-packages/airflow/example_dags/example_bash_decorator.py
[2025-10-29T20:06:58.661+0530] {processor.py:840} INFO - DAG(s) 'example_bash_decorator' retrieved from /home/logi/txtai/venv/lib/python3.10/site-packages/airflow/example_dags/example_bash_decorator.py
[2025-10-29T20:06:58.682+0530] {logging_mixin.py:188} INFO - [2025-10-29T20:06:58.681+0530] {dag.py:3096} INFO - Sync 1 DAGs
[2025-10-29T20:06:58.693+0530] {logging_mixin.py:188} INFO - [2025-10-29T20:06:58.692+0530] {dag.py:3954} INFO - Setting next_dagrun for example_bash_decorator to None, run_after=None
[2025-10-29T20:06:58.713+0530] {processor.py:183} INFO - Processing /home/logi/txtai/venv/lib/python3.10/site-packages/airflow/example_dags/example_bash_decorator.py took 0.100 seconds
[2025-10-29T20:08:24.176+0530] {processor.py:161} INFO - Started process (PID=20801) to work on /home/logi/txtai/venv/lib/python3.10/site-packages/airflow/example_dags/example_bash_decorator.py
[2025-10-29T20:08:24.190+0530] {processor.py:830} INFO - Processing file /home/logi/txtai/venv/lib/python3.10/site-packages/airflow/example_dags/example_bash_decorator.py for tasks to queue
[2025-10-29T20:08:24.194+0530] {logging_mixin.py:188} INFO - [2025-10-29T20:08:24.193+0530] {dagbag.py:545} INFO - Filling up the DagBag from /home/logi/txtai/venv/lib/python3.10/site-packages/airflow/example_dags/example_bash_decorator.py
[2025-10-29T20:08:24.221+0530] {processor.py:840} INFO - DAG(s) 'example_bash_decorator' retrieved from /home/logi/txtai/venv/lib/python3.10/site-packages/airflow/example_dags/example_bash_decorator.py
[2025-10-29T20:08:24.251+0530] {logging_mixin.py:188} INFO - [2025-10-29T20:08:24.250+0530] {dag.py:3096} INFO - Sync 1 DAGs
[2025-10-29T20:08:24.261+0530] {logging_mixin.py:188} INFO - [2025-10-29T20:08:24.261+0530] {dag.py:3954} INFO - Setting next_dagrun for example_bash_decorator to None, run_after=None
[2025-10-29T20:08:24.286+0530] {processor.py:183} INFO - Processing /home/logi/txtai/venv/lib/python3.10/site-packages/airflow/example_dags/example_bash_decorator.py took 0.120 seconds
[2025-10-29T20:09:23.831+0530] {processor.py:161} INFO - Started process (PID=20914) to work on /home/logi/txtai/venv/lib/python3.10/site-packages/airflow/example_dags/example_bash_decorator.py
[2025-10-29T20:09:23.844+0530] {processor.py:830} INFO - Processing file /home/logi/txtai/venv/lib/python3.10/site-packages/airflow/example_dags/example_bash_decorator.py for tasks to queue
[2025-10-29T20:09:23.848+0530] {logging_mixin.py:188} INFO - [2025-10-29T20:09:23.847+0530] {dagbag.py:545} INFO - Filling up the DagBag from /home/logi/txtai/venv/lib/python3.10/site-packages/airflow/example_dags/example_bash_decorator.py
[2025-10-29T20:09:23.872+0530] {processor.py:840} INFO - DAG(s) 'example_bash_decorator' retrieved from /home/logi/txtai/venv/lib/python3.10/site-packages/airflow/example_dags/example_bash_decorator.py
[2025-10-29T20:09:23.903+0530] {logging_mixin.py:188} INFO - [2025-10-29T20:09:23.903+0530] {dag.py:3096} INFO - Sync 1 DAGs
[2025-10-29T20:09:23.913+0530] {logging_mixin.py:188} INFO - [2025-10-29T20:09:23.913+0530] {dag.py:3954} INFO - Setting next_dagrun for example_bash_decorator to None, run_after=None
[2025-10-29T20:09:23.942+0530] {processor.py:183} INFO - Processing /home/logi/txtai/venv/lib/python3.10/site-packages/airflow/example_dags/example_bash_decorator.py took 0.123 seconds
[2025-10-29T20:10:20.585+0530] {processor.py:161} INFO - Started process (PID=21055) to work on /home/logi/txtai/venv/lib/python3.10/site-packages/airflow/example_dags/example_bash_decorator.py
[2025-10-29T20:10:20.599+0530] {processor.py:830} INFO - Processing file /home/logi/txtai/venv/lib/python3.10/site-packages/airflow/example_dags/example_bash_decorator.py for tasks to queue
[2025-10-29T20:10:20.602+0530] {logging_mixin.py:188} INFO - [2025-10-29T20:10:20.601+0530] {dagbag.py:545} INFO - Filling up the DagBag from /home/logi/txtai/venv/lib/python3.10/site-packages/airflow/example_dags/example_bash_decorator.py
[2025-10-29T20:10:20.626+0530] {processor.py:840} INFO - DAG(s) 'example_bash_decorator' retrieved from /home/logi/txtai/venv/lib/python3.10/site-packages/airflow/example_dags/example_bash_decorator.py
[2025-10-29T20:10:20.651+0530] {logging_mixin.py:188} INFO - [2025-10-29T20:10:20.650+0530] {dag.py:3096} INFO - Sync 1 DAGs
[2025-10-29T20:10:20.661+0530] {logging_mixin.py:188} INFO - [2025-10-29T20:10:20.660+0530] {dag.py:3954} INFO - Setting next_dagrun for example_bash_decorator to None, run_after=None
[2025-10-29T20:10:20.680+0530] {processor.py:183} INFO - Processing /home/logi/txtai/venv/lib/python3.10/site-packages/airflow/example_dags/example_bash_decorator.py took 0.107 seconds
[2025-10-29T20:11:42.239+0530] {processor.py:161} INFO - Started process (PID=21216) to work on /home/logi/txtai/venv/lib/python3.10/site-packages/airflow/example_dags/example_bash_decorator.py
[2025-10-29T20:11:42.242+0530] {processor.py:830} INFO - Processing file /home/logi/txtai/venv/lib/python3.10/site-packages/airflow/example_dags/example_bash_decorator.py for tasks to queue
[2025-10-29T20:11:42.245+0530] {logging_mixin.py:188} INFO - [2025-10-29T20:11:42.244+0530] {dagbag.py:545} INFO - Filling up the DagBag from /home/logi/txtai/venv/lib/python3.10/site-packages/airflow/example_dags/example_bash_decorator.py
[2025-10-29T20:11:42.269+0530] {processor.py:840} INFO - DAG(s) 'example_bash_decorator' retrieved from /home/logi/txtai/venv/lib/python3.10/site-packages/airflow/example_dags/example_bash_decorator.py
[2025-10-29T20:11:42.289+0530] {logging_mixin.py:188} INFO - [2025-10-29T20:11:42.289+0530] {dag.py:3096} INFO - Sync 1 DAGs
[2025-10-29T20:11:42.299+0530] {logging_mixin.py:188} INFO - [2025-10-29T20:11:42.299+0530] {dag.py:3954} INFO - Setting next_dagrun for example_bash_decorator to None, run_after=None
[2025-10-29T20:11:42.318+0530] {processor.py:183} INFO - Processing /home/logi/txtai/venv/lib/python3.10/site-packages/airflow/example_dags/example_bash_decorator.py took 0.091 seconds
[2025-10-29T20:12:58.716+0530] {processor.py:161} INFO - Started process (PID=21375) to work on /home/logi/txtai/venv/lib/python3.10/site-packages/airflow/example_dags/example_bash_decorator.py
[2025-10-29T20:12:58.729+0530] {processor.py:830} INFO - Processing file /home/logi/txtai/venv/lib/python3.10/site-packages/airflow/example_dags/example_bash_decorator.py for tasks to queue
[2025-10-29T20:12:58.732+0530] {logging_mixin.py:188} INFO - [2025-10-29T20:12:58.732+0530] {dagbag.py:545} INFO - Filling up the DagBag from /home/logi/txtai/venv/lib/python3.10/site-packages/airflow/example_dags/example_bash_decorator.py
[2025-10-29T20:12:58.755+0530] {processor.py:840} INFO - DAG(s) 'example_bash_decorator' retrieved from /home/logi/txtai/venv/lib/python3.10/site-packages/airflow/example_dags/example_bash_decorator.py
[2025-10-29T20:12:58.782+0530] {logging_mixin.py:188} INFO - [2025-10-29T20:12:58.781+0530] {dag.py:3096} INFO - Sync 1 DAGs
[2025-10-29T20:12:58.792+0530] {logging_mixin.py:188} INFO - [2025-10-29T20:12:58.792+0530] {dag.py:3954} INFO - Setting next_dagrun for example_bash_decorator to None, run_after=None
[2025-10-29T20:12:58.820+0530] {processor.py:183} INFO - Processing /home/logi/txtai/venv/lib/python3.10/site-packages/airflow/example_dags/example_bash_decorator.py took 0.115 seconds
[2025-10-29T20:14:17.391+0530] {processor.py:161} INFO - Started process (PID=21604) to work on /home/logi/txtai/venv/lib/python3.10/site-packages/airflow/example_dags/example_bash_decorator.py
[2025-10-29T20:14:17.405+0530] {processor.py:830} INFO - Processing file /home/logi/txtai/venv/lib/python3.10/site-packages/airflow/example_dags/example_bash_decorator.py for tasks to queue
[2025-10-29T20:14:17.408+0530] {logging_mixin.py:188} INFO - [2025-10-29T20:14:17.407+0530] {dagbag.py:545} INFO - Filling up the DagBag from /home/logi/txtai/venv/lib/python3.10/site-packages/airflow/example_dags/example_bash_decorator.py
[2025-10-29T20:14:17.431+0530] {processor.py:840} INFO - DAG(s) 'example_bash_decorator' retrieved from /home/logi/txtai/venv/lib/python3.10/site-packages/airflow/example_dags/example_bash_decorator.py
[2025-10-29T20:14:17.461+0530] {logging_mixin.py:188} INFO - [2025-10-29T20:14:17.460+0530] {dag.py:3096} INFO - Sync 1 DAGs
[2025-10-29T20:14:17.471+0530] {logging_mixin.py:188} INFO - [2025-10-29T20:14:17.471+0530] {dag.py:3954} INFO - Setting next_dagrun for example_bash_decorator to None, run_after=None
[2025-10-29T20:14:17.490+0530] {processor.py:183} INFO - Processing /home/logi/txtai/venv/lib/python3.10/site-packages/airflow/example_dags/example_bash_decorator.py took 0.111 seconds
[2025-10-29T20:15:44.998+0530] {processor.py:161} INFO - Started process (PID=21932) to work on /home/logi/txtai/venv/lib/python3.10/site-packages/airflow/example_dags/example_bash_decorator.py
[2025-10-29T20:15:45.011+0530] {processor.py:830} INFO - Processing file /home/logi/txtai/venv/lib/python3.10/site-packages/airflow/example_dags/example_bash_decorator.py for tasks to queue
[2025-10-29T20:15:45.014+0530] {logging_mixin.py:188} INFO - [2025-10-29T20:15:45.013+0530] {dagbag.py:545} INFO - Filling up the DagBag from /home/logi/txtai/venv/lib/python3.10/site-packages/airflow/example_dags/example_bash_decorator.py
[2025-10-29T20:15:45.037+0530] {processor.py:840} INFO - DAG(s) 'example_bash_decorator' retrieved from /home/logi/txtai/venv/lib/python3.10/site-packages/airflow/example_dags/example_bash_decorator.py
[2025-10-29T20:15:45.069+0530] {logging_mixin.py:188} INFO - [2025-10-29T20:15:45.068+0530] {dag.py:3096} INFO - Sync 1 DAGs
[2025-10-29T20:15:45.085+0530] {logging_mixin.py:188} INFO - [2025-10-29T20:15:45.085+0530] {dag.py:3954} INFO - Setting next_dagrun for example_bash_decorator to None, run_after=None
[2025-10-29T20:15:45.112+0530] {processor.py:183} INFO - Processing /home/logi/txtai/venv/lib/python3.10/site-packages/airflow/example_dags/example_bash_decorator.py took 0.125 seconds
[2025-10-29T20:17:00.266+0530] {processor.py:161} INFO - Started process (PID=22041) to work on /home/logi/txtai/venv/lib/python3.10/site-packages/airflow/example_dags/example_bash_decorator.py
[2025-10-29T20:17:00.279+0530] {processor.py:830} INFO - Processing file /home/logi/txtai/venv/lib/python3.10/site-packages/airflow/example_dags/example_bash_decorator.py for tasks to queue
[2025-10-29T20:17:00.282+0530] {logging_mixin.py:188} INFO - [2025-10-29T20:17:00.282+0530] {dagbag.py:545} INFO - Filling up the DagBag from /home/logi/txtai/venv/lib/python3.10/site-packages/airflow/example_dags/example_bash_decorator.py
[2025-10-29T20:17:00.295+0530] {processor.py:840} INFO - DAG(s) 'example_bash_decorator' retrieved from /home/logi/txtai/venv/lib/python3.10/site-packages/airflow/example_dags/example_bash_decorator.py
[2025-10-29T20:17:00.313+0530] {logging_mixin.py:188} INFO - [2025-10-29T20:17:00.313+0530] {dag.py:3096} INFO - Sync 1 DAGs
[2025-10-29T20:17:00.324+0530] {logging_mixin.py:188} INFO - [2025-10-29T20:17:00.323+0530] {dag.py:3954} INFO - Setting next_dagrun for example_bash_decorator to None, run_after=None
[2025-10-29T20:17:00.343+0530] {processor.py:183} INFO - Processing /home/logi/txtai/venv/lib/python3.10/site-packages/airflow/example_dags/example_bash_decorator.py took 0.083 seconds
[2025-10-29T20:18:14.984+0530] {processor.py:161} INFO - Started process (PID=22143) to work on /home/logi/txtai/venv/lib/python3.10/site-packages/airflow/example_dags/example_bash_decorator.py
[2025-10-29T20:18:14.998+0530] {processor.py:830} INFO - Processing file /home/logi/txtai/venv/lib/python3.10/site-packages/airflow/example_dags/example_bash_decorator.py for tasks to queue
[2025-10-29T20:18:15.001+0530] {logging_mixin.py:188} INFO - [2025-10-29T20:18:15.000+0530] {dagbag.py:545} INFO - Filling up the DagBag from /home/logi/txtai/venv/lib/python3.10/site-packages/airflow/example_dags/example_bash_decorator.py
[2025-10-29T20:18:15.024+0530] {processor.py:840} INFO - DAG(s) 'example_bash_decorator' retrieved from /home/logi/txtai/venv/lib/python3.10/site-packages/airflow/example_dags/example_bash_decorator.py
[2025-10-29T20:18:15.054+0530] {logging_mixin.py:188} INFO - [2025-10-29T20:18:15.054+0530] {dag.py:3096} INFO - Sync 1 DAGs
[2025-10-29T20:18:15.065+0530] {logging_mixin.py:188} INFO - [2025-10-29T20:18:15.064+0530] {dag.py:3954} INFO - Setting next_dagrun for example_bash_decorator to None, run_after=None
[2025-10-29T20:18:15.091+0530] {processor.py:183} INFO - Processing /home/logi/txtai/venv/lib/python3.10/site-packages/airflow/example_dags/example_bash_decorator.py took 0.119 seconds
[2025-10-29T20:19:38.014+0530] {processor.py:161} INFO - Started process (PID=22354) to work on /home/logi/txtai/venv/lib/python3.10/site-packages/airflow/example_dags/example_bash_decorator.py
[2025-10-29T20:19:38.028+0530] {processor.py:830} INFO - Processing file /home/logi/txtai/venv/lib/python3.10/site-packages/airflow/example_dags/example_bash_decorator.py for tasks to queue
[2025-10-29T20:19:38.032+0530] {logging_mixin.py:188} INFO - [2025-10-29T20:19:38.031+0530] {dagbag.py:545} INFO - Filling up the DagBag from /home/logi/txtai/venv/lib/python3.10/site-packages/airflow/example_dags/example_bash_decorator.py
[2025-10-29T20:19:38.056+0530] {processor.py:840} INFO - DAG(s) 'example_bash_decorator' retrieved from /home/logi/txtai/venv/lib/python3.10/site-packages/airflow/example_dags/example_bash_decorator.py
[2025-10-29T20:19:38.085+0530] {logging_mixin.py:188} INFO - [2025-10-29T20:19:38.085+0530] {dag.py:3096} INFO - Sync 1 DAGs
[2025-10-29T20:19:38.096+0530] {logging_mixin.py:188} INFO - [2025-10-29T20:19:38.096+0530] {dag.py:3954} INFO - Setting next_dagrun for example_bash_decorator to None, run_after=None
[2025-10-29T20:19:38.117+0530] {processor.py:183} INFO - Processing /home/logi/txtai/venv/lib/python3.10/site-packages/airflow/example_dags/example_bash_decorator.py took 0.114 seconds
[2025-10-29T20:20:59.237+0530] {processor.py:161} INFO - Started process (PID=22476) to work on /home/logi/txtai/venv/lib/python3.10/site-packages/airflow/example_dags/example_bash_decorator.py
[2025-10-29T20:20:59.239+0530] {processor.py:830} INFO - Processing file /home/logi/txtai/venv/lib/python3.10/site-packages/airflow/example_dags/example_bash_decorator.py for tasks to queue
[2025-10-29T20:20:59.242+0530] {logging_mixin.py:188} INFO - [2025-10-29T20:20:59.241+0530] {dagbag.py:545} INFO - Filling up the DagBag from /home/logi/txtai/venv/lib/python3.10/site-packages/airflow/example_dags/example_bash_decorator.py
[2025-10-29T20:20:59.264+0530] {processor.py:840} INFO - DAG(s) 'example_bash_decorator' retrieved from /home/logi/txtai/venv/lib/python3.10/site-packages/airflow/example_dags/example_bash_decorator.py
[2025-10-29T20:20:59.285+0530] {logging_mixin.py:188} INFO - [2025-10-29T20:20:59.285+0530] {dag.py:3096} INFO - Sync 1 DAGs
[2025-10-29T20:20:59.295+0530] {logging_mixin.py:188} INFO - [2025-10-29T20:20:59.295+0530] {dag.py:3954} INFO - Setting next_dagrun for example_bash_decorator to None, run_after=None
[2025-10-29T20:20:59.315+0530] {processor.py:183} INFO - Processing /home/logi/txtai/venv/lib/python3.10/site-packages/airflow/example_dags/example_bash_decorator.py took 0.090 seconds
[2025-10-29T20:21:54.803+0530] {processor.py:161} INFO - Started process (PID=22543) to work on /home/logi/txtai/venv/lib/python3.10/site-packages/airflow/example_dags/example_bash_decorator.py
[2025-10-29T20:21:54.817+0530] {processor.py:830} INFO - Processing file /home/logi/txtai/venv/lib/python3.10/site-packages/airflow/example_dags/example_bash_decorator.py for tasks to queue
[2025-10-29T20:21:54.820+0530] {logging_mixin.py:188} INFO - [2025-10-29T20:21:54.819+0530] {dagbag.py:545} INFO - Filling up the DagBag from /home/logi/txtai/venv/lib/python3.10/site-packages/airflow/example_dags/example_bash_decorator.py
[2025-10-29T20:21:54.842+0530] {processor.py:840} INFO - DAG(s) 'example_bash_decorator' retrieved from /home/logi/txtai/venv/lib/python3.10/site-packages/airflow/example_dags/example_bash_decorator.py
[2025-10-29T20:21:54.871+0530] {logging_mixin.py:188} INFO - [2025-10-29T20:21:54.871+0530] {dag.py:3096} INFO - Sync 1 DAGs
[2025-10-29T20:21:54.879+0530] {logging_mixin.py:188} INFO - [2025-10-29T20:21:54.879+0530] {dag.py:3954} INFO - Setting next_dagrun for example_bash_decorator to None, run_after=None
[2025-10-29T20:21:54.896+0530] {processor.py:183} INFO - Processing /home/logi/txtai/venv/lib/python3.10/site-packages/airflow/example_dags/example_bash_decorator.py took 0.104 seconds
[2025-10-29T20:22:50.919+0530] {processor.py:161} INFO - Started process (PID=22614) to work on /home/logi/txtai/venv/lib/python3.10/site-packages/airflow/example_dags/example_bash_decorator.py
[2025-10-29T20:22:50.933+0530] {processor.py:830} INFO - Processing file /home/logi/txtai/venv/lib/python3.10/site-packages/airflow/example_dags/example_bash_decorator.py for tasks to queue
[2025-10-29T20:22:50.936+0530] {logging_mixin.py:188} INFO - [2025-10-29T20:22:50.936+0530] {dagbag.py:545} INFO - Filling up the DagBag from /home/logi/txtai/venv/lib/python3.10/site-packages/airflow/example_dags/example_bash_decorator.py
[2025-10-29T20:22:50.960+0530] {processor.py:840} INFO - DAG(s) 'example_bash_decorator' retrieved from /home/logi/txtai/venv/lib/python3.10/site-packages/airflow/example_dags/example_bash_decorator.py
[2025-10-29T20:22:50.988+0530] {logging_mixin.py:188} INFO - [2025-10-29T20:22:50.987+0530] {dag.py:3096} INFO - Sync 1 DAGs
[2025-10-29T20:22:50.998+0530] {logging_mixin.py:188} INFO - [2025-10-29T20:22:50.998+0530] {dag.py:3954} INFO - Setting next_dagrun for example_bash_decorator to None, run_after=None
[2025-10-29T20:22:51.026+0530] {processor.py:183} INFO - Processing /home/logi/txtai/venv/lib/python3.10/site-packages/airflow/example_dags/example_bash_decorator.py took 0.118 seconds
[2025-10-29T20:24:12.885+0530] {processor.py:161} INFO - Started process (PID=22734) to work on /home/logi/txtai/venv/lib/python3.10/site-packages/airflow/example_dags/example_bash_decorator.py
[2025-10-29T20:24:12.888+0530] {processor.py:830} INFO - Processing file /home/logi/txtai/venv/lib/python3.10/site-packages/airflow/example_dags/example_bash_decorator.py for tasks to queue
[2025-10-29T20:24:12.891+0530] {logging_mixin.py:188} INFO - [2025-10-29T20:24:12.891+0530] {dagbag.py:545} INFO - Filling up the DagBag from /home/logi/txtai/venv/lib/python3.10/site-packages/airflow/example_dags/example_bash_decorator.py
[2025-10-29T20:24:12.914+0530] {processor.py:840} INFO - DAG(s) 'example_bash_decorator' retrieved from /home/logi/txtai/venv/lib/python3.10/site-packages/airflow/example_dags/example_bash_decorator.py
[2025-10-29T20:24:12.933+0530] {logging_mixin.py:188} INFO - [2025-10-29T20:24:12.933+0530] {dag.py:3096} INFO - Sync 1 DAGs
[2025-10-29T20:24:12.945+0530] {logging_mixin.py:188} INFO - [2025-10-29T20:24:12.945+0530] {dag.py:3954} INFO - Setting next_dagrun for example_bash_decorator to None, run_after=None
[2025-10-29T20:24:12.965+0530] {processor.py:183} INFO - Processing /home/logi/txtai/venv/lib/python3.10/site-packages/airflow/example_dags/example_bash_decorator.py took 0.090 seconds
[2025-10-29T20:25:08.421+0530] {processor.py:161} INFO - Started process (PID=22884) to work on /home/logi/txtai/venv/lib/python3.10/site-packages/airflow/example_dags/example_bash_decorator.py
[2025-10-29T20:25:08.425+0530] {processor.py:830} INFO - Processing file /home/logi/txtai/venv/lib/python3.10/site-packages/airflow/example_dags/example_bash_decorator.py for tasks to queue
[2025-10-29T20:25:08.428+0530] {logging_mixin.py:188} INFO - [2025-10-29T20:25:08.428+0530] {dagbag.py:545} INFO - Filling up the DagBag from /home/logi/txtai/venv/lib/python3.10/site-packages/airflow/example_dags/example_bash_decorator.py
[2025-10-29T20:25:08.451+0530] {processor.py:840} INFO - DAG(s) 'example_bash_decorator' retrieved from /home/logi/txtai/venv/lib/python3.10/site-packages/airflow/example_dags/example_bash_decorator.py
[2025-10-29T20:25:08.473+0530] {logging_mixin.py:188} INFO - [2025-10-29T20:25:08.473+0530] {dag.py:3096} INFO - Sync 1 DAGs
[2025-10-29T20:25:08.482+0530] {logging_mixin.py:188} INFO - [2025-10-29T20:25:08.482+0530] {dag.py:3954} INFO - Setting next_dagrun for example_bash_decorator to None, run_after=None
[2025-10-29T20:25:08.499+0530] {processor.py:183} INFO - Processing /home/logi/txtai/venv/lib/python3.10/site-packages/airflow/example_dags/example_bash_decorator.py took 0.090 seconds
[2025-10-29T20:26:25.428+0530] {processor.py:161} INFO - Started process (PID=23147) to work on /home/logi/txtai/venv/lib/python3.10/site-packages/airflow/example_dags/example_bash_decorator.py
[2025-10-29T20:26:25.441+0530] {processor.py:830} INFO - Processing file /home/logi/txtai/venv/lib/python3.10/site-packages/airflow/example_dags/example_bash_decorator.py for tasks to queue
[2025-10-29T20:26:25.444+0530] {logging_mixin.py:188} INFO - [2025-10-29T20:26:25.444+0530] {dagbag.py:545} INFO - Filling up the DagBag from /home/logi/txtai/venv/lib/python3.10/site-packages/airflow/example_dags/example_bash_decorator.py
[2025-10-29T20:26:25.467+0530] {processor.py:840} INFO - DAG(s) 'example_bash_decorator' retrieved from /home/logi/txtai/venv/lib/python3.10/site-packages/airflow/example_dags/example_bash_decorator.py
[2025-10-29T20:26:25.494+0530] {logging_mixin.py:188} INFO - [2025-10-29T20:26:25.494+0530] {dag.py:3096} INFO - Sync 1 DAGs
[2025-10-29T20:26:25.504+0530] {logging_mixin.py:188} INFO - [2025-10-29T20:26:25.504+0530] {dag.py:3954} INFO - Setting next_dagrun for example_bash_decorator to None, run_after=None
[2025-10-29T20:26:25.524+0530] {processor.py:183} INFO - Processing /home/logi/txtai/venv/lib/python3.10/site-packages/airflow/example_dags/example_bash_decorator.py took 0.107 seconds
[2025-10-29T20:27:42.632+0530] {processor.py:161} INFO - Started process (PID=23256) to work on /home/logi/txtai/venv/lib/python3.10/site-packages/airflow/example_dags/example_bash_decorator.py
[2025-10-29T20:27:42.645+0530] {processor.py:830} INFO - Processing file /home/logi/txtai/venv/lib/python3.10/site-packages/airflow/example_dags/example_bash_decorator.py for tasks to queue
[2025-10-29T20:27:42.648+0530] {logging_mixin.py:188} INFO - [2025-10-29T20:27:42.647+0530] {dagbag.py:545} INFO - Filling up the DagBag from /home/logi/txtai/venv/lib/python3.10/site-packages/airflow/example_dags/example_bash_decorator.py
[2025-10-29T20:27:42.671+0530] {processor.py:840} INFO - DAG(s) 'example_bash_decorator' retrieved from /home/logi/txtai/venv/lib/python3.10/site-packages/airflow/example_dags/example_bash_decorator.py
[2025-10-29T20:27:42.699+0530] {logging_mixin.py:188} INFO - [2025-10-29T20:27:42.698+0530] {dag.py:3096} INFO - Sync 1 DAGs
[2025-10-29T20:27:42.708+0530] {logging_mixin.py:188} INFO - [2025-10-29T20:27:42.708+0530] {dag.py:3954} INFO - Setting next_dagrun for example_bash_decorator to None, run_after=None
[2025-10-29T20:27:42.740+0530] {processor.py:183} INFO - Processing /home/logi/txtai/venv/lib/python3.10/site-packages/airflow/example_dags/example_bash_decorator.py took 0.120 seconds
[2025-10-29T20:28:56.364+0530] {processor.py:161} INFO - Started process (PID=23383) to work on /home/logi/txtai/venv/lib/python3.10/site-packages/airflow/example_dags/example_bash_decorator.py
[2025-10-29T20:28:56.378+0530] {processor.py:830} INFO - Processing file /home/logi/txtai/venv/lib/python3.10/site-packages/airflow/example_dags/example_bash_decorator.py for tasks to queue
[2025-10-29T20:28:56.381+0530] {logging_mixin.py:188} INFO - [2025-10-29T20:28:56.380+0530] {dagbag.py:545} INFO - Filling up the DagBag from /home/logi/txtai/venv/lib/python3.10/site-packages/airflow/example_dags/example_bash_decorator.py
[2025-10-29T20:28:56.407+0530] {processor.py:840} INFO - DAG(s) 'example_bash_decorator' retrieved from /home/logi/txtai/venv/lib/python3.10/site-packages/airflow/example_dags/example_bash_decorator.py
[2025-10-29T20:28:56.436+0530] {logging_mixin.py:188} INFO - [2025-10-29T20:28:56.435+0530] {dag.py:3096} INFO - Sync 1 DAGs
[2025-10-29T20:28:56.446+0530] {logging_mixin.py:188} INFO - [2025-10-29T20:28:56.445+0530] {dag.py:3954} INFO - Setting next_dagrun for example_bash_decorator to None, run_after=None
[2025-10-29T20:28:56.474+0530] {processor.py:183} INFO - Processing /home/logi/txtai/venv/lib/python3.10/site-packages/airflow/example_dags/example_bash_decorator.py took 0.121 seconds
[2025-10-29T20:29:52.131+0530] {processor.py:161} INFO - Started process (PID=23476) to work on /home/logi/txtai/venv/lib/python3.10/site-packages/airflow/example_dags/example_bash_decorator.py
[2025-10-29T20:29:52.144+0530] {processor.py:830} INFO - Processing file /home/logi/txtai/venv/lib/python3.10/site-packages/airflow/example_dags/example_bash_decorator.py for tasks to queue
[2025-10-29T20:29:52.148+0530] {logging_mixin.py:188} INFO - [2025-10-29T20:29:52.147+0530] {dagbag.py:545} INFO - Filling up the DagBag from /home/logi/txtai/venv/lib/python3.10/site-packages/airflow/example_dags/example_bash_decorator.py
[2025-10-29T20:29:52.173+0530] {processor.py:840} INFO - DAG(s) 'example_bash_decorator' retrieved from /home/logi/txtai/venv/lib/python3.10/site-packages/airflow/example_dags/example_bash_decorator.py
[2025-10-29T20:29:52.205+0530] {logging_mixin.py:188} INFO - [2025-10-29T20:29:52.205+0530] {dag.py:3096} INFO - Sync 1 DAGs
[2025-10-29T20:29:52.217+0530] {logging_mixin.py:188} INFO - [2025-10-29T20:29:52.216+0530] {dag.py:3954} INFO - Setting next_dagrun for example_bash_decorator to None, run_after=None
[2025-10-29T20:29:52.241+0530] {processor.py:183} INFO - Processing /home/logi/txtai/venv/lib/python3.10/site-packages/airflow/example_dags/example_bash_decorator.py took 0.122 seconds
[2025-10-29T20:31:10.284+0530] {processor.py:161} INFO - Started process (PID=23595) to work on /home/logi/txtai/venv/lib/python3.10/site-packages/airflow/example_dags/example_bash_decorator.py
[2025-10-29T20:31:10.297+0530] {processor.py:830} INFO - Processing file /home/logi/txtai/venv/lib/python3.10/site-packages/airflow/example_dags/example_bash_decorator.py for tasks to queue
[2025-10-29T20:31:10.301+0530] {logging_mixin.py:188} INFO - [2025-10-29T20:31:10.300+0530] {dagbag.py:545} INFO - Filling up the DagBag from /home/logi/txtai/venv/lib/python3.10/site-packages/airflow/example_dags/example_bash_decorator.py
[2025-10-29T20:31:10.324+0530] {processor.py:840} INFO - DAG(s) 'example_bash_decorator' retrieved from /home/logi/txtai/venv/lib/python3.10/site-packages/airflow/example_dags/example_bash_decorator.py
[2025-10-29T20:31:10.358+0530] {logging_mixin.py:188} INFO - [2025-10-29T20:31:10.358+0530] {dag.py:3096} INFO - Sync 1 DAGs
[2025-10-29T20:31:10.374+0530] {logging_mixin.py:188} INFO - [2025-10-29T20:31:10.373+0530] {dag.py:3954} INFO - Setting next_dagrun for example_bash_decorator to None, run_after=None
[2025-10-29T20:31:10.405+0530] {processor.py:183} INFO - Processing /home/logi/txtai/venv/lib/python3.10/site-packages/airflow/example_dags/example_bash_decorator.py took 0.132 seconds
[2025-10-29T20:32:27.545+0530] {processor.py:161} INFO - Started process (PID=23703) to work on /home/logi/txtai/venv/lib/python3.10/site-packages/airflow/example_dags/example_bash_decorator.py
[2025-10-29T20:32:27.558+0530] {processor.py:830} INFO - Processing file /home/logi/txtai/venv/lib/python3.10/site-packages/airflow/example_dags/example_bash_decorator.py for tasks to queue
[2025-10-29T20:32:27.561+0530] {logging_mixin.py:188} INFO - [2025-10-29T20:32:27.561+0530] {dagbag.py:545} INFO - Filling up the DagBag from /home/logi/txtai/venv/lib/python3.10/site-packages/airflow/example_dags/example_bash_decorator.py
[2025-10-29T20:32:27.584+0530] {processor.py:840} INFO - DAG(s) 'example_bash_decorator' retrieved from /home/logi/txtai/venv/lib/python3.10/site-packages/airflow/example_dags/example_bash_decorator.py
[2025-10-29T20:32:27.615+0530] {logging_mixin.py:188} INFO - [2025-10-29T20:32:27.615+0530] {dag.py:3096} INFO - Sync 1 DAGs
[2025-10-29T20:32:27.626+0530] {logging_mixin.py:188} INFO - [2025-10-29T20:32:27.626+0530] {dag.py:3954} INFO - Setting next_dagrun for example_bash_decorator to None, run_after=None
[2025-10-29T20:32:27.648+0530] {processor.py:183} INFO - Processing /home/logi/txtai/venv/lib/python3.10/site-packages/airflow/example_dags/example_bash_decorator.py took 0.115 seconds
[2025-10-29T20:33:23.214+0530] {processor.py:161} INFO - Started process (PID=23787) to work on /home/logi/txtai/venv/lib/python3.10/site-packages/airflow/example_dags/example_bash_decorator.py
[2025-10-29T20:33:23.216+0530] {processor.py:830} INFO - Processing file /home/logi/txtai/venv/lib/python3.10/site-packages/airflow/example_dags/example_bash_decorator.py for tasks to queue
[2025-10-29T20:33:23.219+0530] {logging_mixin.py:188} INFO - [2025-10-29T20:33:23.218+0530] {dagbag.py:545} INFO - Filling up the DagBag from /home/logi/txtai/venv/lib/python3.10/site-packages/airflow/example_dags/example_bash_decorator.py
[2025-10-29T20:33:23.242+0530] {processor.py:840} INFO - DAG(s) 'example_bash_decorator' retrieved from /home/logi/txtai/venv/lib/python3.10/site-packages/airflow/example_dags/example_bash_decorator.py
[2025-10-29T20:33:23.272+0530] {logging_mixin.py:188} INFO - [2025-10-29T20:33:23.271+0530] {dag.py:3096} INFO - Sync 1 DAGs
[2025-10-29T20:33:23.284+0530] {logging_mixin.py:188} INFO - [2025-10-29T20:33:23.284+0530] {dag.py:3954} INFO - Setting next_dagrun for example_bash_decorator to None, run_after=None
[2025-10-29T20:33:23.305+0530] {processor.py:183} INFO - Processing /home/logi/txtai/venv/lib/python3.10/site-packages/airflow/example_dags/example_bash_decorator.py took 0.103 seconds
[2025-10-29T20:34:38.805+0530] {processor.py:161} INFO - Started process (PID=23908) to work on /home/logi/txtai/venv/lib/python3.10/site-packages/airflow/example_dags/example_bash_decorator.py
[2025-10-29T20:34:38.818+0530] {processor.py:830} INFO - Processing file /home/logi/txtai/venv/lib/python3.10/site-packages/airflow/example_dags/example_bash_decorator.py for tasks to queue
[2025-10-29T20:34:38.822+0530] {logging_mixin.py:188} INFO - [2025-10-29T20:34:38.821+0530] {dagbag.py:545} INFO - Filling up the DagBag from /home/logi/txtai/venv/lib/python3.10/site-packages/airflow/example_dags/example_bash_decorator.py
[2025-10-29T20:34:38.846+0530] {processor.py:840} INFO - DAG(s) 'example_bash_decorator' retrieved from /home/logi/txtai/venv/lib/python3.10/site-packages/airflow/example_dags/example_bash_decorator.py
[2025-10-29T20:34:38.871+0530] {logging_mixin.py:188} INFO - [2025-10-29T20:34:38.871+0530] {dag.py:3096} INFO - Sync 1 DAGs
[2025-10-29T20:34:38.881+0530] {logging_mixin.py:188} INFO - [2025-10-29T20:34:38.881+0530] {dag.py:3954} INFO - Setting next_dagrun for example_bash_decorator to None, run_after=None
[2025-10-29T20:34:38.901+0530] {processor.py:183} INFO - Processing /home/logi/txtai/venv/lib/python3.10/site-packages/airflow/example_dags/example_bash_decorator.py took 0.108 seconds
[2025-10-29T20:35:56.455+0530] {processor.py:161} INFO - Started process (PID=24034) to work on /home/logi/txtai/venv/lib/python3.10/site-packages/airflow/example_dags/example_bash_decorator.py
[2025-10-29T20:35:56.468+0530] {processor.py:830} INFO - Processing file /home/logi/txtai/venv/lib/python3.10/site-packages/airflow/example_dags/example_bash_decorator.py for tasks to queue
[2025-10-29T20:35:56.471+0530] {logging_mixin.py:188} INFO - [2025-10-29T20:35:56.471+0530] {dagbag.py:545} INFO - Filling up the DagBag from /home/logi/txtai/venv/lib/python3.10/site-packages/airflow/example_dags/example_bash_decorator.py
[2025-10-29T20:35:56.494+0530] {processor.py:840} INFO - DAG(s) 'example_bash_decorator' retrieved from /home/logi/txtai/venv/lib/python3.10/site-packages/airflow/example_dags/example_bash_decorator.py
[2025-10-29T20:35:56.523+0530] {logging_mixin.py:188} INFO - [2025-10-29T20:35:56.522+0530] {dag.py:3096} INFO - Sync 1 DAGs
[2025-10-29T20:35:56.532+0530] {logging_mixin.py:188} INFO - [2025-10-29T20:35:56.532+0530] {dag.py:3954} INFO - Setting next_dagrun for example_bash_decorator to None, run_after=None
[2025-10-29T20:35:56.557+0530] {processor.py:183} INFO - Processing /home/logi/txtai/venv/lib/python3.10/site-packages/airflow/example_dags/example_bash_decorator.py took 0.114 seconds
[2025-10-29T20:37:16.655+0530] {processor.py:161} INFO - Started process (PID=24128) to work on /home/logi/txtai/venv/lib/python3.10/site-packages/airflow/example_dags/example_bash_decorator.py
[2025-10-29T20:37:16.669+0530] {processor.py:830} INFO - Processing file /home/logi/txtai/venv/lib/python3.10/site-packages/airflow/example_dags/example_bash_decorator.py for tasks to queue
[2025-10-29T20:37:16.672+0530] {logging_mixin.py:188} INFO - [2025-10-29T20:37:16.671+0530] {dagbag.py:545} INFO - Filling up the DagBag from /home/logi/txtai/venv/lib/python3.10/site-packages/airflow/example_dags/example_bash_decorator.py
[2025-10-29T20:37:16.695+0530] {processor.py:840} INFO - DAG(s) 'example_bash_decorator' retrieved from /home/logi/txtai/venv/lib/python3.10/site-packages/airflow/example_dags/example_bash_decorator.py
[2025-10-29T20:37:16.724+0530] {logging_mixin.py:188} INFO - [2025-10-29T20:37:16.724+0530] {dag.py:3096} INFO - Sync 1 DAGs
[2025-10-29T20:37:16.735+0530] {logging_mixin.py:188} INFO - [2025-10-29T20:37:16.734+0530] {dag.py:3954} INFO - Setting next_dagrun for example_bash_decorator to None, run_after=None
[2025-10-29T20:37:16.754+0530] {processor.py:183} INFO - Processing /home/logi/txtai/venv/lib/python3.10/site-packages/airflow/example_dags/example_bash_decorator.py took 0.110 seconds
