[2025-10-29T19:30:16.908+0530] {processor.py:161} INFO - Started process (PID=16363) to work on /home/logi/txtai/venv/lib/python3.10/site-packages/airflow/example_dags/example_branch_python_dop_operator_3.py
[2025-10-29T19:30:16.910+0530] {processor.py:830} INFO - Processing file /home/logi/txtai/venv/lib/python3.10/site-packages/airflow/example_dags/example_branch_python_dop_operator_3.py for tasks to queue
[2025-10-29T19:30:16.912+0530] {logging_mixin.py:188} INFO - [2025-10-29T19:30:16.912+0530] {dagbag.py:545} INFO - Filling up the DagBag from /home/logi/txtai/venv/lib/python3.10/site-packages/airflow/example_dags/example_branch_python_dop_operator_3.py
[2025-10-29T19:30:16.926+0530] {processor.py:840} INFO - DAG(s) 'example_branch_dop_operator_v3' retrieved from /home/logi/txtai/venv/lib/python3.10/site-packages/airflow/example_dags/example_branch_python_dop_operator_3.py
[2025-10-29T19:30:17.013+0530] {logging_mixin.py:188} INFO - [2025-10-29T19:30:17.012+0530] {override.py:1829} INFO - Created Permission View: can read on DAG:example_branch_dop_operator_v3
[2025-10-29T19:30:17.021+0530] {logging_mixin.py:188} INFO - [2025-10-29T19:30:17.021+0530] {override.py:1829} INFO - Created Permission View: can edit on DAG:example_branch_dop_operator_v3
[2025-10-29T19:30:17.027+0530] {logging_mixin.py:188} INFO - [2025-10-29T19:30:17.027+0530] {override.py:1829} INFO - Created Permission View: can delete on DAG:example_branch_dop_operator_v3
[2025-10-29T19:30:17.028+0530] {logging_mixin.py:188} INFO - [2025-10-29T19:30:17.028+0530] {dag.py:3096} INFO - Sync 1 DAGs
[2025-10-29T19:30:17.035+0530] {logging_mixin.py:188} INFO - [2025-10-29T19:30:17.035+0530] {dag.py:3118} INFO - Creating ORM DAG for example_branch_dop_operator_v3
[2025-10-29T19:30:17.044+0530] {logging_mixin.py:188} INFO - [2025-10-29T19:30:17.044+0530] {dag.py:3954} INFO - Setting next_dagrun for example_branch_dop_operator_v3 to 2025-10-29 13:59:00+00:00, run_after=2025-10-29 14:00:00+00:00
[2025-10-29T19:30:17.063+0530] {processor.py:183} INFO - Processing /home/logi/txtai/venv/lib/python3.10/site-packages/airflow/example_dags/example_branch_python_dop_operator_3.py took 0.165 seconds
[2025-10-29T19:31:11.069+0530] {processor.py:161} INFO - Started process (PID=16573) to work on /home/logi/txtai/venv/lib/python3.10/site-packages/airflow/example_dags/example_branch_python_dop_operator_3.py
[2025-10-29T19:31:11.083+0530] {processor.py:830} INFO - Processing file /home/logi/txtai/venv/lib/python3.10/site-packages/airflow/example_dags/example_branch_python_dop_operator_3.py for tasks to queue
[2025-10-29T19:31:11.085+0530] {logging_mixin.py:188} INFO - [2025-10-29T19:31:11.085+0530] {dagbag.py:545} INFO - Filling up the DagBag from /home/logi/txtai/venv/lib/python3.10/site-packages/airflow/example_dags/example_branch_python_dop_operator_3.py
[2025-10-29T19:31:11.100+0530] {processor.py:840} INFO - DAG(s) 'example_branch_dop_operator_v3' retrieved from /home/logi/txtai/venv/lib/python3.10/site-packages/airflow/example_dags/example_branch_python_dop_operator_3.py
[2025-10-29T19:31:11.124+0530] {logging_mixin.py:188} INFO - [2025-10-29T19:31:11.123+0530] {dag.py:3096} INFO - Sync 1 DAGs
[2025-10-29T19:31:11.146+0530] {logging_mixin.py:188} INFO - [2025-10-29T19:31:11.145+0530] {dag.py:3954} INFO - Setting next_dagrun for example_branch_dop_operator_v3 to 2025-10-29 14:00:00+00:00, run_after=2025-10-29 14:01:00+00:00
[2025-10-29T19:31:11.170+0530] {processor.py:183} INFO - Processing /home/logi/txtai/venv/lib/python3.10/site-packages/airflow/example_dags/example_branch_python_dop_operator_3.py took 0.111 seconds
[2025-10-29T19:32:19.102+0530] {processor.py:161} INFO - Started process (PID=16680) to work on /home/logi/txtai/venv/lib/python3.10/site-packages/airflow/example_dags/example_branch_python_dop_operator_3.py
[2025-10-29T19:32:19.103+0530] {processor.py:830} INFO - Processing file /home/logi/txtai/venv/lib/python3.10/site-packages/airflow/example_dags/example_branch_python_dop_operator_3.py for tasks to queue
[2025-10-29T19:32:19.104+0530] {logging_mixin.py:188} INFO - [2025-10-29T19:32:19.104+0530] {dagbag.py:545} INFO - Filling up the DagBag from /home/logi/txtai/venv/lib/python3.10/site-packages/airflow/example_dags/example_branch_python_dop_operator_3.py
[2025-10-29T19:32:19.112+0530] {processor.py:840} INFO - DAG(s) 'example_branch_dop_operator_v3' retrieved from /home/logi/txtai/venv/lib/python3.10/site-packages/airflow/example_dags/example_branch_python_dop_operator_3.py
[2025-10-29T19:32:19.124+0530] {logging_mixin.py:188} INFO - [2025-10-29T19:32:19.124+0530] {dag.py:3096} INFO - Sync 1 DAGs
[2025-10-29T19:32:19.142+0530] {logging_mixin.py:188} INFO - [2025-10-29T19:32:19.142+0530] {dag.py:3954} INFO - Setting next_dagrun for example_branch_dop_operator_v3 to 2025-10-29 14:01:00+00:00, run_after=2025-10-29 14:02:00+00:00
[2025-10-29T19:32:19.159+0530] {processor.py:183} INFO - Processing /home/logi/txtai/venv/lib/python3.10/site-packages/airflow/example_dags/example_branch_python_dop_operator_3.py took 0.062 seconds
[2025-10-29T19:33:14.481+0530] {processor.py:161} INFO - Started process (PID=16822) to work on /home/logi/txtai/venv/lib/python3.10/site-packages/airflow/example_dags/example_branch_python_dop_operator_3.py
[2025-10-29T19:33:14.494+0530] {processor.py:830} INFO - Processing file /home/logi/txtai/venv/lib/python3.10/site-packages/airflow/example_dags/example_branch_python_dop_operator_3.py for tasks to queue
[2025-10-29T19:33:14.497+0530] {logging_mixin.py:188} INFO - [2025-10-29T19:33:14.496+0530] {dagbag.py:545} INFO - Filling up the DagBag from /home/logi/txtai/venv/lib/python3.10/site-packages/airflow/example_dags/example_branch_python_dop_operator_3.py
[2025-10-29T19:33:14.513+0530] {processor.py:840} INFO - DAG(s) 'example_branch_dop_operator_v3' retrieved from /home/logi/txtai/venv/lib/python3.10/site-packages/airflow/example_dags/example_branch_python_dop_operator_3.py
[2025-10-29T19:33:14.538+0530] {logging_mixin.py:188} INFO - [2025-10-29T19:33:14.538+0530] {dag.py:3096} INFO - Sync 1 DAGs
[2025-10-29T19:33:14.559+0530] {logging_mixin.py:188} INFO - [2025-10-29T19:33:14.559+0530] {dag.py:3954} INFO - Setting next_dagrun for example_branch_dop_operator_v3 to 2025-10-29 14:02:00+00:00, run_after=2025-10-29 14:03:00+00:00
[2025-10-29T19:33:14.588+0530] {processor.py:183} INFO - Processing /home/logi/txtai/venv/lib/python3.10/site-packages/airflow/example_dags/example_branch_python_dop_operator_3.py took 0.119 seconds
[2025-10-29T19:34:27.246+0530] {processor.py:161} INFO - Started process (PID=16931) to work on /home/logi/txtai/venv/lib/python3.10/site-packages/airflow/example_dags/example_branch_python_dop_operator_3.py
[2025-10-29T19:34:27.260+0530] {processor.py:830} INFO - Processing file /home/logi/txtai/venv/lib/python3.10/site-packages/airflow/example_dags/example_branch_python_dop_operator_3.py for tasks to queue
[2025-10-29T19:34:27.263+0530] {logging_mixin.py:188} INFO - [2025-10-29T19:34:27.262+0530] {dagbag.py:545} INFO - Filling up the DagBag from /home/logi/txtai/venv/lib/python3.10/site-packages/airflow/example_dags/example_branch_python_dop_operator_3.py
[2025-10-29T19:34:27.279+0530] {processor.py:840} INFO - DAG(s) 'example_branch_dop_operator_v3' retrieved from /home/logi/txtai/venv/lib/python3.10/site-packages/airflow/example_dags/example_branch_python_dop_operator_3.py
[2025-10-29T19:34:27.307+0530] {logging_mixin.py:188} INFO - [2025-10-29T19:34:27.306+0530] {dag.py:3096} INFO - Sync 1 DAGs
[2025-10-29T19:34:27.328+0530] {logging_mixin.py:188} INFO - [2025-10-29T19:34:27.328+0530] {dag.py:3954} INFO - Setting next_dagrun for example_branch_dop_operator_v3 to 2025-10-29 14:03:00+00:00, run_after=2025-10-29 14:04:00+00:00
[2025-10-29T19:34:27.349+0530] {processor.py:183} INFO - Processing /home/logi/txtai/venv/lib/python3.10/site-packages/airflow/example_dags/example_branch_python_dop_operator_3.py took 0.115 seconds
[2025-10-29T19:35:40.352+0530] {processor.py:161} INFO - Started process (PID=17060) to work on /home/logi/txtai/venv/lib/python3.10/site-packages/airflow/example_dags/example_branch_python_dop_operator_3.py
[2025-10-29T19:35:40.354+0530] {processor.py:830} INFO - Processing file /home/logi/txtai/venv/lib/python3.10/site-packages/airflow/example_dags/example_branch_python_dop_operator_3.py for tasks to queue
[2025-10-29T19:35:40.357+0530] {logging_mixin.py:188} INFO - [2025-10-29T19:35:40.356+0530] {dagbag.py:545} INFO - Filling up the DagBag from /home/logi/txtai/venv/lib/python3.10/site-packages/airflow/example_dags/example_branch_python_dop_operator_3.py
[2025-10-29T19:35:40.373+0530] {processor.py:840} INFO - DAG(s) 'example_branch_dop_operator_v3' retrieved from /home/logi/txtai/venv/lib/python3.10/site-packages/airflow/example_dags/example_branch_python_dop_operator_3.py
[2025-10-29T19:35:40.395+0530] {logging_mixin.py:188} INFO - [2025-10-29T19:35:40.394+0530] {dag.py:3096} INFO - Sync 1 DAGs
[2025-10-29T19:35:40.414+0530] {logging_mixin.py:188} INFO - [2025-10-29T19:35:40.414+0530] {dag.py:3954} INFO - Setting next_dagrun for example_branch_dop_operator_v3 to 2025-10-29 14:04:00+00:00, run_after=2025-10-29 14:05:00+00:00
[2025-10-29T19:35:40.436+0530] {processor.py:183} INFO - Processing /home/logi/txtai/venv/lib/python3.10/site-packages/airflow/example_dags/example_branch_python_dop_operator_3.py took 0.095 seconds
[2025-10-29T19:36:56.270+0530] {processor.py:161} INFO - Started process (PID=17359) to work on /home/logi/txtai/venv/lib/python3.10/site-packages/airflow/example_dags/example_branch_python_dop_operator_3.py
[2025-10-29T19:36:56.283+0530] {processor.py:830} INFO - Processing file /home/logi/txtai/venv/lib/python3.10/site-packages/airflow/example_dags/example_branch_python_dop_operator_3.py for tasks to queue
[2025-10-29T19:36:56.286+0530] {logging_mixin.py:188} INFO - [2025-10-29T19:36:56.286+0530] {dagbag.py:545} INFO - Filling up the DagBag from /home/logi/txtai/venv/lib/python3.10/site-packages/airflow/example_dags/example_branch_python_dop_operator_3.py
[2025-10-29T19:36:56.302+0530] {processor.py:840} INFO - DAG(s) 'example_branch_dop_operator_v3' retrieved from /home/logi/txtai/venv/lib/python3.10/site-packages/airflow/example_dags/example_branch_python_dop_operator_3.py
[2025-10-29T19:36:56.329+0530] {logging_mixin.py:188} INFO - [2025-10-29T19:36:56.328+0530] {dag.py:3096} INFO - Sync 1 DAGs
[2025-10-29T19:36:56.350+0530] {logging_mixin.py:188} INFO - [2025-10-29T19:36:56.350+0530] {dag.py:3954} INFO - Setting next_dagrun for example_branch_dop_operator_v3 to 2025-10-29 14:05:00+00:00, run_after=2025-10-29 14:06:00+00:00
[2025-10-29T19:36:56.378+0530] {processor.py:183} INFO - Processing /home/logi/txtai/venv/lib/python3.10/site-packages/airflow/example_dags/example_branch_python_dop_operator_3.py took 0.119 seconds
[2025-10-29T19:38:13.508+0530] {processor.py:161} INFO - Started process (PID=17458) to work on /home/logi/txtai/venv/lib/python3.10/site-packages/airflow/example_dags/example_branch_python_dop_operator_3.py
[2025-10-29T19:38:13.521+0530] {processor.py:830} INFO - Processing file /home/logi/txtai/venv/lib/python3.10/site-packages/airflow/example_dags/example_branch_python_dop_operator_3.py for tasks to queue
[2025-10-29T19:38:13.525+0530] {logging_mixin.py:188} INFO - [2025-10-29T19:38:13.525+0530] {dagbag.py:545} INFO - Filling up the DagBag from /home/logi/txtai/venv/lib/python3.10/site-packages/airflow/example_dags/example_branch_python_dop_operator_3.py
[2025-10-29T19:38:13.540+0530] {processor.py:840} INFO - DAG(s) 'example_branch_dop_operator_v3' retrieved from /home/logi/txtai/venv/lib/python3.10/site-packages/airflow/example_dags/example_branch_python_dop_operator_3.py
[2025-10-29T19:38:13.566+0530] {logging_mixin.py:188} INFO - [2025-10-29T19:38:13.565+0530] {dag.py:3096} INFO - Sync 1 DAGs
[2025-10-29T19:38:13.587+0530] {logging_mixin.py:188} INFO - [2025-10-29T19:38:13.587+0530] {dag.py:3954} INFO - Setting next_dagrun for example_branch_dop_operator_v3 to 2025-10-29 14:07:00+00:00, run_after=2025-10-29 14:08:00+00:00
[2025-10-29T19:38:13.614+0530] {processor.py:183} INFO - Processing /home/logi/txtai/venv/lib/python3.10/site-packages/airflow/example_dags/example_branch_python_dop_operator_3.py took 0.118 seconds
[2025-10-29T19:39:32.915+0530] {processor.py:161} INFO - Started process (PID=17580) to work on /home/logi/txtai/venv/lib/python3.10/site-packages/airflow/example_dags/example_branch_python_dop_operator_3.py
[2025-10-29T19:39:32.929+0530] {processor.py:830} INFO - Processing file /home/logi/txtai/venv/lib/python3.10/site-packages/airflow/example_dags/example_branch_python_dop_operator_3.py for tasks to queue
[2025-10-29T19:39:32.932+0530] {logging_mixin.py:188} INFO - [2025-10-29T19:39:32.931+0530] {dagbag.py:545} INFO - Filling up the DagBag from /home/logi/txtai/venv/lib/python3.10/site-packages/airflow/example_dags/example_branch_python_dop_operator_3.py
[2025-10-29T19:39:32.948+0530] {processor.py:840} INFO - DAG(s) 'example_branch_dop_operator_v3' retrieved from /home/logi/txtai/venv/lib/python3.10/site-packages/airflow/example_dags/example_branch_python_dop_operator_3.py
[2025-10-29T19:39:32.975+0530] {logging_mixin.py:188} INFO - [2025-10-29T19:39:32.975+0530] {dag.py:3096} INFO - Sync 1 DAGs
[2025-10-29T19:39:32.996+0530] {logging_mixin.py:188} INFO - [2025-10-29T19:39:32.996+0530] {dag.py:3954} INFO - Setting next_dagrun for example_branch_dop_operator_v3 to 2025-10-29 14:08:00+00:00, run_after=2025-10-29 14:09:00+00:00
[2025-10-29T19:39:33.022+0530] {processor.py:183} INFO - Processing /home/logi/txtai/venv/lib/python3.10/site-packages/airflow/example_dags/example_branch_python_dop_operator_3.py took 0.120 seconds
[2025-10-29T19:40:25.495+0530] {processor.py:161} INFO - Started process (PID=17731) to work on /home/logi/txtai/venv/lib/python3.10/site-packages/airflow/example_dags/example_branch_python_dop_operator_3.py
[2025-10-29T19:40:25.508+0530] {processor.py:830} INFO - Processing file /home/logi/txtai/venv/lib/python3.10/site-packages/airflow/example_dags/example_branch_python_dop_operator_3.py for tasks to queue
[2025-10-29T19:40:25.512+0530] {logging_mixin.py:188} INFO - [2025-10-29T19:40:25.511+0530] {dagbag.py:545} INFO - Filling up the DagBag from /home/logi/txtai/venv/lib/python3.10/site-packages/airflow/example_dags/example_branch_python_dop_operator_3.py
[2025-10-29T19:40:25.527+0530] {processor.py:840} INFO - DAG(s) 'example_branch_dop_operator_v3' retrieved from /home/logi/txtai/venv/lib/python3.10/site-packages/airflow/example_dags/example_branch_python_dop_operator_3.py
[2025-10-29T19:40:25.555+0530] {logging_mixin.py:188} INFO - [2025-10-29T19:40:25.554+0530] {dag.py:3096} INFO - Sync 1 DAGs
[2025-10-29T19:40:25.576+0530] {logging_mixin.py:188} INFO - [2025-10-29T19:40:25.575+0530] {dag.py:3954} INFO - Setting next_dagrun for example_branch_dop_operator_v3 to 2025-10-29 14:09:00+00:00, run_after=2025-10-29 14:10:00+00:00
[2025-10-29T19:40:25.596+0530] {processor.py:183} INFO - Processing /home/logi/txtai/venv/lib/python3.10/site-packages/airflow/example_dags/example_branch_python_dop_operator_3.py took 0.112 seconds
[2025-10-29T19:41:41.004+0530] {processor.py:161} INFO - Started process (PID=17946) to work on /home/logi/txtai/venv/lib/python3.10/site-packages/airflow/example_dags/example_branch_python_dop_operator_3.py
[2025-10-29T19:41:41.017+0530] {processor.py:830} INFO - Processing file /home/logi/txtai/venv/lib/python3.10/site-packages/airflow/example_dags/example_branch_python_dop_operator_3.py for tasks to queue
[2025-10-29T19:41:41.020+0530] {logging_mixin.py:188} INFO - [2025-10-29T19:41:41.020+0530] {dagbag.py:545} INFO - Filling up the DagBag from /home/logi/txtai/venv/lib/python3.10/site-packages/airflow/example_dags/example_branch_python_dop_operator_3.py
[2025-10-29T19:41:41.036+0530] {processor.py:840} INFO - DAG(s) 'example_branch_dop_operator_v3' retrieved from /home/logi/txtai/venv/lib/python3.10/site-packages/airflow/example_dags/example_branch_python_dop_operator_3.py
[2025-10-29T19:41:41.061+0530] {logging_mixin.py:188} INFO - [2025-10-29T19:41:41.060+0530] {dag.py:3096} INFO - Sync 1 DAGs
[2025-10-29T19:41:41.083+0530] {logging_mixin.py:188} INFO - [2025-10-29T19:41:41.083+0530] {dag.py:3954} INFO - Setting next_dagrun for example_branch_dop_operator_v3 to 2025-10-29 14:10:00+00:00, run_after=2025-10-29 14:11:00+00:00
[2025-10-29T19:41:41.110+0530] {processor.py:183} INFO - Processing /home/logi/txtai/venv/lib/python3.10/site-packages/airflow/example_dags/example_branch_python_dop_operator_3.py took 0.117 seconds
[2025-10-29T19:42:57.939+0530] {processor.py:161} INFO - Started process (PID=18036) to work on /home/logi/txtai/venv/lib/python3.10/site-packages/airflow/example_dags/example_branch_python_dop_operator_3.py
[2025-10-29T19:42:57.952+0530] {processor.py:830} INFO - Processing file /home/logi/txtai/venv/lib/python3.10/site-packages/airflow/example_dags/example_branch_python_dop_operator_3.py for tasks to queue
[2025-10-29T19:42:57.956+0530] {logging_mixin.py:188} INFO - [2025-10-29T19:42:57.955+0530] {dagbag.py:545} INFO - Filling up the DagBag from /home/logi/txtai/venv/lib/python3.10/site-packages/airflow/example_dags/example_branch_python_dop_operator_3.py
[2025-10-29T19:42:57.972+0530] {processor.py:840} INFO - DAG(s) 'example_branch_dop_operator_v3' retrieved from /home/logi/txtai/venv/lib/python3.10/site-packages/airflow/example_dags/example_branch_python_dop_operator_3.py
[2025-10-29T19:42:58.001+0530] {logging_mixin.py:188} INFO - [2025-10-29T19:42:58.000+0530] {dag.py:3096} INFO - Sync 1 DAGs
[2025-10-29T19:42:58.022+0530] {logging_mixin.py:188} INFO - [2025-10-29T19:42:58.022+0530] {dag.py:3954} INFO - Setting next_dagrun for example_branch_dop_operator_v3 to 2025-10-29 14:11:00+00:00, run_after=2025-10-29 14:12:00+00:00
[2025-10-29T19:42:58.042+0530] {processor.py:183} INFO - Processing /home/logi/txtai/venv/lib/python3.10/site-packages/airflow/example_dags/example_branch_python_dop_operator_3.py took 0.115 seconds
[2025-10-29T19:43:51.973+0530] {processor.py:161} INFO - Started process (PID=18132) to work on /home/logi/txtai/venv/lib/python3.10/site-packages/airflow/example_dags/example_branch_python_dop_operator_3.py
[2025-10-29T19:43:51.986+0530] {processor.py:830} INFO - Processing file /home/logi/txtai/venv/lib/python3.10/site-packages/airflow/example_dags/example_branch_python_dop_operator_3.py for tasks to queue
[2025-10-29T19:43:51.990+0530] {logging_mixin.py:188} INFO - [2025-10-29T19:43:51.989+0530] {dagbag.py:545} INFO - Filling up the DagBag from /home/logi/txtai/venv/lib/python3.10/site-packages/airflow/example_dags/example_branch_python_dop_operator_3.py
[2025-10-29T19:43:52.006+0530] {processor.py:840} INFO - DAG(s) 'example_branch_dop_operator_v3' retrieved from /home/logi/txtai/venv/lib/python3.10/site-packages/airflow/example_dags/example_branch_python_dop_operator_3.py
[2025-10-29T19:43:52.034+0530] {logging_mixin.py:188} INFO - [2025-10-29T19:43:52.034+0530] {dag.py:3096} INFO - Sync 1 DAGs
[2025-10-29T19:43:52.055+0530] {logging_mixin.py:188} INFO - [2025-10-29T19:43:52.054+0530] {dag.py:3954} INFO - Setting next_dagrun for example_branch_dop_operator_v3 to 2025-10-29 14:12:00+00:00, run_after=2025-10-29 14:13:00+00:00
[2025-10-29T19:43:52.076+0530] {processor.py:183} INFO - Processing /home/logi/txtai/venv/lib/python3.10/site-packages/airflow/example_dags/example_branch_python_dop_operator_3.py took 0.116 seconds
[2025-10-29T19:45:11.631+0530] {processor.py:161} INFO - Started process (PID=18265) to work on /home/logi/txtai/venv/lib/python3.10/site-packages/airflow/example_dags/example_branch_python_dop_operator_3.py
[2025-10-29T19:45:11.644+0530] {processor.py:830} INFO - Processing file /home/logi/txtai/venv/lib/python3.10/site-packages/airflow/example_dags/example_branch_python_dop_operator_3.py for tasks to queue
[2025-10-29T19:45:11.647+0530] {logging_mixin.py:188} INFO - [2025-10-29T19:45:11.646+0530] {dagbag.py:545} INFO - Filling up the DagBag from /home/logi/txtai/venv/lib/python3.10/site-packages/airflow/example_dags/example_branch_python_dop_operator_3.py
[2025-10-29T19:45:11.662+0530] {processor.py:840} INFO - DAG(s) 'example_branch_dop_operator_v3' retrieved from /home/logi/txtai/venv/lib/python3.10/site-packages/airflow/example_dags/example_branch_python_dop_operator_3.py
[2025-10-29T19:45:11.689+0530] {logging_mixin.py:188} INFO - [2025-10-29T19:45:11.688+0530] {dag.py:3096} INFO - Sync 1 DAGs
[2025-10-29T19:45:11.711+0530] {logging_mixin.py:188} INFO - [2025-10-29T19:45:11.711+0530] {dag.py:3954} INFO - Setting next_dagrun for example_branch_dop_operator_v3 to 2025-10-29 14:14:00+00:00, run_after=2025-10-29 14:15:00+00:00
[2025-10-29T19:45:11.732+0530] {processor.py:183} INFO - Processing /home/logi/txtai/venv/lib/python3.10/site-packages/airflow/example_dags/example_branch_python_dop_operator_3.py took 0.114 seconds
[2025-10-29T19:46:06.517+0530] {processor.py:161} INFO - Started process (PID=18346) to work on /home/logi/txtai/venv/lib/python3.10/site-packages/airflow/example_dags/example_branch_python_dop_operator_3.py
[2025-10-29T19:46:06.531+0530] {processor.py:830} INFO - Processing file /home/logi/txtai/venv/lib/python3.10/site-packages/airflow/example_dags/example_branch_python_dop_operator_3.py for tasks to queue
[2025-10-29T19:46:06.534+0530] {logging_mixin.py:188} INFO - [2025-10-29T19:46:06.533+0530] {dagbag.py:545} INFO - Filling up the DagBag from /home/logi/txtai/venv/lib/python3.10/site-packages/airflow/example_dags/example_branch_python_dop_operator_3.py
[2025-10-29T19:46:06.550+0530] {processor.py:840} INFO - DAG(s) 'example_branch_dop_operator_v3' retrieved from /home/logi/txtai/venv/lib/python3.10/site-packages/airflow/example_dags/example_branch_python_dop_operator_3.py
[2025-10-29T19:46:06.577+0530] {logging_mixin.py:188} INFO - [2025-10-29T19:46:06.576+0530] {dag.py:3096} INFO - Sync 1 DAGs
[2025-10-29T19:46:06.598+0530] {logging_mixin.py:188} INFO - [2025-10-29T19:46:06.598+0530] {dag.py:3954} INFO - Setting next_dagrun for example_branch_dop_operator_v3 to 2025-10-29 14:15:00+00:00, run_after=2025-10-29 14:16:00+00:00
[2025-10-29T19:46:06.617+0530] {processor.py:183} INFO - Processing /home/logi/txtai/venv/lib/python3.10/site-packages/airflow/example_dags/example_branch_python_dop_operator_3.py took 0.112 seconds
[2025-10-29T19:47:00.971+0530] {processor.py:161} INFO - Started process (PID=18413) to work on /home/logi/txtai/venv/lib/python3.10/site-packages/airflow/example_dags/example_branch_python_dop_operator_3.py
[2025-10-29T19:47:00.984+0530] {processor.py:830} INFO - Processing file /home/logi/txtai/venv/lib/python3.10/site-packages/airflow/example_dags/example_branch_python_dop_operator_3.py for tasks to queue
[2025-10-29T19:47:00.987+0530] {logging_mixin.py:188} INFO - [2025-10-29T19:47:00.987+0530] {dagbag.py:545} INFO - Filling up the DagBag from /home/logi/txtai/venv/lib/python3.10/site-packages/airflow/example_dags/example_branch_python_dop_operator_3.py
[2025-10-29T19:47:01.003+0530] {processor.py:840} INFO - DAG(s) 'example_branch_dop_operator_v3' retrieved from /home/logi/txtai/venv/lib/python3.10/site-packages/airflow/example_dags/example_branch_python_dop_operator_3.py
[2025-10-29T19:47:01.028+0530] {logging_mixin.py:188} INFO - [2025-10-29T19:47:01.028+0530] {dag.py:3096} INFO - Sync 1 DAGs
[2025-10-29T19:47:01.046+0530] {logging_mixin.py:188} INFO - [2025-10-29T19:47:01.046+0530] {dag.py:3954} INFO - Setting next_dagrun for example_branch_dop_operator_v3 to 2025-10-29 14:16:00+00:00, run_after=2025-10-29 14:17:00+00:00
[2025-10-29T19:47:01.065+0530] {processor.py:183} INFO - Processing /home/logi/txtai/venv/lib/python3.10/site-packages/airflow/example_dags/example_branch_python_dop_operator_3.py took 0.105 seconds
[2025-10-29T19:47:54.554+0530] {processor.py:161} INFO - Started process (PID=18476) to work on /home/logi/txtai/venv/lib/python3.10/site-packages/airflow/example_dags/example_branch_python_dop_operator_3.py
[2025-10-29T19:47:54.556+0530] {processor.py:830} INFO - Processing file /home/logi/txtai/venv/lib/python3.10/site-packages/airflow/example_dags/example_branch_python_dop_operator_3.py for tasks to queue
[2025-10-29T19:47:54.560+0530] {logging_mixin.py:188} INFO - [2025-10-29T19:47:54.559+0530] {dagbag.py:545} INFO - Filling up the DagBag from /home/logi/txtai/venv/lib/python3.10/site-packages/airflow/example_dags/example_branch_python_dop_operator_3.py
[2025-10-29T19:47:54.577+0530] {processor.py:840} INFO - DAG(s) 'example_branch_dop_operator_v3' retrieved from /home/logi/txtai/venv/lib/python3.10/site-packages/airflow/example_dags/example_branch_python_dop_operator_3.py
[2025-10-29T19:47:54.599+0530] {logging_mixin.py:188} INFO - [2025-10-29T19:47:54.599+0530] {dag.py:3096} INFO - Sync 1 DAGs
[2025-10-29T19:47:54.620+0530] {logging_mixin.py:188} INFO - [2025-10-29T19:47:54.619+0530] {dag.py:3954} INFO - Setting next_dagrun for example_branch_dop_operator_v3 to 2025-10-29 14:16:00+00:00, run_after=2025-10-29 14:17:00+00:00
[2025-10-29T19:47:54.642+0530] {processor.py:183} INFO - Processing /home/logi/txtai/venv/lib/python3.10/site-packages/airflow/example_dags/example_branch_python_dop_operator_3.py took 0.100 seconds
[2025-10-29T19:48:49.465+0530] {processor.py:161} INFO - Started process (PID=18595) to work on /home/logi/txtai/venv/lib/python3.10/site-packages/airflow/example_dags/example_branch_python_dop_operator_3.py
[2025-10-29T19:48:49.479+0530] {processor.py:830} INFO - Processing file /home/logi/txtai/venv/lib/python3.10/site-packages/airflow/example_dags/example_branch_python_dop_operator_3.py for tasks to queue
[2025-10-29T19:48:49.482+0530] {logging_mixin.py:188} INFO - [2025-10-29T19:48:49.481+0530] {dagbag.py:545} INFO - Filling up the DagBag from /home/logi/txtai/venv/lib/python3.10/site-packages/airflow/example_dags/example_branch_python_dop_operator_3.py
[2025-10-29T19:48:49.499+0530] {processor.py:840} INFO - DAG(s) 'example_branch_dop_operator_v3' retrieved from /home/logi/txtai/venv/lib/python3.10/site-packages/airflow/example_dags/example_branch_python_dop_operator_3.py
[2025-10-29T19:48:49.526+0530] {logging_mixin.py:188} INFO - [2025-10-29T19:48:49.525+0530] {dag.py:3096} INFO - Sync 1 DAGs
[2025-10-29T19:48:49.548+0530] {logging_mixin.py:188} INFO - [2025-10-29T19:48:49.548+0530] {dag.py:3954} INFO - Setting next_dagrun for example_branch_dop_operator_v3 to 2025-10-29 14:17:00+00:00, run_after=2025-10-29 14:18:00+00:00
[2025-10-29T19:48:49.571+0530] {processor.py:183} INFO - Processing /home/logi/txtai/venv/lib/python3.10/site-packages/airflow/example_dags/example_branch_python_dop_operator_3.py took 0.118 seconds
[2025-10-29T19:49:45.625+0530] {processor.py:161} INFO - Started process (PID=18719) to work on /home/logi/txtai/venv/lib/python3.10/site-packages/airflow/example_dags/example_branch_python_dop_operator_3.py
[2025-10-29T19:49:45.639+0530] {processor.py:830} INFO - Processing file /home/logi/txtai/venv/lib/python3.10/site-packages/airflow/example_dags/example_branch_python_dop_operator_3.py for tasks to queue
[2025-10-29T19:49:45.642+0530] {logging_mixin.py:188} INFO - [2025-10-29T19:49:45.642+0530] {dagbag.py:545} INFO - Filling up the DagBag from /home/logi/txtai/venv/lib/python3.10/site-packages/airflow/example_dags/example_branch_python_dop_operator_3.py
[2025-10-29T19:49:45.660+0530] {processor.py:840} INFO - DAG(s) 'example_branch_dop_operator_v3' retrieved from /home/logi/txtai/venv/lib/python3.10/site-packages/airflow/example_dags/example_branch_python_dop_operator_3.py
[2025-10-29T19:49:45.688+0530] {logging_mixin.py:188} INFO - [2025-10-29T19:49:45.688+0530] {dag.py:3096} INFO - Sync 1 DAGs
[2025-10-29T19:49:45.709+0530] {logging_mixin.py:188} INFO - [2025-10-29T19:49:45.709+0530] {dag.py:3954} INFO - Setting next_dagrun for example_branch_dop_operator_v3 to 2025-10-29 14:18:00+00:00, run_after=2025-10-29 14:19:00+00:00
[2025-10-29T19:49:45.733+0530] {processor.py:183} INFO - Processing /home/logi/txtai/venv/lib/python3.10/site-packages/airflow/example_dags/example_branch_python_dop_operator_3.py took 0.121 seconds
[2025-10-29T19:51:04.394+0530] {processor.py:161} INFO - Started process (PID=18814) to work on /home/logi/txtai/venv/lib/python3.10/site-packages/airflow/example_dags/example_branch_python_dop_operator_3.py
[2025-10-29T19:51:04.407+0530] {processor.py:830} INFO - Processing file /home/logi/txtai/venv/lib/python3.10/site-packages/airflow/example_dags/example_branch_python_dop_operator_3.py for tasks to queue
[2025-10-29T19:51:04.412+0530] {logging_mixin.py:188} INFO - [2025-10-29T19:51:04.411+0530] {dagbag.py:545} INFO - Filling up the DagBag from /home/logi/txtai/venv/lib/python3.10/site-packages/airflow/example_dags/example_branch_python_dop_operator_3.py
[2025-10-29T19:51:04.434+0530] {processor.py:840} INFO - DAG(s) 'example_branch_dop_operator_v3' retrieved from /home/logi/txtai/venv/lib/python3.10/site-packages/airflow/example_dags/example_branch_python_dop_operator_3.py
[2025-10-29T19:51:04.462+0530] {logging_mixin.py:188} INFO - [2025-10-29T19:51:04.462+0530] {dag.py:3096} INFO - Sync 1 DAGs
[2025-10-29T19:51:04.485+0530] {logging_mixin.py:188} INFO - [2025-10-29T19:51:04.485+0530] {dag.py:3954} INFO - Setting next_dagrun for example_branch_dop_operator_v3 to 2025-10-29 14:20:00+00:00, run_after=2025-10-29 14:21:00+00:00
[2025-10-29T19:51:04.509+0530] {processor.py:183} INFO - Processing /home/logi/txtai/venv/lib/python3.10/site-packages/airflow/example_dags/example_branch_python_dop_operator_3.py took 0.128 seconds
[2025-10-29T19:51:58.541+0530] {processor.py:161} INFO - Started process (PID=18906) to work on /home/logi/txtai/venv/lib/python3.10/site-packages/airflow/example_dags/example_branch_python_dop_operator_3.py
[2025-10-29T19:51:58.554+0530] {processor.py:830} INFO - Processing file /home/logi/txtai/venv/lib/python3.10/site-packages/airflow/example_dags/example_branch_python_dop_operator_3.py for tasks to queue
[2025-10-29T19:51:58.557+0530] {logging_mixin.py:188} INFO - [2025-10-29T19:51:58.557+0530] {dagbag.py:545} INFO - Filling up the DagBag from /home/logi/txtai/venv/lib/python3.10/site-packages/airflow/example_dags/example_branch_python_dop_operator_3.py
[2025-10-29T19:51:58.572+0530] {processor.py:840} INFO - DAG(s) 'example_branch_dop_operator_v3' retrieved from /home/logi/txtai/venv/lib/python3.10/site-packages/airflow/example_dags/example_branch_python_dop_operator_3.py
[2025-10-29T19:51:58.600+0530] {logging_mixin.py:188} INFO - [2025-10-29T19:51:58.599+0530] {dag.py:3096} INFO - Sync 1 DAGs
[2025-10-29T19:51:58.620+0530] {logging_mixin.py:188} INFO - [2025-10-29T19:51:58.620+0530] {dag.py:3954} INFO - Setting next_dagrun for example_branch_dop_operator_v3 to 2025-10-29 14:20:00+00:00, run_after=2025-10-29 14:21:00+00:00
[2025-10-29T19:51:58.637+0530] {processor.py:183} INFO - Processing /home/logi/txtai/venv/lib/python3.10/site-packages/airflow/example_dags/example_branch_python_dop_operator_3.py took 0.108 seconds
[2025-10-29T19:52:50.510+0530] {processor.py:161} INFO - Started process (PID=18970) to work on /home/logi/txtai/venv/lib/python3.10/site-packages/airflow/example_dags/example_branch_python_dop_operator_3.py
[2025-10-29T19:52:50.524+0530] {processor.py:830} INFO - Processing file /home/logi/txtai/venv/lib/python3.10/site-packages/airflow/example_dags/example_branch_python_dop_operator_3.py for tasks to queue
[2025-10-29T19:52:50.527+0530] {logging_mixin.py:188} INFO - [2025-10-29T19:52:50.527+0530] {dagbag.py:545} INFO - Filling up the DagBag from /home/logi/txtai/venv/lib/python3.10/site-packages/airflow/example_dags/example_branch_python_dop_operator_3.py
[2025-10-29T19:52:50.548+0530] {processor.py:840} INFO - DAG(s) 'example_branch_dop_operator_v3' retrieved from /home/logi/txtai/venv/lib/python3.10/site-packages/airflow/example_dags/example_branch_python_dop_operator_3.py
[2025-10-29T19:52:50.579+0530] {logging_mixin.py:188} INFO - [2025-10-29T19:52:50.579+0530] {dag.py:3096} INFO - Sync 1 DAGs
[2025-10-29T19:52:50.603+0530] {logging_mixin.py:188} INFO - [2025-10-29T19:52:50.602+0530] {dag.py:3954} INFO - Setting next_dagrun for example_branch_dop_operator_v3 to 2025-10-29 14:21:00+00:00, run_after=2025-10-29 14:22:00+00:00
[2025-10-29T19:52:50.628+0530] {processor.py:183} INFO - Processing /home/logi/txtai/venv/lib/python3.10/site-packages/airflow/example_dags/example_branch_python_dop_operator_3.py took 0.130 seconds
[2025-10-29T19:54:07.382+0530] {processor.py:161} INFO - Started process (PID=19075) to work on /home/logi/txtai/venv/lib/python3.10/site-packages/airflow/example_dags/example_branch_python_dop_operator_3.py
[2025-10-29T19:54:07.395+0530] {processor.py:830} INFO - Processing file /home/logi/txtai/venv/lib/python3.10/site-packages/airflow/example_dags/example_branch_python_dop_operator_3.py for tasks to queue
[2025-10-29T19:54:07.399+0530] {logging_mixin.py:188} INFO - [2025-10-29T19:54:07.398+0530] {dagbag.py:545} INFO - Filling up the DagBag from /home/logi/txtai/venv/lib/python3.10/site-packages/airflow/example_dags/example_branch_python_dop_operator_3.py
[2025-10-29T19:54:07.415+0530] {processor.py:840} INFO - DAG(s) 'example_branch_dop_operator_v3' retrieved from /home/logi/txtai/venv/lib/python3.10/site-packages/airflow/example_dags/example_branch_python_dop_operator_3.py
[2025-10-29T19:54:07.444+0530] {logging_mixin.py:188} INFO - [2025-10-29T19:54:07.443+0530] {dag.py:3096} INFO - Sync 1 DAGs
[2025-10-29T19:54:07.465+0530] {logging_mixin.py:188} INFO - [2025-10-29T19:54:07.465+0530] {dag.py:3954} INFO - Setting next_dagrun for example_branch_dop_operator_v3 to 2025-10-29 14:23:00+00:00, run_after=2025-10-29 14:24:00+00:00
[2025-10-29T19:54:07.491+0530] {processor.py:183} INFO - Processing /home/logi/txtai/venv/lib/python3.10/site-packages/airflow/example_dags/example_branch_python_dop_operator_3.py took 0.129 seconds
[2025-10-29T19:55:01.908+0530] {processor.py:161} INFO - Started process (PID=19172) to work on /home/logi/txtai/venv/lib/python3.10/site-packages/airflow/example_dags/example_branch_python_dop_operator_3.py
[2025-10-29T19:55:01.923+0530] {processor.py:830} INFO - Processing file /home/logi/txtai/venv/lib/python3.10/site-packages/airflow/example_dags/example_branch_python_dop_operator_3.py for tasks to queue
[2025-10-29T19:55:01.927+0530] {logging_mixin.py:188} INFO - [2025-10-29T19:55:01.926+0530] {dagbag.py:545} INFO - Filling up the DagBag from /home/logi/txtai/venv/lib/python3.10/site-packages/airflow/example_dags/example_branch_python_dop_operator_3.py
[2025-10-29T19:55:01.945+0530] {processor.py:840} INFO - DAG(s) 'example_branch_dop_operator_v3' retrieved from /home/logi/txtai/venv/lib/python3.10/site-packages/airflow/example_dags/example_branch_python_dop_operator_3.py
[2025-10-29T19:55:01.974+0530] {logging_mixin.py:188} INFO - [2025-10-29T19:55:01.973+0530] {dag.py:3096} INFO - Sync 1 DAGs
[2025-10-29T19:55:01.995+0530] {logging_mixin.py:188} INFO - [2025-10-29T19:55:01.995+0530] {dag.py:3954} INFO - Setting next_dagrun for example_branch_dop_operator_v3 to 2025-10-29 14:24:00+00:00, run_after=2025-10-29 14:25:00+00:00
[2025-10-29T19:55:02.016+0530] {processor.py:183} INFO - Processing /home/logi/txtai/venv/lib/python3.10/site-packages/airflow/example_dags/example_branch_python_dop_operator_3.py took 0.121 seconds
[2025-10-29T19:55:57.763+0530] {processor.py:161} INFO - Started process (PID=19243) to work on /home/logi/txtai/venv/lib/python3.10/site-packages/airflow/example_dags/example_branch_python_dop_operator_3.py
[2025-10-29T19:55:57.776+0530] {processor.py:830} INFO - Processing file /home/logi/txtai/venv/lib/python3.10/site-packages/airflow/example_dags/example_branch_python_dop_operator_3.py for tasks to queue
[2025-10-29T19:55:57.779+0530] {logging_mixin.py:188} INFO - [2025-10-29T19:55:57.779+0530] {dagbag.py:545} INFO - Filling up the DagBag from /home/logi/txtai/venv/lib/python3.10/site-packages/airflow/example_dags/example_branch_python_dop_operator_3.py
[2025-10-29T19:55:57.795+0530] {processor.py:840} INFO - DAG(s) 'example_branch_dop_operator_v3' retrieved from /home/logi/txtai/venv/lib/python3.10/site-packages/airflow/example_dags/example_branch_python_dop_operator_3.py
[2025-10-29T19:55:57.820+0530] {logging_mixin.py:188} INFO - [2025-10-29T19:55:57.820+0530] {dag.py:3096} INFO - Sync 1 DAGs
[2025-10-29T19:55:57.843+0530] {logging_mixin.py:188} INFO - [2025-10-29T19:55:57.842+0530] {dag.py:3954} INFO - Setting next_dagrun for example_branch_dop_operator_v3 to 2025-10-29 14:24:00+00:00, run_after=2025-10-29 14:25:00+00:00
[2025-10-29T19:55:57.863+0530] {processor.py:183} INFO - Processing /home/logi/txtai/venv/lib/python3.10/site-packages/airflow/example_dags/example_branch_python_dop_operator_3.py took 0.112 seconds
[2025-10-29T19:56:51.474+0530] {processor.py:161} INFO - Started process (PID=19321) to work on /home/logi/txtai/venv/lib/python3.10/site-packages/airflow/example_dags/example_branch_python_dop_operator_3.py
[2025-10-29T19:56:51.487+0530] {processor.py:830} INFO - Processing file /home/logi/txtai/venv/lib/python3.10/site-packages/airflow/example_dags/example_branch_python_dop_operator_3.py for tasks to queue
[2025-10-29T19:56:51.490+0530] {logging_mixin.py:188} INFO - [2025-10-29T19:56:51.490+0530] {dagbag.py:545} INFO - Filling up the DagBag from /home/logi/txtai/venv/lib/python3.10/site-packages/airflow/example_dags/example_branch_python_dop_operator_3.py
[2025-10-29T19:56:51.506+0530] {processor.py:840} INFO - DAG(s) 'example_branch_dop_operator_v3' retrieved from /home/logi/txtai/venv/lib/python3.10/site-packages/airflow/example_dags/example_branch_python_dop_operator_3.py
[2025-10-29T19:56:51.533+0530] {logging_mixin.py:188} INFO - [2025-10-29T19:56:51.533+0530] {dag.py:3096} INFO - Sync 1 DAGs
[2025-10-29T19:56:51.557+0530] {logging_mixin.py:188} INFO - [2025-10-29T19:56:51.557+0530] {dag.py:3954} INFO - Setting next_dagrun for example_branch_dop_operator_v3 to 2025-10-29 14:25:00+00:00, run_after=2025-10-29 14:26:00+00:00
[2025-10-29T19:56:51.583+0530] {processor.py:183} INFO - Processing /home/logi/txtai/venv/lib/python3.10/site-packages/airflow/example_dags/example_branch_python_dop_operator_3.py took 0.121 seconds
[2025-10-29T19:57:48.482+0530] {processor.py:161} INFO - Started process (PID=19408) to work on /home/logi/txtai/venv/lib/python3.10/site-packages/airflow/example_dags/example_branch_python_dop_operator_3.py
[2025-10-29T19:57:48.484+0530] {processor.py:830} INFO - Processing file /home/logi/txtai/venv/lib/python3.10/site-packages/airflow/example_dags/example_branch_python_dop_operator_3.py for tasks to queue
[2025-10-29T19:57:48.487+0530] {logging_mixin.py:188} INFO - [2025-10-29T19:57:48.487+0530] {dagbag.py:545} INFO - Filling up the DagBag from /home/logi/txtai/venv/lib/python3.10/site-packages/airflow/example_dags/example_branch_python_dop_operator_3.py
[2025-10-29T19:57:48.504+0530] {processor.py:840} INFO - DAG(s) 'example_branch_dop_operator_v3' retrieved from /home/logi/txtai/venv/lib/python3.10/site-packages/airflow/example_dags/example_branch_python_dop_operator_3.py
[2025-10-29T19:57:48.526+0530] {logging_mixin.py:188} INFO - [2025-10-29T19:57:48.526+0530] {dag.py:3096} INFO - Sync 1 DAGs
[2025-10-29T19:57:48.546+0530] {logging_mixin.py:188} INFO - [2025-10-29T19:57:48.546+0530] {dag.py:3954} INFO - Setting next_dagrun for example_branch_dop_operator_v3 to 2025-10-29 14:26:00+00:00, run_after=2025-10-29 14:27:00+00:00
[2025-10-29T19:57:48.567+0530] {processor.py:183} INFO - Processing /home/logi/txtai/venv/lib/python3.10/site-packages/airflow/example_dags/example_branch_python_dop_operator_3.py took 0.097 seconds
[2025-10-29T19:58:46.050+0530] {processor.py:161} INFO - Started process (PID=19608) to work on /home/logi/txtai/venv/lib/python3.10/site-packages/airflow/example_dags/example_branch_python_dop_operator_3.py
[2025-10-29T19:58:46.065+0530] {processor.py:830} INFO - Processing file /home/logi/txtai/venv/lib/python3.10/site-packages/airflow/example_dags/example_branch_python_dop_operator_3.py for tasks to queue
[2025-10-29T19:58:46.068+0530] {logging_mixin.py:188} INFO - [2025-10-29T19:58:46.067+0530] {dagbag.py:545} INFO - Filling up the DagBag from /home/logi/txtai/venv/lib/python3.10/site-packages/airflow/example_dags/example_branch_python_dop_operator_3.py
[2025-10-29T19:58:46.078+0530] {processor.py:840} INFO - DAG(s) 'example_branch_dop_operator_v3' retrieved from /home/logi/txtai/venv/lib/python3.10/site-packages/airflow/example_dags/example_branch_python_dop_operator_3.py
[2025-10-29T19:58:46.104+0530] {logging_mixin.py:188} INFO - [2025-10-29T19:58:46.104+0530] {dag.py:3096} INFO - Sync 1 DAGs
[2025-10-29T19:58:46.127+0530] {logging_mixin.py:188} INFO - [2025-10-29T19:58:46.127+0530] {dag.py:3954} INFO - Setting next_dagrun for example_branch_dop_operator_v3 to 2025-10-29 14:27:00+00:00, run_after=2025-10-29 14:28:00+00:00
[2025-10-29T19:58:46.150+0530] {processor.py:183} INFO - Processing /home/logi/txtai/venv/lib/python3.10/site-packages/airflow/example_dags/example_branch_python_dop_operator_3.py took 0.112 seconds
[2025-10-29T19:59:39.316+0530] {processor.py:161} INFO - Started process (PID=19706) to work on /home/logi/txtai/venv/lib/python3.10/site-packages/airflow/example_dags/example_branch_python_dop_operator_3.py
[2025-10-29T19:59:39.329+0530] {processor.py:830} INFO - Processing file /home/logi/txtai/venv/lib/python3.10/site-packages/airflow/example_dags/example_branch_python_dop_operator_3.py for tasks to queue
[2025-10-29T19:59:39.332+0530] {logging_mixin.py:188} INFO - [2025-10-29T19:59:39.332+0530] {dagbag.py:545} INFO - Filling up the DagBag from /home/logi/txtai/venv/lib/python3.10/site-packages/airflow/example_dags/example_branch_python_dop_operator_3.py
[2025-10-29T19:59:39.348+0530] {processor.py:840} INFO - DAG(s) 'example_branch_dop_operator_v3' retrieved from /home/logi/txtai/venv/lib/python3.10/site-packages/airflow/example_dags/example_branch_python_dop_operator_3.py
[2025-10-29T19:59:39.374+0530] {logging_mixin.py:188} INFO - [2025-10-29T19:59:39.373+0530] {dag.py:3096} INFO - Sync 1 DAGs
[2025-10-29T19:59:39.396+0530] {logging_mixin.py:188} INFO - [2025-10-29T19:59:39.396+0530] {dag.py:3954} INFO - Setting next_dagrun for example_branch_dop_operator_v3 to 2025-10-29 14:28:00+00:00, run_after=2025-10-29 14:29:00+00:00
[2025-10-29T19:59:39.423+0530] {processor.py:183} INFO - Processing /home/logi/txtai/venv/lib/python3.10/site-packages/airflow/example_dags/example_branch_python_dop_operator_3.py took 0.119 seconds
[2025-10-29T20:00:31.863+0530] {processor.py:161} INFO - Started process (PID=19797) to work on /home/logi/txtai/venv/lib/python3.10/site-packages/airflow/example_dags/example_branch_python_dop_operator_3.py
[2025-10-29T20:00:31.870+0530] {processor.py:830} INFO - Processing file /home/logi/txtai/venv/lib/python3.10/site-packages/airflow/example_dags/example_branch_python_dop_operator_3.py for tasks to queue
[2025-10-29T20:00:31.873+0530] {logging_mixin.py:188} INFO - [2025-10-29T20:00:31.873+0530] {dagbag.py:545} INFO - Filling up the DagBag from /home/logi/txtai/venv/lib/python3.10/site-packages/airflow/example_dags/example_branch_python_dop_operator_3.py
[2025-10-29T20:00:31.889+0530] {processor.py:840} INFO - DAG(s) 'example_branch_dop_operator_v3' retrieved from /home/logi/txtai/venv/lib/python3.10/site-packages/airflow/example_dags/example_branch_python_dop_operator_3.py
[2025-10-29T20:00:31.914+0530] {logging_mixin.py:188} INFO - [2025-10-29T20:00:31.914+0530] {dag.py:3096} INFO - Sync 1 DAGs
[2025-10-29T20:00:31.933+0530] {logging_mixin.py:188} INFO - [2025-10-29T20:00:31.933+0530] {dag.py:3954} INFO - Setting next_dagrun for example_branch_dop_operator_v3 to 2025-10-29 14:29:00+00:00, run_after=2025-10-29 14:30:00+00:00
[2025-10-29T20:00:31.953+0530] {processor.py:183} INFO - Processing /home/logi/txtai/venv/lib/python3.10/site-packages/airflow/example_dags/example_branch_python_dop_operator_3.py took 0.102 seconds
[2025-10-29T20:01:28.723+0530] {processor.py:161} INFO - Started process (PID=19941) to work on /home/logi/txtai/venv/lib/python3.10/site-packages/airflow/example_dags/example_branch_python_dop_operator_3.py
[2025-10-29T20:01:28.737+0530] {processor.py:830} INFO - Processing file /home/logi/txtai/venv/lib/python3.10/site-packages/airflow/example_dags/example_branch_python_dop_operator_3.py for tasks to queue
[2025-10-29T20:01:28.744+0530] {logging_mixin.py:188} INFO - [2025-10-29T20:01:28.743+0530] {dagbag.py:545} INFO - Filling up the DagBag from /home/logi/txtai/venv/lib/python3.10/site-packages/airflow/example_dags/example_branch_python_dop_operator_3.py
[2025-10-29T20:01:28.761+0530] {processor.py:840} INFO - DAG(s) 'example_branch_dop_operator_v3' retrieved from /home/logi/txtai/venv/lib/python3.10/site-packages/airflow/example_dags/example_branch_python_dop_operator_3.py
[2025-10-29T20:01:28.789+0530] {logging_mixin.py:188} INFO - [2025-10-29T20:01:28.789+0530] {dag.py:3096} INFO - Sync 1 DAGs
[2025-10-29T20:01:28.810+0530] {logging_mixin.py:188} INFO - [2025-10-29T20:01:28.809+0530] {dag.py:3954} INFO - Setting next_dagrun for example_branch_dop_operator_v3 to 2025-10-29 14:30:00+00:00, run_after=2025-10-29 14:31:00+00:00
[2025-10-29T20:01:28.836+0530] {processor.py:183} INFO - Processing /home/logi/txtai/venv/lib/python3.10/site-packages/airflow/example_dags/example_branch_python_dop_operator_3.py took 0.127 seconds
[2025-10-29T20:02:25.372+0530] {processor.py:161} INFO - Started process (PID=20071) to work on /home/logi/txtai/venv/lib/python3.10/site-packages/airflow/example_dags/example_branch_python_dop_operator_3.py
[2025-10-29T20:02:25.373+0530] {processor.py:830} INFO - Processing file /home/logi/txtai/venv/lib/python3.10/site-packages/airflow/example_dags/example_branch_python_dop_operator_3.py for tasks to queue
[2025-10-29T20:02:25.376+0530] {logging_mixin.py:188} INFO - [2025-10-29T20:02:25.376+0530] {dagbag.py:545} INFO - Filling up the DagBag from /home/logi/txtai/venv/lib/python3.10/site-packages/airflow/example_dags/example_branch_python_dop_operator_3.py
[2025-10-29T20:02:25.392+0530] {processor.py:840} INFO - DAG(s) 'example_branch_dop_operator_v3' retrieved from /home/logi/txtai/venv/lib/python3.10/site-packages/airflow/example_dags/example_branch_python_dop_operator_3.py
[2025-10-29T20:02:25.415+0530] {logging_mixin.py:188} INFO - [2025-10-29T20:02:25.415+0530] {dag.py:3096} INFO - Sync 1 DAGs
[2025-10-29T20:02:25.435+0530] {logging_mixin.py:188} INFO - [2025-10-29T20:02:25.435+0530] {dag.py:3954} INFO - Setting next_dagrun for example_branch_dop_operator_v3 to 2025-10-29 14:31:00+00:00, run_after=2025-10-29 14:32:00+00:00
[2025-10-29T20:02:25.457+0530] {processor.py:183} INFO - Processing /home/logi/txtai/venv/lib/python3.10/site-packages/airflow/example_dags/example_branch_python_dop_operator_3.py took 0.097 seconds
[2025-10-29T20:03:20.574+0530] {processor.py:161} INFO - Started process (PID=20185) to work on /home/logi/txtai/venv/lib/python3.10/site-packages/airflow/example_dags/example_branch_python_dop_operator_3.py
[2025-10-29T20:03:20.588+0530] {processor.py:830} INFO - Processing file /home/logi/txtai/venv/lib/python3.10/site-packages/airflow/example_dags/example_branch_python_dop_operator_3.py for tasks to queue
[2025-10-29T20:03:20.591+0530] {logging_mixin.py:188} INFO - [2025-10-29T20:03:20.590+0530] {dagbag.py:545} INFO - Filling up the DagBag from /home/logi/txtai/venv/lib/python3.10/site-packages/airflow/example_dags/example_branch_python_dop_operator_3.py
[2025-10-29T20:03:20.607+0530] {processor.py:840} INFO - DAG(s) 'example_branch_dop_operator_v3' retrieved from /home/logi/txtai/venv/lib/python3.10/site-packages/airflow/example_dags/example_branch_python_dop_operator_3.py
[2025-10-29T20:03:20.634+0530] {logging_mixin.py:188} INFO - [2025-10-29T20:03:20.633+0530] {dag.py:3096} INFO - Sync 1 DAGs
[2025-10-29T20:03:20.664+0530] {logging_mixin.py:188} INFO - [2025-10-29T20:03:20.664+0530] {dag.py:3954} INFO - Setting next_dagrun for example_branch_dop_operator_v3 to 2025-10-29 14:32:00+00:00, run_after=2025-10-29 14:33:00+00:00
[2025-10-29T20:03:20.691+0530] {processor.py:183} INFO - Processing /home/logi/txtai/venv/lib/python3.10/site-packages/airflow/example_dags/example_branch_python_dop_operator_3.py took 0.128 seconds
[2025-10-29T20:04:25.120+0530] {processor.py:161} INFO - Started process (PID=20304) to work on /home/logi/txtai/venv/lib/python3.10/site-packages/airflow/example_dags/example_branch_python_dop_operator_3.py
[2025-10-29T20:04:25.122+0530] {processor.py:830} INFO - Processing file /home/logi/txtai/venv/lib/python3.10/site-packages/airflow/example_dags/example_branch_python_dop_operator_3.py for tasks to queue
[2025-10-29T20:04:25.125+0530] {logging_mixin.py:188} INFO - [2025-10-29T20:04:25.125+0530] {dagbag.py:545} INFO - Filling up the DagBag from /home/logi/txtai/venv/lib/python3.10/site-packages/airflow/example_dags/example_branch_python_dop_operator_3.py
[2025-10-29T20:04:25.142+0530] {processor.py:840} INFO - DAG(s) 'example_branch_dop_operator_v3' retrieved from /home/logi/txtai/venv/lib/python3.10/site-packages/airflow/example_dags/example_branch_python_dop_operator_3.py
[2025-10-29T20:04:25.165+0530] {logging_mixin.py:188} INFO - [2025-10-29T20:04:25.165+0530] {dag.py:3096} INFO - Sync 1 DAGs
[2025-10-29T20:04:25.194+0530] {logging_mixin.py:188} INFO - [2025-10-29T20:04:25.192+0530] {dag.py:3954} INFO - Setting next_dagrun for example_branch_dop_operator_v3 to 2025-10-29 14:33:00+00:00, run_after=2025-10-29 14:34:00+00:00
[2025-10-29T20:04:25.227+0530] {processor.py:183} INFO - Processing /home/logi/txtai/venv/lib/python3.10/site-packages/airflow/example_dags/example_branch_python_dop_operator_3.py took 0.119 seconds
[2025-10-29T20:05:29.154+0530] {processor.py:161} INFO - Started process (PID=20459) to work on /home/logi/txtai/venv/lib/python3.10/site-packages/airflow/example_dags/example_branch_python_dop_operator_3.py
[2025-10-29T20:05:29.167+0530] {processor.py:830} INFO - Processing file /home/logi/txtai/venv/lib/python3.10/site-packages/airflow/example_dags/example_branch_python_dop_operator_3.py for tasks to queue
[2025-10-29T20:05:29.170+0530] {logging_mixin.py:188} INFO - [2025-10-29T20:05:29.169+0530] {dagbag.py:545} INFO - Filling up the DagBag from /home/logi/txtai/venv/lib/python3.10/site-packages/airflow/example_dags/example_branch_python_dop_operator_3.py
[2025-10-29T20:05:29.184+0530] {processor.py:840} INFO - DAG(s) 'example_branch_dop_operator_v3' retrieved from /home/logi/txtai/venv/lib/python3.10/site-packages/airflow/example_dags/example_branch_python_dop_operator_3.py
[2025-10-29T20:05:29.212+0530] {logging_mixin.py:188} INFO - [2025-10-29T20:05:29.212+0530] {dag.py:3096} INFO - Sync 1 DAGs
[2025-10-29T20:05:29.230+0530] {logging_mixin.py:188} INFO - [2025-10-29T20:05:29.230+0530] {dag.py:3954} INFO - Setting next_dagrun for example_branch_dop_operator_v3 to 2025-10-29 14:34:00+00:00, run_after=2025-10-29 14:35:00+00:00
[2025-10-29T20:05:29.256+0530] {processor.py:183} INFO - Processing /home/logi/txtai/venv/lib/python3.10/site-packages/airflow/example_dags/example_branch_python_dop_operator_3.py took 0.112 seconds
[2025-10-29T20:06:26.673+0530] {processor.py:161} INFO - Started process (PID=20572) to work on /home/logi/txtai/venv/lib/python3.10/site-packages/airflow/example_dags/example_branch_python_dop_operator_3.py
[2025-10-29T20:06:26.686+0530] {processor.py:830} INFO - Processing file /home/logi/txtai/venv/lib/python3.10/site-packages/airflow/example_dags/example_branch_python_dop_operator_3.py for tasks to queue
[2025-10-29T20:06:26.689+0530] {logging_mixin.py:188} INFO - [2025-10-29T20:06:26.689+0530] {dagbag.py:545} INFO - Filling up the DagBag from /home/logi/txtai/venv/lib/python3.10/site-packages/airflow/example_dags/example_branch_python_dop_operator_3.py
[2025-10-29T20:06:26.706+0530] {processor.py:840} INFO - DAG(s) 'example_branch_dop_operator_v3' retrieved from /home/logi/txtai/venv/lib/python3.10/site-packages/airflow/example_dags/example_branch_python_dop_operator_3.py
[2025-10-29T20:06:26.740+0530] {logging_mixin.py:188} INFO - [2025-10-29T20:06:26.740+0530] {dag.py:3096} INFO - Sync 1 DAGs
[2025-10-29T20:06:26.770+0530] {logging_mixin.py:188} INFO - [2025-10-29T20:06:26.770+0530] {dag.py:3954} INFO - Setting next_dagrun for example_branch_dop_operator_v3 to 2025-10-29 14:35:00+00:00, run_after=2025-10-29 14:36:00+00:00
[2025-10-29T20:06:26.791+0530] {processor.py:183} INFO - Processing /home/logi/txtai/venv/lib/python3.10/site-packages/airflow/example_dags/example_branch_python_dop_operator_3.py took 0.130 seconds
[2025-10-29T20:07:23.610+0530] {processor.py:161} INFO - Started process (PID=20683) to work on /home/logi/txtai/venv/lib/python3.10/site-packages/airflow/example_dags/example_branch_python_dop_operator_3.py
[2025-10-29T20:07:23.623+0530] {processor.py:830} INFO - Processing file /home/logi/txtai/venv/lib/python3.10/site-packages/airflow/example_dags/example_branch_python_dop_operator_3.py for tasks to queue
[2025-10-29T20:07:23.626+0530] {logging_mixin.py:188} INFO - [2025-10-29T20:07:23.626+0530] {dagbag.py:545} INFO - Filling up the DagBag from /home/logi/txtai/venv/lib/python3.10/site-packages/airflow/example_dags/example_branch_python_dop_operator_3.py
[2025-10-29T20:07:23.635+0530] {processor.py:840} INFO - DAG(s) 'example_branch_dop_operator_v3' retrieved from /home/logi/txtai/venv/lib/python3.10/site-packages/airflow/example_dags/example_branch_python_dop_operator_3.py
[2025-10-29T20:07:23.651+0530] {logging_mixin.py:188} INFO - [2025-10-29T20:07:23.651+0530] {dag.py:3096} INFO - Sync 1 DAGs
[2025-10-29T20:07:23.671+0530] {logging_mixin.py:188} INFO - [2025-10-29T20:07:23.671+0530] {dag.py:3954} INFO - Setting next_dagrun for example_branch_dop_operator_v3 to 2025-10-29 14:36:00+00:00, run_after=2025-10-29 14:37:00+00:00
[2025-10-29T20:07:23.693+0530] {processor.py:183} INFO - Processing /home/logi/txtai/venv/lib/python3.10/site-packages/airflow/example_dags/example_branch_python_dop_operator_3.py took 0.091 seconds
[2025-10-29T20:08:20.287+0530] {processor.py:161} INFO - Started process (PID=20794) to work on /home/logi/txtai/venv/lib/python3.10/site-packages/airflow/example_dags/example_branch_python_dop_operator_3.py
[2025-10-29T20:08:20.301+0530] {processor.py:830} INFO - Processing file /home/logi/txtai/venv/lib/python3.10/site-packages/airflow/example_dags/example_branch_python_dop_operator_3.py for tasks to queue
[2025-10-29T20:08:20.304+0530] {logging_mixin.py:188} INFO - [2025-10-29T20:08:20.303+0530] {dagbag.py:545} INFO - Filling up the DagBag from /home/logi/txtai/venv/lib/python3.10/site-packages/airflow/example_dags/example_branch_python_dop_operator_3.py
[2025-10-29T20:08:20.321+0530] {processor.py:840} INFO - DAG(s) 'example_branch_dop_operator_v3' retrieved from /home/logi/txtai/venv/lib/python3.10/site-packages/airflow/example_dags/example_branch_python_dop_operator_3.py
[2025-10-29T20:08:20.349+0530] {logging_mixin.py:188} INFO - [2025-10-29T20:08:20.349+0530] {dag.py:3096} INFO - Sync 1 DAGs
[2025-10-29T20:08:20.369+0530] {logging_mixin.py:188} INFO - [2025-10-29T20:08:20.369+0530] {dag.py:3954} INFO - Setting next_dagrun for example_branch_dop_operator_v3 to 2025-10-29 14:37:00+00:00, run_after=2025-10-29 14:38:00+00:00
[2025-10-29T20:08:20.397+0530] {processor.py:183} INFO - Processing /home/logi/txtai/venv/lib/python3.10/site-packages/airflow/example_dags/example_branch_python_dop_operator_3.py took 0.122 seconds
[2025-10-29T20:09:21.104+0530] {processor.py:161} INFO - Started process (PID=20911) to work on /home/logi/txtai/venv/lib/python3.10/site-packages/airflow/example_dags/example_branch_python_dop_operator_3.py
[2025-10-29T20:09:21.118+0530] {processor.py:830} INFO - Processing file /home/logi/txtai/venv/lib/python3.10/site-packages/airflow/example_dags/example_branch_python_dop_operator_3.py for tasks to queue
[2025-10-29T20:09:21.121+0530] {logging_mixin.py:188} INFO - [2025-10-29T20:09:21.120+0530] {dagbag.py:545} INFO - Filling up the DagBag from /home/logi/txtai/venv/lib/python3.10/site-packages/airflow/example_dags/example_branch_python_dop_operator_3.py
[2025-10-29T20:09:21.137+0530] {processor.py:840} INFO - DAG(s) 'example_branch_dop_operator_v3' retrieved from /home/logi/txtai/venv/lib/python3.10/site-packages/airflow/example_dags/example_branch_python_dop_operator_3.py
[2025-10-29T20:09:21.166+0530] {logging_mixin.py:188} INFO - [2025-10-29T20:09:21.165+0530] {dag.py:3096} INFO - Sync 1 DAGs
[2025-10-29T20:09:21.187+0530] {logging_mixin.py:188} INFO - [2025-10-29T20:09:21.186+0530] {dag.py:3954} INFO - Setting next_dagrun for example_branch_dop_operator_v3 to 2025-10-29 14:38:00+00:00, run_after=2025-10-29 14:39:00+00:00
[2025-10-29T20:09:21.214+0530] {processor.py:183} INFO - Processing /home/logi/txtai/venv/lib/python3.10/site-packages/airflow/example_dags/example_branch_python_dop_operator_3.py took 0.122 seconds
[2025-10-29T20:10:17.588+0530] {processor.py:161} INFO - Started process (PID=21052) to work on /home/logi/txtai/venv/lib/python3.10/site-packages/airflow/example_dags/example_branch_python_dop_operator_3.py
[2025-10-29T20:10:17.602+0530] {processor.py:830} INFO - Processing file /home/logi/txtai/venv/lib/python3.10/site-packages/airflow/example_dags/example_branch_python_dop_operator_3.py for tasks to queue
[2025-10-29T20:10:17.605+0530] {logging_mixin.py:188} INFO - [2025-10-29T20:10:17.604+0530] {dagbag.py:545} INFO - Filling up the DagBag from /home/logi/txtai/venv/lib/python3.10/site-packages/airflow/example_dags/example_branch_python_dop_operator_3.py
[2025-10-29T20:10:17.621+0530] {processor.py:840} INFO - DAG(s) 'example_branch_dop_operator_v3' retrieved from /home/logi/txtai/venv/lib/python3.10/site-packages/airflow/example_dags/example_branch_python_dop_operator_3.py
[2025-10-29T20:10:17.647+0530] {logging_mixin.py:188} INFO - [2025-10-29T20:10:17.647+0530] {dag.py:3096} INFO - Sync 1 DAGs
[2025-10-29T20:10:17.675+0530] {logging_mixin.py:188} INFO - [2025-10-29T20:10:17.675+0530] {dag.py:3954} INFO - Setting next_dagrun for example_branch_dop_operator_v3 to 2025-10-29 14:39:00+00:00, run_after=2025-10-29 14:40:00+00:00
[2025-10-29T20:10:17.703+0530] {processor.py:183} INFO - Processing /home/logi/txtai/venv/lib/python3.10/site-packages/airflow/example_dags/example_branch_python_dop_operator_3.py took 0.126 seconds
[2025-10-29T20:11:12.389+0530] {processor.py:161} INFO - Started process (PID=21162) to work on /home/logi/txtai/venv/lib/python3.10/site-packages/airflow/example_dags/example_branch_python_dop_operator_3.py
[2025-10-29T20:11:12.403+0530] {processor.py:830} INFO - Processing file /home/logi/txtai/venv/lib/python3.10/site-packages/airflow/example_dags/example_branch_python_dop_operator_3.py for tasks to queue
[2025-10-29T20:11:12.411+0530] {logging_mixin.py:188} INFO - [2025-10-29T20:11:12.410+0530] {dagbag.py:545} INFO - Filling up the DagBag from /home/logi/txtai/venv/lib/python3.10/site-packages/airflow/example_dags/example_branch_python_dop_operator_3.py
[2025-10-29T20:11:12.427+0530] {processor.py:840} INFO - DAG(s) 'example_branch_dop_operator_v3' retrieved from /home/logi/txtai/venv/lib/python3.10/site-packages/airflow/example_dags/example_branch_python_dop_operator_3.py
[2025-10-29T20:11:12.454+0530] {logging_mixin.py:188} INFO - [2025-10-29T20:11:12.454+0530] {dag.py:3096} INFO - Sync 1 DAGs
[2025-10-29T20:11:12.481+0530] {logging_mixin.py:188} INFO - [2025-10-29T20:11:12.481+0530] {dag.py:3954} INFO - Setting next_dagrun for example_branch_dop_operator_v3 to 2025-10-29 14:40:00+00:00, run_after=2025-10-29 14:41:00+00:00
[2025-10-29T20:11:12.507+0530] {processor.py:183} INFO - Processing /home/logi/txtai/venv/lib/python3.10/site-packages/airflow/example_dags/example_branch_python_dop_operator_3.py took 0.130 seconds
[2025-10-29T20:12:03.390+0530] {processor.py:161} INFO - Started process (PID=21266) to work on /home/logi/txtai/venv/lib/python3.10/site-packages/airflow/example_dags/example_branch_python_dop_operator_3.py
[2025-10-29T20:12:03.404+0530] {processor.py:830} INFO - Processing file /home/logi/txtai/venv/lib/python3.10/site-packages/airflow/example_dags/example_branch_python_dop_operator_3.py for tasks to queue
[2025-10-29T20:12:03.410+0530] {logging_mixin.py:188} INFO - [2025-10-29T20:12:03.409+0530] {dagbag.py:545} INFO - Filling up the DagBag from /home/logi/txtai/venv/lib/python3.10/site-packages/airflow/example_dags/example_branch_python_dop_operator_3.py
[2025-10-29T20:12:03.425+0530] {processor.py:840} INFO - DAG(s) 'example_branch_dop_operator_v3' retrieved from /home/logi/txtai/venv/lib/python3.10/site-packages/airflow/example_dags/example_branch_python_dop_operator_3.py
[2025-10-29T20:12:03.452+0530] {logging_mixin.py:188} INFO - [2025-10-29T20:12:03.452+0530] {dag.py:3096} INFO - Sync 1 DAGs
[2025-10-29T20:12:03.477+0530] {logging_mixin.py:188} INFO - [2025-10-29T20:12:03.477+0530] {dag.py:3954} INFO - Setting next_dagrun for example_branch_dop_operator_v3 to 2025-10-29 14:41:00+00:00, run_after=2025-10-29 14:42:00+00:00
[2025-10-29T20:12:03.497+0530] {processor.py:183} INFO - Processing /home/logi/txtai/venv/lib/python3.10/site-packages/airflow/example_dags/example_branch_python_dop_operator_3.py took 0.119 seconds
[2025-10-29T20:13:20.940+0530] {processor.py:161} INFO - Started process (PID=21412) to work on /home/logi/txtai/venv/lib/python3.10/site-packages/airflow/example_dags/example_branch_python_dop_operator_3.py
[2025-10-29T20:13:20.953+0530] {processor.py:830} INFO - Processing file /home/logi/txtai/venv/lib/python3.10/site-packages/airflow/example_dags/example_branch_python_dop_operator_3.py for tasks to queue
[2025-10-29T20:13:20.957+0530] {logging_mixin.py:188} INFO - [2025-10-29T20:13:20.956+0530] {dagbag.py:545} INFO - Filling up the DagBag from /home/logi/txtai/venv/lib/python3.10/site-packages/airflow/example_dags/example_branch_python_dop_operator_3.py
[2025-10-29T20:13:20.978+0530] {processor.py:840} INFO - DAG(s) 'example_branch_dop_operator_v3' retrieved from /home/logi/txtai/venv/lib/python3.10/site-packages/airflow/example_dags/example_branch_python_dop_operator_3.py
[2025-10-29T20:13:21.004+0530] {logging_mixin.py:188} INFO - [2025-10-29T20:13:21.004+0530] {dag.py:3096} INFO - Sync 1 DAGs
[2025-10-29T20:13:21.024+0530] {logging_mixin.py:188} INFO - [2025-10-29T20:13:21.024+0530] {dag.py:3954} INFO - Setting next_dagrun for example_branch_dop_operator_v3 to 2025-10-29 14:42:00+00:00, run_after=2025-10-29 14:43:00+00:00
[2025-10-29T20:13:21.044+0530] {processor.py:183} INFO - Processing /home/logi/txtai/venv/lib/python3.10/site-packages/airflow/example_dags/example_branch_python_dop_operator_3.py took 0.115 seconds
[2025-10-29T20:14:13.392+0530] {processor.py:161} INFO - Started process (PID=21596) to work on /home/logi/txtai/venv/lib/python3.10/site-packages/airflow/example_dags/example_branch_python_dop_operator_3.py
[2025-10-29T20:14:13.405+0530] {processor.py:830} INFO - Processing file /home/logi/txtai/venv/lib/python3.10/site-packages/airflow/example_dags/example_branch_python_dop_operator_3.py for tasks to queue
[2025-10-29T20:14:13.408+0530] {logging_mixin.py:188} INFO - [2025-10-29T20:14:13.407+0530] {dagbag.py:545} INFO - Filling up the DagBag from /home/logi/txtai/venv/lib/python3.10/site-packages/airflow/example_dags/example_branch_python_dop_operator_3.py
[2025-10-29T20:14:13.424+0530] {processor.py:840} INFO - DAG(s) 'example_branch_dop_operator_v3' retrieved from /home/logi/txtai/venv/lib/python3.10/site-packages/airflow/example_dags/example_branch_python_dop_operator_3.py
[2025-10-29T20:14:13.450+0530] {logging_mixin.py:188} INFO - [2025-10-29T20:14:13.449+0530] {dag.py:3096} INFO - Sync 1 DAGs
[2025-10-29T20:14:13.470+0530] {logging_mixin.py:188} INFO - [2025-10-29T20:14:13.470+0530] {dag.py:3954} INFO - Setting next_dagrun for example_branch_dop_operator_v3 to 2025-10-29 14:43:00+00:00, run_after=2025-10-29 14:44:00+00:00
[2025-10-29T20:14:13.492+0530] {processor.py:183} INFO - Processing /home/logi/txtai/venv/lib/python3.10/site-packages/airflow/example_dags/example_branch_python_dop_operator_3.py took 0.112 seconds
[2025-10-29T20:15:12.863+0530] {processor.py:161} INFO - Started process (PID=21874) to work on /home/logi/txtai/venv/lib/python3.10/site-packages/airflow/example_dags/example_branch_python_dop_operator_3.py
[2025-10-29T20:15:12.878+0530] {processor.py:830} INFO - Processing file /home/logi/txtai/venv/lib/python3.10/site-packages/airflow/example_dags/example_branch_python_dop_operator_3.py for tasks to queue
[2025-10-29T20:15:12.880+0530] {logging_mixin.py:188} INFO - [2025-10-29T20:15:12.880+0530] {dagbag.py:545} INFO - Filling up the DagBag from /home/logi/txtai/venv/lib/python3.10/site-packages/airflow/example_dags/example_branch_python_dop_operator_3.py
[2025-10-29T20:15:12.890+0530] {processor.py:840} INFO - DAG(s) 'example_branch_dop_operator_v3' retrieved from /home/logi/txtai/venv/lib/python3.10/site-packages/airflow/example_dags/example_branch_python_dop_operator_3.py
[2025-10-29T20:15:12.906+0530] {logging_mixin.py:188} INFO - [2025-10-29T20:15:12.906+0530] {dag.py:3096} INFO - Sync 1 DAGs
[2025-10-29T20:15:12.926+0530] {logging_mixin.py:188} INFO - [2025-10-29T20:15:12.926+0530] {dag.py:3954} INFO - Setting next_dagrun for example_branch_dop_operator_v3 to 2025-10-29 14:44:00+00:00, run_after=2025-10-29 14:45:00+00:00
[2025-10-29T20:15:12.959+0530] {processor.py:183} INFO - Processing /home/logi/txtai/venv/lib/python3.10/site-packages/airflow/example_dags/example_branch_python_dop_operator_3.py took 0.111 seconds
[2025-10-29T20:16:07.712+0530] {processor.py:161} INFO - Started process (PID=21963) to work on /home/logi/txtai/venv/lib/python3.10/site-packages/airflow/example_dags/example_branch_python_dop_operator_3.py
[2025-10-29T20:16:07.725+0530] {processor.py:830} INFO - Processing file /home/logi/txtai/venv/lib/python3.10/site-packages/airflow/example_dags/example_branch_python_dop_operator_3.py for tasks to queue
[2025-10-29T20:16:07.728+0530] {logging_mixin.py:188} INFO - [2025-10-29T20:16:07.727+0530] {dagbag.py:545} INFO - Filling up the DagBag from /home/logi/txtai/venv/lib/python3.10/site-packages/airflow/example_dags/example_branch_python_dop_operator_3.py
[2025-10-29T20:16:07.744+0530] {processor.py:840} INFO - DAG(s) 'example_branch_dop_operator_v3' retrieved from /home/logi/txtai/venv/lib/python3.10/site-packages/airflow/example_dags/example_branch_python_dop_operator_3.py
[2025-10-29T20:16:07.771+0530] {logging_mixin.py:188} INFO - [2025-10-29T20:16:07.771+0530] {dag.py:3096} INFO - Sync 1 DAGs
[2025-10-29T20:16:07.793+0530] {logging_mixin.py:188} INFO - [2025-10-29T20:16:07.792+0530] {dag.py:3954} INFO - Setting next_dagrun for example_branch_dop_operator_v3 to 2025-10-29 14:45:00+00:00, run_after=2025-10-29 14:46:00+00:00
[2025-10-29T20:16:07.812+0530] {processor.py:183} INFO - Processing /home/logi/txtai/venv/lib/python3.10/site-packages/airflow/example_dags/example_branch_python_dop_operator_3.py took 0.113 seconds
[2025-10-29T20:16:57.015+0530] {processor.py:161} INFO - Started process (PID=22038) to work on /home/logi/txtai/venv/lib/python3.10/site-packages/airflow/example_dags/example_branch_python_dop_operator_3.py
[2025-10-29T20:16:57.028+0530] {processor.py:830} INFO - Processing file /home/logi/txtai/venv/lib/python3.10/site-packages/airflow/example_dags/example_branch_python_dop_operator_3.py for tasks to queue
[2025-10-29T20:16:57.031+0530] {logging_mixin.py:188} INFO - [2025-10-29T20:16:57.030+0530] {dagbag.py:545} INFO - Filling up the DagBag from /home/logi/txtai/venv/lib/python3.10/site-packages/airflow/example_dags/example_branch_python_dop_operator_3.py
[2025-10-29T20:16:57.039+0530] {processor.py:840} INFO - DAG(s) 'example_branch_dop_operator_v3' retrieved from /home/logi/txtai/venv/lib/python3.10/site-packages/airflow/example_dags/example_branch_python_dop_operator_3.py
[2025-10-29T20:16:57.055+0530] {logging_mixin.py:188} INFO - [2025-10-29T20:16:57.055+0530] {dag.py:3096} INFO - Sync 1 DAGs
[2025-10-29T20:16:57.074+0530] {logging_mixin.py:188} INFO - [2025-10-29T20:16:57.074+0530] {dag.py:3954} INFO - Setting next_dagrun for example_branch_dop_operator_v3 to 2025-10-29 14:45:00+00:00, run_after=2025-10-29 14:46:00+00:00
[2025-10-29T20:16:57.094+0530] {processor.py:183} INFO - Processing /home/logi/txtai/venv/lib/python3.10/site-packages/airflow/example_dags/example_branch_python_dop_operator_3.py took 0.087 seconds
[2025-10-29T20:18:11.691+0530] {processor.py:161} INFO - Started process (PID=22140) to work on /home/logi/txtai/venv/lib/python3.10/site-packages/airflow/example_dags/example_branch_python_dop_operator_3.py
[2025-10-29T20:18:11.704+0530] {processor.py:830} INFO - Processing file /home/logi/txtai/venv/lib/python3.10/site-packages/airflow/example_dags/example_branch_python_dop_operator_3.py for tasks to queue
[2025-10-29T20:18:11.709+0530] {logging_mixin.py:188} INFO - [2025-10-29T20:18:11.708+0530] {dagbag.py:545} INFO - Filling up the DagBag from /home/logi/txtai/venv/lib/python3.10/site-packages/airflow/example_dags/example_branch_python_dop_operator_3.py
[2025-10-29T20:18:11.723+0530] {processor.py:840} INFO - DAG(s) 'example_branch_dop_operator_v3' retrieved from /home/logi/txtai/venv/lib/python3.10/site-packages/airflow/example_dags/example_branch_python_dop_operator_3.py
[2025-10-29T20:18:11.749+0530] {logging_mixin.py:188} INFO - [2025-10-29T20:18:11.749+0530] {dag.py:3096} INFO - Sync 1 DAGs
[2025-10-29T20:18:11.770+0530] {logging_mixin.py:188} INFO - [2025-10-29T20:18:11.770+0530] {dag.py:3954} INFO - Setting next_dagrun for example_branch_dop_operator_v3 to 2025-10-29 14:47:00+00:00, run_after=2025-10-29 14:48:00+00:00
[2025-10-29T20:18:11.791+0530] {processor.py:183} INFO - Processing /home/logi/txtai/venv/lib/python3.10/site-packages/airflow/example_dags/example_branch_python_dop_operator_3.py took 0.111 seconds
[2025-10-29T20:19:07.379+0530] {processor.py:161} INFO - Started process (PID=22290) to work on /home/logi/txtai/venv/lib/python3.10/site-packages/airflow/example_dags/example_branch_python_dop_operator_3.py
[2025-10-29T20:19:07.393+0530] {processor.py:830} INFO - Processing file /home/logi/txtai/venv/lib/python3.10/site-packages/airflow/example_dags/example_branch_python_dop_operator_3.py for tasks to queue
[2025-10-29T20:19:07.397+0530] {logging_mixin.py:188} INFO - [2025-10-29T20:19:07.396+0530] {dagbag.py:545} INFO - Filling up the DagBag from /home/logi/txtai/venv/lib/python3.10/site-packages/airflow/example_dags/example_branch_python_dop_operator_3.py
[2025-10-29T20:19:07.412+0530] {processor.py:840} INFO - DAG(s) 'example_branch_dop_operator_v3' retrieved from /home/logi/txtai/venv/lib/python3.10/site-packages/airflow/example_dags/example_branch_python_dop_operator_3.py
[2025-10-29T20:19:07.446+0530] {logging_mixin.py:188} INFO - [2025-10-29T20:19:07.446+0530] {dag.py:3096} INFO - Sync 1 DAGs
[2025-10-29T20:19:07.470+0530] {logging_mixin.py:188} INFO - [2025-10-29T20:19:07.470+0530] {dag.py:3954} INFO - Setting next_dagrun for example_branch_dop_operator_v3 to 2025-10-29 14:48:00+00:00, run_after=2025-10-29 14:49:00+00:00
[2025-10-29T20:19:07.490+0530] {processor.py:183} INFO - Processing /home/logi/txtai/venv/lib/python3.10/site-packages/airflow/example_dags/example_branch_python_dop_operator_3.py took 0.136 seconds
[2025-10-29T20:20:03.019+0530] {processor.py:161} INFO - Started process (PID=22393) to work on /home/logi/txtai/venv/lib/python3.10/site-packages/airflow/example_dags/example_branch_python_dop_operator_3.py
[2025-10-29T20:20:03.034+0530] {processor.py:830} INFO - Processing file /home/logi/txtai/venv/lib/python3.10/site-packages/airflow/example_dags/example_branch_python_dop_operator_3.py for tasks to queue
[2025-10-29T20:20:03.037+0530] {logging_mixin.py:188} INFO - [2025-10-29T20:20:03.036+0530] {dagbag.py:545} INFO - Filling up the DagBag from /home/logi/txtai/venv/lib/python3.10/site-packages/airflow/example_dags/example_branch_python_dop_operator_3.py
[2025-10-29T20:20:03.054+0530] {processor.py:840} INFO - DAG(s) 'example_branch_dop_operator_v3' retrieved from /home/logi/txtai/venv/lib/python3.10/site-packages/airflow/example_dags/example_branch_python_dop_operator_3.py
[2025-10-29T20:20:03.081+0530] {logging_mixin.py:188} INFO - [2025-10-29T20:20:03.081+0530] {dag.py:3096} INFO - Sync 1 DAGs
[2025-10-29T20:20:03.103+0530] {logging_mixin.py:188} INFO - [2025-10-29T20:20:03.102+0530] {dag.py:3954} INFO - Setting next_dagrun for example_branch_dop_operator_v3 to 2025-10-29 14:49:00+00:00, run_after=2025-10-29 14:50:00+00:00
[2025-10-29T20:20:03.122+0530] {processor.py:183} INFO - Processing /home/logi/txtai/venv/lib/python3.10/site-packages/airflow/example_dags/example_branch_python_dop_operator_3.py took 0.116 seconds
[2025-10-29T20:20:58.565+0530] {processor.py:161} INFO - Started process (PID=22475) to work on /home/logi/txtai/venv/lib/python3.10/site-packages/airflow/example_dags/example_branch_python_dop_operator_3.py
[2025-10-29T20:20:58.579+0530] {processor.py:830} INFO - Processing file /home/logi/txtai/venv/lib/python3.10/site-packages/airflow/example_dags/example_branch_python_dop_operator_3.py for tasks to queue
[2025-10-29T20:20:58.582+0530] {logging_mixin.py:188} INFO - [2025-10-29T20:20:58.581+0530] {dagbag.py:545} INFO - Filling up the DagBag from /home/logi/txtai/venv/lib/python3.10/site-packages/airflow/example_dags/example_branch_python_dop_operator_3.py
[2025-10-29T20:20:58.598+0530] {processor.py:840} INFO - DAG(s) 'example_branch_dop_operator_v3' retrieved from /home/logi/txtai/venv/lib/python3.10/site-packages/airflow/example_dags/example_branch_python_dop_operator_3.py
[2025-10-29T20:20:58.625+0530] {logging_mixin.py:188} INFO - [2025-10-29T20:20:58.624+0530] {dag.py:3096} INFO - Sync 1 DAGs
[2025-10-29T20:20:58.646+0530] {logging_mixin.py:188} INFO - [2025-10-29T20:20:58.646+0530] {dag.py:3954} INFO - Setting next_dagrun for example_branch_dop_operator_v3 to 2025-10-29 14:49:00+00:00, run_after=2025-10-29 14:50:00+00:00
[2025-10-29T20:20:58.668+0530] {processor.py:183} INFO - Processing /home/logi/txtai/venv/lib/python3.10/site-packages/airflow/example_dags/example_branch_python_dop_operator_3.py took 0.117 seconds
[2025-10-29T20:21:52.275+0530] {processor.py:161} INFO - Started process (PID=22541) to work on /home/logi/txtai/venv/lib/python3.10/site-packages/airflow/example_dags/example_branch_python_dop_operator_3.py
[2025-10-29T20:21:52.288+0530] {processor.py:830} INFO - Processing file /home/logi/txtai/venv/lib/python3.10/site-packages/airflow/example_dags/example_branch_python_dop_operator_3.py for tasks to queue
[2025-10-29T20:21:52.291+0530] {logging_mixin.py:188} INFO - [2025-10-29T20:21:52.290+0530] {dagbag.py:545} INFO - Filling up the DagBag from /home/logi/txtai/venv/lib/python3.10/site-packages/airflow/example_dags/example_branch_python_dop_operator_3.py
[2025-10-29T20:21:52.305+0530] {processor.py:840} INFO - DAG(s) 'example_branch_dop_operator_v3' retrieved from /home/logi/txtai/venv/lib/python3.10/site-packages/airflow/example_dags/example_branch_python_dop_operator_3.py
[2025-10-29T20:21:52.329+0530] {logging_mixin.py:188} INFO - [2025-10-29T20:21:52.329+0530] {dag.py:3096} INFO - Sync 1 DAGs
[2025-10-29T20:21:52.352+0530] {logging_mixin.py:188} INFO - [2025-10-29T20:21:52.352+0530] {dag.py:3954} INFO - Setting next_dagrun for example_branch_dop_operator_v3 to 2025-10-29 14:50:00+00:00, run_after=2025-10-29 14:51:00+00:00
[2025-10-29T20:21:52.376+0530] {processor.py:183} INFO - Processing /home/logi/txtai/venv/lib/python3.10/site-packages/airflow/example_dags/example_branch_python_dop_operator_3.py took 0.111 seconds
[2025-10-29T20:22:47.691+0530] {processor.py:161} INFO - Started process (PID=22610) to work on /home/logi/txtai/venv/lib/python3.10/site-packages/airflow/example_dags/example_branch_python_dop_operator_3.py
[2025-10-29T20:22:47.704+0530] {processor.py:830} INFO - Processing file /home/logi/txtai/venv/lib/python3.10/site-packages/airflow/example_dags/example_branch_python_dop_operator_3.py for tasks to queue
[2025-10-29T20:22:47.707+0530] {logging_mixin.py:188} INFO - [2025-10-29T20:22:47.707+0530] {dagbag.py:545} INFO - Filling up the DagBag from /home/logi/txtai/venv/lib/python3.10/site-packages/airflow/example_dags/example_branch_python_dop_operator_3.py
[2025-10-29T20:22:47.723+0530] {processor.py:840} INFO - DAG(s) 'example_branch_dop_operator_v3' retrieved from /home/logi/txtai/venv/lib/python3.10/site-packages/airflow/example_dags/example_branch_python_dop_operator_3.py
[2025-10-29T20:22:47.751+0530] {logging_mixin.py:188} INFO - [2025-10-29T20:22:47.751+0530] {dag.py:3096} INFO - Sync 1 DAGs
[2025-10-29T20:22:47.772+0530] {logging_mixin.py:188} INFO - [2025-10-29T20:22:47.772+0530] {dag.py:3954} INFO - Setting next_dagrun for example_branch_dop_operator_v3 to 2025-10-29 14:51:00+00:00, run_after=2025-10-29 14:52:00+00:00
[2025-10-29T20:22:47.793+0530] {processor.py:183} INFO - Processing /home/logi/txtai/venv/lib/python3.10/site-packages/airflow/example_dags/example_branch_python_dop_operator_3.py took 0.113 seconds
[2025-10-29T20:23:41.639+0530] {processor.py:161} INFO - Started process (PID=22688) to work on /home/logi/txtai/venv/lib/python3.10/site-packages/airflow/example_dags/example_branch_python_dop_operator_3.py
[2025-10-29T20:23:41.653+0530] {processor.py:830} INFO - Processing file /home/logi/txtai/venv/lib/python3.10/site-packages/airflow/example_dags/example_branch_python_dop_operator_3.py for tasks to queue
[2025-10-29T20:23:41.656+0530] {logging_mixin.py:188} INFO - [2025-10-29T20:23:41.656+0530] {dagbag.py:545} INFO - Filling up the DagBag from /home/logi/txtai/venv/lib/python3.10/site-packages/airflow/example_dags/example_branch_python_dop_operator_3.py
[2025-10-29T20:23:41.672+0530] {processor.py:840} INFO - DAG(s) 'example_branch_dop_operator_v3' retrieved from /home/logi/txtai/venv/lib/python3.10/site-packages/airflow/example_dags/example_branch_python_dop_operator_3.py
[2025-10-29T20:23:41.697+0530] {logging_mixin.py:188} INFO - [2025-10-29T20:23:41.697+0530] {dag.py:3096} INFO - Sync 1 DAGs
[2025-10-29T20:23:41.718+0530] {logging_mixin.py:188} INFO - [2025-10-29T20:23:41.718+0530] {dag.py:3954} INFO - Setting next_dagrun for example_branch_dop_operator_v3 to 2025-10-29 14:52:00+00:00, run_after=2025-10-29 14:53:00+00:00
[2025-10-29T20:23:41.738+0530] {processor.py:183} INFO - Processing /home/logi/txtai/venv/lib/python3.10/site-packages/airflow/example_dags/example_branch_python_dop_operator_3.py took 0.111 seconds
[2025-10-29T20:24:37.927+0530] {processor.py:161} INFO - Started process (PID=22813) to work on /home/logi/txtai/venv/lib/python3.10/site-packages/airflow/example_dags/example_branch_python_dop_operator_3.py
[2025-10-29T20:24:37.929+0530] {processor.py:830} INFO - Processing file /home/logi/txtai/venv/lib/python3.10/site-packages/airflow/example_dags/example_branch_python_dop_operator_3.py for tasks to queue
[2025-10-29T20:24:37.932+0530] {logging_mixin.py:188} INFO - [2025-10-29T20:24:37.932+0530] {dagbag.py:545} INFO - Filling up the DagBag from /home/logi/txtai/venv/lib/python3.10/site-packages/airflow/example_dags/example_branch_python_dop_operator_3.py
[2025-10-29T20:24:37.948+0530] {processor.py:840} INFO - DAG(s) 'example_branch_dop_operator_v3' retrieved from /home/logi/txtai/venv/lib/python3.10/site-packages/airflow/example_dags/example_branch_python_dop_operator_3.py
[2025-10-29T20:24:37.971+0530] {logging_mixin.py:188} INFO - [2025-10-29T20:24:37.971+0530] {dag.py:3096} INFO - Sync 1 DAGs
[2025-10-29T20:24:37.991+0530] {logging_mixin.py:188} INFO - [2025-10-29T20:24:37.990+0530] {dag.py:3954} INFO - Setting next_dagrun for example_branch_dop_operator_v3 to 2025-10-29 14:53:00+00:00, run_after=2025-10-29 14:54:00+00:00
[2025-10-29T20:24:38.011+0530] {processor.py:183} INFO - Processing /home/logi/txtai/venv/lib/python3.10/site-packages/airflow/example_dags/example_branch_python_dop_operator_3.py took 0.095 seconds
[2025-10-29T20:25:32.484+0530] {processor.py:161} INFO - Started process (PID=22921) to work on /home/logi/txtai/venv/lib/python3.10/site-packages/airflow/example_dags/example_branch_python_dop_operator_3.py
[2025-10-29T20:25:32.497+0530] {processor.py:830} INFO - Processing file /home/logi/txtai/venv/lib/python3.10/site-packages/airflow/example_dags/example_branch_python_dop_operator_3.py for tasks to queue
[2025-10-29T20:25:32.500+0530] {logging_mixin.py:188} INFO - [2025-10-29T20:25:32.499+0530] {dagbag.py:545} INFO - Filling up the DagBag from /home/logi/txtai/venv/lib/python3.10/site-packages/airflow/example_dags/example_branch_python_dop_operator_3.py
[2025-10-29T20:25:32.514+0530] {processor.py:840} INFO - DAG(s) 'example_branch_dop_operator_v3' retrieved from /home/logi/txtai/venv/lib/python3.10/site-packages/airflow/example_dags/example_branch_python_dop_operator_3.py
[2025-10-29T20:25:32.538+0530] {logging_mixin.py:188} INFO - [2025-10-29T20:25:32.537+0530] {dag.py:3096} INFO - Sync 1 DAGs
[2025-10-29T20:25:32.560+0530] {logging_mixin.py:188} INFO - [2025-10-29T20:25:32.559+0530] {dag.py:3954} INFO - Setting next_dagrun for example_branch_dop_operator_v3 to 2025-10-29 14:54:00+00:00, run_after=2025-10-29 14:55:00+00:00
[2025-10-29T20:25:32.576+0530] {processor.py:183} INFO - Processing /home/logi/txtai/venv/lib/python3.10/site-packages/airflow/example_dags/example_branch_python_dop_operator_3.py took 0.103 seconds
[2025-10-29T20:26:50.301+0530] {processor.py:161} INFO - Started process (PID=23185) to work on /home/logi/txtai/venv/lib/python3.10/site-packages/airflow/example_dags/example_branch_python_dop_operator_3.py
[2025-10-29T20:26:50.311+0530] {processor.py:830} INFO - Processing file /home/logi/txtai/venv/lib/python3.10/site-packages/airflow/example_dags/example_branch_python_dop_operator_3.py for tasks to queue
[2025-10-29T20:26:50.314+0530] {logging_mixin.py:188} INFO - [2025-10-29T20:26:50.314+0530] {dagbag.py:545} INFO - Filling up the DagBag from /home/logi/txtai/venv/lib/python3.10/site-packages/airflow/example_dags/example_branch_python_dop_operator_3.py
[2025-10-29T20:26:50.330+0530] {processor.py:840} INFO - DAG(s) 'example_branch_dop_operator_v3' retrieved from /home/logi/txtai/venv/lib/python3.10/site-packages/airflow/example_dags/example_branch_python_dop_operator_3.py
[2025-10-29T20:26:50.355+0530] {logging_mixin.py:188} INFO - [2025-10-29T20:26:50.355+0530] {dag.py:3096} INFO - Sync 1 DAGs
[2025-10-29T20:26:50.375+0530] {logging_mixin.py:188} INFO - [2025-10-29T20:26:50.375+0530] {dag.py:3954} INFO - Setting next_dagrun for example_branch_dop_operator_v3 to 2025-10-29 14:55:00+00:00, run_after=2025-10-29 14:56:00+00:00
[2025-10-29T20:26:50.396+0530] {processor.py:183} INFO - Processing /home/logi/txtai/venv/lib/python3.10/site-packages/airflow/example_dags/example_branch_python_dop_operator_3.py took 0.107 seconds
[2025-10-29T20:28:04.696+0530] {processor.py:161} INFO - Started process (PID=23298) to work on /home/logi/txtai/venv/lib/python3.10/site-packages/airflow/example_dags/example_branch_python_dop_operator_3.py
[2025-10-29T20:28:04.709+0530] {processor.py:830} INFO - Processing file /home/logi/txtai/venv/lib/python3.10/site-packages/airflow/example_dags/example_branch_python_dop_operator_3.py for tasks to queue
[2025-10-29T20:28:04.713+0530] {logging_mixin.py:188} INFO - [2025-10-29T20:28:04.712+0530] {dagbag.py:545} INFO - Filling up the DagBag from /home/logi/txtai/venv/lib/python3.10/site-packages/airflow/example_dags/example_branch_python_dop_operator_3.py
[2025-10-29T20:28:04.731+0530] {processor.py:840} INFO - DAG(s) 'example_branch_dop_operator_v3' retrieved from /home/logi/txtai/venv/lib/python3.10/site-packages/airflow/example_dags/example_branch_python_dop_operator_3.py
[2025-10-29T20:28:04.757+0530] {logging_mixin.py:188} INFO - [2025-10-29T20:28:04.757+0530] {dag.py:3096} INFO - Sync 1 DAGs
[2025-10-29T20:28:04.781+0530] {logging_mixin.py:188} INFO - [2025-10-29T20:28:04.780+0530] {dag.py:3954} INFO - Setting next_dagrun for example_branch_dop_operator_v3 to 2025-10-29 14:57:00+00:00, run_after=2025-10-29 14:58:00+00:00
[2025-10-29T20:28:04.802+0530] {processor.py:183} INFO - Processing /home/logi/txtai/venv/lib/python3.10/site-packages/airflow/example_dags/example_branch_python_dop_operator_3.py took 0.118 seconds
[2025-10-29T20:29:22.514+0530] {processor.py:161} INFO - Started process (PID=23407) to work on /home/logi/txtai/venv/lib/python3.10/site-packages/airflow/example_dags/example_branch_python_dop_operator_3.py
[2025-10-29T20:29:22.527+0530] {processor.py:830} INFO - Processing file /home/logi/txtai/venv/lib/python3.10/site-packages/airflow/example_dags/example_branch_python_dop_operator_3.py for tasks to queue
[2025-10-29T20:29:22.531+0530] {logging_mixin.py:188} INFO - [2025-10-29T20:29:22.530+0530] {dagbag.py:545} INFO - Filling up the DagBag from /home/logi/txtai/venv/lib/python3.10/site-packages/airflow/example_dags/example_branch_python_dop_operator_3.py
[2025-10-29T20:29:22.547+0530] {processor.py:840} INFO - DAG(s) 'example_branch_dop_operator_v3' retrieved from /home/logi/txtai/venv/lib/python3.10/site-packages/airflow/example_dags/example_branch_python_dop_operator_3.py
[2025-10-29T20:29:22.575+0530] {logging_mixin.py:188} INFO - [2025-10-29T20:29:22.574+0530] {dag.py:3096} INFO - Sync 1 DAGs
[2025-10-29T20:29:22.595+0530] {logging_mixin.py:188} INFO - [2025-10-29T20:29:22.594+0530] {dag.py:3954} INFO - Setting next_dagrun for example_branch_dop_operator_v3 to 2025-10-29 14:58:00+00:00, run_after=2025-10-29 14:59:00+00:00
[2025-10-29T20:29:22.622+0530] {processor.py:183} INFO - Processing /home/logi/txtai/venv/lib/python3.10/site-packages/airflow/example_dags/example_branch_python_dop_operator_3.py took 0.120 seconds
[2025-10-29T20:30:18.123+0530] {processor.py:161} INFO - Started process (PID=23519) to work on /home/logi/txtai/venv/lib/python3.10/site-packages/airflow/example_dags/example_branch_python_dop_operator_3.py
[2025-10-29T20:30:18.136+0530] {processor.py:830} INFO - Processing file /home/logi/txtai/venv/lib/python3.10/site-packages/airflow/example_dags/example_branch_python_dop_operator_3.py for tasks to queue
[2025-10-29T20:30:18.139+0530] {logging_mixin.py:188} INFO - [2025-10-29T20:30:18.139+0530] {dagbag.py:545} INFO - Filling up the DagBag from /home/logi/txtai/venv/lib/python3.10/site-packages/airflow/example_dags/example_branch_python_dop_operator_3.py
[2025-10-29T20:30:18.156+0530] {processor.py:840} INFO - DAG(s) 'example_branch_dop_operator_v3' retrieved from /home/logi/txtai/venv/lib/python3.10/site-packages/airflow/example_dags/example_branch_python_dop_operator_3.py
[2025-10-29T20:30:18.182+0530] {logging_mixin.py:188} INFO - [2025-10-29T20:30:18.182+0530] {dag.py:3096} INFO - Sync 1 DAGs
[2025-10-29T20:30:18.203+0530] {logging_mixin.py:188} INFO - [2025-10-29T20:30:18.203+0530] {dag.py:3954} INFO - Setting next_dagrun for example_branch_dop_operator_v3 to 2025-10-29 14:59:00+00:00, run_after=2025-10-29 15:00:00+00:00
[2025-10-29T20:30:18.230+0530] {processor.py:183} INFO - Processing /home/logi/txtai/venv/lib/python3.10/site-packages/airflow/example_dags/example_branch_python_dop_operator_3.py took 0.120 seconds
[2025-10-29T20:31:34.796+0530] {processor.py:161} INFO - Started process (PID=23636) to work on /home/logi/txtai/venv/lib/python3.10/site-packages/airflow/example_dags/example_branch_python_dop_operator_3.py
[2025-10-29T20:31:34.809+0530] {processor.py:830} INFO - Processing file /home/logi/txtai/venv/lib/python3.10/site-packages/airflow/example_dags/example_branch_python_dop_operator_3.py for tasks to queue
[2025-10-29T20:31:34.813+0530] {logging_mixin.py:188} INFO - [2025-10-29T20:31:34.813+0530] {dagbag.py:545} INFO - Filling up the DagBag from /home/logi/txtai/venv/lib/python3.10/site-packages/airflow/example_dags/example_branch_python_dop_operator_3.py
[2025-10-29T20:31:34.828+0530] {processor.py:840} INFO - DAG(s) 'example_branch_dop_operator_v3' retrieved from /home/logi/txtai/venv/lib/python3.10/site-packages/airflow/example_dags/example_branch_python_dop_operator_3.py
[2025-10-29T20:31:34.856+0530] {logging_mixin.py:188} INFO - [2025-10-29T20:31:34.856+0530] {dag.py:3096} INFO - Sync 1 DAGs
[2025-10-29T20:31:34.877+0530] {logging_mixin.py:188} INFO - [2025-10-29T20:31:34.877+0530] {dag.py:3954} INFO - Setting next_dagrun for example_branch_dop_operator_v3 to 2025-10-29 15:00:00+00:00, run_after=2025-10-29 15:01:00+00:00
[2025-10-29T20:31:34.905+0530] {processor.py:183} INFO - Processing /home/logi/txtai/venv/lib/python3.10/site-packages/airflow/example_dags/example_branch_python_dop_operator_3.py took 0.120 seconds
[2025-10-29T20:32:54.097+0530] {processor.py:161} INFO - Started process (PID=23733) to work on /home/logi/txtai/venv/lib/python3.10/site-packages/airflow/example_dags/example_branch_python_dop_operator_3.py
[2025-10-29T20:32:54.111+0530] {processor.py:830} INFO - Processing file /home/logi/txtai/venv/lib/python3.10/site-packages/airflow/example_dags/example_branch_python_dop_operator_3.py for tasks to queue
[2025-10-29T20:32:54.114+0530] {logging_mixin.py:188} INFO - [2025-10-29T20:32:54.114+0530] {dagbag.py:545} INFO - Filling up the DagBag from /home/logi/txtai/venv/lib/python3.10/site-packages/airflow/example_dags/example_branch_python_dop_operator_3.py
[2025-10-29T20:32:54.131+0530] {processor.py:840} INFO - DAG(s) 'example_branch_dop_operator_v3' retrieved from /home/logi/txtai/venv/lib/python3.10/site-packages/airflow/example_dags/example_branch_python_dop_operator_3.py
[2025-10-29T20:32:54.158+0530] {logging_mixin.py:188} INFO - [2025-10-29T20:32:54.157+0530] {dag.py:3096} INFO - Sync 1 DAGs
[2025-10-29T20:32:54.179+0530] {logging_mixin.py:188} INFO - [2025-10-29T20:32:54.179+0530] {dag.py:3954} INFO - Setting next_dagrun for example_branch_dop_operator_v3 to 2025-10-29 15:01:00+00:00, run_after=2025-10-29 15:02:00+00:00
[2025-10-29T20:32:54.206+0530] {processor.py:183} INFO - Processing /home/logi/txtai/venv/lib/python3.10/site-packages/airflow/example_dags/example_branch_python_dop_operator_3.py took 0.121 seconds
[2025-10-29T20:33:47.878+0530] {processor.py:161} INFO - Started process (PID=23816) to work on /home/logi/txtai/venv/lib/python3.10/site-packages/airflow/example_dags/example_branch_python_dop_operator_3.py
[2025-10-29T20:33:47.891+0530] {processor.py:830} INFO - Processing file /home/logi/txtai/venv/lib/python3.10/site-packages/airflow/example_dags/example_branch_python_dop_operator_3.py for tasks to queue
[2025-10-29T20:33:47.894+0530] {logging_mixin.py:188} INFO - [2025-10-29T20:33:47.894+0530] {dagbag.py:545} INFO - Filling up the DagBag from /home/logi/txtai/venv/lib/python3.10/site-packages/airflow/example_dags/example_branch_python_dop_operator_3.py
[2025-10-29T20:33:47.910+0530] {processor.py:840} INFO - DAG(s) 'example_branch_dop_operator_v3' retrieved from /home/logi/txtai/venv/lib/python3.10/site-packages/airflow/example_dags/example_branch_python_dop_operator_3.py
[2025-10-29T20:33:47.936+0530] {logging_mixin.py:188} INFO - [2025-10-29T20:33:47.936+0530] {dag.py:3096} INFO - Sync 1 DAGs
[2025-10-29T20:33:47.958+0530] {logging_mixin.py:188} INFO - [2025-10-29T20:33:47.958+0530] {dag.py:3954} INFO - Setting next_dagrun for example_branch_dop_operator_v3 to 2025-10-29 15:02:00+00:00, run_after=2025-10-29 15:03:00+00:00
[2025-10-29T20:33:47.985+0530] {processor.py:183} INFO - Processing /home/logi/txtai/venv/lib/python3.10/site-packages/airflow/example_dags/example_branch_python_dop_operator_3.py took 0.119 seconds
[2025-10-29T20:35:01.534+0530] {processor.py:161} INFO - Started process (PID=23959) to work on /home/logi/txtai/venv/lib/python3.10/site-packages/airflow/example_dags/example_branch_python_dop_operator_3.py
[2025-10-29T20:35:01.547+0530] {processor.py:830} INFO - Processing file /home/logi/txtai/venv/lib/python3.10/site-packages/airflow/example_dags/example_branch_python_dop_operator_3.py for tasks to queue
[2025-10-29T20:35:01.550+0530] {logging_mixin.py:188} INFO - [2025-10-29T20:35:01.550+0530] {dagbag.py:545} INFO - Filling up the DagBag from /home/logi/txtai/venv/lib/python3.10/site-packages/airflow/example_dags/example_branch_python_dop_operator_3.py
[2025-10-29T20:35:01.567+0530] {processor.py:840} INFO - DAG(s) 'example_branch_dop_operator_v3' retrieved from /home/logi/txtai/venv/lib/python3.10/site-packages/airflow/example_dags/example_branch_python_dop_operator_3.py
[2025-10-29T20:35:01.594+0530] {logging_mixin.py:188} INFO - [2025-10-29T20:35:01.594+0530] {dag.py:3096} INFO - Sync 1 DAGs
[2025-10-29T20:35:01.614+0530] {logging_mixin.py:188} INFO - [2025-10-29T20:35:01.614+0530] {dag.py:3954} INFO - Setting next_dagrun for example_branch_dop_operator_v3 to 2025-10-29 15:04:00+00:00, run_after=2025-10-29 15:05:00+00:00
[2025-10-29T20:35:01.635+0530] {processor.py:183} INFO - Processing /home/logi/txtai/venv/lib/python3.10/site-packages/airflow/example_dags/example_branch_python_dop_operator_3.py took 0.113 seconds
[2025-10-29T20:36:19.626+0530] {processor.py:161} INFO - Started process (PID=24057) to work on /home/logi/txtai/venv/lib/python3.10/site-packages/airflow/example_dags/example_branch_python_dop_operator_3.py
[2025-10-29T20:36:19.639+0530] {processor.py:830} INFO - Processing file /home/logi/txtai/venv/lib/python3.10/site-packages/airflow/example_dags/example_branch_python_dop_operator_3.py for tasks to queue
[2025-10-29T20:36:19.643+0530] {logging_mixin.py:188} INFO - [2025-10-29T20:36:19.642+0530] {dagbag.py:545} INFO - Filling up the DagBag from /home/logi/txtai/venv/lib/python3.10/site-packages/airflow/example_dags/example_branch_python_dop_operator_3.py
[2025-10-29T20:36:19.658+0530] {processor.py:840} INFO - DAG(s) 'example_branch_dop_operator_v3' retrieved from /home/logi/txtai/venv/lib/python3.10/site-packages/airflow/example_dags/example_branch_python_dop_operator_3.py
[2025-10-29T20:36:19.683+0530] {logging_mixin.py:188} INFO - [2025-10-29T20:36:19.683+0530] {dag.py:3096} INFO - Sync 1 DAGs
[2025-10-29T20:36:19.703+0530] {logging_mixin.py:188} INFO - [2025-10-29T20:36:19.702+0530] {dag.py:3954} INFO - Setting next_dagrun for example_branch_dop_operator_v3 to 2025-10-29 15:05:00+00:00, run_after=2025-10-29 15:06:00+00:00
[2025-10-29T20:36:19.731+0530] {processor.py:183} INFO - Processing /home/logi/txtai/venv/lib/python3.10/site-packages/airflow/example_dags/example_branch_python_dop_operator_3.py took 0.116 seconds
[2025-10-29T20:37:12.850+0530] {processor.py:161} INFO - Started process (PID=24125) to work on /home/logi/txtai/venv/lib/python3.10/site-packages/airflow/example_dags/example_branch_python_dop_operator_3.py
[2025-10-29T20:37:12.853+0530] {processor.py:830} INFO - Processing file /home/logi/txtai/venv/lib/python3.10/site-packages/airflow/example_dags/example_branch_python_dop_operator_3.py for tasks to queue
[2025-10-29T20:37:12.856+0530] {logging_mixin.py:188} INFO - [2025-10-29T20:37:12.855+0530] {dagbag.py:545} INFO - Filling up the DagBag from /home/logi/txtai/venv/lib/python3.10/site-packages/airflow/example_dags/example_branch_python_dop_operator_3.py
[2025-10-29T20:37:12.872+0530] {processor.py:840} INFO - DAG(s) 'example_branch_dop_operator_v3' retrieved from /home/logi/txtai/venv/lib/python3.10/site-packages/airflow/example_dags/example_branch_python_dop_operator_3.py
[2025-10-29T20:37:12.894+0530] {logging_mixin.py:188} INFO - [2025-10-29T20:37:12.894+0530] {dag.py:3096} INFO - Sync 1 DAGs
[2025-10-29T20:37:12.913+0530] {logging_mixin.py:188} INFO - [2025-10-29T20:37:12.913+0530] {dag.py:3954} INFO - Setting next_dagrun for example_branch_dop_operator_v3 to 2025-10-29 15:06:00+00:00, run_after=2025-10-29 15:07:00+00:00
[2025-10-29T20:37:12.934+0530] {processor.py:183} INFO - Processing /home/logi/txtai/venv/lib/python3.10/site-packages/airflow/example_dags/example_branch_python_dop_operator_3.py took 0.095 seconds
