[2025-10-29T19:30:18.149+0530] {processor.py:161} INFO - Started process (PID=16364) to work on /home/logi/txtai/venv/lib/python3.10/site-packages/airflow/example_dags/example_branch_operator_decorator.py
[2025-10-29T19:30:18.150+0530] {processor.py:830} INFO - Processing file /home/logi/txtai/venv/lib/python3.10/site-packages/airflow/example_dags/example_branch_operator_decorator.py for tasks to queue
[2025-10-29T19:30:18.153+0530] {logging_mixin.py:188} INFO - [2025-10-29T19:30:18.152+0530] {dagbag.py:545} INFO - Filling up the DagBag from /home/logi/txtai/venv/lib/python3.10/site-packages/airflow/example_dags/example_branch_operator_decorator.py
[2025-10-29T19:30:18.157+0530] {processor.py:842} WARNING - No viable dags retrieved from /home/logi/txtai/venv/lib/python3.10/site-packages/airflow/example_dags/example_branch_operator_decorator.py
[2025-10-29T19:30:18.171+0530] {processor.py:183} INFO - Processing /home/logi/txtai/venv/lib/python3.10/site-packages/airflow/example_dags/example_branch_operator_decorator.py took 0.032 seconds
[2025-10-29T19:31:12.321+0530] {processor.py:161} INFO - Started process (PID=16574) to work on /home/logi/txtai/venv/lib/python3.10/site-packages/airflow/example_dags/example_branch_operator_decorator.py
[2025-10-29T19:31:12.335+0530] {processor.py:830} INFO - Processing file /home/logi/txtai/venv/lib/python3.10/site-packages/airflow/example_dags/example_branch_operator_decorator.py for tasks to queue
[2025-10-29T19:31:12.338+0530] {logging_mixin.py:188} INFO - [2025-10-29T19:31:12.337+0530] {dagbag.py:545} INFO - Filling up the DagBag from /home/logi/txtai/venv/lib/python3.10/site-packages/airflow/example_dags/example_branch_operator_decorator.py
[2025-10-29T19:31:12.342+0530] {processor.py:842} WARNING - No viable dags retrieved from /home/logi/txtai/venv/lib/python3.10/site-packages/airflow/example_dags/example_branch_operator_decorator.py
[2025-10-29T19:31:12.360+0530] {processor.py:183} INFO - Processing /home/logi/txtai/venv/lib/python3.10/site-packages/airflow/example_dags/example_branch_operator_decorator.py took 0.055 seconds
[2025-10-29T19:32:20.267+0530] {processor.py:161} INFO - Started process (PID=16681) to work on /home/logi/txtai/venv/lib/python3.10/site-packages/airflow/example_dags/example_branch_operator_decorator.py
[2025-10-29T19:32:20.280+0530] {processor.py:830} INFO - Processing file /home/logi/txtai/venv/lib/python3.10/site-packages/airflow/example_dags/example_branch_operator_decorator.py for tasks to queue
[2025-10-29T19:32:20.283+0530] {logging_mixin.py:188} INFO - [2025-10-29T19:32:20.282+0530] {dagbag.py:545} INFO - Filling up the DagBag from /home/logi/txtai/venv/lib/python3.10/site-packages/airflow/example_dags/example_branch_operator_decorator.py
[2025-10-29T19:32:20.287+0530] {processor.py:842} WARNING - No viable dags retrieved from /home/logi/txtai/venv/lib/python3.10/site-packages/airflow/example_dags/example_branch_operator_decorator.py
[2025-10-29T19:32:20.303+0530] {processor.py:183} INFO - Processing /home/logi/txtai/venv/lib/python3.10/site-packages/airflow/example_dags/example_branch_operator_decorator.py took 0.046 seconds
[2025-10-29T19:33:33.925+0530] {processor.py:161} INFO - Started process (PID=16861) to work on /home/logi/txtai/venv/lib/python3.10/site-packages/airflow/example_dags/example_branch_operator_decorator.py
[2025-10-29T19:33:33.939+0530] {processor.py:830} INFO - Processing file /home/logi/txtai/venv/lib/python3.10/site-packages/airflow/example_dags/example_branch_operator_decorator.py for tasks to queue
[2025-10-29T19:33:33.943+0530] {logging_mixin.py:188} INFO - [2025-10-29T19:33:33.942+0530] {dagbag.py:545} INFO - Filling up the DagBag from /home/logi/txtai/venv/lib/python3.10/site-packages/airflow/example_dags/example_branch_operator_decorator.py
[2025-10-29T19:33:33.948+0530] {processor.py:842} WARNING - No viable dags retrieved from /home/logi/txtai/venv/lib/python3.10/site-packages/airflow/example_dags/example_branch_operator_decorator.py
[2025-10-29T19:33:33.966+0530] {processor.py:183} INFO - Processing /home/logi/txtai/venv/lib/python3.10/site-packages/airflow/example_dags/example_branch_operator_decorator.py took 0.052 seconds
[2025-10-29T19:34:46.988+0530] {processor.py:161} INFO - Started process (PID=16990) to work on /home/logi/txtai/venv/lib/python3.10/site-packages/airflow/example_dags/example_branch_operator_decorator.py
[2025-10-29T19:34:47.001+0530] {processor.py:830} INFO - Processing file /home/logi/txtai/venv/lib/python3.10/site-packages/airflow/example_dags/example_branch_operator_decorator.py for tasks to queue
[2025-10-29T19:34:47.004+0530] {logging_mixin.py:188} INFO - [2025-10-29T19:34:47.004+0530] {dagbag.py:545} INFO - Filling up the DagBag from /home/logi/txtai/venv/lib/python3.10/site-packages/airflow/example_dags/example_branch_operator_decorator.py
[2025-10-29T19:34:47.009+0530] {processor.py:842} WARNING - No viable dags retrieved from /home/logi/txtai/venv/lib/python3.10/site-packages/airflow/example_dags/example_branch_operator_decorator.py
[2025-10-29T19:34:47.026+0530] {processor.py:183} INFO - Processing /home/logi/txtai/venv/lib/python3.10/site-packages/airflow/example_dags/example_branch_operator_decorator.py took 0.049 seconds
[2025-10-29T19:35:41.617+0530] {processor.py:161} INFO - Started process (PID=17061) to work on /home/logi/txtai/venv/lib/python3.10/site-packages/airflow/example_dags/example_branch_operator_decorator.py
[2025-10-29T19:35:41.631+0530] {processor.py:830} INFO - Processing file /home/logi/txtai/venv/lib/python3.10/site-packages/airflow/example_dags/example_branch_operator_decorator.py for tasks to queue
[2025-10-29T19:35:41.634+0530] {logging_mixin.py:188} INFO - [2025-10-29T19:35:41.633+0530] {dagbag.py:545} INFO - Filling up the DagBag from /home/logi/txtai/venv/lib/python3.10/site-packages/airflow/example_dags/example_branch_operator_decorator.py
[2025-10-29T19:35:41.638+0530] {processor.py:842} WARNING - No viable dags retrieved from /home/logi/txtai/venv/lib/python3.10/site-packages/airflow/example_dags/example_branch_operator_decorator.py
[2025-10-29T19:35:41.656+0530] {processor.py:183} INFO - Processing /home/logi/txtai/venv/lib/python3.10/site-packages/airflow/example_dags/example_branch_operator_decorator.py took 0.051 seconds
[2025-10-29T19:36:57.534+0530] {processor.py:161} INFO - Started process (PID=17360) to work on /home/logi/txtai/venv/lib/python3.10/site-packages/airflow/example_dags/example_branch_operator_decorator.py
[2025-10-29T19:36:57.547+0530] {processor.py:830} INFO - Processing file /home/logi/txtai/venv/lib/python3.10/site-packages/airflow/example_dags/example_branch_operator_decorator.py for tasks to queue
[2025-10-29T19:36:57.550+0530] {logging_mixin.py:188} INFO - [2025-10-29T19:36:57.549+0530] {dagbag.py:545} INFO - Filling up the DagBag from /home/logi/txtai/venv/lib/python3.10/site-packages/airflow/example_dags/example_branch_operator_decorator.py
[2025-10-29T19:36:57.554+0530] {processor.py:842} WARNING - No viable dags retrieved from /home/logi/txtai/venv/lib/python3.10/site-packages/airflow/example_dags/example_branch_operator_decorator.py
[2025-10-29T19:36:57.572+0530] {processor.py:183} INFO - Processing /home/logi/txtai/venv/lib/python3.10/site-packages/airflow/example_dags/example_branch_operator_decorator.py took 0.050 seconds
[2025-10-29T19:38:14.773+0530] {processor.py:161} INFO - Started process (PID=17459) to work on /home/logi/txtai/venv/lib/python3.10/site-packages/airflow/example_dags/example_branch_operator_decorator.py
[2025-10-29T19:38:14.787+0530] {processor.py:830} INFO - Processing file /home/logi/txtai/venv/lib/python3.10/site-packages/airflow/example_dags/example_branch_operator_decorator.py for tasks to queue
[2025-10-29T19:38:14.790+0530] {logging_mixin.py:188} INFO - [2025-10-29T19:38:14.789+0530] {dagbag.py:545} INFO - Filling up the DagBag from /home/logi/txtai/venv/lib/python3.10/site-packages/airflow/example_dags/example_branch_operator_decorator.py
[2025-10-29T19:38:14.795+0530] {processor.py:842} WARNING - No viable dags retrieved from /home/logi/txtai/venv/lib/python3.10/site-packages/airflow/example_dags/example_branch_operator_decorator.py
[2025-10-29T19:38:14.814+0530] {processor.py:183} INFO - Processing /home/logi/txtai/venv/lib/python3.10/site-packages/airflow/example_dags/example_branch_operator_decorator.py took 0.052 seconds
[2025-10-29T19:39:33.948+0530] {processor.py:161} INFO - Started process (PID=17581) to work on /home/logi/txtai/venv/lib/python3.10/site-packages/airflow/example_dags/example_branch_operator_decorator.py
[2025-10-29T19:39:33.962+0530] {processor.py:830} INFO - Processing file /home/logi/txtai/venv/lib/python3.10/site-packages/airflow/example_dags/example_branch_operator_decorator.py for tasks to queue
[2025-10-29T19:39:33.965+0530] {logging_mixin.py:188} INFO - [2025-10-29T19:39:33.964+0530] {dagbag.py:545} INFO - Filling up the DagBag from /home/logi/txtai/venv/lib/python3.10/site-packages/airflow/example_dags/example_branch_operator_decorator.py
[2025-10-29T19:39:33.970+0530] {processor.py:842} WARNING - No viable dags retrieved from /home/logi/txtai/venv/lib/python3.10/site-packages/airflow/example_dags/example_branch_operator_decorator.py
[2025-10-29T19:39:33.988+0530] {processor.py:183} INFO - Processing /home/logi/txtai/venv/lib/python3.10/site-packages/airflow/example_dags/example_branch_operator_decorator.py took 0.052 seconds
[2025-10-29T19:40:26.490+0530] {processor.py:161} INFO - Started process (PID=17747) to work on /home/logi/txtai/venv/lib/python3.10/site-packages/airflow/example_dags/example_branch_operator_decorator.py
[2025-10-29T19:40:26.503+0530] {processor.py:830} INFO - Processing file /home/logi/txtai/venv/lib/python3.10/site-packages/airflow/example_dags/example_branch_operator_decorator.py for tasks to queue
[2025-10-29T19:40:26.506+0530] {logging_mixin.py:188} INFO - [2025-10-29T19:40:26.506+0530] {dagbag.py:545} INFO - Filling up the DagBag from /home/logi/txtai/venv/lib/python3.10/site-packages/airflow/example_dags/example_branch_operator_decorator.py
[2025-10-29T19:40:26.511+0530] {processor.py:842} WARNING - No viable dags retrieved from /home/logi/txtai/venv/lib/python3.10/site-packages/airflow/example_dags/example_branch_operator_decorator.py
[2025-10-29T19:40:26.529+0530] {processor.py:183} INFO - Processing /home/logi/txtai/venv/lib/python3.10/site-packages/airflow/example_dags/example_branch_operator_decorator.py took 0.050 seconds
[2025-10-29T19:41:42.272+0530] {processor.py:161} INFO - Started process (PID=17947) to work on /home/logi/txtai/venv/lib/python3.10/site-packages/airflow/example_dags/example_branch_operator_decorator.py
[2025-10-29T19:41:42.285+0530] {processor.py:830} INFO - Processing file /home/logi/txtai/venv/lib/python3.10/site-packages/airflow/example_dags/example_branch_operator_decorator.py for tasks to queue
[2025-10-29T19:41:42.288+0530] {logging_mixin.py:188} INFO - [2025-10-29T19:41:42.287+0530] {dagbag.py:545} INFO - Filling up the DagBag from /home/logi/txtai/venv/lib/python3.10/site-packages/airflow/example_dags/example_branch_operator_decorator.py
[2025-10-29T19:41:42.293+0530] {processor.py:842} WARNING - No viable dags retrieved from /home/logi/txtai/venv/lib/python3.10/site-packages/airflow/example_dags/example_branch_operator_decorator.py
[2025-10-29T19:41:42.310+0530] {processor.py:183} INFO - Processing /home/logi/txtai/venv/lib/python3.10/site-packages/airflow/example_dags/example_branch_operator_decorator.py took 0.051 seconds
[2025-10-29T19:42:58.302+0530] {processor.py:161} INFO - Started process (PID=18037) to work on /home/logi/txtai/venv/lib/python3.10/site-packages/airflow/example_dags/example_branch_operator_decorator.py
[2025-10-29T19:42:58.315+0530] {processor.py:830} INFO - Processing file /home/logi/txtai/venv/lib/python3.10/site-packages/airflow/example_dags/example_branch_operator_decorator.py for tasks to queue
[2025-10-29T19:42:58.319+0530] {logging_mixin.py:188} INFO - [2025-10-29T19:42:58.318+0530] {dagbag.py:545} INFO - Filling up the DagBag from /home/logi/txtai/venv/lib/python3.10/site-packages/airflow/example_dags/example_branch_operator_decorator.py
[2025-10-29T19:42:58.323+0530] {processor.py:842} WARNING - No viable dags retrieved from /home/logi/txtai/venv/lib/python3.10/site-packages/airflow/example_dags/example_branch_operator_decorator.py
[2025-10-29T19:42:58.339+0530] {processor.py:183} INFO - Processing /home/logi/txtai/venv/lib/python3.10/site-packages/airflow/example_dags/example_branch_operator_decorator.py took 0.047 seconds
[2025-10-29T19:43:53.228+0530] {processor.py:161} INFO - Started process (PID=18133) to work on /home/logi/txtai/venv/lib/python3.10/site-packages/airflow/example_dags/example_branch_operator_decorator.py
[2025-10-29T19:43:53.242+0530] {processor.py:830} INFO - Processing file /home/logi/txtai/venv/lib/python3.10/site-packages/airflow/example_dags/example_branch_operator_decorator.py for tasks to queue
[2025-10-29T19:43:53.245+0530] {logging_mixin.py:188} INFO - [2025-10-29T19:43:53.244+0530] {dagbag.py:545} INFO - Filling up the DagBag from /home/logi/txtai/venv/lib/python3.10/site-packages/airflow/example_dags/example_branch_operator_decorator.py
[2025-10-29T19:43:53.250+0530] {processor.py:842} WARNING - No viable dags retrieved from /home/logi/txtai/venv/lib/python3.10/site-packages/airflow/example_dags/example_branch_operator_decorator.py
[2025-10-29T19:43:53.269+0530] {processor.py:183} INFO - Processing /home/logi/txtai/venv/lib/python3.10/site-packages/airflow/example_dags/example_branch_operator_decorator.py took 0.053 seconds
[2025-10-29T19:45:12.900+0530] {processor.py:161} INFO - Started process (PID=18266) to work on /home/logi/txtai/venv/lib/python3.10/site-packages/airflow/example_dags/example_branch_operator_decorator.py
[2025-10-29T19:45:12.903+0530] {processor.py:830} INFO - Processing file /home/logi/txtai/venv/lib/python3.10/site-packages/airflow/example_dags/example_branch_operator_decorator.py for tasks to queue
[2025-10-29T19:45:12.906+0530] {logging_mixin.py:188} INFO - [2025-10-29T19:45:12.905+0530] {dagbag.py:545} INFO - Filling up the DagBag from /home/logi/txtai/venv/lib/python3.10/site-packages/airflow/example_dags/example_branch_operator_decorator.py
[2025-10-29T19:45:12.911+0530] {processor.py:842} WARNING - No viable dags retrieved from /home/logi/txtai/venv/lib/python3.10/site-packages/airflow/example_dags/example_branch_operator_decorator.py
[2025-10-29T19:45:12.930+0530] {processor.py:183} INFO - Processing /home/logi/txtai/venv/lib/python3.10/site-packages/airflow/example_dags/example_branch_operator_decorator.py took 0.041 seconds
[2025-10-29T19:46:07.796+0530] {processor.py:161} INFO - Started process (PID=18347) to work on /home/logi/txtai/venv/lib/python3.10/site-packages/airflow/example_dags/example_branch_operator_decorator.py
[2025-10-29T19:46:07.810+0530] {processor.py:830} INFO - Processing file /home/logi/txtai/venv/lib/python3.10/site-packages/airflow/example_dags/example_branch_operator_decorator.py for tasks to queue
[2025-10-29T19:46:07.813+0530] {logging_mixin.py:188} INFO - [2025-10-29T19:46:07.812+0530] {dagbag.py:545} INFO - Filling up the DagBag from /home/logi/txtai/venv/lib/python3.10/site-packages/airflow/example_dags/example_branch_operator_decorator.py
[2025-10-29T19:46:07.818+0530] {processor.py:842} WARNING - No viable dags retrieved from /home/logi/txtai/venv/lib/python3.10/site-packages/airflow/example_dags/example_branch_operator_decorator.py
[2025-10-29T19:46:07.839+0530] {processor.py:183} INFO - Processing /home/logi/txtai/venv/lib/python3.10/site-packages/airflow/example_dags/example_branch_operator_decorator.py took 0.054 seconds
[2025-10-29T19:47:27.358+0530] {processor.py:161} INFO - Started process (PID=18437) to work on /home/logi/txtai/venv/lib/python3.10/site-packages/airflow/example_dags/example_branch_operator_decorator.py
[2025-10-29T19:47:27.371+0530] {processor.py:830} INFO - Processing file /home/logi/txtai/venv/lib/python3.10/site-packages/airflow/example_dags/example_branch_operator_decorator.py for tasks to queue
[2025-10-29T19:47:27.374+0530] {logging_mixin.py:188} INFO - [2025-10-29T19:47:27.373+0530] {dagbag.py:545} INFO - Filling up the DagBag from /home/logi/txtai/venv/lib/python3.10/site-packages/airflow/example_dags/example_branch_operator_decorator.py
[2025-10-29T19:47:27.378+0530] {processor.py:842} WARNING - No viable dags retrieved from /home/logi/txtai/venv/lib/python3.10/site-packages/airflow/example_dags/example_branch_operator_decorator.py
[2025-10-29T19:47:27.397+0530] {processor.py:183} INFO - Processing /home/logi/txtai/venv/lib/python3.10/site-packages/airflow/example_dags/example_branch_operator_decorator.py took 0.051 seconds
[2025-10-29T19:48:20.143+0530] {processor.py:161} INFO - Started process (PID=18523) to work on /home/logi/txtai/venv/lib/python3.10/site-packages/airflow/example_dags/example_branch_operator_decorator.py
[2025-10-29T19:48:20.164+0530] {processor.py:830} INFO - Processing file /home/logi/txtai/venv/lib/python3.10/site-packages/airflow/example_dags/example_branch_operator_decorator.py for tasks to queue
[2025-10-29T19:48:20.169+0530] {logging_mixin.py:188} INFO - [2025-10-29T19:48:20.168+0530] {dagbag.py:545} INFO - Filling up the DagBag from /home/logi/txtai/venv/lib/python3.10/site-packages/airflow/example_dags/example_branch_operator_decorator.py
[2025-10-29T19:48:20.179+0530] {processor.py:842} WARNING - No viable dags retrieved from /home/logi/txtai/venv/lib/python3.10/site-packages/airflow/example_dags/example_branch_operator_decorator.py
[2025-10-29T19:48:20.234+0530] {processor.py:183} INFO - Processing /home/logi/txtai/venv/lib/python3.10/site-packages/airflow/example_dags/example_branch_operator_decorator.py took 0.196 seconds
[2025-10-29T19:49:17.083+0530] {processor.py:161} INFO - Started process (PID=18652) to work on /home/logi/txtai/venv/lib/python3.10/site-packages/airflow/example_dags/example_branch_operator_decorator.py
[2025-10-29T19:49:17.096+0530] {processor.py:830} INFO - Processing file /home/logi/txtai/venv/lib/python3.10/site-packages/airflow/example_dags/example_branch_operator_decorator.py for tasks to queue
[2025-10-29T19:49:17.099+0530] {logging_mixin.py:188} INFO - [2025-10-29T19:49:17.099+0530] {dagbag.py:545} INFO - Filling up the DagBag from /home/logi/txtai/venv/lib/python3.10/site-packages/airflow/example_dags/example_branch_operator_decorator.py
[2025-10-29T19:49:17.104+0530] {processor.py:842} WARNING - No viable dags retrieved from /home/logi/txtai/venv/lib/python3.10/site-packages/airflow/example_dags/example_branch_operator_decorator.py
[2025-10-29T19:49:17.123+0530] {processor.py:183} INFO - Processing /home/logi/txtai/venv/lib/python3.10/site-packages/airflow/example_dags/example_branch_operator_decorator.py took 0.052 seconds
[2025-10-29T19:50:13.168+0530] {processor.py:161} INFO - Started process (PID=18745) to work on /home/logi/txtai/venv/lib/python3.10/site-packages/airflow/example_dags/example_branch_operator_decorator.py
[2025-10-29T19:50:13.181+0530] {processor.py:830} INFO - Processing file /home/logi/txtai/venv/lib/python3.10/site-packages/airflow/example_dags/example_branch_operator_decorator.py for tasks to queue
[2025-10-29T19:50:13.184+0530] {logging_mixin.py:188} INFO - [2025-10-29T19:50:13.183+0530] {dagbag.py:545} INFO - Filling up the DagBag from /home/logi/txtai/venv/lib/python3.10/site-packages/airflow/example_dags/example_branch_operator_decorator.py
[2025-10-29T19:50:13.189+0530] {processor.py:842} WARNING - No viable dags retrieved from /home/logi/txtai/venv/lib/python3.10/site-packages/airflow/example_dags/example_branch_operator_decorator.py
[2025-10-29T19:50:13.207+0530] {processor.py:183} INFO - Processing /home/logi/txtai/venv/lib/python3.10/site-packages/airflow/example_dags/example_branch_operator_decorator.py took 0.051 seconds
[2025-10-29T19:51:32.793+0530] {processor.py:161} INFO - Started process (PID=18880) to work on /home/logi/txtai/venv/lib/python3.10/site-packages/airflow/example_dags/example_branch_operator_decorator.py
[2025-10-29T19:51:32.806+0530] {processor.py:830} INFO - Processing file /home/logi/txtai/venv/lib/python3.10/site-packages/airflow/example_dags/example_branch_operator_decorator.py for tasks to queue
[2025-10-29T19:51:32.809+0530] {logging_mixin.py:188} INFO - [2025-10-29T19:51:32.808+0530] {dagbag.py:545} INFO - Filling up the DagBag from /home/logi/txtai/venv/lib/python3.10/site-packages/airflow/example_dags/example_branch_operator_decorator.py
[2025-10-29T19:51:32.814+0530] {processor.py:842} WARNING - No viable dags retrieved from /home/logi/txtai/venv/lib/python3.10/site-packages/airflow/example_dags/example_branch_operator_decorator.py
[2025-10-29T19:51:32.833+0530] {processor.py:183} INFO - Processing /home/logi/txtai/venv/lib/python3.10/site-packages/airflow/example_dags/example_branch_operator_decorator.py took 0.052 seconds
[2025-10-29T19:52:27.150+0530] {processor.py:161} INFO - Started process (PID=18945) to work on /home/logi/txtai/venv/lib/python3.10/site-packages/airflow/example_dags/example_branch_operator_decorator.py
[2025-10-29T19:52:27.163+0530] {processor.py:830} INFO - Processing file /home/logi/txtai/venv/lib/python3.10/site-packages/airflow/example_dags/example_branch_operator_decorator.py for tasks to queue
[2025-10-29T19:52:27.166+0530] {logging_mixin.py:188} INFO - [2025-10-29T19:52:27.165+0530] {dagbag.py:545} INFO - Filling up the DagBag from /home/logi/txtai/venv/lib/python3.10/site-packages/airflow/example_dags/example_branch_operator_decorator.py
[2025-10-29T19:52:27.170+0530] {processor.py:842} WARNING - No viable dags retrieved from /home/logi/txtai/venv/lib/python3.10/site-packages/airflow/example_dags/example_branch_operator_decorator.py
[2025-10-29T19:52:27.189+0530] {processor.py:183} INFO - Processing /home/logi/txtai/venv/lib/python3.10/site-packages/airflow/example_dags/example_branch_operator_decorator.py took 0.051 seconds
[2025-10-29T19:53:42.810+0530] {processor.py:161} INFO - Started process (PID=19032) to work on /home/logi/txtai/venv/lib/python3.10/site-packages/airflow/example_dags/example_branch_operator_decorator.py
[2025-10-29T19:53:42.824+0530] {processor.py:830} INFO - Processing file /home/logi/txtai/venv/lib/python3.10/site-packages/airflow/example_dags/example_branch_operator_decorator.py for tasks to queue
[2025-10-29T19:53:42.827+0530] {logging_mixin.py:188} INFO - [2025-10-29T19:53:42.827+0530] {dagbag.py:545} INFO - Filling up the DagBag from /home/logi/txtai/venv/lib/python3.10/site-packages/airflow/example_dags/example_branch_operator_decorator.py
[2025-10-29T19:53:42.832+0530] {processor.py:842} WARNING - No viable dags retrieved from /home/logi/txtai/venv/lib/python3.10/site-packages/airflow/example_dags/example_branch_operator_decorator.py
[2025-10-29T19:53:42.853+0530] {processor.py:183} INFO - Processing /home/logi/txtai/venv/lib/python3.10/site-packages/airflow/example_dags/example_branch_operator_decorator.py took 0.054 seconds
[2025-10-29T19:55:03.178+0530] {processor.py:161} INFO - Started process (PID=19176) to work on /home/logi/txtai/venv/lib/python3.10/site-packages/airflow/example_dags/example_branch_operator_decorator.py
[2025-10-29T19:55:03.191+0530] {processor.py:830} INFO - Processing file /home/logi/txtai/venv/lib/python3.10/site-packages/airflow/example_dags/example_branch_operator_decorator.py for tasks to queue
[2025-10-29T19:55:03.194+0530] {logging_mixin.py:188} INFO - [2025-10-29T19:55:03.194+0530] {dagbag.py:545} INFO - Filling up the DagBag from /home/logi/txtai/venv/lib/python3.10/site-packages/airflow/example_dags/example_branch_operator_decorator.py
[2025-10-29T19:55:03.199+0530] {processor.py:842} WARNING - No viable dags retrieved from /home/logi/txtai/venv/lib/python3.10/site-packages/airflow/example_dags/example_branch_operator_decorator.py
[2025-10-29T19:55:03.221+0530] {processor.py:183} INFO - Processing /home/logi/txtai/venv/lib/python3.10/site-packages/airflow/example_dags/example_branch_operator_decorator.py took 0.054 seconds
[2025-10-29T19:55:59.027+0530] {processor.py:161} INFO - Started process (PID=19244) to work on /home/logi/txtai/venv/lib/python3.10/site-packages/airflow/example_dags/example_branch_operator_decorator.py
[2025-10-29T19:55:59.040+0530] {processor.py:830} INFO - Processing file /home/logi/txtai/venv/lib/python3.10/site-packages/airflow/example_dags/example_branch_operator_decorator.py for tasks to queue
[2025-10-29T19:55:59.043+0530] {logging_mixin.py:188} INFO - [2025-10-29T19:55:59.042+0530] {dagbag.py:545} INFO - Filling up the DagBag from /home/logi/txtai/venv/lib/python3.10/site-packages/airflow/example_dags/example_branch_operator_decorator.py
[2025-10-29T19:55:59.048+0530] {processor.py:842} WARNING - No viable dags retrieved from /home/logi/txtai/venv/lib/python3.10/site-packages/airflow/example_dags/example_branch_operator_decorator.py
[2025-10-29T19:55:59.066+0530] {processor.py:183} INFO - Processing /home/logi/txtai/venv/lib/python3.10/site-packages/airflow/example_dags/example_branch_operator_decorator.py took 0.050 seconds
[2025-10-29T19:56:51.924+0530] {processor.py:161} INFO - Started process (PID=19322) to work on /home/logi/txtai/venv/lib/python3.10/site-packages/airflow/example_dags/example_branch_operator_decorator.py
[2025-10-29T19:56:51.937+0530] {processor.py:830} INFO - Processing file /home/logi/txtai/venv/lib/python3.10/site-packages/airflow/example_dags/example_branch_operator_decorator.py for tasks to queue
[2025-10-29T19:56:51.940+0530] {logging_mixin.py:188} INFO - [2025-10-29T19:56:51.940+0530] {dagbag.py:545} INFO - Filling up the DagBag from /home/logi/txtai/venv/lib/python3.10/site-packages/airflow/example_dags/example_branch_operator_decorator.py
[2025-10-29T19:56:51.945+0530] {processor.py:842} WARNING - No viable dags retrieved from /home/logi/txtai/venv/lib/python3.10/site-packages/airflow/example_dags/example_branch_operator_decorator.py
[2025-10-29T19:56:51.963+0530] {processor.py:183} INFO - Processing /home/logi/txtai/venv/lib/python3.10/site-packages/airflow/example_dags/example_branch_operator_decorator.py took 0.051 seconds
[2025-10-29T19:57:49.774+0530] {processor.py:161} INFO - Started process (PID=19410) to work on /home/logi/txtai/venv/lib/python3.10/site-packages/airflow/example_dags/example_branch_operator_decorator.py
[2025-10-29T19:57:49.788+0530] {processor.py:830} INFO - Processing file /home/logi/txtai/venv/lib/python3.10/site-packages/airflow/example_dags/example_branch_operator_decorator.py for tasks to queue
[2025-10-29T19:57:49.791+0530] {logging_mixin.py:188} INFO - [2025-10-29T19:57:49.790+0530] {dagbag.py:545} INFO - Filling up the DagBag from /home/logi/txtai/venv/lib/python3.10/site-packages/airflow/example_dags/example_branch_operator_decorator.py
[2025-10-29T19:57:49.795+0530] {processor.py:842} WARNING - No viable dags retrieved from /home/logi/txtai/venv/lib/python3.10/site-packages/airflow/example_dags/example_branch_operator_decorator.py
[2025-10-29T19:57:49.813+0530] {processor.py:183} INFO - Processing /home/logi/txtai/venv/lib/python3.10/site-packages/airflow/example_dags/example_branch_operator_decorator.py took 0.051 seconds
[2025-10-29T19:58:46.759+0530] {processor.py:161} INFO - Started process (PID=19609) to work on /home/logi/txtai/venv/lib/python3.10/site-packages/airflow/example_dags/example_branch_operator_decorator.py
[2025-10-29T19:58:46.772+0530] {processor.py:830} INFO - Processing file /home/logi/txtai/venv/lib/python3.10/site-packages/airflow/example_dags/example_branch_operator_decorator.py for tasks to queue
[2025-10-29T19:58:46.775+0530] {logging_mixin.py:188} INFO - [2025-10-29T19:58:46.774+0530] {dagbag.py:545} INFO - Filling up the DagBag from /home/logi/txtai/venv/lib/python3.10/site-packages/airflow/example_dags/example_branch_operator_decorator.py
[2025-10-29T19:58:46.780+0530] {processor.py:842} WARNING - No viable dags retrieved from /home/logi/txtai/venv/lib/python3.10/site-packages/airflow/example_dags/example_branch_operator_decorator.py
[2025-10-29T19:58:46.801+0530] {processor.py:183} INFO - Processing /home/logi/txtai/venv/lib/python3.10/site-packages/airflow/example_dags/example_branch_operator_decorator.py took 0.053 seconds
[2025-10-29T19:59:40.585+0530] {processor.py:161} INFO - Started process (PID=19707) to work on /home/logi/txtai/venv/lib/python3.10/site-packages/airflow/example_dags/example_branch_operator_decorator.py
[2025-10-29T19:59:40.599+0530] {processor.py:830} INFO - Processing file /home/logi/txtai/venv/lib/python3.10/site-packages/airflow/example_dags/example_branch_operator_decorator.py for tasks to queue
[2025-10-29T19:59:40.602+0530] {logging_mixin.py:188} INFO - [2025-10-29T19:59:40.601+0530] {dagbag.py:545} INFO - Filling up the DagBag from /home/logi/txtai/venv/lib/python3.10/site-packages/airflow/example_dags/example_branch_operator_decorator.py
[2025-10-29T19:59:40.607+0530] {processor.py:842} WARNING - No viable dags retrieved from /home/logi/txtai/venv/lib/python3.10/site-packages/airflow/example_dags/example_branch_operator_decorator.py
[2025-10-29T19:59:40.629+0530] {processor.py:183} INFO - Processing /home/logi/txtai/venv/lib/python3.10/site-packages/airflow/example_dags/example_branch_operator_decorator.py took 0.052 seconds
[2025-10-29T20:01:01.825+0530] {processor.py:161} INFO - Started process (PID=19879) to work on /home/logi/txtai/venv/lib/python3.10/site-packages/airflow/example_dags/example_branch_operator_decorator.py
[2025-10-29T20:01:01.840+0530] {processor.py:830} INFO - Processing file /home/logi/txtai/venv/lib/python3.10/site-packages/airflow/example_dags/example_branch_operator_decorator.py for tasks to queue
[2025-10-29T20:01:01.845+0530] {logging_mixin.py:188} INFO - [2025-10-29T20:01:01.844+0530] {dagbag.py:545} INFO - Filling up the DagBag from /home/logi/txtai/venv/lib/python3.10/site-packages/airflow/example_dags/example_branch_operator_decorator.py
[2025-10-29T20:01:01.850+0530] {processor.py:842} WARNING - No viable dags retrieved from /home/logi/txtai/venv/lib/python3.10/site-packages/airflow/example_dags/example_branch_operator_decorator.py
[2025-10-29T20:01:01.866+0530] {processor.py:183} INFO - Processing /home/logi/txtai/venv/lib/python3.10/site-packages/airflow/example_dags/example_branch_operator_decorator.py took 0.060 seconds
[2025-10-29T20:01:56.628+0530] {processor.py:161} INFO - Started process (PID=20005) to work on /home/logi/txtai/venv/lib/python3.10/site-packages/airflow/example_dags/example_branch_operator_decorator.py
[2025-10-29T20:01:56.641+0530] {processor.py:830} INFO - Processing file /home/logi/txtai/venv/lib/python3.10/site-packages/airflow/example_dags/example_branch_operator_decorator.py for tasks to queue
[2025-10-29T20:01:56.645+0530] {logging_mixin.py:188} INFO - [2025-10-29T20:01:56.644+0530] {dagbag.py:545} INFO - Filling up the DagBag from /home/logi/txtai/venv/lib/python3.10/site-packages/airflow/example_dags/example_branch_operator_decorator.py
[2025-10-29T20:01:56.656+0530] {processor.py:842} WARNING - No viable dags retrieved from /home/logi/txtai/venv/lib/python3.10/site-packages/airflow/example_dags/example_branch_operator_decorator.py
[2025-10-29T20:01:56.677+0530] {processor.py:183} INFO - Processing /home/logi/txtai/venv/lib/python3.10/site-packages/airflow/example_dags/example_branch_operator_decorator.py took 0.062 seconds
[2025-10-29T20:02:52.926+0530] {processor.py:161} INFO - Started process (PID=20119) to work on /home/logi/txtai/venv/lib/python3.10/site-packages/airflow/example_dags/example_branch_operator_decorator.py
[2025-10-29T20:02:52.940+0530] {processor.py:830} INFO - Processing file /home/logi/txtai/venv/lib/python3.10/site-packages/airflow/example_dags/example_branch_operator_decorator.py for tasks to queue
[2025-10-29T20:02:52.943+0530] {logging_mixin.py:188} INFO - [2025-10-29T20:02:52.942+0530] {dagbag.py:545} INFO - Filling up the DagBag from /home/logi/txtai/venv/lib/python3.10/site-packages/airflow/example_dags/example_branch_operator_decorator.py
[2025-10-29T20:02:52.947+0530] {processor.py:842} WARNING - No viable dags retrieved from /home/logi/txtai/venv/lib/python3.10/site-packages/airflow/example_dags/example_branch_operator_decorator.py
[2025-10-29T20:02:52.966+0530] {processor.py:183} INFO - Processing /home/logi/txtai/venv/lib/python3.10/site-packages/airflow/example_dags/example_branch_operator_decorator.py took 0.052 seconds
[2025-10-29T20:03:52.051+0530] {processor.py:161} INFO - Started process (PID=20240) to work on /home/logi/txtai/venv/lib/python3.10/site-packages/airflow/example_dags/example_branch_operator_decorator.py
[2025-10-29T20:03:52.067+0530] {processor.py:830} INFO - Processing file /home/logi/txtai/venv/lib/python3.10/site-packages/airflow/example_dags/example_branch_operator_decorator.py for tasks to queue
[2025-10-29T20:03:52.072+0530] {logging_mixin.py:188} INFO - [2025-10-29T20:03:52.071+0530] {dagbag.py:545} INFO - Filling up the DagBag from /home/logi/txtai/venv/lib/python3.10/site-packages/airflow/example_dags/example_branch_operator_decorator.py
[2025-10-29T20:03:52.090+0530] {processor.py:842} WARNING - No viable dags retrieved from /home/logi/txtai/venv/lib/python3.10/site-packages/airflow/example_dags/example_branch_operator_decorator.py
[2025-10-29T20:03:52.186+0530] {processor.py:183} INFO - Processing /home/logi/txtai/venv/lib/python3.10/site-packages/airflow/example_dags/example_branch_operator_decorator.py took 0.183 seconds
[2025-10-29T20:04:56.809+0530] {processor.py:161} INFO - Started process (PID=20387) to work on /home/logi/txtai/venv/lib/python3.10/site-packages/airflow/example_dags/example_branch_operator_decorator.py
[2025-10-29T20:04:56.811+0530] {processor.py:830} INFO - Processing file /home/logi/txtai/venv/lib/python3.10/site-packages/airflow/example_dags/example_branch_operator_decorator.py for tasks to queue
[2025-10-29T20:04:56.814+0530] {logging_mixin.py:188} INFO - [2025-10-29T20:04:56.813+0530] {dagbag.py:545} INFO - Filling up the DagBag from /home/logi/txtai/venv/lib/python3.10/site-packages/airflow/example_dags/example_branch_operator_decorator.py
[2025-10-29T20:04:56.819+0530] {processor.py:842} WARNING - No viable dags retrieved from /home/logi/txtai/venv/lib/python3.10/site-packages/airflow/example_dags/example_branch_operator_decorator.py
[2025-10-29T20:04:56.839+0530] {processor.py:183} INFO - Processing /home/logi/txtai/venv/lib/python3.10/site-packages/airflow/example_dags/example_branch_operator_decorator.py took 0.050 seconds
[2025-10-29T20:05:57.815+0530] {processor.py:161} INFO - Started process (PID=20509) to work on /home/logi/txtai/venv/lib/python3.10/site-packages/airflow/example_dags/example_branch_operator_decorator.py
[2025-10-29T20:05:57.828+0530] {processor.py:830} INFO - Processing file /home/logi/txtai/venv/lib/python3.10/site-packages/airflow/example_dags/example_branch_operator_decorator.py for tasks to queue
[2025-10-29T20:05:57.831+0530] {logging_mixin.py:188} INFO - [2025-10-29T20:05:57.830+0530] {dagbag.py:545} INFO - Filling up the DagBag from /home/logi/txtai/venv/lib/python3.10/site-packages/airflow/example_dags/example_branch_operator_decorator.py
[2025-10-29T20:05:57.835+0530] {processor.py:842} WARNING - No viable dags retrieved from /home/logi/txtai/venv/lib/python3.10/site-packages/airflow/example_dags/example_branch_operator_decorator.py
[2025-10-29T20:05:57.854+0530] {processor.py:183} INFO - Processing /home/logi/txtai/venv/lib/python3.10/site-packages/airflow/example_dags/example_branch_operator_decorator.py took 0.051 seconds
[2025-10-29T20:06:55.827+0530] {processor.py:161} INFO - Started process (PID=20622) to work on /home/logi/txtai/venv/lib/python3.10/site-packages/airflow/example_dags/example_branch_operator_decorator.py
[2025-10-29T20:06:55.840+0530] {processor.py:830} INFO - Processing file /home/logi/txtai/venv/lib/python3.10/site-packages/airflow/example_dags/example_branch_operator_decorator.py for tasks to queue
[2025-10-29T20:06:55.849+0530] {logging_mixin.py:188} INFO - [2025-10-29T20:06:55.848+0530] {dagbag.py:545} INFO - Filling up the DagBag from /home/logi/txtai/venv/lib/python3.10/site-packages/airflow/example_dags/example_branch_operator_decorator.py
[2025-10-29T20:06:55.852+0530] {processor.py:842} WARNING - No viable dags retrieved from /home/logi/txtai/venv/lib/python3.10/site-packages/airflow/example_dags/example_branch_operator_decorator.py
[2025-10-29T20:06:55.864+0530] {processor.py:183} INFO - Processing /home/logi/txtai/venv/lib/python3.10/site-packages/airflow/example_dags/example_branch_operator_decorator.py took 0.061 seconds
[2025-10-29T20:07:52.426+0530] {processor.py:161} INFO - Started process (PID=20733) to work on /home/logi/txtai/venv/lib/python3.10/site-packages/airflow/example_dags/example_branch_operator_decorator.py
[2025-10-29T20:07:52.439+0530] {processor.py:830} INFO - Processing file /home/logi/txtai/venv/lib/python3.10/site-packages/airflow/example_dags/example_branch_operator_decorator.py for tasks to queue
[2025-10-29T20:07:52.442+0530] {logging_mixin.py:188} INFO - [2025-10-29T20:07:52.442+0530] {dagbag.py:545} INFO - Filling up the DagBag from /home/logi/txtai/venv/lib/python3.10/site-packages/airflow/example_dags/example_branch_operator_decorator.py
[2025-10-29T20:07:52.447+0530] {processor.py:842} WARNING - No viable dags retrieved from /home/logi/txtai/venv/lib/python3.10/site-packages/airflow/example_dags/example_branch_operator_decorator.py
[2025-10-29T20:07:52.465+0530] {processor.py:183} INFO - Processing /home/logi/txtai/venv/lib/python3.10/site-packages/airflow/example_dags/example_branch_operator_decorator.py took 0.052 seconds
[2025-10-29T20:08:50.401+0530] {processor.py:161} INFO - Started process (PID=20847) to work on /home/logi/txtai/venv/lib/python3.10/site-packages/airflow/example_dags/example_branch_operator_decorator.py
[2025-10-29T20:08:50.416+0530] {processor.py:830} INFO - Processing file /home/logi/txtai/venv/lib/python3.10/site-packages/airflow/example_dags/example_branch_operator_decorator.py for tasks to queue
[2025-10-29T20:08:50.422+0530] {logging_mixin.py:188} INFO - [2025-10-29T20:08:50.420+0530] {dagbag.py:545} INFO - Filling up the DagBag from /home/logi/txtai/venv/lib/python3.10/site-packages/airflow/example_dags/example_branch_operator_decorator.py
[2025-10-29T20:08:50.430+0530] {processor.py:842} WARNING - No viable dags retrieved from /home/logi/txtai/venv/lib/python3.10/site-packages/airflow/example_dags/example_branch_operator_decorator.py
[2025-10-29T20:08:50.464+0530] {processor.py:183} INFO - Processing /home/logi/txtai/venv/lib/python3.10/site-packages/airflow/example_dags/example_branch_operator_decorator.py took 0.085 seconds
[2025-10-29T20:09:49.085+0530] {processor.py:161} INFO - Started process (PID=20988) to work on /home/logi/txtai/venv/lib/python3.10/site-packages/airflow/example_dags/example_branch_operator_decorator.py
[2025-10-29T20:09:49.099+0530] {processor.py:830} INFO - Processing file /home/logi/txtai/venv/lib/python3.10/site-packages/airflow/example_dags/example_branch_operator_decorator.py for tasks to queue
[2025-10-29T20:09:49.102+0530] {logging_mixin.py:188} INFO - [2025-10-29T20:09:49.101+0530] {dagbag.py:545} INFO - Filling up the DagBag from /home/logi/txtai/venv/lib/python3.10/site-packages/airflow/example_dags/example_branch_operator_decorator.py
[2025-10-29T20:09:49.106+0530] {processor.py:842} WARNING - No viable dags retrieved from /home/logi/txtai/venv/lib/python3.10/site-packages/airflow/example_dags/example_branch_operator_decorator.py
[2025-10-29T20:09:49.126+0530] {processor.py:183} INFO - Processing /home/logi/txtai/venv/lib/python3.10/site-packages/airflow/example_dags/example_branch_operator_decorator.py took 0.052 seconds
[2025-10-29T20:10:46.042+0530] {processor.py:161} INFO - Started process (PID=21102) to work on /home/logi/txtai/venv/lib/python3.10/site-packages/airflow/example_dags/example_branch_operator_decorator.py
[2025-10-29T20:10:46.055+0530] {processor.py:830} INFO - Processing file /home/logi/txtai/venv/lib/python3.10/site-packages/airflow/example_dags/example_branch_operator_decorator.py for tasks to queue
[2025-10-29T20:10:46.058+0530] {logging_mixin.py:188} INFO - [2025-10-29T20:10:46.058+0530] {dagbag.py:545} INFO - Filling up the DagBag from /home/logi/txtai/venv/lib/python3.10/site-packages/airflow/example_dags/example_branch_operator_decorator.py
[2025-10-29T20:10:46.063+0530] {processor.py:842} WARNING - No viable dags retrieved from /home/logi/txtai/venv/lib/python3.10/site-packages/airflow/example_dags/example_branch_operator_decorator.py
[2025-10-29T20:10:46.082+0530] {processor.py:183} INFO - Processing /home/logi/txtai/venv/lib/python3.10/site-packages/airflow/example_dags/example_branch_operator_decorator.py took 0.052 seconds
[2025-10-29T20:11:41.075+0530] {processor.py:161} INFO - Started process (PID=21215) to work on /home/logi/txtai/venv/lib/python3.10/site-packages/airflow/example_dags/example_branch_operator_decorator.py
[2025-10-29T20:11:41.088+0530] {processor.py:830} INFO - Processing file /home/logi/txtai/venv/lib/python3.10/site-packages/airflow/example_dags/example_branch_operator_decorator.py for tasks to queue
[2025-10-29T20:11:41.091+0530] {logging_mixin.py:188} INFO - [2025-10-29T20:11:41.091+0530] {dagbag.py:545} INFO - Filling up the DagBag from /home/logi/txtai/venv/lib/python3.10/site-packages/airflow/example_dags/example_branch_operator_decorator.py
[2025-10-29T20:11:41.097+0530] {processor.py:842} WARNING - No viable dags retrieved from /home/logi/txtai/venv/lib/python3.10/site-packages/airflow/example_dags/example_branch_operator_decorator.py
[2025-10-29T20:11:41.116+0530] {processor.py:183} INFO - Processing /home/logi/txtai/venv/lib/python3.10/site-packages/airflow/example_dags/example_branch_operator_decorator.py took 0.053 seconds
[2025-10-29T20:12:57.552+0530] {processor.py:161} INFO - Started process (PID=21374) to work on /home/logi/txtai/venv/lib/python3.10/site-packages/airflow/example_dags/example_branch_operator_decorator.py
[2025-10-29T20:12:57.566+0530] {processor.py:830} INFO - Processing file /home/logi/txtai/venv/lib/python3.10/site-packages/airflow/example_dags/example_branch_operator_decorator.py for tasks to queue
[2025-10-29T20:12:57.569+0530] {logging_mixin.py:188} INFO - [2025-10-29T20:12:57.568+0530] {dagbag.py:545} INFO - Filling up the DagBag from /home/logi/txtai/venv/lib/python3.10/site-packages/airflow/example_dags/example_branch_operator_decorator.py
[2025-10-29T20:12:57.574+0530] {processor.py:842} WARNING - No viable dags retrieved from /home/logi/txtai/venv/lib/python3.10/site-packages/airflow/example_dags/example_branch_operator_decorator.py
[2025-10-29T20:12:57.593+0530] {processor.py:183} INFO - Processing /home/logi/txtai/venv/lib/python3.10/site-packages/airflow/example_dags/example_branch_operator_decorator.py took 0.052 seconds
[2025-10-29T20:14:14.657+0530] {processor.py:161} INFO - Started process (PID=21601) to work on /home/logi/txtai/venv/lib/python3.10/site-packages/airflow/example_dags/example_branch_operator_decorator.py
[2025-10-29T20:14:14.670+0530] {processor.py:830} INFO - Processing file /home/logi/txtai/venv/lib/python3.10/site-packages/airflow/example_dags/example_branch_operator_decorator.py for tasks to queue
[2025-10-29T20:14:14.673+0530] {logging_mixin.py:188} INFO - [2025-10-29T20:14:14.673+0530] {dagbag.py:545} INFO - Filling up the DagBag from /home/logi/txtai/venv/lib/python3.10/site-packages/airflow/example_dags/example_branch_operator_decorator.py
[2025-10-29T20:14:14.678+0530] {processor.py:842} WARNING - No viable dags retrieved from /home/logi/txtai/venv/lib/python3.10/site-packages/airflow/example_dags/example_branch_operator_decorator.py
[2025-10-29T20:14:14.697+0530] {processor.py:183} INFO - Processing /home/logi/txtai/venv/lib/python3.10/site-packages/airflow/example_dags/example_branch_operator_decorator.py took 0.051 seconds
[2025-10-29T20:15:14.155+0530] {processor.py:161} INFO - Started process (PID=21875) to work on /home/logi/txtai/venv/lib/python3.10/site-packages/airflow/example_dags/example_branch_operator_decorator.py
[2025-10-29T20:15:14.168+0530] {processor.py:830} INFO - Processing file /home/logi/txtai/venv/lib/python3.10/site-packages/airflow/example_dags/example_branch_operator_decorator.py for tasks to queue
[2025-10-29T20:15:14.171+0530] {logging_mixin.py:188} INFO - [2025-10-29T20:15:14.171+0530] {dagbag.py:545} INFO - Filling up the DagBag from /home/logi/txtai/venv/lib/python3.10/site-packages/airflow/example_dags/example_branch_operator_decorator.py
[2025-10-29T20:15:14.176+0530] {processor.py:842} WARNING - No viable dags retrieved from /home/logi/txtai/venv/lib/python3.10/site-packages/airflow/example_dags/example_branch_operator_decorator.py
[2025-10-29T20:15:14.197+0530] {processor.py:183} INFO - Processing /home/logi/txtai/venv/lib/python3.10/site-packages/airflow/example_dags/example_branch_operator_decorator.py took 0.054 seconds
[2025-10-29T20:16:08.977+0530] {processor.py:161} INFO - Started process (PID=21964) to work on /home/logi/txtai/venv/lib/python3.10/site-packages/airflow/example_dags/example_branch_operator_decorator.py
[2025-10-29T20:16:08.990+0530] {processor.py:830} INFO - Processing file /home/logi/txtai/venv/lib/python3.10/site-packages/airflow/example_dags/example_branch_operator_decorator.py for tasks to queue
[2025-10-29T20:16:08.993+0530] {logging_mixin.py:188} INFO - [2025-10-29T20:16:08.992+0530] {dagbag.py:545} INFO - Filling up the DagBag from /home/logi/txtai/venv/lib/python3.10/site-packages/airflow/example_dags/example_branch_operator_decorator.py
[2025-10-29T20:16:08.998+0530] {processor.py:842} WARNING - No viable dags retrieved from /home/logi/txtai/venv/lib/python3.10/site-packages/airflow/example_dags/example_branch_operator_decorator.py
[2025-10-29T20:16:09.017+0530] {processor.py:183} INFO - Processing /home/logi/txtai/venv/lib/python3.10/site-packages/airflow/example_dags/example_branch_operator_decorator.py took 0.051 seconds
[2025-10-29T20:17:23.630+0530] {processor.py:161} INFO - Started process (PID=22078) to work on /home/logi/txtai/venv/lib/python3.10/site-packages/airflow/example_dags/example_branch_operator_decorator.py
[2025-10-29T20:17:23.643+0530] {processor.py:830} INFO - Processing file /home/logi/txtai/venv/lib/python3.10/site-packages/airflow/example_dags/example_branch_operator_decorator.py for tasks to queue
[2025-10-29T20:17:23.646+0530] {logging_mixin.py:188} INFO - [2025-10-29T20:17:23.645+0530] {dagbag.py:545} INFO - Filling up the DagBag from /home/logi/txtai/venv/lib/python3.10/site-packages/airflow/example_dags/example_branch_operator_decorator.py
[2025-10-29T20:17:23.649+0530] {processor.py:842} WARNING - No viable dags retrieved from /home/logi/txtai/venv/lib/python3.10/site-packages/airflow/example_dags/example_branch_operator_decorator.py
[2025-10-29T20:17:23.660+0530] {processor.py:183} INFO - Processing /home/logi/txtai/venv/lib/python3.10/site-packages/airflow/example_dags/example_branch_operator_decorator.py took 0.036 seconds
[2025-10-29T20:18:41.768+0530] {processor.py:161} INFO - Started process (PID=22171) to work on /home/logi/txtai/venv/lib/python3.10/site-packages/airflow/example_dags/example_branch_operator_decorator.py
[2025-10-29T20:18:41.782+0530] {processor.py:830} INFO - Processing file /home/logi/txtai/venv/lib/python3.10/site-packages/airflow/example_dags/example_branch_operator_decorator.py for tasks to queue
[2025-10-29T20:18:41.785+0530] {logging_mixin.py:188} INFO - [2025-10-29T20:18:41.784+0530] {dagbag.py:545} INFO - Filling up the DagBag from /home/logi/txtai/venv/lib/python3.10/site-packages/airflow/example_dags/example_branch_operator_decorator.py
[2025-10-29T20:18:41.790+0530] {processor.py:842} WARNING - No viable dags retrieved from /home/logi/txtai/venv/lib/python3.10/site-packages/airflow/example_dags/example_branch_operator_decorator.py
[2025-10-29T20:18:41.810+0530] {processor.py:183} INFO - Processing /home/logi/txtai/venv/lib/python3.10/site-packages/airflow/example_dags/example_branch_operator_decorator.py took 0.052 seconds
[2025-10-29T20:19:35.797+0530] {processor.py:161} INFO - Started process (PID=22352) to work on /home/logi/txtai/venv/lib/python3.10/site-packages/airflow/example_dags/example_branch_operator_decorator.py
[2025-10-29T20:19:35.811+0530] {processor.py:830} INFO - Processing file /home/logi/txtai/venv/lib/python3.10/site-packages/airflow/example_dags/example_branch_operator_decorator.py for tasks to queue
[2025-10-29T20:19:35.815+0530] {logging_mixin.py:188} INFO - [2025-10-29T20:19:35.814+0530] {dagbag.py:545} INFO - Filling up the DagBag from /home/logi/txtai/venv/lib/python3.10/site-packages/airflow/example_dags/example_branch_operator_decorator.py
[2025-10-29T20:19:35.820+0530] {processor.py:842} WARNING - No viable dags retrieved from /home/logi/txtai/venv/lib/python3.10/site-packages/airflow/example_dags/example_branch_operator_decorator.py
[2025-10-29T20:19:35.839+0530] {processor.py:183} INFO - Processing /home/logi/txtai/venv/lib/python3.10/site-packages/airflow/example_dags/example_branch_operator_decorator.py took 0.057 seconds
[2025-10-29T20:20:29.968+0530] {processor.py:161} INFO - Started process (PID=22424) to work on /home/logi/txtai/venv/lib/python3.10/site-packages/airflow/example_dags/example_branch_operator_decorator.py
[2025-10-29T20:20:29.981+0530] {processor.py:830} INFO - Processing file /home/logi/txtai/venv/lib/python3.10/site-packages/airflow/example_dags/example_branch_operator_decorator.py for tasks to queue
[2025-10-29T20:20:29.984+0530] {logging_mixin.py:188} INFO - [2025-10-29T20:20:29.983+0530] {dagbag.py:545} INFO - Filling up the DagBag from /home/logi/txtai/venv/lib/python3.10/site-packages/airflow/example_dags/example_branch_operator_decorator.py
[2025-10-29T20:20:29.989+0530] {processor.py:842} WARNING - No viable dags retrieved from /home/logi/txtai/venv/lib/python3.10/site-packages/airflow/example_dags/example_branch_operator_decorator.py
[2025-10-29T20:20:30.007+0530] {processor.py:183} INFO - Processing /home/logi/txtai/venv/lib/python3.10/site-packages/airflow/example_dags/example_branch_operator_decorator.py took 0.051 seconds
[2025-10-29T20:21:24.781+0530] {processor.py:161} INFO - Started process (PID=22500) to work on /home/logi/txtai/venv/lib/python3.10/site-packages/airflow/example_dags/example_branch_operator_decorator.py
[2025-10-29T20:21:24.796+0530] {processor.py:830} INFO - Processing file /home/logi/txtai/venv/lib/python3.10/site-packages/airflow/example_dags/example_branch_operator_decorator.py for tasks to queue
[2025-10-29T20:21:24.799+0530] {logging_mixin.py:188} INFO - [2025-10-29T20:21:24.799+0530] {dagbag.py:545} INFO - Filling up the DagBag from /home/logi/txtai/venv/lib/python3.10/site-packages/airflow/example_dags/example_branch_operator_decorator.py
[2025-10-29T20:21:24.805+0530] {processor.py:842} WARNING - No viable dags retrieved from /home/logi/txtai/venv/lib/python3.10/site-packages/airflow/example_dags/example_branch_operator_decorator.py
[2025-10-29T20:21:24.828+0530] {processor.py:183} INFO - Processing /home/logi/txtai/venv/lib/python3.10/site-packages/airflow/example_dags/example_branch_operator_decorator.py took 0.062 seconds
[2025-10-29T20:22:21.665+0530] {processor.py:161} INFO - Started process (PID=22571) to work on /home/logi/txtai/venv/lib/python3.10/site-packages/airflow/example_dags/example_branch_operator_decorator.py
[2025-10-29T20:22:21.679+0530] {processor.py:830} INFO - Processing file /home/logi/txtai/venv/lib/python3.10/site-packages/airflow/example_dags/example_branch_operator_decorator.py for tasks to queue
[2025-10-29T20:22:21.682+0530] {logging_mixin.py:188} INFO - [2025-10-29T20:22:21.681+0530] {dagbag.py:545} INFO - Filling up the DagBag from /home/logi/txtai/venv/lib/python3.10/site-packages/airflow/example_dags/example_branch_operator_decorator.py
[2025-10-29T20:22:21.687+0530] {processor.py:842} WARNING - No viable dags retrieved from /home/logi/txtai/venv/lib/python3.10/site-packages/airflow/example_dags/example_branch_operator_decorator.py
[2025-10-29T20:22:21.706+0530] {processor.py:183} INFO - Processing /home/logi/txtai/venv/lib/python3.10/site-packages/airflow/example_dags/example_branch_operator_decorator.py took 0.052 seconds
[2025-10-29T20:23:16.792+0530] {processor.py:161} INFO - Started process (PID=22648) to work on /home/logi/txtai/venv/lib/python3.10/site-packages/airflow/example_dags/example_branch_operator_decorator.py
[2025-10-29T20:23:16.794+0530] {processor.py:830} INFO - Processing file /home/logi/txtai/venv/lib/python3.10/site-packages/airflow/example_dags/example_branch_operator_decorator.py for tasks to queue
[2025-10-29T20:23:16.797+0530] {logging_mixin.py:188} INFO - [2025-10-29T20:23:16.796+0530] {dagbag.py:545} INFO - Filling up the DagBag from /home/logi/txtai/venv/lib/python3.10/site-packages/airflow/example_dags/example_branch_operator_decorator.py
[2025-10-29T20:23:16.801+0530] {processor.py:842} WARNING - No viable dags retrieved from /home/logi/txtai/venv/lib/python3.10/site-packages/airflow/example_dags/example_branch_operator_decorator.py
[2025-10-29T20:23:16.820+0530] {processor.py:183} INFO - Processing /home/logi/txtai/venv/lib/python3.10/site-packages/airflow/example_dags/example_branch_operator_decorator.py took 0.040 seconds
[2025-10-29T20:24:38.289+0530] {processor.py:161} INFO - Started process (PID=22816) to work on /home/logi/txtai/venv/lib/python3.10/site-packages/airflow/example_dags/example_branch_operator_decorator.py
[2025-10-29T20:24:38.303+0530] {processor.py:830} INFO - Processing file /home/logi/txtai/venv/lib/python3.10/site-packages/airflow/example_dags/example_branch_operator_decorator.py for tasks to queue
[2025-10-29T20:24:38.307+0530] {logging_mixin.py:188} INFO - [2025-10-29T20:24:38.306+0530] {dagbag.py:545} INFO - Filling up the DagBag from /home/logi/txtai/venv/lib/python3.10/site-packages/airflow/example_dags/example_branch_operator_decorator.py
[2025-10-29T20:24:38.311+0530] {processor.py:842} WARNING - No viable dags retrieved from /home/logi/txtai/venv/lib/python3.10/site-packages/airflow/example_dags/example_branch_operator_decorator.py
[2025-10-29T20:24:38.330+0530] {processor.py:183} INFO - Processing /home/logi/txtai/venv/lib/python3.10/site-packages/airflow/example_dags/example_branch_operator_decorator.py took 0.052 seconds
[2025-10-29T20:25:33.772+0530] {processor.py:161} INFO - Started process (PID=22926) to work on /home/logi/txtai/venv/lib/python3.10/site-packages/airflow/example_dags/example_branch_operator_decorator.py
[2025-10-29T20:25:33.774+0530] {processor.py:830} INFO - Processing file /home/logi/txtai/venv/lib/python3.10/site-packages/airflow/example_dags/example_branch_operator_decorator.py for tasks to queue
[2025-10-29T20:25:33.777+0530] {logging_mixin.py:188} INFO - [2025-10-29T20:25:33.776+0530] {dagbag.py:545} INFO - Filling up the DagBag from /home/logi/txtai/venv/lib/python3.10/site-packages/airflow/example_dags/example_branch_operator_decorator.py
[2025-10-29T20:25:33.783+0530] {processor.py:842} WARNING - No viable dags retrieved from /home/logi/txtai/venv/lib/python3.10/site-packages/airflow/example_dags/example_branch_operator_decorator.py
[2025-10-29T20:25:33.808+0530] {processor.py:183} INFO - Processing /home/logi/txtai/venv/lib/python3.10/site-packages/airflow/example_dags/example_branch_operator_decorator.py took 0.054 seconds
[2025-10-29T20:26:51.566+0530] {processor.py:161} INFO - Started process (PID=23186) to work on /home/logi/txtai/venv/lib/python3.10/site-packages/airflow/example_dags/example_branch_operator_decorator.py
[2025-10-29T20:26:51.580+0530] {processor.py:830} INFO - Processing file /home/logi/txtai/venv/lib/python3.10/site-packages/airflow/example_dags/example_branch_operator_decorator.py for tasks to queue
[2025-10-29T20:26:51.583+0530] {logging_mixin.py:188} INFO - [2025-10-29T20:26:51.582+0530] {dagbag.py:545} INFO - Filling up the DagBag from /home/logi/txtai/venv/lib/python3.10/site-packages/airflow/example_dags/example_branch_operator_decorator.py
[2025-10-29T20:26:51.588+0530] {processor.py:842} WARNING - No viable dags retrieved from /home/logi/txtai/venv/lib/python3.10/site-packages/airflow/example_dags/example_branch_operator_decorator.py
[2025-10-29T20:26:51.605+0530] {processor.py:183} INFO - Processing /home/logi/txtai/venv/lib/python3.10/site-packages/airflow/example_dags/example_branch_operator_decorator.py took 0.050 seconds
[2025-10-29T20:28:05.984+0530] {processor.py:161} INFO - Started process (PID=23299) to work on /home/logi/txtai/venv/lib/python3.10/site-packages/airflow/example_dags/example_branch_operator_decorator.py
[2025-10-29T20:28:05.998+0530] {processor.py:830} INFO - Processing file /home/logi/txtai/venv/lib/python3.10/site-packages/airflow/example_dags/example_branch_operator_decorator.py for tasks to queue
[2025-10-29T20:28:06.004+0530] {logging_mixin.py:188} INFO - [2025-10-29T20:28:06.002+0530] {dagbag.py:545} INFO - Filling up the DagBag from /home/logi/txtai/venv/lib/python3.10/site-packages/airflow/example_dags/example_branch_operator_decorator.py
[2025-10-29T20:28:06.013+0530] {processor.py:842} WARNING - No viable dags retrieved from /home/logi/txtai/venv/lib/python3.10/site-packages/airflow/example_dags/example_branch_operator_decorator.py
[2025-10-29T20:28:06.044+0530] {processor.py:183} INFO - Processing /home/logi/txtai/venv/lib/python3.10/site-packages/airflow/example_dags/example_branch_operator_decorator.py took 0.081 seconds
[2025-10-29T20:29:23.778+0530] {processor.py:161} INFO - Started process (PID=23408) to work on /home/logi/txtai/venv/lib/python3.10/site-packages/airflow/example_dags/example_branch_operator_decorator.py
[2025-10-29T20:29:23.793+0530] {processor.py:830} INFO - Processing file /home/logi/txtai/venv/lib/python3.10/site-packages/airflow/example_dags/example_branch_operator_decorator.py for tasks to queue
[2025-10-29T20:29:23.796+0530] {logging_mixin.py:188} INFO - [2025-10-29T20:29:23.795+0530] {dagbag.py:545} INFO - Filling up the DagBag from /home/logi/txtai/venv/lib/python3.10/site-packages/airflow/example_dags/example_branch_operator_decorator.py
[2025-10-29T20:29:23.801+0530] {processor.py:842} WARNING - No viable dags retrieved from /home/logi/txtai/venv/lib/python3.10/site-packages/airflow/example_dags/example_branch_operator_decorator.py
[2025-10-29T20:29:23.820+0530] {processor.py:183} INFO - Processing /home/logi/txtai/venv/lib/python3.10/site-packages/airflow/example_dags/example_branch_operator_decorator.py took 0.053 seconds
[2025-10-29T20:30:18.499+0530] {processor.py:161} INFO - Started process (PID=23520) to work on /home/logi/txtai/venv/lib/python3.10/site-packages/airflow/example_dags/example_branch_operator_decorator.py
[2025-10-29T20:30:18.512+0530] {processor.py:830} INFO - Processing file /home/logi/txtai/venv/lib/python3.10/site-packages/airflow/example_dags/example_branch_operator_decorator.py for tasks to queue
[2025-10-29T20:30:18.515+0530] {logging_mixin.py:188} INFO - [2025-10-29T20:30:18.515+0530] {dagbag.py:545} INFO - Filling up the DagBag from /home/logi/txtai/venv/lib/python3.10/site-packages/airflow/example_dags/example_branch_operator_decorator.py
[2025-10-29T20:30:18.520+0530] {processor.py:842} WARNING - No viable dags retrieved from /home/logi/txtai/venv/lib/python3.10/site-packages/airflow/example_dags/example_branch_operator_decorator.py
[2025-10-29T20:30:18.539+0530] {processor.py:183} INFO - Processing /home/logi/txtai/venv/lib/python3.10/site-packages/airflow/example_dags/example_branch_operator_decorator.py took 0.052 seconds
[2025-10-29T20:31:36.049+0530] {processor.py:161} INFO - Started process (PID=23639) to work on /home/logi/txtai/venv/lib/python3.10/site-packages/airflow/example_dags/example_branch_operator_decorator.py
[2025-10-29T20:31:36.063+0530] {processor.py:830} INFO - Processing file /home/logi/txtai/venv/lib/python3.10/site-packages/airflow/example_dags/example_branch_operator_decorator.py for tasks to queue
[2025-10-29T20:31:36.066+0530] {logging_mixin.py:188} INFO - [2025-10-29T20:31:36.065+0530] {dagbag.py:545} INFO - Filling up the DagBag from /home/logi/txtai/venv/lib/python3.10/site-packages/airflow/example_dags/example_branch_operator_decorator.py
[2025-10-29T20:31:36.071+0530] {processor.py:842} WARNING - No viable dags retrieved from /home/logi/txtai/venv/lib/python3.10/site-packages/airflow/example_dags/example_branch_operator_decorator.py
[2025-10-29T20:31:36.089+0530] {processor.py:183} INFO - Processing /home/logi/txtai/venv/lib/python3.10/site-packages/airflow/example_dags/example_branch_operator_decorator.py took 0.052 seconds
[2025-10-29T20:32:55.216+0530] {processor.py:161} INFO - Started process (PID=23734) to work on /home/logi/txtai/venv/lib/python3.10/site-packages/airflow/example_dags/example_branch_operator_decorator.py
[2025-10-29T20:32:55.231+0530] {processor.py:830} INFO - Processing file /home/logi/txtai/venv/lib/python3.10/site-packages/airflow/example_dags/example_branch_operator_decorator.py for tasks to queue
[2025-10-29T20:32:55.234+0530] {logging_mixin.py:188} INFO - [2025-10-29T20:32:55.233+0530] {dagbag.py:545} INFO - Filling up the DagBag from /home/logi/txtai/venv/lib/python3.10/site-packages/airflow/example_dags/example_branch_operator_decorator.py
[2025-10-29T20:32:55.239+0530] {processor.py:842} WARNING - No viable dags retrieved from /home/logi/txtai/venv/lib/python3.10/site-packages/airflow/example_dags/example_branch_operator_decorator.py
[2025-10-29T20:32:55.258+0530] {processor.py:183} INFO - Processing /home/logi/txtai/venv/lib/python3.10/site-packages/airflow/example_dags/example_branch_operator_decorator.py took 0.054 seconds
[2025-10-29T20:34:11.481+0530] {processor.py:161} INFO - Started process (PID=23852) to work on /home/logi/txtai/venv/lib/python3.10/site-packages/airflow/example_dags/example_branch_operator_decorator.py
[2025-10-29T20:34:11.495+0530] {processor.py:830} INFO - Processing file /home/logi/txtai/venv/lib/python3.10/site-packages/airflow/example_dags/example_branch_operator_decorator.py for tasks to queue
[2025-10-29T20:34:11.498+0530] {logging_mixin.py:188} INFO - [2025-10-29T20:34:11.498+0530] {dagbag.py:545} INFO - Filling up the DagBag from /home/logi/txtai/venv/lib/python3.10/site-packages/airflow/example_dags/example_branch_operator_decorator.py
[2025-10-29T20:34:11.503+0530] {processor.py:842} WARNING - No viable dags retrieved from /home/logi/txtai/venv/lib/python3.10/site-packages/airflow/example_dags/example_branch_operator_decorator.py
[2025-10-29T20:34:11.522+0530] {processor.py:183} INFO - Processing /home/logi/txtai/venv/lib/python3.10/site-packages/airflow/example_dags/example_branch_operator_decorator.py took 0.053 seconds
[2025-10-29T20:35:26.333+0530] {processor.py:161} INFO - Started process (PID=23992) to work on /home/logi/txtai/venv/lib/python3.10/site-packages/airflow/example_dags/example_branch_operator_decorator.py
[2025-10-29T20:35:26.336+0530] {processor.py:830} INFO - Processing file /home/logi/txtai/venv/lib/python3.10/site-packages/airflow/example_dags/example_branch_operator_decorator.py for tasks to queue
[2025-10-29T20:35:26.339+0530] {logging_mixin.py:188} INFO - [2025-10-29T20:35:26.339+0530] {dagbag.py:545} INFO - Filling up the DagBag from /home/logi/txtai/venv/lib/python3.10/site-packages/airflow/example_dags/example_branch_operator_decorator.py
[2025-10-29T20:35:26.346+0530] {processor.py:842} WARNING - No viable dags retrieved from /home/logi/txtai/venv/lib/python3.10/site-packages/airflow/example_dags/example_branch_operator_decorator.py
[2025-10-29T20:35:26.367+0530] {processor.py:183} INFO - Processing /home/logi/txtai/venv/lib/python3.10/site-packages/airflow/example_dags/example_branch_operator_decorator.py took 0.046 seconds
[2025-10-29T20:36:20.240+0530] {processor.py:161} INFO - Started process (PID=24060) to work on /home/logi/txtai/venv/lib/python3.10/site-packages/airflow/example_dags/example_branch_operator_decorator.py
[2025-10-29T20:36:20.254+0530] {processor.py:830} INFO - Processing file /home/logi/txtai/venv/lib/python3.10/site-packages/airflow/example_dags/example_branch_operator_decorator.py for tasks to queue
[2025-10-29T20:36:20.257+0530] {logging_mixin.py:188} INFO - [2025-10-29T20:36:20.256+0530] {dagbag.py:545} INFO - Filling up the DagBag from /home/logi/txtai/venv/lib/python3.10/site-packages/airflow/example_dags/example_branch_operator_decorator.py
[2025-10-29T20:36:20.262+0530] {processor.py:842} WARNING - No viable dags retrieved from /home/logi/txtai/venv/lib/python3.10/site-packages/airflow/example_dags/example_branch_operator_decorator.py
[2025-10-29T20:36:20.280+0530] {processor.py:183} INFO - Processing /home/logi/txtai/venv/lib/python3.10/site-packages/airflow/example_dags/example_branch_operator_decorator.py took 0.051 seconds
[2025-10-29T20:37:40.106+0530] {processor.py:161} INFO - Started process (PID=24171) to work on /home/logi/txtai/venv/lib/python3.10/site-packages/airflow/example_dags/example_branch_operator_decorator.py
[2025-10-29T20:37:40.120+0530] {processor.py:830} INFO - Processing file /home/logi/txtai/venv/lib/python3.10/site-packages/airflow/example_dags/example_branch_operator_decorator.py for tasks to queue
[2025-10-29T20:37:40.124+0530] {logging_mixin.py:188} INFO - [2025-10-29T20:37:40.123+0530] {dagbag.py:545} INFO - Filling up the DagBag from /home/logi/txtai/venv/lib/python3.10/site-packages/airflow/example_dags/example_branch_operator_decorator.py
[2025-10-29T20:37:40.128+0530] {processor.py:842} WARNING - No viable dags retrieved from /home/logi/txtai/venv/lib/python3.10/site-packages/airflow/example_dags/example_branch_operator_decorator.py
[2025-10-29T20:37:40.148+0530] {processor.py:183} INFO - Processing /home/logi/txtai/venv/lib/python3.10/site-packages/airflow/example_dags/example_branch_operator_decorator.py took 0.054 seconds
