[2025-10-29T19:30:27.479+0530] {processor.py:161} INFO - Started process (PID=16391) to work on /home/logi/txtai/venv/lib/python3.10/site-packages/airflow/example_dags/example_branch_day_of_week_operator.py
[2025-10-29T19:30:27.483+0530] {processor.py:830} INFO - Processing file /home/logi/txtai/venv/lib/python3.10/site-packages/airflow/example_dags/example_branch_day_of_week_operator.py for tasks to queue
[2025-10-29T19:30:27.494+0530] {logging_mixin.py:188} INFO - [2025-10-29T19:30:27.491+0530] {dagbag.py:545} INFO - Filling up the DagBag from /home/logi/txtai/venv/lib/python3.10/site-packages/airflow/example_dags/example_branch_day_of_week_operator.py
[2025-10-29T19:30:27.533+0530] {processor.py:840} INFO - DAG(s) 'example_weekday_branch_operator' retrieved from /home/logi/txtai/venv/lib/python3.10/site-packages/airflow/example_dags/example_branch_day_of_week_operator.py
[2025-10-29T19:30:27.709+0530] {logging_mixin.py:188} INFO - [2025-10-29T19:30:27.708+0530] {override.py:1829} INFO - Created Permission View: can read on DAG:example_weekday_branch_operator
[2025-10-29T19:30:27.727+0530] {logging_mixin.py:188} INFO - [2025-10-29T19:30:27.726+0530] {override.py:1829} INFO - Created Permission View: can edit on DAG:example_weekday_branch_operator
[2025-10-29T19:30:27.739+0530] {logging_mixin.py:188} INFO - [2025-10-29T19:30:27.738+0530] {override.py:1829} INFO - Created Permission View: can delete on DAG:example_weekday_branch_operator
[2025-10-29T19:30:27.740+0530] {logging_mixin.py:188} INFO - [2025-10-29T19:30:27.740+0530] {dag.py:3096} INFO - Sync 1 DAGs
[2025-10-29T19:30:27.755+0530] {logging_mixin.py:188} INFO - [2025-10-29T19:30:27.754+0530] {dag.py:3118} INFO - Creating ORM DAG for example_weekday_branch_operator
[2025-10-29T19:30:27.776+0530] {logging_mixin.py:188} INFO - [2025-10-29T19:30:27.775+0530] {dag.py:3954} INFO - Setting next_dagrun for example_weekday_branch_operator to 2025-10-28 00:00:00+00:00, run_after=2025-10-29 00:00:00+00:00
[2025-10-29T19:30:27.818+0530] {processor.py:183} INFO - Processing /home/logi/txtai/venv/lib/python3.10/site-packages/airflow/example_dags/example_branch_day_of_week_operator.py took 0.368 seconds
[2025-10-29T19:31:39.048+0530] {processor.py:161} INFO - Started process (PID=16621) to work on /home/logi/txtai/venv/lib/python3.10/site-packages/airflow/example_dags/example_branch_day_of_week_operator.py
[2025-10-29T19:31:39.062+0530] {processor.py:830} INFO - Processing file /home/logi/txtai/venv/lib/python3.10/site-packages/airflow/example_dags/example_branch_day_of_week_operator.py for tasks to queue
[2025-10-29T19:31:39.064+0530] {logging_mixin.py:188} INFO - [2025-10-29T19:31:39.064+0530] {dagbag.py:545} INFO - Filling up the DagBag from /home/logi/txtai/venv/lib/python3.10/site-packages/airflow/example_dags/example_branch_day_of_week_operator.py
[2025-10-29T19:31:39.076+0530] {processor.py:840} INFO - DAG(s) 'example_weekday_branch_operator' retrieved from /home/logi/txtai/venv/lib/python3.10/site-packages/airflow/example_dags/example_branch_day_of_week_operator.py
[2025-10-29T19:31:39.101+0530] {logging_mixin.py:188} INFO - [2025-10-29T19:31:39.101+0530] {dag.py:3096} INFO - Sync 1 DAGs
[2025-10-29T19:31:39.121+0530] {logging_mixin.py:188} INFO - [2025-10-29T19:31:39.121+0530] {dag.py:3954} INFO - Setting next_dagrun for example_weekday_branch_operator to 2025-10-28 00:00:00+00:00, run_after=2025-10-29 00:00:00+00:00
[2025-10-29T19:31:39.137+0530] {processor.py:183} INFO - Processing /home/logi/txtai/venv/lib/python3.10/site-packages/airflow/example_dags/example_branch_day_of_week_operator.py took 0.101 seconds
[2025-10-29T19:32:49.061+0530] {processor.py:161} INFO - Started process (PID=16713) to work on /home/logi/txtai/venv/lib/python3.10/site-packages/airflow/example_dags/example_branch_day_of_week_operator.py
[2025-10-29T19:32:49.063+0530] {processor.py:830} INFO - Processing file /home/logi/txtai/venv/lib/python3.10/site-packages/airflow/example_dags/example_branch_day_of_week_operator.py for tasks to queue
[2025-10-29T19:32:49.066+0530] {logging_mixin.py:188} INFO - [2025-10-29T19:32:49.065+0530] {dagbag.py:545} INFO - Filling up the DagBag from /home/logi/txtai/venv/lib/python3.10/site-packages/airflow/example_dags/example_branch_day_of_week_operator.py
[2025-10-29T19:32:49.079+0530] {processor.py:840} INFO - DAG(s) 'example_weekday_branch_operator' retrieved from /home/logi/txtai/venv/lib/python3.10/site-packages/airflow/example_dags/example_branch_day_of_week_operator.py
[2025-10-29T19:32:49.099+0530] {logging_mixin.py:188} INFO - [2025-10-29T19:32:49.099+0530] {dag.py:3096} INFO - Sync 1 DAGs
[2025-10-29T19:32:49.119+0530] {logging_mixin.py:188} INFO - [2025-10-29T19:32:49.118+0530] {dag.py:3954} INFO - Setting next_dagrun for example_weekday_branch_operator to 2025-10-28 00:00:00+00:00, run_after=2025-10-29 00:00:00+00:00
[2025-10-29T19:32:49.146+0530] {processor.py:183} INFO - Processing /home/logi/txtai/venv/lib/python3.10/site-packages/airflow/example_dags/example_branch_day_of_week_operator.py took 0.095 seconds
[2025-10-29T19:34:02.109+0530] {processor.py:161} INFO - Started process (PID=16902) to work on /home/logi/txtai/venv/lib/python3.10/site-packages/airflow/example_dags/example_branch_day_of_week_operator.py
[2025-10-29T19:34:02.122+0530] {processor.py:830} INFO - Processing file /home/logi/txtai/venv/lib/python3.10/site-packages/airflow/example_dags/example_branch_day_of_week_operator.py for tasks to queue
[2025-10-29T19:34:02.126+0530] {logging_mixin.py:188} INFO - [2025-10-29T19:34:02.125+0530] {dagbag.py:545} INFO - Filling up the DagBag from /home/logi/txtai/venv/lib/python3.10/site-packages/airflow/example_dags/example_branch_day_of_week_operator.py
[2025-10-29T19:34:02.139+0530] {processor.py:840} INFO - DAG(s) 'example_weekday_branch_operator' retrieved from /home/logi/txtai/venv/lib/python3.10/site-packages/airflow/example_dags/example_branch_day_of_week_operator.py
[2025-10-29T19:34:02.166+0530] {logging_mixin.py:188} INFO - [2025-10-29T19:34:02.166+0530] {dag.py:3096} INFO - Sync 1 DAGs
[2025-10-29T19:34:02.186+0530] {logging_mixin.py:188} INFO - [2025-10-29T19:34:02.186+0530] {dag.py:3954} INFO - Setting next_dagrun for example_weekday_branch_operator to 2025-10-28 00:00:00+00:00, run_after=2025-10-29 00:00:00+00:00
[2025-10-29T19:34:02.207+0530] {processor.py:183} INFO - Processing /home/logi/txtai/venv/lib/python3.10/site-packages/airflow/example_dags/example_branch_day_of_week_operator.py took 0.110 seconds
[2025-10-29T19:35:17.159+0530] {processor.py:161} INFO - Started process (PID=17025) to work on /home/logi/txtai/venv/lib/python3.10/site-packages/airflow/example_dags/example_branch_day_of_week_operator.py
[2025-10-29T19:35:17.172+0530] {processor.py:830} INFO - Processing file /home/logi/txtai/venv/lib/python3.10/site-packages/airflow/example_dags/example_branch_day_of_week_operator.py for tasks to queue
[2025-10-29T19:35:17.175+0530] {logging_mixin.py:188} INFO - [2025-10-29T19:35:17.175+0530] {dagbag.py:545} INFO - Filling up the DagBag from /home/logi/txtai/venv/lib/python3.10/site-packages/airflow/example_dags/example_branch_day_of_week_operator.py
[2025-10-29T19:35:17.189+0530] {processor.py:840} INFO - DAG(s) 'example_weekday_branch_operator' retrieved from /home/logi/txtai/venv/lib/python3.10/site-packages/airflow/example_dags/example_branch_day_of_week_operator.py
[2025-10-29T19:35:17.217+0530] {logging_mixin.py:188} INFO - [2025-10-29T19:35:17.217+0530] {dag.py:3096} INFO - Sync 1 DAGs
[2025-10-29T19:35:17.237+0530] {logging_mixin.py:188} INFO - [2025-10-29T19:35:17.237+0530] {dag.py:3954} INFO - Setting next_dagrun for example_weekday_branch_operator to 2025-10-28 00:00:00+00:00, run_after=2025-10-29 00:00:00+00:00
[2025-10-29T19:35:17.256+0530] {processor.py:183} INFO - Processing /home/logi/txtai/venv/lib/python3.10/site-packages/airflow/example_dags/example_branch_day_of_week_operator.py took 0.107 seconds
[2025-10-29T19:36:32.897+0530] {processor.py:161} INFO - Started process (PID=17328) to work on /home/logi/txtai/venv/lib/python3.10/site-packages/airflow/example_dags/example_branch_day_of_week_operator.py
[2025-10-29T19:36:32.911+0530] {processor.py:830} INFO - Processing file /home/logi/txtai/venv/lib/python3.10/site-packages/airflow/example_dags/example_branch_day_of_week_operator.py for tasks to queue
[2025-10-29T19:36:32.914+0530] {logging_mixin.py:188} INFO - [2025-10-29T19:36:32.914+0530] {dagbag.py:545} INFO - Filling up the DagBag from /home/logi/txtai/venv/lib/python3.10/site-packages/airflow/example_dags/example_branch_day_of_week_operator.py
[2025-10-29T19:36:32.928+0530] {processor.py:840} INFO - DAG(s) 'example_weekday_branch_operator' retrieved from /home/logi/txtai/venv/lib/python3.10/site-packages/airflow/example_dags/example_branch_day_of_week_operator.py
[2025-10-29T19:36:32.955+0530] {logging_mixin.py:188} INFO - [2025-10-29T19:36:32.954+0530] {dag.py:3096} INFO - Sync 1 DAGs
[2025-10-29T19:36:32.973+0530] {logging_mixin.py:188} INFO - [2025-10-29T19:36:32.973+0530] {dag.py:3954} INFO - Setting next_dagrun for example_weekday_branch_operator to 2025-10-28 00:00:00+00:00, run_after=2025-10-29 00:00:00+00:00
[2025-10-29T19:36:32.992+0530] {processor.py:183} INFO - Processing /home/logi/txtai/venv/lib/python3.10/site-packages/airflow/example_dags/example_branch_day_of_week_operator.py took 0.107 seconds
[2025-10-29T19:37:50.208+0530] {processor.py:161} INFO - Started process (PID=17424) to work on /home/logi/txtai/venv/lib/python3.10/site-packages/airflow/example_dags/example_branch_day_of_week_operator.py
[2025-10-29T19:37:50.221+0530] {processor.py:830} INFO - Processing file /home/logi/txtai/venv/lib/python3.10/site-packages/airflow/example_dags/example_branch_day_of_week_operator.py for tasks to queue
[2025-10-29T19:37:50.224+0530] {logging_mixin.py:188} INFO - [2025-10-29T19:37:50.224+0530] {dagbag.py:545} INFO - Filling up the DagBag from /home/logi/txtai/venv/lib/python3.10/site-packages/airflow/example_dags/example_branch_day_of_week_operator.py
[2025-10-29T19:37:50.238+0530] {processor.py:840} INFO - DAG(s) 'example_weekday_branch_operator' retrieved from /home/logi/txtai/venv/lib/python3.10/site-packages/airflow/example_dags/example_branch_day_of_week_operator.py
[2025-10-29T19:37:50.265+0530] {logging_mixin.py:188} INFO - [2025-10-29T19:37:50.265+0530] {dag.py:3096} INFO - Sync 1 DAGs
[2025-10-29T19:37:50.285+0530] {logging_mixin.py:188} INFO - [2025-10-29T19:37:50.285+0530] {dag.py:3954} INFO - Setting next_dagrun for example_weekday_branch_operator to 2025-10-28 00:00:00+00:00, run_after=2025-10-29 00:00:00+00:00
[2025-10-29T19:37:50.311+0530] {processor.py:183} INFO - Processing /home/logi/txtai/venv/lib/python3.10/site-packages/airflow/example_dags/example_branch_day_of_week_operator.py took 0.114 seconds
[2025-10-29T19:39:09.188+0530] {processor.py:161} INFO - Started process (PID=17523) to work on /home/logi/txtai/venv/lib/python3.10/site-packages/airflow/example_dags/example_branch_day_of_week_operator.py
[2025-10-29T19:39:09.202+0530] {processor.py:830} INFO - Processing file /home/logi/txtai/venv/lib/python3.10/site-packages/airflow/example_dags/example_branch_day_of_week_operator.py for tasks to queue
[2025-10-29T19:39:09.205+0530] {logging_mixin.py:188} INFO - [2025-10-29T19:39:09.205+0530] {dagbag.py:545} INFO - Filling up the DagBag from /home/logi/txtai/venv/lib/python3.10/site-packages/airflow/example_dags/example_branch_day_of_week_operator.py
[2025-10-29T19:39:09.219+0530] {processor.py:840} INFO - DAG(s) 'example_weekday_branch_operator' retrieved from /home/logi/txtai/venv/lib/python3.10/site-packages/airflow/example_dags/example_branch_day_of_week_operator.py
[2025-10-29T19:39:09.246+0530] {logging_mixin.py:188} INFO - [2025-10-29T19:39:09.246+0530] {dag.py:3096} INFO - Sync 1 DAGs
[2025-10-29T19:39:09.267+0530] {logging_mixin.py:188} INFO - [2025-10-29T19:39:09.267+0530] {dag.py:3954} INFO - Setting next_dagrun for example_weekday_branch_operator to 2025-10-28 00:00:00+00:00, run_after=2025-10-29 00:00:00+00:00
[2025-10-29T19:39:09.294+0530] {processor.py:183} INFO - Processing /home/logi/txtai/venv/lib/python3.10/site-packages/airflow/example_dags/example_branch_day_of_week_operator.py took 0.117 seconds
[2025-10-29T19:40:27.667+0530] {processor.py:161} INFO - Started process (PID=17763) to work on /home/logi/txtai/venv/lib/python3.10/site-packages/airflow/example_dags/example_branch_day_of_week_operator.py
[2025-10-29T19:40:27.680+0530] {processor.py:830} INFO - Processing file /home/logi/txtai/venv/lib/python3.10/site-packages/airflow/example_dags/example_branch_day_of_week_operator.py for tasks to queue
[2025-10-29T19:40:27.683+0530] {logging_mixin.py:188} INFO - [2025-10-29T19:40:27.682+0530] {dagbag.py:545} INFO - Filling up the DagBag from /home/logi/txtai/venv/lib/python3.10/site-packages/airflow/example_dags/example_branch_day_of_week_operator.py
[2025-10-29T19:40:27.696+0530] {processor.py:840} INFO - DAG(s) 'example_weekday_branch_operator' retrieved from /home/logi/txtai/venv/lib/python3.10/site-packages/airflow/example_dags/example_branch_day_of_week_operator.py
[2025-10-29T19:40:27.718+0530] {logging_mixin.py:188} INFO - [2025-10-29T19:40:27.718+0530] {dag.py:3096} INFO - Sync 1 DAGs
[2025-10-29T19:40:27.734+0530] {logging_mixin.py:188} INFO - [2025-10-29T19:40:27.734+0530] {dag.py:3954} INFO - Setting next_dagrun for example_weekday_branch_operator to 2025-10-28 00:00:00+00:00, run_after=2025-10-29 00:00:00+00:00
[2025-10-29T19:40:27.753+0530] {processor.py:183} INFO - Processing /home/logi/txtai/venv/lib/python3.10/site-packages/airflow/example_dags/example_branch_day_of_week_operator.py took 0.093 seconds
[2025-10-29T19:41:43.433+0530] {processor.py:161} INFO - Started process (PID=17948) to work on /home/logi/txtai/venv/lib/python3.10/site-packages/airflow/example_dags/example_branch_day_of_week_operator.py
[2025-10-29T19:41:43.446+0530] {processor.py:830} INFO - Processing file /home/logi/txtai/venv/lib/python3.10/site-packages/airflow/example_dags/example_branch_day_of_week_operator.py for tasks to queue
[2025-10-29T19:41:43.450+0530] {logging_mixin.py:188} INFO - [2025-10-29T19:41:43.449+0530] {dagbag.py:545} INFO - Filling up the DagBag from /home/logi/txtai/venv/lib/python3.10/site-packages/airflow/example_dags/example_branch_day_of_week_operator.py
[2025-10-29T19:41:43.464+0530] {processor.py:840} INFO - DAG(s) 'example_weekday_branch_operator' retrieved from /home/logi/txtai/venv/lib/python3.10/site-packages/airflow/example_dags/example_branch_day_of_week_operator.py
[2025-10-29T19:41:43.492+0530] {logging_mixin.py:188} INFO - [2025-10-29T19:41:43.492+0530] {dag.py:3096} INFO - Sync 1 DAGs
[2025-10-29T19:41:43.512+0530] {logging_mixin.py:188} INFO - [2025-10-29T19:41:43.512+0530] {dag.py:3954} INFO - Setting next_dagrun for example_weekday_branch_operator to 2025-10-28 00:00:00+00:00, run_after=2025-10-29 00:00:00+00:00
[2025-10-29T19:41:43.533+0530] {processor.py:183} INFO - Processing /home/logi/txtai/venv/lib/python3.10/site-packages/airflow/example_dags/example_branch_day_of_week_operator.py took 0.112 seconds
[2025-10-29T19:43:01.916+0530] {processor.py:161} INFO - Started process (PID=18040) to work on /home/logi/txtai/venv/lib/python3.10/site-packages/airflow/example_dags/example_branch_day_of_week_operator.py
[2025-10-29T19:43:01.929+0530] {processor.py:830} INFO - Processing file /home/logi/txtai/venv/lib/python3.10/site-packages/airflow/example_dags/example_branch_day_of_week_operator.py for tasks to queue
[2025-10-29T19:43:01.931+0530] {logging_mixin.py:188} INFO - [2025-10-29T19:43:01.931+0530] {dagbag.py:545} INFO - Filling up the DagBag from /home/logi/txtai/venv/lib/python3.10/site-packages/airflow/example_dags/example_branch_day_of_week_operator.py
[2025-10-29T19:43:01.940+0530] {processor.py:840} INFO - DAG(s) 'example_weekday_branch_operator' retrieved from /home/logi/txtai/venv/lib/python3.10/site-packages/airflow/example_dags/example_branch_day_of_week_operator.py
[2025-10-29T19:43:01.966+0530] {logging_mixin.py:188} INFO - [2025-10-29T19:43:01.966+0530] {dag.py:3096} INFO - Sync 1 DAGs
[2025-10-29T19:43:01.985+0530] {logging_mixin.py:188} INFO - [2025-10-29T19:43:01.985+0530] {dag.py:3954} INFO - Setting next_dagrun for example_weekday_branch_operator to 2025-10-28 00:00:00+00:00, run_after=2025-10-29 00:00:00+00:00
[2025-10-29T19:43:02.004+0530] {processor.py:183} INFO - Processing /home/logi/txtai/venv/lib/python3.10/site-packages/airflow/example_dags/example_branch_day_of_week_operator.py took 0.100 seconds
[2025-10-29T19:44:20.868+0530] {processor.py:161} INFO - Started process (PID=18172) to work on /home/logi/txtai/venv/lib/python3.10/site-packages/airflow/example_dags/example_branch_day_of_week_operator.py
[2025-10-29T19:44:20.881+0530] {processor.py:830} INFO - Processing file /home/logi/txtai/venv/lib/python3.10/site-packages/airflow/example_dags/example_branch_day_of_week_operator.py for tasks to queue
[2025-10-29T19:44:20.884+0530] {logging_mixin.py:188} INFO - [2025-10-29T19:44:20.883+0530] {dagbag.py:545} INFO - Filling up the DagBag from /home/logi/txtai/venv/lib/python3.10/site-packages/airflow/example_dags/example_branch_day_of_week_operator.py
[2025-10-29T19:44:20.898+0530] {processor.py:840} INFO - DAG(s) 'example_weekday_branch_operator' retrieved from /home/logi/txtai/venv/lib/python3.10/site-packages/airflow/example_dags/example_branch_day_of_week_operator.py
[2025-10-29T19:44:20.926+0530] {logging_mixin.py:188} INFO - [2025-10-29T19:44:20.926+0530] {dag.py:3096} INFO - Sync 1 DAGs
[2025-10-29T19:44:20.946+0530] {logging_mixin.py:188} INFO - [2025-10-29T19:44:20.946+0530] {dag.py:3954} INFO - Setting next_dagrun for example_weekday_branch_operator to 2025-10-28 00:00:00+00:00, run_after=2025-10-29 00:00:00+00:00
[2025-10-29T19:44:20.966+0530] {processor.py:183} INFO - Processing /home/logi/txtai/venv/lib/python3.10/site-packages/airflow/example_dags/example_branch_day_of_week_operator.py took 0.111 seconds
[2025-10-29T19:45:42.169+0530] {processor.py:161} INFO - Started process (PID=18311) to work on /home/logi/txtai/venv/lib/python3.10/site-packages/airflow/example_dags/example_branch_day_of_week_operator.py
[2025-10-29T19:45:42.182+0530] {processor.py:830} INFO - Processing file /home/logi/txtai/venv/lib/python3.10/site-packages/airflow/example_dags/example_branch_day_of_week_operator.py for tasks to queue
[2025-10-29T19:45:42.185+0530] {logging_mixin.py:188} INFO - [2025-10-29T19:45:42.185+0530] {dagbag.py:545} INFO - Filling up the DagBag from /home/logi/txtai/venv/lib/python3.10/site-packages/airflow/example_dags/example_branch_day_of_week_operator.py
[2025-10-29T19:45:42.200+0530] {processor.py:840} INFO - DAG(s) 'example_weekday_branch_operator' retrieved from /home/logi/txtai/venv/lib/python3.10/site-packages/airflow/example_dags/example_branch_day_of_week_operator.py
[2025-10-29T19:45:42.229+0530] {logging_mixin.py:188} INFO - [2025-10-29T19:45:42.228+0530] {dag.py:3096} INFO - Sync 1 DAGs
[2025-10-29T19:45:42.247+0530] {logging_mixin.py:188} INFO - [2025-10-29T19:45:42.247+0530] {dag.py:3954} INFO - Setting next_dagrun for example_weekday_branch_operator to 2025-10-28 00:00:00+00:00, run_after=2025-10-29 00:00:00+00:00
[2025-10-29T19:45:42.267+0530] {processor.py:183} INFO - Processing /home/logi/txtai/venv/lib/python3.10/site-packages/airflow/example_dags/example_branch_day_of_week_operator.py took 0.110 seconds
[2025-10-29T19:47:03.401+0530] {processor.py:161} INFO - Started process (PID=18415) to work on /home/logi/txtai/venv/lib/python3.10/site-packages/airflow/example_dags/example_branch_day_of_week_operator.py
[2025-10-29T19:47:03.414+0530] {processor.py:830} INFO - Processing file /home/logi/txtai/venv/lib/python3.10/site-packages/airflow/example_dags/example_branch_day_of_week_operator.py for tasks to queue
[2025-10-29T19:47:03.417+0530] {logging_mixin.py:188} INFO - [2025-10-29T19:47:03.417+0530] {dagbag.py:545} INFO - Filling up the DagBag from /home/logi/txtai/venv/lib/python3.10/site-packages/airflow/example_dags/example_branch_day_of_week_operator.py
[2025-10-29T19:47:03.429+0530] {processor.py:840} INFO - DAG(s) 'example_weekday_branch_operator' retrieved from /home/logi/txtai/venv/lib/python3.10/site-packages/airflow/example_dags/example_branch_day_of_week_operator.py
[2025-10-29T19:47:03.446+0530] {logging_mixin.py:188} INFO - [2025-10-29T19:47:03.446+0530] {dag.py:3096} INFO - Sync 1 DAGs
[2025-10-29T19:47:03.464+0530] {logging_mixin.py:188} INFO - [2025-10-29T19:47:03.463+0530] {dag.py:3954} INFO - Setting next_dagrun for example_weekday_branch_operator to 2025-10-28 00:00:00+00:00, run_after=2025-10-29 00:00:00+00:00
[2025-10-29T19:47:03.483+0530] {processor.py:183} INFO - Processing /home/logi/txtai/venv/lib/python3.10/site-packages/airflow/example_dags/example_branch_day_of_week_operator.py took 0.093 seconds
[2025-10-29T19:48:24.164+0530] {processor.py:161} INFO - Started process (PID=18536) to work on /home/logi/txtai/venv/lib/python3.10/site-packages/airflow/example_dags/example_branch_day_of_week_operator.py
[2025-10-29T19:48:24.177+0530] {processor.py:830} INFO - Processing file /home/logi/txtai/venv/lib/python3.10/site-packages/airflow/example_dags/example_branch_day_of_week_operator.py for tasks to queue
[2025-10-29T19:48:24.180+0530] {logging_mixin.py:188} INFO - [2025-10-29T19:48:24.180+0530] {dagbag.py:545} INFO - Filling up the DagBag from /home/logi/txtai/venv/lib/python3.10/site-packages/airflow/example_dags/example_branch_day_of_week_operator.py
[2025-10-29T19:48:24.195+0530] {processor.py:840} INFO - DAG(s) 'example_weekday_branch_operator' retrieved from /home/logi/txtai/venv/lib/python3.10/site-packages/airflow/example_dags/example_branch_day_of_week_operator.py
[2025-10-29T19:48:24.223+0530] {logging_mixin.py:188} INFO - [2025-10-29T19:48:24.222+0530] {dag.py:3096} INFO - Sync 1 DAGs
[2025-10-29T19:48:24.242+0530] {logging_mixin.py:188} INFO - [2025-10-29T19:48:24.242+0530] {dag.py:3954} INFO - Setting next_dagrun for example_weekday_branch_operator to 2025-10-28 00:00:00+00:00, run_after=2025-10-29 00:00:00+00:00
[2025-10-29T19:48:24.262+0530] {processor.py:183} INFO - Processing /home/logi/txtai/venv/lib/python3.10/site-packages/airflow/example_dags/example_branch_day_of_week_operator.py took 0.110 seconds
[2025-10-29T19:49:48.621+0530] {processor.py:161} INFO - Started process (PID=18722) to work on /home/logi/txtai/venv/lib/python3.10/site-packages/airflow/example_dags/example_branch_day_of_week_operator.py
[2025-10-29T19:49:48.635+0530] {processor.py:830} INFO - Processing file /home/logi/txtai/venv/lib/python3.10/site-packages/airflow/example_dags/example_branch_day_of_week_operator.py for tasks to queue
[2025-10-29T19:49:48.639+0530] {logging_mixin.py:188} INFO - [2025-10-29T19:49:48.638+0530] {dagbag.py:545} INFO - Filling up the DagBag from /home/logi/txtai/venv/lib/python3.10/site-packages/airflow/example_dags/example_branch_day_of_week_operator.py
[2025-10-29T19:49:48.654+0530] {processor.py:840} INFO - DAG(s) 'example_weekday_branch_operator' retrieved from /home/logi/txtai/venv/lib/python3.10/site-packages/airflow/example_dags/example_branch_day_of_week_operator.py
[2025-10-29T19:49:48.683+0530] {logging_mixin.py:188} INFO - [2025-10-29T19:49:48.682+0530] {dag.py:3096} INFO - Sync 1 DAGs
[2025-10-29T19:49:48.700+0530] {logging_mixin.py:188} INFO - [2025-10-29T19:49:48.699+0530] {dag.py:3954} INFO - Setting next_dagrun for example_weekday_branch_operator to 2025-10-28 00:00:00+00:00, run_after=2025-10-29 00:00:00+00:00
[2025-10-29T19:49:48.726+0530] {processor.py:183} INFO - Processing /home/logi/txtai/venv/lib/python3.10/site-packages/airflow/example_dags/example_branch_day_of_week_operator.py took 0.117 seconds
[2025-10-29T19:51:08.030+0530] {processor.py:161} INFO - Started process (PID=18818) to work on /home/logi/txtai/venv/lib/python3.10/site-packages/airflow/example_dags/example_branch_day_of_week_operator.py
[2025-10-29T19:51:08.043+0530] {processor.py:830} INFO - Processing file /home/logi/txtai/venv/lib/python3.10/site-packages/airflow/example_dags/example_branch_day_of_week_operator.py for tasks to queue
[2025-10-29T19:51:08.047+0530] {logging_mixin.py:188} INFO - [2025-10-29T19:51:08.046+0530] {dagbag.py:545} INFO - Filling up the DagBag from /home/logi/txtai/venv/lib/python3.10/site-packages/airflow/example_dags/example_branch_day_of_week_operator.py
[2025-10-29T19:51:08.060+0530] {processor.py:840} INFO - DAG(s) 'example_weekday_branch_operator' retrieved from /home/logi/txtai/venv/lib/python3.10/site-packages/airflow/example_dags/example_branch_day_of_week_operator.py
[2025-10-29T19:51:08.088+0530] {logging_mixin.py:188} INFO - [2025-10-29T19:51:08.088+0530] {dag.py:3096} INFO - Sync 1 DAGs
[2025-10-29T19:51:08.122+0530] {logging_mixin.py:188} INFO - [2025-10-29T19:51:08.121+0530] {dag.py:3954} INFO - Setting next_dagrun for example_weekday_branch_operator to 2025-10-28 00:00:00+00:00, run_after=2025-10-29 00:00:00+00:00
[2025-10-29T19:51:08.157+0530] {processor.py:183} INFO - Processing /home/logi/txtai/venv/lib/python3.10/site-packages/airflow/example_dags/example_branch_day_of_week_operator.py took 0.138 seconds
[2025-10-29T19:52:28.306+0530] {processor.py:161} INFO - Started process (PID=18946) to work on /home/logi/txtai/venv/lib/python3.10/site-packages/airflow/example_dags/example_branch_day_of_week_operator.py
[2025-10-29T19:52:28.319+0530] {processor.py:830} INFO - Processing file /home/logi/txtai/venv/lib/python3.10/site-packages/airflow/example_dags/example_branch_day_of_week_operator.py for tasks to queue
[2025-10-29T19:52:28.323+0530] {logging_mixin.py:188} INFO - [2025-10-29T19:52:28.322+0530] {dagbag.py:545} INFO - Filling up the DagBag from /home/logi/txtai/venv/lib/python3.10/site-packages/airflow/example_dags/example_branch_day_of_week_operator.py
[2025-10-29T19:52:28.337+0530] {processor.py:840} INFO - DAG(s) 'example_weekday_branch_operator' retrieved from /home/logi/txtai/venv/lib/python3.10/site-packages/airflow/example_dags/example_branch_day_of_week_operator.py
[2025-10-29T19:52:28.367+0530] {logging_mixin.py:188} INFO - [2025-10-29T19:52:28.367+0530] {dag.py:3096} INFO - Sync 1 DAGs
[2025-10-29T19:52:28.387+0530] {logging_mixin.py:188} INFO - [2025-10-29T19:52:28.387+0530] {dag.py:3954} INFO - Setting next_dagrun for example_weekday_branch_operator to 2025-10-28 00:00:00+00:00, run_after=2025-10-29 00:00:00+00:00
[2025-10-29T19:52:28.415+0530] {processor.py:183} INFO - Processing /home/logi/txtai/venv/lib/python3.10/site-packages/airflow/example_dags/example_branch_day_of_week_operator.py took 0.121 seconds
[2025-10-29T19:53:43.541+0530] {processor.py:161} INFO - Started process (PID=19033) to work on /home/logi/txtai/venv/lib/python3.10/site-packages/airflow/example_dags/example_branch_day_of_week_operator.py
[2025-10-29T19:53:43.555+0530] {processor.py:830} INFO - Processing file /home/logi/txtai/venv/lib/python3.10/site-packages/airflow/example_dags/example_branch_day_of_week_operator.py for tasks to queue
[2025-10-29T19:53:43.558+0530] {logging_mixin.py:188} INFO - [2025-10-29T19:53:43.557+0530] {dagbag.py:545} INFO - Filling up the DagBag from /home/logi/txtai/venv/lib/python3.10/site-packages/airflow/example_dags/example_branch_day_of_week_operator.py
[2025-10-29T19:53:43.572+0530] {processor.py:840} INFO - DAG(s) 'example_weekday_branch_operator' retrieved from /home/logi/txtai/venv/lib/python3.10/site-packages/airflow/example_dags/example_branch_day_of_week_operator.py
[2025-10-29T19:53:43.602+0530] {logging_mixin.py:188} INFO - [2025-10-29T19:53:43.601+0530] {dag.py:3096} INFO - Sync 1 DAGs
[2025-10-29T19:53:43.620+0530] {logging_mixin.py:188} INFO - [2025-10-29T19:53:43.620+0530] {dag.py:3954} INFO - Setting next_dagrun for example_weekday_branch_operator to 2025-10-28 00:00:00+00:00, run_after=2025-10-29 00:00:00+00:00
[2025-10-29T19:53:43.646+0530] {processor.py:183} INFO - Processing /home/logi/txtai/venv/lib/python3.10/site-packages/airflow/example_dags/example_branch_day_of_week_operator.py took 0.118 seconds
[2025-10-29T19:55:07.840+0530] {processor.py:161} INFO - Started process (PID=19180) to work on /home/logi/txtai/venv/lib/python3.10/site-packages/airflow/example_dags/example_branch_day_of_week_operator.py
[2025-10-29T19:55:07.854+0530] {processor.py:830} INFO - Processing file /home/logi/txtai/venv/lib/python3.10/site-packages/airflow/example_dags/example_branch_day_of_week_operator.py for tasks to queue
[2025-10-29T19:55:07.857+0530] {logging_mixin.py:188} INFO - [2025-10-29T19:55:07.856+0530] {dagbag.py:545} INFO - Filling up the DagBag from /home/logi/txtai/venv/lib/python3.10/site-packages/airflow/example_dags/example_branch_day_of_week_operator.py
[2025-10-29T19:55:07.870+0530] {processor.py:840} INFO - DAG(s) 'example_weekday_branch_operator' retrieved from /home/logi/txtai/venv/lib/python3.10/site-packages/airflow/example_dags/example_branch_day_of_week_operator.py
[2025-10-29T19:55:07.896+0530] {logging_mixin.py:188} INFO - [2025-10-29T19:55:07.896+0530] {dag.py:3096} INFO - Sync 1 DAGs
[2025-10-29T19:55:07.915+0530] {logging_mixin.py:188} INFO - [2025-10-29T19:55:07.914+0530] {dag.py:3954} INFO - Setting next_dagrun for example_weekday_branch_operator to 2025-10-28 00:00:00+00:00, run_after=2025-10-29 00:00:00+00:00
[2025-10-29T19:55:07.931+0530] {processor.py:183} INFO - Processing /home/logi/txtai/venv/lib/python3.10/site-packages/airflow/example_dags/example_branch_day_of_week_operator.py took 0.101 seconds
[2025-10-29T19:56:29.200+0530] {processor.py:161} INFO - Started process (PID=19273) to work on /home/logi/txtai/venv/lib/python3.10/site-packages/airflow/example_dags/example_branch_day_of_week_operator.py
[2025-10-29T19:56:29.214+0530] {processor.py:830} INFO - Processing file /home/logi/txtai/venv/lib/python3.10/site-packages/airflow/example_dags/example_branch_day_of_week_operator.py for tasks to queue
[2025-10-29T19:56:29.217+0530] {logging_mixin.py:188} INFO - [2025-10-29T19:56:29.216+0530] {dagbag.py:545} INFO - Filling up the DagBag from /home/logi/txtai/venv/lib/python3.10/site-packages/airflow/example_dags/example_branch_day_of_week_operator.py
[2025-10-29T19:56:29.230+0530] {processor.py:840} INFO - DAG(s) 'example_weekday_branch_operator' retrieved from /home/logi/txtai/venv/lib/python3.10/site-packages/airflow/example_dags/example_branch_day_of_week_operator.py
[2025-10-29T19:56:29.256+0530] {logging_mixin.py:188} INFO - [2025-10-29T19:56:29.256+0530] {dag.py:3096} INFO - Sync 1 DAGs
[2025-10-29T19:56:29.277+0530] {logging_mixin.py:188} INFO - [2025-10-29T19:56:29.277+0530] {dag.py:3954} INFO - Setting next_dagrun for example_weekday_branch_operator to 2025-10-28 00:00:00+00:00, run_after=2025-10-29 00:00:00+00:00
[2025-10-29T19:56:29.294+0530] {processor.py:183} INFO - Processing /home/logi/txtai/venv/lib/python3.10/site-packages/airflow/example_dags/example_branch_day_of_week_operator.py took 0.104 seconds
[2025-10-29T19:57:53.773+0530] {processor.py:161} INFO - Started process (PID=19420) to work on /home/logi/txtai/venv/lib/python3.10/site-packages/airflow/example_dags/example_branch_day_of_week_operator.py
[2025-10-29T19:57:53.786+0530] {processor.py:830} INFO - Processing file /home/logi/txtai/venv/lib/python3.10/site-packages/airflow/example_dags/example_branch_day_of_week_operator.py for tasks to queue
[2025-10-29T19:57:53.789+0530] {logging_mixin.py:188} INFO - [2025-10-29T19:57:53.788+0530] {dagbag.py:545} INFO - Filling up the DagBag from /home/logi/txtai/venv/lib/python3.10/site-packages/airflow/example_dags/example_branch_day_of_week_operator.py
[2025-10-29T19:57:53.803+0530] {processor.py:840} INFO - DAG(s) 'example_weekday_branch_operator' retrieved from /home/logi/txtai/venv/lib/python3.10/site-packages/airflow/example_dags/example_branch_day_of_week_operator.py
[2025-10-29T19:57:53.831+0530] {logging_mixin.py:188} INFO - [2025-10-29T19:57:53.830+0530] {dag.py:3096} INFO - Sync 1 DAGs
[2025-10-29T19:57:53.848+0530] {logging_mixin.py:188} INFO - [2025-10-29T19:57:53.848+0530] {dag.py:3954} INFO - Setting next_dagrun for example_weekday_branch_operator to 2025-10-28 00:00:00+00:00, run_after=2025-10-29 00:00:00+00:00
[2025-10-29T19:57:53.875+0530] {processor.py:183} INFO - Processing /home/logi/txtai/venv/lib/python3.10/site-packages/airflow/example_dags/example_branch_day_of_week_operator.py took 0.113 seconds
[2025-10-29T19:59:17.565+0530] {processor.py:161} INFO - Started process (PID=19640) to work on /home/logi/txtai/venv/lib/python3.10/site-packages/airflow/example_dags/example_branch_day_of_week_operator.py
[2025-10-29T19:59:17.568+0530] {processor.py:830} INFO - Processing file /home/logi/txtai/venv/lib/python3.10/site-packages/airflow/example_dags/example_branch_day_of_week_operator.py for tasks to queue
[2025-10-29T19:59:17.571+0530] {logging_mixin.py:188} INFO - [2025-10-29T19:59:17.570+0530] {dagbag.py:545} INFO - Filling up the DagBag from /home/logi/txtai/venv/lib/python3.10/site-packages/airflow/example_dags/example_branch_day_of_week_operator.py
[2025-10-29T19:59:17.585+0530] {processor.py:840} INFO - DAG(s) 'example_weekday_branch_operator' retrieved from /home/logi/txtai/venv/lib/python3.10/site-packages/airflow/example_dags/example_branch_day_of_week_operator.py
[2025-10-29T19:59:17.608+0530] {logging_mixin.py:188} INFO - [2025-10-29T19:59:17.607+0530] {dag.py:3096} INFO - Sync 1 DAGs
[2025-10-29T19:59:17.626+0530] {logging_mixin.py:188} INFO - [2025-10-29T19:59:17.626+0530] {dag.py:3954} INFO - Setting next_dagrun for example_weekday_branch_operator to 2025-10-28 00:00:00+00:00, run_after=2025-10-29 00:00:00+00:00
[2025-10-29T19:59:17.646+0530] {processor.py:183} INFO - Processing /home/logi/txtai/venv/lib/python3.10/site-packages/airflow/example_dags/example_branch_day_of_week_operator.py took 0.092 seconds
[2025-10-29T20:00:35.867+0530] {processor.py:161} INFO - Started process (PID=19807) to work on /home/logi/txtai/venv/lib/python3.10/site-packages/airflow/example_dags/example_branch_day_of_week_operator.py
[2025-10-29T20:00:35.880+0530] {processor.py:830} INFO - Processing file /home/logi/txtai/venv/lib/python3.10/site-packages/airflow/example_dags/example_branch_day_of_week_operator.py for tasks to queue
[2025-10-29T20:00:35.883+0530] {logging_mixin.py:188} INFO - [2025-10-29T20:00:35.882+0530] {dagbag.py:545} INFO - Filling up the DagBag from /home/logi/txtai/venv/lib/python3.10/site-packages/airflow/example_dags/example_branch_day_of_week_operator.py
[2025-10-29T20:00:35.897+0530] {processor.py:840} INFO - DAG(s) 'example_weekday_branch_operator' retrieved from /home/logi/txtai/venv/lib/python3.10/site-packages/airflow/example_dags/example_branch_day_of_week_operator.py
[2025-10-29T20:00:35.924+0530] {logging_mixin.py:188} INFO - [2025-10-29T20:00:35.924+0530] {dag.py:3096} INFO - Sync 1 DAGs
[2025-10-29T20:00:35.943+0530] {logging_mixin.py:188} INFO - [2025-10-29T20:00:35.943+0530] {dag.py:3954} INFO - Setting next_dagrun for example_weekday_branch_operator to 2025-10-28 00:00:00+00:00, run_after=2025-10-29 00:00:00+00:00
[2025-10-29T20:00:35.970+0530] {processor.py:183} INFO - Processing /home/logi/txtai/venv/lib/python3.10/site-packages/airflow/example_dags/example_branch_day_of_week_operator.py took 0.114 seconds
[2025-10-29T20:02:01.026+0530] {processor.py:161} INFO - Started process (PID=20010) to work on /home/logi/txtai/venv/lib/python3.10/site-packages/airflow/example_dags/example_branch_day_of_week_operator.py
[2025-10-29T20:02:01.040+0530] {processor.py:830} INFO - Processing file /home/logi/txtai/venv/lib/python3.10/site-packages/airflow/example_dags/example_branch_day_of_week_operator.py for tasks to queue
[2025-10-29T20:02:01.043+0530] {logging_mixin.py:188} INFO - [2025-10-29T20:02:01.043+0530] {dagbag.py:545} INFO - Filling up the DagBag from /home/logi/txtai/venv/lib/python3.10/site-packages/airflow/example_dags/example_branch_day_of_week_operator.py
[2025-10-29T20:02:01.058+0530] {processor.py:840} INFO - DAG(s) 'example_weekday_branch_operator' retrieved from /home/logi/txtai/venv/lib/python3.10/site-packages/airflow/example_dags/example_branch_day_of_week_operator.py
[2025-10-29T20:02:01.091+0530] {logging_mixin.py:188} INFO - [2025-10-29T20:02:01.090+0530] {dag.py:3096} INFO - Sync 1 DAGs
[2025-10-29T20:02:01.127+0530] {logging_mixin.py:188} INFO - [2025-10-29T20:02:01.127+0530] {dag.py:3954} INFO - Setting next_dagrun for example_weekday_branch_operator to 2025-10-28 00:00:00+00:00, run_after=2025-10-29 00:00:00+00:00
[2025-10-29T20:02:01.170+0530] {processor.py:183} INFO - Processing /home/logi/txtai/venv/lib/python3.10/site-packages/airflow/example_dags/example_branch_day_of_week_operator.py took 0.157 seconds
[2025-10-29T20:03:25.757+0530] {processor.py:161} INFO - Started process (PID=20193) to work on /home/logi/txtai/venv/lib/python3.10/site-packages/airflow/example_dags/example_branch_day_of_week_operator.py
[2025-10-29T20:03:25.770+0530] {processor.py:830} INFO - Processing file /home/logi/txtai/venv/lib/python3.10/site-packages/airflow/example_dags/example_branch_day_of_week_operator.py for tasks to queue
[2025-10-29T20:03:25.773+0530] {logging_mixin.py:188} INFO - [2025-10-29T20:03:25.773+0530] {dagbag.py:545} INFO - Filling up the DagBag from /home/logi/txtai/venv/lib/python3.10/site-packages/airflow/example_dags/example_branch_day_of_week_operator.py
[2025-10-29T20:03:25.788+0530] {processor.py:840} INFO - DAG(s) 'example_weekday_branch_operator' retrieved from /home/logi/txtai/venv/lib/python3.10/site-packages/airflow/example_dags/example_branch_day_of_week_operator.py
[2025-10-29T20:03:25.821+0530] {logging_mixin.py:188} INFO - [2025-10-29T20:03:25.820+0530] {dag.py:3096} INFO - Sync 1 DAGs
[2025-10-29T20:03:25.838+0530] {logging_mixin.py:188} INFO - [2025-10-29T20:03:25.838+0530] {dag.py:3954} INFO - Setting next_dagrun for example_weekday_branch_operator to 2025-10-28 00:00:00+00:00, run_after=2025-10-29 00:00:00+00:00
[2025-10-29T20:03:25.865+0530] {processor.py:183} INFO - Processing /home/logi/txtai/venv/lib/python3.10/site-packages/airflow/example_dags/example_branch_day_of_week_operator.py took 0.120 seconds
[2025-10-29T20:04:28.840+0530] {processor.py:161} INFO - Started process (PID=20312) to work on /home/logi/txtai/venv/lib/python3.10/site-packages/airflow/example_dags/example_branch_day_of_week_operator.py
[2025-10-29T20:04:28.853+0530] {processor.py:830} INFO - Processing file /home/logi/txtai/venv/lib/python3.10/site-packages/airflow/example_dags/example_branch_day_of_week_operator.py for tasks to queue
[2025-10-29T20:04:28.856+0530] {logging_mixin.py:188} INFO - [2025-10-29T20:04:28.856+0530] {dagbag.py:545} INFO - Filling up the DagBag from /home/logi/txtai/venv/lib/python3.10/site-packages/airflow/example_dags/example_branch_day_of_week_operator.py
[2025-10-29T20:04:28.871+0530] {processor.py:840} INFO - DAG(s) 'example_weekday_branch_operator' retrieved from /home/logi/txtai/venv/lib/python3.10/site-packages/airflow/example_dags/example_branch_day_of_week_operator.py
[2025-10-29T20:04:28.901+0530] {logging_mixin.py:188} INFO - [2025-10-29T20:04:28.901+0530] {dag.py:3096} INFO - Sync 1 DAGs
[2025-10-29T20:04:28.923+0530] {logging_mixin.py:188} INFO - [2025-10-29T20:04:28.923+0530] {dag.py:3954} INFO - Setting next_dagrun for example_weekday_branch_operator to 2025-10-28 00:00:00+00:00, run_after=2025-10-29 00:00:00+00:00
[2025-10-29T20:04:28.947+0530] {processor.py:183} INFO - Processing /home/logi/txtai/venv/lib/python3.10/site-packages/airflow/example_dags/example_branch_day_of_week_operator.py took 0.118 seconds
[2025-10-29T20:05:32.061+0530] {processor.py:161} INFO - Started process (PID=20464) to work on /home/logi/txtai/venv/lib/python3.10/site-packages/airflow/example_dags/example_branch_day_of_week_operator.py
[2025-10-29T20:05:32.074+0530] {processor.py:830} INFO - Processing file /home/logi/txtai/venv/lib/python3.10/site-packages/airflow/example_dags/example_branch_day_of_week_operator.py for tasks to queue
[2025-10-29T20:05:32.077+0530] {logging_mixin.py:188} INFO - [2025-10-29T20:05:32.077+0530] {dagbag.py:545} INFO - Filling up the DagBag from /home/logi/txtai/venv/lib/python3.10/site-packages/airflow/example_dags/example_branch_day_of_week_operator.py
[2025-10-29T20:05:32.091+0530] {processor.py:840} INFO - DAG(s) 'example_weekday_branch_operator' retrieved from /home/logi/txtai/venv/lib/python3.10/site-packages/airflow/example_dags/example_branch_day_of_week_operator.py
[2025-10-29T20:05:32.118+0530] {logging_mixin.py:188} INFO - [2025-10-29T20:05:32.118+0530] {dag.py:3096} INFO - Sync 1 DAGs
[2025-10-29T20:05:32.138+0530] {logging_mixin.py:188} INFO - [2025-10-29T20:05:32.137+0530] {dag.py:3954} INFO - Setting next_dagrun for example_weekday_branch_operator to 2025-10-28 00:00:00+00:00, run_after=2025-10-29 00:00:00+00:00
[2025-10-29T20:05:32.165+0530] {processor.py:183} INFO - Processing /home/logi/txtai/venv/lib/python3.10/site-packages/airflow/example_dags/example_branch_day_of_week_operator.py took 0.116 seconds
[2025-10-29T20:06:30.507+0530] {processor.py:161} INFO - Started process (PID=20577) to work on /home/logi/txtai/venv/lib/python3.10/site-packages/airflow/example_dags/example_branch_day_of_week_operator.py
[2025-10-29T20:06:30.522+0530] {processor.py:830} INFO - Processing file /home/logi/txtai/venv/lib/python3.10/site-packages/airflow/example_dags/example_branch_day_of_week_operator.py for tasks to queue
[2025-10-29T20:06:30.525+0530] {logging_mixin.py:188} INFO - [2025-10-29T20:06:30.525+0530] {dagbag.py:545} INFO - Filling up the DagBag from /home/logi/txtai/venv/lib/python3.10/site-packages/airflow/example_dags/example_branch_day_of_week_operator.py
[2025-10-29T20:06:30.541+0530] {processor.py:840} INFO - DAG(s) 'example_weekday_branch_operator' retrieved from /home/logi/txtai/venv/lib/python3.10/site-packages/airflow/example_dags/example_branch_day_of_week_operator.py
[2025-10-29T20:06:30.577+0530] {logging_mixin.py:188} INFO - [2025-10-29T20:06:30.577+0530] {dag.py:3096} INFO - Sync 1 DAGs
[2025-10-29T20:06:30.596+0530] {logging_mixin.py:188} INFO - [2025-10-29T20:06:30.596+0530] {dag.py:3954} INFO - Setting next_dagrun for example_weekday_branch_operator to 2025-10-28 00:00:00+00:00, run_after=2025-10-29 00:00:00+00:00
[2025-10-29T20:06:30.621+0530] {processor.py:183} INFO - Processing /home/logi/txtai/venv/lib/python3.10/site-packages/airflow/example_dags/example_branch_day_of_week_operator.py took 0.128 seconds
[2025-10-29T20:07:56.143+0530] {processor.py:161} INFO - Started process (PID=20740) to work on /home/logi/txtai/venv/lib/python3.10/site-packages/airflow/example_dags/example_branch_day_of_week_operator.py
[2025-10-29T20:07:56.149+0530] {processor.py:830} INFO - Processing file /home/logi/txtai/venv/lib/python3.10/site-packages/airflow/example_dags/example_branch_day_of_week_operator.py for tasks to queue
[2025-10-29T20:07:56.153+0530] {logging_mixin.py:188} INFO - [2025-10-29T20:07:56.152+0530] {dagbag.py:545} INFO - Filling up the DagBag from /home/logi/txtai/venv/lib/python3.10/site-packages/airflow/example_dags/example_branch_day_of_week_operator.py
[2025-10-29T20:07:56.167+0530] {processor.py:840} INFO - DAG(s) 'example_weekday_branch_operator' retrieved from /home/logi/txtai/venv/lib/python3.10/site-packages/airflow/example_dags/example_branch_day_of_week_operator.py
[2025-10-29T20:07:56.194+0530] {logging_mixin.py:188} INFO - [2025-10-29T20:07:56.194+0530] {dag.py:3096} INFO - Sync 1 DAGs
[2025-10-29T20:07:56.212+0530] {logging_mixin.py:188} INFO - [2025-10-29T20:07:56.212+0530] {dag.py:3954} INFO - Setting next_dagrun for example_weekday_branch_operator to 2025-10-28 00:00:00+00:00, run_after=2025-10-29 00:00:00+00:00
[2025-10-29T20:07:56.235+0530] {processor.py:183} INFO - Processing /home/logi/txtai/venv/lib/python3.10/site-packages/airflow/example_dags/example_branch_day_of_week_operator.py took 0.104 seconds
[2025-10-29T20:08:54.714+0530] {processor.py:161} INFO - Started process (PID=20851) to work on /home/logi/txtai/venv/lib/python3.10/site-packages/airflow/example_dags/example_branch_day_of_week_operator.py
[2025-10-29T20:08:54.730+0530] {processor.py:830} INFO - Processing file /home/logi/txtai/venv/lib/python3.10/site-packages/airflow/example_dags/example_branch_day_of_week_operator.py for tasks to queue
[2025-10-29T20:08:54.736+0530] {logging_mixin.py:188} INFO - [2025-10-29T20:08:54.735+0530] {dagbag.py:545} INFO - Filling up the DagBag from /home/logi/txtai/venv/lib/python3.10/site-packages/airflow/example_dags/example_branch_day_of_week_operator.py
[2025-10-29T20:08:54.759+0530] {processor.py:840} INFO - DAG(s) 'example_weekday_branch_operator' retrieved from /home/logi/txtai/venv/lib/python3.10/site-packages/airflow/example_dags/example_branch_day_of_week_operator.py
[2025-10-29T20:08:54.809+0530] {logging_mixin.py:188} INFO - [2025-10-29T20:08:54.807+0530] {dag.py:3096} INFO - Sync 1 DAGs
[2025-10-29T20:08:54.859+0530] {logging_mixin.py:188} INFO - [2025-10-29T20:08:54.858+0530] {dag.py:3954} INFO - Setting next_dagrun for example_weekday_branch_operator to 2025-10-28 00:00:00+00:00, run_after=2025-10-29 00:00:00+00:00
[2025-10-29T20:08:54.923+0530] {processor.py:183} INFO - Processing /home/logi/txtai/venv/lib/python3.10/site-packages/airflow/example_dags/example_branch_day_of_week_operator.py took 0.233 seconds
[2025-10-29T20:09:53.792+0530] {processor.py:161} INFO - Started process (PID=20999) to work on /home/logi/txtai/venv/lib/python3.10/site-packages/airflow/example_dags/example_branch_day_of_week_operator.py
[2025-10-29T20:09:53.806+0530] {processor.py:830} INFO - Processing file /home/logi/txtai/venv/lib/python3.10/site-packages/airflow/example_dags/example_branch_day_of_week_operator.py for tasks to queue
[2025-10-29T20:09:53.810+0530] {logging_mixin.py:188} INFO - [2025-10-29T20:09:53.809+0530] {dagbag.py:545} INFO - Filling up the DagBag from /home/logi/txtai/venv/lib/python3.10/site-packages/airflow/example_dags/example_branch_day_of_week_operator.py
[2025-10-29T20:09:53.824+0530] {processor.py:840} INFO - DAG(s) 'example_weekday_branch_operator' retrieved from /home/logi/txtai/venv/lib/python3.10/site-packages/airflow/example_dags/example_branch_day_of_week_operator.py
[2025-10-29T20:09:53.852+0530] {logging_mixin.py:188} INFO - [2025-10-29T20:09:53.852+0530] {dag.py:3096} INFO - Sync 1 DAGs
[2025-10-29T20:09:53.870+0530] {logging_mixin.py:188} INFO - [2025-10-29T20:09:53.869+0530] {dag.py:3954} INFO - Setting next_dagrun for example_weekday_branch_operator to 2025-10-28 00:00:00+00:00, run_after=2025-10-29 00:00:00+00:00
[2025-10-29T20:09:53.892+0530] {processor.py:183} INFO - Processing /home/logi/txtai/venv/lib/python3.10/site-packages/airflow/example_dags/example_branch_day_of_week_operator.py took 0.111 seconds
[2025-10-29T20:11:15.592+0530] {processor.py:161} INFO - Started process (PID=21170) to work on /home/logi/txtai/venv/lib/python3.10/site-packages/airflow/example_dags/example_branch_day_of_week_operator.py
[2025-10-29T20:11:15.606+0530] {processor.py:830} INFO - Processing file /home/logi/txtai/venv/lib/python3.10/site-packages/airflow/example_dags/example_branch_day_of_week_operator.py for tasks to queue
[2025-10-29T20:11:15.609+0530] {logging_mixin.py:188} INFO - [2025-10-29T20:11:15.608+0530] {dagbag.py:545} INFO - Filling up the DagBag from /home/logi/txtai/venv/lib/python3.10/site-packages/airflow/example_dags/example_branch_day_of_week_operator.py
[2025-10-29T20:11:15.623+0530] {processor.py:840} INFO - DAG(s) 'example_weekday_branch_operator' retrieved from /home/logi/txtai/venv/lib/python3.10/site-packages/airflow/example_dags/example_branch_day_of_week_operator.py
[2025-10-29T20:11:15.652+0530] {logging_mixin.py:188} INFO - [2025-10-29T20:11:15.652+0530] {dag.py:3096} INFO - Sync 1 DAGs
[2025-10-29T20:11:15.671+0530] {logging_mixin.py:188} INFO - [2025-10-29T20:11:15.670+0530] {dag.py:3954} INFO - Setting next_dagrun for example_weekday_branch_operator to 2025-10-28 00:00:00+00:00, run_after=2025-10-29 00:00:00+00:00
[2025-10-29T20:11:15.699+0530] {processor.py:183} INFO - Processing /home/logi/txtai/venv/lib/python3.10/site-packages/airflow/example_dags/example_branch_day_of_week_operator.py took 0.118 seconds
[2025-10-29T20:12:31.973+0530] {processor.py:161} INFO - Started process (PID=21318) to work on /home/logi/txtai/venv/lib/python3.10/site-packages/airflow/example_dags/example_branch_day_of_week_operator.py
[2025-10-29T20:12:31.986+0530] {processor.py:830} INFO - Processing file /home/logi/txtai/venv/lib/python3.10/site-packages/airflow/example_dags/example_branch_day_of_week_operator.py for tasks to queue
[2025-10-29T20:12:31.990+0530] {logging_mixin.py:188} INFO - [2025-10-29T20:12:31.989+0530] {dagbag.py:545} INFO - Filling up the DagBag from /home/logi/txtai/venv/lib/python3.10/site-packages/airflow/example_dags/example_branch_day_of_week_operator.py
[2025-10-29T20:12:32.003+0530] {processor.py:840} INFO - DAG(s) 'example_weekday_branch_operator' retrieved from /home/logi/txtai/venv/lib/python3.10/site-packages/airflow/example_dags/example_branch_day_of_week_operator.py
[2025-10-29T20:12:32.030+0530] {logging_mixin.py:188} INFO - [2025-10-29T20:12:32.030+0530] {dag.py:3096} INFO - Sync 1 DAGs
[2025-10-29T20:12:32.050+0530] {logging_mixin.py:188} INFO - [2025-10-29T20:12:32.049+0530] {dag.py:3954} INFO - Setting next_dagrun for example_weekday_branch_operator to 2025-10-28 00:00:00+00:00, run_after=2025-10-29 00:00:00+00:00
[2025-10-29T20:12:32.075+0530] {processor.py:183} INFO - Processing /home/logi/txtai/venv/lib/python3.10/site-packages/airflow/example_dags/example_branch_day_of_week_operator.py took 0.120 seconds
[2025-10-29T20:13:52.481+0530] {processor.py:161} INFO - Started process (PID=21559) to work on /home/logi/txtai/venv/lib/python3.10/site-packages/airflow/example_dags/example_branch_day_of_week_operator.py
[2025-10-29T20:13:52.556+0530] {processor.py:830} INFO - Processing file /home/logi/txtai/venv/lib/python3.10/site-packages/airflow/example_dags/example_branch_day_of_week_operator.py for tasks to queue
[2025-10-29T20:13:52.560+0530] {logging_mixin.py:188} INFO - [2025-10-29T20:13:52.559+0530] {dagbag.py:545} INFO - Filling up the DagBag from /home/logi/txtai/venv/lib/python3.10/site-packages/airflow/example_dags/example_branch_day_of_week_operator.py
[2025-10-29T20:13:52.574+0530] {processor.py:840} INFO - DAG(s) 'example_weekday_branch_operator' retrieved from /home/logi/txtai/venv/lib/python3.10/site-packages/airflow/example_dags/example_branch_day_of_week_operator.py
[2025-10-29T20:13:52.605+0530] {logging_mixin.py:188} INFO - [2025-10-29T20:13:52.605+0530] {dag.py:3096} INFO - Sync 1 DAGs
[2025-10-29T20:13:52.637+0530] {logging_mixin.py:188} INFO - [2025-10-29T20:13:52.637+0530] {dag.py:3954} INFO - Setting next_dagrun for example_weekday_branch_operator to 2025-10-28 00:00:00+00:00, run_after=2025-10-29 00:00:00+00:00
[2025-10-29T20:13:52.667+0530] {processor.py:183} INFO - Processing /home/logi/txtai/venv/lib/python3.10/site-packages/airflow/example_dags/example_branch_day_of_week_operator.py took 0.198 seconds
[2025-10-29T20:15:17.875+0530] {processor.py:161} INFO - Started process (PID=21890) to work on /home/logi/txtai/venv/lib/python3.10/site-packages/airflow/example_dags/example_branch_day_of_week_operator.py
[2025-10-29T20:15:17.878+0530] {processor.py:830} INFO - Processing file /home/logi/txtai/venv/lib/python3.10/site-packages/airflow/example_dags/example_branch_day_of_week_operator.py for tasks to queue
[2025-10-29T20:15:17.881+0530] {logging_mixin.py:188} INFO - [2025-10-29T20:15:17.880+0530] {dagbag.py:545} INFO - Filling up the DagBag from /home/logi/txtai/venv/lib/python3.10/site-packages/airflow/example_dags/example_branch_day_of_week_operator.py
[2025-10-29T20:15:17.904+0530] {processor.py:840} INFO - DAG(s) 'example_weekday_branch_operator' retrieved from /home/logi/txtai/venv/lib/python3.10/site-packages/airflow/example_dags/example_branch_day_of_week_operator.py
[2025-10-29T20:15:17.932+0530] {logging_mixin.py:188} INFO - [2025-10-29T20:15:17.931+0530] {dag.py:3096} INFO - Sync 1 DAGs
[2025-10-29T20:15:17.955+0530] {logging_mixin.py:188} INFO - [2025-10-29T20:15:17.955+0530] {dag.py:3954} INFO - Setting next_dagrun for example_weekday_branch_operator to 2025-10-28 00:00:00+00:00, run_after=2025-10-29 00:00:00+00:00
[2025-10-29T20:15:17.994+0530] {processor.py:183} INFO - Processing /home/logi/txtai/venv/lib/python3.10/site-packages/airflow/example_dags/example_branch_day_of_week_operator.py took 0.135 seconds
[2025-10-29T20:16:37.640+0530] {processor.py:161} INFO - Started process (PID=22016) to work on /home/logi/txtai/venv/lib/python3.10/site-packages/airflow/example_dags/example_branch_day_of_week_operator.py
[2025-10-29T20:16:37.654+0530] {processor.py:830} INFO - Processing file /home/logi/txtai/venv/lib/python3.10/site-packages/airflow/example_dags/example_branch_day_of_week_operator.py for tasks to queue
[2025-10-29T20:16:37.656+0530] {logging_mixin.py:188} INFO - [2025-10-29T20:16:37.656+0530] {dagbag.py:545} INFO - Filling up the DagBag from /home/logi/txtai/venv/lib/python3.10/site-packages/airflow/example_dags/example_branch_day_of_week_operator.py
[2025-10-29T20:16:37.664+0530] {processor.py:840} INFO - DAG(s) 'example_weekday_branch_operator' retrieved from /home/logi/txtai/venv/lib/python3.10/site-packages/airflow/example_dags/example_branch_day_of_week_operator.py
[2025-10-29T20:16:37.680+0530] {logging_mixin.py:188} INFO - [2025-10-29T20:16:37.680+0530] {dag.py:3096} INFO - Sync 1 DAGs
[2025-10-29T20:16:37.697+0530] {logging_mixin.py:188} INFO - [2025-10-29T20:16:37.696+0530] {dag.py:3954} INFO - Setting next_dagrun for example_weekday_branch_operator to 2025-10-28 00:00:00+00:00, run_after=2025-10-29 00:00:00+00:00
[2025-10-29T20:16:37.717+0530] {processor.py:183} INFO - Processing /home/logi/txtai/venv/lib/python3.10/site-packages/airflow/example_dags/example_branch_day_of_week_operator.py took 0.088 seconds
[2025-10-29T20:17:51.512+0530] {processor.py:161} INFO - Started process (PID=22108) to work on /home/logi/txtai/venv/lib/python3.10/site-packages/airflow/example_dags/example_branch_day_of_week_operator.py
[2025-10-29T20:17:51.525+0530] {processor.py:830} INFO - Processing file /home/logi/txtai/venv/lib/python3.10/site-packages/airflow/example_dags/example_branch_day_of_week_operator.py for tasks to queue
[2025-10-29T20:17:51.528+0530] {logging_mixin.py:188} INFO - [2025-10-29T20:17:51.527+0530] {dagbag.py:545} INFO - Filling up the DagBag from /home/logi/txtai/venv/lib/python3.10/site-packages/airflow/example_dags/example_branch_day_of_week_operator.py
[2025-10-29T20:17:51.541+0530] {processor.py:840} INFO - DAG(s) 'example_weekday_branch_operator' retrieved from /home/logi/txtai/venv/lib/python3.10/site-packages/airflow/example_dags/example_branch_day_of_week_operator.py
[2025-10-29T20:17:51.568+0530] {logging_mixin.py:188} INFO - [2025-10-29T20:17:51.568+0530] {dag.py:3096} INFO - Sync 1 DAGs
[2025-10-29T20:17:51.585+0530] {logging_mixin.py:188} INFO - [2025-10-29T20:17:51.585+0530] {dag.py:3954} INFO - Setting next_dagrun for example_weekday_branch_operator to 2025-10-28 00:00:00+00:00, run_after=2025-10-29 00:00:00+00:00
[2025-10-29T20:17:51.602+0530] {processor.py:183} INFO - Processing /home/logi/txtai/venv/lib/python3.10/site-packages/airflow/example_dags/example_branch_day_of_week_operator.py took 0.102 seconds
[2025-10-29T20:19:12.146+0530] {processor.py:161} INFO - Started process (PID=22299) to work on /home/logi/txtai/venv/lib/python3.10/site-packages/airflow/example_dags/example_branch_day_of_week_operator.py
[2025-10-29T20:19:12.160+0530] {processor.py:830} INFO - Processing file /home/logi/txtai/venv/lib/python3.10/site-packages/airflow/example_dags/example_branch_day_of_week_operator.py for tasks to queue
[2025-10-29T20:19:12.163+0530] {logging_mixin.py:188} INFO - [2025-10-29T20:19:12.162+0530] {dagbag.py:545} INFO - Filling up the DagBag from /home/logi/txtai/venv/lib/python3.10/site-packages/airflow/example_dags/example_branch_day_of_week_operator.py
[2025-10-29T20:19:12.177+0530] {processor.py:840} INFO - DAG(s) 'example_weekday_branch_operator' retrieved from /home/logi/txtai/venv/lib/python3.10/site-packages/airflow/example_dags/example_branch_day_of_week_operator.py
[2025-10-29T20:19:12.205+0530] {logging_mixin.py:188} INFO - [2025-10-29T20:19:12.204+0530] {dag.py:3096} INFO - Sync 1 DAGs
[2025-10-29T20:19:12.224+0530] {logging_mixin.py:188} INFO - [2025-10-29T20:19:12.224+0530] {dag.py:3954} INFO - Setting next_dagrun for example_weekday_branch_operator to 2025-10-28 00:00:00+00:00, run_after=2025-10-29 00:00:00+00:00
[2025-10-29T20:19:12.253+0530] {processor.py:183} INFO - Processing /home/logi/txtai/venv/lib/python3.10/site-packages/airflow/example_dags/example_branch_day_of_week_operator.py took 0.119 seconds
[2025-10-29T20:20:32.971+0530] {processor.py:161} INFO - Started process (PID=22427) to work on /home/logi/txtai/venv/lib/python3.10/site-packages/airflow/example_dags/example_branch_day_of_week_operator.py
[2025-10-29T20:20:32.974+0530] {processor.py:830} INFO - Processing file /home/logi/txtai/venv/lib/python3.10/site-packages/airflow/example_dags/example_branch_day_of_week_operator.py for tasks to queue
[2025-10-29T20:20:32.977+0530] {logging_mixin.py:188} INFO - [2025-10-29T20:20:32.976+0530] {dagbag.py:545} INFO - Filling up the DagBag from /home/logi/txtai/venv/lib/python3.10/site-packages/airflow/example_dags/example_branch_day_of_week_operator.py
[2025-10-29T20:20:32.991+0530] {processor.py:840} INFO - DAG(s) 'example_weekday_branch_operator' retrieved from /home/logi/txtai/venv/lib/python3.10/site-packages/airflow/example_dags/example_branch_day_of_week_operator.py
[2025-10-29T20:20:33.015+0530] {logging_mixin.py:188} INFO - [2025-10-29T20:20:33.015+0530] {dag.py:3096} INFO - Sync 1 DAGs
[2025-10-29T20:20:33.033+0530] {logging_mixin.py:188} INFO - [2025-10-29T20:20:33.033+0530] {dag.py:3954} INFO - Setting next_dagrun for example_weekday_branch_operator to 2025-10-28 00:00:00+00:00, run_after=2025-10-29 00:00:00+00:00
[2025-10-29T20:20:33.053+0530] {processor.py:183} INFO - Processing /home/logi/txtai/venv/lib/python3.10/site-packages/airflow/example_dags/example_branch_day_of_week_operator.py took 0.094 seconds
[2025-10-29T20:21:56.067+0530] {processor.py:161} INFO - Started process (PID=22544) to work on /home/logi/txtai/venv/lib/python3.10/site-packages/airflow/example_dags/example_branch_day_of_week_operator.py
[2025-10-29T20:21:56.080+0530] {processor.py:830} INFO - Processing file /home/logi/txtai/venv/lib/python3.10/site-packages/airflow/example_dags/example_branch_day_of_week_operator.py for tasks to queue
[2025-10-29T20:21:56.083+0530] {logging_mixin.py:188} INFO - [2025-10-29T20:21:56.082+0530] {dagbag.py:545} INFO - Filling up the DagBag from /home/logi/txtai/venv/lib/python3.10/site-packages/airflow/example_dags/example_branch_day_of_week_operator.py
[2025-10-29T20:21:56.097+0530] {processor.py:840} INFO - DAG(s) 'example_weekday_branch_operator' retrieved from /home/logi/txtai/venv/lib/python3.10/site-packages/airflow/example_dags/example_branch_day_of_week_operator.py
[2025-10-29T20:21:56.124+0530] {logging_mixin.py:188} INFO - [2025-10-29T20:21:56.124+0530] {dag.py:3096} INFO - Sync 1 DAGs
[2025-10-29T20:21:56.144+0530] {logging_mixin.py:188} INFO - [2025-10-29T20:21:56.144+0530] {dag.py:3954} INFO - Setting next_dagrun for example_weekday_branch_operator to 2025-10-28 00:00:00+00:00, run_after=2025-10-29 00:00:00+00:00
[2025-10-29T20:21:56.162+0530] {processor.py:183} INFO - Processing /home/logi/txtai/venv/lib/python3.10/site-packages/airflow/example_dags/example_branch_day_of_week_operator.py took 0.106 seconds
[2025-10-29T20:23:19.219+0530] {processor.py:161} INFO - Started process (PID=22650) to work on /home/logi/txtai/venv/lib/python3.10/site-packages/airflow/example_dags/example_branch_day_of_week_operator.py
[2025-10-29T20:23:19.232+0530] {processor.py:830} INFO - Processing file /home/logi/txtai/venv/lib/python3.10/site-packages/airflow/example_dags/example_branch_day_of_week_operator.py for tasks to queue
[2025-10-29T20:23:19.235+0530] {logging_mixin.py:188} INFO - [2025-10-29T20:23:19.235+0530] {dagbag.py:545} INFO - Filling up the DagBag from /home/logi/txtai/venv/lib/python3.10/site-packages/airflow/example_dags/example_branch_day_of_week_operator.py
[2025-10-29T20:23:19.248+0530] {processor.py:840} INFO - DAG(s) 'example_weekday_branch_operator' retrieved from /home/logi/txtai/venv/lib/python3.10/site-packages/airflow/example_dags/example_branch_day_of_week_operator.py
[2025-10-29T20:23:19.277+0530] {logging_mixin.py:188} INFO - [2025-10-29T20:23:19.276+0530] {dag.py:3096} INFO - Sync 1 DAGs
[2025-10-29T20:23:19.296+0530] {logging_mixin.py:188} INFO - [2025-10-29T20:23:19.295+0530] {dag.py:3954} INFO - Setting next_dagrun for example_weekday_branch_operator to 2025-10-28 00:00:00+00:00, run_after=2025-10-29 00:00:00+00:00
[2025-10-29T20:23:19.322+0530] {processor.py:183} INFO - Processing /home/logi/txtai/venv/lib/python3.10/site-packages/airflow/example_dags/example_branch_day_of_week_operator.py took 0.113 seconds
[2025-10-29T20:24:43.478+0530] {processor.py:161} INFO - Started process (PID=22847) to work on /home/logi/txtai/venv/lib/python3.10/site-packages/airflow/example_dags/example_branch_day_of_week_operator.py
[2025-10-29T20:24:43.491+0530] {processor.py:830} INFO - Processing file /home/logi/txtai/venv/lib/python3.10/site-packages/airflow/example_dags/example_branch_day_of_week_operator.py for tasks to queue
[2025-10-29T20:24:43.494+0530] {logging_mixin.py:188} INFO - [2025-10-29T20:24:43.493+0530] {dagbag.py:545} INFO - Filling up the DagBag from /home/logi/txtai/venv/lib/python3.10/site-packages/airflow/example_dags/example_branch_day_of_week_operator.py
[2025-10-29T20:24:43.508+0530] {processor.py:840} INFO - DAG(s) 'example_weekday_branch_operator' retrieved from /home/logi/txtai/venv/lib/python3.10/site-packages/airflow/example_dags/example_branch_day_of_week_operator.py
[2025-10-29T20:24:43.532+0530] {logging_mixin.py:188} INFO - [2025-10-29T20:24:43.532+0530] {dag.py:3096} INFO - Sync 1 DAGs
[2025-10-29T20:24:43.549+0530] {logging_mixin.py:188} INFO - [2025-10-29T20:24:43.548+0530] {dag.py:3954} INFO - Setting next_dagrun for example_weekday_branch_operator to 2025-10-28 00:00:00+00:00, run_after=2025-10-29 00:00:00+00:00
[2025-10-29T20:24:43.569+0530] {processor.py:183} INFO - Processing /home/logi/txtai/venv/lib/python3.10/site-packages/airflow/example_dags/example_branch_day_of_week_operator.py took 0.103 seconds
[2025-10-29T20:26:00.483+0530] {processor.py:161} INFO - Started process (PID=22958) to work on /home/logi/txtai/venv/lib/python3.10/site-packages/airflow/example_dags/example_branch_day_of_week_operator.py
[2025-10-29T20:26:00.496+0530] {processor.py:830} INFO - Processing file /home/logi/txtai/venv/lib/python3.10/site-packages/airflow/example_dags/example_branch_day_of_week_operator.py for tasks to queue
[2025-10-29T20:26:00.499+0530] {logging_mixin.py:188} INFO - [2025-10-29T20:26:00.498+0530] {dagbag.py:545} INFO - Filling up the DagBag from /home/logi/txtai/venv/lib/python3.10/site-packages/airflow/example_dags/example_branch_day_of_week_operator.py
[2025-10-29T20:26:00.512+0530] {processor.py:840} INFO - DAG(s) 'example_weekday_branch_operator' retrieved from /home/logi/txtai/venv/lib/python3.10/site-packages/airflow/example_dags/example_branch_day_of_week_operator.py
[2025-10-29T20:26:00.537+0530] {logging_mixin.py:188} INFO - [2025-10-29T20:26:00.537+0530] {dag.py:3096} INFO - Sync 1 DAGs
[2025-10-29T20:26:00.558+0530] {logging_mixin.py:188} INFO - [2025-10-29T20:26:00.558+0530] {dag.py:3954} INFO - Setting next_dagrun for example_weekday_branch_operator to 2025-10-28 00:00:00+00:00, run_after=2025-10-29 00:00:00+00:00
[2025-10-29T20:26:00.584+0530] {processor.py:183} INFO - Processing /home/logi/txtai/venv/lib/python3.10/site-packages/airflow/example_dags/example_branch_day_of_week_operator.py took 0.111 seconds
[2025-10-29T20:27:18.254+0530] {processor.py:161} INFO - Started process (PID=23224) to work on /home/logi/txtai/venv/lib/python3.10/site-packages/airflow/example_dags/example_branch_day_of_week_operator.py
[2025-10-29T20:27:18.267+0530] {processor.py:830} INFO - Processing file /home/logi/txtai/venv/lib/python3.10/site-packages/airflow/example_dags/example_branch_day_of_week_operator.py for tasks to queue
[2025-10-29T20:27:18.271+0530] {logging_mixin.py:188} INFO - [2025-10-29T20:27:18.270+0530] {dagbag.py:545} INFO - Filling up the DagBag from /home/logi/txtai/venv/lib/python3.10/site-packages/airflow/example_dags/example_branch_day_of_week_operator.py
[2025-10-29T20:27:18.286+0530] {processor.py:840} INFO - DAG(s) 'example_weekday_branch_operator' retrieved from /home/logi/txtai/venv/lib/python3.10/site-packages/airflow/example_dags/example_branch_day_of_week_operator.py
[2025-10-29T20:27:18.310+0530] {logging_mixin.py:188} INFO - [2025-10-29T20:27:18.309+0530] {dag.py:3096} INFO - Sync 1 DAGs
[2025-10-29T20:27:18.327+0530] {logging_mixin.py:188} INFO - [2025-10-29T20:27:18.327+0530] {dag.py:3954} INFO - Setting next_dagrun for example_weekday_branch_operator to 2025-10-28 00:00:00+00:00, run_after=2025-10-29 00:00:00+00:00
[2025-10-29T20:27:18.347+0530] {processor.py:183} INFO - Processing /home/logi/txtai/venv/lib/python3.10/site-packages/airflow/example_dags/example_branch_day_of_week_operator.py took 0.100 seconds
[2025-10-29T20:28:31.395+0530] {processor.py:161} INFO - Started process (PID=23346) to work on /home/logi/txtai/venv/lib/python3.10/site-packages/airflow/example_dags/example_branch_day_of_week_operator.py
[2025-10-29T20:28:31.408+0530] {processor.py:830} INFO - Processing file /home/logi/txtai/venv/lib/python3.10/site-packages/airflow/example_dags/example_branch_day_of_week_operator.py for tasks to queue
[2025-10-29T20:28:31.412+0530] {logging_mixin.py:188} INFO - [2025-10-29T20:28:31.411+0530] {dagbag.py:545} INFO - Filling up the DagBag from /home/logi/txtai/venv/lib/python3.10/site-packages/airflow/example_dags/example_branch_day_of_week_operator.py
[2025-10-29T20:28:31.427+0530] {processor.py:840} INFO - DAG(s) 'example_weekday_branch_operator' retrieved from /home/logi/txtai/venv/lib/python3.10/site-packages/airflow/example_dags/example_branch_day_of_week_operator.py
[2025-10-29T20:28:31.469+0530] {logging_mixin.py:188} INFO - [2025-10-29T20:28:31.467+0530] {dag.py:3096} INFO - Sync 1 DAGs
[2025-10-29T20:28:31.523+0530] {logging_mixin.py:188} INFO - [2025-10-29T20:28:31.521+0530] {dag.py:3954} INFO - Setting next_dagrun for example_weekday_branch_operator to 2025-10-28 00:00:00+00:00, run_after=2025-10-29 00:00:00+00:00
[2025-10-29T20:28:31.583+0530] {processor.py:183} INFO - Processing /home/logi/txtai/venv/lib/python3.10/site-packages/airflow/example_dags/example_branch_day_of_week_operator.py took 0.201 seconds
[2025-10-29T20:29:54.718+0530] {processor.py:161} INFO - Started process (PID=23493) to work on /home/logi/txtai/venv/lib/python3.10/site-packages/airflow/example_dags/example_branch_day_of_week_operator.py
[2025-10-29T20:29:54.731+0530] {processor.py:830} INFO - Processing file /home/logi/txtai/venv/lib/python3.10/site-packages/airflow/example_dags/example_branch_day_of_week_operator.py for tasks to queue
[2025-10-29T20:29:54.734+0530] {logging_mixin.py:188} INFO - [2025-10-29T20:29:54.733+0530] {dagbag.py:545} INFO - Filling up the DagBag from /home/logi/txtai/venv/lib/python3.10/site-packages/airflow/example_dags/example_branch_day_of_week_operator.py
[2025-10-29T20:29:54.746+0530] {processor.py:840} INFO - DAG(s) 'example_weekday_branch_operator' retrieved from /home/logi/txtai/venv/lib/python3.10/site-packages/airflow/example_dags/example_branch_day_of_week_operator.py
[2025-10-29T20:29:54.773+0530] {logging_mixin.py:188} INFO - [2025-10-29T20:29:54.773+0530] {dag.py:3096} INFO - Sync 1 DAGs
[2025-10-29T20:29:54.792+0530] {logging_mixin.py:188} INFO - [2025-10-29T20:29:54.791+0530] {dag.py:3954} INFO - Setting next_dagrun for example_weekday_branch_operator to 2025-10-28 00:00:00+00:00, run_after=2025-10-29 00:00:00+00:00
[2025-10-29T20:29:54.815+0530] {processor.py:183} INFO - Processing /home/logi/txtai/venv/lib/python3.10/site-packages/airflow/example_dags/example_branch_day_of_week_operator.py took 0.108 seconds
[2025-10-29T20:31:12.180+0530] {processor.py:161} INFO - Started process (PID=23597) to work on /home/logi/txtai/venv/lib/python3.10/site-packages/airflow/example_dags/example_branch_day_of_week_operator.py
[2025-10-29T20:31:12.194+0530] {processor.py:830} INFO - Processing file /home/logi/txtai/venv/lib/python3.10/site-packages/airflow/example_dags/example_branch_day_of_week_operator.py for tasks to queue
[2025-10-29T20:31:12.197+0530] {logging_mixin.py:188} INFO - [2025-10-29T20:31:12.197+0530] {dagbag.py:545} INFO - Filling up the DagBag from /home/logi/txtai/venv/lib/python3.10/site-packages/airflow/example_dags/example_branch_day_of_week_operator.py
[2025-10-29T20:31:12.212+0530] {processor.py:840} INFO - DAG(s) 'example_weekday_branch_operator' retrieved from /home/logi/txtai/venv/lib/python3.10/site-packages/airflow/example_dags/example_branch_day_of_week_operator.py
[2025-10-29T20:31:12.240+0530] {logging_mixin.py:188} INFO - [2025-10-29T20:31:12.240+0530] {dag.py:3096} INFO - Sync 1 DAGs
[2025-10-29T20:31:12.260+0530] {logging_mixin.py:188} INFO - [2025-10-29T20:31:12.260+0530] {dag.py:3954} INFO - Setting next_dagrun for example_weekday_branch_operator to 2025-10-28 00:00:00+00:00, run_after=2025-10-29 00:00:00+00:00
[2025-10-29T20:31:12.287+0530] {processor.py:183} INFO - Processing /home/logi/txtai/venv/lib/python3.10/site-packages/airflow/example_dags/example_branch_day_of_week_operator.py took 0.119 seconds
[2025-10-29T20:32:30.095+0530] {processor.py:161} INFO - Started process (PID=23707) to work on /home/logi/txtai/venv/lib/python3.10/site-packages/airflow/example_dags/example_branch_day_of_week_operator.py
[2025-10-29T20:32:30.108+0530] {processor.py:830} INFO - Processing file /home/logi/txtai/venv/lib/python3.10/site-packages/airflow/example_dags/example_branch_day_of_week_operator.py for tasks to queue
[2025-10-29T20:32:30.111+0530] {logging_mixin.py:188} INFO - [2025-10-29T20:32:30.110+0530] {dagbag.py:545} INFO - Filling up the DagBag from /home/logi/txtai/venv/lib/python3.10/site-packages/airflow/example_dags/example_branch_day_of_week_operator.py
[2025-10-29T20:32:30.125+0530] {processor.py:840} INFO - DAG(s) 'example_weekday_branch_operator' retrieved from /home/logi/txtai/venv/lib/python3.10/site-packages/airflow/example_dags/example_branch_day_of_week_operator.py
[2025-10-29T20:32:30.153+0530] {logging_mixin.py:188} INFO - [2025-10-29T20:32:30.153+0530] {dag.py:3096} INFO - Sync 1 DAGs
[2025-10-29T20:32:30.173+0530] {logging_mixin.py:188} INFO - [2025-10-29T20:32:30.172+0530] {dag.py:3954} INFO - Setting next_dagrun for example_weekday_branch_operator to 2025-10-28 00:00:00+00:00, run_after=2025-10-29 00:00:00+00:00
[2025-10-29T20:32:30.194+0530] {processor.py:183} INFO - Processing /home/logi/txtai/venv/lib/python3.10/site-packages/airflow/example_dags/example_branch_day_of_week_operator.py took 0.110 seconds
[2025-10-29T20:33:50.436+0530] {processor.py:161} INFO - Started process (PID=23819) to work on /home/logi/txtai/venv/lib/python3.10/site-packages/airflow/example_dags/example_branch_day_of_week_operator.py
[2025-10-29T20:33:50.449+0530] {processor.py:830} INFO - Processing file /home/logi/txtai/venv/lib/python3.10/site-packages/airflow/example_dags/example_branch_day_of_week_operator.py for tasks to queue
[2025-10-29T20:33:50.453+0530] {logging_mixin.py:188} INFO - [2025-10-29T20:33:50.452+0530] {dagbag.py:545} INFO - Filling up the DagBag from /home/logi/txtai/venv/lib/python3.10/site-packages/airflow/example_dags/example_branch_day_of_week_operator.py
[2025-10-29T20:33:50.467+0530] {processor.py:840} INFO - DAG(s) 'example_weekday_branch_operator' retrieved from /home/logi/txtai/venv/lib/python3.10/site-packages/airflow/example_dags/example_branch_day_of_week_operator.py
[2025-10-29T20:33:50.497+0530] {logging_mixin.py:188} INFO - [2025-10-29T20:33:50.496+0530] {dag.py:3096} INFO - Sync 1 DAGs
[2025-10-29T20:33:50.516+0530] {logging_mixin.py:188} INFO - [2025-10-29T20:33:50.516+0530] {dag.py:3954} INFO - Setting next_dagrun for example_weekday_branch_operator to 2025-10-28 00:00:00+00:00, run_after=2025-10-29 00:00:00+00:00
[2025-10-29T20:33:50.537+0530] {processor.py:183} INFO - Processing /home/logi/txtai/venv/lib/python3.10/site-packages/airflow/example_dags/example_branch_day_of_week_operator.py took 0.112 seconds
[2025-10-29T20:35:04.084+0530] {processor.py:161} INFO - Started process (PID=23963) to work on /home/logi/txtai/venv/lib/python3.10/site-packages/airflow/example_dags/example_branch_day_of_week_operator.py
[2025-10-29T20:35:04.099+0530] {processor.py:830} INFO - Processing file /home/logi/txtai/venv/lib/python3.10/site-packages/airflow/example_dags/example_branch_day_of_week_operator.py for tasks to queue
[2025-10-29T20:35:04.102+0530] {logging_mixin.py:188} INFO - [2025-10-29T20:35:04.101+0530] {dagbag.py:545} INFO - Filling up the DagBag from /home/logi/txtai/venv/lib/python3.10/site-packages/airflow/example_dags/example_branch_day_of_week_operator.py
[2025-10-29T20:35:04.117+0530] {processor.py:840} INFO - DAG(s) 'example_weekday_branch_operator' retrieved from /home/logi/txtai/venv/lib/python3.10/site-packages/airflow/example_dags/example_branch_day_of_week_operator.py
[2025-10-29T20:35:04.146+0530] {logging_mixin.py:188} INFO - [2025-10-29T20:35:04.145+0530] {dag.py:3096} INFO - Sync 1 DAGs
[2025-10-29T20:35:04.164+0530] {logging_mixin.py:188} INFO - [2025-10-29T20:35:04.164+0530] {dag.py:3954} INFO - Setting next_dagrun for example_weekday_branch_operator to 2025-10-28 00:00:00+00:00, run_after=2025-10-29 00:00:00+00:00
[2025-10-29T20:35:04.193+0530] {processor.py:183} INFO - Processing /home/logi/txtai/venv/lib/python3.10/site-packages/airflow/example_dags/example_branch_day_of_week_operator.py took 0.120 seconds
[2025-10-29T20:36:22.719+0530] {processor.py:161} INFO - Started process (PID=24062) to work on /home/logi/txtai/venv/lib/python3.10/site-packages/airflow/example_dags/example_branch_day_of_week_operator.py
[2025-10-29T20:36:22.732+0530] {processor.py:830} INFO - Processing file /home/logi/txtai/venv/lib/python3.10/site-packages/airflow/example_dags/example_branch_day_of_week_operator.py for tasks to queue
[2025-10-29T20:36:22.734+0530] {logging_mixin.py:188} INFO - [2025-10-29T20:36:22.734+0530] {dagbag.py:545} INFO - Filling up the DagBag from /home/logi/txtai/venv/lib/python3.10/site-packages/airflow/example_dags/example_branch_day_of_week_operator.py
[2025-10-29T20:36:22.744+0530] {processor.py:840} INFO - DAG(s) 'example_weekday_branch_operator' retrieved from /home/logi/txtai/venv/lib/python3.10/site-packages/airflow/example_dags/example_branch_day_of_week_operator.py
[2025-10-29T20:36:22.771+0530] {logging_mixin.py:188} INFO - [2025-10-29T20:36:22.771+0530] {dag.py:3096} INFO - Sync 1 DAGs
[2025-10-29T20:36:22.788+0530] {logging_mixin.py:188} INFO - [2025-10-29T20:36:22.788+0530] {dag.py:3954} INFO - Setting next_dagrun for example_weekday_branch_operator to 2025-10-28 00:00:00+00:00, run_after=2025-10-29 00:00:00+00:00
[2025-10-29T20:36:22.808+0530] {processor.py:183} INFO - Processing /home/logi/txtai/venv/lib/python3.10/site-packages/airflow/example_dags/example_branch_day_of_week_operator.py took 0.099 seconds
[2025-10-29T20:37:43.395+0530] {processor.py:161} INFO - Started process (PID=24218) to work on /home/logi/txtai/venv/lib/python3.10/site-packages/airflow/example_dags/example_branch_day_of_week_operator.py
[2025-10-29T20:37:43.408+0530] {processor.py:830} INFO - Processing file /home/logi/txtai/venv/lib/python3.10/site-packages/airflow/example_dags/example_branch_day_of_week_operator.py for tasks to queue
[2025-10-29T20:37:43.411+0530] {logging_mixin.py:188} INFO - [2025-10-29T20:37:43.411+0530] {dagbag.py:545} INFO - Filling up the DagBag from /home/logi/txtai/venv/lib/python3.10/site-packages/airflow/example_dags/example_branch_day_of_week_operator.py
[2025-10-29T20:37:43.425+0530] {processor.py:840} INFO - DAG(s) 'example_weekday_branch_operator' retrieved from /home/logi/txtai/venv/lib/python3.10/site-packages/airflow/example_dags/example_branch_day_of_week_operator.py
[2025-10-29T20:37:43.453+0530] {logging_mixin.py:188} INFO - [2025-10-29T20:37:43.453+0530] {dag.py:3096} INFO - Sync 1 DAGs
[2025-10-29T20:37:43.472+0530] {logging_mixin.py:188} INFO - [2025-10-29T20:37:43.472+0530] {dag.py:3954} INFO - Setting next_dagrun for example_weekday_branch_operator to 2025-10-28 00:00:00+00:00, run_after=2025-10-29 00:00:00+00:00
[2025-10-29T20:37:43.502+0530] {processor.py:183} INFO - Processing /home/logi/txtai/venv/lib/python3.10/site-packages/airflow/example_dags/example_branch_day_of_week_operator.py took 0.118 seconds
