[2025-10-29T19:30:20.908+0530] {processor.py:161} INFO - Started process (PID=16367) to work on /home/logi/txtai/venv/lib/python3.10/site-packages/airflow/example_dags/example_display_name.py
[2025-10-29T19:30:20.910+0530] {processor.py:830} INFO - Processing file /home/logi/txtai/venv/lib/python3.10/site-packages/airflow/example_dags/example_display_name.py for tasks to queue
[2025-10-29T19:30:20.915+0530] {logging_mixin.py:188} INFO - [2025-10-29T19:30:20.914+0530] {dagbag.py:545} INFO - Filling up the DagBag from /home/logi/txtai/venv/lib/python3.10/site-packages/airflow/example_dags/example_display_name.py
[2025-10-29T19:30:20.925+0530] {processor.py:840} INFO - DAG(s) 'example_display_name' retrieved from /home/logi/txtai/venv/lib/python3.10/site-packages/airflow/example_dags/example_display_name.py
[2025-10-29T19:30:21.022+0530] {logging_mixin.py:188} INFO - [2025-10-29T19:30:21.022+0530] {override.py:1829} INFO - Created Permission View: can read on DAG:example_display_name
[2025-10-29T19:30:21.031+0530] {logging_mixin.py:188} INFO - [2025-10-29T19:30:21.031+0530] {override.py:1829} INFO - Created Permission View: can edit on DAG:example_display_name
[2025-10-29T19:30:21.038+0530] {logging_mixin.py:188} INFO - [2025-10-29T19:30:21.038+0530] {override.py:1829} INFO - Created Permission View: can delete on DAG:example_display_name
[2025-10-29T19:30:21.038+0530] {logging_mixin.py:188} INFO - [2025-10-29T19:30:21.038+0530] {dag.py:3096} INFO - Sync 1 DAGs
[2025-10-29T19:30:21.047+0530] {logging_mixin.py:188} INFO - [2025-10-29T19:30:21.047+0530] {dag.py:3118} INFO - Creating ORM DAG for example_display_name
[2025-10-29T19:30:21.048+0530] {logging_mixin.py:188} INFO - [2025-10-29T19:30:21.048+0530] {dag.py:3954} INFO - Setting next_dagrun for example_display_name to None, run_after=None
[2025-10-29T19:30:21.065+0530] {processor.py:183} INFO - Processing /home/logi/txtai/venv/lib/python3.10/site-packages/airflow/example_dags/example_display_name.py took 0.167 seconds
[2025-10-29T19:31:14.699+0530] {processor.py:161} INFO - Started process (PID=16577) to work on /home/logi/txtai/venv/lib/python3.10/site-packages/airflow/example_dags/example_display_name.py
[2025-10-29T19:31:14.712+0530] {processor.py:830} INFO - Processing file /home/logi/txtai/venv/lib/python3.10/site-packages/airflow/example_dags/example_display_name.py for tasks to queue
[2025-10-29T19:31:14.715+0530] {logging_mixin.py:188} INFO - [2025-10-29T19:31:14.714+0530] {dagbag.py:545} INFO - Filling up the DagBag from /home/logi/txtai/venv/lib/python3.10/site-packages/airflow/example_dags/example_display_name.py
[2025-10-29T19:31:14.724+0530] {processor.py:840} INFO - DAG(s) 'example_display_name' retrieved from /home/logi/txtai/venv/lib/python3.10/site-packages/airflow/example_dags/example_display_name.py
[2025-10-29T19:31:14.748+0530] {logging_mixin.py:188} INFO - [2025-10-29T19:31:14.748+0530] {dag.py:3096} INFO - Sync 1 DAGs
[2025-10-29T19:31:14.765+0530] {logging_mixin.py:188} INFO - [2025-10-29T19:31:14.764+0530] {dag.py:3954} INFO - Setting next_dagrun for example_display_name to None, run_after=None
[2025-10-29T19:31:14.789+0530] {processor.py:183} INFO - Processing /home/logi/txtai/venv/lib/python3.10/site-packages/airflow/example_dags/example_display_name.py took 0.100 seconds
[2025-10-29T19:32:22.261+0530] {processor.py:161} INFO - Started process (PID=16684) to work on /home/logi/txtai/venv/lib/python3.10/site-packages/airflow/example_dags/example_display_name.py
[2025-10-29T19:32:22.274+0530] {processor.py:830} INFO - Processing file /home/logi/txtai/venv/lib/python3.10/site-packages/airflow/example_dags/example_display_name.py for tasks to queue
[2025-10-29T19:32:22.276+0530] {logging_mixin.py:188} INFO - [2025-10-29T19:32:22.276+0530] {dagbag.py:545} INFO - Filling up the DagBag from /home/logi/txtai/venv/lib/python3.10/site-packages/airflow/example_dags/example_display_name.py
[2025-10-29T19:32:22.282+0530] {processor.py:840} INFO - DAG(s) 'example_display_name' retrieved from /home/logi/txtai/venv/lib/python3.10/site-packages/airflow/example_dags/example_display_name.py
[2025-10-29T19:32:22.298+0530] {logging_mixin.py:188} INFO - [2025-10-29T19:32:22.298+0530] {dag.py:3096} INFO - Sync 1 DAGs
[2025-10-29T19:32:22.309+0530] {logging_mixin.py:188} INFO - [2025-10-29T19:32:22.309+0530] {dag.py:3954} INFO - Setting next_dagrun for example_display_name to None, run_after=None
[2025-10-29T19:32:22.330+0530] {processor.py:183} INFO - Processing /home/logi/txtai/venv/lib/python3.10/site-packages/airflow/example_dags/example_display_name.py took 0.074 seconds
[2025-10-29T19:33:37.541+0530] {processor.py:161} INFO - Started process (PID=16864) to work on /home/logi/txtai/venv/lib/python3.10/site-packages/airflow/example_dags/example_display_name.py
[2025-10-29T19:33:37.554+0530] {processor.py:830} INFO - Processing file /home/logi/txtai/venv/lib/python3.10/site-packages/airflow/example_dags/example_display_name.py for tasks to queue
[2025-10-29T19:33:37.558+0530] {logging_mixin.py:188} INFO - [2025-10-29T19:33:37.557+0530] {dagbag.py:545} INFO - Filling up the DagBag from /home/logi/txtai/venv/lib/python3.10/site-packages/airflow/example_dags/example_display_name.py
[2025-10-29T19:33:37.568+0530] {processor.py:840} INFO - DAG(s) 'example_display_name' retrieved from /home/logi/txtai/venv/lib/python3.10/site-packages/airflow/example_dags/example_display_name.py
[2025-10-29T19:33:37.593+0530] {logging_mixin.py:188} INFO - [2025-10-29T19:33:37.592+0530] {dag.py:3096} INFO - Sync 1 DAGs
[2025-10-29T19:33:37.609+0530] {logging_mixin.py:188} INFO - [2025-10-29T19:33:37.609+0530] {dag.py:3954} INFO - Setting next_dagrun for example_display_name to None, run_after=None
[2025-10-29T19:33:37.636+0530] {processor.py:183} INFO - Processing /home/logi/txtai/venv/lib/python3.10/site-packages/airflow/example_dags/example_display_name.py took 0.106 seconds
[2025-10-29T19:34:50.251+0530] {processor.py:161} INFO - Started process (PID=16994) to work on /home/logi/txtai/venv/lib/python3.10/site-packages/airflow/example_dags/example_display_name.py
[2025-10-29T19:34:50.264+0530] {processor.py:830} INFO - Processing file /home/logi/txtai/venv/lib/python3.10/site-packages/airflow/example_dags/example_display_name.py for tasks to queue
[2025-10-29T19:34:50.267+0530] {logging_mixin.py:188} INFO - [2025-10-29T19:34:50.267+0530] {dagbag.py:545} INFO - Filling up the DagBag from /home/logi/txtai/venv/lib/python3.10/site-packages/airflow/example_dags/example_display_name.py
[2025-10-29T19:34:50.278+0530] {processor.py:840} INFO - DAG(s) 'example_display_name' retrieved from /home/logi/txtai/venv/lib/python3.10/site-packages/airflow/example_dags/example_display_name.py
[2025-10-29T19:34:50.305+0530] {logging_mixin.py:188} INFO - [2025-10-29T19:34:50.305+0530] {dag.py:3096} INFO - Sync 1 DAGs
[2025-10-29T19:34:50.319+0530] {logging_mixin.py:188} INFO - [2025-10-29T19:34:50.319+0530] {dag.py:3954} INFO - Setting next_dagrun for example_display_name to None, run_after=None
[2025-10-29T19:34:50.349+0530] {processor.py:183} INFO - Processing /home/logi/txtai/venv/lib/python3.10/site-packages/airflow/example_dags/example_display_name.py took 0.109 seconds
[2025-10-29T19:36:05.185+0530] {processor.py:161} INFO - Started process (PID=17084) to work on /home/logi/txtai/venv/lib/python3.10/site-packages/airflow/example_dags/example_display_name.py
[2025-10-29T19:36:05.199+0530] {processor.py:830} INFO - Processing file /home/logi/txtai/venv/lib/python3.10/site-packages/airflow/example_dags/example_display_name.py for tasks to queue
[2025-10-29T19:36:05.202+0530] {logging_mixin.py:188} INFO - [2025-10-29T19:36:05.201+0530] {dagbag.py:545} INFO - Filling up the DagBag from /home/logi/txtai/venv/lib/python3.10/site-packages/airflow/example_dags/example_display_name.py
[2025-10-29T19:36:05.213+0530] {processor.py:840} INFO - DAG(s) 'example_display_name' retrieved from /home/logi/txtai/venv/lib/python3.10/site-packages/airflow/example_dags/example_display_name.py
[2025-10-29T19:36:05.240+0530] {logging_mixin.py:188} INFO - [2025-10-29T19:36:05.239+0530] {dag.py:3096} INFO - Sync 1 DAGs
[2025-10-29T19:36:05.256+0530] {logging_mixin.py:188} INFO - [2025-10-29T19:36:05.255+0530] {dag.py:3954} INFO - Setting next_dagrun for example_display_name to None, run_after=None
[2025-10-29T19:36:05.282+0530] {processor.py:183} INFO - Processing /home/logi/txtai/venv/lib/python3.10/site-packages/airflow/example_dags/example_display_name.py took 0.109 seconds
[2025-10-29T19:37:22.495+0530] {processor.py:161} INFO - Started process (PID=17396) to work on /home/logi/txtai/venv/lib/python3.10/site-packages/airflow/example_dags/example_display_name.py
[2025-10-29T19:37:22.509+0530] {processor.py:830} INFO - Processing file /home/logi/txtai/venv/lib/python3.10/site-packages/airflow/example_dags/example_display_name.py for tasks to queue
[2025-10-29T19:37:22.512+0530] {logging_mixin.py:188} INFO - [2025-10-29T19:37:22.511+0530] {dagbag.py:545} INFO - Filling up the DagBag from /home/logi/txtai/venv/lib/python3.10/site-packages/airflow/example_dags/example_display_name.py
[2025-10-29T19:37:22.522+0530] {processor.py:840} INFO - DAG(s) 'example_display_name' retrieved from /home/logi/txtai/venv/lib/python3.10/site-packages/airflow/example_dags/example_display_name.py
[2025-10-29T19:37:22.549+0530] {logging_mixin.py:188} INFO - [2025-10-29T19:37:22.549+0530] {dag.py:3096} INFO - Sync 1 DAGs
[2025-10-29T19:37:22.565+0530] {logging_mixin.py:188} INFO - [2025-10-29T19:37:22.565+0530] {dag.py:3954} INFO - Setting next_dagrun for example_display_name to None, run_after=None
[2025-10-29T19:37:22.592+0530] {processor.py:183} INFO - Processing /home/logi/txtai/venv/lib/python3.10/site-packages/airflow/example_dags/example_display_name.py took 0.108 seconds
[2025-10-29T19:38:40.193+0530] {processor.py:161} INFO - Started process (PID=17484) to work on /home/logi/txtai/venv/lib/python3.10/site-packages/airflow/example_dags/example_display_name.py
[2025-10-29T19:38:40.207+0530] {processor.py:830} INFO - Processing file /home/logi/txtai/venv/lib/python3.10/site-packages/airflow/example_dags/example_display_name.py for tasks to queue
[2025-10-29T19:38:40.210+0530] {logging_mixin.py:188} INFO - [2025-10-29T19:38:40.210+0530] {dagbag.py:545} INFO - Filling up the DagBag from /home/logi/txtai/venv/lib/python3.10/site-packages/airflow/example_dags/example_display_name.py
[2025-10-29T19:38:40.221+0530] {processor.py:840} INFO - DAG(s) 'example_display_name' retrieved from /home/logi/txtai/venv/lib/python3.10/site-packages/airflow/example_dags/example_display_name.py
[2025-10-29T19:38:40.246+0530] {logging_mixin.py:188} INFO - [2025-10-29T19:38:40.245+0530] {dag.py:3096} INFO - Sync 1 DAGs
[2025-10-29T19:38:40.261+0530] {logging_mixin.py:188} INFO - [2025-10-29T19:38:40.261+0530] {dag.py:3954} INFO - Setting next_dagrun for example_display_name to None, run_after=None
[2025-10-29T19:38:40.291+0530] {processor.py:183} INFO - Processing /home/logi/txtai/venv/lib/python3.10/site-packages/airflow/example_dags/example_display_name.py took 0.109 seconds
[2025-10-29T19:39:37.165+0530] {processor.py:161} INFO - Started process (PID=17584) to work on /home/logi/txtai/venv/lib/python3.10/site-packages/airflow/example_dags/example_display_name.py
[2025-10-29T19:39:37.178+0530] {processor.py:830} INFO - Processing file /home/logi/txtai/venv/lib/python3.10/site-packages/airflow/example_dags/example_display_name.py for tasks to queue
[2025-10-29T19:39:37.181+0530] {logging_mixin.py:188} INFO - [2025-10-29T19:39:37.181+0530] {dagbag.py:545} INFO - Filling up the DagBag from /home/logi/txtai/venv/lib/python3.10/site-packages/airflow/example_dags/example_display_name.py
[2025-10-29T19:39:37.192+0530] {processor.py:840} INFO - DAG(s) 'example_display_name' retrieved from /home/logi/txtai/venv/lib/python3.10/site-packages/airflow/example_dags/example_display_name.py
[2025-10-29T19:39:37.218+0530] {logging_mixin.py:188} INFO - [2025-10-29T19:39:37.218+0530] {dag.py:3096} INFO - Sync 1 DAGs
[2025-10-29T19:39:37.234+0530] {logging_mixin.py:188} INFO - [2025-10-29T19:39:37.233+0530] {dag.py:3954} INFO - Setting next_dagrun for example_display_name to None, run_after=None
[2025-10-29T19:39:37.260+0530] {processor.py:183} INFO - Processing /home/logi/txtai/venv/lib/python3.10/site-packages/airflow/example_dags/example_display_name.py took 0.106 seconds
[2025-10-29T19:40:52.195+0530] {processor.py:161} INFO - Started process (PID=17802) to work on /home/logi/txtai/venv/lib/python3.10/site-packages/airflow/example_dags/example_display_name.py
[2025-10-29T19:40:52.271+0530] {processor.py:830} INFO - Processing file /home/logi/txtai/venv/lib/python3.10/site-packages/airflow/example_dags/example_display_name.py for tasks to queue
[2025-10-29T19:40:52.274+0530] {logging_mixin.py:188} INFO - [2025-10-29T19:40:52.274+0530] {dagbag.py:545} INFO - Filling up the DagBag from /home/logi/txtai/venv/lib/python3.10/site-packages/airflow/example_dags/example_display_name.py
[2025-10-29T19:40:52.285+0530] {processor.py:840} INFO - DAG(s) 'example_display_name' retrieved from /home/logi/txtai/venv/lib/python3.10/site-packages/airflow/example_dags/example_display_name.py
[2025-10-29T19:40:52.312+0530] {logging_mixin.py:188} INFO - [2025-10-29T19:40:52.312+0530] {dag.py:3096} INFO - Sync 1 DAGs
[2025-10-29T19:40:52.330+0530] {logging_mixin.py:188} INFO - [2025-10-29T19:40:52.330+0530] {dag.py:3954} INFO - Setting next_dagrun for example_display_name to None, run_after=None
[2025-10-29T19:40:52.365+0530] {processor.py:183} INFO - Processing /home/logi/txtai/venv/lib/python3.10/site-packages/airflow/example_dags/example_display_name.py took 0.181 seconds
[2025-10-29T19:42:07.131+0530] {processor.py:161} INFO - Started process (PID=17974) to work on /home/logi/txtai/venv/lib/python3.10/site-packages/airflow/example_dags/example_display_name.py
[2025-10-29T19:42:07.145+0530] {processor.py:830} INFO - Processing file /home/logi/txtai/venv/lib/python3.10/site-packages/airflow/example_dags/example_display_name.py for tasks to queue
[2025-10-29T19:42:07.148+0530] {logging_mixin.py:188} INFO - [2025-10-29T19:42:07.148+0530] {dagbag.py:545} INFO - Filling up the DagBag from /home/logi/txtai/venv/lib/python3.10/site-packages/airflow/example_dags/example_display_name.py
[2025-10-29T19:42:07.161+0530] {processor.py:840} INFO - DAG(s) 'example_display_name' retrieved from /home/logi/txtai/venv/lib/python3.10/site-packages/airflow/example_dags/example_display_name.py
[2025-10-29T19:42:07.189+0530] {logging_mixin.py:188} INFO - [2025-10-29T19:42:07.188+0530] {dag.py:3096} INFO - Sync 1 DAGs
[2025-10-29T19:42:07.202+0530] {logging_mixin.py:188} INFO - [2025-10-29T19:42:07.202+0530] {dag.py:3954} INFO - Setting next_dagrun for example_display_name to None, run_after=None
[2025-10-29T19:42:07.223+0530] {processor.py:183} INFO - Processing /home/logi/txtai/venv/lib/python3.10/site-packages/airflow/example_dags/example_display_name.py took 0.106 seconds
[2025-10-29T19:43:26.206+0530] {processor.py:161} INFO - Started process (PID=18086) to work on /home/logi/txtai/venv/lib/python3.10/site-packages/airflow/example_dags/example_display_name.py
[2025-10-29T19:43:26.219+0530] {processor.py:830} INFO - Processing file /home/logi/txtai/venv/lib/python3.10/site-packages/airflow/example_dags/example_display_name.py for tasks to queue
[2025-10-29T19:43:26.223+0530] {logging_mixin.py:188} INFO - [2025-10-29T19:43:26.222+0530] {dagbag.py:545} INFO - Filling up the DagBag from /home/logi/txtai/venv/lib/python3.10/site-packages/airflow/example_dags/example_display_name.py
[2025-10-29T19:43:26.233+0530] {processor.py:840} INFO - DAG(s) 'example_display_name' retrieved from /home/logi/txtai/venv/lib/python3.10/site-packages/airflow/example_dags/example_display_name.py
[2025-10-29T19:43:26.260+0530] {logging_mixin.py:188} INFO - [2025-10-29T19:43:26.260+0530] {dag.py:3096} INFO - Sync 1 DAGs
[2025-10-29T19:43:26.276+0530] {logging_mixin.py:188} INFO - [2025-10-29T19:43:26.275+0530] {dag.py:3954} INFO - Setting next_dagrun for example_display_name to None, run_after=None
[2025-10-29T19:43:26.297+0530] {processor.py:183} INFO - Processing /home/logi/txtai/venv/lib/python3.10/site-packages/airflow/example_dags/example_display_name.py took 0.103 seconds
[2025-10-29T19:44:45.109+0530] {processor.py:161} INFO - Started process (PID=18224) to work on /home/logi/txtai/venv/lib/python3.10/site-packages/airflow/example_dags/example_display_name.py
[2025-10-29T19:44:45.111+0530] {processor.py:830} INFO - Processing file /home/logi/txtai/venv/lib/python3.10/site-packages/airflow/example_dags/example_display_name.py for tasks to queue
[2025-10-29T19:44:45.114+0530] {logging_mixin.py:188} INFO - [2025-10-29T19:44:45.114+0530] {dagbag.py:545} INFO - Filling up the DagBag from /home/logi/txtai/venv/lib/python3.10/site-packages/airflow/example_dags/example_display_name.py
[2025-10-29T19:44:45.124+0530] {processor.py:840} INFO - DAG(s) 'example_display_name' retrieved from /home/logi/txtai/venv/lib/python3.10/site-packages/airflow/example_dags/example_display_name.py
[2025-10-29T19:44:45.148+0530] {logging_mixin.py:188} INFO - [2025-10-29T19:44:45.148+0530] {dag.py:3096} INFO - Sync 1 DAGs
[2025-10-29T19:44:45.157+0530] {logging_mixin.py:188} INFO - [2025-10-29T19:44:45.156+0530] {dag.py:3954} INFO - Setting next_dagrun for example_display_name to None, run_after=None
[2025-10-29T19:44:45.180+0530] {processor.py:183} INFO - Processing /home/logi/txtai/venv/lib/python3.10/site-packages/airflow/example_dags/example_display_name.py took 0.083 seconds
[2025-10-29T19:45:41.277+0530] {processor.py:161} INFO - Started process (PID=18310) to work on /home/logi/txtai/venv/lib/python3.10/site-packages/airflow/example_dags/example_display_name.py
[2025-10-29T19:45:41.291+0530] {processor.py:830} INFO - Processing file /home/logi/txtai/venv/lib/python3.10/site-packages/airflow/example_dags/example_display_name.py for tasks to queue
[2025-10-29T19:45:41.294+0530] {logging_mixin.py:188} INFO - [2025-10-29T19:45:41.293+0530] {dagbag.py:545} INFO - Filling up the DagBag from /home/logi/txtai/venv/lib/python3.10/site-packages/airflow/example_dags/example_display_name.py
[2025-10-29T19:45:41.306+0530] {processor.py:840} INFO - DAG(s) 'example_display_name' retrieved from /home/logi/txtai/venv/lib/python3.10/site-packages/airflow/example_dags/example_display_name.py
[2025-10-29T19:45:41.333+0530] {logging_mixin.py:188} INFO - [2025-10-29T19:45:41.333+0530] {dag.py:3096} INFO - Sync 1 DAGs
[2025-10-29T19:45:41.344+0530] {logging_mixin.py:188} INFO - [2025-10-29T19:45:41.344+0530] {dag.py:3954} INFO - Setting next_dagrun for example_display_name to None, run_after=None
[2025-10-29T19:45:41.373+0530] {processor.py:183} INFO - Processing /home/logi/txtai/venv/lib/python3.10/site-packages/airflow/example_dags/example_display_name.py took 0.108 seconds
[2025-10-29T19:47:02.240+0530] {processor.py:161} INFO - Started process (PID=18414) to work on /home/logi/txtai/venv/lib/python3.10/site-packages/airflow/example_dags/example_display_name.py
[2025-10-29T19:47:02.242+0530] {processor.py:830} INFO - Processing file /home/logi/txtai/venv/lib/python3.10/site-packages/airflow/example_dags/example_display_name.py for tasks to queue
[2025-10-29T19:47:02.245+0530] {logging_mixin.py:188} INFO - [2025-10-29T19:47:02.244+0530] {dagbag.py:545} INFO - Filling up the DagBag from /home/logi/txtai/venv/lib/python3.10/site-packages/airflow/example_dags/example_display_name.py
[2025-10-29T19:47:02.256+0530] {processor.py:840} INFO - DAG(s) 'example_display_name' retrieved from /home/logi/txtai/venv/lib/python3.10/site-packages/airflow/example_dags/example_display_name.py
[2025-10-29T19:47:02.281+0530] {logging_mixin.py:188} INFO - [2025-10-29T19:47:02.281+0530] {dag.py:3096} INFO - Sync 1 DAGs
[2025-10-29T19:47:02.291+0530] {logging_mixin.py:188} INFO - [2025-10-29T19:47:02.290+0530] {dag.py:3954} INFO - Setting next_dagrun for example_display_name to None, run_after=None
[2025-10-29T19:47:02.309+0530] {processor.py:183} INFO - Processing /home/logi/txtai/venv/lib/python3.10/site-packages/airflow/example_dags/example_display_name.py took 0.080 seconds
[2025-10-29T19:48:22.734+0530] {processor.py:161} INFO - Started process (PID=18531) to work on /home/logi/txtai/venv/lib/python3.10/site-packages/airflow/example_dags/example_display_name.py
[2025-10-29T19:48:22.746+0530] {processor.py:830} INFO - Processing file /home/logi/txtai/venv/lib/python3.10/site-packages/airflow/example_dags/example_display_name.py for tasks to queue
[2025-10-29T19:48:22.752+0530] {logging_mixin.py:188} INFO - [2025-10-29T19:48:22.750+0530] {dagbag.py:545} INFO - Filling up the DagBag from /home/logi/txtai/venv/lib/python3.10/site-packages/airflow/example_dags/example_display_name.py
[2025-10-29T19:48:22.770+0530] {processor.py:840} INFO - DAG(s) 'example_display_name' retrieved from /home/logi/txtai/venv/lib/python3.10/site-packages/airflow/example_dags/example_display_name.py
[2025-10-29T19:48:22.816+0530] {logging_mixin.py:188} INFO - [2025-10-29T19:48:22.815+0530] {dag.py:3096} INFO - Sync 1 DAGs
[2025-10-29T19:48:22.852+0530] {logging_mixin.py:188} INFO - [2025-10-29T19:48:22.850+0530] {dag.py:3954} INFO - Setting next_dagrun for example_display_name to None, run_after=None
[2025-10-29T19:48:22.945+0530] {processor.py:183} INFO - Processing /home/logi/txtai/venv/lib/python3.10/site-packages/airflow/example_dags/example_display_name.py took 0.235 seconds
[2025-10-29T19:49:20.675+0530] {processor.py:161} INFO - Started process (PID=18655) to work on /home/logi/txtai/venv/lib/python3.10/site-packages/airflow/example_dags/example_display_name.py
[2025-10-29T19:49:20.688+0530] {processor.py:830} INFO - Processing file /home/logi/txtai/venv/lib/python3.10/site-packages/airflow/example_dags/example_display_name.py for tasks to queue
[2025-10-29T19:49:20.692+0530] {logging_mixin.py:188} INFO - [2025-10-29T19:49:20.692+0530] {dagbag.py:545} INFO - Filling up the DagBag from /home/logi/txtai/venv/lib/python3.10/site-packages/airflow/example_dags/example_display_name.py
[2025-10-29T19:49:20.704+0530] {processor.py:840} INFO - DAG(s) 'example_display_name' retrieved from /home/logi/txtai/venv/lib/python3.10/site-packages/airflow/example_dags/example_display_name.py
[2025-10-29T19:49:20.734+0530] {logging_mixin.py:188} INFO - [2025-10-29T19:49:20.733+0530] {dag.py:3096} INFO - Sync 1 DAGs
[2025-10-29T19:49:20.746+0530] {logging_mixin.py:188} INFO - [2025-10-29T19:49:20.746+0530] {dag.py:3954} INFO - Setting next_dagrun for example_display_name to None, run_after=None
[2025-10-29T19:49:20.767+0530] {processor.py:183} INFO - Processing /home/logi/txtai/venv/lib/python3.10/site-packages/airflow/example_dags/example_display_name.py took 0.105 seconds
[2025-10-29T19:50:38.392+0530] {processor.py:161} INFO - Started process (PID=18782) to work on /home/logi/txtai/venv/lib/python3.10/site-packages/airflow/example_dags/example_display_name.py
[2025-10-29T19:50:38.406+0530] {processor.py:830} INFO - Processing file /home/logi/txtai/venv/lib/python3.10/site-packages/airflow/example_dags/example_display_name.py for tasks to queue
[2025-10-29T19:50:38.409+0530] {logging_mixin.py:188} INFO - [2025-10-29T19:50:38.408+0530] {dagbag.py:545} INFO - Filling up the DagBag from /home/logi/txtai/venv/lib/python3.10/site-packages/airflow/example_dags/example_display_name.py
[2025-10-29T19:50:38.420+0530] {processor.py:840} INFO - DAG(s) 'example_display_name' retrieved from /home/logi/txtai/venv/lib/python3.10/site-packages/airflow/example_dags/example_display_name.py
[2025-10-29T19:50:38.448+0530] {logging_mixin.py:188} INFO - [2025-10-29T19:50:38.447+0530] {dag.py:3096} INFO - Sync 1 DAGs
[2025-10-29T19:50:38.461+0530] {logging_mixin.py:188} INFO - [2025-10-29T19:50:38.461+0530] {dag.py:3954} INFO - Setting next_dagrun for example_display_name to None, run_after=None
[2025-10-29T19:50:38.481+0530] {processor.py:183} INFO - Processing /home/logi/txtai/venv/lib/python3.10/site-packages/airflow/example_dags/example_display_name.py took 0.100 seconds
[2025-10-29T19:51:36.320+0530] {processor.py:161} INFO - Started process (PID=18883) to work on /home/logi/txtai/venv/lib/python3.10/site-packages/airflow/example_dags/example_display_name.py
[2025-10-29T19:51:36.334+0530] {processor.py:830} INFO - Processing file /home/logi/txtai/venv/lib/python3.10/site-packages/airflow/example_dags/example_display_name.py for tasks to queue
[2025-10-29T19:51:36.337+0530] {logging_mixin.py:188} INFO - [2025-10-29T19:51:36.336+0530] {dagbag.py:545} INFO - Filling up the DagBag from /home/logi/txtai/venv/lib/python3.10/site-packages/airflow/example_dags/example_display_name.py
[2025-10-29T19:51:36.350+0530] {processor.py:840} INFO - DAG(s) 'example_display_name' retrieved from /home/logi/txtai/venv/lib/python3.10/site-packages/airflow/example_dags/example_display_name.py
[2025-10-29T19:51:36.378+0530] {logging_mixin.py:188} INFO - [2025-10-29T19:51:36.378+0530] {dag.py:3096} INFO - Sync 1 DAGs
[2025-10-29T19:51:36.395+0530] {logging_mixin.py:188} INFO - [2025-10-29T19:51:36.394+0530] {dag.py:3954} INFO - Setting next_dagrun for example_display_name to None, run_after=None
[2025-10-29T19:51:36.421+0530] {processor.py:183} INFO - Processing /home/logi/txtai/venv/lib/python3.10/site-packages/airflow/example_dags/example_display_name.py took 0.113 seconds
[2025-10-29T19:52:53.269+0530] {processor.py:161} INFO - Started process (PID=18973) to work on /home/logi/txtai/venv/lib/python3.10/site-packages/airflow/example_dags/example_display_name.py
[2025-10-29T19:52:53.282+0530] {processor.py:830} INFO - Processing file /home/logi/txtai/venv/lib/python3.10/site-packages/airflow/example_dags/example_display_name.py for tasks to queue
[2025-10-29T19:52:53.285+0530] {logging_mixin.py:188} INFO - [2025-10-29T19:52:53.285+0530] {dagbag.py:545} INFO - Filling up the DagBag from /home/logi/txtai/venv/lib/python3.10/site-packages/airflow/example_dags/example_display_name.py
[2025-10-29T19:52:53.297+0530] {processor.py:840} INFO - DAG(s) 'example_display_name' retrieved from /home/logi/txtai/venv/lib/python3.10/site-packages/airflow/example_dags/example_display_name.py
[2025-10-29T19:52:53.325+0530] {logging_mixin.py:188} INFO - [2025-10-29T19:52:53.324+0530] {dag.py:3096} INFO - Sync 1 DAGs
[2025-10-29T19:52:53.338+0530] {logging_mixin.py:188} INFO - [2025-10-29T19:52:53.338+0530] {dag.py:3954} INFO - Setting next_dagrun for example_display_name to None, run_after=None
[2025-10-29T19:52:53.367+0530] {processor.py:183} INFO - Processing /home/logi/txtai/venv/lib/python3.10/site-packages/airflow/example_dags/example_display_name.py took 0.109 seconds
[2025-10-29T19:54:10.553+0530] {processor.py:161} INFO - Started process (PID=19084) to work on /home/logi/txtai/venv/lib/python3.10/site-packages/airflow/example_dags/example_display_name.py
[2025-10-29T19:54:10.567+0530] {processor.py:830} INFO - Processing file /home/logi/txtai/venv/lib/python3.10/site-packages/airflow/example_dags/example_display_name.py for tasks to queue
[2025-10-29T19:54:10.569+0530] {logging_mixin.py:188} INFO - [2025-10-29T19:54:10.569+0530] {dagbag.py:545} INFO - Filling up the DagBag from /home/logi/txtai/venv/lib/python3.10/site-packages/airflow/example_dags/example_display_name.py
[2025-10-29T19:54:10.580+0530] {processor.py:840} INFO - DAG(s) 'example_display_name' retrieved from /home/logi/txtai/venv/lib/python3.10/site-packages/airflow/example_dags/example_display_name.py
[2025-10-29T19:54:10.609+0530] {logging_mixin.py:188} INFO - [2025-10-29T19:54:10.608+0530] {dag.py:3096} INFO - Sync 1 DAGs
[2025-10-29T19:54:10.623+0530] {logging_mixin.py:188} INFO - [2025-10-29T19:54:10.623+0530] {dag.py:3954} INFO - Setting next_dagrun for example_display_name to None, run_after=None
[2025-10-29T19:54:10.644+0530] {processor.py:183} INFO - Processing /home/logi/txtai/venv/lib/python3.10/site-packages/airflow/example_dags/example_display_name.py took 0.102 seconds
[2025-10-29T19:55:06.672+0530] {processor.py:161} INFO - Started process (PID=19179) to work on /home/logi/txtai/venv/lib/python3.10/site-packages/airflow/example_dags/example_display_name.py
[2025-10-29T19:55:06.685+0530] {processor.py:830} INFO - Processing file /home/logi/txtai/venv/lib/python3.10/site-packages/airflow/example_dags/example_display_name.py for tasks to queue
[2025-10-29T19:55:06.687+0530] {logging_mixin.py:188} INFO - [2025-10-29T19:55:06.687+0530] {dagbag.py:545} INFO - Filling up the DagBag from /home/logi/txtai/venv/lib/python3.10/site-packages/airflow/example_dags/example_display_name.py
[2025-10-29T19:55:06.694+0530] {processor.py:840} INFO - DAG(s) 'example_display_name' retrieved from /home/logi/txtai/venv/lib/python3.10/site-packages/airflow/example_dags/example_display_name.py
[2025-10-29T19:55:06.709+0530] {logging_mixin.py:188} INFO - [2025-10-29T19:55:06.709+0530] {dag.py:3096} INFO - Sync 1 DAGs
[2025-10-29T19:55:06.721+0530] {logging_mixin.py:188} INFO - [2025-10-29T19:55:06.721+0530] {dag.py:3954} INFO - Setting next_dagrun for example_display_name to None, run_after=None
[2025-10-29T19:55:06.742+0530] {processor.py:183} INFO - Processing /home/logi/txtai/venv/lib/python3.10/site-packages/airflow/example_dags/example_display_name.py took 0.079 seconds
[2025-10-29T19:56:28.029+0530] {processor.py:161} INFO - Started process (PID=19272) to work on /home/logi/txtai/venv/lib/python3.10/site-packages/airflow/example_dags/example_display_name.py
[2025-10-29T19:56:28.042+0530] {processor.py:830} INFO - Processing file /home/logi/txtai/venv/lib/python3.10/site-packages/airflow/example_dags/example_display_name.py for tasks to queue
[2025-10-29T19:56:28.045+0530] {logging_mixin.py:188} INFO - [2025-10-29T19:56:28.045+0530] {dagbag.py:545} INFO - Filling up the DagBag from /home/logi/txtai/venv/lib/python3.10/site-packages/airflow/example_dags/example_display_name.py
[2025-10-29T19:56:28.055+0530] {processor.py:840} INFO - DAG(s) 'example_display_name' retrieved from /home/logi/txtai/venv/lib/python3.10/site-packages/airflow/example_dags/example_display_name.py
[2025-10-29T19:56:28.079+0530] {logging_mixin.py:188} INFO - [2025-10-29T19:56:28.078+0530] {dag.py:3096} INFO - Sync 1 DAGs
[2025-10-29T19:56:28.095+0530] {logging_mixin.py:188} INFO - [2025-10-29T19:56:28.095+0530] {dag.py:3954} INFO - Setting next_dagrun for example_display_name to None, run_after=None
[2025-10-29T19:56:28.113+0530] {processor.py:183} INFO - Processing /home/logi/txtai/venv/lib/python3.10/site-packages/airflow/example_dags/example_display_name.py took 0.094 seconds
[2025-10-29T19:57:52.204+0530] {processor.py:161} INFO - Started process (PID=19412) to work on /home/logi/txtai/venv/lib/python3.10/site-packages/airflow/example_dags/example_display_name.py
[2025-10-29T19:57:52.217+0530] {processor.py:830} INFO - Processing file /home/logi/txtai/venv/lib/python3.10/site-packages/airflow/example_dags/example_display_name.py for tasks to queue
[2025-10-29T19:57:52.221+0530] {logging_mixin.py:188} INFO - [2025-10-29T19:57:52.220+0530] {dagbag.py:545} INFO - Filling up the DagBag from /home/logi/txtai/venv/lib/python3.10/site-packages/airflow/example_dags/example_display_name.py
[2025-10-29T19:57:52.232+0530] {processor.py:840} INFO - DAG(s) 'example_display_name' retrieved from /home/logi/txtai/venv/lib/python3.10/site-packages/airflow/example_dags/example_display_name.py
[2025-10-29T19:57:52.258+0530] {logging_mixin.py:188} INFO - [2025-10-29T19:57:52.258+0530] {dag.py:3096} INFO - Sync 1 DAGs
[2025-10-29T19:57:52.273+0530] {logging_mixin.py:188} INFO - [2025-10-29T19:57:52.272+0530] {dag.py:3954} INFO - Setting next_dagrun for example_display_name to None, run_after=None
[2025-10-29T19:57:52.292+0530] {processor.py:183} INFO - Processing /home/logi/txtai/venv/lib/python3.10/site-packages/airflow/example_dags/example_display_name.py took 0.100 seconds
[2025-10-29T19:58:49.184+0530] {processor.py:161} INFO - Started process (PID=19611) to work on /home/logi/txtai/venv/lib/python3.10/site-packages/airflow/example_dags/example_display_name.py
[2025-10-29T19:58:49.198+0530] {processor.py:830} INFO - Processing file /home/logi/txtai/venv/lib/python3.10/site-packages/airflow/example_dags/example_display_name.py for tasks to queue
[2025-10-29T19:58:49.201+0530] {logging_mixin.py:188} INFO - [2025-10-29T19:58:49.200+0530] {dagbag.py:545} INFO - Filling up the DagBag from /home/logi/txtai/venv/lib/python3.10/site-packages/airflow/example_dags/example_display_name.py
[2025-10-29T19:58:49.212+0530] {processor.py:840} INFO - DAG(s) 'example_display_name' retrieved from /home/logi/txtai/venv/lib/python3.10/site-packages/airflow/example_dags/example_display_name.py
[2025-10-29T19:58:49.239+0530] {logging_mixin.py:188} INFO - [2025-10-29T19:58:49.238+0530] {dag.py:3096} INFO - Sync 1 DAGs
[2025-10-29T19:58:49.254+0530] {logging_mixin.py:188} INFO - [2025-10-29T19:58:49.253+0530] {dag.py:3954} INFO - Setting next_dagrun for example_display_name to None, run_after=None
[2025-10-29T19:58:49.274+0530] {processor.py:183} INFO - Processing /home/logi/txtai/venv/lib/python3.10/site-packages/airflow/example_dags/example_display_name.py took 0.100 seconds
[2025-10-29T20:00:07.053+0530] {processor.py:161} INFO - Started process (PID=19742) to work on /home/logi/txtai/venv/lib/python3.10/site-packages/airflow/example_dags/example_display_name.py
[2025-10-29T20:00:07.067+0530] {processor.py:830} INFO - Processing file /home/logi/txtai/venv/lib/python3.10/site-packages/airflow/example_dags/example_display_name.py for tasks to queue
[2025-10-29T20:00:07.070+0530] {logging_mixin.py:188} INFO - [2025-10-29T20:00:07.069+0530] {dagbag.py:545} INFO - Filling up the DagBag from /home/logi/txtai/venv/lib/python3.10/site-packages/airflow/example_dags/example_display_name.py
[2025-10-29T20:00:07.081+0530] {processor.py:840} INFO - DAG(s) 'example_display_name' retrieved from /home/logi/txtai/venv/lib/python3.10/site-packages/airflow/example_dags/example_display_name.py
[2025-10-29T20:00:07.107+0530] {logging_mixin.py:188} INFO - [2025-10-29T20:00:07.107+0530] {dag.py:3096} INFO - Sync 1 DAGs
[2025-10-29T20:00:07.122+0530] {logging_mixin.py:188} INFO - [2025-10-29T20:00:07.122+0530] {dag.py:3954} INFO - Setting next_dagrun for example_display_name to None, run_after=None
[2025-10-29T20:00:07.146+0530] {processor.py:183} INFO - Processing /home/logi/txtai/venv/lib/python3.10/site-packages/airflow/example_dags/example_display_name.py took 0.104 seconds
[2025-10-29T20:01:30.384+0530] {processor.py:161} INFO - Started process (PID=19944) to work on /home/logi/txtai/venv/lib/python3.10/site-packages/airflow/example_dags/example_display_name.py
[2025-10-29T20:01:30.397+0530] {processor.py:830} INFO - Processing file /home/logi/txtai/venv/lib/python3.10/site-packages/airflow/example_dags/example_display_name.py for tasks to queue
[2025-10-29T20:01:30.401+0530] {logging_mixin.py:188} INFO - [2025-10-29T20:01:30.400+0530] {dagbag.py:545} INFO - Filling up the DagBag from /home/logi/txtai/venv/lib/python3.10/site-packages/airflow/example_dags/example_display_name.py
[2025-10-29T20:01:30.416+0530] {processor.py:840} INFO - DAG(s) 'example_display_name' retrieved from /home/logi/txtai/venv/lib/python3.10/site-packages/airflow/example_dags/example_display_name.py
[2025-10-29T20:01:30.453+0530] {logging_mixin.py:188} INFO - [2025-10-29T20:01:30.452+0530] {dag.py:3096} INFO - Sync 1 DAGs
[2025-10-29T20:01:30.468+0530] {logging_mixin.py:188} INFO - [2025-10-29T20:01:30.467+0530] {dag.py:3954} INFO - Setting next_dagrun for example_display_name to None, run_after=None
[2025-10-29T20:01:30.490+0530] {processor.py:183} INFO - Processing /home/logi/txtai/venv/lib/python3.10/site-packages/airflow/example_dags/example_display_name.py took 0.118 seconds
[2025-10-29T20:02:27.111+0530] {processor.py:161} INFO - Started process (PID=20073) to work on /home/logi/txtai/venv/lib/python3.10/site-packages/airflow/example_dags/example_display_name.py
[2025-10-29T20:02:27.125+0530] {processor.py:830} INFO - Processing file /home/logi/txtai/venv/lib/python3.10/site-packages/airflow/example_dags/example_display_name.py for tasks to queue
[2025-10-29T20:02:27.128+0530] {logging_mixin.py:188} INFO - [2025-10-29T20:02:27.127+0530] {dagbag.py:545} INFO - Filling up the DagBag from /home/logi/txtai/venv/lib/python3.10/site-packages/airflow/example_dags/example_display_name.py
[2025-10-29T20:02:27.139+0530] {processor.py:840} INFO - DAG(s) 'example_display_name' retrieved from /home/logi/txtai/venv/lib/python3.10/site-packages/airflow/example_dags/example_display_name.py
[2025-10-29T20:02:27.165+0530] {logging_mixin.py:188} INFO - [2025-10-29T20:02:27.165+0530] {dag.py:3096} INFO - Sync 1 DAGs
[2025-10-29T20:02:27.180+0530] {logging_mixin.py:188} INFO - [2025-10-29T20:02:27.180+0530] {dag.py:3954} INFO - Setting next_dagrun for example_display_name to None, run_after=None
[2025-10-29T20:02:27.200+0530] {processor.py:183} INFO - Processing /home/logi/txtai/venv/lib/python3.10/site-packages/airflow/example_dags/example_display_name.py took 0.100 seconds
[2025-10-29T20:03:22.853+0530] {processor.py:161} INFO - Started process (PID=20187) to work on /home/logi/txtai/venv/lib/python3.10/site-packages/airflow/example_dags/example_display_name.py
[2025-10-29T20:03:22.867+0530] {processor.py:830} INFO - Processing file /home/logi/txtai/venv/lib/python3.10/site-packages/airflow/example_dags/example_display_name.py for tasks to queue
[2025-10-29T20:03:22.870+0530] {logging_mixin.py:188} INFO - [2025-10-29T20:03:22.869+0530] {dagbag.py:545} INFO - Filling up the DagBag from /home/logi/txtai/venv/lib/python3.10/site-packages/airflow/example_dags/example_display_name.py
[2025-10-29T20:03:22.882+0530] {processor.py:840} INFO - DAG(s) 'example_display_name' retrieved from /home/logi/txtai/venv/lib/python3.10/site-packages/airflow/example_dags/example_display_name.py
[2025-10-29T20:03:22.911+0530] {logging_mixin.py:188} INFO - [2025-10-29T20:03:22.910+0530] {dag.py:3096} INFO - Sync 1 DAGs
[2025-10-29T20:03:22.924+0530] {logging_mixin.py:188} INFO - [2025-10-29T20:03:22.924+0530] {dag.py:3954} INFO - Setting next_dagrun for example_display_name to None, run_after=None
[2025-10-29T20:03:22.955+0530] {processor.py:183} INFO - Processing /home/logi/txtai/venv/lib/python3.10/site-packages/airflow/example_dags/example_display_name.py took 0.117 seconds
[2025-10-29T20:04:27.625+0530] {processor.py:161} INFO - Started process (PID=20310) to work on /home/logi/txtai/venv/lib/python3.10/site-packages/airflow/example_dags/example_display_name.py
[2025-10-29T20:04:27.641+0530] {processor.py:830} INFO - Processing file /home/logi/txtai/venv/lib/python3.10/site-packages/airflow/example_dags/example_display_name.py for tasks to queue
[2025-10-29T20:04:27.647+0530] {logging_mixin.py:188} INFO - [2025-10-29T20:04:27.646+0530] {dagbag.py:545} INFO - Filling up the DagBag from /home/logi/txtai/venv/lib/python3.10/site-packages/airflow/example_dags/example_display_name.py
[2025-10-29T20:04:27.671+0530] {processor.py:840} INFO - DAG(s) 'example_display_name' retrieved from /home/logi/txtai/venv/lib/python3.10/site-packages/airflow/example_dags/example_display_name.py
[2025-10-29T20:04:27.721+0530] {logging_mixin.py:188} INFO - [2025-10-29T20:04:27.720+0530] {dag.py:3096} INFO - Sync 1 DAGs
[2025-10-29T20:04:27.773+0530] {logging_mixin.py:188} INFO - [2025-10-29T20:04:27.771+0530] {dag.py:3954} INFO - Setting next_dagrun for example_display_name to None, run_after=None
[2025-10-29T20:04:27.852+0530] {processor.py:183} INFO - Processing /home/logi/txtai/venv/lib/python3.10/site-packages/airflow/example_dags/example_display_name.py took 0.251 seconds
[2025-10-29T20:05:30.720+0530] {processor.py:161} INFO - Started process (PID=20462) to work on /home/logi/txtai/venv/lib/python3.10/site-packages/airflow/example_dags/example_display_name.py
[2025-10-29T20:05:30.721+0530] {processor.py:830} INFO - Processing file /home/logi/txtai/venv/lib/python3.10/site-packages/airflow/example_dags/example_display_name.py for tasks to queue
[2025-10-29T20:05:30.724+0530] {logging_mixin.py:188} INFO - [2025-10-29T20:05:30.724+0530] {dagbag.py:545} INFO - Filling up the DagBag from /home/logi/txtai/venv/lib/python3.10/site-packages/airflow/example_dags/example_display_name.py
[2025-10-29T20:05:30.739+0530] {processor.py:840} INFO - DAG(s) 'example_display_name' retrieved from /home/logi/txtai/venv/lib/python3.10/site-packages/airflow/example_dags/example_display_name.py
[2025-10-29T20:05:30.765+0530] {logging_mixin.py:188} INFO - [2025-10-29T20:05:30.765+0530] {dag.py:3096} INFO - Sync 1 DAGs
[2025-10-29T20:05:30.775+0530] {logging_mixin.py:188} INFO - [2025-10-29T20:05:30.774+0530] {dag.py:3954} INFO - Setting next_dagrun for example_display_name to None, run_after=None
[2025-10-29T20:05:30.803+0530] {processor.py:183} INFO - Processing /home/logi/txtai/venv/lib/python3.10/site-packages/airflow/example_dags/example_display_name.py took 0.095 seconds
[2025-10-29T20:06:28.148+0530] {processor.py:161} INFO - Started process (PID=20574) to work on /home/logi/txtai/venv/lib/python3.10/site-packages/airflow/example_dags/example_display_name.py
[2025-10-29T20:06:28.161+0530] {processor.py:830} INFO - Processing file /home/logi/txtai/venv/lib/python3.10/site-packages/airflow/example_dags/example_display_name.py for tasks to queue
[2025-10-29T20:06:28.164+0530] {logging_mixin.py:188} INFO - [2025-10-29T20:06:28.164+0530] {dagbag.py:545} INFO - Filling up the DagBag from /home/logi/txtai/venv/lib/python3.10/site-packages/airflow/example_dags/example_display_name.py
[2025-10-29T20:06:28.175+0530] {processor.py:840} INFO - DAG(s) 'example_display_name' retrieved from /home/logi/txtai/venv/lib/python3.10/site-packages/airflow/example_dags/example_display_name.py
[2025-10-29T20:06:28.202+0530] {logging_mixin.py:188} INFO - [2025-10-29T20:06:28.201+0530] {dag.py:3096} INFO - Sync 1 DAGs
[2025-10-29T20:06:28.216+0530] {logging_mixin.py:188} INFO - [2025-10-29T20:06:28.216+0530] {dag.py:3954} INFO - Setting next_dagrun for example_display_name to None, run_after=None
[2025-10-29T20:06:28.243+0530] {processor.py:183} INFO - Processing /home/logi/txtai/venv/lib/python3.10/site-packages/airflow/example_dags/example_display_name.py took 0.107 seconds
[2025-10-29T20:07:25.969+0530] {processor.py:161} INFO - Started process (PID=20685) to work on /home/logi/txtai/venv/lib/python3.10/site-packages/airflow/example_dags/example_display_name.py
[2025-10-29T20:07:25.982+0530] {processor.py:830} INFO - Processing file /home/logi/txtai/venv/lib/python3.10/site-packages/airflow/example_dags/example_display_name.py for tasks to queue
[2025-10-29T20:07:25.986+0530] {logging_mixin.py:188} INFO - [2025-10-29T20:07:25.985+0530] {dagbag.py:545} INFO - Filling up the DagBag from /home/logi/txtai/venv/lib/python3.10/site-packages/airflow/example_dags/example_display_name.py
[2025-10-29T20:07:25.996+0530] {processor.py:840} INFO - DAG(s) 'example_display_name' retrieved from /home/logi/txtai/venv/lib/python3.10/site-packages/airflow/example_dags/example_display_name.py
[2025-10-29T20:07:26.024+0530] {logging_mixin.py:188} INFO - [2025-10-29T20:07:26.023+0530] {dag.py:3096} INFO - Sync 1 DAGs
[2025-10-29T20:07:26.040+0530] {logging_mixin.py:188} INFO - [2025-10-29T20:07:26.040+0530] {dag.py:3954} INFO - Setting next_dagrun for example_display_name to None, run_after=None
[2025-10-29T20:07:26.072+0530] {processor.py:183} INFO - Processing /home/logi/txtai/venv/lib/python3.10/site-packages/airflow/example_dags/example_display_name.py took 0.123 seconds
[2025-10-29T20:08:22.857+0530] {processor.py:161} INFO - Started process (PID=20796) to work on /home/logi/txtai/venv/lib/python3.10/site-packages/airflow/example_dags/example_display_name.py
[2025-10-29T20:08:22.877+0530] {processor.py:830} INFO - Processing file /home/logi/txtai/venv/lib/python3.10/site-packages/airflow/example_dags/example_display_name.py for tasks to queue
[2025-10-29T20:08:22.883+0530] {logging_mixin.py:188} INFO - [2025-10-29T20:08:22.882+0530] {dagbag.py:545} INFO - Filling up the DagBag from /home/logi/txtai/venv/lib/python3.10/site-packages/airflow/example_dags/example_display_name.py
[2025-10-29T20:08:22.905+0530] {processor.py:840} INFO - DAG(s) 'example_display_name' retrieved from /home/logi/txtai/venv/lib/python3.10/site-packages/airflow/example_dags/example_display_name.py
[2025-10-29T20:08:22.952+0530] {logging_mixin.py:188} INFO - [2025-10-29T20:08:22.951+0530] {dag.py:3096} INFO - Sync 1 DAGs
[2025-10-29T20:08:22.979+0530] {logging_mixin.py:188} INFO - [2025-10-29T20:08:22.978+0530] {dag.py:3954} INFO - Setting next_dagrun for example_display_name to None, run_after=None
[2025-10-29T20:08:23.050+0530] {processor.py:183} INFO - Processing /home/logi/txtai/venv/lib/python3.10/site-packages/airflow/example_dags/example_display_name.py took 0.268 seconds
[2025-10-29T20:09:23.010+0530] {processor.py:161} INFO - Started process (PID=20913) to work on /home/logi/txtai/venv/lib/python3.10/site-packages/airflow/example_dags/example_display_name.py
[2025-10-29T20:09:23.023+0530] {processor.py:830} INFO - Processing file /home/logi/txtai/venv/lib/python3.10/site-packages/airflow/example_dags/example_display_name.py for tasks to queue
[2025-10-29T20:09:23.026+0530] {logging_mixin.py:188} INFO - [2025-10-29T20:09:23.025+0530] {dagbag.py:545} INFO - Filling up the DagBag from /home/logi/txtai/venv/lib/python3.10/site-packages/airflow/example_dags/example_display_name.py
[2025-10-29T20:09:23.036+0530] {processor.py:840} INFO - DAG(s) 'example_display_name' retrieved from /home/logi/txtai/venv/lib/python3.10/site-packages/airflow/example_dags/example_display_name.py
[2025-10-29T20:09:23.062+0530] {logging_mixin.py:188} INFO - [2025-10-29T20:09:23.062+0530] {dag.py:3096} INFO - Sync 1 DAGs
[2025-10-29T20:09:23.078+0530] {logging_mixin.py:188} INFO - [2025-10-29T20:09:23.077+0530] {dag.py:3954} INFO - Setting next_dagrun for example_display_name to None, run_after=None
[2025-10-29T20:09:23.105+0530] {processor.py:183} INFO - Processing /home/logi/txtai/venv/lib/python3.10/site-packages/airflow/example_dags/example_display_name.py took 0.107 seconds
[2025-10-29T20:10:19.324+0530] {processor.py:161} INFO - Started process (PID=21054) to work on /home/logi/txtai/venv/lib/python3.10/site-packages/airflow/example_dags/example_display_name.py
[2025-10-29T20:10:19.337+0530] {processor.py:830} INFO - Processing file /home/logi/txtai/venv/lib/python3.10/site-packages/airflow/example_dags/example_display_name.py for tasks to queue
[2025-10-29T20:10:19.340+0530] {logging_mixin.py:188} INFO - [2025-10-29T20:10:19.339+0530] {dagbag.py:545} INFO - Filling up the DagBag from /home/logi/txtai/venv/lib/python3.10/site-packages/airflow/example_dags/example_display_name.py
[2025-10-29T20:10:19.350+0530] {processor.py:840} INFO - DAG(s) 'example_display_name' retrieved from /home/logi/txtai/venv/lib/python3.10/site-packages/airflow/example_dags/example_display_name.py
[2025-10-29T20:10:19.377+0530] {logging_mixin.py:188} INFO - [2025-10-29T20:10:19.376+0530] {dag.py:3096} INFO - Sync 1 DAGs
[2025-10-29T20:10:19.391+0530] {logging_mixin.py:188} INFO - [2025-10-29T20:10:19.391+0530] {dag.py:3954} INFO - Setting next_dagrun for example_display_name to None, run_after=None
[2025-10-29T20:10:19.412+0530] {processor.py:183} INFO - Processing /home/logi/txtai/venv/lib/python3.10/site-packages/airflow/example_dags/example_display_name.py took 0.100 seconds
[2025-10-29T20:11:13.853+0530] {processor.py:161} INFO - Started process (PID=21164) to work on /home/logi/txtai/venv/lib/python3.10/site-packages/airflow/example_dags/example_display_name.py
[2025-10-29T20:11:13.863+0530] {processor.py:830} INFO - Processing file /home/logi/txtai/venv/lib/python3.10/site-packages/airflow/example_dags/example_display_name.py for tasks to queue
[2025-10-29T20:11:13.866+0530] {logging_mixin.py:188} INFO - [2025-10-29T20:11:13.865+0530] {dagbag.py:545} INFO - Filling up the DagBag from /home/logi/txtai/venv/lib/python3.10/site-packages/airflow/example_dags/example_display_name.py
[2025-10-29T20:11:13.876+0530] {processor.py:840} INFO - DAG(s) 'example_display_name' retrieved from /home/logi/txtai/venv/lib/python3.10/site-packages/airflow/example_dags/example_display_name.py
[2025-10-29T20:11:13.901+0530] {logging_mixin.py:188} INFO - [2025-10-29T20:11:13.901+0530] {dag.py:3096} INFO - Sync 1 DAGs
[2025-10-29T20:11:13.915+0530] {logging_mixin.py:188} INFO - [2025-10-29T20:11:13.915+0530] {dag.py:3954} INFO - Setting next_dagrun for example_display_name to None, run_after=None
[2025-10-29T20:11:13.938+0530] {processor.py:183} INFO - Processing /home/logi/txtai/venv/lib/python3.10/site-packages/airflow/example_dags/example_display_name.py took 0.096 seconds
[2025-10-29T20:12:29.539+0530] {processor.py:161} INFO - Started process (PID=21311) to work on /home/logi/txtai/venv/lib/python3.10/site-packages/airflow/example_dags/example_display_name.py
[2025-10-29T20:12:29.541+0530] {processor.py:830} INFO - Processing file /home/logi/txtai/venv/lib/python3.10/site-packages/airflow/example_dags/example_display_name.py for tasks to queue
[2025-10-29T20:12:29.544+0530] {logging_mixin.py:188} INFO - [2025-10-29T20:12:29.543+0530] {dagbag.py:545} INFO - Filling up the DagBag from /home/logi/txtai/venv/lib/python3.10/site-packages/airflow/example_dags/example_display_name.py
[2025-10-29T20:12:29.555+0530] {processor.py:840} INFO - DAG(s) 'example_display_name' retrieved from /home/logi/txtai/venv/lib/python3.10/site-packages/airflow/example_dags/example_display_name.py
[2025-10-29T20:12:29.579+0530] {logging_mixin.py:188} INFO - [2025-10-29T20:12:29.579+0530] {dag.py:3096} INFO - Sync 1 DAGs
[2025-10-29T20:12:29.589+0530] {logging_mixin.py:188} INFO - [2025-10-29T20:12:29.589+0530] {dag.py:3954} INFO - Setting next_dagrun for example_display_name to None, run_after=None
[2025-10-29T20:12:29.608+0530] {processor.py:183} INFO - Processing /home/logi/txtai/venv/lib/python3.10/site-packages/airflow/example_dags/example_display_name.py took 0.081 seconds
[2025-10-29T20:13:23.693+0530] {processor.py:161} INFO - Started process (PID=21419) to work on /home/logi/txtai/venv/lib/python3.10/site-packages/airflow/example_dags/example_display_name.py
[2025-10-29T20:13:23.707+0530] {processor.py:830} INFO - Processing file /home/logi/txtai/venv/lib/python3.10/site-packages/airflow/example_dags/example_display_name.py for tasks to queue
[2025-10-29T20:13:23.710+0530] {logging_mixin.py:188} INFO - [2025-10-29T20:13:23.710+0530] {dagbag.py:545} INFO - Filling up the DagBag from /home/logi/txtai/venv/lib/python3.10/site-packages/airflow/example_dags/example_display_name.py
[2025-10-29T20:13:23.721+0530] {processor.py:840} INFO - DAG(s) 'example_display_name' retrieved from /home/logi/txtai/venv/lib/python3.10/site-packages/airflow/example_dags/example_display_name.py
[2025-10-29T20:13:23.749+0530] {logging_mixin.py:188} INFO - [2025-10-29T20:13:23.748+0530] {dag.py:3096} INFO - Sync 1 DAGs
[2025-10-29T20:13:23.760+0530] {logging_mixin.py:188} INFO - [2025-10-29T20:13:23.760+0530] {dag.py:3954} INFO - Setting next_dagrun for example_display_name to None, run_after=None
[2025-10-29T20:13:23.786+0530] {processor.py:183} INFO - Processing /home/logi/txtai/venv/lib/python3.10/site-packages/airflow/example_dags/example_display_name.py took 0.104 seconds
[2025-10-29T20:14:43.367+0530] {processor.py:161} INFO - Started process (PID=21816) to work on /home/logi/txtai/venv/lib/python3.10/site-packages/airflow/example_dags/example_display_name.py
[2025-10-29T20:14:43.381+0530] {processor.py:830} INFO - Processing file /home/logi/txtai/venv/lib/python3.10/site-packages/airflow/example_dags/example_display_name.py for tasks to queue
[2025-10-29T20:14:43.385+0530] {logging_mixin.py:188} INFO - [2025-10-29T20:14:43.384+0530] {dagbag.py:545} INFO - Filling up the DagBag from /home/logi/txtai/venv/lib/python3.10/site-packages/airflow/example_dags/example_display_name.py
[2025-10-29T20:14:43.395+0530] {processor.py:840} INFO - DAG(s) 'example_display_name' retrieved from /home/logi/txtai/venv/lib/python3.10/site-packages/airflow/example_dags/example_display_name.py
[2025-10-29T20:14:43.423+0530] {logging_mixin.py:188} INFO - [2025-10-29T20:14:43.422+0530] {dag.py:3096} INFO - Sync 1 DAGs
[2025-10-29T20:14:43.440+0530] {logging_mixin.py:188} INFO - [2025-10-29T20:14:43.440+0530] {dag.py:3954} INFO - Setting next_dagrun for example_display_name to None, run_after=None
[2025-10-29T20:14:43.462+0530] {processor.py:183} INFO - Processing /home/logi/txtai/venv/lib/python3.10/site-packages/airflow/example_dags/example_display_name.py took 0.107 seconds
[2025-10-29T20:15:42.468+0530] {processor.py:161} INFO - Started process (PID=21930) to work on /home/logi/txtai/venv/lib/python3.10/site-packages/airflow/example_dags/example_display_name.py
[2025-10-29T20:15:42.481+0530] {processor.py:830} INFO - Processing file /home/logi/txtai/venv/lib/python3.10/site-packages/airflow/example_dags/example_display_name.py for tasks to queue
[2025-10-29T20:15:42.484+0530] {logging_mixin.py:188} INFO - [2025-10-29T20:15:42.484+0530] {dagbag.py:545} INFO - Filling up the DagBag from /home/logi/txtai/venv/lib/python3.10/site-packages/airflow/example_dags/example_display_name.py
[2025-10-29T20:15:42.496+0530] {processor.py:840} INFO - DAG(s) 'example_display_name' retrieved from /home/logi/txtai/venv/lib/python3.10/site-packages/airflow/example_dags/example_display_name.py
[2025-10-29T20:15:42.523+0530] {logging_mixin.py:188} INFO - [2025-10-29T20:15:42.522+0530] {dag.py:3096} INFO - Sync 1 DAGs
[2025-10-29T20:15:42.537+0530] {logging_mixin.py:188} INFO - [2025-10-29T20:15:42.537+0530] {dag.py:3954} INFO - Setting next_dagrun for example_display_name to None, run_after=None
[2025-10-29T20:15:42.556+0530] {processor.py:183} INFO - Processing /home/logi/txtai/venv/lib/python3.10/site-packages/airflow/example_dags/example_display_name.py took 0.100 seconds
[2025-10-29T20:16:58.186+0530] {processor.py:161} INFO - Started process (PID=22039) to work on /home/logi/txtai/venv/lib/python3.10/site-packages/airflow/example_dags/example_display_name.py
[2025-10-29T20:16:58.200+0530] {processor.py:830} INFO - Processing file /home/logi/txtai/venv/lib/python3.10/site-packages/airflow/example_dags/example_display_name.py for tasks to queue
[2025-10-29T20:16:58.203+0530] {logging_mixin.py:188} INFO - [2025-10-29T20:16:58.202+0530] {dagbag.py:545} INFO - Filling up the DagBag from /home/logi/txtai/venv/lib/python3.10/site-packages/airflow/example_dags/example_display_name.py
[2025-10-29T20:16:58.214+0530] {processor.py:840} INFO - DAG(s) 'example_display_name' retrieved from /home/logi/txtai/venv/lib/python3.10/site-packages/airflow/example_dags/example_display_name.py
[2025-10-29T20:16:58.239+0530] {logging_mixin.py:188} INFO - [2025-10-29T20:16:58.239+0530] {dag.py:3096} INFO - Sync 1 DAGs
[2025-10-29T20:16:58.256+0530] {logging_mixin.py:188} INFO - [2025-10-29T20:16:58.255+0530] {dag.py:3954} INFO - Setting next_dagrun for example_display_name to None, run_after=None
[2025-10-29T20:16:58.275+0530] {processor.py:183} INFO - Processing /home/logi/txtai/venv/lib/python3.10/site-packages/airflow/example_dags/example_display_name.py took 0.100 seconds
[2025-10-29T20:18:12.439+0530] {processor.py:161} INFO - Started process (PID=22141) to work on /home/logi/txtai/venv/lib/python3.10/site-packages/airflow/example_dags/example_display_name.py
[2025-10-29T20:18:12.453+0530] {processor.py:830} INFO - Processing file /home/logi/txtai/venv/lib/python3.10/site-packages/airflow/example_dags/example_display_name.py for tasks to queue
[2025-10-29T20:18:12.457+0530] {logging_mixin.py:188} INFO - [2025-10-29T20:18:12.457+0530] {dagbag.py:545} INFO - Filling up the DagBag from /home/logi/txtai/venv/lib/python3.10/site-packages/airflow/example_dags/example_display_name.py
[2025-10-29T20:18:12.467+0530] {processor.py:840} INFO - DAG(s) 'example_display_name' retrieved from /home/logi/txtai/venv/lib/python3.10/site-packages/airflow/example_dags/example_display_name.py
[2025-10-29T20:18:12.494+0530] {logging_mixin.py:188} INFO - [2025-10-29T20:18:12.493+0530] {dag.py:3096} INFO - Sync 1 DAGs
[2025-10-29T20:18:12.507+0530] {logging_mixin.py:188} INFO - [2025-10-29T20:18:12.507+0530] {dag.py:3954} INFO - Setting next_dagrun for example_display_name to None, run_after=None
[2025-10-29T20:18:12.534+0530] {processor.py:183} INFO - Processing /home/logi/txtai/venv/lib/python3.10/site-packages/airflow/example_dags/example_display_name.py took 0.107 seconds
[2025-10-29T20:19:09.590+0530] {processor.py:161} INFO - Started process (PID=22296) to work on /home/logi/txtai/venv/lib/python3.10/site-packages/airflow/example_dags/example_display_name.py
[2025-10-29T20:19:09.603+0530] {processor.py:830} INFO - Processing file /home/logi/txtai/venv/lib/python3.10/site-packages/airflow/example_dags/example_display_name.py for tasks to queue
[2025-10-29T20:19:09.606+0530] {logging_mixin.py:188} INFO - [2025-10-29T20:19:09.606+0530] {dagbag.py:545} INFO - Filling up the DagBag from /home/logi/txtai/venv/lib/python3.10/site-packages/airflow/example_dags/example_display_name.py
[2025-10-29T20:19:09.617+0530] {processor.py:840} INFO - DAG(s) 'example_display_name' retrieved from /home/logi/txtai/venv/lib/python3.10/site-packages/airflow/example_dags/example_display_name.py
[2025-10-29T20:19:09.644+0530] {logging_mixin.py:188} INFO - [2025-10-29T20:19:09.643+0530] {dag.py:3096} INFO - Sync 1 DAGs
[2025-10-29T20:19:09.657+0530] {logging_mixin.py:188} INFO - [2025-10-29T20:19:09.657+0530] {dag.py:3954} INFO - Setting next_dagrun for example_display_name to None, run_after=None
[2025-10-29T20:19:09.685+0530] {processor.py:183} INFO - Processing /home/logi/txtai/venv/lib/python3.10/site-packages/airflow/example_dags/example_display_name.py took 0.108 seconds
[2025-10-29T20:20:05.431+0530] {processor.py:161} INFO - Started process (PID=22395) to work on /home/logi/txtai/venv/lib/python3.10/site-packages/airflow/example_dags/example_display_name.py
[2025-10-29T20:20:05.445+0530] {processor.py:830} INFO - Processing file /home/logi/txtai/venv/lib/python3.10/site-packages/airflow/example_dags/example_display_name.py for tasks to queue
[2025-10-29T20:20:05.448+0530] {logging_mixin.py:188} INFO - [2025-10-29T20:20:05.447+0530] {dagbag.py:545} INFO - Filling up the DagBag from /home/logi/txtai/venv/lib/python3.10/site-packages/airflow/example_dags/example_display_name.py
[2025-10-29T20:20:05.459+0530] {processor.py:840} INFO - DAG(s) 'example_display_name' retrieved from /home/logi/txtai/venv/lib/python3.10/site-packages/airflow/example_dags/example_display_name.py
[2025-10-29T20:20:05.486+0530] {logging_mixin.py:188} INFO - [2025-10-29T20:20:05.486+0530] {dag.py:3096} INFO - Sync 1 DAGs
[2025-10-29T20:20:05.501+0530] {logging_mixin.py:188} INFO - [2025-10-29T20:20:05.501+0530] {dag.py:3954} INFO - Setting next_dagrun for example_display_name to None, run_after=None
[2025-10-29T20:20:05.521+0530] {processor.py:183} INFO - Processing /home/logi/txtai/venv/lib/python3.10/site-packages/airflow/example_dags/example_display_name.py took 0.101 seconds
[2025-10-29T20:21:28.386+0530] {processor.py:161} INFO - Started process (PID=22504) to work on /home/logi/txtai/venv/lib/python3.10/site-packages/airflow/example_dags/example_display_name.py
[2025-10-29T20:21:28.400+0530] {processor.py:830} INFO - Processing file /home/logi/txtai/venv/lib/python3.10/site-packages/airflow/example_dags/example_display_name.py for tasks to queue
[2025-10-29T20:21:28.403+0530] {logging_mixin.py:188} INFO - [2025-10-29T20:21:28.403+0530] {dagbag.py:545} INFO - Filling up the DagBag from /home/logi/txtai/venv/lib/python3.10/site-packages/airflow/example_dags/example_display_name.py
[2025-10-29T20:21:28.415+0530] {processor.py:840} INFO - DAG(s) 'example_display_name' retrieved from /home/logi/txtai/venv/lib/python3.10/site-packages/airflow/example_dags/example_display_name.py
[2025-10-29T20:21:28.446+0530] {logging_mixin.py:188} INFO - [2025-10-29T20:21:28.445+0530] {dag.py:3096} INFO - Sync 1 DAGs
[2025-10-29T20:21:28.461+0530] {logging_mixin.py:188} INFO - [2025-10-29T20:21:28.460+0530] {dag.py:3954} INFO - Setting next_dagrun for example_display_name to None, run_after=None
[2025-10-29T20:21:28.482+0530] {processor.py:183} INFO - Processing /home/logi/txtai/venv/lib/python3.10/site-packages/airflow/example_dags/example_display_name.py took 0.107 seconds
[2025-10-29T20:22:48.685+0530] {processor.py:161} INFO - Started process (PID=22611) to work on /home/logi/txtai/venv/lib/python3.10/site-packages/airflow/example_dags/example_display_name.py
[2025-10-29T20:22:48.699+0530] {processor.py:830} INFO - Processing file /home/logi/txtai/venv/lib/python3.10/site-packages/airflow/example_dags/example_display_name.py for tasks to queue
[2025-10-29T20:22:48.702+0530] {logging_mixin.py:188} INFO - [2025-10-29T20:22:48.701+0530] {dagbag.py:545} INFO - Filling up the DagBag from /home/logi/txtai/venv/lib/python3.10/site-packages/airflow/example_dags/example_display_name.py
[2025-10-29T20:22:48.712+0530] {processor.py:840} INFO - DAG(s) 'example_display_name' retrieved from /home/logi/txtai/venv/lib/python3.10/site-packages/airflow/example_dags/example_display_name.py
[2025-10-29T20:22:48.739+0530] {logging_mixin.py:188} INFO - [2025-10-29T20:22:48.738+0530] {dag.py:3096} INFO - Sync 1 DAGs
[2025-10-29T20:22:48.755+0530] {logging_mixin.py:188} INFO - [2025-10-29T20:22:48.754+0530] {dag.py:3954} INFO - Setting next_dagrun for example_display_name to None, run_after=None
[2025-10-29T20:22:48.782+0530] {processor.py:183} INFO - Processing /home/logi/txtai/venv/lib/python3.10/site-packages/airflow/example_dags/example_display_name.py took 0.110 seconds
[2025-10-29T20:23:43.511+0530] {processor.py:161} INFO - Started process (PID=22690) to work on /home/logi/txtai/venv/lib/python3.10/site-packages/airflow/example_dags/example_display_name.py
[2025-10-29T20:23:43.524+0530] {processor.py:830} INFO - Processing file /home/logi/txtai/venv/lib/python3.10/site-packages/airflow/example_dags/example_display_name.py for tasks to queue
[2025-10-29T20:23:43.526+0530] {logging_mixin.py:188} INFO - [2025-10-29T20:23:43.526+0530] {dagbag.py:545} INFO - Filling up the DagBag from /home/logi/txtai/venv/lib/python3.10/site-packages/airflow/example_dags/example_display_name.py
[2025-10-29T20:23:43.533+0530] {processor.py:840} INFO - DAG(s) 'example_display_name' retrieved from /home/logi/txtai/venv/lib/python3.10/site-packages/airflow/example_dags/example_display_name.py
[2025-10-29T20:23:43.558+0530] {logging_mixin.py:188} INFO - [2025-10-29T20:23:43.557+0530] {dag.py:3096} INFO - Sync 1 DAGs
[2025-10-29T20:23:43.568+0530] {logging_mixin.py:188} INFO - [2025-10-29T20:23:43.568+0530] {dag.py:3954} INFO - Setting next_dagrun for example_display_name to None, run_after=None
[2025-10-29T20:23:43.587+0530] {processor.py:183} INFO - Processing /home/logi/txtai/venv/lib/python3.10/site-packages/airflow/example_dags/example_display_name.py took 0.084 seconds
[2025-10-29T20:24:41.904+0530] {processor.py:161} INFO - Started process (PID=22820) to work on /home/logi/txtai/venv/lib/python3.10/site-packages/airflow/example_dags/example_display_name.py
[2025-10-29T20:24:41.917+0530] {processor.py:830} INFO - Processing file /home/logi/txtai/venv/lib/python3.10/site-packages/airflow/example_dags/example_display_name.py for tasks to queue
[2025-10-29T20:24:41.920+0530] {logging_mixin.py:188} INFO - [2025-10-29T20:24:41.919+0530] {dagbag.py:545} INFO - Filling up the DagBag from /home/logi/txtai/venv/lib/python3.10/site-packages/airflow/example_dags/example_display_name.py
[2025-10-29T20:24:41.930+0530] {processor.py:840} INFO - DAG(s) 'example_display_name' retrieved from /home/logi/txtai/venv/lib/python3.10/site-packages/airflow/example_dags/example_display_name.py
[2025-10-29T20:24:41.955+0530] {logging_mixin.py:188} INFO - [2025-10-29T20:24:41.955+0530] {dag.py:3096} INFO - Sync 1 DAGs
[2025-10-29T20:24:41.971+0530] {logging_mixin.py:188} INFO - [2025-10-29T20:24:41.971+0530] {dag.py:3954} INFO - Setting next_dagrun for example_display_name to None, run_after=None
[2025-10-29T20:24:41.991+0530] {processor.py:183} INFO - Processing /home/logi/txtai/venv/lib/python3.10/site-packages/airflow/example_dags/example_display_name.py took 0.098 seconds
[2025-10-29T20:25:57.956+0530] {processor.py:161} INFO - Started process (PID=22956) to work on /home/logi/txtai/venv/lib/python3.10/site-packages/airflow/example_dags/example_display_name.py
[2025-10-29T20:25:57.970+0530] {processor.py:830} INFO - Processing file /home/logi/txtai/venv/lib/python3.10/site-packages/airflow/example_dags/example_display_name.py for tasks to queue
[2025-10-29T20:25:57.973+0530] {logging_mixin.py:188} INFO - [2025-10-29T20:25:57.972+0530] {dagbag.py:545} INFO - Filling up the DagBag from /home/logi/txtai/venv/lib/python3.10/site-packages/airflow/example_dags/example_display_name.py
[2025-10-29T20:25:57.983+0530] {processor.py:840} INFO - DAG(s) 'example_display_name' retrieved from /home/logi/txtai/venv/lib/python3.10/site-packages/airflow/example_dags/example_display_name.py
[2025-10-29T20:25:58.008+0530] {logging_mixin.py:188} INFO - [2025-10-29T20:25:58.007+0530] {dag.py:3096} INFO - Sync 1 DAGs
[2025-10-29T20:25:58.023+0530] {logging_mixin.py:188} INFO - [2025-10-29T20:25:58.023+0530] {dag.py:3954} INFO - Setting next_dagrun for example_display_name to None, run_after=None
[2025-10-29T20:25:58.047+0530] {processor.py:183} INFO - Processing /home/logi/txtai/venv/lib/python3.10/site-packages/airflow/example_dags/example_display_name.py took 0.103 seconds
[2025-10-29T20:27:16.645+0530] {processor.py:161} INFO - Started process (PID=23222) to work on /home/logi/txtai/venv/lib/python3.10/site-packages/airflow/example_dags/example_display_name.py
[2025-10-29T20:27:16.659+0530] {processor.py:830} INFO - Processing file /home/logi/txtai/venv/lib/python3.10/site-packages/airflow/example_dags/example_display_name.py for tasks to queue
[2025-10-29T20:27:16.662+0530] {logging_mixin.py:188} INFO - [2025-10-29T20:27:16.662+0530] {dagbag.py:545} INFO - Filling up the DagBag from /home/logi/txtai/venv/lib/python3.10/site-packages/airflow/example_dags/example_display_name.py
[2025-10-29T20:27:16.673+0530] {processor.py:840} INFO - DAG(s) 'example_display_name' retrieved from /home/logi/txtai/venv/lib/python3.10/site-packages/airflow/example_dags/example_display_name.py
[2025-10-29T20:27:16.700+0530] {logging_mixin.py:188} INFO - [2025-10-29T20:27:16.700+0530] {dag.py:3096} INFO - Sync 1 DAGs
[2025-10-29T20:27:16.715+0530] {logging_mixin.py:188} INFO - [2025-10-29T20:27:16.715+0530] {dag.py:3954} INFO - Setting next_dagrun for example_display_name to None, run_after=None
[2025-10-29T20:27:16.735+0530] {processor.py:183} INFO - Processing /home/logi/txtai/venv/lib/python3.10/site-packages/airflow/example_dags/example_display_name.py took 0.100 seconds
[2025-10-29T20:28:28.847+0530] {processor.py:161} INFO - Started process (PID=23339) to work on /home/logi/txtai/venv/lib/python3.10/site-packages/airflow/example_dags/example_display_name.py
[2025-10-29T20:28:28.860+0530] {processor.py:830} INFO - Processing file /home/logi/txtai/venv/lib/python3.10/site-packages/airflow/example_dags/example_display_name.py for tasks to queue
[2025-10-29T20:28:28.863+0530] {logging_mixin.py:188} INFO - [2025-10-29T20:28:28.863+0530] {dagbag.py:545} INFO - Filling up the DagBag from /home/logi/txtai/venv/lib/python3.10/site-packages/airflow/example_dags/example_display_name.py
[2025-10-29T20:28:28.874+0530] {processor.py:840} INFO - DAG(s) 'example_display_name' retrieved from /home/logi/txtai/venv/lib/python3.10/site-packages/airflow/example_dags/example_display_name.py
[2025-10-29T20:28:28.899+0530] {logging_mixin.py:188} INFO - [2025-10-29T20:28:28.899+0530] {dag.py:3096} INFO - Sync 1 DAGs
[2025-10-29T20:28:28.914+0530] {logging_mixin.py:188} INFO - [2025-10-29T20:28:28.914+0530] {dag.py:3954} INFO - Setting next_dagrun for example_display_name to None, run_after=None
[2025-10-29T20:28:28.934+0530] {processor.py:183} INFO - Processing /home/logi/txtai/venv/lib/python3.10/site-packages/airflow/example_dags/example_display_name.py took 0.099 seconds
[2025-10-29T20:29:50.347+0530] {processor.py:161} INFO - Started process (PID=23474) to work on /home/logi/txtai/venv/lib/python3.10/site-packages/airflow/example_dags/example_display_name.py
[2025-10-29T20:29:50.360+0530] {processor.py:830} INFO - Processing file /home/logi/txtai/venv/lib/python3.10/site-packages/airflow/example_dags/example_display_name.py for tasks to queue
[2025-10-29T20:29:50.364+0530] {logging_mixin.py:188} INFO - [2025-10-29T20:29:50.363+0530] {dagbag.py:545} INFO - Filling up the DagBag from /home/logi/txtai/venv/lib/python3.10/site-packages/airflow/example_dags/example_display_name.py
[2025-10-29T20:29:50.376+0530] {processor.py:840} INFO - DAG(s) 'example_display_name' retrieved from /home/logi/txtai/venv/lib/python3.10/site-packages/airflow/example_dags/example_display_name.py
[2025-10-29T20:29:50.407+0530] {logging_mixin.py:188} INFO - [2025-10-29T20:29:50.407+0530] {dag.py:3096} INFO - Sync 1 DAGs
[2025-10-29T20:29:50.420+0530] {logging_mixin.py:188} INFO - [2025-10-29T20:29:50.420+0530] {dag.py:3954} INFO - Setting next_dagrun for example_display_name to None, run_after=None
[2025-10-29T20:29:50.444+0530] {processor.py:183} INFO - Processing /home/logi/txtai/venv/lib/python3.10/site-packages/airflow/example_dags/example_display_name.py took 0.109 seconds
[2025-10-29T20:30:45.031+0530] {processor.py:161} INFO - Started process (PID=23564) to work on /home/logi/txtai/venv/lib/python3.10/site-packages/airflow/example_dags/example_display_name.py
[2025-10-29T20:30:45.044+0530] {processor.py:830} INFO - Processing file /home/logi/txtai/venv/lib/python3.10/site-packages/airflow/example_dags/example_display_name.py for tasks to queue
[2025-10-29T20:30:45.047+0530] {logging_mixin.py:188} INFO - [2025-10-29T20:30:45.046+0530] {dagbag.py:545} INFO - Filling up the DagBag from /home/logi/txtai/venv/lib/python3.10/site-packages/airflow/example_dags/example_display_name.py
[2025-10-29T20:30:45.057+0530] {processor.py:840} INFO - DAG(s) 'example_display_name' retrieved from /home/logi/txtai/venv/lib/python3.10/site-packages/airflow/example_dags/example_display_name.py
[2025-10-29T20:30:45.083+0530] {logging_mixin.py:188} INFO - [2025-10-29T20:30:45.082+0530] {dag.py:3096} INFO - Sync 1 DAGs
[2025-10-29T20:30:45.099+0530] {logging_mixin.py:188} INFO - [2025-10-29T20:30:45.099+0530] {dag.py:3954} INFO - Setting next_dagrun for example_display_name to None, run_after=None
[2025-10-29T20:30:45.118+0530] {processor.py:183} INFO - Processing /home/logi/txtai/venv/lib/python3.10/site-packages/airflow/example_dags/example_display_name.py took 0.099 seconds
[2025-10-29T20:32:02.837+0530] {processor.py:161} INFO - Started process (PID=23668) to work on /home/logi/txtai/venv/lib/python3.10/site-packages/airflow/example_dags/example_display_name.py
[2025-10-29T20:32:02.852+0530] {processor.py:830} INFO - Processing file /home/logi/txtai/venv/lib/python3.10/site-packages/airflow/example_dags/example_display_name.py for tasks to queue
[2025-10-29T20:32:02.855+0530] {logging_mixin.py:188} INFO - [2025-10-29T20:32:02.854+0530] {dagbag.py:545} INFO - Filling up the DagBag from /home/logi/txtai/venv/lib/python3.10/site-packages/airflow/example_dags/example_display_name.py
[2025-10-29T20:32:02.865+0530] {processor.py:840} INFO - DAG(s) 'example_display_name' retrieved from /home/logi/txtai/venv/lib/python3.10/site-packages/airflow/example_dags/example_display_name.py
[2025-10-29T20:32:02.891+0530] {logging_mixin.py:188} INFO - [2025-10-29T20:32:02.891+0530] {dag.py:3096} INFO - Sync 1 DAGs
[2025-10-29T20:32:02.907+0530] {logging_mixin.py:188} INFO - [2025-10-29T20:32:02.906+0530] {dag.py:3954} INFO - Setting next_dagrun for example_display_name to None, run_after=None
[2025-10-29T20:32:02.927+0530] {processor.py:183} INFO - Processing /home/logi/txtai/venv/lib/python3.10/site-packages/airflow/example_dags/example_display_name.py took 0.101 seconds
[2025-10-29T20:33:21.626+0530] {processor.py:161} INFO - Started process (PID=23785) to work on /home/logi/txtai/venv/lib/python3.10/site-packages/airflow/example_dags/example_display_name.py
[2025-10-29T20:33:21.639+0530] {processor.py:830} INFO - Processing file /home/logi/txtai/venv/lib/python3.10/site-packages/airflow/example_dags/example_display_name.py for tasks to queue
[2025-10-29T20:33:21.642+0530] {logging_mixin.py:188} INFO - [2025-10-29T20:33:21.641+0530] {dagbag.py:545} INFO - Filling up the DagBag from /home/logi/txtai/venv/lib/python3.10/site-packages/airflow/example_dags/example_display_name.py
[2025-10-29T20:33:21.652+0530] {processor.py:840} INFO - DAG(s) 'example_display_name' retrieved from /home/logi/txtai/venv/lib/python3.10/site-packages/airflow/example_dags/example_display_name.py
[2025-10-29T20:33:21.680+0530] {logging_mixin.py:188} INFO - [2025-10-29T20:33:21.680+0530] {dag.py:3096} INFO - Sync 1 DAGs
[2025-10-29T20:33:21.695+0530] {logging_mixin.py:188} INFO - [2025-10-29T20:33:21.695+0530] {dag.py:3954} INFO - Setting next_dagrun for example_display_name to None, run_after=None
[2025-10-29T20:33:21.715+0530] {processor.py:183} INFO - Processing /home/logi/txtai/venv/lib/python3.10/site-packages/airflow/example_dags/example_display_name.py took 0.101 seconds
[2025-10-29T20:34:36.270+0530] {processor.py:161} INFO - Started process (PID=23906) to work on /home/logi/txtai/venv/lib/python3.10/site-packages/airflow/example_dags/example_display_name.py
[2025-10-29T20:34:36.283+0530] {processor.py:830} INFO - Processing file /home/logi/txtai/venv/lib/python3.10/site-packages/airflow/example_dags/example_display_name.py for tasks to queue
[2025-10-29T20:34:36.286+0530] {logging_mixin.py:188} INFO - [2025-10-29T20:34:36.286+0530] {dagbag.py:545} INFO - Filling up the DagBag from /home/logi/txtai/venv/lib/python3.10/site-packages/airflow/example_dags/example_display_name.py
[2025-10-29T20:34:36.297+0530] {processor.py:840} INFO - DAG(s) 'example_display_name' retrieved from /home/logi/txtai/venv/lib/python3.10/site-packages/airflow/example_dags/example_display_name.py
[2025-10-29T20:34:36.325+0530] {logging_mixin.py:188} INFO - [2025-10-29T20:34:36.324+0530] {dag.py:3096} INFO - Sync 1 DAGs
[2025-10-29T20:34:36.337+0530] {logging_mixin.py:188} INFO - [2025-10-29T20:34:36.337+0530] {dag.py:3954} INFO - Setting next_dagrun for example_display_name to None, run_after=None
[2025-10-29T20:34:36.356+0530] {processor.py:183} INFO - Processing /home/logi/txtai/venv/lib/python3.10/site-packages/airflow/example_dags/example_display_name.py took 0.098 seconds
[2025-10-29T20:35:53.902+0530] {processor.py:161} INFO - Started process (PID=24032) to work on /home/logi/txtai/venv/lib/python3.10/site-packages/airflow/example_dags/example_display_name.py
[2025-10-29T20:35:53.915+0530] {processor.py:830} INFO - Processing file /home/logi/txtai/venv/lib/python3.10/site-packages/airflow/example_dags/example_display_name.py for tasks to queue
[2025-10-29T20:35:53.918+0530] {logging_mixin.py:188} INFO - [2025-10-29T20:35:53.918+0530] {dagbag.py:545} INFO - Filling up the DagBag from /home/logi/txtai/venv/lib/python3.10/site-packages/airflow/example_dags/example_display_name.py
[2025-10-29T20:35:53.929+0530] {processor.py:840} INFO - DAG(s) 'example_display_name' retrieved from /home/logi/txtai/venv/lib/python3.10/site-packages/airflow/example_dags/example_display_name.py
[2025-10-29T20:35:53.956+0530] {logging_mixin.py:188} INFO - [2025-10-29T20:35:53.956+0530] {dag.py:3096} INFO - Sync 1 DAGs
[2025-10-29T20:35:53.971+0530] {logging_mixin.py:188} INFO - [2025-10-29T20:35:53.970+0530] {dag.py:3954} INFO - Setting next_dagrun for example_display_name to None, run_after=None
[2025-10-29T20:35:53.991+0530] {processor.py:183} INFO - Processing /home/logi/txtai/venv/lib/python3.10/site-packages/airflow/example_dags/example_display_name.py took 0.101 seconds
[2025-10-29T20:37:14.125+0530] {processor.py:161} INFO - Started process (PID=24126) to work on /home/logi/txtai/venv/lib/python3.10/site-packages/airflow/example_dags/example_display_name.py
[2025-10-29T20:37:14.139+0530] {processor.py:830} INFO - Processing file /home/logi/txtai/venv/lib/python3.10/site-packages/airflow/example_dags/example_display_name.py for tasks to queue
[2025-10-29T20:37:14.142+0530] {logging_mixin.py:188} INFO - [2025-10-29T20:37:14.141+0530] {dagbag.py:545} INFO - Filling up the DagBag from /home/logi/txtai/venv/lib/python3.10/site-packages/airflow/example_dags/example_display_name.py
[2025-10-29T20:37:14.153+0530] {processor.py:840} INFO - DAG(s) 'example_display_name' retrieved from /home/logi/txtai/venv/lib/python3.10/site-packages/airflow/example_dags/example_display_name.py
[2025-10-29T20:37:14.180+0530] {logging_mixin.py:188} INFO - [2025-10-29T20:37:14.179+0530] {dag.py:3096} INFO - Sync 1 DAGs
[2025-10-29T20:37:14.194+0530] {logging_mixin.py:188} INFO - [2025-10-29T20:37:14.194+0530] {dag.py:3954} INFO - Setting next_dagrun for example_display_name to None, run_after=None
[2025-10-29T20:37:14.214+0530] {processor.py:183} INFO - Processing /home/logi/txtai/venv/lib/python3.10/site-packages/airflow/example_dags/example_display_name.py took 0.101 seconds
