[2025-10-29T19:30:15.657+0530] {processor.py:161} INFO - Started process (PID=16362) to work on /home/logi/txtai/venv/lib/python3.10/site-packages/airflow/example_dags/example_complex.py
[2025-10-29T19:30:15.658+0530] {processor.py:830} INFO - Processing file /home/logi/txtai/venv/lib/python3.10/site-packages/airflow/example_dags/example_complex.py for tasks to queue
[2025-10-29T19:30:15.660+0530] {logging_mixin.py:188} INFO - [2025-10-29T19:30:15.660+0530] {dagbag.py:545} INFO - Filling up the DagBag from /home/logi/txtai/venv/lib/python3.10/site-packages/airflow/example_dags/example_complex.py
[2025-10-29T19:30:15.676+0530] {processor.py:840} INFO - DAG(s) 'example_complex' retrieved from /home/logi/txtai/venv/lib/python3.10/site-packages/airflow/example_dags/example_complex.py
[2025-10-29T19:30:15.766+0530] {logging_mixin.py:188} INFO - [2025-10-29T19:30:15.766+0530] {override.py:1829} INFO - Created Permission View: can read on DAG:example_complex
[2025-10-29T19:30:15.774+0530] {logging_mixin.py:188} INFO - [2025-10-29T19:30:15.774+0530] {override.py:1829} INFO - Created Permission View: can edit on DAG:example_complex
[2025-10-29T19:30:15.783+0530] {logging_mixin.py:188} INFO - [2025-10-29T19:30:15.782+0530] {override.py:1829} INFO - Created Permission View: can delete on DAG:example_complex
[2025-10-29T19:30:15.783+0530] {logging_mixin.py:188} INFO - [2025-10-29T19:30:15.783+0530] {dag.py:3096} INFO - Sync 1 DAGs
[2025-10-29T19:30:15.791+0530] {logging_mixin.py:188} INFO - [2025-10-29T19:30:15.790+0530] {dag.py:3118} INFO - Creating ORM DAG for example_complex
[2025-10-29T19:30:15.791+0530] {logging_mixin.py:188} INFO - [2025-10-29T19:30:15.791+0530] {dag.py:3954} INFO - Setting next_dagrun for example_complex to None, run_after=None
[2025-10-29T19:30:15.808+0530] {processor.py:183} INFO - Processing /home/logi/txtai/venv/lib/python3.10/site-packages/airflow/example_dags/example_complex.py took 0.163 seconds
[2025-10-29T19:31:10.298+0530] {processor.py:161} INFO - Started process (PID=16572) to work on /home/logi/txtai/venv/lib/python3.10/site-packages/airflow/example_dags/example_complex.py
[2025-10-29T19:31:10.310+0530] {processor.py:830} INFO - Processing file /home/logi/txtai/venv/lib/python3.10/site-packages/airflow/example_dags/example_complex.py for tasks to queue
[2025-10-29T19:31:10.312+0530] {logging_mixin.py:188} INFO - [2025-10-29T19:31:10.312+0530] {dagbag.py:545} INFO - Filling up the DagBag from /home/logi/txtai/venv/lib/python3.10/site-packages/airflow/example_dags/example_complex.py
[2025-10-29T19:31:10.321+0530] {processor.py:840} INFO - DAG(s) 'example_complex' retrieved from /home/logi/txtai/venv/lib/python3.10/site-packages/airflow/example_dags/example_complex.py
[2025-10-29T19:31:10.349+0530] {logging_mixin.py:188} INFO - [2025-10-29T19:31:10.349+0530] {dag.py:3096} INFO - Sync 1 DAGs
[2025-10-29T19:31:10.360+0530] {logging_mixin.py:188} INFO - [2025-10-29T19:31:10.360+0530] {dag.py:3954} INFO - Setting next_dagrun for example_complex to None, run_after=None
[2025-10-29T19:31:10.378+0530] {processor.py:183} INFO - Processing /home/logi/txtai/venv/lib/python3.10/site-packages/airflow/example_dags/example_complex.py took 0.089 seconds
[2025-10-29T19:32:17.943+0530] {processor.py:161} INFO - Started process (PID=16679) to work on /home/logi/txtai/venv/lib/python3.10/site-packages/airflow/example_dags/example_complex.py
[2025-10-29T19:32:17.944+0530] {processor.py:830} INFO - Processing file /home/logi/txtai/venv/lib/python3.10/site-packages/airflow/example_dags/example_complex.py for tasks to queue
[2025-10-29T19:32:17.945+0530] {logging_mixin.py:188} INFO - [2025-10-29T19:32:17.945+0530] {dagbag.py:545} INFO - Filling up the DagBag from /home/logi/txtai/venv/lib/python3.10/site-packages/airflow/example_dags/example_complex.py
[2025-10-29T19:32:17.954+0530] {processor.py:840} INFO - DAG(s) 'example_complex' retrieved from /home/logi/txtai/venv/lib/python3.10/site-packages/airflow/example_dags/example_complex.py
[2025-10-29T19:32:17.975+0530] {logging_mixin.py:188} INFO - [2025-10-29T19:32:17.974+0530] {dag.py:3096} INFO - Sync 1 DAGs
[2025-10-29T19:32:17.983+0530] {logging_mixin.py:188} INFO - [2025-10-29T19:32:17.983+0530] {dag.py:3954} INFO - Setting next_dagrun for example_complex to None, run_after=None
[2025-10-29T19:32:18.000+0530] {processor.py:183} INFO - Processing /home/logi/txtai/venv/lib/python3.10/site-packages/airflow/example_dags/example_complex.py took 0.063 seconds
[2025-10-29T19:33:13.306+0530] {processor.py:161} INFO - Started process (PID=16821) to work on /home/logi/txtai/venv/lib/python3.10/site-packages/airflow/example_dags/example_complex.py
[2025-10-29T19:33:13.308+0530] {processor.py:830} INFO - Processing file /home/logi/txtai/venv/lib/python3.10/site-packages/airflow/example_dags/example_complex.py for tasks to queue
[2025-10-29T19:33:13.310+0530] {logging_mixin.py:188} INFO - [2025-10-29T19:33:13.310+0530] {dagbag.py:545} INFO - Filling up the DagBag from /home/logi/txtai/venv/lib/python3.10/site-packages/airflow/example_dags/example_complex.py
[2025-10-29T19:33:13.329+0530] {processor.py:840} INFO - DAG(s) 'example_complex' retrieved from /home/logi/txtai/venv/lib/python3.10/site-packages/airflow/example_dags/example_complex.py
[2025-10-29T19:33:13.358+0530] {logging_mixin.py:188} INFO - [2025-10-29T19:33:13.357+0530] {dag.py:3096} INFO - Sync 1 DAGs
[2025-10-29T19:33:13.368+0530] {logging_mixin.py:188} INFO - [2025-10-29T19:33:13.368+0530] {dag.py:3954} INFO - Setting next_dagrun for example_complex to None, run_after=None
[2025-10-29T19:33:13.388+0530] {processor.py:183} INFO - Processing /home/logi/txtai/venv/lib/python3.10/site-packages/airflow/example_dags/example_complex.py took 0.094 seconds
[2025-10-29T19:34:25.968+0530] {processor.py:161} INFO - Started process (PID=16930) to work on /home/logi/txtai/venv/lib/python3.10/site-packages/airflow/example_dags/example_complex.py
[2025-10-29T19:34:25.982+0530] {processor.py:830} INFO - Processing file /home/logi/txtai/venv/lib/python3.10/site-packages/airflow/example_dags/example_complex.py for tasks to queue
[2025-10-29T19:34:25.985+0530] {logging_mixin.py:188} INFO - [2025-10-29T19:34:25.984+0530] {dagbag.py:545} INFO - Filling up the DagBag from /home/logi/txtai/venv/lib/python3.10/site-packages/airflow/example_dags/example_complex.py
[2025-10-29T19:34:26.004+0530] {processor.py:840} INFO - DAG(s) 'example_complex' retrieved from /home/logi/txtai/venv/lib/python3.10/site-packages/airflow/example_dags/example_complex.py
[2025-10-29T19:34:26.040+0530] {logging_mixin.py:188} INFO - [2025-10-29T19:34:26.039+0530] {dag.py:3096} INFO - Sync 1 DAGs
[2025-10-29T19:34:26.050+0530] {logging_mixin.py:188} INFO - [2025-10-29T19:34:26.050+0530] {dag.py:3954} INFO - Setting next_dagrun for example_complex to None, run_after=None
[2025-10-29T19:34:26.077+0530] {processor.py:183} INFO - Processing /home/logi/txtai/venv/lib/python3.10/site-packages/airflow/example_dags/example_complex.py took 0.121 seconds
[2025-10-29T19:35:39.062+0530] {processor.py:161} INFO - Started process (PID=17059) to work on /home/logi/txtai/venv/lib/python3.10/site-packages/airflow/example_dags/example_complex.py
[2025-10-29T19:35:39.076+0530] {processor.py:830} INFO - Processing file /home/logi/txtai/venv/lib/python3.10/site-packages/airflow/example_dags/example_complex.py for tasks to queue
[2025-10-29T19:35:39.079+0530] {logging_mixin.py:188} INFO - [2025-10-29T19:35:39.078+0530] {dagbag.py:545} INFO - Filling up the DagBag from /home/logi/txtai/venv/lib/python3.10/site-packages/airflow/example_dags/example_complex.py
[2025-10-29T19:35:39.098+0530] {processor.py:840} INFO - DAG(s) 'example_complex' retrieved from /home/logi/txtai/venv/lib/python3.10/site-packages/airflow/example_dags/example_complex.py
[2025-10-29T19:35:39.135+0530] {logging_mixin.py:188} INFO - [2025-10-29T19:35:39.135+0530] {dag.py:3096} INFO - Sync 1 DAGs
[2025-10-29T19:35:39.146+0530] {logging_mixin.py:188} INFO - [2025-10-29T19:35:39.145+0530] {dag.py:3954} INFO - Setting next_dagrun for example_complex to None, run_after=None
[2025-10-29T19:35:39.172+0530] {processor.py:183} INFO - Processing /home/logi/txtai/venv/lib/python3.10/site-packages/airflow/example_dags/example_complex.py took 0.121 seconds
[2025-10-29T19:36:55.099+0530] {processor.py:161} INFO - Started process (PID=17358) to work on /home/logi/txtai/venv/lib/python3.10/site-packages/airflow/example_dags/example_complex.py
[2025-10-29T19:36:55.102+0530] {processor.py:830} INFO - Processing file /home/logi/txtai/venv/lib/python3.10/site-packages/airflow/example_dags/example_complex.py for tasks to queue
[2025-10-29T19:36:55.105+0530] {logging_mixin.py:188} INFO - [2025-10-29T19:36:55.104+0530] {dagbag.py:545} INFO - Filling up the DagBag from /home/logi/txtai/venv/lib/python3.10/site-packages/airflow/example_dags/example_complex.py
[2025-10-29T19:36:55.123+0530] {processor.py:840} INFO - DAG(s) 'example_complex' retrieved from /home/logi/txtai/venv/lib/python3.10/site-packages/airflow/example_dags/example_complex.py
[2025-10-29T19:36:55.151+0530] {logging_mixin.py:188} INFO - [2025-10-29T19:36:55.151+0530] {dag.py:3096} INFO - Sync 1 DAGs
[2025-10-29T19:36:55.161+0530] {logging_mixin.py:188} INFO - [2025-10-29T19:36:55.161+0530] {dag.py:3954} INFO - Setting next_dagrun for example_complex to None, run_after=None
[2025-10-29T19:36:55.182+0530] {processor.py:183} INFO - Processing /home/logi/txtai/venv/lib/python3.10/site-packages/airflow/example_dags/example_complex.py took 0.094 seconds
[2025-10-29T19:37:47.475+0530] {processor.py:161} INFO - Started process (PID=17420) to work on /home/logi/txtai/venv/lib/python3.10/site-packages/airflow/example_dags/example_complex.py
[2025-10-29T19:37:47.488+0530] {processor.py:830} INFO - Processing file /home/logi/txtai/venv/lib/python3.10/site-packages/airflow/example_dags/example_complex.py for tasks to queue
[2025-10-29T19:37:47.491+0530] {logging_mixin.py:188} INFO - [2025-10-29T19:37:47.491+0530] {dagbag.py:545} INFO - Filling up the DagBag from /home/logi/txtai/venv/lib/python3.10/site-packages/airflow/example_dags/example_complex.py
[2025-10-29T19:37:47.510+0530] {processor.py:840} INFO - DAG(s) 'example_complex' retrieved from /home/logi/txtai/venv/lib/python3.10/site-packages/airflow/example_dags/example_complex.py
[2025-10-29T19:37:47.546+0530] {logging_mixin.py:188} INFO - [2025-10-29T19:37:47.546+0530] {dag.py:3096} INFO - Sync 1 DAGs
[2025-10-29T19:37:47.556+0530] {logging_mixin.py:188} INFO - [2025-10-29T19:37:47.556+0530] {dag.py:3954} INFO - Setting next_dagrun for example_complex to None, run_after=None
[2025-10-29T19:37:47.585+0530] {processor.py:183} INFO - Processing /home/logi/txtai/venv/lib/python3.10/site-packages/airflow/example_dags/example_complex.py took 0.121 seconds
[2025-10-29T19:39:05.439+0530] {processor.py:161} INFO - Started process (PID=17519) to work on /home/logi/txtai/venv/lib/python3.10/site-packages/airflow/example_dags/example_complex.py
[2025-10-29T19:39:05.452+0530] {processor.py:830} INFO - Processing file /home/logi/txtai/venv/lib/python3.10/site-packages/airflow/example_dags/example_complex.py for tasks to queue
[2025-10-29T19:39:05.455+0530] {logging_mixin.py:188} INFO - [2025-10-29T19:39:05.455+0530] {dagbag.py:545} INFO - Filling up the DagBag from /home/logi/txtai/venv/lib/python3.10/site-packages/airflow/example_dags/example_complex.py
[2025-10-29T19:39:05.474+0530] {processor.py:840} INFO - DAG(s) 'example_complex' retrieved from /home/logi/txtai/venv/lib/python3.10/site-packages/airflow/example_dags/example_complex.py
[2025-10-29T19:39:05.511+0530] {logging_mixin.py:188} INFO - [2025-10-29T19:39:05.511+0530] {dag.py:3096} INFO - Sync 1 DAGs
[2025-10-29T19:39:05.521+0530] {logging_mixin.py:188} INFO - [2025-10-29T19:39:05.521+0530] {dag.py:3954} INFO - Setting next_dagrun for example_complex to None, run_after=None
[2025-10-29T19:39:05.540+0530] {processor.py:183} INFO - Processing /home/logi/txtai/venv/lib/python3.10/site-packages/airflow/example_dags/example_complex.py took 0.113 seconds
[2025-10-29T19:39:59.733+0530] {processor.py:161} INFO - Started process (PID=17619) to work on /home/logi/txtai/venv/lib/python3.10/site-packages/airflow/example_dags/example_complex.py
[2025-10-29T19:39:59.748+0530] {processor.py:830} INFO - Processing file /home/logi/txtai/venv/lib/python3.10/site-packages/airflow/example_dags/example_complex.py for tasks to queue
[2025-10-29T19:39:59.751+0530] {logging_mixin.py:188} INFO - [2025-10-29T19:39:59.750+0530] {dagbag.py:545} INFO - Filling up the DagBag from /home/logi/txtai/venv/lib/python3.10/site-packages/airflow/example_dags/example_complex.py
[2025-10-29T19:39:59.769+0530] {processor.py:840} INFO - DAG(s) 'example_complex' retrieved from /home/logi/txtai/venv/lib/python3.10/site-packages/airflow/example_dags/example_complex.py
[2025-10-29T19:39:59.805+0530] {logging_mixin.py:188} INFO - [2025-10-29T19:39:59.805+0530] {dag.py:3096} INFO - Sync 1 DAGs
[2025-10-29T19:39:59.816+0530] {logging_mixin.py:188} INFO - [2025-10-29T19:39:59.815+0530] {dag.py:3954} INFO - Setting next_dagrun for example_complex to None, run_after=None
[2025-10-29T19:39:59.838+0530] {processor.py:183} INFO - Processing /home/logi/txtai/venv/lib/python3.10/site-packages/airflow/example_dags/example_complex.py took 0.115 seconds
[2025-10-29T19:41:12.205+0530] {processor.py:161} INFO - Started process (PID=17890) to work on /home/logi/txtai/venv/lib/python3.10/site-packages/airflow/example_dags/example_complex.py
[2025-10-29T19:41:12.219+0530] {processor.py:830} INFO - Processing file /home/logi/txtai/venv/lib/python3.10/site-packages/airflow/example_dags/example_complex.py for tasks to queue
[2025-10-29T19:41:12.222+0530] {logging_mixin.py:188} INFO - [2025-10-29T19:41:12.221+0530] {dagbag.py:545} INFO - Filling up the DagBag from /home/logi/txtai/venv/lib/python3.10/site-packages/airflow/example_dags/example_complex.py
[2025-10-29T19:41:12.240+0530] {processor.py:840} INFO - DAG(s) 'example_complex' retrieved from /home/logi/txtai/venv/lib/python3.10/site-packages/airflow/example_dags/example_complex.py
[2025-10-29T19:41:12.277+0530] {logging_mixin.py:188} INFO - [2025-10-29T19:41:12.277+0530] {dag.py:3096} INFO - Sync 1 DAGs
[2025-10-29T19:41:12.287+0530] {logging_mixin.py:188} INFO - [2025-10-29T19:41:12.287+0530] {dag.py:3954} INFO - Setting next_dagrun for example_complex to None, run_after=None
[2025-10-29T19:41:12.307+0530] {processor.py:183} INFO - Processing /home/logi/txtai/venv/lib/python3.10/site-packages/airflow/example_dags/example_complex.py took 0.114 seconds
[2025-10-29T19:42:04.387+0530] {processor.py:161} INFO - Started process (PID=17971) to work on /home/logi/txtai/venv/lib/python3.10/site-packages/airflow/example_dags/example_complex.py
[2025-10-29T19:42:04.400+0530] {processor.py:830} INFO - Processing file /home/logi/txtai/venv/lib/python3.10/site-packages/airflow/example_dags/example_complex.py for tasks to queue
[2025-10-29T19:42:04.403+0530] {logging_mixin.py:188} INFO - [2025-10-29T19:42:04.402+0530] {dagbag.py:545} INFO - Filling up the DagBag from /home/logi/txtai/venv/lib/python3.10/site-packages/airflow/example_dags/example_complex.py
[2025-10-29T19:42:04.421+0530] {processor.py:840} INFO - DAG(s) 'example_complex' retrieved from /home/logi/txtai/venv/lib/python3.10/site-packages/airflow/example_dags/example_complex.py
[2025-10-29T19:42:04.458+0530] {logging_mixin.py:188} INFO - [2025-10-29T19:42:04.458+0530] {dag.py:3096} INFO - Sync 1 DAGs
[2025-10-29T19:42:04.468+0530] {logging_mixin.py:188} INFO - [2025-10-29T19:42:04.467+0530] {dag.py:3954} INFO - Setting next_dagrun for example_complex to None, run_after=None
[2025-10-29T19:42:04.489+0530] {processor.py:183} INFO - Processing /home/logi/txtai/venv/lib/python3.10/site-packages/airflow/example_dags/example_complex.py took 0.113 seconds
[2025-10-29T19:42:56.767+0530] {processor.py:161} INFO - Started process (PID=18035) to work on /home/logi/txtai/venv/lib/python3.10/site-packages/airflow/example_dags/example_complex.py
[2025-10-29T19:42:56.781+0530] {processor.py:830} INFO - Processing file /home/logi/txtai/venv/lib/python3.10/site-packages/airflow/example_dags/example_complex.py for tasks to queue
[2025-10-29T19:42:56.784+0530] {logging_mixin.py:188} INFO - [2025-10-29T19:42:56.783+0530] {dagbag.py:545} INFO - Filling up the DagBag from /home/logi/txtai/venv/lib/python3.10/site-packages/airflow/example_dags/example_complex.py
[2025-10-29T19:42:56.796+0530] {processor.py:840} INFO - DAG(s) 'example_complex' retrieved from /home/logi/txtai/venv/lib/python3.10/site-packages/airflow/example_dags/example_complex.py
[2025-10-29T19:42:56.820+0530] {logging_mixin.py:188} INFO - [2025-10-29T19:42:56.820+0530] {dag.py:3096} INFO - Sync 1 DAGs
[2025-10-29T19:42:56.831+0530] {logging_mixin.py:188} INFO - [2025-10-29T19:42:56.831+0530] {dag.py:3954} INFO - Setting next_dagrun for example_complex to None, run_after=None
[2025-10-29T19:42:56.851+0530] {processor.py:183} INFO - Processing /home/logi/txtai/venv/lib/python3.10/site-packages/airflow/example_dags/example_complex.py took 0.093 seconds
[2025-10-29T19:43:50.675+0530] {processor.py:161} INFO - Started process (PID=18131) to work on /home/logi/txtai/venv/lib/python3.10/site-packages/airflow/example_dags/example_complex.py
[2025-10-29T19:43:50.688+0530] {processor.py:830} INFO - Processing file /home/logi/txtai/venv/lib/python3.10/site-packages/airflow/example_dags/example_complex.py for tasks to queue
[2025-10-29T19:43:50.691+0530] {logging_mixin.py:188} INFO - [2025-10-29T19:43:50.691+0530] {dagbag.py:545} INFO - Filling up the DagBag from /home/logi/txtai/venv/lib/python3.10/site-packages/airflow/example_dags/example_complex.py
[2025-10-29T19:43:50.710+0530] {processor.py:840} INFO - DAG(s) 'example_complex' retrieved from /home/logi/txtai/venv/lib/python3.10/site-packages/airflow/example_dags/example_complex.py
[2025-10-29T19:43:50.740+0530] {logging_mixin.py:188} INFO - [2025-10-29T19:43:50.739+0530] {dag.py:3096} INFO - Sync 1 DAGs
[2025-10-29T19:43:50.750+0530] {logging_mixin.py:188} INFO - [2025-10-29T19:43:50.750+0530] {dag.py:3954} INFO - Setting next_dagrun for example_complex to None, run_after=None
[2025-10-29T19:43:50.770+0530] {processor.py:183} INFO - Processing /home/logi/txtai/venv/lib/python3.10/site-packages/airflow/example_dags/example_complex.py took 0.104 seconds
[2025-10-29T19:44:43.850+0530] {processor.py:161} INFO - Started process (PID=18223) to work on /home/logi/txtai/venv/lib/python3.10/site-packages/airflow/example_dags/example_complex.py
[2025-10-29T19:44:43.863+0530] {processor.py:830} INFO - Processing file /home/logi/txtai/venv/lib/python3.10/site-packages/airflow/example_dags/example_complex.py for tasks to queue
[2025-10-29T19:44:43.866+0530] {logging_mixin.py:188} INFO - [2025-10-29T19:44:43.866+0530] {dagbag.py:545} INFO - Filling up the DagBag from /home/logi/txtai/venv/lib/python3.10/site-packages/airflow/example_dags/example_complex.py
[2025-10-29T19:44:43.884+0530] {processor.py:840} INFO - DAG(s) 'example_complex' retrieved from /home/logi/txtai/venv/lib/python3.10/site-packages/airflow/example_dags/example_complex.py
[2025-10-29T19:44:43.920+0530] {logging_mixin.py:188} INFO - [2025-10-29T19:44:43.919+0530] {dag.py:3096} INFO - Sync 1 DAGs
[2025-10-29T19:44:43.928+0530] {logging_mixin.py:188} INFO - [2025-10-29T19:44:43.928+0530] {dag.py:3954} INFO - Setting next_dagrun for example_complex to None, run_after=None
[2025-10-29T19:44:43.962+0530] {processor.py:183} INFO - Processing /home/logi/txtai/venv/lib/python3.10/site-packages/airflow/example_dags/example_complex.py took 0.123 seconds
[2025-10-29T19:45:37.538+0530] {processor.py:161} INFO - Started process (PID=18307) to work on /home/logi/txtai/venv/lib/python3.10/site-packages/airflow/example_dags/example_complex.py
[2025-10-29T19:45:37.552+0530] {processor.py:830} INFO - Processing file /home/logi/txtai/venv/lib/python3.10/site-packages/airflow/example_dags/example_complex.py for tasks to queue
[2025-10-29T19:45:37.555+0530] {logging_mixin.py:188} INFO - [2025-10-29T19:45:37.554+0530] {dagbag.py:545} INFO - Filling up the DagBag from /home/logi/txtai/venv/lib/python3.10/site-packages/airflow/example_dags/example_complex.py
[2025-10-29T19:45:37.574+0530] {processor.py:840} INFO - DAG(s) 'example_complex' retrieved from /home/logi/txtai/venv/lib/python3.10/site-packages/airflow/example_dags/example_complex.py
[2025-10-29T19:45:37.608+0530] {logging_mixin.py:188} INFO - [2025-10-29T19:45:37.608+0530] {dag.py:3096} INFO - Sync 1 DAGs
[2025-10-29T19:45:37.618+0530] {logging_mixin.py:188} INFO - [2025-10-29T19:45:37.618+0530] {dag.py:3954} INFO - Setting next_dagrun for example_complex to None, run_after=None
[2025-10-29T19:45:37.644+0530] {processor.py:183} INFO - Processing /home/logi/txtai/venv/lib/python3.10/site-packages/airflow/example_dags/example_complex.py took 0.118 seconds
[2025-10-29T19:46:32.470+0530] {processor.py:161} INFO - Started process (PID=18372) to work on /home/logi/txtai/venv/lib/python3.10/site-packages/airflow/example_dags/example_complex.py
[2025-10-29T19:46:32.483+0530] {processor.py:830} INFO - Processing file /home/logi/txtai/venv/lib/python3.10/site-packages/airflow/example_dags/example_complex.py for tasks to queue
[2025-10-29T19:46:32.487+0530] {logging_mixin.py:188} INFO - [2025-10-29T19:46:32.486+0530] {dagbag.py:545} INFO - Filling up the DagBag from /home/logi/txtai/venv/lib/python3.10/site-packages/airflow/example_dags/example_complex.py
[2025-10-29T19:46:32.506+0530] {processor.py:840} INFO - DAG(s) 'example_complex' retrieved from /home/logi/txtai/venv/lib/python3.10/site-packages/airflow/example_dags/example_complex.py
[2025-10-29T19:46:32.544+0530] {logging_mixin.py:188} INFO - [2025-10-29T19:46:32.544+0530] {dag.py:3096} INFO - Sync 1 DAGs
[2025-10-29T19:46:32.560+0530] {logging_mixin.py:188} INFO - [2025-10-29T19:46:32.560+0530] {dag.py:3954} INFO - Setting next_dagrun for example_complex to None, run_after=None
[2025-10-29T19:46:32.581+0530] {processor.py:183} INFO - Processing /home/logi/txtai/venv/lib/python3.10/site-packages/airflow/example_dags/example_complex.py took 0.122 seconds
[2025-10-29T19:47:26.085+0530] {processor.py:161} INFO - Started process (PID=18436) to work on /home/logi/txtai/venv/lib/python3.10/site-packages/airflow/example_dags/example_complex.py
[2025-10-29T19:47:26.098+0530] {processor.py:830} INFO - Processing file /home/logi/txtai/venv/lib/python3.10/site-packages/airflow/example_dags/example_complex.py for tasks to queue
[2025-10-29T19:47:26.102+0530] {logging_mixin.py:188} INFO - [2025-10-29T19:47:26.101+0530] {dagbag.py:545} INFO - Filling up the DagBag from /home/logi/txtai/venv/lib/python3.10/site-packages/airflow/example_dags/example_complex.py
[2025-10-29T19:47:26.120+0530] {processor.py:840} INFO - DAG(s) 'example_complex' retrieved from /home/logi/txtai/venv/lib/python3.10/site-packages/airflow/example_dags/example_complex.py
[2025-10-29T19:47:26.149+0530] {logging_mixin.py:188} INFO - [2025-10-29T19:47:26.149+0530] {dag.py:3096} INFO - Sync 1 DAGs
[2025-10-29T19:47:26.159+0530] {logging_mixin.py:188} INFO - [2025-10-29T19:47:26.159+0530] {dag.py:3954} INFO - Setting next_dagrun for example_complex to None, run_after=None
[2025-10-29T19:47:26.178+0530] {processor.py:183} INFO - Processing /home/logi/txtai/venv/lib/python3.10/site-packages/airflow/example_dags/example_complex.py took 0.101 seconds
[2025-10-29T19:48:18.729+0530] {processor.py:161} INFO - Started process (PID=18519) to work on /home/logi/txtai/venv/lib/python3.10/site-packages/airflow/example_dags/example_complex.py
[2025-10-29T19:48:18.742+0530] {processor.py:830} INFO - Processing file /home/logi/txtai/venv/lib/python3.10/site-packages/airflow/example_dags/example_complex.py for tasks to queue
[2025-10-29T19:48:18.746+0530] {logging_mixin.py:188} INFO - [2025-10-29T19:48:18.745+0530] {dagbag.py:545} INFO - Filling up the DagBag from /home/logi/txtai/venv/lib/python3.10/site-packages/airflow/example_dags/example_complex.py
[2025-10-29T19:48:18.765+0530] {processor.py:840} INFO - DAG(s) 'example_complex' retrieved from /home/logi/txtai/venv/lib/python3.10/site-packages/airflow/example_dags/example_complex.py
[2025-10-29T19:48:18.803+0530] {logging_mixin.py:188} INFO - [2025-10-29T19:48:18.803+0530] {dag.py:3096} INFO - Sync 1 DAGs
[2025-10-29T19:48:18.815+0530] {logging_mixin.py:188} INFO - [2025-10-29T19:48:18.814+0530] {dag.py:3954} INFO - Setting next_dagrun for example_complex to None, run_after=None
[2025-10-29T19:48:18.837+0530] {processor.py:183} INFO - Processing /home/logi/txtai/venv/lib/python3.10/site-packages/airflow/example_dags/example_complex.py took 0.120 seconds
[2025-10-29T19:49:15.794+0530] {processor.py:161} INFO - Started process (PID=18651) to work on /home/logi/txtai/venv/lib/python3.10/site-packages/airflow/example_dags/example_complex.py
[2025-10-29T19:49:15.808+0530] {processor.py:830} INFO - Processing file /home/logi/txtai/venv/lib/python3.10/site-packages/airflow/example_dags/example_complex.py for tasks to queue
[2025-10-29T19:49:15.811+0530] {logging_mixin.py:188} INFO - [2025-10-29T19:49:15.810+0530] {dagbag.py:545} INFO - Filling up the DagBag from /home/logi/txtai/venv/lib/python3.10/site-packages/airflow/example_dags/example_complex.py
[2025-10-29T19:49:15.830+0530] {processor.py:840} INFO - DAG(s) 'example_complex' retrieved from /home/logi/txtai/venv/lib/python3.10/site-packages/airflow/example_dags/example_complex.py
[2025-10-29T19:49:15.867+0530] {logging_mixin.py:188} INFO - [2025-10-29T19:49:15.867+0530] {dag.py:3096} INFO - Sync 1 DAGs
[2025-10-29T19:49:15.878+0530] {logging_mixin.py:188} INFO - [2025-10-29T19:49:15.878+0530] {dag.py:3954} INFO - Setting next_dagrun for example_complex to None, run_after=None
[2025-10-29T19:49:15.902+0530] {processor.py:183} INFO - Processing /home/logi/txtai/venv/lib/python3.10/site-packages/airflow/example_dags/example_complex.py took 0.120 seconds
[2025-10-29T19:50:11.899+0530] {processor.py:161} INFO - Started process (PID=18744) to work on /home/logi/txtai/venv/lib/python3.10/site-packages/airflow/example_dags/example_complex.py
[2025-10-29T19:50:11.912+0530] {processor.py:830} INFO - Processing file /home/logi/txtai/venv/lib/python3.10/site-packages/airflow/example_dags/example_complex.py for tasks to queue
[2025-10-29T19:50:11.915+0530] {logging_mixin.py:188} INFO - [2025-10-29T19:50:11.915+0530] {dagbag.py:545} INFO - Filling up the DagBag from /home/logi/txtai/venv/lib/python3.10/site-packages/airflow/example_dags/example_complex.py
[2025-10-29T19:50:11.933+0530] {processor.py:840} INFO - DAG(s) 'example_complex' retrieved from /home/logi/txtai/venv/lib/python3.10/site-packages/airflow/example_dags/example_complex.py
[2025-10-29T19:50:11.967+0530] {logging_mixin.py:188} INFO - [2025-10-29T19:50:11.966+0530] {dag.py:3096} INFO - Sync 1 DAGs
[2025-10-29T19:50:11.978+0530] {logging_mixin.py:188} INFO - [2025-10-29T19:50:11.977+0530] {dag.py:3954} INFO - Setting next_dagrun for example_complex to None, run_after=None
[2025-10-29T19:50:11.998+0530] {processor.py:183} INFO - Processing /home/logi/txtai/venv/lib/python3.10/site-packages/airflow/example_dags/example_complex.py took 0.110 seconds
[2025-10-29T19:51:03.129+0530] {processor.py:161} INFO - Started process (PID=18809) to work on /home/logi/txtai/venv/lib/python3.10/site-packages/airflow/example_dags/example_complex.py
[2025-10-29T19:51:03.142+0530] {processor.py:830} INFO - Processing file /home/logi/txtai/venv/lib/python3.10/site-packages/airflow/example_dags/example_complex.py for tasks to queue
[2025-10-29T19:51:03.145+0530] {logging_mixin.py:188} INFO - [2025-10-29T19:51:03.144+0530] {dagbag.py:545} INFO - Filling up the DagBag from /home/logi/txtai/venv/lib/python3.10/site-packages/airflow/example_dags/example_complex.py
[2025-10-29T19:51:03.163+0530] {processor.py:840} INFO - DAG(s) 'example_complex' retrieved from /home/logi/txtai/venv/lib/python3.10/site-packages/airflow/example_dags/example_complex.py
[2025-10-29T19:51:03.200+0530] {logging_mixin.py:188} INFO - [2025-10-29T19:51:03.199+0530] {dag.py:3096} INFO - Sync 1 DAGs
[2025-10-29T19:51:03.210+0530] {logging_mixin.py:188} INFO - [2025-10-29T19:51:03.210+0530] {dag.py:3954} INFO - Setting next_dagrun for example_complex to None, run_after=None
[2025-10-29T19:51:03.230+0530] {processor.py:183} INFO - Processing /home/logi/txtai/venv/lib/python3.10/site-packages/airflow/example_dags/example_complex.py took 0.112 seconds
[2025-10-29T19:51:58.249+0530] {processor.py:161} INFO - Started process (PID=18905) to work on /home/logi/txtai/venv/lib/python3.10/site-packages/airflow/example_dags/example_complex.py
[2025-10-29T19:51:58.262+0530] {processor.py:830} INFO - Processing file /home/logi/txtai/venv/lib/python3.10/site-packages/airflow/example_dags/example_complex.py for tasks to queue
[2025-10-29T19:51:58.264+0530] {logging_mixin.py:188} INFO - [2025-10-29T19:51:58.264+0530] {dagbag.py:545} INFO - Filling up the DagBag from /home/logi/txtai/venv/lib/python3.10/site-packages/airflow/example_dags/example_complex.py
[2025-10-29T19:51:58.279+0530] {processor.py:840} INFO - DAG(s) 'example_complex' retrieved from /home/logi/txtai/venv/lib/python3.10/site-packages/airflow/example_dags/example_complex.py
[2025-10-29T19:51:58.310+0530] {logging_mixin.py:188} INFO - [2025-10-29T19:51:58.310+0530] {dag.py:3096} INFO - Sync 1 DAGs
[2025-10-29T19:51:58.327+0530] {logging_mixin.py:188} INFO - [2025-10-29T19:51:58.327+0530] {dag.py:3954} INFO - Setting next_dagrun for example_complex to None, run_after=None
[2025-10-29T19:51:58.364+0530] {processor.py:183} INFO - Processing /home/logi/txtai/venv/lib/python3.10/site-packages/airflow/example_dags/example_complex.py took 0.124 seconds
[2025-10-29T19:52:49.239+0530] {processor.py:161} INFO - Started process (PID=18968) to work on /home/logi/txtai/venv/lib/python3.10/site-packages/airflow/example_dags/example_complex.py
[2025-10-29T19:52:49.252+0530] {processor.py:830} INFO - Processing file /home/logi/txtai/venv/lib/python3.10/site-packages/airflow/example_dags/example_complex.py for tasks to queue
[2025-10-29T19:52:49.255+0530] {logging_mixin.py:188} INFO - [2025-10-29T19:52:49.255+0530] {dagbag.py:545} INFO - Filling up the DagBag from /home/logi/txtai/venv/lib/python3.10/site-packages/airflow/example_dags/example_complex.py
[2025-10-29T19:52:49.273+0530] {processor.py:840} INFO - DAG(s) 'example_complex' retrieved from /home/logi/txtai/venv/lib/python3.10/site-packages/airflow/example_dags/example_complex.py
[2025-10-29T19:52:49.312+0530] {logging_mixin.py:188} INFO - [2025-10-29T19:52:49.311+0530] {dag.py:3096} INFO - Sync 1 DAGs
[2025-10-29T19:52:49.322+0530] {logging_mixin.py:188} INFO - [2025-10-29T19:52:49.322+0530] {dag.py:3954} INFO - Setting next_dagrun for example_complex to None, run_after=None
[2025-10-29T19:52:49.344+0530] {processor.py:183} INFO - Processing /home/logi/txtai/venv/lib/python3.10/site-packages/airflow/example_dags/example_complex.py took 0.116 seconds
[2025-10-29T19:54:06.014+0530] {processor.py:161} INFO - Started process (PID=19074) to work on /home/logi/txtai/venv/lib/python3.10/site-packages/airflow/example_dags/example_complex.py
[2025-10-29T19:54:06.031+0530] {processor.py:830} INFO - Processing file /home/logi/txtai/venv/lib/python3.10/site-packages/airflow/example_dags/example_complex.py for tasks to queue
[2025-10-29T19:54:06.036+0530] {logging_mixin.py:188} INFO - [2025-10-29T19:54:06.035+0530] {dagbag.py:545} INFO - Filling up the DagBag from /home/logi/txtai/venv/lib/python3.10/site-packages/airflow/example_dags/example_complex.py
[2025-10-29T19:54:06.056+0530] {processor.py:840} INFO - DAG(s) 'example_complex' retrieved from /home/logi/txtai/venv/lib/python3.10/site-packages/airflow/example_dags/example_complex.py
[2025-10-29T19:54:06.102+0530] {logging_mixin.py:188} INFO - [2025-10-29T19:54:06.101+0530] {dag.py:3096} INFO - Sync 1 DAGs
[2025-10-29T19:54:06.123+0530] {logging_mixin.py:188} INFO - [2025-10-29T19:54:06.123+0530] {dag.py:3954} INFO - Setting next_dagrun for example_complex to None, run_after=None
[2025-10-29T19:54:06.172+0530] {processor.py:183} INFO - Processing /home/logi/txtai/venv/lib/python3.10/site-packages/airflow/example_dags/example_complex.py took 0.213 seconds
[2025-10-29T19:55:01.368+0530] {processor.py:161} INFO - Started process (PID=19171) to work on /home/logi/txtai/venv/lib/python3.10/site-packages/airflow/example_dags/example_complex.py
[2025-10-29T19:55:01.382+0530] {processor.py:830} INFO - Processing file /home/logi/txtai/venv/lib/python3.10/site-packages/airflow/example_dags/example_complex.py for tasks to queue
[2025-10-29T19:55:01.385+0530] {logging_mixin.py:188} INFO - [2025-10-29T19:55:01.384+0530] {dagbag.py:545} INFO - Filling up the DagBag from /home/logi/txtai/venv/lib/python3.10/site-packages/airflow/example_dags/example_complex.py
[2025-10-29T19:55:01.404+0530] {processor.py:840} INFO - DAG(s) 'example_complex' retrieved from /home/logi/txtai/venv/lib/python3.10/site-packages/airflow/example_dags/example_complex.py
[2025-10-29T19:55:01.448+0530] {logging_mixin.py:188} INFO - [2025-10-29T19:55:01.447+0530] {dag.py:3096} INFO - Sync 1 DAGs
[2025-10-29T19:55:01.458+0530] {logging_mixin.py:188} INFO - [2025-10-29T19:55:01.458+0530] {dag.py:3954} INFO - Setting next_dagrun for example_complex to None, run_after=None
[2025-10-29T19:55:01.478+0530] {processor.py:183} INFO - Processing /home/logi/txtai/venv/lib/python3.10/site-packages/airflow/example_dags/example_complex.py took 0.121 seconds
[2025-10-29T19:55:56.498+0530] {processor.py:161} INFO - Started process (PID=19242) to work on /home/logi/txtai/venv/lib/python3.10/site-packages/airflow/example_dags/example_complex.py
[2025-10-29T19:55:56.512+0530] {processor.py:830} INFO - Processing file /home/logi/txtai/venv/lib/python3.10/site-packages/airflow/example_dags/example_complex.py for tasks to queue
[2025-10-29T19:55:56.515+0530] {logging_mixin.py:188} INFO - [2025-10-29T19:55:56.514+0530] {dagbag.py:545} INFO - Filling up the DagBag from /home/logi/txtai/venv/lib/python3.10/site-packages/airflow/example_dags/example_complex.py
[2025-10-29T19:55:56.534+0530] {processor.py:840} INFO - DAG(s) 'example_complex' retrieved from /home/logi/txtai/venv/lib/python3.10/site-packages/airflow/example_dags/example_complex.py
[2025-10-29T19:55:56.570+0530] {logging_mixin.py:188} INFO - [2025-10-29T19:55:56.570+0530] {dag.py:3096} INFO - Sync 1 DAGs
[2025-10-29T19:55:56.581+0530] {logging_mixin.py:188} INFO - [2025-10-29T19:55:56.581+0530] {dag.py:3954} INFO - Setting next_dagrun for example_complex to None, run_after=None
[2025-10-29T19:55:56.600+0530] {processor.py:183} INFO - Processing /home/logi/txtai/venv/lib/python3.10/site-packages/airflow/example_dags/example_complex.py took 0.114 seconds
[2025-10-29T19:56:51.053+0530] {processor.py:161} INFO - Started process (PID=19320) to work on /home/logi/txtai/venv/lib/python3.10/site-packages/airflow/example_dags/example_complex.py
[2025-10-29T19:56:51.061+0530] {processor.py:830} INFO - Processing file /home/logi/txtai/venv/lib/python3.10/site-packages/airflow/example_dags/example_complex.py for tasks to queue
[2025-10-29T19:56:51.064+0530] {logging_mixin.py:188} INFO - [2025-10-29T19:56:51.063+0530] {dagbag.py:545} INFO - Filling up the DagBag from /home/logi/txtai/venv/lib/python3.10/site-packages/airflow/example_dags/example_complex.py
[2025-10-29T19:56:51.082+0530] {processor.py:840} INFO - DAG(s) 'example_complex' retrieved from /home/logi/txtai/venv/lib/python3.10/site-packages/airflow/example_dags/example_complex.py
[2025-10-29T19:56:51.114+0530] {logging_mixin.py:188} INFO - [2025-10-29T19:56:51.114+0530] {dag.py:3096} INFO - Sync 1 DAGs
[2025-10-29T19:56:51.124+0530] {logging_mixin.py:188} INFO - [2025-10-29T19:56:51.124+0530] {dag.py:3954} INFO - Setting next_dagrun for example_complex to None, run_after=None
[2025-10-29T19:56:51.151+0530] {processor.py:183} INFO - Processing /home/logi/txtai/venv/lib/python3.10/site-packages/airflow/example_dags/example_complex.py took 0.109 seconds
[2025-10-29T19:57:48.007+0530] {processor.py:161} INFO - Started process (PID=19407) to work on /home/logi/txtai/venv/lib/python3.10/site-packages/airflow/example_dags/example_complex.py
[2025-10-29T19:57:48.020+0530] {processor.py:830} INFO - Processing file /home/logi/txtai/venv/lib/python3.10/site-packages/airflow/example_dags/example_complex.py for tasks to queue
[2025-10-29T19:57:48.023+0530] {logging_mixin.py:188} INFO - [2025-10-29T19:57:48.023+0530] {dagbag.py:545} INFO - Filling up the DagBag from /home/logi/txtai/venv/lib/python3.10/site-packages/airflow/example_dags/example_complex.py
[2025-10-29T19:57:48.042+0530] {processor.py:840} INFO - DAG(s) 'example_complex' retrieved from /home/logi/txtai/venv/lib/python3.10/site-packages/airflow/example_dags/example_complex.py
[2025-10-29T19:57:48.079+0530] {logging_mixin.py:188} INFO - [2025-10-29T19:57:48.079+0530] {dag.py:3096} INFO - Sync 1 DAGs
[2025-10-29T19:57:48.090+0530] {logging_mixin.py:188} INFO - [2025-10-29T19:57:48.089+0530] {dag.py:3954} INFO - Setting next_dagrun for example_complex to None, run_after=None
[2025-10-29T19:57:48.117+0530] {processor.py:183} INFO - Processing /home/logi/txtai/venv/lib/python3.10/site-packages/airflow/example_dags/example_complex.py took 0.122 seconds
[2025-10-29T19:58:44.787+0530] {processor.py:161} INFO - Started process (PID=19607) to work on /home/logi/txtai/venv/lib/python3.10/site-packages/airflow/example_dags/example_complex.py
[2025-10-29T19:58:44.801+0530] {processor.py:830} INFO - Processing file /home/logi/txtai/venv/lib/python3.10/site-packages/airflow/example_dags/example_complex.py for tasks to queue
[2025-10-29T19:58:44.804+0530] {logging_mixin.py:188} INFO - [2025-10-29T19:58:44.803+0530] {dagbag.py:545} INFO - Filling up the DagBag from /home/logi/txtai/venv/lib/python3.10/site-packages/airflow/example_dags/example_complex.py
[2025-10-29T19:58:44.824+0530] {processor.py:840} INFO - DAG(s) 'example_complex' retrieved from /home/logi/txtai/venv/lib/python3.10/site-packages/airflow/example_dags/example_complex.py
[2025-10-29T19:58:44.863+0530] {logging_mixin.py:188} INFO - [2025-10-29T19:58:44.862+0530] {dag.py:3096} INFO - Sync 1 DAGs
[2025-10-29T19:58:44.875+0530] {logging_mixin.py:188} INFO - [2025-10-29T19:58:44.875+0530] {dag.py:3954} INFO - Setting next_dagrun for example_complex to None, run_after=None
[2025-10-29T19:58:44.905+0530] {processor.py:183} INFO - Processing /home/logi/txtai/venv/lib/python3.10/site-packages/airflow/example_dags/example_complex.py took 0.130 seconds
[2025-10-29T19:59:38.535+0530] {processor.py:161} INFO - Started process (PID=19705) to work on /home/logi/txtai/venv/lib/python3.10/site-packages/airflow/example_dags/example_complex.py
[2025-10-29T19:59:38.549+0530] {processor.py:830} INFO - Processing file /home/logi/txtai/venv/lib/python3.10/site-packages/airflow/example_dags/example_complex.py for tasks to queue
[2025-10-29T19:59:38.552+0530] {logging_mixin.py:188} INFO - [2025-10-29T19:59:38.551+0530] {dagbag.py:545} INFO - Filling up the DagBag from /home/logi/txtai/venv/lib/python3.10/site-packages/airflow/example_dags/example_complex.py
[2025-10-29T19:59:38.576+0530] {processor.py:840} INFO - DAG(s) 'example_complex' retrieved from /home/logi/txtai/venv/lib/python3.10/site-packages/airflow/example_dags/example_complex.py
[2025-10-29T19:59:38.619+0530] {logging_mixin.py:188} INFO - [2025-10-29T19:59:38.619+0530] {dag.py:3096} INFO - Sync 1 DAGs
[2025-10-29T19:59:38.629+0530] {logging_mixin.py:188} INFO - [2025-10-29T19:59:38.629+0530] {dag.py:3954} INFO - Setting next_dagrun for example_complex to None, run_after=None
[2025-10-29T19:59:38.652+0530] {processor.py:183} INFO - Processing /home/logi/txtai/venv/lib/python3.10/site-packages/airflow/example_dags/example_complex.py took 0.129 seconds
[2025-10-29T20:00:30.580+0530] {processor.py:161} INFO - Started process (PID=19796) to work on /home/logi/txtai/venv/lib/python3.10/site-packages/airflow/example_dags/example_complex.py
[2025-10-29T20:00:30.593+0530] {processor.py:830} INFO - Processing file /home/logi/txtai/venv/lib/python3.10/site-packages/airflow/example_dags/example_complex.py for tasks to queue
[2025-10-29T20:00:30.596+0530] {logging_mixin.py:188} INFO - [2025-10-29T20:00:30.596+0530] {dagbag.py:545} INFO - Filling up the DagBag from /home/logi/txtai/venv/lib/python3.10/site-packages/airflow/example_dags/example_complex.py
[2025-10-29T20:00:30.615+0530] {processor.py:840} INFO - DAG(s) 'example_complex' retrieved from /home/logi/txtai/venv/lib/python3.10/site-packages/airflow/example_dags/example_complex.py
[2025-10-29T20:00:30.656+0530] {logging_mixin.py:188} INFO - [2025-10-29T20:00:30.655+0530] {dag.py:3096} INFO - Sync 1 DAGs
[2025-10-29T20:00:30.666+0530] {logging_mixin.py:188} INFO - [2025-10-29T20:00:30.666+0530] {dag.py:3954} INFO - Setting next_dagrun for example_complex to None, run_after=None
[2025-10-29T20:00:30.685+0530] {processor.py:183} INFO - Processing /home/logi/txtai/venv/lib/python3.10/site-packages/airflow/example_dags/example_complex.py took 0.117 seconds
[2025-10-29T20:01:27.449+0530] {processor.py:161} INFO - Started process (PID=19940) to work on /home/logi/txtai/venv/lib/python3.10/site-packages/airflow/example_dags/example_complex.py
[2025-10-29T20:01:27.463+0530] {processor.py:830} INFO - Processing file /home/logi/txtai/venv/lib/python3.10/site-packages/airflow/example_dags/example_complex.py for tasks to queue
[2025-10-29T20:01:27.466+0530] {logging_mixin.py:188} INFO - [2025-10-29T20:01:27.466+0530] {dagbag.py:545} INFO - Filling up the DagBag from /home/logi/txtai/venv/lib/python3.10/site-packages/airflow/example_dags/example_complex.py
[2025-10-29T20:01:27.486+0530] {processor.py:840} INFO - DAG(s) 'example_complex' retrieved from /home/logi/txtai/venv/lib/python3.10/site-packages/airflow/example_dags/example_complex.py
[2025-10-29T20:01:27.534+0530] {logging_mixin.py:188} INFO - [2025-10-29T20:01:27.533+0530] {dag.py:3096} INFO - Sync 1 DAGs
[2025-10-29T20:01:27.560+0530] {logging_mixin.py:188} INFO - [2025-10-29T20:01:27.558+0530] {dag.py:3954} INFO - Setting next_dagrun for example_complex to None, run_after=None
[2025-10-29T20:01:27.601+0530] {processor.py:183} INFO - Processing /home/logi/txtai/venv/lib/python3.10/site-packages/airflow/example_dags/example_complex.py took 0.165 seconds
[2025-10-29T20:02:24.105+0530] {processor.py:161} INFO - Started process (PID=20070) to work on /home/logi/txtai/venv/lib/python3.10/site-packages/airflow/example_dags/example_complex.py
[2025-10-29T20:02:24.119+0530] {processor.py:830} INFO - Processing file /home/logi/txtai/venv/lib/python3.10/site-packages/airflow/example_dags/example_complex.py for tasks to queue
[2025-10-29T20:02:24.122+0530] {logging_mixin.py:188} INFO - [2025-10-29T20:02:24.122+0530] {dagbag.py:545} INFO - Filling up the DagBag from /home/logi/txtai/venv/lib/python3.10/site-packages/airflow/example_dags/example_complex.py
[2025-10-29T20:02:24.140+0530] {processor.py:840} INFO - DAG(s) 'example_complex' retrieved from /home/logi/txtai/venv/lib/python3.10/site-packages/airflow/example_dags/example_complex.py
[2025-10-29T20:02:24.178+0530] {logging_mixin.py:188} INFO - [2025-10-29T20:02:24.178+0530] {dag.py:3096} INFO - Sync 1 DAGs
[2025-10-29T20:02:24.188+0530] {logging_mixin.py:188} INFO - [2025-10-29T20:02:24.188+0530] {dag.py:3954} INFO - Setting next_dagrun for example_complex to None, run_after=None
[2025-10-29T20:02:24.215+0530] {processor.py:183} INFO - Processing /home/logi/txtai/venv/lib/python3.10/site-packages/airflow/example_dags/example_complex.py took 0.122 seconds
[2025-10-29T20:03:19.102+0530] {processor.py:161} INFO - Started process (PID=20180) to work on /home/logi/txtai/venv/lib/python3.10/site-packages/airflow/example_dags/example_complex.py
[2025-10-29T20:03:19.123+0530] {processor.py:830} INFO - Processing file /home/logi/txtai/venv/lib/python3.10/site-packages/airflow/example_dags/example_complex.py for tasks to queue
[2025-10-29T20:03:19.133+0530] {logging_mixin.py:188} INFO - [2025-10-29T20:03:19.130+0530] {dagbag.py:545} INFO - Filling up the DagBag from /home/logi/txtai/venv/lib/python3.10/site-packages/airflow/example_dags/example_complex.py
[2025-10-29T20:03:19.167+0530] {processor.py:840} INFO - DAG(s) 'example_complex' retrieved from /home/logi/txtai/venv/lib/python3.10/site-packages/airflow/example_dags/example_complex.py
[2025-10-29T20:03:19.235+0530] {logging_mixin.py:188} INFO - [2025-10-29T20:03:19.234+0530] {dag.py:3096} INFO - Sync 1 DAGs
[2025-10-29T20:03:19.322+0530] {logging_mixin.py:188} INFO - [2025-10-29T20:03:19.321+0530] {dag.py:3954} INFO - Setting next_dagrun for example_complex to None, run_after=None
[2025-10-29T20:03:19.387+0530] {processor.py:183} INFO - Processing /home/logi/txtai/venv/lib/python3.10/site-packages/airflow/example_dags/example_complex.py took 0.358 seconds
[2025-10-29T20:04:23.850+0530] {processor.py:161} INFO - Started process (PID=20303) to work on /home/logi/txtai/venv/lib/python3.10/site-packages/airflow/example_dags/example_complex.py
[2025-10-29T20:04:23.863+0530] {processor.py:830} INFO - Processing file /home/logi/txtai/venv/lib/python3.10/site-packages/airflow/example_dags/example_complex.py for tasks to queue
[2025-10-29T20:04:23.866+0530] {logging_mixin.py:188} INFO - [2025-10-29T20:04:23.865+0530] {dagbag.py:545} INFO - Filling up the DagBag from /home/logi/txtai/venv/lib/python3.10/site-packages/airflow/example_dags/example_complex.py
[2025-10-29T20:04:23.882+0530] {processor.py:840} INFO - DAG(s) 'example_complex' retrieved from /home/logi/txtai/venv/lib/python3.10/site-packages/airflow/example_dags/example_complex.py
[2025-10-29T20:04:23.909+0530] {logging_mixin.py:188} INFO - [2025-10-29T20:04:23.908+0530] {dag.py:3096} INFO - Sync 1 DAGs
[2025-10-29T20:04:23.920+0530] {logging_mixin.py:188} INFO - [2025-10-29T20:04:23.920+0530] {dag.py:3954} INFO - Setting next_dagrun for example_complex to None, run_after=None
[2025-10-29T20:04:23.943+0530] {processor.py:183} INFO - Processing /home/logi/txtai/venv/lib/python3.10/site-packages/airflow/example_dags/example_complex.py took 0.104 seconds
[2025-10-29T20:05:27.646+0530] {processor.py:161} INFO - Started process (PID=20454) to work on /home/logi/txtai/venv/lib/python3.10/site-packages/airflow/example_dags/example_complex.py
[2025-10-29T20:05:27.661+0530] {processor.py:830} INFO - Processing file /home/logi/txtai/venv/lib/python3.10/site-packages/airflow/example_dags/example_complex.py for tasks to queue
[2025-10-29T20:05:27.667+0530] {logging_mixin.py:188} INFO - [2025-10-29T20:05:27.665+0530] {dagbag.py:545} INFO - Filling up the DagBag from /home/logi/txtai/venv/lib/python3.10/site-packages/airflow/example_dags/example_complex.py
[2025-10-29T20:05:27.695+0530] {processor.py:840} INFO - DAG(s) 'example_complex' retrieved from /home/logi/txtai/venv/lib/python3.10/site-packages/airflow/example_dags/example_complex.py
[2025-10-29T20:05:27.817+0530] {logging_mixin.py:188} INFO - [2025-10-29T20:05:27.815+0530] {dag.py:3096} INFO - Sync 1 DAGs
[2025-10-29T20:05:27.864+0530] {logging_mixin.py:188} INFO - [2025-10-29T20:05:27.863+0530] {dag.py:3954} INFO - Setting next_dagrun for example_complex to None, run_after=None
[2025-10-29T20:05:27.936+0530] {processor.py:183} INFO - Processing /home/logi/txtai/venv/lib/python3.10/site-packages/airflow/example_dags/example_complex.py took 0.308 seconds
[2025-10-29T20:06:25.404+0530] {processor.py:161} INFO - Started process (PID=20567) to work on /home/logi/txtai/venv/lib/python3.10/site-packages/airflow/example_dags/example_complex.py
[2025-10-29T20:06:25.417+0530] {processor.py:830} INFO - Processing file /home/logi/txtai/venv/lib/python3.10/site-packages/airflow/example_dags/example_complex.py for tasks to queue
[2025-10-29T20:06:25.424+0530] {logging_mixin.py:188} INFO - [2025-10-29T20:06:25.423+0530] {dagbag.py:545} INFO - Filling up the DagBag from /home/logi/txtai/venv/lib/python3.10/site-packages/airflow/example_dags/example_complex.py
[2025-10-29T20:06:25.444+0530] {processor.py:840} INFO - DAG(s) 'example_complex' retrieved from /home/logi/txtai/venv/lib/python3.10/site-packages/airflow/example_dags/example_complex.py
[2025-10-29T20:06:25.480+0530] {logging_mixin.py:188} INFO - [2025-10-29T20:06:25.479+0530] {dag.py:3096} INFO - Sync 1 DAGs
[2025-10-29T20:06:25.503+0530] {logging_mixin.py:188} INFO - [2025-10-29T20:06:25.502+0530] {dag.py:3954} INFO - Setting next_dagrun for example_complex to None, run_after=None
[2025-10-29T20:06:25.540+0530] {processor.py:183} INFO - Processing /home/logi/txtai/venv/lib/python3.10/site-packages/airflow/example_dags/example_complex.py took 0.150 seconds
[2025-10-29T20:07:22.437+0530] {processor.py:161} INFO - Started process (PID=20682) to work on /home/logi/txtai/venv/lib/python3.10/site-packages/airflow/example_dags/example_complex.py
[2025-10-29T20:07:22.439+0530] {processor.py:830} INFO - Processing file /home/logi/txtai/venv/lib/python3.10/site-packages/airflow/example_dags/example_complex.py for tasks to queue
[2025-10-29T20:07:22.443+0530] {logging_mixin.py:188} INFO - [2025-10-29T20:07:22.442+0530] {dagbag.py:545} INFO - Filling up the DagBag from /home/logi/txtai/venv/lib/python3.10/site-packages/airflow/example_dags/example_complex.py
[2025-10-29T20:07:22.466+0530] {processor.py:840} INFO - DAG(s) 'example_complex' retrieved from /home/logi/txtai/venv/lib/python3.10/site-packages/airflow/example_dags/example_complex.py
[2025-10-29T20:07:22.491+0530] {logging_mixin.py:188} INFO - [2025-10-29T20:07:22.491+0530] {dag.py:3096} INFO - Sync 1 DAGs
[2025-10-29T20:07:22.500+0530] {logging_mixin.py:188} INFO - [2025-10-29T20:07:22.500+0530] {dag.py:3954} INFO - Setting next_dagrun for example_complex to None, run_after=None
[2025-10-29T20:07:22.516+0530] {processor.py:183} INFO - Processing /home/logi/txtai/venv/lib/python3.10/site-packages/airflow/example_dags/example_complex.py took 0.090 seconds
[2025-10-29T20:08:19.807+0530] {processor.py:161} INFO - Started process (PID=20793) to work on /home/logi/txtai/venv/lib/python3.10/site-packages/airflow/example_dags/example_complex.py
[2025-10-29T20:08:19.821+0530] {processor.py:830} INFO - Processing file /home/logi/txtai/venv/lib/python3.10/site-packages/airflow/example_dags/example_complex.py for tasks to queue
[2025-10-29T20:08:19.824+0530] {logging_mixin.py:188} INFO - [2025-10-29T20:08:19.823+0530] {dagbag.py:545} INFO - Filling up the DagBag from /home/logi/txtai/venv/lib/python3.10/site-packages/airflow/example_dags/example_complex.py
[2025-10-29T20:08:19.844+0530] {processor.py:840} INFO - DAG(s) 'example_complex' retrieved from /home/logi/txtai/venv/lib/python3.10/site-packages/airflow/example_dags/example_complex.py
[2025-10-29T20:08:19.882+0530] {logging_mixin.py:188} INFO - [2025-10-29T20:08:19.881+0530] {dag.py:3096} INFO - Sync 1 DAGs
[2025-10-29T20:08:19.892+0530] {logging_mixin.py:188} INFO - [2025-10-29T20:08:19.892+0530] {dag.py:3954} INFO - Setting next_dagrun for example_complex to None, run_after=None
[2025-10-29T20:08:19.913+0530] {processor.py:183} INFO - Processing /home/logi/txtai/venv/lib/python3.10/site-packages/airflow/example_dags/example_complex.py took 0.118 seconds
[2025-10-29T20:09:19.841+0530] {processor.py:161} INFO - Started process (PID=20906) to work on /home/logi/txtai/venv/lib/python3.10/site-packages/airflow/example_dags/example_complex.py
[2025-10-29T20:09:19.857+0530] {processor.py:830} INFO - Processing file /home/logi/txtai/venv/lib/python3.10/site-packages/airflow/example_dags/example_complex.py for tasks to queue
[2025-10-29T20:09:19.860+0530] {logging_mixin.py:188} INFO - [2025-10-29T20:09:19.860+0530] {dagbag.py:545} INFO - Filling up the DagBag from /home/logi/txtai/venv/lib/python3.10/site-packages/airflow/example_dags/example_complex.py
[2025-10-29T20:09:19.877+0530] {processor.py:840} INFO - DAG(s) 'example_complex' retrieved from /home/logi/txtai/venv/lib/python3.10/site-packages/airflow/example_dags/example_complex.py
[2025-10-29T20:09:19.907+0530] {logging_mixin.py:188} INFO - [2025-10-29T20:09:19.907+0530] {dag.py:3096} INFO - Sync 1 DAGs
[2025-10-29T20:09:19.922+0530] {logging_mixin.py:188} INFO - [2025-10-29T20:09:19.921+0530] {dag.py:3954} INFO - Setting next_dagrun for example_complex to None, run_after=None
[2025-10-29T20:09:19.951+0530] {processor.py:183} INFO - Processing /home/logi/txtai/venv/lib/python3.10/site-packages/airflow/example_dags/example_complex.py took 0.131 seconds
[2025-10-29T20:10:16.298+0530] {processor.py:161} INFO - Started process (PID=21047) to work on /home/logi/txtai/venv/lib/python3.10/site-packages/airflow/example_dags/example_complex.py
[2025-10-29T20:10:16.311+0530] {processor.py:830} INFO - Processing file /home/logi/txtai/venv/lib/python3.10/site-packages/airflow/example_dags/example_complex.py for tasks to queue
[2025-10-29T20:10:16.314+0530] {logging_mixin.py:188} INFO - [2025-10-29T20:10:16.314+0530] {dagbag.py:545} INFO - Filling up the DagBag from /home/logi/txtai/venv/lib/python3.10/site-packages/airflow/example_dags/example_complex.py
[2025-10-29T20:10:16.332+0530] {processor.py:840} INFO - DAG(s) 'example_complex' retrieved from /home/logi/txtai/venv/lib/python3.10/site-packages/airflow/example_dags/example_complex.py
[2025-10-29T20:10:16.370+0530] {logging_mixin.py:188} INFO - [2025-10-29T20:10:16.369+0530] {dag.py:3096} INFO - Sync 1 DAGs
[2025-10-29T20:10:16.379+0530] {logging_mixin.py:188} INFO - [2025-10-29T20:10:16.379+0530] {dag.py:3954} INFO - Setting next_dagrun for example_complex to None, run_after=None
[2025-10-29T20:10:16.399+0530] {processor.py:183} INFO - Processing /home/logi/txtai/venv/lib/python3.10/site-packages/airflow/example_dags/example_complex.py took 0.113 seconds
[2025-10-29T20:11:11.124+0530] {processor.py:161} INFO - Started process (PID=21161) to work on /home/logi/txtai/venv/lib/python3.10/site-packages/airflow/example_dags/example_complex.py
[2025-10-29T20:11:11.138+0530] {processor.py:830} INFO - Processing file /home/logi/txtai/venv/lib/python3.10/site-packages/airflow/example_dags/example_complex.py for tasks to queue
[2025-10-29T20:11:11.141+0530] {logging_mixin.py:188} INFO - [2025-10-29T20:11:11.141+0530] {dagbag.py:545} INFO - Filling up the DagBag from /home/logi/txtai/venv/lib/python3.10/site-packages/airflow/example_dags/example_complex.py
[2025-10-29T20:11:11.160+0530] {processor.py:840} INFO - DAG(s) 'example_complex' retrieved from /home/logi/txtai/venv/lib/python3.10/site-packages/airflow/example_dags/example_complex.py
[2025-10-29T20:11:11.198+0530] {logging_mixin.py:188} INFO - [2025-10-29T20:11:11.198+0530] {dag.py:3096} INFO - Sync 1 DAGs
[2025-10-29T20:11:11.216+0530] {logging_mixin.py:188} INFO - [2025-10-29T20:11:11.216+0530] {dag.py:3954} INFO - Setting next_dagrun for example_complex to None, run_after=None
[2025-10-29T20:11:11.236+0530] {processor.py:183} INFO - Processing /home/logi/txtai/venv/lib/python3.10/site-packages/airflow/example_dags/example_complex.py took 0.123 seconds
[2025-10-29T20:12:02.126+0530] {processor.py:161} INFO - Started process (PID=21265) to work on /home/logi/txtai/venv/lib/python3.10/site-packages/airflow/example_dags/example_complex.py
[2025-10-29T20:12:02.139+0530] {processor.py:830} INFO - Processing file /home/logi/txtai/venv/lib/python3.10/site-packages/airflow/example_dags/example_complex.py for tasks to queue
[2025-10-29T20:12:02.142+0530] {logging_mixin.py:188} INFO - [2025-10-29T20:12:02.141+0530] {dagbag.py:545} INFO - Filling up the DagBag from /home/logi/txtai/venv/lib/python3.10/site-packages/airflow/example_dags/example_complex.py
[2025-10-29T20:12:02.160+0530] {processor.py:840} INFO - DAG(s) 'example_complex' retrieved from /home/logi/txtai/venv/lib/python3.10/site-packages/airflow/example_dags/example_complex.py
[2025-10-29T20:12:02.198+0530] {logging_mixin.py:188} INFO - [2025-10-29T20:12:02.197+0530] {dag.py:3096} INFO - Sync 1 DAGs
[2025-10-29T20:12:02.214+0530] {logging_mixin.py:188} INFO - [2025-10-29T20:12:02.214+0530] {dag.py:3954} INFO - Setting next_dagrun for example_complex to None, run_after=None
[2025-10-29T20:12:02.234+0530] {processor.py:183} INFO - Processing /home/logi/txtai/venv/lib/python3.10/site-packages/airflow/example_dags/example_complex.py took 0.120 seconds
[2025-10-29T20:12:56.280+0530] {processor.py:161} INFO - Started process (PID=21369) to work on /home/logi/txtai/venv/lib/python3.10/site-packages/airflow/example_dags/example_complex.py
[2025-10-29T20:12:56.293+0530] {processor.py:830} INFO - Processing file /home/logi/txtai/venv/lib/python3.10/site-packages/airflow/example_dags/example_complex.py for tasks to queue
[2025-10-29T20:12:56.296+0530] {logging_mixin.py:188} INFO - [2025-10-29T20:12:56.296+0530] {dagbag.py:545} INFO - Filling up the DagBag from /home/logi/txtai/venv/lib/python3.10/site-packages/airflow/example_dags/example_complex.py
[2025-10-29T20:12:56.314+0530] {processor.py:840} INFO - DAG(s) 'example_complex' retrieved from /home/logi/txtai/venv/lib/python3.10/site-packages/airflow/example_dags/example_complex.py
[2025-10-29T20:12:56.351+0530] {logging_mixin.py:188} INFO - [2025-10-29T20:12:56.351+0530] {dag.py:3096} INFO - Sync 1 DAGs
[2025-10-29T20:12:56.362+0530] {logging_mixin.py:188} INFO - [2025-10-29T20:12:56.362+0530] {dag.py:3954} INFO - Setting next_dagrun for example_complex to None, run_after=None
[2025-10-29T20:12:56.382+0530] {processor.py:183} INFO - Processing /home/logi/txtai/venv/lib/python3.10/site-packages/airflow/example_dags/example_complex.py took 0.114 seconds
[2025-10-29T20:13:50.621+0530] {processor.py:161} INFO - Started process (PID=21557) to work on /home/logi/txtai/venv/lib/python3.10/site-packages/airflow/example_dags/example_complex.py
[2025-10-29T20:13:50.634+0530] {processor.py:830} INFO - Processing file /home/logi/txtai/venv/lib/python3.10/site-packages/airflow/example_dags/example_complex.py for tasks to queue
[2025-10-29T20:13:50.637+0530] {logging_mixin.py:188} INFO - [2025-10-29T20:13:50.636+0530] {dagbag.py:545} INFO - Filling up the DagBag from /home/logi/txtai/venv/lib/python3.10/site-packages/airflow/example_dags/example_complex.py
[2025-10-29T20:13:50.654+0530] {processor.py:840} INFO - DAG(s) 'example_complex' retrieved from /home/logi/txtai/venv/lib/python3.10/site-packages/airflow/example_dags/example_complex.py
[2025-10-29T20:13:50.678+0530] {logging_mixin.py:188} INFO - [2025-10-29T20:13:50.678+0530] {dag.py:3096} INFO - Sync 1 DAGs
[2025-10-29T20:13:50.688+0530] {logging_mixin.py:188} INFO - [2025-10-29T20:13:50.688+0530] {dag.py:3954} INFO - Setting next_dagrun for example_complex to None, run_after=None
[2025-10-29T20:13:50.708+0530] {processor.py:183} INFO - Processing /home/logi/txtai/venv/lib/python3.10/site-packages/airflow/example_dags/example_complex.py took 0.099 seconds
[2025-10-29T20:15:11.595+0530] {processor.py:161} INFO - Started process (PID=21873) to work on /home/logi/txtai/venv/lib/python3.10/site-packages/airflow/example_dags/example_complex.py
[2025-10-29T20:15:11.609+0530] {processor.py:830} INFO - Processing file /home/logi/txtai/venv/lib/python3.10/site-packages/airflow/example_dags/example_complex.py for tasks to queue
[2025-10-29T20:15:11.612+0530] {logging_mixin.py:188} INFO - [2025-10-29T20:15:11.611+0530] {dagbag.py:545} INFO - Filling up the DagBag from /home/logi/txtai/venv/lib/python3.10/site-packages/airflow/example_dags/example_complex.py
[2025-10-29T20:15:11.630+0530] {processor.py:840} INFO - DAG(s) 'example_complex' retrieved from /home/logi/txtai/venv/lib/python3.10/site-packages/airflow/example_dags/example_complex.py
[2025-10-29T20:15:11.667+0530] {logging_mixin.py:188} INFO - [2025-10-29T20:15:11.667+0530] {dag.py:3096} INFO - Sync 1 DAGs
[2025-10-29T20:15:11.677+0530] {logging_mixin.py:188} INFO - [2025-10-29T20:15:11.677+0530] {dag.py:3954} INFO - Setting next_dagrun for example_complex to None, run_after=None
[2025-10-29T20:15:11.698+0530] {processor.py:183} INFO - Processing /home/logi/txtai/venv/lib/python3.10/site-packages/airflow/example_dags/example_complex.py took 0.114 seconds
[2025-10-29T20:16:06.422+0530] {processor.py:161} INFO - Started process (PID=21960) to work on /home/logi/txtai/venv/lib/python3.10/site-packages/airflow/example_dags/example_complex.py
[2025-10-29T20:16:06.436+0530] {processor.py:830} INFO - Processing file /home/logi/txtai/venv/lib/python3.10/site-packages/airflow/example_dags/example_complex.py for tasks to queue
[2025-10-29T20:16:06.439+0530] {logging_mixin.py:188} INFO - [2025-10-29T20:16:06.438+0530] {dagbag.py:545} INFO - Filling up the DagBag from /home/logi/txtai/venv/lib/python3.10/site-packages/airflow/example_dags/example_complex.py
[2025-10-29T20:16:06.457+0530] {processor.py:840} INFO - DAG(s) 'example_complex' retrieved from /home/logi/txtai/venv/lib/python3.10/site-packages/airflow/example_dags/example_complex.py
[2025-10-29T20:16:06.498+0530] {logging_mixin.py:188} INFO - [2025-10-29T20:16:06.498+0530] {dag.py:3096} INFO - Sync 1 DAGs
[2025-10-29T20:16:06.509+0530] {logging_mixin.py:188} INFO - [2025-10-29T20:16:06.509+0530] {dag.py:3954} INFO - Setting next_dagrun for example_complex to None, run_after=None
[2025-10-29T20:16:06.536+0530] {processor.py:183} INFO - Processing /home/logi/txtai/venv/lib/python3.10/site-packages/airflow/example_dags/example_complex.py took 0.125 seconds
[2025-10-29T20:16:55.847+0530] {processor.py:161} INFO - Started process (PID=22037) to work on /home/logi/txtai/venv/lib/python3.10/site-packages/airflow/example_dags/example_complex.py
[2025-10-29T20:16:55.848+0530] {processor.py:830} INFO - Processing file /home/logi/txtai/venv/lib/python3.10/site-packages/airflow/example_dags/example_complex.py for tasks to queue
[2025-10-29T20:16:55.851+0530] {logging_mixin.py:188} INFO - [2025-10-29T20:16:55.850+0530] {dagbag.py:545} INFO - Filling up the DagBag from /home/logi/txtai/venv/lib/python3.10/site-packages/airflow/example_dags/example_complex.py
[2025-10-29T20:16:55.862+0530] {processor.py:840} INFO - DAG(s) 'example_complex' retrieved from /home/logi/txtai/venv/lib/python3.10/site-packages/airflow/example_dags/example_complex.py
[2025-10-29T20:16:55.885+0530] {logging_mixin.py:188} INFO - [2025-10-29T20:16:55.885+0530] {dag.py:3096} INFO - Sync 1 DAGs
[2025-10-29T20:16:55.895+0530] {logging_mixin.py:188} INFO - [2025-10-29T20:16:55.895+0530] {dag.py:3954} INFO - Setting next_dagrun for example_complex to None, run_after=None
[2025-10-29T20:16:55.917+0530] {processor.py:183} INFO - Processing /home/logi/txtai/venv/lib/python3.10/site-packages/airflow/example_dags/example_complex.py took 0.076 seconds
[2025-10-29T20:17:49.074+0530] {processor.py:161} INFO - Started process (PID=22105) to work on /home/logi/txtai/venv/lib/python3.10/site-packages/airflow/example_dags/example_complex.py
[2025-10-29T20:17:49.087+0530] {processor.py:830} INFO - Processing file /home/logi/txtai/venv/lib/python3.10/site-packages/airflow/example_dags/example_complex.py for tasks to queue
[2025-10-29T20:17:49.090+0530] {logging_mixin.py:188} INFO - [2025-10-29T20:17:49.089+0530] {dagbag.py:545} INFO - Filling up the DagBag from /home/logi/txtai/venv/lib/python3.10/site-packages/airflow/example_dags/example_complex.py
[2025-10-29T20:17:49.110+0530] {processor.py:840} INFO - DAG(s) 'example_complex' retrieved from /home/logi/txtai/venv/lib/python3.10/site-packages/airflow/example_dags/example_complex.py
[2025-10-29T20:17:49.138+0530] {logging_mixin.py:188} INFO - [2025-10-29T20:17:49.138+0530] {dag.py:3096} INFO - Sync 1 DAGs
[2025-10-29T20:17:49.149+0530] {logging_mixin.py:188} INFO - [2025-10-29T20:17:49.149+0530] {dag.py:3954} INFO - Setting next_dagrun for example_complex to None, run_after=None
[2025-10-29T20:17:49.170+0530] {processor.py:183} INFO - Processing /home/logi/txtai/venv/lib/python3.10/site-packages/airflow/example_dags/example_complex.py took 0.103 seconds
[2025-10-29T20:19:06.087+0530] {processor.py:161} INFO - Started process (PID=22289) to work on /home/logi/txtai/venv/lib/python3.10/site-packages/airflow/example_dags/example_complex.py
[2025-10-29T20:19:06.101+0530] {processor.py:830} INFO - Processing file /home/logi/txtai/venv/lib/python3.10/site-packages/airflow/example_dags/example_complex.py for tasks to queue
[2025-10-29T20:19:06.104+0530] {logging_mixin.py:188} INFO - [2025-10-29T20:19:06.103+0530] {dagbag.py:545} INFO - Filling up the DagBag from /home/logi/txtai/venv/lib/python3.10/site-packages/airflow/example_dags/example_complex.py
[2025-10-29T20:19:06.122+0530] {processor.py:840} INFO - DAG(s) 'example_complex' retrieved from /home/logi/txtai/venv/lib/python3.10/site-packages/airflow/example_dags/example_complex.py
[2025-10-29T20:19:06.161+0530] {logging_mixin.py:188} INFO - [2025-10-29T20:19:06.161+0530] {dag.py:3096} INFO - Sync 1 DAGs
[2025-10-29T20:19:06.171+0530] {logging_mixin.py:188} INFO - [2025-10-29T20:19:06.171+0530] {dag.py:3954} INFO - Setting next_dagrun for example_complex to None, run_after=None
[2025-10-29T20:19:06.198+0530] {processor.py:183} INFO - Processing /home/logi/txtai/venv/lib/python3.10/site-packages/airflow/example_dags/example_complex.py took 0.122 seconds
[2025-10-29T20:20:01.730+0530] {processor.py:161} INFO - Started process (PID=22392) to work on /home/logi/txtai/venv/lib/python3.10/site-packages/airflow/example_dags/example_complex.py
[2025-10-29T20:20:01.732+0530] {processor.py:830} INFO - Processing file /home/logi/txtai/venv/lib/python3.10/site-packages/airflow/example_dags/example_complex.py for tasks to queue
[2025-10-29T20:20:01.735+0530] {logging_mixin.py:188} INFO - [2025-10-29T20:20:01.734+0530] {dagbag.py:545} INFO - Filling up the DagBag from /home/logi/txtai/venv/lib/python3.10/site-packages/airflow/example_dags/example_complex.py
[2025-10-29T20:20:01.753+0530] {processor.py:840} INFO - DAG(s) 'example_complex' retrieved from /home/logi/txtai/venv/lib/python3.10/site-packages/airflow/example_dags/example_complex.py
[2025-10-29T20:20:01.783+0530] {logging_mixin.py:188} INFO - [2025-10-29T20:20:01.783+0530] {dag.py:3096} INFO - Sync 1 DAGs
[2025-10-29T20:20:01.794+0530] {logging_mixin.py:188} INFO - [2025-10-29T20:20:01.794+0530] {dag.py:3954} INFO - Setting next_dagrun for example_complex to None, run_after=None
[2025-10-29T20:20:01.814+0530] {processor.py:183} INFO - Processing /home/logi/txtai/venv/lib/python3.10/site-packages/airflow/example_dags/example_complex.py took 0.096 seconds
[2025-10-29T20:20:57.099+0530] {processor.py:161} INFO - Started process (PID=22474) to work on /home/logi/txtai/venv/lib/python3.10/site-packages/airflow/example_dags/example_complex.py
[2025-10-29T20:20:57.118+0530] {processor.py:830} INFO - Processing file /home/logi/txtai/venv/lib/python3.10/site-packages/airflow/example_dags/example_complex.py for tasks to queue
[2025-10-29T20:20:57.128+0530] {logging_mixin.py:188} INFO - [2025-10-29T20:20:57.124+0530] {dagbag.py:545} INFO - Filling up the DagBag from /home/logi/txtai/venv/lib/python3.10/site-packages/airflow/example_dags/example_complex.py
[2025-10-29T20:20:57.183+0530] {processor.py:840} INFO - DAG(s) 'example_complex' retrieved from /home/logi/txtai/venv/lib/python3.10/site-packages/airflow/example_dags/example_complex.py
[2025-10-29T20:20:57.279+0530] {logging_mixin.py:188} INFO - [2025-10-29T20:20:57.277+0530] {dag.py:3096} INFO - Sync 1 DAGs
[2025-10-29T20:20:57.319+0530] {logging_mixin.py:188} INFO - [2025-10-29T20:20:57.317+0530] {dag.py:3954} INFO - Setting next_dagrun for example_complex to None, run_after=None
[2025-10-29T20:20:57.420+0530] {processor.py:183} INFO - Processing /home/logi/txtai/venv/lib/python3.10/site-packages/airflow/example_dags/example_complex.py took 0.365 seconds
[2025-10-29T20:21:51.007+0530] {processor.py:161} INFO - Started process (PID=22540) to work on /home/logi/txtai/venv/lib/python3.10/site-packages/airflow/example_dags/example_complex.py
[2025-10-29T20:21:51.020+0530] {processor.py:830} INFO - Processing file /home/logi/txtai/venv/lib/python3.10/site-packages/airflow/example_dags/example_complex.py for tasks to queue
[2025-10-29T20:21:51.023+0530] {logging_mixin.py:188} INFO - [2025-10-29T20:21:51.022+0530] {dagbag.py:545} INFO - Filling up the DagBag from /home/logi/txtai/venv/lib/python3.10/site-packages/airflow/example_dags/example_complex.py
[2025-10-29T20:21:51.040+0530] {processor.py:840} INFO - DAG(s) 'example_complex' retrieved from /home/logi/txtai/venv/lib/python3.10/site-packages/airflow/example_dags/example_complex.py
[2025-10-29T20:21:51.076+0530] {logging_mixin.py:188} INFO - [2025-10-29T20:21:51.076+0530] {dag.py:3096} INFO - Sync 1 DAGs
[2025-10-29T20:21:51.084+0530] {logging_mixin.py:188} INFO - [2025-10-29T20:21:51.084+0530] {dag.py:3954} INFO - Setting next_dagrun for example_complex to None, run_after=None
[2025-10-29T20:21:51.101+0530] {processor.py:183} INFO - Processing /home/logi/txtai/venv/lib/python3.10/site-packages/airflow/example_dags/example_complex.py took 0.104 seconds
[2025-10-29T20:22:46.525+0530] {processor.py:161} INFO - Started process (PID=22609) to work on /home/logi/txtai/venv/lib/python3.10/site-packages/airflow/example_dags/example_complex.py
[2025-10-29T20:22:46.527+0530] {processor.py:830} INFO - Processing file /home/logi/txtai/venv/lib/python3.10/site-packages/airflow/example_dags/example_complex.py for tasks to queue
[2025-10-29T20:22:46.529+0530] {logging_mixin.py:188} INFO - [2025-10-29T20:22:46.528+0530] {dagbag.py:545} INFO - Filling up the DagBag from /home/logi/txtai/venv/lib/python3.10/site-packages/airflow/example_dags/example_complex.py
[2025-10-29T20:22:46.543+0530] {processor.py:840} INFO - DAG(s) 'example_complex' retrieved from /home/logi/txtai/venv/lib/python3.10/site-packages/airflow/example_dags/example_complex.py
[2025-10-29T20:22:46.567+0530] {logging_mixin.py:188} INFO - [2025-10-29T20:22:46.566+0530] {dag.py:3096} INFO - Sync 1 DAGs
[2025-10-29T20:22:46.577+0530] {logging_mixin.py:188} INFO - [2025-10-29T20:22:46.577+0530] {dag.py:3954} INFO - Setting next_dagrun for example_complex to None, run_after=None
[2025-10-29T20:22:46.597+0530] {processor.py:183} INFO - Processing /home/logi/txtai/venv/lib/python3.10/site-packages/airflow/example_dags/example_complex.py took 0.082 seconds
[2025-10-29T20:23:40.621+0530] {processor.py:161} INFO - Started process (PID=22687) to work on /home/logi/txtai/venv/lib/python3.10/site-packages/airflow/example_dags/example_complex.py
[2025-10-29T20:23:40.634+0530] {processor.py:830} INFO - Processing file /home/logi/txtai/venv/lib/python3.10/site-packages/airflow/example_dags/example_complex.py for tasks to queue
[2025-10-29T20:23:40.637+0530] {logging_mixin.py:188} INFO - [2025-10-29T20:23:40.637+0530] {dagbag.py:545} INFO - Filling up the DagBag from /home/logi/txtai/venv/lib/python3.10/site-packages/airflow/example_dags/example_complex.py
[2025-10-29T20:23:40.655+0530] {processor.py:840} INFO - DAG(s) 'example_complex' retrieved from /home/logi/txtai/venv/lib/python3.10/site-packages/airflow/example_dags/example_complex.py
[2025-10-29T20:23:40.689+0530] {logging_mixin.py:188} INFO - [2025-10-29T20:23:40.689+0530] {dag.py:3096} INFO - Sync 1 DAGs
[2025-10-29T20:23:40.699+0530] {logging_mixin.py:188} INFO - [2025-10-29T20:23:40.699+0530] {dag.py:3954} INFO - Setting next_dagrun for example_complex to None, run_after=None
[2025-10-29T20:23:40.725+0530] {processor.py:183} INFO - Processing /home/logi/txtai/venv/lib/python3.10/site-packages/airflow/example_dags/example_complex.py took 0.116 seconds
[2025-10-29T20:24:36.664+0530] {processor.py:161} INFO - Started process (PID=22812) to work on /home/logi/txtai/venv/lib/python3.10/site-packages/airflow/example_dags/example_complex.py
[2025-10-29T20:24:36.666+0530] {processor.py:830} INFO - Processing file /home/logi/txtai/venv/lib/python3.10/site-packages/airflow/example_dags/example_complex.py for tasks to queue
[2025-10-29T20:24:36.669+0530] {logging_mixin.py:188} INFO - [2025-10-29T20:24:36.668+0530] {dagbag.py:545} INFO - Filling up the DagBag from /home/logi/txtai/venv/lib/python3.10/site-packages/airflow/example_dags/example_complex.py
[2025-10-29T20:24:36.687+0530] {processor.py:840} INFO - DAG(s) 'example_complex' retrieved from /home/logi/txtai/venv/lib/python3.10/site-packages/airflow/example_dags/example_complex.py
[2025-10-29T20:24:36.717+0530] {logging_mixin.py:188} INFO - [2025-10-29T20:24:36.716+0530] {dag.py:3096} INFO - Sync 1 DAGs
[2025-10-29T20:24:36.726+0530] {logging_mixin.py:188} INFO - [2025-10-29T20:24:36.726+0530] {dag.py:3954} INFO - Setting next_dagrun for example_complex to None, run_after=None
[2025-10-29T20:24:36.746+0530] {processor.py:183} INFO - Processing /home/logi/txtai/venv/lib/python3.10/site-packages/airflow/example_dags/example_complex.py took 0.094 seconds
[2025-10-29T20:25:31.693+0530] {processor.py:161} INFO - Started process (PID=22920) to work on /home/logi/txtai/venv/lib/python3.10/site-packages/airflow/example_dags/example_complex.py
[2025-10-29T20:25:31.706+0530] {processor.py:830} INFO - Processing file /home/logi/txtai/venv/lib/python3.10/site-packages/airflow/example_dags/example_complex.py for tasks to queue
[2025-10-29T20:25:31.708+0530] {logging_mixin.py:188} INFO - [2025-10-29T20:25:31.708+0530] {dagbag.py:545} INFO - Filling up the DagBag from /home/logi/txtai/venv/lib/python3.10/site-packages/airflow/example_dags/example_complex.py
[2025-10-29T20:25:31.717+0530] {processor.py:840} INFO - DAG(s) 'example_complex' retrieved from /home/logi/txtai/venv/lib/python3.10/site-packages/airflow/example_dags/example_complex.py
[2025-10-29T20:25:31.738+0530] {logging_mixin.py:188} INFO - [2025-10-29T20:25:31.738+0530] {dag.py:3096} INFO - Sync 1 DAGs
[2025-10-29T20:25:31.748+0530] {logging_mixin.py:188} INFO - [2025-10-29T20:25:31.748+0530] {dag.py:3954} INFO - Setting next_dagrun for example_complex to None, run_after=None
[2025-10-29T20:25:31.769+0530] {processor.py:183} INFO - Processing /home/logi/txtai/venv/lib/python3.10/site-packages/airflow/example_dags/example_complex.py took 0.083 seconds
[2025-10-29T20:26:49.006+0530] {processor.py:161} INFO - Started process (PID=23182) to work on /home/logi/txtai/venv/lib/python3.10/site-packages/airflow/example_dags/example_complex.py
[2025-10-29T20:26:49.019+0530] {processor.py:830} INFO - Processing file /home/logi/txtai/venv/lib/python3.10/site-packages/airflow/example_dags/example_complex.py for tasks to queue
[2025-10-29T20:26:49.022+0530] {logging_mixin.py:188} INFO - [2025-10-29T20:26:49.021+0530] {dagbag.py:545} INFO - Filling up the DagBag from /home/logi/txtai/venv/lib/python3.10/site-packages/airflow/example_dags/example_complex.py
[2025-10-29T20:26:49.031+0530] {processor.py:840} INFO - DAG(s) 'example_complex' retrieved from /home/logi/txtai/venv/lib/python3.10/site-packages/airflow/example_dags/example_complex.py
[2025-10-29T20:26:49.054+0530] {logging_mixin.py:188} INFO - [2025-10-29T20:26:49.054+0530] {dag.py:3096} INFO - Sync 1 DAGs
[2025-10-29T20:26:49.065+0530] {logging_mixin.py:188} INFO - [2025-10-29T20:26:49.065+0530] {dag.py:3954} INFO - Setting next_dagrun for example_complex to None, run_after=None
[2025-10-29T20:26:49.092+0530] {processor.py:183} INFO - Processing /home/logi/txtai/venv/lib/python3.10/site-packages/airflow/example_dags/example_complex.py took 0.098 seconds
[2025-10-29T20:28:03.997+0530] {processor.py:161} INFO - Started process (PID=23297) to work on /home/logi/txtai/venv/lib/python3.10/site-packages/airflow/example_dags/example_complex.py
[2025-10-29T20:28:04.011+0530] {processor.py:830} INFO - Processing file /home/logi/txtai/venv/lib/python3.10/site-packages/airflow/example_dags/example_complex.py for tasks to queue
[2025-10-29T20:28:04.014+0530] {logging_mixin.py:188} INFO - [2025-10-29T20:28:04.014+0530] {dagbag.py:545} INFO - Filling up the DagBag from /home/logi/txtai/venv/lib/python3.10/site-packages/airflow/example_dags/example_complex.py
[2025-10-29T20:28:04.036+0530] {processor.py:840} INFO - DAG(s) 'example_complex' retrieved from /home/logi/txtai/venv/lib/python3.10/site-packages/airflow/example_dags/example_complex.py
[2025-10-29T20:28:04.075+0530] {logging_mixin.py:188} INFO - [2025-10-29T20:28:04.075+0530] {dag.py:3096} INFO - Sync 1 DAGs
[2025-10-29T20:28:04.086+0530] {logging_mixin.py:188} INFO - [2025-10-29T20:28:04.085+0530] {dag.py:3954} INFO - Setting next_dagrun for example_complex to None, run_after=None
[2025-10-29T20:28:04.113+0530] {processor.py:183} INFO - Processing /home/logi/txtai/venv/lib/python3.10/site-packages/airflow/example_dags/example_complex.py took 0.124 seconds
[2025-10-29T20:29:21.348+0530] {processor.py:161} INFO - Started process (PID=23406) to work on /home/logi/txtai/venv/lib/python3.10/site-packages/airflow/example_dags/example_complex.py
[2025-10-29T20:29:21.350+0530] {processor.py:830} INFO - Processing file /home/logi/txtai/venv/lib/python3.10/site-packages/airflow/example_dags/example_complex.py for tasks to queue
[2025-10-29T20:29:21.353+0530] {logging_mixin.py:188} INFO - [2025-10-29T20:29:21.353+0530] {dagbag.py:545} INFO - Filling up the DagBag from /home/logi/txtai/venv/lib/python3.10/site-packages/airflow/example_dags/example_complex.py
[2025-10-29T20:29:21.372+0530] {processor.py:840} INFO - DAG(s) 'example_complex' retrieved from /home/logi/txtai/venv/lib/python3.10/site-packages/airflow/example_dags/example_complex.py
[2025-10-29T20:29:21.398+0530] {logging_mixin.py:188} INFO - [2025-10-29T20:29:21.398+0530] {dag.py:3096} INFO - Sync 1 DAGs
[2025-10-29T20:29:21.408+0530] {logging_mixin.py:188} INFO - [2025-10-29T20:29:21.408+0530] {dag.py:3954} INFO - Setting next_dagrun for example_complex to None, run_after=None
[2025-10-29T20:29:21.429+0530] {processor.py:183} INFO - Processing /home/logi/txtai/venv/lib/python3.10/site-packages/airflow/example_dags/example_complex.py took 0.093 seconds
[2025-10-29T20:30:16.938+0530] {processor.py:161} INFO - Started process (PID=23518) to work on /home/logi/txtai/venv/lib/python3.10/site-packages/airflow/example_dags/example_complex.py
[2025-10-29T20:30:16.951+0530] {processor.py:830} INFO - Processing file /home/logi/txtai/venv/lib/python3.10/site-packages/airflow/example_dags/example_complex.py for tasks to queue
[2025-10-29T20:30:16.953+0530] {logging_mixin.py:188} INFO - [2025-10-29T20:30:16.953+0530] {dagbag.py:545} INFO - Filling up the DagBag from /home/logi/txtai/venv/lib/python3.10/site-packages/airflow/example_dags/example_complex.py
[2025-10-29T20:30:16.963+0530] {processor.py:840} INFO - DAG(s) 'example_complex' retrieved from /home/logi/txtai/venv/lib/python3.10/site-packages/airflow/example_dags/example_complex.py
[2025-10-29T20:30:16.988+0530] {logging_mixin.py:188} INFO - [2025-10-29T20:30:16.988+0530] {dag.py:3096} INFO - Sync 1 DAGs
[2025-10-29T20:30:16.998+0530] {logging_mixin.py:188} INFO - [2025-10-29T20:30:16.997+0530] {dag.py:3954} INFO - Setting next_dagrun for example_complex to None, run_after=None
[2025-10-29T20:30:17.019+0530] {processor.py:183} INFO - Processing /home/logi/txtai/venv/lib/python3.10/site-packages/airflow/example_dags/example_complex.py took 0.092 seconds
[2025-10-29T20:31:09.021+0530] {processor.py:161} INFO - Started process (PID=23593) to work on /home/logi/txtai/venv/lib/python3.10/site-packages/airflow/example_dags/example_complex.py
[2025-10-29T20:31:09.035+0530] {processor.py:830} INFO - Processing file /home/logi/txtai/venv/lib/python3.10/site-packages/airflow/example_dags/example_complex.py for tasks to queue
[2025-10-29T20:31:09.038+0530] {logging_mixin.py:188} INFO - [2025-10-29T20:31:09.037+0530] {dagbag.py:545} INFO - Filling up the DagBag from /home/logi/txtai/venv/lib/python3.10/site-packages/airflow/example_dags/example_complex.py
[2025-10-29T20:31:09.058+0530] {processor.py:840} INFO - DAG(s) 'example_complex' retrieved from /home/logi/txtai/venv/lib/python3.10/site-packages/airflow/example_dags/example_complex.py
[2025-10-29T20:31:09.096+0530] {logging_mixin.py:188} INFO - [2025-10-29T20:31:09.095+0530] {dag.py:3096} INFO - Sync 1 DAGs
[2025-10-29T20:31:09.106+0530] {logging_mixin.py:188} INFO - [2025-10-29T20:31:09.106+0530] {dag.py:3954} INFO - Setting next_dagrun for example_complex to None, run_after=None
[2025-10-29T20:31:09.134+0530] {processor.py:183} INFO - Processing /home/logi/txtai/venv/lib/python3.10/site-packages/airflow/example_dags/example_complex.py took 0.124 seconds
[2025-10-29T20:32:00.438+0530] {processor.py:161} INFO - Started process (PID=23666) to work on /home/logi/txtai/venv/lib/python3.10/site-packages/airflow/example_dags/example_complex.py
[2025-10-29T20:32:00.451+0530] {processor.py:830} INFO - Processing file /home/logi/txtai/venv/lib/python3.10/site-packages/airflow/example_dags/example_complex.py for tasks to queue
[2025-10-29T20:32:00.455+0530] {logging_mixin.py:188} INFO - [2025-10-29T20:32:00.454+0530] {dagbag.py:545} INFO - Filling up the DagBag from /home/logi/txtai/venv/lib/python3.10/site-packages/airflow/example_dags/example_complex.py
[2025-10-29T20:32:00.475+0530] {processor.py:840} INFO - DAG(s) 'example_complex' retrieved from /home/logi/txtai/venv/lib/python3.10/site-packages/airflow/example_dags/example_complex.py
[2025-10-29T20:32:00.514+0530] {logging_mixin.py:188} INFO - [2025-10-29T20:32:00.514+0530] {dag.py:3096} INFO - Sync 1 DAGs
[2025-10-29T20:32:00.526+0530] {logging_mixin.py:188} INFO - [2025-10-29T20:32:00.526+0530] {dag.py:3954} INFO - Setting next_dagrun for example_complex to None, run_after=None
[2025-10-29T20:32:00.547+0530] {processor.py:183} INFO - Processing /home/logi/txtai/venv/lib/python3.10/site-packages/airflow/example_dags/example_complex.py took 0.122 seconds
[2025-10-29T20:32:53.627+0530] {processor.py:161} INFO - Started process (PID=23732) to work on /home/logi/txtai/venv/lib/python3.10/site-packages/airflow/example_dags/example_complex.py
[2025-10-29T20:32:53.629+0530] {processor.py:830} INFO - Processing file /home/logi/txtai/venv/lib/python3.10/site-packages/airflow/example_dags/example_complex.py for tasks to queue
[2025-10-29T20:32:53.631+0530] {logging_mixin.py:188} INFO - [2025-10-29T20:32:53.631+0530] {dagbag.py:545} INFO - Filling up the DagBag from /home/logi/txtai/venv/lib/python3.10/site-packages/airflow/example_dags/example_complex.py
[2025-10-29T20:32:53.650+0530] {processor.py:840} INFO - DAG(s) 'example_complex' retrieved from /home/logi/txtai/venv/lib/python3.10/site-packages/airflow/example_dags/example_complex.py
[2025-10-29T20:32:53.677+0530] {logging_mixin.py:188} INFO - [2025-10-29T20:32:53.677+0530] {dag.py:3096} INFO - Sync 1 DAGs
[2025-10-29T20:32:53.687+0530] {logging_mixin.py:188} INFO - [2025-10-29T20:32:53.686+0530] {dag.py:3954} INFO - Setting next_dagrun for example_complex to None, run_after=None
[2025-10-29T20:32:53.707+0530] {processor.py:183} INFO - Processing /home/logi/txtai/venv/lib/python3.10/site-packages/airflow/example_dags/example_complex.py took 0.092 seconds
[2025-10-29T20:33:47.579+0530] {processor.py:161} INFO - Started process (PID=23815) to work on /home/logi/txtai/venv/lib/python3.10/site-packages/airflow/example_dags/example_complex.py
[2025-10-29T20:33:47.581+0530] {processor.py:830} INFO - Processing file /home/logi/txtai/venv/lib/python3.10/site-packages/airflow/example_dags/example_complex.py for tasks to queue
[2025-10-29T20:33:47.584+0530] {logging_mixin.py:188} INFO - [2025-10-29T20:33:47.584+0530] {dagbag.py:545} INFO - Filling up the DagBag from /home/logi/txtai/venv/lib/python3.10/site-packages/airflow/example_dags/example_complex.py
[2025-10-29T20:33:47.603+0530] {processor.py:840} INFO - DAG(s) 'example_complex' retrieved from /home/logi/txtai/venv/lib/python3.10/site-packages/airflow/example_dags/example_complex.py
[2025-10-29T20:33:47.632+0530] {logging_mixin.py:188} INFO - [2025-10-29T20:33:47.632+0530] {dag.py:3096} INFO - Sync 1 DAGs
[2025-10-29T20:33:47.643+0530] {logging_mixin.py:188} INFO - [2025-10-29T20:33:47.643+0530] {dag.py:3954} INFO - Setting next_dagrun for example_complex to None, run_after=None
[2025-10-29T20:33:47.666+0530] {processor.py:183} INFO - Processing /home/logi/txtai/venv/lib/python3.10/site-packages/airflow/example_dags/example_complex.py took 0.099 seconds
[2025-10-29T20:35:00.905+0530] {processor.py:161} INFO - Started process (PID=23953) to work on /home/logi/txtai/venv/lib/python3.10/site-packages/airflow/example_dags/example_complex.py
[2025-10-29T20:35:00.919+0530] {processor.py:830} INFO - Processing file /home/logi/txtai/venv/lib/python3.10/site-packages/airflow/example_dags/example_complex.py for tasks to queue
[2025-10-29T20:35:00.922+0530] {logging_mixin.py:188} INFO - [2025-10-29T20:35:00.921+0530] {dagbag.py:545} INFO - Filling up the DagBag from /home/logi/txtai/venv/lib/python3.10/site-packages/airflow/example_dags/example_complex.py
[2025-10-29T20:35:00.940+0530] {processor.py:840} INFO - DAG(s) 'example_complex' retrieved from /home/logi/txtai/venv/lib/python3.10/site-packages/airflow/example_dags/example_complex.py
[2025-10-29T20:35:00.977+0530] {logging_mixin.py:188} INFO - [2025-10-29T20:35:00.977+0530] {dag.py:3096} INFO - Sync 1 DAGs
[2025-10-29T20:35:00.987+0530] {logging_mixin.py:188} INFO - [2025-10-29T20:35:00.987+0530] {dag.py:3954} INFO - Setting next_dagrun for example_complex to None, run_after=None
[2025-10-29T20:35:01.008+0530] {processor.py:183} INFO - Processing /home/logi/txtai/venv/lib/python3.10/site-packages/airflow/example_dags/example_complex.py took 0.115 seconds
[2025-10-29T20:36:18.357+0530] {processor.py:161} INFO - Started process (PID=24056) to work on /home/logi/txtai/venv/lib/python3.10/site-packages/airflow/example_dags/example_complex.py
[2025-10-29T20:36:18.371+0530] {processor.py:830} INFO - Processing file /home/logi/txtai/venv/lib/python3.10/site-packages/airflow/example_dags/example_complex.py for tasks to queue
[2025-10-29T20:36:18.374+0530] {logging_mixin.py:188} INFO - [2025-10-29T20:36:18.373+0530] {dagbag.py:545} INFO - Filling up the DagBag from /home/logi/txtai/venv/lib/python3.10/site-packages/airflow/example_dags/example_complex.py
[2025-10-29T20:36:18.392+0530] {processor.py:840} INFO - DAG(s) 'example_complex' retrieved from /home/logi/txtai/venv/lib/python3.10/site-packages/airflow/example_dags/example_complex.py
[2025-10-29T20:36:18.429+0530] {logging_mixin.py:188} INFO - [2025-10-29T20:36:18.429+0530] {dag.py:3096} INFO - Sync 1 DAGs
[2025-10-29T20:36:18.440+0530] {logging_mixin.py:188} INFO - [2025-10-29T20:36:18.439+0530] {dag.py:3954} INFO - Setting next_dagrun for example_complex to None, run_after=None
[2025-10-29T20:36:18.460+0530] {processor.py:183} INFO - Processing /home/logi/txtai/venv/lib/python3.10/site-packages/airflow/example_dags/example_complex.py took 0.114 seconds
[2025-10-29T20:37:12.340+0530] {processor.py:161} INFO - Started process (PID=24124) to work on /home/logi/txtai/venv/lib/python3.10/site-packages/airflow/example_dags/example_complex.py
[2025-10-29T20:37:12.354+0530] {processor.py:830} INFO - Processing file /home/logi/txtai/venv/lib/python3.10/site-packages/airflow/example_dags/example_complex.py for tasks to queue
[2025-10-29T20:37:12.357+0530] {logging_mixin.py:188} INFO - [2025-10-29T20:37:12.357+0530] {dagbag.py:545} INFO - Filling up the DagBag from /home/logi/txtai/venv/lib/python3.10/site-packages/airflow/example_dags/example_complex.py
[2025-10-29T20:37:12.375+0530] {processor.py:840} INFO - DAG(s) 'example_complex' retrieved from /home/logi/txtai/venv/lib/python3.10/site-packages/airflow/example_dags/example_complex.py
[2025-10-29T20:37:12.413+0530] {logging_mixin.py:188} INFO - [2025-10-29T20:37:12.412+0530] {dag.py:3096} INFO - Sync 1 DAGs
[2025-10-29T20:37:12.423+0530] {logging_mixin.py:188} INFO - [2025-10-29T20:37:12.423+0530] {dag.py:3954} INFO - Setting next_dagrun for example_complex to None, run_after=None
[2025-10-29T20:37:12.442+0530] {processor.py:183} INFO - Processing /home/logi/txtai/venv/lib/python3.10/site-packages/airflow/example_dags/example_complex.py took 0.114 seconds
