[2025-10-29T19:29:37.504+0530] {processor.py:161} INFO - Started process (PID=16096) to work on /home/logi/txtai/venv/lib/python3.10/site-packages/airflow/example_dags/tutorial.py
[2025-10-29T19:29:37.505+0530] {processor.py:830} INFO - Processing file /home/logi/txtai/venv/lib/python3.10/site-packages/airflow/example_dags/tutorial.py for tasks to queue
[2025-10-29T19:29:37.508+0530] {logging_mixin.py:188} INFO - [2025-10-29T19:29:37.507+0530] {dagbag.py:545} INFO - Filling up the DagBag from /home/logi/txtai/venv/lib/python3.10/site-packages/airflow/example_dags/tutorial.py
[2025-10-29T19:29:37.521+0530] {processor.py:840} INFO - DAG(s) 'tutorial' retrieved from /home/logi/txtai/venv/lib/python3.10/site-packages/airflow/example_dags/tutorial.py
[2025-10-29T19:29:37.605+0530] {logging_mixin.py:188} INFO - [2025-10-29T19:29:37.605+0530] {override.py:1829} INFO - Created Permission View: can read on DAG:tutorial
[2025-10-29T19:29:37.614+0530] {logging_mixin.py:188} INFO - [2025-10-29T19:29:37.614+0530] {override.py:1829} INFO - Created Permission View: can edit on DAG:tutorial
[2025-10-29T19:29:37.620+0530] {logging_mixin.py:188} INFO - [2025-10-29T19:29:37.620+0530] {override.py:1829} INFO - Created Permission View: can delete on DAG:tutorial
[2025-10-29T19:29:37.620+0530] {logging_mixin.py:188} INFO - [2025-10-29T19:29:37.620+0530] {dag.py:3096} INFO - Sync 1 DAGs
[2025-10-29T19:29:37.627+0530] {logging_mixin.py:188} INFO - [2025-10-29T19:29:37.627+0530] {dag.py:3118} INFO - Creating ORM DAG for tutorial
[2025-10-29T19:29:37.635+0530] {logging_mixin.py:188} INFO - [2025-10-29T19:29:37.634+0530] {dag.py:3954} INFO - Setting next_dagrun for tutorial to 2025-10-28 00:00:00+00:00, run_after=2025-10-29 00:00:00+00:00
[2025-10-29T19:29:37.650+0530] {processor.py:183} INFO - Processing /home/logi/txtai/venv/lib/python3.10/site-packages/airflow/example_dags/tutorial.py took 0.156 seconds
[2025-10-29T19:30:36.048+0530] {processor.py:161} INFO - Started process (PID=16431) to work on /home/logi/txtai/venv/lib/python3.10/site-packages/airflow/example_dags/tutorial.py
[2025-10-29T19:30:36.060+0530] {processor.py:830} INFO - Processing file /home/logi/txtai/venv/lib/python3.10/site-packages/airflow/example_dags/tutorial.py for tasks to queue
[2025-10-29T19:30:36.063+0530] {logging_mixin.py:188} INFO - [2025-10-29T19:30:36.062+0530] {dagbag.py:545} INFO - Filling up the DagBag from /home/logi/txtai/venv/lib/python3.10/site-packages/airflow/example_dags/tutorial.py
[2025-10-29T19:30:36.068+0530] {processor.py:840} INFO - DAG(s) 'tutorial' retrieved from /home/logi/txtai/venv/lib/python3.10/site-packages/airflow/example_dags/tutorial.py
[2025-10-29T19:30:36.081+0530] {logging_mixin.py:188} INFO - [2025-10-29T19:30:36.081+0530] {dag.py:3096} INFO - Sync 1 DAGs
[2025-10-29T19:30:36.096+0530] {logging_mixin.py:188} INFO - [2025-10-29T19:30:36.096+0530] {dag.py:3954} INFO - Setting next_dagrun for tutorial to 2025-10-28 00:00:00+00:00, run_after=2025-10-29 00:00:00+00:00
[2025-10-29T19:30:36.112+0530] {processor.py:183} INFO - Processing /home/logi/txtai/venv/lib/python3.10/site-packages/airflow/example_dags/tutorial.py took 0.070 seconds
[2025-10-29T19:31:25.983+0530] {processor.py:161} INFO - Started process (PID=16598) to work on /home/logi/txtai/venv/lib/python3.10/site-packages/airflow/example_dags/tutorial.py
[2025-10-29T19:31:25.985+0530] {processor.py:830} INFO - Processing file /home/logi/txtai/venv/lib/python3.10/site-packages/airflow/example_dags/tutorial.py for tasks to queue
[2025-10-29T19:31:25.988+0530] {logging_mixin.py:188} INFO - [2025-10-29T19:31:25.987+0530] {dagbag.py:545} INFO - Filling up the DagBag from /home/logi/txtai/venv/lib/python3.10/site-packages/airflow/example_dags/tutorial.py
[2025-10-29T19:31:26.006+0530] {processor.py:840} INFO - DAG(s) 'tutorial' retrieved from /home/logi/txtai/venv/lib/python3.10/site-packages/airflow/example_dags/tutorial.py
[2025-10-29T19:31:26.036+0530] {logging_mixin.py:188} INFO - [2025-10-29T19:31:26.036+0530] {dag.py:3096} INFO - Sync 1 DAGs
[2025-10-29T19:31:26.067+0530] {logging_mixin.py:188} INFO - [2025-10-29T19:31:26.067+0530] {dag.py:3954} INFO - Setting next_dagrun for tutorial to 2025-10-28 00:00:00+00:00, run_after=2025-10-29 00:00:00+00:00
[2025-10-29T19:31:26.093+0530] {processor.py:183} INFO - Processing /home/logi/txtai/venv/lib/python3.10/site-packages/airflow/example_dags/tutorial.py took 0.127 seconds
[2025-10-29T19:32:09.820+0530] {processor.py:161} INFO - Started process (PID=16667) to work on /home/logi/txtai/venv/lib/python3.10/site-packages/airflow/example_dags/tutorial.py
[2025-10-29T19:32:09.834+0530] {processor.py:830} INFO - Processing file /home/logi/txtai/venv/lib/python3.10/site-packages/airflow/example_dags/tutorial.py for tasks to queue
[2025-10-29T19:32:09.837+0530] {logging_mixin.py:188} INFO - [2025-10-29T19:32:09.836+0530] {dagbag.py:545} INFO - Filling up the DagBag from /home/logi/txtai/venv/lib/python3.10/site-packages/airflow/example_dags/tutorial.py
[2025-10-29T19:32:09.847+0530] {processor.py:840} INFO - DAG(s) 'tutorial' retrieved from /home/logi/txtai/venv/lib/python3.10/site-packages/airflow/example_dags/tutorial.py
[2025-10-29T19:32:09.871+0530] {logging_mixin.py:188} INFO - [2025-10-29T19:32:09.871+0530] {dag.py:3096} INFO - Sync 1 DAGs
[2025-10-29T19:32:09.893+0530] {logging_mixin.py:188} INFO - [2025-10-29T19:32:09.893+0530] {dag.py:3954} INFO - Setting next_dagrun for tutorial to 2025-10-28 00:00:00+00:00, run_after=2025-10-29 00:00:00+00:00
[2025-10-29T19:32:09.918+0530] {processor.py:183} INFO - Processing /home/logi/txtai/venv/lib/python3.10/site-packages/airflow/example_dags/tutorial.py took 0.108 seconds
[2025-10-29T19:32:57.400+0530] {processor.py:161} INFO - Started process (PID=16777) to work on /home/logi/txtai/venv/lib/python3.10/site-packages/airflow/example_dags/tutorial.py
[2025-10-29T19:32:57.414+0530] {processor.py:830} INFO - Processing file /home/logi/txtai/venv/lib/python3.10/site-packages/airflow/example_dags/tutorial.py for tasks to queue
[2025-10-29T19:32:57.416+0530] {logging_mixin.py:188} INFO - [2025-10-29T19:32:57.415+0530] {dagbag.py:545} INFO - Filling up the DagBag from /home/logi/txtai/venv/lib/python3.10/site-packages/airflow/example_dags/tutorial.py
[2025-10-29T19:32:57.426+0530] {processor.py:840} INFO - DAG(s) 'tutorial' retrieved from /home/logi/txtai/venv/lib/python3.10/site-packages/airflow/example_dags/tutorial.py
[2025-10-29T19:32:57.455+0530] {logging_mixin.py:188} INFO - [2025-10-29T19:32:57.454+0530] {dag.py:3096} INFO - Sync 1 DAGs
[2025-10-29T19:32:57.483+0530] {logging_mixin.py:188} INFO - [2025-10-29T19:32:57.483+0530] {dag.py:3954} INFO - Setting next_dagrun for tutorial to 2025-10-28 00:00:00+00:00, run_after=2025-10-29 00:00:00+00:00
[2025-10-29T19:32:57.522+0530] {processor.py:183} INFO - Processing /home/logi/txtai/venv/lib/python3.10/site-packages/airflow/example_dags/tutorial.py took 0.134 seconds
[2025-10-29T19:33:46.939+0530] {processor.py:161} INFO - Started process (PID=16886) to work on /home/logi/txtai/venv/lib/python3.10/site-packages/airflow/example_dags/tutorial.py
[2025-10-29T19:33:46.942+0530] {processor.py:830} INFO - Processing file /home/logi/txtai/venv/lib/python3.10/site-packages/airflow/example_dags/tutorial.py for tasks to queue
[2025-10-29T19:33:46.945+0530] {logging_mixin.py:188} INFO - [2025-10-29T19:33:46.944+0530] {dagbag.py:545} INFO - Filling up the DagBag from /home/logi/txtai/venv/lib/python3.10/site-packages/airflow/example_dags/tutorial.py
[2025-10-29T19:33:46.956+0530] {processor.py:840} INFO - DAG(s) 'tutorial' retrieved from /home/logi/txtai/venv/lib/python3.10/site-packages/airflow/example_dags/tutorial.py
[2025-10-29T19:33:46.980+0530] {logging_mixin.py:188} INFO - [2025-10-29T19:33:46.980+0530] {dag.py:3096} INFO - Sync 1 DAGs
[2025-10-29T19:33:46.997+0530] {logging_mixin.py:188} INFO - [2025-10-29T19:33:46.997+0530] {dag.py:3954} INFO - Setting next_dagrun for tutorial to 2025-10-28 00:00:00+00:00, run_after=2025-10-29 00:00:00+00:00
[2025-10-29T19:33:47.016+0530] {processor.py:183} INFO - Processing /home/logi/txtai/venv/lib/python3.10/site-packages/airflow/example_dags/tutorial.py took 0.088 seconds
[2025-10-29T19:34:34.965+0530] {processor.py:161} INFO - Started process (PID=16978) to work on /home/logi/txtai/venv/lib/python3.10/site-packages/airflow/example_dags/tutorial.py
[2025-10-29T19:34:34.979+0530] {processor.py:830} INFO - Processing file /home/logi/txtai/venv/lib/python3.10/site-packages/airflow/example_dags/tutorial.py for tasks to queue
[2025-10-29T19:34:34.982+0530] {logging_mixin.py:188} INFO - [2025-10-29T19:34:34.982+0530] {dagbag.py:545} INFO - Filling up the DagBag from /home/logi/txtai/venv/lib/python3.10/site-packages/airflow/example_dags/tutorial.py
[2025-10-29T19:34:34.993+0530] {processor.py:840} INFO - DAG(s) 'tutorial' retrieved from /home/logi/txtai/venv/lib/python3.10/site-packages/airflow/example_dags/tutorial.py
[2025-10-29T19:34:35.021+0530] {logging_mixin.py:188} INFO - [2025-10-29T19:34:35.020+0530] {dag.py:3096} INFO - Sync 1 DAGs
[2025-10-29T19:34:35.042+0530] {logging_mixin.py:188} INFO - [2025-10-29T19:34:35.042+0530] {dag.py:3954} INFO - Setting next_dagrun for tutorial to 2025-10-28 00:00:00+00:00, run_after=2025-10-29 00:00:00+00:00
[2025-10-29T19:34:35.070+0530] {processor.py:183} INFO - Processing /home/logi/txtai/venv/lib/python3.10/site-packages/airflow/example_dags/tutorial.py took 0.116 seconds
[2025-10-29T19:35:25.921+0530] {processor.py:161} INFO - Started process (PID=17044) to work on /home/logi/txtai/venv/lib/python3.10/site-packages/airflow/example_dags/tutorial.py
[2025-10-29T19:35:25.923+0530] {processor.py:830} INFO - Processing file /home/logi/txtai/venv/lib/python3.10/site-packages/airflow/example_dags/tutorial.py for tasks to queue
[2025-10-29T19:35:25.926+0530] {logging_mixin.py:188} INFO - [2025-10-29T19:35:25.925+0530] {dagbag.py:545} INFO - Filling up the DagBag from /home/logi/txtai/venv/lib/python3.10/site-packages/airflow/example_dags/tutorial.py
[2025-10-29T19:35:25.936+0530] {processor.py:840} INFO - DAG(s) 'tutorial' retrieved from /home/logi/txtai/venv/lib/python3.10/site-packages/airflow/example_dags/tutorial.py
[2025-10-29T19:35:25.961+0530] {logging_mixin.py:188} INFO - [2025-10-29T19:35:25.961+0530] {dag.py:3096} INFO - Sync 1 DAGs
[2025-10-29T19:35:25.977+0530] {logging_mixin.py:188} INFO - [2025-10-29T19:35:25.977+0530] {dag.py:3954} INFO - Setting next_dagrun for tutorial to 2025-10-28 00:00:00+00:00, run_after=2025-10-29 00:00:00+00:00
[2025-10-29T19:35:25.997+0530] {processor.py:183} INFO - Processing /home/logi/txtai/venv/lib/python3.10/site-packages/airflow/example_dags/tutorial.py took 0.087 seconds
[2025-10-29T19:36:15.906+0530] {processor.py:161} INFO - Started process (PID=17183) to work on /home/logi/txtai/venv/lib/python3.10/site-packages/airflow/example_dags/tutorial.py
[2025-10-29T19:36:15.919+0530] {processor.py:830} INFO - Processing file /home/logi/txtai/venv/lib/python3.10/site-packages/airflow/example_dags/tutorial.py for tasks to queue
[2025-10-29T19:36:15.922+0530] {logging_mixin.py:188} INFO - [2025-10-29T19:36:15.921+0530] {dagbag.py:545} INFO - Filling up the DagBag from /home/logi/txtai/venv/lib/python3.10/site-packages/airflow/example_dags/tutorial.py
[2025-10-29T19:36:15.932+0530] {processor.py:840} INFO - DAG(s) 'tutorial' retrieved from /home/logi/txtai/venv/lib/python3.10/site-packages/airflow/example_dags/tutorial.py
[2025-10-29T19:36:15.960+0530] {logging_mixin.py:188} INFO - [2025-10-29T19:36:15.959+0530] {dag.py:3096} INFO - Sync 1 DAGs
[2025-10-29T19:36:15.978+0530] {logging_mixin.py:188} INFO - [2025-10-29T19:36:15.978+0530] {dag.py:3954} INFO - Setting next_dagrun for tutorial to 2025-10-28 00:00:00+00:00, run_after=2025-10-29 00:00:00+00:00
[2025-10-29T19:36:16.005+0530] {processor.py:183} INFO - Processing /home/logi/txtai/venv/lib/python3.10/site-packages/airflow/example_dags/tutorial.py took 0.111 seconds
[2025-10-29T19:37:08.020+0530] {processor.py:161} INFO - Started process (PID=17381) to work on /home/logi/txtai/venv/lib/python3.10/site-packages/airflow/example_dags/tutorial.py
[2025-10-29T19:37:08.034+0530] {processor.py:830} INFO - Processing file /home/logi/txtai/venv/lib/python3.10/site-packages/airflow/example_dags/tutorial.py for tasks to queue
[2025-10-29T19:37:08.037+0530] {logging_mixin.py:188} INFO - [2025-10-29T19:37:08.036+0530] {dagbag.py:545} INFO - Filling up the DagBag from /home/logi/txtai/venv/lib/python3.10/site-packages/airflow/example_dags/tutorial.py
[2025-10-29T19:37:08.047+0530] {processor.py:840} INFO - DAG(s) 'tutorial' retrieved from /home/logi/txtai/venv/lib/python3.10/site-packages/airflow/example_dags/tutorial.py
[2025-10-29T19:37:08.076+0530] {logging_mixin.py:188} INFO - [2025-10-29T19:37:08.075+0530] {dag.py:3096} INFO - Sync 1 DAGs
[2025-10-29T19:37:08.098+0530] {logging_mixin.py:188} INFO - [2025-10-29T19:37:08.097+0530] {dag.py:3954} INFO - Setting next_dagrun for tutorial to 2025-10-28 00:00:00+00:00, run_after=2025-10-29 00:00:00+00:00
[2025-10-29T19:37:08.123+0530] {processor.py:183} INFO - Processing /home/logi/txtai/venv/lib/python3.10/site-packages/airflow/example_dags/tutorial.py took 0.114 seconds
[2025-10-29T19:37:59.113+0530] {processor.py:161} INFO - Started process (PID=17443) to work on /home/logi/txtai/venv/lib/python3.10/site-packages/airflow/example_dags/tutorial.py
[2025-10-29T19:37:59.127+0530] {processor.py:830} INFO - Processing file /home/logi/txtai/venv/lib/python3.10/site-packages/airflow/example_dags/tutorial.py for tasks to queue
[2025-10-29T19:37:59.130+0530] {logging_mixin.py:188} INFO - [2025-10-29T19:37:59.129+0530] {dagbag.py:545} INFO - Filling up the DagBag from /home/logi/txtai/venv/lib/python3.10/site-packages/airflow/example_dags/tutorial.py
[2025-10-29T19:37:59.141+0530] {processor.py:840} INFO - DAG(s) 'tutorial' retrieved from /home/logi/txtai/venv/lib/python3.10/site-packages/airflow/example_dags/tutorial.py
[2025-10-29T19:37:59.168+0530] {logging_mixin.py:188} INFO - [2025-10-29T19:37:59.168+0530] {dag.py:3096} INFO - Sync 1 DAGs
[2025-10-29T19:37:59.189+0530] {logging_mixin.py:188} INFO - [2025-10-29T19:37:59.189+0530] {dag.py:3954} INFO - Setting next_dagrun for tutorial to 2025-10-28 00:00:00+00:00, run_after=2025-10-29 00:00:00+00:00
[2025-10-29T19:37:59.215+0530] {processor.py:183} INFO - Processing /home/logi/txtai/venv/lib/python3.10/site-packages/airflow/example_dags/tutorial.py took 0.113 seconds
[2025-10-29T19:38:50.462+0530] {processor.py:161} INFO - Started process (PID=17506) to work on /home/logi/txtai/venv/lib/python3.10/site-packages/airflow/example_dags/tutorial.py
[2025-10-29T19:38:50.475+0530] {processor.py:830} INFO - Processing file /home/logi/txtai/venv/lib/python3.10/site-packages/airflow/example_dags/tutorial.py for tasks to queue
[2025-10-29T19:38:50.478+0530] {logging_mixin.py:188} INFO - [2025-10-29T19:38:50.478+0530] {dagbag.py:545} INFO - Filling up the DagBag from /home/logi/txtai/venv/lib/python3.10/site-packages/airflow/example_dags/tutorial.py
[2025-10-29T19:38:50.489+0530] {processor.py:840} INFO - DAG(s) 'tutorial' retrieved from /home/logi/txtai/venv/lib/python3.10/site-packages/airflow/example_dags/tutorial.py
[2025-10-29T19:38:50.516+0530] {logging_mixin.py:188} INFO - [2025-10-29T19:38:50.516+0530] {dag.py:3096} INFO - Sync 1 DAGs
[2025-10-29T19:38:50.538+0530] {logging_mixin.py:188} INFO - [2025-10-29T19:38:50.538+0530] {dag.py:3954} INFO - Setting next_dagrun for tutorial to 2025-10-28 00:00:00+00:00, run_after=2025-10-29 00:00:00+00:00
[2025-10-29T19:38:50.565+0530] {processor.py:183} INFO - Processing /home/logi/txtai/venv/lib/python3.10/site-packages/airflow/example_dags/tutorial.py took 0.115 seconds
[2025-10-29T19:39:45.603+0530] {processor.py:161} INFO - Started process (PID=17603) to work on /home/logi/txtai/venv/lib/python3.10/site-packages/airflow/example_dags/tutorial.py
[2025-10-29T19:39:45.606+0530] {processor.py:830} INFO - Processing file /home/logi/txtai/venv/lib/python3.10/site-packages/airflow/example_dags/tutorial.py for tasks to queue
[2025-10-29T19:39:45.609+0530] {logging_mixin.py:188} INFO - [2025-10-29T19:39:45.608+0530] {dagbag.py:545} INFO - Filling up the DagBag from /home/logi/txtai/venv/lib/python3.10/site-packages/airflow/example_dags/tutorial.py
[2025-10-29T19:39:45.619+0530] {processor.py:840} INFO - DAG(s) 'tutorial' retrieved from /home/logi/txtai/venv/lib/python3.10/site-packages/airflow/example_dags/tutorial.py
[2025-10-29T19:39:45.645+0530] {logging_mixin.py:188} INFO - [2025-10-29T19:39:45.644+0530] {dag.py:3096} INFO - Sync 1 DAGs
[2025-10-29T19:39:45.662+0530] {logging_mixin.py:188} INFO - [2025-10-29T19:39:45.661+0530] {dag.py:3954} INFO - Setting next_dagrun for tutorial to 2025-10-28 00:00:00+00:00, run_after=2025-10-29 00:00:00+00:00
[2025-10-29T19:39:45.682+0530] {processor.py:183} INFO - Processing /home/logi/txtai/venv/lib/python3.10/site-packages/airflow/example_dags/tutorial.py took 0.091 seconds
[2025-10-29T19:40:36.441+0530] {processor.py:161} INFO - Started process (PID=17784) to work on /home/logi/txtai/venv/lib/python3.10/site-packages/airflow/example_dags/tutorial.py
[2025-10-29T19:40:36.454+0530] {processor.py:830} INFO - Processing file /home/logi/txtai/venv/lib/python3.10/site-packages/airflow/example_dags/tutorial.py for tasks to queue
[2025-10-29T19:40:36.457+0530] {logging_mixin.py:188} INFO - [2025-10-29T19:40:36.456+0530] {dagbag.py:545} INFO - Filling up the DagBag from /home/logi/txtai/venv/lib/python3.10/site-packages/airflow/example_dags/tutorial.py
[2025-10-29T19:40:36.468+0530] {processor.py:840} INFO - DAG(s) 'tutorial' retrieved from /home/logi/txtai/venv/lib/python3.10/site-packages/airflow/example_dags/tutorial.py
[2025-10-29T19:40:36.495+0530] {logging_mixin.py:188} INFO - [2025-10-29T19:40:36.494+0530] {dag.py:3096} INFO - Sync 1 DAGs
[2025-10-29T19:40:36.516+0530] {logging_mixin.py:188} INFO - [2025-10-29T19:40:36.515+0530] {dag.py:3954} INFO - Setting next_dagrun for tutorial to 2025-10-28 00:00:00+00:00, run_after=2025-10-29 00:00:00+00:00
[2025-10-29T19:40:36.542+0530] {processor.py:183} INFO - Processing /home/logi/txtai/venv/lib/python3.10/site-packages/airflow/example_dags/tutorial.py took 0.113 seconds
[2025-10-29T19:41:25.136+0530] {processor.py:161} INFO - Started process (PID=17926) to work on /home/logi/txtai/venv/lib/python3.10/site-packages/airflow/example_dags/tutorial.py
[2025-10-29T19:41:25.150+0530] {processor.py:830} INFO - Processing file /home/logi/txtai/venv/lib/python3.10/site-packages/airflow/example_dags/tutorial.py for tasks to queue
[2025-10-29T19:41:25.153+0530] {logging_mixin.py:188} INFO - [2025-10-29T19:41:25.153+0530] {dagbag.py:545} INFO - Filling up the DagBag from /home/logi/txtai/venv/lib/python3.10/site-packages/airflow/example_dags/tutorial.py
[2025-10-29T19:41:25.164+0530] {processor.py:840} INFO - DAG(s) 'tutorial' retrieved from /home/logi/txtai/venv/lib/python3.10/site-packages/airflow/example_dags/tutorial.py
[2025-10-29T19:41:25.191+0530] {logging_mixin.py:188} INFO - [2025-10-29T19:41:25.190+0530] {dag.py:3096} INFO - Sync 1 DAGs
[2025-10-29T19:41:25.213+0530] {logging_mixin.py:188} INFO - [2025-10-29T19:41:25.213+0530] {dag.py:3954} INFO - Setting next_dagrun for tutorial to 2025-10-28 00:00:00+00:00, run_after=2025-10-29 00:00:00+00:00
[2025-10-29T19:41:25.240+0530] {processor.py:183} INFO - Processing /home/logi/txtai/venv/lib/python3.10/site-packages/airflow/example_dags/tutorial.py took 0.115 seconds
[2025-10-29T19:42:16.522+0530] {processor.py:161} INFO - Started process (PID=17995) to work on /home/logi/txtai/venv/lib/python3.10/site-packages/airflow/example_dags/tutorial.py
[2025-10-29T19:42:16.536+0530] {processor.py:830} INFO - Processing file /home/logi/txtai/venv/lib/python3.10/site-packages/airflow/example_dags/tutorial.py for tasks to queue
[2025-10-29T19:42:16.539+0530] {logging_mixin.py:188} INFO - [2025-10-29T19:42:16.538+0530] {dagbag.py:545} INFO - Filling up the DagBag from /home/logi/txtai/venv/lib/python3.10/site-packages/airflow/example_dags/tutorial.py
[2025-10-29T19:42:16.549+0530] {processor.py:840} INFO - DAG(s) 'tutorial' retrieved from /home/logi/txtai/venv/lib/python3.10/site-packages/airflow/example_dags/tutorial.py
[2025-10-29T19:42:16.582+0530] {logging_mixin.py:188} INFO - [2025-10-29T19:42:16.581+0530] {dag.py:3096} INFO - Sync 1 DAGs
[2025-10-29T19:42:16.600+0530] {logging_mixin.py:188} INFO - [2025-10-29T19:42:16.600+0530] {dag.py:3954} INFO - Setting next_dagrun for tutorial to 2025-10-28 00:00:00+00:00, run_after=2025-10-29 00:00:00+00:00
[2025-10-29T19:42:16.620+0530] {processor.py:183} INFO - Processing /home/logi/txtai/venv/lib/python3.10/site-packages/airflow/example_dags/tutorial.py took 0.109 seconds
[2025-10-29T19:43:09.970+0530] {processor.py:161} INFO - Started process (PID=18060) to work on /home/logi/txtai/venv/lib/python3.10/site-packages/airflow/example_dags/tutorial.py
[2025-10-29T19:43:09.984+0530] {processor.py:830} INFO - Processing file /home/logi/txtai/venv/lib/python3.10/site-packages/airflow/example_dags/tutorial.py for tasks to queue
[2025-10-29T19:43:09.987+0530] {logging_mixin.py:188} INFO - [2025-10-29T19:43:09.986+0530] {dagbag.py:545} INFO - Filling up the DagBag from /home/logi/txtai/venv/lib/python3.10/site-packages/airflow/example_dags/tutorial.py
[2025-10-29T19:43:09.997+0530] {processor.py:840} INFO - DAG(s) 'tutorial' retrieved from /home/logi/txtai/venv/lib/python3.10/site-packages/airflow/example_dags/tutorial.py
[2025-10-29T19:43:10.026+0530] {logging_mixin.py:188} INFO - [2025-10-29T19:43:10.026+0530] {dag.py:3096} INFO - Sync 1 DAGs
[2025-10-29T19:43:10.046+0530] {logging_mixin.py:188} INFO - [2025-10-29T19:43:10.046+0530] {dag.py:3954} INFO - Setting next_dagrun for tutorial to 2025-10-28 00:00:00+00:00, run_after=2025-10-29 00:00:00+00:00
[2025-10-29T19:43:10.074+0530] {processor.py:183} INFO - Processing /home/logi/txtai/venv/lib/python3.10/site-packages/airflow/example_dags/tutorial.py took 0.116 seconds
[2025-10-29T19:44:03.615+0530] {processor.py:161} INFO - Started process (PID=18154) to work on /home/logi/txtai/venv/lib/python3.10/site-packages/airflow/example_dags/tutorial.py
[2025-10-29T19:44:03.628+0530] {processor.py:830} INFO - Processing file /home/logi/txtai/venv/lib/python3.10/site-packages/airflow/example_dags/tutorial.py for tasks to queue
[2025-10-29T19:44:03.631+0530] {logging_mixin.py:188} INFO - [2025-10-29T19:44:03.631+0530] {dagbag.py:545} INFO - Filling up the DagBag from /home/logi/txtai/venv/lib/python3.10/site-packages/airflow/example_dags/tutorial.py
[2025-10-29T19:44:03.643+0530] {processor.py:840} INFO - DAG(s) 'tutorial' retrieved from /home/logi/txtai/venv/lib/python3.10/site-packages/airflow/example_dags/tutorial.py
[2025-10-29T19:44:03.674+0530] {logging_mixin.py:188} INFO - [2025-10-29T19:44:03.674+0530] {dag.py:3096} INFO - Sync 1 DAGs
[2025-10-29T19:44:03.692+0530] {logging_mixin.py:188} INFO - [2025-10-29T19:44:03.691+0530] {dag.py:3954} INFO - Setting next_dagrun for tutorial to 2025-10-28 00:00:00+00:00, run_after=2025-10-29 00:00:00+00:00
[2025-10-29T19:44:03.711+0530] {processor.py:183} INFO - Processing /home/logi/txtai/venv/lib/python3.10/site-packages/airflow/example_dags/tutorial.py took 0.109 seconds
[2025-10-29T19:44:55.401+0530] {processor.py:161} INFO - Started process (PID=18246) to work on /home/logi/txtai/venv/lib/python3.10/site-packages/airflow/example_dags/tutorial.py
[2025-10-29T19:44:55.413+0530] {processor.py:830} INFO - Processing file /home/logi/txtai/venv/lib/python3.10/site-packages/airflow/example_dags/tutorial.py for tasks to queue
[2025-10-29T19:44:55.415+0530] {logging_mixin.py:188} INFO - [2025-10-29T19:44:55.415+0530] {dagbag.py:545} INFO - Filling up the DagBag from /home/logi/txtai/venv/lib/python3.10/site-packages/airflow/example_dags/tutorial.py
[2025-10-29T19:44:55.422+0530] {processor.py:840} INFO - DAG(s) 'tutorial' retrieved from /home/logi/txtai/venv/lib/python3.10/site-packages/airflow/example_dags/tutorial.py
[2025-10-29T19:44:55.444+0530] {logging_mixin.py:188} INFO - [2025-10-29T19:44:55.444+0530] {dag.py:3096} INFO - Sync 1 DAGs
[2025-10-29T19:44:55.461+0530] {logging_mixin.py:188} INFO - [2025-10-29T19:44:55.461+0530] {dag.py:3954} INFO - Setting next_dagrun for tutorial to 2025-10-28 00:00:00+00:00, run_after=2025-10-29 00:00:00+00:00
[2025-10-29T19:44:55.483+0530] {processor.py:183} INFO - Processing /home/logi/txtai/venv/lib/python3.10/site-packages/airflow/example_dags/tutorial.py took 0.087 seconds
[2025-10-29T19:45:50.758+0530] {processor.py:161} INFO - Started process (PID=18331) to work on /home/logi/txtai/venv/lib/python3.10/site-packages/airflow/example_dags/tutorial.py
[2025-10-29T19:45:50.771+0530] {processor.py:830} INFO - Processing file /home/logi/txtai/venv/lib/python3.10/site-packages/airflow/example_dags/tutorial.py for tasks to queue
[2025-10-29T19:45:50.774+0530] {logging_mixin.py:188} INFO - [2025-10-29T19:45:50.773+0530] {dagbag.py:545} INFO - Filling up the DagBag from /home/logi/txtai/venv/lib/python3.10/site-packages/airflow/example_dags/tutorial.py
[2025-10-29T19:45:50.785+0530] {processor.py:840} INFO - DAG(s) 'tutorial' retrieved from /home/logi/txtai/venv/lib/python3.10/site-packages/airflow/example_dags/tutorial.py
[2025-10-29T19:45:50.813+0530] {logging_mixin.py:188} INFO - [2025-10-29T19:45:50.813+0530] {dag.py:3096} INFO - Sync 1 DAGs
[2025-10-29T19:45:50.834+0530] {logging_mixin.py:188} INFO - [2025-10-29T19:45:50.834+0530] {dag.py:3954} INFO - Setting next_dagrun for tutorial to 2025-10-28 00:00:00+00:00, run_after=2025-10-29 00:00:00+00:00
[2025-10-29T19:45:50.854+0530] {processor.py:183} INFO - Processing /home/logi/txtai/venv/lib/python3.10/site-packages/airflow/example_dags/tutorial.py took 0.108 seconds
[2025-10-29T19:46:45.517+0530] {processor.py:161} INFO - Started process (PID=18396) to work on /home/logi/txtai/venv/lib/python3.10/site-packages/airflow/example_dags/tutorial.py
[2025-10-29T19:46:45.531+0530] {processor.py:830} INFO - Processing file /home/logi/txtai/venv/lib/python3.10/site-packages/airflow/example_dags/tutorial.py for tasks to queue
[2025-10-29T19:46:45.535+0530] {logging_mixin.py:188} INFO - [2025-10-29T19:46:45.534+0530] {dagbag.py:545} INFO - Filling up the DagBag from /home/logi/txtai/venv/lib/python3.10/site-packages/airflow/example_dags/tutorial.py
[2025-10-29T19:46:45.546+0530] {processor.py:840} INFO - DAG(s) 'tutorial' retrieved from /home/logi/txtai/venv/lib/python3.10/site-packages/airflow/example_dags/tutorial.py
[2025-10-29T19:46:45.573+0530] {logging_mixin.py:188} INFO - [2025-10-29T19:46:45.573+0530] {dag.py:3096} INFO - Sync 1 DAGs
[2025-10-29T19:46:45.594+0530] {logging_mixin.py:188} INFO - [2025-10-29T19:46:45.594+0530] {dag.py:3954} INFO - Setting next_dagrun for tutorial to 2025-10-28 00:00:00+00:00, run_after=2025-10-29 00:00:00+00:00
[2025-10-29T19:46:45.620+0530] {processor.py:183} INFO - Processing /home/logi/txtai/venv/lib/python3.10/site-packages/airflow/example_dags/tutorial.py took 0.115 seconds
[2025-10-29T19:47:38.904+0530] {processor.py:161} INFO - Started process (PID=18460) to work on /home/logi/txtai/venv/lib/python3.10/site-packages/airflow/example_dags/tutorial.py
[2025-10-29T19:47:38.917+0530] {processor.py:830} INFO - Processing file /home/logi/txtai/venv/lib/python3.10/site-packages/airflow/example_dags/tutorial.py for tasks to queue
[2025-10-29T19:47:38.920+0530] {logging_mixin.py:188} INFO - [2025-10-29T19:47:38.920+0530] {dagbag.py:545} INFO - Filling up the DagBag from /home/logi/txtai/venv/lib/python3.10/site-packages/airflow/example_dags/tutorial.py
[2025-10-29T19:47:38.933+0530] {processor.py:840} INFO - DAG(s) 'tutorial' retrieved from /home/logi/txtai/venv/lib/python3.10/site-packages/airflow/example_dags/tutorial.py
[2025-10-29T19:47:38.966+0530] {logging_mixin.py:188} INFO - [2025-10-29T19:47:38.966+0530] {dag.py:3096} INFO - Sync 1 DAGs
[2025-10-29T19:47:38.990+0530] {logging_mixin.py:188} INFO - [2025-10-29T19:47:38.990+0530] {dag.py:3954} INFO - Setting next_dagrun for tutorial to 2025-10-28 00:00:00+00:00, run_after=2025-10-29 00:00:00+00:00
[2025-10-29T19:47:39.011+0530] {processor.py:183} INFO - Processing /home/logi/txtai/venv/lib/python3.10/site-packages/airflow/example_dags/tutorial.py took 0.117 seconds
[2025-10-29T19:48:33.162+0530] {processor.py:161} INFO - Started process (PID=18566) to work on /home/logi/txtai/venv/lib/python3.10/site-packages/airflow/example_dags/tutorial.py
[2025-10-29T19:48:33.176+0530] {processor.py:830} INFO - Processing file /home/logi/txtai/venv/lib/python3.10/site-packages/airflow/example_dags/tutorial.py for tasks to queue
[2025-10-29T19:48:33.179+0530] {logging_mixin.py:188} INFO - [2025-10-29T19:48:33.178+0530] {dagbag.py:545} INFO - Filling up the DagBag from /home/logi/txtai/venv/lib/python3.10/site-packages/airflow/example_dags/tutorial.py
[2025-10-29T19:48:33.190+0530] {processor.py:840} INFO - DAG(s) 'tutorial' retrieved from /home/logi/txtai/venv/lib/python3.10/site-packages/airflow/example_dags/tutorial.py
[2025-10-29T19:48:33.215+0530] {logging_mixin.py:188} INFO - [2025-10-29T19:48:33.215+0530] {dag.py:3096} INFO - Sync 1 DAGs
[2025-10-29T19:48:33.232+0530] {logging_mixin.py:188} INFO - [2025-10-29T19:48:33.232+0530] {dag.py:3954} INFO - Setting next_dagrun for tutorial to 2025-10-28 00:00:00+00:00, run_after=2025-10-29 00:00:00+00:00
[2025-10-29T19:48:33.253+0530] {processor.py:183} INFO - Processing /home/logi/txtai/venv/lib/python3.10/site-packages/airflow/example_dags/tutorial.py took 0.103 seconds
[2025-10-29T19:49:30.290+0530] {processor.py:161} INFO - Started process (PID=18677) to work on /home/logi/txtai/venv/lib/python3.10/site-packages/airflow/example_dags/tutorial.py
[2025-10-29T19:49:30.304+0530] {processor.py:830} INFO - Processing file /home/logi/txtai/venv/lib/python3.10/site-packages/airflow/example_dags/tutorial.py for tasks to queue
[2025-10-29T19:49:30.309+0530] {logging_mixin.py:188} INFO - [2025-10-29T19:49:30.309+0530] {dagbag.py:545} INFO - Filling up the DagBag from /home/logi/txtai/venv/lib/python3.10/site-packages/airflow/example_dags/tutorial.py
[2025-10-29T19:49:30.324+0530] {processor.py:840} INFO - DAG(s) 'tutorial' retrieved from /home/logi/txtai/venv/lib/python3.10/site-packages/airflow/example_dags/tutorial.py
[2025-10-29T19:49:30.362+0530] {logging_mixin.py:188} INFO - [2025-10-29T19:49:30.362+0530] {dag.py:3096} INFO - Sync 1 DAGs
[2025-10-29T19:49:30.389+0530] {logging_mixin.py:188} INFO - [2025-10-29T19:49:30.389+0530] {dag.py:3954} INFO - Setting next_dagrun for tutorial to 2025-10-28 00:00:00+00:00, run_after=2025-10-29 00:00:00+00:00
[2025-10-29T19:49:30.423+0530] {processor.py:183} INFO - Processing /home/logi/txtai/venv/lib/python3.10/site-packages/airflow/example_dags/tutorial.py took 0.150 seconds
[2025-10-29T19:50:23.334+0530] {processor.py:161} INFO - Started process (PID=18766) to work on /home/logi/txtai/venv/lib/python3.10/site-packages/airflow/example_dags/tutorial.py
[2025-10-29T19:50:23.346+0530] {processor.py:830} INFO - Processing file /home/logi/txtai/venv/lib/python3.10/site-packages/airflow/example_dags/tutorial.py for tasks to queue
[2025-10-29T19:50:23.349+0530] {logging_mixin.py:188} INFO - [2025-10-29T19:50:23.349+0530] {dagbag.py:545} INFO - Filling up the DagBag from /home/logi/txtai/venv/lib/python3.10/site-packages/airflow/example_dags/tutorial.py
[2025-10-29T19:50:23.357+0530] {processor.py:840} INFO - DAG(s) 'tutorial' retrieved from /home/logi/txtai/venv/lib/python3.10/site-packages/airflow/example_dags/tutorial.py
[2025-10-29T19:50:23.373+0530] {logging_mixin.py:188} INFO - [2025-10-29T19:50:23.373+0530] {dag.py:3096} INFO - Sync 1 DAGs
[2025-10-29T19:50:23.391+0530] {logging_mixin.py:188} INFO - [2025-10-29T19:50:23.390+0530] {dag.py:3954} INFO - Setting next_dagrun for tutorial to 2025-10-28 00:00:00+00:00, run_after=2025-10-29 00:00:00+00:00
[2025-10-29T19:50:23.410+0530] {processor.py:183} INFO - Processing /home/logi/txtai/venv/lib/python3.10/site-packages/airflow/example_dags/tutorial.py took 0.084 seconds
[2025-10-29T19:51:16.588+0530] {processor.py:161} INFO - Started process (PID=18846) to work on /home/logi/txtai/venv/lib/python3.10/site-packages/airflow/example_dags/tutorial.py
[2025-10-29T19:51:16.601+0530] {processor.py:830} INFO - Processing file /home/logi/txtai/venv/lib/python3.10/site-packages/airflow/example_dags/tutorial.py for tasks to queue
[2025-10-29T19:51:16.605+0530] {logging_mixin.py:188} INFO - [2025-10-29T19:51:16.604+0530] {dagbag.py:545} INFO - Filling up the DagBag from /home/logi/txtai/venv/lib/python3.10/site-packages/airflow/example_dags/tutorial.py
[2025-10-29T19:51:16.616+0530] {processor.py:840} INFO - DAG(s) 'tutorial' retrieved from /home/logi/txtai/venv/lib/python3.10/site-packages/airflow/example_dags/tutorial.py
[2025-10-29T19:51:16.644+0530] {logging_mixin.py:188} INFO - [2025-10-29T19:51:16.644+0530] {dag.py:3096} INFO - Sync 1 DAGs
[2025-10-29T19:51:16.666+0530] {logging_mixin.py:188} INFO - [2025-10-29T19:51:16.666+0530] {dag.py:3954} INFO - Setting next_dagrun for tutorial to 2025-10-28 00:00:00+00:00, run_after=2025-10-29 00:00:00+00:00
[2025-10-29T19:51:16.694+0530] {processor.py:183} INFO - Processing /home/logi/txtai/venv/lib/python3.10/site-packages/airflow/example_dags/tutorial.py took 0.118 seconds
[2025-10-29T19:52:11.591+0530] {processor.py:161} INFO - Started process (PID=18930) to work on /home/logi/txtai/venv/lib/python3.10/site-packages/airflow/example_dags/tutorial.py
[2025-10-29T19:52:11.604+0530] {processor.py:830} INFO - Processing file /home/logi/txtai/venv/lib/python3.10/site-packages/airflow/example_dags/tutorial.py for tasks to queue
[2025-10-29T19:52:11.608+0530] {logging_mixin.py:188} INFO - [2025-10-29T19:52:11.607+0530] {dagbag.py:545} INFO - Filling up the DagBag from /home/logi/txtai/venv/lib/python3.10/site-packages/airflow/example_dags/tutorial.py
[2025-10-29T19:52:11.617+0530] {processor.py:840} INFO - DAG(s) 'tutorial' retrieved from /home/logi/txtai/venv/lib/python3.10/site-packages/airflow/example_dags/tutorial.py
[2025-10-29T19:52:11.635+0530] {logging_mixin.py:188} INFO - [2025-10-29T19:52:11.635+0530] {dag.py:3096} INFO - Sync 1 DAGs
[2025-10-29T19:52:11.652+0530] {logging_mixin.py:188} INFO - [2025-10-29T19:52:11.652+0530] {dag.py:3954} INFO - Setting next_dagrun for tutorial to 2025-10-28 00:00:00+00:00, run_after=2025-10-29 00:00:00+00:00
[2025-10-29T19:52:11.676+0530] {processor.py:183} INFO - Processing /home/logi/txtai/venv/lib/python3.10/site-packages/airflow/example_dags/tutorial.py took 0.097 seconds
[2025-10-29T19:53:01.613+0530] {processor.py:161} INFO - Started process (PID=18992) to work on /home/logi/txtai/venv/lib/python3.10/site-packages/airflow/example_dags/tutorial.py
[2025-10-29T19:53:01.626+0530] {processor.py:830} INFO - Processing file /home/logi/txtai/venv/lib/python3.10/site-packages/airflow/example_dags/tutorial.py for tasks to queue
[2025-10-29T19:53:01.629+0530] {logging_mixin.py:188} INFO - [2025-10-29T19:53:01.629+0530] {dagbag.py:545} INFO - Filling up the DagBag from /home/logi/txtai/venv/lib/python3.10/site-packages/airflow/example_dags/tutorial.py
[2025-10-29T19:53:01.641+0530] {processor.py:840} INFO - DAG(s) 'tutorial' retrieved from /home/logi/txtai/venv/lib/python3.10/site-packages/airflow/example_dags/tutorial.py
[2025-10-29T19:53:01.665+0530] {logging_mixin.py:188} INFO - [2025-10-29T19:53:01.665+0530] {dag.py:3096} INFO - Sync 1 DAGs
[2025-10-29T19:53:01.682+0530] {logging_mixin.py:188} INFO - [2025-10-29T19:53:01.681+0530] {dag.py:3954} INFO - Setting next_dagrun for tutorial to 2025-10-28 00:00:00+00:00, run_after=2025-10-29 00:00:00+00:00
[2025-10-29T19:53:01.703+0530] {processor.py:183} INFO - Processing /home/logi/txtai/venv/lib/python3.10/site-packages/airflow/example_dags/tutorial.py took 0.097 seconds
[2025-10-29T19:53:52.771+0530] {processor.py:161} INFO - Started process (PID=19053) to work on /home/logi/txtai/venv/lib/python3.10/site-packages/airflow/example_dags/tutorial.py
[2025-10-29T19:53:52.785+0530] {processor.py:830} INFO - Processing file /home/logi/txtai/venv/lib/python3.10/site-packages/airflow/example_dags/tutorial.py for tasks to queue
[2025-10-29T19:53:52.788+0530] {logging_mixin.py:188} INFO - [2025-10-29T19:53:52.787+0530] {dagbag.py:545} INFO - Filling up the DagBag from /home/logi/txtai/venv/lib/python3.10/site-packages/airflow/example_dags/tutorial.py
[2025-10-29T19:53:52.799+0530] {processor.py:840} INFO - DAG(s) 'tutorial' retrieved from /home/logi/txtai/venv/lib/python3.10/site-packages/airflow/example_dags/tutorial.py
[2025-10-29T19:53:52.827+0530] {logging_mixin.py:188} INFO - [2025-10-29T19:53:52.826+0530] {dag.py:3096} INFO - Sync 1 DAGs
[2025-10-29T19:53:52.848+0530] {logging_mixin.py:188} INFO - [2025-10-29T19:53:52.848+0530] {dag.py:3954} INFO - Setting next_dagrun for tutorial to 2025-10-28 00:00:00+00:00, run_after=2025-10-29 00:00:00+00:00
[2025-10-29T19:53:52.876+0530] {processor.py:183} INFO - Processing /home/logi/txtai/venv/lib/python3.10/site-packages/airflow/example_dags/tutorial.py took 0.116 seconds
[2025-10-29T19:54:49.217+0530] {processor.py:161} INFO - Started process (PID=19158) to work on /home/logi/txtai/venv/lib/python3.10/site-packages/airflow/example_dags/tutorial.py
[2025-10-29T19:54:49.231+0530] {processor.py:830} INFO - Processing file /home/logi/txtai/venv/lib/python3.10/site-packages/airflow/example_dags/tutorial.py for tasks to queue
[2025-10-29T19:54:49.234+0530] {logging_mixin.py:188} INFO - [2025-10-29T19:54:49.233+0530] {dagbag.py:545} INFO - Filling up the DagBag from /home/logi/txtai/venv/lib/python3.10/site-packages/airflow/example_dags/tutorial.py
[2025-10-29T19:54:49.245+0530] {processor.py:840} INFO - DAG(s) 'tutorial' retrieved from /home/logi/txtai/venv/lib/python3.10/site-packages/airflow/example_dags/tutorial.py
[2025-10-29T19:54:49.273+0530] {logging_mixin.py:188} INFO - [2025-10-29T19:54:49.272+0530] {dag.py:3096} INFO - Sync 1 DAGs
[2025-10-29T19:54:49.292+0530] {logging_mixin.py:188} INFO - [2025-10-29T19:54:49.292+0530] {dag.py:3954} INFO - Setting next_dagrun for tutorial to 2025-10-28 00:00:00+00:00, run_after=2025-10-29 00:00:00+00:00
[2025-10-29T19:54:49.319+0530] {processor.py:183} INFO - Processing /home/logi/txtai/venv/lib/python3.10/site-packages/airflow/example_dags/tutorial.py took 0.114 seconds
[2025-10-29T19:55:43.452+0530] {processor.py:161} INFO - Started process (PID=19226) to work on /home/logi/txtai/venv/lib/python3.10/site-packages/airflow/example_dags/tutorial.py
[2025-10-29T19:55:43.465+0530] {processor.py:830} INFO - Processing file /home/logi/txtai/venv/lib/python3.10/site-packages/airflow/example_dags/tutorial.py for tasks to queue
[2025-10-29T19:55:43.468+0530] {logging_mixin.py:188} INFO - [2025-10-29T19:55:43.468+0530] {dagbag.py:545} INFO - Filling up the DagBag from /home/logi/txtai/venv/lib/python3.10/site-packages/airflow/example_dags/tutorial.py
[2025-10-29T19:55:43.479+0530] {processor.py:840} INFO - DAG(s) 'tutorial' retrieved from /home/logi/txtai/venv/lib/python3.10/site-packages/airflow/example_dags/tutorial.py
[2025-10-29T19:55:43.508+0530] {logging_mixin.py:188} INFO - [2025-10-29T19:55:43.507+0530] {dag.py:3096} INFO - Sync 1 DAGs
[2025-10-29T19:55:43.530+0530] {logging_mixin.py:188} INFO - [2025-10-29T19:55:43.529+0530] {dag.py:3954} INFO - Setting next_dagrun for tutorial to 2025-10-28 00:00:00+00:00, run_after=2025-10-29 00:00:00+00:00
[2025-10-29T19:55:43.557+0530] {processor.py:183} INFO - Processing /home/logi/txtai/venv/lib/python3.10/site-packages/airflow/example_dags/tutorial.py took 0.117 seconds
[2025-10-29T19:56:37.926+0530] {processor.py:161} INFO - Started process (PID=19306) to work on /home/logi/txtai/venv/lib/python3.10/site-packages/airflow/example_dags/tutorial.py
[2025-10-29T19:56:37.940+0530] {processor.py:830} INFO - Processing file /home/logi/txtai/venv/lib/python3.10/site-packages/airflow/example_dags/tutorial.py for tasks to queue
[2025-10-29T19:56:37.943+0530] {logging_mixin.py:188} INFO - [2025-10-29T19:56:37.943+0530] {dagbag.py:545} INFO - Filling up the DagBag from /home/logi/txtai/venv/lib/python3.10/site-packages/airflow/example_dags/tutorial.py
[2025-10-29T19:56:37.954+0530] {processor.py:840} INFO - DAG(s) 'tutorial' retrieved from /home/logi/txtai/venv/lib/python3.10/site-packages/airflow/example_dags/tutorial.py
[2025-10-29T19:56:37.983+0530] {logging_mixin.py:188} INFO - [2025-10-29T19:56:37.983+0530] {dag.py:3096} INFO - Sync 1 DAGs
[2025-10-29T19:56:38.004+0530] {logging_mixin.py:188} INFO - [2025-10-29T19:56:38.003+0530] {dag.py:3954} INFO - Setting next_dagrun for tutorial to 2025-10-28 00:00:00+00:00, run_after=2025-10-29 00:00:00+00:00
[2025-10-29T19:56:38.031+0530] {processor.py:183} INFO - Processing /home/logi/txtai/venv/lib/python3.10/site-packages/airflow/example_dags/tutorial.py took 0.117 seconds
[2025-10-29T19:57:32.883+0530] {processor.py:161} INFO - Started process (PID=19394) to work on /home/logi/txtai/venv/lib/python3.10/site-packages/airflow/example_dags/tutorial.py
[2025-10-29T19:57:32.896+0530] {processor.py:830} INFO - Processing file /home/logi/txtai/venv/lib/python3.10/site-packages/airflow/example_dags/tutorial.py for tasks to queue
[2025-10-29T19:57:32.899+0530] {logging_mixin.py:188} INFO - [2025-10-29T19:57:32.898+0530] {dagbag.py:545} INFO - Filling up the DagBag from /home/logi/txtai/venv/lib/python3.10/site-packages/airflow/example_dags/tutorial.py
[2025-10-29T19:57:32.910+0530] {processor.py:840} INFO - DAG(s) 'tutorial' retrieved from /home/logi/txtai/venv/lib/python3.10/site-packages/airflow/example_dags/tutorial.py
[2025-10-29T19:57:32.939+0530] {logging_mixin.py:188} INFO - [2025-10-29T19:57:32.939+0530] {dag.py:3096} INFO - Sync 1 DAGs
[2025-10-29T19:57:32.960+0530] {logging_mixin.py:188} INFO - [2025-10-29T19:57:32.959+0530] {dag.py:3954} INFO - Setting next_dagrun for tutorial to 2025-10-28 00:00:00+00:00, run_after=2025-10-29 00:00:00+00:00
[2025-10-29T19:57:32.986+0530] {processor.py:183} INFO - Processing /home/logi/txtai/venv/lib/python3.10/site-packages/airflow/example_dags/tutorial.py took 0.115 seconds
[2025-10-29T19:58:30.516+0530] {processor.py:161} INFO - Started process (PID=19594) to work on /home/logi/txtai/venv/lib/python3.10/site-packages/airflow/example_dags/tutorial.py
[2025-10-29T19:58:30.530+0530] {processor.py:830} INFO - Processing file /home/logi/txtai/venv/lib/python3.10/site-packages/airflow/example_dags/tutorial.py for tasks to queue
[2025-10-29T19:58:30.533+0530] {logging_mixin.py:188} INFO - [2025-10-29T19:58:30.533+0530] {dagbag.py:545} INFO - Filling up the DagBag from /home/logi/txtai/venv/lib/python3.10/site-packages/airflow/example_dags/tutorial.py
[2025-10-29T19:58:30.543+0530] {processor.py:840} INFO - DAG(s) 'tutorial' retrieved from /home/logi/txtai/venv/lib/python3.10/site-packages/airflow/example_dags/tutorial.py
[2025-10-29T19:58:30.570+0530] {logging_mixin.py:188} INFO - [2025-10-29T19:58:30.569+0530] {dag.py:3096} INFO - Sync 1 DAGs
[2025-10-29T19:58:30.592+0530] {logging_mixin.py:188} INFO - [2025-10-29T19:58:30.592+0530] {dag.py:3954} INFO - Setting next_dagrun for tutorial to 2025-10-28 00:00:00+00:00, run_after=2025-10-29 00:00:00+00:00
[2025-10-29T19:58:30.618+0530] {processor.py:183} INFO - Processing /home/logi/txtai/venv/lib/python3.10/site-packages/airflow/example_dags/tutorial.py took 0.113 seconds
[2025-10-29T19:59:26.581+0530] {processor.py:161} INFO - Started process (PID=19661) to work on /home/logi/txtai/venv/lib/python3.10/site-packages/airflow/example_dags/tutorial.py
[2025-10-29T19:59:26.594+0530] {processor.py:830} INFO - Processing file /home/logi/txtai/venv/lib/python3.10/site-packages/airflow/example_dags/tutorial.py for tasks to queue
[2025-10-29T19:59:26.597+0530] {logging_mixin.py:188} INFO - [2025-10-29T19:59:26.597+0530] {dagbag.py:545} INFO - Filling up the DagBag from /home/logi/txtai/venv/lib/python3.10/site-packages/airflow/example_dags/tutorial.py
[2025-10-29T19:59:26.608+0530] {processor.py:840} INFO - DAG(s) 'tutorial' retrieved from /home/logi/txtai/venv/lib/python3.10/site-packages/airflow/example_dags/tutorial.py
[2025-10-29T19:59:26.636+0530] {logging_mixin.py:188} INFO - [2025-10-29T19:59:26.635+0530] {dag.py:3096} INFO - Sync 1 DAGs
[2025-10-29T19:59:26.656+0530] {logging_mixin.py:188} INFO - [2025-10-29T19:59:26.656+0530] {dag.py:3954} INFO - Setting next_dagrun for tutorial to 2025-10-28 00:00:00+00:00, run_after=2025-10-29 00:00:00+00:00
[2025-10-29T19:59:26.676+0530] {processor.py:183} INFO - Processing /home/logi/txtai/venv/lib/python3.10/site-packages/airflow/example_dags/tutorial.py took 0.107 seconds
[2025-10-29T20:00:17.259+0530] {processor.py:161} INFO - Started process (PID=19770) to work on /home/logi/txtai/venv/lib/python3.10/site-packages/airflow/example_dags/tutorial.py
[2025-10-29T20:00:17.272+0530] {processor.py:830} INFO - Processing file /home/logi/txtai/venv/lib/python3.10/site-packages/airflow/example_dags/tutorial.py for tasks to queue
[2025-10-29T20:00:17.275+0530] {logging_mixin.py:188} INFO - [2025-10-29T20:00:17.274+0530] {dagbag.py:545} INFO - Filling up the DagBag from /home/logi/txtai/venv/lib/python3.10/site-packages/airflow/example_dags/tutorial.py
[2025-10-29T20:00:17.285+0530] {processor.py:840} INFO - DAG(s) 'tutorial' retrieved from /home/logi/txtai/venv/lib/python3.10/site-packages/airflow/example_dags/tutorial.py
[2025-10-29T20:00:17.313+0530] {logging_mixin.py:188} INFO - [2025-10-29T20:00:17.313+0530] {dag.py:3096} INFO - Sync 1 DAGs
[2025-10-29T20:00:17.334+0530] {logging_mixin.py:188} INFO - [2025-10-29T20:00:17.334+0530] {dag.py:3954} INFO - Setting next_dagrun for tutorial to 2025-10-28 00:00:00+00:00, run_after=2025-10-29 00:00:00+00:00
[2025-10-29T20:00:17.354+0530] {processor.py:183} INFO - Processing /home/logi/txtai/venv/lib/python3.10/site-packages/airflow/example_dags/tutorial.py took 0.107 seconds
[2025-10-29T20:01:12.932+0530] {processor.py:161} INFO - Started process (PID=19911) to work on /home/logi/txtai/venv/lib/python3.10/site-packages/airflow/example_dags/tutorial.py
[2025-10-29T20:01:12.936+0530] {processor.py:830} INFO - Processing file /home/logi/txtai/venv/lib/python3.10/site-packages/airflow/example_dags/tutorial.py for tasks to queue
[2025-10-29T20:01:12.941+0530] {logging_mixin.py:188} INFO - [2025-10-29T20:01:12.939+0530] {dagbag.py:545} INFO - Filling up the DagBag from /home/logi/txtai/venv/lib/python3.10/site-packages/airflow/example_dags/tutorial.py
[2025-10-29T20:01:12.959+0530] {processor.py:840} INFO - DAG(s) 'tutorial' retrieved from /home/logi/txtai/venv/lib/python3.10/site-packages/airflow/example_dags/tutorial.py
[2025-10-29T20:01:12.994+0530] {logging_mixin.py:188} INFO - [2025-10-29T20:01:12.993+0530] {dag.py:3096} INFO - Sync 1 DAGs
[2025-10-29T20:01:13.043+0530] {logging_mixin.py:188} INFO - [2025-10-29T20:01:13.043+0530] {dag.py:3954} INFO - Setting next_dagrun for tutorial to 2025-10-28 00:00:00+00:00, run_after=2025-10-29 00:00:00+00:00
[2025-10-29T20:01:13.086+0530] {processor.py:183} INFO - Processing /home/logi/txtai/venv/lib/python3.10/site-packages/airflow/example_dags/tutorial.py took 0.177 seconds
[2025-10-29T20:02:10.764+0530] {processor.py:161} INFO - Started process (PID=20038) to work on /home/logi/txtai/venv/lib/python3.10/site-packages/airflow/example_dags/tutorial.py
[2025-10-29T20:02:10.777+0530] {processor.py:830} INFO - Processing file /home/logi/txtai/venv/lib/python3.10/site-packages/airflow/example_dags/tutorial.py for tasks to queue
[2025-10-29T20:02:10.781+0530] {logging_mixin.py:188} INFO - [2025-10-29T20:02:10.780+0530] {dagbag.py:545} INFO - Filling up the DagBag from /home/logi/txtai/venv/lib/python3.10/site-packages/airflow/example_dags/tutorial.py
[2025-10-29T20:02:10.791+0530] {processor.py:840} INFO - DAG(s) 'tutorial' retrieved from /home/logi/txtai/venv/lib/python3.10/site-packages/airflow/example_dags/tutorial.py
[2025-10-29T20:02:10.817+0530] {logging_mixin.py:188} INFO - [2025-10-29T20:02:10.817+0530] {dag.py:3096} INFO - Sync 1 DAGs
[2025-10-29T20:02:10.839+0530] {logging_mixin.py:188} INFO - [2025-10-29T20:02:10.839+0530] {dag.py:3954} INFO - Setting next_dagrun for tutorial to 2025-10-28 00:00:00+00:00, run_after=2025-10-29 00:00:00+00:00
[2025-10-29T20:02:10.865+0530] {processor.py:183} INFO - Processing /home/logi/txtai/venv/lib/python3.10/site-packages/airflow/example_dags/tutorial.py took 0.113 seconds
[2025-10-29T20:03:05.678+0530] {processor.py:161} INFO - Started process (PID=20157) to work on /home/logi/txtai/venv/lib/python3.10/site-packages/airflow/example_dags/tutorial.py
[2025-10-29T20:03:05.691+0530] {processor.py:830} INFO - Processing file /home/logi/txtai/venv/lib/python3.10/site-packages/airflow/example_dags/tutorial.py for tasks to queue
[2025-10-29T20:03:05.694+0530] {logging_mixin.py:188} INFO - [2025-10-29T20:03:05.694+0530] {dagbag.py:545} INFO - Filling up the DagBag from /home/logi/txtai/venv/lib/python3.10/site-packages/airflow/example_dags/tutorial.py
[2025-10-29T20:03:05.705+0530] {processor.py:840} INFO - DAG(s) 'tutorial' retrieved from /home/logi/txtai/venv/lib/python3.10/site-packages/airflow/example_dags/tutorial.py
[2025-10-29T20:03:05.731+0530] {logging_mixin.py:188} INFO - [2025-10-29T20:03:05.731+0530] {dag.py:3096} INFO - Sync 1 DAGs
[2025-10-29T20:03:05.752+0530] {logging_mixin.py:188} INFO - [2025-10-29T20:03:05.752+0530] {dag.py:3954} INFO - Setting next_dagrun for tutorial to 2025-10-28 00:00:00+00:00, run_after=2025-10-29 00:00:00+00:00
[2025-10-29T20:03:05.773+0530] {processor.py:183} INFO - Processing /home/logi/txtai/venv/lib/python3.10/site-packages/airflow/example_dags/tutorial.py took 0.106 seconds
[2025-10-29T20:04:07.088+0530] {processor.py:161} INFO - Started process (PID=20275) to work on /home/logi/txtai/venv/lib/python3.10/site-packages/airflow/example_dags/tutorial.py
[2025-10-29T20:04:07.103+0530] {processor.py:830} INFO - Processing file /home/logi/txtai/venv/lib/python3.10/site-packages/airflow/example_dags/tutorial.py for tasks to queue
[2025-10-29T20:04:07.107+0530] {logging_mixin.py:188} INFO - [2025-10-29T20:04:07.106+0530] {dagbag.py:545} INFO - Filling up the DagBag from /home/logi/txtai/venv/lib/python3.10/site-packages/airflow/example_dags/tutorial.py
[2025-10-29T20:04:07.126+0530] {processor.py:840} INFO - DAG(s) 'tutorial' retrieved from /home/logi/txtai/venv/lib/python3.10/site-packages/airflow/example_dags/tutorial.py
[2025-10-29T20:04:07.180+0530] {logging_mixin.py:188} INFO - [2025-10-29T20:04:07.180+0530] {dag.py:3096} INFO - Sync 1 DAGs
[2025-10-29T20:04:07.222+0530] {logging_mixin.py:188} INFO - [2025-10-29T20:04:07.221+0530] {dag.py:3954} INFO - Setting next_dagrun for tutorial to 2025-10-28 00:00:00+00:00, run_after=2025-10-29 00:00:00+00:00
[2025-10-29T20:04:07.275+0530] {processor.py:183} INFO - Processing /home/logi/txtai/venv/lib/python3.10/site-packages/airflow/example_dags/tutorial.py took 0.208 seconds
[2025-10-29T20:05:10.666+0530] {processor.py:161} INFO - Started process (PID=20428) to work on /home/logi/txtai/venv/lib/python3.10/site-packages/airflow/example_dags/tutorial.py
[2025-10-29T20:05:10.679+0530] {processor.py:830} INFO - Processing file /home/logi/txtai/venv/lib/python3.10/site-packages/airflow/example_dags/tutorial.py for tasks to queue
[2025-10-29T20:05:10.682+0530] {logging_mixin.py:188} INFO - [2025-10-29T20:05:10.682+0530] {dagbag.py:545} INFO - Filling up the DagBag from /home/logi/txtai/venv/lib/python3.10/site-packages/airflow/example_dags/tutorial.py
[2025-10-29T20:05:10.692+0530] {processor.py:840} INFO - DAG(s) 'tutorial' retrieved from /home/logi/txtai/venv/lib/python3.10/site-packages/airflow/example_dags/tutorial.py
[2025-10-29T20:05:10.726+0530] {logging_mixin.py:188} INFO - [2025-10-29T20:05:10.725+0530] {dag.py:3096} INFO - Sync 1 DAGs
[2025-10-29T20:05:10.746+0530] {logging_mixin.py:188} INFO - [2025-10-29T20:05:10.746+0530] {dag.py:3954} INFO - Setting next_dagrun for tutorial to 2025-10-28 00:00:00+00:00, run_after=2025-10-29 00:00:00+00:00
[2025-10-29T20:05:10.770+0530] {processor.py:183} INFO - Processing /home/logi/txtai/venv/lib/python3.10/site-packages/airflow/example_dags/tutorial.py took 0.115 seconds
[2025-10-29T20:06:09.505+0530] {processor.py:161} INFO - Started process (PID=20540) to work on /home/logi/txtai/venv/lib/python3.10/site-packages/airflow/example_dags/tutorial.py
[2025-10-29T20:06:09.519+0530] {processor.py:830} INFO - Processing file /home/logi/txtai/venv/lib/python3.10/site-packages/airflow/example_dags/tutorial.py for tasks to queue
[2025-10-29T20:06:09.522+0530] {logging_mixin.py:188} INFO - [2025-10-29T20:06:09.522+0530] {dagbag.py:545} INFO - Filling up the DagBag from /home/logi/txtai/venv/lib/python3.10/site-packages/airflow/example_dags/tutorial.py
[2025-10-29T20:06:09.534+0530] {processor.py:840} INFO - DAG(s) 'tutorial' retrieved from /home/logi/txtai/venv/lib/python3.10/site-packages/airflow/example_dags/tutorial.py
[2025-10-29T20:06:09.565+0530] {logging_mixin.py:188} INFO - [2025-10-29T20:06:09.565+0530] {dag.py:3096} INFO - Sync 1 DAGs
[2025-10-29T20:06:09.589+0530] {logging_mixin.py:188} INFO - [2025-10-29T20:06:09.589+0530] {dag.py:3954} INFO - Setting next_dagrun for tutorial to 2025-10-28 00:00:00+00:00, run_after=2025-10-29 00:00:00+00:00
[2025-10-29T20:06:09.617+0530] {processor.py:183} INFO - Processing /home/logi/txtai/venv/lib/python3.10/site-packages/airflow/example_dags/tutorial.py took 0.129 seconds
[2025-10-29T20:07:07.626+0530] {processor.py:161} INFO - Started process (PID=20655) to work on /home/logi/txtai/venv/lib/python3.10/site-packages/airflow/example_dags/tutorial.py
[2025-10-29T20:07:07.640+0530] {processor.py:830} INFO - Processing file /home/logi/txtai/venv/lib/python3.10/site-packages/airflow/example_dags/tutorial.py for tasks to queue
[2025-10-29T20:07:07.644+0530] {logging_mixin.py:188} INFO - [2025-10-29T20:07:07.643+0530] {dagbag.py:545} INFO - Filling up the DagBag from /home/logi/txtai/venv/lib/python3.10/site-packages/airflow/example_dags/tutorial.py
[2025-10-29T20:07:07.657+0530] {processor.py:840} INFO - DAG(s) 'tutorial' retrieved from /home/logi/txtai/venv/lib/python3.10/site-packages/airflow/example_dags/tutorial.py
[2025-10-29T20:07:07.690+0530] {logging_mixin.py:188} INFO - [2025-10-29T20:07:07.689+0530] {dag.py:3096} INFO - Sync 1 DAGs
[2025-10-29T20:07:07.714+0530] {logging_mixin.py:188} INFO - [2025-10-29T20:07:07.714+0530] {dag.py:3954} INFO - Setting next_dagrun for tutorial to 2025-10-28 00:00:00+00:00, run_after=2025-10-29 00:00:00+00:00
[2025-10-29T20:07:07.743+0530] {processor.py:183} INFO - Processing /home/logi/txtai/venv/lib/python3.10/site-packages/airflow/example_dags/tutorial.py took 0.130 seconds
[2025-10-29T20:08:04.634+0530] {processor.py:161} INFO - Started process (PID=20766) to work on /home/logi/txtai/venv/lib/python3.10/site-packages/airflow/example_dags/tutorial.py
[2025-10-29T20:08:04.647+0530] {processor.py:830} INFO - Processing file /home/logi/txtai/venv/lib/python3.10/site-packages/airflow/example_dags/tutorial.py for tasks to queue
[2025-10-29T20:08:04.650+0530] {logging_mixin.py:188} INFO - [2025-10-29T20:08:04.650+0530] {dagbag.py:545} INFO - Filling up the DagBag from /home/logi/txtai/venv/lib/python3.10/site-packages/airflow/example_dags/tutorial.py
[2025-10-29T20:08:04.656+0530] {processor.py:840} INFO - DAG(s) 'tutorial' retrieved from /home/logi/txtai/venv/lib/python3.10/site-packages/airflow/example_dags/tutorial.py
[2025-10-29T20:08:04.674+0530] {logging_mixin.py:188} INFO - [2025-10-29T20:08:04.674+0530] {dag.py:3096} INFO - Sync 1 DAGs
[2025-10-29T20:08:04.691+0530] {logging_mixin.py:188} INFO - [2025-10-29T20:08:04.691+0530] {dag.py:3954} INFO - Setting next_dagrun for tutorial to 2025-10-28 00:00:00+00:00, run_after=2025-10-29 00:00:00+00:00
[2025-10-29T20:08:04.711+0530] {processor.py:183} INFO - Processing /home/logi/txtai/venv/lib/python3.10/site-packages/airflow/example_dags/tutorial.py took 0.084 seconds
[2025-10-29T20:09:02.987+0530] {processor.py:161} INFO - Started process (PID=20877) to work on /home/logi/txtai/venv/lib/python3.10/site-packages/airflow/example_dags/tutorial.py
[2025-10-29T20:09:03.001+0530] {processor.py:830} INFO - Processing file /home/logi/txtai/venv/lib/python3.10/site-packages/airflow/example_dags/tutorial.py for tasks to queue
[2025-10-29T20:09:03.005+0530] {logging_mixin.py:188} INFO - [2025-10-29T20:09:03.004+0530] {dagbag.py:545} INFO - Filling up the DagBag from /home/logi/txtai/venv/lib/python3.10/site-packages/airflow/example_dags/tutorial.py
[2025-10-29T20:09:03.015+0530] {processor.py:840} INFO - DAG(s) 'tutorial' retrieved from /home/logi/txtai/venv/lib/python3.10/site-packages/airflow/example_dags/tutorial.py
[2025-10-29T20:09:03.044+0530] {logging_mixin.py:188} INFO - [2025-10-29T20:09:03.043+0530] {dag.py:3096} INFO - Sync 1 DAGs
[2025-10-29T20:09:03.064+0530] {logging_mixin.py:188} INFO - [2025-10-29T20:09:03.064+0530] {dag.py:3954} INFO - Setting next_dagrun for tutorial to 2025-10-28 00:00:00+00:00, run_after=2025-10-29 00:00:00+00:00
[2025-10-29T20:09:03.092+0530] {processor.py:183} INFO - Processing /home/logi/txtai/venv/lib/python3.10/site-packages/airflow/example_dags/tutorial.py took 0.116 seconds
[2025-10-29T20:10:00.642+0530] {processor.py:161} INFO - Started process (PID=21020) to work on /home/logi/txtai/venv/lib/python3.10/site-packages/airflow/example_dags/tutorial.py
[2025-10-29T20:10:00.656+0530] {processor.py:830} INFO - Processing file /home/logi/txtai/venv/lib/python3.10/site-packages/airflow/example_dags/tutorial.py for tasks to queue
[2025-10-29T20:10:00.659+0530] {logging_mixin.py:188} INFO - [2025-10-29T20:10:00.658+0530] {dagbag.py:545} INFO - Filling up the DagBag from /home/logi/txtai/venv/lib/python3.10/site-packages/airflow/example_dags/tutorial.py
[2025-10-29T20:10:00.670+0530] {processor.py:840} INFO - DAG(s) 'tutorial' retrieved from /home/logi/txtai/venv/lib/python3.10/site-packages/airflow/example_dags/tutorial.py
[2025-10-29T20:10:00.697+0530] {logging_mixin.py:188} INFO - [2025-10-29T20:10:00.696+0530] {dag.py:3096} INFO - Sync 1 DAGs
[2025-10-29T20:10:00.716+0530] {logging_mixin.py:188} INFO - [2025-10-29T20:10:00.716+0530] {dag.py:3954} INFO - Setting next_dagrun for tutorial to 2025-10-28 00:00:00+00:00, run_after=2025-10-29 00:00:00+00:00
[2025-10-29T20:10:00.743+0530] {processor.py:183} INFO - Processing /home/logi/txtai/venv/lib/python3.10/site-packages/airflow/example_dags/tutorial.py took 0.112 seconds
[2025-10-29T20:10:55.055+0530] {processor.py:161} INFO - Started process (PID=21131) to work on /home/logi/txtai/venv/lib/python3.10/site-packages/airflow/example_dags/tutorial.py
[2025-10-29T20:10:55.060+0530] {processor.py:830} INFO - Processing file /home/logi/txtai/venv/lib/python3.10/site-packages/airflow/example_dags/tutorial.py for tasks to queue
[2025-10-29T20:10:55.062+0530] {logging_mixin.py:188} INFO - [2025-10-29T20:10:55.062+0530] {dagbag.py:545} INFO - Filling up the DagBag from /home/logi/txtai/venv/lib/python3.10/site-packages/airflow/example_dags/tutorial.py
[2025-10-29T20:10:55.073+0530] {processor.py:840} INFO - DAG(s) 'tutorial' retrieved from /home/logi/txtai/venv/lib/python3.10/site-packages/airflow/example_dags/tutorial.py
[2025-10-29T20:10:55.099+0530] {logging_mixin.py:188} INFO - [2025-10-29T20:10:55.099+0530] {dag.py:3096} INFO - Sync 1 DAGs
[2025-10-29T20:10:55.115+0530] {logging_mixin.py:188} INFO - [2025-10-29T20:10:55.115+0530] {dag.py:3954} INFO - Setting next_dagrun for tutorial to 2025-10-28 00:00:00+00:00, run_after=2025-10-29 00:00:00+00:00
[2025-10-29T20:10:55.142+0530] {processor.py:183} INFO - Processing /home/logi/txtai/venv/lib/python3.10/site-packages/airflow/example_dags/tutorial.py took 0.098 seconds
[2025-10-29T20:11:48.692+0530] {processor.py:161} INFO - Started process (PID=21237) to work on /home/logi/txtai/venv/lib/python3.10/site-packages/airflow/example_dags/tutorial.py
[2025-10-29T20:11:48.708+0530] {processor.py:830} INFO - Processing file /home/logi/txtai/venv/lib/python3.10/site-packages/airflow/example_dags/tutorial.py for tasks to queue
[2025-10-29T20:11:48.711+0530] {logging_mixin.py:188} INFO - [2025-10-29T20:11:48.711+0530] {dagbag.py:545} INFO - Filling up the DagBag from /home/logi/txtai/venv/lib/python3.10/site-packages/airflow/example_dags/tutorial.py
[2025-10-29T20:11:48.722+0530] {processor.py:840} INFO - DAG(s) 'tutorial' retrieved from /home/logi/txtai/venv/lib/python3.10/site-packages/airflow/example_dags/tutorial.py
[2025-10-29T20:11:48.750+0530] {logging_mixin.py:188} INFO - [2025-10-29T20:11:48.749+0530] {dag.py:3096} INFO - Sync 1 DAGs
[2025-10-29T20:11:48.771+0530] {logging_mixin.py:188} INFO - [2025-10-29T20:11:48.771+0530] {dag.py:3954} INFO - Setting next_dagrun for tutorial to 2025-10-28 00:00:00+00:00, run_after=2025-10-29 00:00:00+00:00
[2025-10-29T20:11:48.798+0530] {processor.py:183} INFO - Processing /home/logi/txtai/venv/lib/python3.10/site-packages/airflow/example_dags/tutorial.py took 0.118 seconds
[2025-10-29T20:12:37.972+0530] {processor.py:161} INFO - Started process (PID=21339) to work on /home/logi/txtai/venv/lib/python3.10/site-packages/airflow/example_dags/tutorial.py
[2025-10-29T20:12:37.985+0530] {processor.py:830} INFO - Processing file /home/logi/txtai/venv/lib/python3.10/site-packages/airflow/example_dags/tutorial.py for tasks to queue
[2025-10-29T20:12:37.987+0530] {logging_mixin.py:188} INFO - [2025-10-29T20:12:37.986+0530] {dagbag.py:545} INFO - Filling up the DagBag from /home/logi/txtai/venv/lib/python3.10/site-packages/airflow/example_dags/tutorial.py
[2025-10-29T20:12:37.993+0530] {processor.py:840} INFO - DAG(s) 'tutorial' retrieved from /home/logi/txtai/venv/lib/python3.10/site-packages/airflow/example_dags/tutorial.py
[2025-10-29T20:12:38.008+0530] {logging_mixin.py:188} INFO - [2025-10-29T20:12:38.008+0530] {dag.py:3096} INFO - Sync 1 DAGs
[2025-10-29T20:12:38.024+0530] {logging_mixin.py:188} INFO - [2025-10-29T20:12:38.024+0530] {dag.py:3954} INFO - Setting next_dagrun for tutorial to 2025-10-28 00:00:00+00:00, run_after=2025-10-29 00:00:00+00:00
[2025-10-29T20:12:38.046+0530] {processor.py:183} INFO - Processing /home/logi/txtai/venv/lib/python3.10/site-packages/airflow/example_dags/tutorial.py took 0.092 seconds
[2025-10-29T20:13:32.681+0530] {processor.py:161} INFO - Started process (PID=21445) to work on /home/logi/txtai/venv/lib/python3.10/site-packages/airflow/example_dags/tutorial.py
[2025-10-29T20:13:32.695+0530] {processor.py:830} INFO - Processing file /home/logi/txtai/venv/lib/python3.10/site-packages/airflow/example_dags/tutorial.py for tasks to queue
[2025-10-29T20:13:32.698+0530] {logging_mixin.py:188} INFO - [2025-10-29T20:13:32.697+0530] {dagbag.py:545} INFO - Filling up the DagBag from /home/logi/txtai/venv/lib/python3.10/site-packages/airflow/example_dags/tutorial.py
[2025-10-29T20:13:32.709+0530] {processor.py:840} INFO - DAG(s) 'tutorial' retrieved from /home/logi/txtai/venv/lib/python3.10/site-packages/airflow/example_dags/tutorial.py
[2025-10-29T20:13:32.734+0530] {logging_mixin.py:188} INFO - [2025-10-29T20:13:32.734+0530] {dag.py:3096} INFO - Sync 1 DAGs
[2025-10-29T20:13:32.753+0530] {logging_mixin.py:188} INFO - [2025-10-29T20:13:32.752+0530] {dag.py:3954} INFO - Setting next_dagrun for tutorial to 2025-10-28 00:00:00+00:00, run_after=2025-10-29 00:00:00+00:00
[2025-10-29T20:13:32.773+0530] {processor.py:183} INFO - Processing /home/logi/txtai/venv/lib/python3.10/site-packages/airflow/example_dags/tutorial.py took 0.103 seconds
[2025-10-29T20:14:24.733+0530] {processor.py:161} INFO - Started process (PID=21644) to work on /home/logi/txtai/venv/lib/python3.10/site-packages/airflow/example_dags/tutorial.py
[2025-10-29T20:14:24.746+0530] {processor.py:830} INFO - Processing file /home/logi/txtai/venv/lib/python3.10/site-packages/airflow/example_dags/tutorial.py for tasks to queue
[2025-10-29T20:14:24.750+0530] {logging_mixin.py:188} INFO - [2025-10-29T20:14:24.749+0530] {dagbag.py:545} INFO - Filling up the DagBag from /home/logi/txtai/venv/lib/python3.10/site-packages/airflow/example_dags/tutorial.py
[2025-10-29T20:14:24.761+0530] {processor.py:840} INFO - DAG(s) 'tutorial' retrieved from /home/logi/txtai/venv/lib/python3.10/site-packages/airflow/example_dags/tutorial.py
[2025-10-29T20:14:24.793+0530] {logging_mixin.py:188} INFO - [2025-10-29T20:14:24.792+0530] {dag.py:3096} INFO - Sync 1 DAGs
[2025-10-29T20:14:24.812+0530] {logging_mixin.py:188} INFO - [2025-10-29T20:14:24.812+0530] {dag.py:3954} INFO - Setting next_dagrun for tutorial to 2025-10-28 00:00:00+00:00, run_after=2025-10-29 00:00:00+00:00
[2025-10-29T20:14:24.838+0530] {processor.py:183} INFO - Processing /home/logi/txtai/venv/lib/python3.10/site-packages/airflow/example_dags/tutorial.py took 0.117 seconds
[2025-10-29T20:15:25.841+0530] {processor.py:161} INFO - Started process (PID=21912) to work on /home/logi/txtai/venv/lib/python3.10/site-packages/airflow/example_dags/tutorial.py
[2025-10-29T20:15:25.855+0530] {processor.py:830} INFO - Processing file /home/logi/txtai/venv/lib/python3.10/site-packages/airflow/example_dags/tutorial.py for tasks to queue
[2025-10-29T20:15:25.858+0530] {logging_mixin.py:188} INFO - [2025-10-29T20:15:25.858+0530] {dagbag.py:545} INFO - Filling up the DagBag from /home/logi/txtai/venv/lib/python3.10/site-packages/airflow/example_dags/tutorial.py
[2025-10-29T20:15:25.869+0530] {processor.py:840} INFO - DAG(s) 'tutorial' retrieved from /home/logi/txtai/venv/lib/python3.10/site-packages/airflow/example_dags/tutorial.py
[2025-10-29T20:15:25.896+0530] {logging_mixin.py:188} INFO - [2025-10-29T20:15:25.896+0530] {dag.py:3096} INFO - Sync 1 DAGs
[2025-10-29T20:15:25.919+0530] {logging_mixin.py:188} INFO - [2025-10-29T20:15:25.919+0530] {dag.py:3954} INFO - Setting next_dagrun for tutorial to 2025-10-28 00:00:00+00:00, run_after=2025-10-29 00:00:00+00:00
[2025-10-29T20:15:25.946+0530] {processor.py:183} INFO - Processing /home/logi/txtai/venv/lib/python3.10/site-packages/airflow/example_dags/tutorial.py took 0.118 seconds
[2025-10-29T20:16:19.455+0530] {processor.py:161} INFO - Started process (PID=21986) to work on /home/logi/txtai/venv/lib/python3.10/site-packages/airflow/example_dags/tutorial.py
[2025-10-29T20:16:19.468+0530] {processor.py:830} INFO - Processing file /home/logi/txtai/venv/lib/python3.10/site-packages/airflow/example_dags/tutorial.py for tasks to queue
[2025-10-29T20:16:19.471+0530] {logging_mixin.py:188} INFO - [2025-10-29T20:16:19.471+0530] {dagbag.py:545} INFO - Filling up the DagBag from /home/logi/txtai/venv/lib/python3.10/site-packages/airflow/example_dags/tutorial.py
[2025-10-29T20:16:19.482+0530] {processor.py:840} INFO - DAG(s) 'tutorial' retrieved from /home/logi/txtai/venv/lib/python3.10/site-packages/airflow/example_dags/tutorial.py
[2025-10-29T20:16:19.510+0530] {logging_mixin.py:188} INFO - [2025-10-29T20:16:19.510+0530] {dag.py:3096} INFO - Sync 1 DAGs
[2025-10-29T20:16:19.531+0530] {logging_mixin.py:188} INFO - [2025-10-29T20:16:19.531+0530] {dag.py:3954} INFO - Setting next_dagrun for tutorial to 2025-10-28 00:00:00+00:00, run_after=2025-10-29 00:00:00+00:00
[2025-10-29T20:16:19.559+0530] {processor.py:183} INFO - Processing /home/logi/txtai/venv/lib/python3.10/site-packages/airflow/example_dags/tutorial.py took 0.116 seconds
[2025-10-29T20:17:09.849+0530] {processor.py:161} INFO - Started process (PID=22065) to work on /home/logi/txtai/venv/lib/python3.10/site-packages/airflow/example_dags/tutorial.py
[2025-10-29T20:17:09.862+0530] {processor.py:830} INFO - Processing file /home/logi/txtai/venv/lib/python3.10/site-packages/airflow/example_dags/tutorial.py for tasks to queue
[2025-10-29T20:17:09.865+0530] {logging_mixin.py:188} INFO - [2025-10-29T20:17:09.864+0530] {dagbag.py:545} INFO - Filling up the DagBag from /home/logi/txtai/venv/lib/python3.10/site-packages/airflow/example_dags/tutorial.py
[2025-10-29T20:17:09.875+0530] {processor.py:840} INFO - DAG(s) 'tutorial' retrieved from /home/logi/txtai/venv/lib/python3.10/site-packages/airflow/example_dags/tutorial.py
[2025-10-29T20:17:09.902+0530] {logging_mixin.py:188} INFO - [2025-10-29T20:17:09.902+0530] {dag.py:3096} INFO - Sync 1 DAGs
[2025-10-29T20:17:09.923+0530] {logging_mixin.py:188} INFO - [2025-10-29T20:17:09.923+0530] {dag.py:3954} INFO - Setting next_dagrun for tutorial to 2025-10-28 00:00:00+00:00, run_after=2025-10-29 00:00:00+00:00
[2025-10-29T20:17:09.949+0530] {processor.py:183} INFO - Processing /home/logi/txtai/venv/lib/python3.10/site-packages/airflow/example_dags/tutorial.py took 0.112 seconds
[2025-10-29T20:17:59.256+0530] {processor.py:161} INFO - Started process (PID=22127) to work on /home/logi/txtai/venv/lib/python3.10/site-packages/airflow/example_dags/tutorial.py
[2025-10-29T20:17:59.269+0530] {processor.py:830} INFO - Processing file /home/logi/txtai/venv/lib/python3.10/site-packages/airflow/example_dags/tutorial.py for tasks to queue
[2025-10-29T20:17:59.271+0530] {logging_mixin.py:188} INFO - [2025-10-29T20:17:59.271+0530] {dagbag.py:545} INFO - Filling up the DagBag from /home/logi/txtai/venv/lib/python3.10/site-packages/airflow/example_dags/tutorial.py
[2025-10-29T20:17:59.278+0530] {processor.py:840} INFO - DAG(s) 'tutorial' retrieved from /home/logi/txtai/venv/lib/python3.10/site-packages/airflow/example_dags/tutorial.py
[2025-10-29T20:17:59.295+0530] {logging_mixin.py:188} INFO - [2025-10-29T20:17:59.294+0530] {dag.py:3096} INFO - Sync 1 DAGs
[2025-10-29T20:17:59.312+0530] {logging_mixin.py:188} INFO - [2025-10-29T20:17:59.312+0530] {dag.py:3954} INFO - Setting next_dagrun for tutorial to 2025-10-28 00:00:00+00:00, run_after=2025-10-29 00:00:00+00:00
[2025-10-29T20:17:59.333+0530] {processor.py:183} INFO - Processing /home/logi/txtai/venv/lib/python3.10/site-packages/airflow/example_dags/tutorial.py took 0.084 seconds
[2025-10-29T20:18:53.698+0530] {processor.py:161} INFO - Started process (PID=22203) to work on /home/logi/txtai/venv/lib/python3.10/site-packages/airflow/example_dags/tutorial.py
[2025-10-29T20:18:53.712+0530] {processor.py:830} INFO - Processing file /home/logi/txtai/venv/lib/python3.10/site-packages/airflow/example_dags/tutorial.py for tasks to queue
[2025-10-29T20:18:53.715+0530] {logging_mixin.py:188} INFO - [2025-10-29T20:18:53.714+0530] {dagbag.py:545} INFO - Filling up the DagBag from /home/logi/txtai/venv/lib/python3.10/site-packages/airflow/example_dags/tutorial.py
[2025-10-29T20:18:53.727+0530] {processor.py:840} INFO - DAG(s) 'tutorial' retrieved from /home/logi/txtai/venv/lib/python3.10/site-packages/airflow/example_dags/tutorial.py
[2025-10-29T20:18:53.761+0530] {logging_mixin.py:188} INFO - [2025-10-29T20:18:53.761+0530] {dag.py:3096} INFO - Sync 1 DAGs
[2025-10-29T20:18:53.778+0530] {logging_mixin.py:188} INFO - [2025-10-29T20:18:53.778+0530] {dag.py:3954} INFO - Setting next_dagrun for tutorial to 2025-10-28 00:00:00+00:00, run_after=2025-10-29 00:00:00+00:00
[2025-10-29T20:18:53.798+0530] {processor.py:183} INFO - Processing /home/logi/txtai/venv/lib/python3.10/site-packages/airflow/example_dags/tutorial.py took 0.111 seconds
[2025-10-29T20:19:46.958+0530] {processor.py:161} INFO - Started process (PID=22374) to work on /home/logi/txtai/venv/lib/python3.10/site-packages/airflow/example_dags/tutorial.py
[2025-10-29T20:19:46.972+0530] {processor.py:830} INFO - Processing file /home/logi/txtai/venv/lib/python3.10/site-packages/airflow/example_dags/tutorial.py for tasks to queue
[2025-10-29T20:19:46.975+0530] {logging_mixin.py:188} INFO - [2025-10-29T20:19:46.974+0530] {dagbag.py:545} INFO - Filling up the DagBag from /home/logi/txtai/venv/lib/python3.10/site-packages/airflow/example_dags/tutorial.py
[2025-10-29T20:19:46.986+0530] {processor.py:840} INFO - DAG(s) 'tutorial' retrieved from /home/logi/txtai/venv/lib/python3.10/site-packages/airflow/example_dags/tutorial.py
[2025-10-29T20:19:47.019+0530] {logging_mixin.py:188} INFO - [2025-10-29T20:19:47.019+0530] {dag.py:3096} INFO - Sync 1 DAGs
[2025-10-29T20:19:47.039+0530] {logging_mixin.py:188} INFO - [2025-10-29T20:19:47.038+0530] {dag.py:3954} INFO - Setting next_dagrun for tutorial to 2025-10-28 00:00:00+00:00, run_after=2025-10-29 00:00:00+00:00
[2025-10-29T20:19:47.067+0530] {processor.py:183} INFO - Processing /home/logi/txtai/venv/lib/python3.10/site-packages/airflow/example_dags/tutorial.py took 0.121 seconds
[2025-10-29T20:20:42.090+0530] {processor.py:161} INFO - Started process (PID=22446) to work on /home/logi/txtai/venv/lib/python3.10/site-packages/airflow/example_dags/tutorial.py
[2025-10-29T20:20:42.104+0530] {processor.py:830} INFO - Processing file /home/logi/txtai/venv/lib/python3.10/site-packages/airflow/example_dags/tutorial.py for tasks to queue
[2025-10-29T20:20:42.107+0530] {logging_mixin.py:188} INFO - [2025-10-29T20:20:42.106+0530] {dagbag.py:545} INFO - Filling up the DagBag from /home/logi/txtai/venv/lib/python3.10/site-packages/airflow/example_dags/tutorial.py
[2025-10-29T20:20:42.117+0530] {processor.py:840} INFO - DAG(s) 'tutorial' retrieved from /home/logi/txtai/venv/lib/python3.10/site-packages/airflow/example_dags/tutorial.py
[2025-10-29T20:20:42.146+0530] {logging_mixin.py:188} INFO - [2025-10-29T20:20:42.145+0530] {dag.py:3096} INFO - Sync 1 DAGs
[2025-10-29T20:20:42.166+0530] {logging_mixin.py:188} INFO - [2025-10-29T20:20:42.166+0530] {dag.py:3954} INFO - Setting next_dagrun for tutorial to 2025-10-28 00:00:00+00:00, run_after=2025-10-29 00:00:00+00:00
[2025-10-29T20:20:42.194+0530] {processor.py:183} INFO - Processing /home/logi/txtai/venv/lib/python3.10/site-packages/airflow/example_dags/tutorial.py took 0.116 seconds
[2025-10-29T20:21:37.695+0530] {processor.py:161} INFO - Started process (PID=22525) to work on /home/logi/txtai/venv/lib/python3.10/site-packages/airflow/example_dags/tutorial.py
[2025-10-29T20:21:37.709+0530] {processor.py:830} INFO - Processing file /home/logi/txtai/venv/lib/python3.10/site-packages/airflow/example_dags/tutorial.py for tasks to queue
[2025-10-29T20:21:37.712+0530] {logging_mixin.py:188} INFO - [2025-10-29T20:21:37.711+0530] {dagbag.py:545} INFO - Filling up the DagBag from /home/logi/txtai/venv/lib/python3.10/site-packages/airflow/example_dags/tutorial.py
[2025-10-29T20:21:37.722+0530] {processor.py:840} INFO - DAG(s) 'tutorial' retrieved from /home/logi/txtai/venv/lib/python3.10/site-packages/airflow/example_dags/tutorial.py
[2025-10-29T20:21:37.748+0530] {logging_mixin.py:188} INFO - [2025-10-29T20:21:37.748+0530] {dag.py:3096} INFO - Sync 1 DAGs
[2025-10-29T20:21:37.769+0530] {logging_mixin.py:188} INFO - [2025-10-29T20:21:37.769+0530] {dag.py:3954} INFO - Setting next_dagrun for tutorial to 2025-10-28 00:00:00+00:00, run_after=2025-10-29 00:00:00+00:00
[2025-10-29T20:21:37.796+0530] {processor.py:183} INFO - Processing /home/logi/txtai/venv/lib/python3.10/site-packages/airflow/example_dags/tutorial.py took 0.113 seconds
[2025-10-29T20:22:32.937+0530] {processor.py:161} INFO - Started process (PID=22594) to work on /home/logi/txtai/venv/lib/python3.10/site-packages/airflow/example_dags/tutorial.py
[2025-10-29T20:22:32.939+0530] {processor.py:830} INFO - Processing file /home/logi/txtai/venv/lib/python3.10/site-packages/airflow/example_dags/tutorial.py for tasks to queue
[2025-10-29T20:22:32.942+0530] {logging_mixin.py:188} INFO - [2025-10-29T20:22:32.942+0530] {dagbag.py:545} INFO - Filling up the DagBag from /home/logi/txtai/venv/lib/python3.10/site-packages/airflow/example_dags/tutorial.py
[2025-10-29T20:22:32.953+0530] {processor.py:840} INFO - DAG(s) 'tutorial' retrieved from /home/logi/txtai/venv/lib/python3.10/site-packages/airflow/example_dags/tutorial.py
[2025-10-29T20:22:32.978+0530] {logging_mixin.py:188} INFO - [2025-10-29T20:22:32.978+0530] {dag.py:3096} INFO - Sync 1 DAGs
[2025-10-29T20:22:32.996+0530] {logging_mixin.py:188} INFO - [2025-10-29T20:22:32.996+0530] {dag.py:3954} INFO - Setting next_dagrun for tutorial to 2025-10-28 00:00:00+00:00, run_after=2025-10-29 00:00:00+00:00
[2025-10-29T20:22:33.018+0530] {processor.py:183} INFO - Processing /home/logi/txtai/venv/lib/python3.10/site-packages/airflow/example_dags/tutorial.py took 0.093 seconds
[2025-10-29T20:23:27.666+0530] {processor.py:161} INFO - Started process (PID=22671) to work on /home/logi/txtai/venv/lib/python3.10/site-packages/airflow/example_dags/tutorial.py
[2025-10-29T20:23:27.678+0530] {processor.py:830} INFO - Processing file /home/logi/txtai/venv/lib/python3.10/site-packages/airflow/example_dags/tutorial.py for tasks to queue
[2025-10-29T20:23:27.682+0530] {logging_mixin.py:188} INFO - [2025-10-29T20:23:27.681+0530] {dagbag.py:545} INFO - Filling up the DagBag from /home/logi/txtai/venv/lib/python3.10/site-packages/airflow/example_dags/tutorial.py
[2025-10-29T20:23:27.699+0530] {processor.py:840} INFO - DAG(s) 'tutorial' retrieved from /home/logi/txtai/venv/lib/python3.10/site-packages/airflow/example_dags/tutorial.py
[2025-10-29T20:23:27.731+0530] {logging_mixin.py:188} INFO - [2025-10-29T20:23:27.730+0530] {dag.py:3096} INFO - Sync 1 DAGs
[2025-10-29T20:23:27.750+0530] {logging_mixin.py:188} INFO - [2025-10-29T20:23:27.749+0530] {dag.py:3954} INFO - Setting next_dagrun for tutorial to 2025-10-28 00:00:00+00:00, run_after=2025-10-29 00:00:00+00:00
[2025-10-29T20:23:27.773+0530] {processor.py:183} INFO - Processing /home/logi/txtai/venv/lib/python3.10/site-packages/airflow/example_dags/tutorial.py took 0.118 seconds
[2025-10-29T20:24:22.606+0530] {processor.py:161} INFO - Started process (PID=22755) to work on /home/logi/txtai/venv/lib/python3.10/site-packages/airflow/example_dags/tutorial.py
[2025-10-29T20:24:22.619+0530] {processor.py:830} INFO - Processing file /home/logi/txtai/venv/lib/python3.10/site-packages/airflow/example_dags/tutorial.py for tasks to queue
[2025-10-29T20:24:22.622+0530] {logging_mixin.py:188} INFO - [2025-10-29T20:24:22.621+0530] {dagbag.py:545} INFO - Filling up the DagBag from /home/logi/txtai/venv/lib/python3.10/site-packages/airflow/example_dags/tutorial.py
[2025-10-29T20:24:22.632+0530] {processor.py:840} INFO - DAG(s) 'tutorial' retrieved from /home/logi/txtai/venv/lib/python3.10/site-packages/airflow/example_dags/tutorial.py
[2025-10-29T20:24:22.660+0530] {logging_mixin.py:188} INFO - [2025-10-29T20:24:22.660+0530] {dag.py:3096} INFO - Sync 1 DAGs
[2025-10-29T20:24:22.681+0530] {logging_mixin.py:188} INFO - [2025-10-29T20:24:22.681+0530] {dag.py:3954} INFO - Setting next_dagrun for tutorial to 2025-10-28 00:00:00+00:00, run_after=2025-10-29 00:00:00+00:00
[2025-10-29T20:24:22.708+0530] {processor.py:183} INFO - Processing /home/logi/txtai/venv/lib/python3.10/site-packages/airflow/example_dags/tutorial.py took 0.114 seconds
[2025-10-29T20:25:18.483+0530] {processor.py:161} INFO - Started process (PID=22905) to work on /home/logi/txtai/venv/lib/python3.10/site-packages/airflow/example_dags/tutorial.py
[2025-10-29T20:25:18.496+0530] {processor.py:830} INFO - Processing file /home/logi/txtai/venv/lib/python3.10/site-packages/airflow/example_dags/tutorial.py for tasks to queue
[2025-10-29T20:25:18.499+0530] {logging_mixin.py:188} INFO - [2025-10-29T20:25:18.498+0530] {dagbag.py:545} INFO - Filling up the DagBag from /home/logi/txtai/venv/lib/python3.10/site-packages/airflow/example_dags/tutorial.py
[2025-10-29T20:25:18.509+0530] {processor.py:840} INFO - DAG(s) 'tutorial' retrieved from /home/logi/txtai/venv/lib/python3.10/site-packages/airflow/example_dags/tutorial.py
[2025-10-29T20:25:18.534+0530] {logging_mixin.py:188} INFO - [2025-10-29T20:25:18.534+0530] {dag.py:3096} INFO - Sync 1 DAGs
[2025-10-29T20:25:18.556+0530] {logging_mixin.py:188} INFO - [2025-10-29T20:25:18.556+0530] {dag.py:3954} INFO - Setting next_dagrun for tutorial to 2025-10-28 00:00:00+00:00, run_after=2025-10-29 00:00:00+00:00
[2025-10-29T20:25:18.582+0530] {processor.py:183} INFO - Processing /home/logi/txtai/venv/lib/python3.10/site-packages/airflow/example_dags/tutorial.py took 0.111 seconds
[2025-10-29T20:26:09.387+0530] {processor.py:161} INFO - Started process (PID=22980) to work on /home/logi/txtai/venv/lib/python3.10/site-packages/airflow/example_dags/tutorial.py
[2025-10-29T20:26:09.400+0530] {processor.py:830} INFO - Processing file /home/logi/txtai/venv/lib/python3.10/site-packages/airflow/example_dags/tutorial.py for tasks to queue
[2025-10-29T20:26:09.403+0530] {logging_mixin.py:188} INFO - [2025-10-29T20:26:09.403+0530] {dagbag.py:545} INFO - Filling up the DagBag from /home/logi/txtai/venv/lib/python3.10/site-packages/airflow/example_dags/tutorial.py
[2025-10-29T20:26:09.426+0530] {processor.py:840} INFO - DAG(s) 'tutorial' retrieved from /home/logi/txtai/venv/lib/python3.10/site-packages/airflow/example_dags/tutorial.py
[2025-10-29T20:26:09.474+0530] {logging_mixin.py:188} INFO - [2025-10-29T20:26:09.473+0530] {dag.py:3096} INFO - Sync 1 DAGs
[2025-10-29T20:26:09.500+0530] {logging_mixin.py:188} INFO - [2025-10-29T20:26:09.500+0530] {dag.py:3954} INFO - Setting next_dagrun for tutorial to 2025-10-28 00:00:00+00:00, run_after=2025-10-29 00:00:00+00:00
[2025-10-29T20:26:09.531+0530] {processor.py:183} INFO - Processing /home/logi/txtai/venv/lib/python3.10/site-packages/airflow/example_dags/tutorial.py took 0.163 seconds
[2025-10-29T20:27:02.051+0530] {processor.py:161} INFO - Started process (PID=23207) to work on /home/logi/txtai/venv/lib/python3.10/site-packages/airflow/example_dags/tutorial.py
[2025-10-29T20:27:02.064+0530] {processor.py:830} INFO - Processing file /home/logi/txtai/venv/lib/python3.10/site-packages/airflow/example_dags/tutorial.py for tasks to queue
[2025-10-29T20:27:02.067+0530] {logging_mixin.py:188} INFO - [2025-10-29T20:27:02.067+0530] {dagbag.py:545} INFO - Filling up the DagBag from /home/logi/txtai/venv/lib/python3.10/site-packages/airflow/example_dags/tutorial.py
[2025-10-29T20:27:02.077+0530] {processor.py:840} INFO - DAG(s) 'tutorial' retrieved from /home/logi/txtai/venv/lib/python3.10/site-packages/airflow/example_dags/tutorial.py
[2025-10-29T20:27:02.104+0530] {logging_mixin.py:188} INFO - [2025-10-29T20:27:02.103+0530] {dag.py:3096} INFO - Sync 1 DAGs
[2025-10-29T20:27:02.127+0530] {logging_mixin.py:188} INFO - [2025-10-29T20:27:02.127+0530] {dag.py:3954} INFO - Setting next_dagrun for tutorial to 2025-10-28 00:00:00+00:00, run_after=2025-10-29 00:00:00+00:00
[2025-10-29T20:27:02.154+0530] {processor.py:183} INFO - Processing /home/logi/txtai/venv/lib/python3.10/site-packages/airflow/example_dags/tutorial.py took 0.114 seconds
[2025-10-29T20:27:51.961+0530] {processor.py:161} INFO - Started process (PID=23277) to work on /home/logi/txtai/venv/lib/python3.10/site-packages/airflow/example_dags/tutorial.py
[2025-10-29T20:27:51.975+0530] {processor.py:830} INFO - Processing file /home/logi/txtai/venv/lib/python3.10/site-packages/airflow/example_dags/tutorial.py for tasks to queue
[2025-10-29T20:27:51.978+0530] {logging_mixin.py:188} INFO - [2025-10-29T20:27:51.977+0530] {dagbag.py:545} INFO - Filling up the DagBag from /home/logi/txtai/venv/lib/python3.10/site-packages/airflow/example_dags/tutorial.py
[2025-10-29T20:27:51.988+0530] {processor.py:840} INFO - DAG(s) 'tutorial' retrieved from /home/logi/txtai/venv/lib/python3.10/site-packages/airflow/example_dags/tutorial.py
[2025-10-29T20:27:52.015+0530] {logging_mixin.py:188} INFO - [2025-10-29T20:27:52.014+0530] {dag.py:3096} INFO - Sync 1 DAGs
[2025-10-29T20:27:52.035+0530] {logging_mixin.py:188} INFO - [2025-10-29T20:27:52.035+0530] {dag.py:3954} INFO - Setting next_dagrun for tutorial to 2025-10-28 00:00:00+00:00, run_after=2025-10-29 00:00:00+00:00
[2025-10-29T20:27:52.062+0530] {processor.py:183} INFO - Processing /home/logi/txtai/venv/lib/python3.10/site-packages/airflow/example_dags/tutorial.py took 0.112 seconds
[2025-10-29T20:28:40.508+0530] {processor.py:161} INFO - Started process (PID=23365) to work on /home/logi/txtai/venv/lib/python3.10/site-packages/airflow/example_dags/tutorial.py
[2025-10-29T20:28:40.522+0530] {processor.py:830} INFO - Processing file /home/logi/txtai/venv/lib/python3.10/site-packages/airflow/example_dags/tutorial.py for tasks to queue
[2025-10-29T20:28:40.525+0530] {logging_mixin.py:188} INFO - [2025-10-29T20:28:40.524+0530] {dagbag.py:545} INFO - Filling up the DagBag from /home/logi/txtai/venv/lib/python3.10/site-packages/airflow/example_dags/tutorial.py
[2025-10-29T20:28:40.536+0530] {processor.py:840} INFO - DAG(s) 'tutorial' retrieved from /home/logi/txtai/venv/lib/python3.10/site-packages/airflow/example_dags/tutorial.py
[2025-10-29T20:28:40.565+0530] {logging_mixin.py:188} INFO - [2025-10-29T20:28:40.564+0530] {dag.py:3096} INFO - Sync 1 DAGs
[2025-10-29T20:28:40.585+0530] {logging_mixin.py:188} INFO - [2025-10-29T20:28:40.585+0530] {dag.py:3954} INFO - Setting next_dagrun for tutorial to 2025-10-28 00:00:00+00:00, run_after=2025-10-29 00:00:00+00:00
[2025-10-29T20:28:40.614+0530] {processor.py:183} INFO - Processing /home/logi/txtai/venv/lib/python3.10/site-packages/airflow/example_dags/tutorial.py took 0.117 seconds
[2025-10-29T20:29:34.530+0530] {processor.py:161} INFO - Started process (PID=23459) to work on /home/logi/txtai/venv/lib/python3.10/site-packages/airflow/example_dags/tutorial.py
[2025-10-29T20:29:34.544+0530] {processor.py:830} INFO - Processing file /home/logi/txtai/venv/lib/python3.10/site-packages/airflow/example_dags/tutorial.py for tasks to queue
[2025-10-29T20:29:34.547+0530] {logging_mixin.py:188} INFO - [2025-10-29T20:29:34.547+0530] {dagbag.py:545} INFO - Filling up the DagBag from /home/logi/txtai/venv/lib/python3.10/site-packages/airflow/example_dags/tutorial.py
[2025-10-29T20:29:34.558+0530] {processor.py:840} INFO - DAG(s) 'tutorial' retrieved from /home/logi/txtai/venv/lib/python3.10/site-packages/airflow/example_dags/tutorial.py
[2025-10-29T20:29:34.586+0530] {logging_mixin.py:188} INFO - [2025-10-29T20:29:34.585+0530] {dag.py:3096} INFO - Sync 1 DAGs
[2025-10-29T20:29:34.608+0530] {logging_mixin.py:188} INFO - [2025-10-29T20:29:34.607+0530] {dag.py:3954} INFO - Setting next_dagrun for tutorial to 2025-10-28 00:00:00+00:00, run_after=2025-10-29 00:00:00+00:00
[2025-10-29T20:29:34.634+0530] {processor.py:183} INFO - Processing /home/logi/txtai/venv/lib/python3.10/site-packages/airflow/example_dags/tutorial.py took 0.116 seconds
[2025-10-29T20:30:29.362+0530] {processor.py:161} INFO - Started process (PID=23548) to work on /home/logi/txtai/venv/lib/python3.10/site-packages/airflow/example_dags/tutorial.py
[2025-10-29T20:30:29.376+0530] {processor.py:830} INFO - Processing file /home/logi/txtai/venv/lib/python3.10/site-packages/airflow/example_dags/tutorial.py for tasks to queue
[2025-10-29T20:30:29.379+0530] {logging_mixin.py:188} INFO - [2025-10-29T20:30:29.378+0530] {dagbag.py:545} INFO - Filling up the DagBag from /home/logi/txtai/venv/lib/python3.10/site-packages/airflow/example_dags/tutorial.py
[2025-10-29T20:30:29.390+0530] {processor.py:840} INFO - DAG(s) 'tutorial' retrieved from /home/logi/txtai/venv/lib/python3.10/site-packages/airflow/example_dags/tutorial.py
[2025-10-29T20:30:29.421+0530] {logging_mixin.py:188} INFO - [2025-10-29T20:30:29.421+0530] {dag.py:3096} INFO - Sync 1 DAGs
[2025-10-29T20:30:29.449+0530] {logging_mixin.py:188} INFO - [2025-10-29T20:30:29.449+0530] {dag.py:3954} INFO - Setting next_dagrun for tutorial to 2025-10-28 00:00:00+00:00, run_after=2025-10-29 00:00:00+00:00
[2025-10-29T20:30:29.479+0530] {processor.py:183} INFO - Processing /home/logi/txtai/venv/lib/python3.10/site-packages/airflow/example_dags/tutorial.py took 0.129 seconds
[2025-10-29T20:31:21.452+0530] {processor.py:161} INFO - Started process (PID=23616) to work on /home/logi/txtai/venv/lib/python3.10/site-packages/airflow/example_dags/tutorial.py
[2025-10-29T20:31:21.465+0530] {processor.py:830} INFO - Processing file /home/logi/txtai/venv/lib/python3.10/site-packages/airflow/example_dags/tutorial.py for tasks to queue
[2025-10-29T20:31:21.468+0530] {logging_mixin.py:188} INFO - [2025-10-29T20:31:21.468+0530] {dagbag.py:545} INFO - Filling up the DagBag from /home/logi/txtai/venv/lib/python3.10/site-packages/airflow/example_dags/tutorial.py
[2025-10-29T20:31:21.478+0530] {processor.py:840} INFO - DAG(s) 'tutorial' retrieved from /home/logi/txtai/venv/lib/python3.10/site-packages/airflow/example_dags/tutorial.py
[2025-10-29T20:31:21.506+0530] {logging_mixin.py:188} INFO - [2025-10-29T20:31:21.505+0530] {dag.py:3096} INFO - Sync 1 DAGs
[2025-10-29T20:31:21.527+0530] {logging_mixin.py:188} INFO - [2025-10-29T20:31:21.527+0530] {dag.py:3954} INFO - Setting next_dagrun for tutorial to 2025-10-28 00:00:00+00:00, run_after=2025-10-29 00:00:00+00:00
[2025-10-29T20:31:21.554+0530] {processor.py:183} INFO - Processing /home/logi/txtai/venv/lib/python3.10/site-packages/airflow/example_dags/tutorial.py took 0.115 seconds
[2025-10-29T20:32:12.359+0530] {processor.py:161} INFO - Started process (PID=23690) to work on /home/logi/txtai/venv/lib/python3.10/site-packages/airflow/example_dags/tutorial.py
[2025-10-29T20:32:12.362+0530] {processor.py:830} INFO - Processing file /home/logi/txtai/venv/lib/python3.10/site-packages/airflow/example_dags/tutorial.py for tasks to queue
[2025-10-29T20:32:12.365+0530] {logging_mixin.py:188} INFO - [2025-10-29T20:32:12.364+0530] {dagbag.py:545} INFO - Filling up the DagBag from /home/logi/txtai/venv/lib/python3.10/site-packages/airflow/example_dags/tutorial.py
[2025-10-29T20:32:12.375+0530] {processor.py:840} INFO - DAG(s) 'tutorial' retrieved from /home/logi/txtai/venv/lib/python3.10/site-packages/airflow/example_dags/tutorial.py
[2025-10-29T20:32:12.401+0530] {logging_mixin.py:188} INFO - [2025-10-29T20:32:12.400+0530] {dag.py:3096} INFO - Sync 1 DAGs
[2025-10-29T20:32:12.419+0530] {logging_mixin.py:188} INFO - [2025-10-29T20:32:12.418+0530] {dag.py:3954} INFO - Setting next_dagrun for tutorial to 2025-10-28 00:00:00+00:00, run_after=2025-10-29 00:00:00+00:00
[2025-10-29T20:32:12.438+0530] {processor.py:183} INFO - Processing /home/logi/txtai/venv/lib/python3.10/site-packages/airflow/example_dags/tutorial.py took 0.091 seconds
[2025-10-29T20:33:06.072+0530] {processor.py:161} INFO - Started process (PID=23770) to work on /home/logi/txtai/venv/lib/python3.10/site-packages/airflow/example_dags/tutorial.py
[2025-10-29T20:33:06.085+0530] {processor.py:830} INFO - Processing file /home/logi/txtai/venv/lib/python3.10/site-packages/airflow/example_dags/tutorial.py for tasks to queue
[2025-10-29T20:33:06.090+0530] {logging_mixin.py:188} INFO - [2025-10-29T20:33:06.088+0530] {dagbag.py:545} INFO - Filling up the DagBag from /home/logi/txtai/venv/lib/python3.10/site-packages/airflow/example_dags/tutorial.py
[2025-10-29T20:33:06.103+0530] {processor.py:840} INFO - DAG(s) 'tutorial' retrieved from /home/logi/txtai/venv/lib/python3.10/site-packages/airflow/example_dags/tutorial.py
[2025-10-29T20:33:06.134+0530] {logging_mixin.py:188} INFO - [2025-10-29T20:33:06.134+0530] {dag.py:3096} INFO - Sync 1 DAGs
[2025-10-29T20:33:06.161+0530] {logging_mixin.py:188} INFO - [2025-10-29T20:33:06.160+0530] {dag.py:3954} INFO - Setting next_dagrun for tutorial to 2025-10-28 00:00:00+00:00, run_after=2025-10-29 00:00:00+00:00
[2025-10-29T20:33:06.188+0530] {processor.py:183} INFO - Processing /home/logi/txtai/venv/lib/python3.10/site-packages/airflow/example_dags/tutorial.py took 0.130 seconds
[2025-10-29T20:33:57.646+0530] {processor.py:161} INFO - Started process (PID=23838) to work on /home/logi/txtai/venv/lib/python3.10/site-packages/airflow/example_dags/tutorial.py
[2025-10-29T20:33:57.659+0530] {processor.py:830} INFO - Processing file /home/logi/txtai/venv/lib/python3.10/site-packages/airflow/example_dags/tutorial.py for tasks to queue
[2025-10-29T20:33:57.662+0530] {logging_mixin.py:188} INFO - [2025-10-29T20:33:57.662+0530] {dagbag.py:545} INFO - Filling up the DagBag from /home/logi/txtai/venv/lib/python3.10/site-packages/airflow/example_dags/tutorial.py
[2025-10-29T20:33:57.673+0530] {processor.py:840} INFO - DAG(s) 'tutorial' retrieved from /home/logi/txtai/venv/lib/python3.10/site-packages/airflow/example_dags/tutorial.py
[2025-10-29T20:33:57.705+0530] {logging_mixin.py:188} INFO - [2025-10-29T20:33:57.704+0530] {dag.py:3096} INFO - Sync 1 DAGs
[2025-10-29T20:33:57.723+0530] {logging_mixin.py:188} INFO - [2025-10-29T20:33:57.723+0530] {dag.py:3954} INFO - Setting next_dagrun for tutorial to 2025-10-28 00:00:00+00:00, run_after=2025-10-29 00:00:00+00:00
[2025-10-29T20:33:57.747+0530] {processor.py:183} INFO - Processing /home/logi/txtai/venv/lib/python3.10/site-packages/airflow/example_dags/tutorial.py took 0.112 seconds
[2025-10-29T20:34:46.538+0530] {processor.py:161} INFO - Started process (PID=23927) to work on /home/logi/txtai/venv/lib/python3.10/site-packages/airflow/example_dags/tutorial.py
[2025-10-29T20:34:46.551+0530] {processor.py:830} INFO - Processing file /home/logi/txtai/venv/lib/python3.10/site-packages/airflow/example_dags/tutorial.py for tasks to queue
[2025-10-29T20:34:46.555+0530] {logging_mixin.py:188} INFO - [2025-10-29T20:34:46.554+0530] {dagbag.py:545} INFO - Filling up the DagBag from /home/logi/txtai/venv/lib/python3.10/site-packages/airflow/example_dags/tutorial.py
[2025-10-29T20:34:46.565+0530] {processor.py:840} INFO - DAG(s) 'tutorial' retrieved from /home/logi/txtai/venv/lib/python3.10/site-packages/airflow/example_dags/tutorial.py
[2025-10-29T20:34:46.593+0530] {logging_mixin.py:188} INFO - [2025-10-29T20:34:46.593+0530] {dag.py:3096} INFO - Sync 1 DAGs
[2025-10-29T20:34:46.614+0530] {logging_mixin.py:188} INFO - [2025-10-29T20:34:46.614+0530] {dag.py:3954} INFO - Setting next_dagrun for tutorial to 2025-10-28 00:00:00+00:00, run_after=2025-10-29 00:00:00+00:00
[2025-10-29T20:34:46.643+0530] {processor.py:183} INFO - Processing /home/logi/txtai/venv/lib/python3.10/site-packages/airflow/example_dags/tutorial.py took 0.117 seconds
[2025-10-29T20:35:38.354+0530] {processor.py:161} INFO - Started process (PID=24015) to work on /home/logi/txtai/venv/lib/python3.10/site-packages/airflow/example_dags/tutorial.py
[2025-10-29T20:35:38.369+0530] {processor.py:830} INFO - Processing file /home/logi/txtai/venv/lib/python3.10/site-packages/airflow/example_dags/tutorial.py for tasks to queue
[2025-10-29T20:35:38.371+0530] {logging_mixin.py:188} INFO - [2025-10-29T20:35:38.371+0530] {dagbag.py:545} INFO - Filling up the DagBag from /home/logi/txtai/venv/lib/python3.10/site-packages/airflow/example_dags/tutorial.py
[2025-10-29T20:35:38.382+0530] {processor.py:840} INFO - DAG(s) 'tutorial' retrieved from /home/logi/txtai/venv/lib/python3.10/site-packages/airflow/example_dags/tutorial.py
[2025-10-29T20:35:38.409+0530] {logging_mixin.py:188} INFO - [2025-10-29T20:35:38.409+0530] {dag.py:3096} INFO - Sync 1 DAGs
[2025-10-29T20:35:38.431+0530] {logging_mixin.py:188} INFO - [2025-10-29T20:35:38.431+0530] {dag.py:3954} INFO - Setting next_dagrun for tutorial to 2025-10-28 00:00:00+00:00, run_after=2025-10-29 00:00:00+00:00
[2025-10-29T20:35:38.459+0530] {processor.py:183} INFO - Processing /home/logi/txtai/venv/lib/python3.10/site-packages/airflow/example_dags/tutorial.py took 0.116 seconds
[2025-10-29T20:36:31.738+0530] {processor.py:161} INFO - Started process (PID=24082) to work on /home/logi/txtai/venv/lib/python3.10/site-packages/airflow/example_dags/tutorial.py
[2025-10-29T20:36:31.751+0530] {processor.py:830} INFO - Processing file /home/logi/txtai/venv/lib/python3.10/site-packages/airflow/example_dags/tutorial.py for tasks to queue
[2025-10-29T20:36:31.754+0530] {logging_mixin.py:188} INFO - [2025-10-29T20:36:31.754+0530] {dagbag.py:545} INFO - Filling up the DagBag from /home/logi/txtai/venv/lib/python3.10/site-packages/airflow/example_dags/tutorial.py
[2025-10-29T20:36:31.765+0530] {processor.py:840} INFO - DAG(s) 'tutorial' retrieved from /home/logi/txtai/venv/lib/python3.10/site-packages/airflow/example_dags/tutorial.py
[2025-10-29T20:36:31.792+0530] {logging_mixin.py:188} INFO - [2025-10-29T20:36:31.792+0530] {dag.py:3096} INFO - Sync 1 DAGs
[2025-10-29T20:36:31.814+0530] {logging_mixin.py:188} INFO - [2025-10-29T20:36:31.814+0530] {dag.py:3954} INFO - Setting next_dagrun for tutorial to 2025-10-28 00:00:00+00:00, run_after=2025-10-29 00:00:00+00:00
[2025-10-29T20:36:31.842+0530] {processor.py:183} INFO - Processing /home/logi/txtai/venv/lib/python3.10/site-packages/airflow/example_dags/tutorial.py took 0.116 seconds
[2025-10-29T20:37:25.265+0530] {processor.py:161} INFO - Started process (PID=24147) to work on /home/logi/txtai/venv/lib/python3.10/site-packages/airflow/example_dags/tutorial.py
[2025-10-29T20:37:25.279+0530] {processor.py:830} INFO - Processing file /home/logi/txtai/venv/lib/python3.10/site-packages/airflow/example_dags/tutorial.py for tasks to queue
[2025-10-29T20:37:25.282+0530] {logging_mixin.py:188} INFO - [2025-10-29T20:37:25.281+0530] {dagbag.py:545} INFO - Filling up the DagBag from /home/logi/txtai/venv/lib/python3.10/site-packages/airflow/example_dags/tutorial.py
[2025-10-29T20:37:25.292+0530] {processor.py:840} INFO - DAG(s) 'tutorial' retrieved from /home/logi/txtai/venv/lib/python3.10/site-packages/airflow/example_dags/tutorial.py
[2025-10-29T20:37:25.320+0530] {logging_mixin.py:188} INFO - [2025-10-29T20:37:25.319+0530] {dag.py:3096} INFO - Sync 1 DAGs
[2025-10-29T20:37:25.341+0530] {logging_mixin.py:188} INFO - [2025-10-29T20:37:25.340+0530] {dag.py:3954} INFO - Setting next_dagrun for tutorial to 2025-10-28 00:00:00+00:00, run_after=2025-10-29 00:00:00+00:00
[2025-10-29T20:37:25.372+0530] {processor.py:183} INFO - Processing /home/logi/txtai/venv/lib/python3.10/site-packages/airflow/example_dags/tutorial.py took 0.118 seconds
