[2025-10-29T19:29:41.567+0530] {processor.py:161} INFO - Started process (PID=16103) to work on /home/logi/txtai/venv/lib/python3.10/site-packages/airflow/example_dags/tutorial_dag.py
[2025-10-29T19:29:41.569+0530] {processor.py:830} INFO - Processing file /home/logi/txtai/venv/lib/python3.10/site-packages/airflow/example_dags/tutorial_dag.py for tasks to queue
[2025-10-29T19:29:41.572+0530] {logging_mixin.py:188} INFO - [2025-10-29T19:29:41.571+0530] {dagbag.py:545} INFO - Filling up the DagBag from /home/logi/txtai/venv/lib/python3.10/site-packages/airflow/example_dags/tutorial_dag.py
[2025-10-29T19:29:41.584+0530] {processor.py:840} INFO - DAG(s) 'tutorial_dag' retrieved from /home/logi/txtai/venv/lib/python3.10/site-packages/airflow/example_dags/tutorial_dag.py
[2025-10-29T19:29:41.675+0530] {logging_mixin.py:188} INFO - [2025-10-29T19:29:41.675+0530] {override.py:1829} INFO - Created Permission View: can read on DAG:tutorial_dag
[2025-10-29T19:29:41.684+0530] {logging_mixin.py:188} INFO - [2025-10-29T19:29:41.684+0530] {override.py:1829} INFO - Created Permission View: can edit on DAG:tutorial_dag
[2025-10-29T19:29:41.695+0530] {logging_mixin.py:188} INFO - [2025-10-29T19:29:41.695+0530] {override.py:1829} INFO - Created Permission View: can delete on DAG:tutorial_dag
[2025-10-29T19:29:41.696+0530] {logging_mixin.py:188} INFO - [2025-10-29T19:29:41.696+0530] {dag.py:3096} INFO - Sync 1 DAGs
[2025-10-29T19:29:41.712+0530] {logging_mixin.py:188} INFO - [2025-10-29T19:29:41.712+0530] {dag.py:3118} INFO - Creating ORM DAG for tutorial_dag
[2025-10-29T19:29:41.713+0530] {logging_mixin.py:188} INFO - [2025-10-29T19:29:41.713+0530] {dag.py:3954} INFO - Setting next_dagrun for tutorial_dag to None, run_after=None
[2025-10-29T19:29:41.742+0530] {processor.py:183} INFO - Processing /home/logi/txtai/venv/lib/python3.10/site-packages/airflow/example_dags/tutorial_dag.py took 0.186 seconds
[2025-10-29T19:30:39.169+0530] {processor.py:161} INFO - Started process (PID=16434) to work on /home/logi/txtai/venv/lib/python3.10/site-packages/airflow/example_dags/tutorial_dag.py
[2025-10-29T19:30:39.172+0530] {processor.py:830} INFO - Processing file /home/logi/txtai/venv/lib/python3.10/site-packages/airflow/example_dags/tutorial_dag.py for tasks to queue
[2025-10-29T19:30:39.175+0530] {logging_mixin.py:188} INFO - [2025-10-29T19:30:39.174+0530] {dagbag.py:545} INFO - Filling up the DagBag from /home/logi/txtai/venv/lib/python3.10/site-packages/airflow/example_dags/tutorial_dag.py
[2025-10-29T19:30:39.184+0530] {processor.py:840} INFO - DAG(s) 'tutorial_dag' retrieved from /home/logi/txtai/venv/lib/python3.10/site-packages/airflow/example_dags/tutorial_dag.py
[2025-10-29T19:30:39.203+0530] {logging_mixin.py:188} INFO - [2025-10-29T19:30:39.203+0530] {dag.py:3096} INFO - Sync 1 DAGs
[2025-10-29T19:30:39.216+0530] {logging_mixin.py:188} INFO - [2025-10-29T19:30:39.215+0530] {dag.py:3954} INFO - Setting next_dagrun for tutorial_dag to None, run_after=None
[2025-10-29T19:30:39.238+0530] {processor.py:183} INFO - Processing /home/logi/txtai/venv/lib/python3.10/site-packages/airflow/example_dags/tutorial_dag.py took 0.081 seconds
[2025-10-29T19:31:28.725+0530] {processor.py:161} INFO - Started process (PID=16602) to work on /home/logi/txtai/venv/lib/python3.10/site-packages/airflow/example_dags/tutorial_dag.py
[2025-10-29T19:31:28.727+0530] {processor.py:830} INFO - Processing file /home/logi/txtai/venv/lib/python3.10/site-packages/airflow/example_dags/tutorial_dag.py for tasks to queue
[2025-10-29T19:31:28.731+0530] {logging_mixin.py:188} INFO - [2025-10-29T19:31:28.730+0530] {dagbag.py:545} INFO - Filling up the DagBag from /home/logi/txtai/venv/lib/python3.10/site-packages/airflow/example_dags/tutorial_dag.py
[2025-10-29T19:31:28.741+0530] {processor.py:840} INFO - DAG(s) 'tutorial_dag' retrieved from /home/logi/txtai/venv/lib/python3.10/site-packages/airflow/example_dags/tutorial_dag.py
[2025-10-29T19:31:28.763+0530] {logging_mixin.py:188} INFO - [2025-10-29T19:31:28.763+0530] {dag.py:3096} INFO - Sync 1 DAGs
[2025-10-29T19:31:28.771+0530] {logging_mixin.py:188} INFO - [2025-10-29T19:31:28.771+0530] {dag.py:3954} INFO - Setting next_dagrun for tutorial_dag to None, run_after=None
[2025-10-29T19:31:28.787+0530] {processor.py:183} INFO - Processing /home/logi/txtai/venv/lib/python3.10/site-packages/airflow/example_dags/tutorial_dag.py took 0.071 seconds
[2025-10-29T19:32:12.096+0530] {processor.py:161} INFO - Started process (PID=16670) to work on /home/logi/txtai/venv/lib/python3.10/site-packages/airflow/example_dags/tutorial_dag.py
[2025-10-29T19:32:12.108+0530] {processor.py:830} INFO - Processing file /home/logi/txtai/venv/lib/python3.10/site-packages/airflow/example_dags/tutorial_dag.py for tasks to queue
[2025-10-29T19:32:12.111+0530] {logging_mixin.py:188} INFO - [2025-10-29T19:32:12.110+0530] {dagbag.py:545} INFO - Filling up the DagBag from /home/logi/txtai/venv/lib/python3.10/site-packages/airflow/example_dags/tutorial_dag.py
[2025-10-29T19:32:12.116+0530] {processor.py:840} INFO - DAG(s) 'tutorial_dag' retrieved from /home/logi/txtai/venv/lib/python3.10/site-packages/airflow/example_dags/tutorial_dag.py
[2025-10-29T19:32:12.129+0530] {logging_mixin.py:188} INFO - [2025-10-29T19:32:12.129+0530] {dag.py:3096} INFO - Sync 1 DAGs
[2025-10-29T19:32:12.138+0530] {logging_mixin.py:188} INFO - [2025-10-29T19:32:12.137+0530] {dag.py:3954} INFO - Setting next_dagrun for tutorial_dag to None, run_after=None
[2025-10-29T19:32:12.155+0530] {processor.py:183} INFO - Processing /home/logi/txtai/venv/lib/python3.10/site-packages/airflow/example_dags/tutorial_dag.py took 0.065 seconds
[2025-10-29T19:33:01.131+0530] {processor.py:161} INFO - Started process (PID=16795) to work on /home/logi/txtai/venv/lib/python3.10/site-packages/airflow/example_dags/tutorial_dag.py
[2025-10-29T19:33:01.145+0530] {processor.py:830} INFO - Processing file /home/logi/txtai/venv/lib/python3.10/site-packages/airflow/example_dags/tutorial_dag.py for tasks to queue
[2025-10-29T19:33:01.148+0530] {logging_mixin.py:188} INFO - [2025-10-29T19:33:01.147+0530] {dagbag.py:545} INFO - Filling up the DagBag from /home/logi/txtai/venv/lib/python3.10/site-packages/airflow/example_dags/tutorial_dag.py
[2025-10-29T19:33:01.158+0530] {processor.py:840} INFO - DAG(s) 'tutorial_dag' retrieved from /home/logi/txtai/venv/lib/python3.10/site-packages/airflow/example_dags/tutorial_dag.py
[2025-10-29T19:33:01.184+0530] {logging_mixin.py:188} INFO - [2025-10-29T19:33:01.184+0530] {dag.py:3096} INFO - Sync 1 DAGs
[2025-10-29T19:33:01.195+0530] {logging_mixin.py:188} INFO - [2025-10-29T19:33:01.194+0530] {dag.py:3954} INFO - Setting next_dagrun for tutorial_dag to None, run_after=None
[2025-10-29T19:33:01.221+0530] {processor.py:183} INFO - Processing /home/logi/txtai/venv/lib/python3.10/site-packages/airflow/example_dags/tutorial_dag.py took 0.097 seconds
[2025-10-29T19:33:49.477+0530] {processor.py:161} INFO - Started process (PID=16890) to work on /home/logi/txtai/venv/lib/python3.10/site-packages/airflow/example_dags/tutorial_dag.py
[2025-10-29T19:33:49.491+0530] {processor.py:830} INFO - Processing file /home/logi/txtai/venv/lib/python3.10/site-packages/airflow/example_dags/tutorial_dag.py for tasks to queue
[2025-10-29T19:33:49.494+0530] {logging_mixin.py:188} INFO - [2025-10-29T19:33:49.493+0530] {dagbag.py:545} INFO - Filling up the DagBag from /home/logi/txtai/venv/lib/python3.10/site-packages/airflow/example_dags/tutorial_dag.py
[2025-10-29T19:33:49.505+0530] {processor.py:840} INFO - DAG(s) 'tutorial_dag' retrieved from /home/logi/txtai/venv/lib/python3.10/site-packages/airflow/example_dags/tutorial_dag.py
[2025-10-29T19:33:49.533+0530] {logging_mixin.py:188} INFO - [2025-10-29T19:33:49.532+0530] {dag.py:3096} INFO - Sync 1 DAGs
[2025-10-29T19:33:49.547+0530] {logging_mixin.py:188} INFO - [2025-10-29T19:33:49.547+0530] {dag.py:3954} INFO - Setting next_dagrun for tutorial_dag to None, run_after=None
[2025-10-29T19:33:49.574+0530] {processor.py:183} INFO - Processing /home/logi/txtai/venv/lib/python3.10/site-packages/airflow/example_dags/tutorial_dag.py took 0.109 seconds
[2025-10-29T19:34:37.708+0530] {processor.py:161} INFO - Started process (PID=16981) to work on /home/logi/txtai/venv/lib/python3.10/site-packages/airflow/example_dags/tutorial_dag.py
[2025-10-29T19:34:37.722+0530] {processor.py:830} INFO - Processing file /home/logi/txtai/venv/lib/python3.10/site-packages/airflow/example_dags/tutorial_dag.py for tasks to queue
[2025-10-29T19:34:37.725+0530] {logging_mixin.py:188} INFO - [2025-10-29T19:34:37.724+0530] {dagbag.py:545} INFO - Filling up the DagBag from /home/logi/txtai/venv/lib/python3.10/site-packages/airflow/example_dags/tutorial_dag.py
[2025-10-29T19:34:37.735+0530] {processor.py:840} INFO - DAG(s) 'tutorial_dag' retrieved from /home/logi/txtai/venv/lib/python3.10/site-packages/airflow/example_dags/tutorial_dag.py
[2025-10-29T19:34:37.762+0530] {logging_mixin.py:188} INFO - [2025-10-29T19:34:37.762+0530] {dag.py:3096} INFO - Sync 1 DAGs
[2025-10-29T19:34:37.776+0530] {logging_mixin.py:188} INFO - [2025-10-29T19:34:37.775+0530] {dag.py:3954} INFO - Setting next_dagrun for tutorial_dag to None, run_after=None
[2025-10-29T19:34:37.795+0530] {processor.py:183} INFO - Processing /home/logi/txtai/venv/lib/python3.10/site-packages/airflow/example_dags/tutorial_dag.py took 0.098 seconds
[2025-10-29T19:35:28.593+0530] {processor.py:161} INFO - Started process (PID=17047) to work on /home/logi/txtai/venv/lib/python3.10/site-packages/airflow/example_dags/tutorial_dag.py
[2025-10-29T19:35:28.600+0530] {processor.py:830} INFO - Processing file /home/logi/txtai/venv/lib/python3.10/site-packages/airflow/example_dags/tutorial_dag.py for tasks to queue
[2025-10-29T19:35:28.603+0530] {logging_mixin.py:188} INFO - [2025-10-29T19:35:28.602+0530] {dagbag.py:545} INFO - Filling up the DagBag from /home/logi/txtai/venv/lib/python3.10/site-packages/airflow/example_dags/tutorial_dag.py
[2025-10-29T19:35:28.613+0530] {processor.py:840} INFO - DAG(s) 'tutorial_dag' retrieved from /home/logi/txtai/venv/lib/python3.10/site-packages/airflow/example_dags/tutorial_dag.py
[2025-10-29T19:35:28.639+0530] {logging_mixin.py:188} INFO - [2025-10-29T19:35:28.638+0530] {dag.py:3096} INFO - Sync 1 DAGs
[2025-10-29T19:35:28.650+0530] {logging_mixin.py:188} INFO - [2025-10-29T19:35:28.649+0530] {dag.py:3954} INFO - Setting next_dagrun for tutorial_dag to None, run_after=None
[2025-10-29T19:35:28.669+0530] {processor.py:183} INFO - Processing /home/logi/txtai/venv/lib/python3.10/site-packages/airflow/example_dags/tutorial_dag.py took 0.087 seconds
[2025-10-29T19:36:19.185+0530] {processor.py:161} INFO - Started process (PID=17190) to work on /home/logi/txtai/venv/lib/python3.10/site-packages/airflow/example_dags/tutorial_dag.py
[2025-10-29T19:36:19.198+0530] {processor.py:830} INFO - Processing file /home/logi/txtai/venv/lib/python3.10/site-packages/airflow/example_dags/tutorial_dag.py for tasks to queue
[2025-10-29T19:36:19.201+0530] {logging_mixin.py:188} INFO - [2025-10-29T19:36:19.201+0530] {dagbag.py:545} INFO - Filling up the DagBag from /home/logi/txtai/venv/lib/python3.10/site-packages/airflow/example_dags/tutorial_dag.py
[2025-10-29T19:36:19.211+0530] {processor.py:840} INFO - DAG(s) 'tutorial_dag' retrieved from /home/logi/txtai/venv/lib/python3.10/site-packages/airflow/example_dags/tutorial_dag.py
[2025-10-29T19:36:19.240+0530] {logging_mixin.py:188} INFO - [2025-10-29T19:36:19.239+0530] {dag.py:3096} INFO - Sync 1 DAGs
[2025-10-29T19:36:19.255+0530] {logging_mixin.py:188} INFO - [2025-10-29T19:36:19.254+0530] {dag.py:3954} INFO - Setting next_dagrun for tutorial_dag to None, run_after=None
[2025-10-29T19:36:19.282+0530] {processor.py:183} INFO - Processing /home/logi/txtai/venv/lib/python3.10/site-packages/airflow/example_dags/tutorial_dag.py took 0.109 seconds
[2025-10-29T19:37:11.650+0530] {processor.py:161} INFO - Started process (PID=17385) to work on /home/logi/txtai/venv/lib/python3.10/site-packages/airflow/example_dags/tutorial_dag.py
[2025-10-29T19:37:11.664+0530] {processor.py:830} INFO - Processing file /home/logi/txtai/venv/lib/python3.10/site-packages/airflow/example_dags/tutorial_dag.py for tasks to queue
[2025-10-29T19:37:11.667+0530] {logging_mixin.py:188} INFO - [2025-10-29T19:37:11.666+0530] {dagbag.py:545} INFO - Filling up the DagBag from /home/logi/txtai/venv/lib/python3.10/site-packages/airflow/example_dags/tutorial_dag.py
[2025-10-29T19:37:11.677+0530] {processor.py:840} INFO - DAG(s) 'tutorial_dag' retrieved from /home/logi/txtai/venv/lib/python3.10/site-packages/airflow/example_dags/tutorial_dag.py
[2025-10-29T19:37:11.704+0530] {logging_mixin.py:188} INFO - [2025-10-29T19:37:11.703+0530] {dag.py:3096} INFO - Sync 1 DAGs
[2025-10-29T19:37:11.715+0530] {logging_mixin.py:188} INFO - [2025-10-29T19:37:11.715+0530] {dag.py:3954} INFO - Setting next_dagrun for tutorial_dag to None, run_after=None
[2025-10-29T19:37:11.743+0530] {processor.py:183} INFO - Processing /home/logi/txtai/venv/lib/python3.10/site-packages/airflow/example_dags/tutorial_dag.py took 0.104 seconds
[2025-10-29T19:38:01.978+0530] {processor.py:161} INFO - Started process (PID=17446) to work on /home/logi/txtai/venv/lib/python3.10/site-packages/airflow/example_dags/tutorial_dag.py
[2025-10-29T19:38:01.991+0530] {processor.py:830} INFO - Processing file /home/logi/txtai/venv/lib/python3.10/site-packages/airflow/example_dags/tutorial_dag.py for tasks to queue
[2025-10-29T19:38:01.994+0530] {logging_mixin.py:188} INFO - [2025-10-29T19:38:01.994+0530] {dagbag.py:545} INFO - Filling up the DagBag from /home/logi/txtai/venv/lib/python3.10/site-packages/airflow/example_dags/tutorial_dag.py
[2025-10-29T19:38:02.004+0530] {processor.py:840} INFO - DAG(s) 'tutorial_dag' retrieved from /home/logi/txtai/venv/lib/python3.10/site-packages/airflow/example_dags/tutorial_dag.py
[2025-10-29T19:38:02.031+0530] {logging_mixin.py:188} INFO - [2025-10-29T19:38:02.030+0530] {dag.py:3096} INFO - Sync 1 DAGs
[2025-10-29T19:38:02.046+0530] {logging_mixin.py:188} INFO - [2025-10-29T19:38:02.046+0530] {dag.py:3954} INFO - Setting next_dagrun for tutorial_dag to None, run_after=None
[2025-10-29T19:38:02.072+0530] {processor.py:183} INFO - Processing /home/logi/txtai/venv/lib/python3.10/site-packages/airflow/example_dags/tutorial_dag.py took 0.106 seconds
[2025-10-29T19:38:53.802+0530] {processor.py:161} INFO - Started process (PID=17509) to work on /home/logi/txtai/venv/lib/python3.10/site-packages/airflow/example_dags/tutorial_dag.py
[2025-10-29T19:38:53.815+0530] {processor.py:830} INFO - Processing file /home/logi/txtai/venv/lib/python3.10/site-packages/airflow/example_dags/tutorial_dag.py for tasks to queue
[2025-10-29T19:38:53.818+0530] {logging_mixin.py:188} INFO - [2025-10-29T19:38:53.817+0530] {dagbag.py:545} INFO - Filling up the DagBag from /home/logi/txtai/venv/lib/python3.10/site-packages/airflow/example_dags/tutorial_dag.py
[2025-10-29T19:38:53.828+0530] {processor.py:840} INFO - DAG(s) 'tutorial_dag' retrieved from /home/logi/txtai/venv/lib/python3.10/site-packages/airflow/example_dags/tutorial_dag.py
[2025-10-29T19:38:53.855+0530] {logging_mixin.py:188} INFO - [2025-10-29T19:38:53.855+0530] {dag.py:3096} INFO - Sync 1 DAGs
[2025-10-29T19:38:53.870+0530] {logging_mixin.py:188} INFO - [2025-10-29T19:38:53.870+0530] {dag.py:3954} INFO - Setting next_dagrun for tutorial_dag to None, run_after=None
[2025-10-29T19:38:53.897+0530] {processor.py:183} INFO - Processing /home/logi/txtai/venv/lib/python3.10/site-packages/airflow/example_dags/tutorial_dag.py took 0.107 seconds
[2025-10-29T19:39:49.200+0530] {processor.py:161} INFO - Started process (PID=17607) to work on /home/logi/txtai/venv/lib/python3.10/site-packages/airflow/example_dags/tutorial_dag.py
[2025-10-29T19:39:49.202+0530] {processor.py:830} INFO - Processing file /home/logi/txtai/venv/lib/python3.10/site-packages/airflow/example_dags/tutorial_dag.py for tasks to queue
[2025-10-29T19:39:49.205+0530] {logging_mixin.py:188} INFO - [2025-10-29T19:39:49.204+0530] {dagbag.py:545} INFO - Filling up the DagBag from /home/logi/txtai/venv/lib/python3.10/site-packages/airflow/example_dags/tutorial_dag.py
[2025-10-29T19:39:49.215+0530] {processor.py:840} INFO - DAG(s) 'tutorial_dag' retrieved from /home/logi/txtai/venv/lib/python3.10/site-packages/airflow/example_dags/tutorial_dag.py
[2025-10-29T19:39:49.239+0530] {logging_mixin.py:188} INFO - [2025-10-29T19:39:49.239+0530] {dag.py:3096} INFO - Sync 1 DAGs
[2025-10-29T19:39:49.249+0530] {logging_mixin.py:188} INFO - [2025-10-29T19:39:49.249+0530] {dag.py:3954} INFO - Setting next_dagrun for tutorial_dag to None, run_after=None
[2025-10-29T19:39:49.268+0530] {processor.py:183} INFO - Processing /home/logi/txtai/venv/lib/python3.10/site-packages/airflow/example_dags/tutorial_dag.py took 0.079 seconds
[2025-10-29T19:40:39.308+0530] {processor.py:161} INFO - Started process (PID=17789) to work on /home/logi/txtai/venv/lib/python3.10/site-packages/airflow/example_dags/tutorial_dag.py
[2025-10-29T19:40:39.310+0530] {processor.py:830} INFO - Processing file /home/logi/txtai/venv/lib/python3.10/site-packages/airflow/example_dags/tutorial_dag.py for tasks to queue
[2025-10-29T19:40:39.313+0530] {logging_mixin.py:188} INFO - [2025-10-29T19:40:39.313+0530] {dagbag.py:545} INFO - Filling up the DagBag from /home/logi/txtai/venv/lib/python3.10/site-packages/airflow/example_dags/tutorial_dag.py
[2025-10-29T19:40:39.323+0530] {processor.py:840} INFO - DAG(s) 'tutorial_dag' retrieved from /home/logi/txtai/venv/lib/python3.10/site-packages/airflow/example_dags/tutorial_dag.py
[2025-10-29T19:40:39.348+0530] {logging_mixin.py:188} INFO - [2025-10-29T19:40:39.348+0530] {dag.py:3096} INFO - Sync 1 DAGs
[2025-10-29T19:40:39.357+0530] {logging_mixin.py:188} INFO - [2025-10-29T19:40:39.357+0530] {dag.py:3954} INFO - Setting next_dagrun for tutorial_dag to None, run_after=None
[2025-10-29T19:40:39.384+0530] {processor.py:183} INFO - Processing /home/logi/txtai/venv/lib/python3.10/site-packages/airflow/example_dags/tutorial_dag.py took 0.087 seconds
[2025-10-29T19:41:28.730+0530] {processor.py:161} INFO - Started process (PID=17932) to work on /home/logi/txtai/venv/lib/python3.10/site-packages/airflow/example_dags/tutorial_dag.py
[2025-10-29T19:41:28.743+0530] {processor.py:830} INFO - Processing file /home/logi/txtai/venv/lib/python3.10/site-packages/airflow/example_dags/tutorial_dag.py for tasks to queue
[2025-10-29T19:41:28.747+0530] {logging_mixin.py:188} INFO - [2025-10-29T19:41:28.746+0530] {dagbag.py:545} INFO - Filling up the DagBag from /home/logi/txtai/venv/lib/python3.10/site-packages/airflow/example_dags/tutorial_dag.py
[2025-10-29T19:41:28.757+0530] {processor.py:840} INFO - DAG(s) 'tutorial_dag' retrieved from /home/logi/txtai/venv/lib/python3.10/site-packages/airflow/example_dags/tutorial_dag.py
[2025-10-29T19:41:28.785+0530] {logging_mixin.py:188} INFO - [2025-10-29T19:41:28.784+0530] {dag.py:3096} INFO - Sync 1 DAGs
[2025-10-29T19:41:28.799+0530] {logging_mixin.py:188} INFO - [2025-10-29T19:41:28.799+0530] {dag.py:3954} INFO - Setting next_dagrun for tutorial_dag to None, run_after=None
[2025-10-29T19:41:28.821+0530] {processor.py:183} INFO - Processing /home/logi/txtai/venv/lib/python3.10/site-packages/airflow/example_dags/tutorial_dag.py took 0.102 seconds
[2025-10-29T19:42:20.246+0530] {processor.py:161} INFO - Started process (PID=17998) to work on /home/logi/txtai/venv/lib/python3.10/site-packages/airflow/example_dags/tutorial_dag.py
[2025-10-29T19:42:20.259+0530] {processor.py:830} INFO - Processing file /home/logi/txtai/venv/lib/python3.10/site-packages/airflow/example_dags/tutorial_dag.py for tasks to queue
[2025-10-29T19:42:20.262+0530] {logging_mixin.py:188} INFO - [2025-10-29T19:42:20.262+0530] {dagbag.py:545} INFO - Filling up the DagBag from /home/logi/txtai/venv/lib/python3.10/site-packages/airflow/example_dags/tutorial_dag.py
[2025-10-29T19:42:20.275+0530] {processor.py:840} INFO - DAG(s) 'tutorial_dag' retrieved from /home/logi/txtai/venv/lib/python3.10/site-packages/airflow/example_dags/tutorial_dag.py
[2025-10-29T19:42:20.304+0530] {logging_mixin.py:188} INFO - [2025-10-29T19:42:20.304+0530] {dag.py:3096} INFO - Sync 1 DAGs
[2025-10-29T19:42:20.317+0530] {logging_mixin.py:188} INFO - [2025-10-29T19:42:20.316+0530] {dag.py:3954} INFO - Setting next_dagrun for tutorial_dag to None, run_after=None
[2025-10-29T19:42:20.343+0530] {processor.py:183} INFO - Processing /home/logi/txtai/venv/lib/python3.10/site-packages/airflow/example_dags/tutorial_dag.py took 0.108 seconds
[2025-10-29T19:43:13.578+0530] {processor.py:161} INFO - Started process (PID=18063) to work on /home/logi/txtai/venv/lib/python3.10/site-packages/airflow/example_dags/tutorial_dag.py
[2025-10-29T19:43:13.591+0530] {processor.py:830} INFO - Processing file /home/logi/txtai/venv/lib/python3.10/site-packages/airflow/example_dags/tutorial_dag.py for tasks to queue
[2025-10-29T19:43:13.594+0530] {logging_mixin.py:188} INFO - [2025-10-29T19:43:13.594+0530] {dagbag.py:545} INFO - Filling up the DagBag from /home/logi/txtai/venv/lib/python3.10/site-packages/airflow/example_dags/tutorial_dag.py
[2025-10-29T19:43:13.605+0530] {processor.py:840} INFO - DAG(s) 'tutorial_dag' retrieved from /home/logi/txtai/venv/lib/python3.10/site-packages/airflow/example_dags/tutorial_dag.py
[2025-10-29T19:43:13.634+0530] {logging_mixin.py:188} INFO - [2025-10-29T19:43:13.633+0530] {dag.py:3096} INFO - Sync 1 DAGs
[2025-10-29T19:43:13.648+0530] {logging_mixin.py:188} INFO - [2025-10-29T19:43:13.648+0530] {dag.py:3954} INFO - Setting next_dagrun for tutorial_dag to None, run_after=None
[2025-10-29T19:43:13.675+0530] {processor.py:183} INFO - Processing /home/logi/txtai/venv/lib/python3.10/site-packages/airflow/example_dags/tutorial_dag.py took 0.109 seconds
[2025-10-29T19:44:06.349+0530] {processor.py:161} INFO - Started process (PID=18157) to work on /home/logi/txtai/venv/lib/python3.10/site-packages/airflow/example_dags/tutorial_dag.py
[2025-10-29T19:44:06.363+0530] {processor.py:830} INFO - Processing file /home/logi/txtai/venv/lib/python3.10/site-packages/airflow/example_dags/tutorial_dag.py for tasks to queue
[2025-10-29T19:44:06.367+0530] {logging_mixin.py:188} INFO - [2025-10-29T19:44:06.366+0530] {dagbag.py:545} INFO - Filling up the DagBag from /home/logi/txtai/venv/lib/python3.10/site-packages/airflow/example_dags/tutorial_dag.py
[2025-10-29T19:44:06.380+0530] {processor.py:840} INFO - DAG(s) 'tutorial_dag' retrieved from /home/logi/txtai/venv/lib/python3.10/site-packages/airflow/example_dags/tutorial_dag.py
[2025-10-29T19:44:06.409+0530] {logging_mixin.py:188} INFO - [2025-10-29T19:44:06.408+0530] {dag.py:3096} INFO - Sync 1 DAGs
[2025-10-29T19:44:06.422+0530] {logging_mixin.py:188} INFO - [2025-10-29T19:44:06.421+0530] {dag.py:3954} INFO - Setting next_dagrun for tutorial_dag to None, run_after=None
[2025-10-29T19:44:06.450+0530] {processor.py:183} INFO - Processing /home/logi/txtai/venv/lib/python3.10/site-packages/airflow/example_dags/tutorial_dag.py took 0.113 seconds
[2025-10-29T19:44:57.965+0530] {processor.py:161} INFO - Started process (PID=18249) to work on /home/logi/txtai/venv/lib/python3.10/site-packages/airflow/example_dags/tutorial_dag.py
[2025-10-29T19:44:57.977+0530] {processor.py:830} INFO - Processing file /home/logi/txtai/venv/lib/python3.10/site-packages/airflow/example_dags/tutorial_dag.py for tasks to queue
[2025-10-29T19:44:57.980+0530] {logging_mixin.py:188} INFO - [2025-10-29T19:44:57.979+0530] {dagbag.py:545} INFO - Filling up the DagBag from /home/logi/txtai/venv/lib/python3.10/site-packages/airflow/example_dags/tutorial_dag.py
[2025-10-29T19:44:57.990+0530] {processor.py:840} INFO - DAG(s) 'tutorial_dag' retrieved from /home/logi/txtai/venv/lib/python3.10/site-packages/airflow/example_dags/tutorial_dag.py
[2025-10-29T19:44:58.014+0530] {logging_mixin.py:188} INFO - [2025-10-29T19:44:58.014+0530] {dag.py:3096} INFO - Sync 1 DAGs
[2025-10-29T19:44:58.028+0530] {logging_mixin.py:188} INFO - [2025-10-29T19:44:58.028+0530] {dag.py:3954} INFO - Setting next_dagrun for tutorial_dag to None, run_after=None
[2025-10-29T19:44:58.055+0530] {processor.py:183} INFO - Processing /home/logi/txtai/venv/lib/python3.10/site-packages/airflow/example_dags/tutorial_dag.py took 0.101 seconds
[2025-10-29T19:45:54.449+0530] {processor.py:161} INFO - Started process (PID=18334) to work on /home/logi/txtai/venv/lib/python3.10/site-packages/airflow/example_dags/tutorial_dag.py
[2025-10-29T19:45:54.464+0530] {processor.py:830} INFO - Processing file /home/logi/txtai/venv/lib/python3.10/site-packages/airflow/example_dags/tutorial_dag.py for tasks to queue
[2025-10-29T19:45:54.468+0530] {logging_mixin.py:188} INFO - [2025-10-29T19:45:54.468+0530] {dagbag.py:545} INFO - Filling up the DagBag from /home/logi/txtai/venv/lib/python3.10/site-packages/airflow/example_dags/tutorial_dag.py
[2025-10-29T19:45:54.484+0530] {processor.py:840} INFO - DAG(s) 'tutorial_dag' retrieved from /home/logi/txtai/venv/lib/python3.10/site-packages/airflow/example_dags/tutorial_dag.py
[2025-10-29T19:45:54.515+0530] {logging_mixin.py:188} INFO - [2025-10-29T19:45:54.514+0530] {dag.py:3096} INFO - Sync 1 DAGs
[2025-10-29T19:45:54.528+0530] {logging_mixin.py:188} INFO - [2025-10-29T19:45:54.528+0530] {dag.py:3954} INFO - Setting next_dagrun for tutorial_dag to None, run_after=None
[2025-10-29T19:45:54.563+0530] {processor.py:183} INFO - Processing /home/logi/txtai/venv/lib/python3.10/site-packages/airflow/example_dags/tutorial_dag.py took 0.126 seconds
[2025-10-29T19:46:48.248+0530] {processor.py:161} INFO - Started process (PID=18399) to work on /home/logi/txtai/venv/lib/python3.10/site-packages/airflow/example_dags/tutorial_dag.py
[2025-10-29T19:46:48.262+0530] {processor.py:830} INFO - Processing file /home/logi/txtai/venv/lib/python3.10/site-packages/airflow/example_dags/tutorial_dag.py for tasks to queue
[2025-10-29T19:46:48.265+0530] {logging_mixin.py:188} INFO - [2025-10-29T19:46:48.264+0530] {dagbag.py:545} INFO - Filling up the DagBag from /home/logi/txtai/venv/lib/python3.10/site-packages/airflow/example_dags/tutorial_dag.py
[2025-10-29T19:46:48.276+0530] {processor.py:840} INFO - DAG(s) 'tutorial_dag' retrieved from /home/logi/txtai/venv/lib/python3.10/site-packages/airflow/example_dags/tutorial_dag.py
[2025-10-29T19:46:48.305+0530] {logging_mixin.py:188} INFO - [2025-10-29T19:46:48.304+0530] {dag.py:3096} INFO - Sync 1 DAGs
[2025-10-29T19:46:48.318+0530] {logging_mixin.py:188} INFO - [2025-10-29T19:46:48.318+0530] {dag.py:3954} INFO - Setting next_dagrun for tutorial_dag to None, run_after=None
[2025-10-29T19:46:48.338+0530] {processor.py:183} INFO - Processing /home/logi/txtai/venv/lib/python3.10/site-packages/airflow/example_dags/tutorial_dag.py took 0.102 seconds
[2025-10-29T19:47:41.763+0530] {processor.py:161} INFO - Started process (PID=18463) to work on /home/logi/txtai/venv/lib/python3.10/site-packages/airflow/example_dags/tutorial_dag.py
[2025-10-29T19:47:41.777+0530] {processor.py:830} INFO - Processing file /home/logi/txtai/venv/lib/python3.10/site-packages/airflow/example_dags/tutorial_dag.py for tasks to queue
[2025-10-29T19:47:41.781+0530] {logging_mixin.py:188} INFO - [2025-10-29T19:47:41.780+0530] {dagbag.py:545} INFO - Filling up the DagBag from /home/logi/txtai/venv/lib/python3.10/site-packages/airflow/example_dags/tutorial_dag.py
[2025-10-29T19:47:41.797+0530] {processor.py:840} INFO - DAG(s) 'tutorial_dag' retrieved from /home/logi/txtai/venv/lib/python3.10/site-packages/airflow/example_dags/tutorial_dag.py
[2025-10-29T19:47:41.857+0530] {logging_mixin.py:188} INFO - [2025-10-29T19:47:41.856+0530] {dag.py:3096} INFO - Sync 1 DAGs
[2025-10-29T19:47:41.880+0530] {logging_mixin.py:188} INFO - [2025-10-29T19:47:41.880+0530] {dag.py:3954} INFO - Setting next_dagrun for tutorial_dag to None, run_after=None
[2025-10-29T19:47:41.930+0530] {processor.py:183} INFO - Processing /home/logi/txtai/venv/lib/python3.10/site-packages/airflow/example_dags/tutorial_dag.py took 0.187 seconds
[2025-10-29T19:48:36.048+0530] {processor.py:161} INFO - Started process (PID=18570) to work on /home/logi/txtai/venv/lib/python3.10/site-packages/airflow/example_dags/tutorial_dag.py
[2025-10-29T19:48:36.055+0530] {processor.py:830} INFO - Processing file /home/logi/txtai/venv/lib/python3.10/site-packages/airflow/example_dags/tutorial_dag.py for tasks to queue
[2025-10-29T19:48:36.058+0530] {logging_mixin.py:188} INFO - [2025-10-29T19:48:36.057+0530] {dagbag.py:545} INFO - Filling up the DagBag from /home/logi/txtai/venv/lib/python3.10/site-packages/airflow/example_dags/tutorial_dag.py
[2025-10-29T19:48:36.069+0530] {processor.py:840} INFO - DAG(s) 'tutorial_dag' retrieved from /home/logi/txtai/venv/lib/python3.10/site-packages/airflow/example_dags/tutorial_dag.py
[2025-10-29T19:48:36.097+0530] {logging_mixin.py:188} INFO - [2025-10-29T19:48:36.096+0530] {dag.py:3096} INFO - Sync 1 DAGs
[2025-10-29T19:48:36.108+0530] {logging_mixin.py:188} INFO - [2025-10-29T19:48:36.108+0530] {dag.py:3954} INFO - Setting next_dagrun for tutorial_dag to None, run_after=None
[2025-10-29T19:48:36.128+0530] {processor.py:183} INFO - Processing /home/logi/txtai/venv/lib/python3.10/site-packages/airflow/example_dags/tutorial_dag.py took 0.092 seconds
[2025-10-29T19:49:33.439+0530] {processor.py:161} INFO - Started process (PID=18707) to work on /home/logi/txtai/venv/lib/python3.10/site-packages/airflow/example_dags/tutorial_dag.py
[2025-10-29T19:49:33.454+0530] {processor.py:830} INFO - Processing file /home/logi/txtai/venv/lib/python3.10/site-packages/airflow/example_dags/tutorial_dag.py for tasks to queue
[2025-10-29T19:49:33.457+0530] {logging_mixin.py:188} INFO - [2025-10-29T19:49:33.456+0530] {dagbag.py:545} INFO - Filling up the DagBag from /home/logi/txtai/venv/lib/python3.10/site-packages/airflow/example_dags/tutorial_dag.py
[2025-10-29T19:49:33.467+0530] {processor.py:840} INFO - DAG(s) 'tutorial_dag' retrieved from /home/logi/txtai/venv/lib/python3.10/site-packages/airflow/example_dags/tutorial_dag.py
[2025-10-29T19:49:33.496+0530] {logging_mixin.py:188} INFO - [2025-10-29T19:49:33.496+0530] {dag.py:3096} INFO - Sync 1 DAGs
[2025-10-29T19:49:33.512+0530] {logging_mixin.py:188} INFO - [2025-10-29T19:49:33.511+0530] {dag.py:3954} INFO - Setting next_dagrun for tutorial_dag to None, run_after=None
[2025-10-29T19:49:33.531+0530] {processor.py:183} INFO - Processing /home/logi/txtai/venv/lib/python3.10/site-packages/airflow/example_dags/tutorial_dag.py took 0.104 seconds
[2025-10-29T19:50:25.790+0530] {processor.py:161} INFO - Started process (PID=18769) to work on /home/logi/txtai/venv/lib/python3.10/site-packages/airflow/example_dags/tutorial_dag.py
[2025-10-29T19:50:25.803+0530] {processor.py:830} INFO - Processing file /home/logi/txtai/venv/lib/python3.10/site-packages/airflow/example_dags/tutorial_dag.py for tasks to queue
[2025-10-29T19:50:25.805+0530] {logging_mixin.py:188} INFO - [2025-10-29T19:50:25.804+0530] {dagbag.py:545} INFO - Filling up the DagBag from /home/logi/txtai/venv/lib/python3.10/site-packages/airflow/example_dags/tutorial_dag.py
[2025-10-29T19:50:25.810+0530] {processor.py:840} INFO - DAG(s) 'tutorial_dag' retrieved from /home/logi/txtai/venv/lib/python3.10/site-packages/airflow/example_dags/tutorial_dag.py
[2025-10-29T19:50:25.825+0530] {logging_mixin.py:188} INFO - [2025-10-29T19:50:25.825+0530] {dag.py:3096} INFO - Sync 1 DAGs
[2025-10-29T19:50:25.839+0530] {logging_mixin.py:188} INFO - [2025-10-29T19:50:25.838+0530] {dag.py:3954} INFO - Setting next_dagrun for tutorial_dag to None, run_after=None
[2025-10-29T19:50:25.858+0530] {processor.py:183} INFO - Processing /home/logi/txtai/venv/lib/python3.10/site-packages/airflow/example_dags/tutorial_dag.py took 0.080 seconds
[2025-10-29T19:51:19.452+0530] {processor.py:161} INFO - Started process (PID=18849) to work on /home/logi/txtai/venv/lib/python3.10/site-packages/airflow/example_dags/tutorial_dag.py
[2025-10-29T19:51:19.466+0530] {processor.py:830} INFO - Processing file /home/logi/txtai/venv/lib/python3.10/site-packages/airflow/example_dags/tutorial_dag.py for tasks to queue
[2025-10-29T19:51:19.469+0530] {logging_mixin.py:188} INFO - [2025-10-29T19:51:19.468+0530] {dagbag.py:545} INFO - Filling up the DagBag from /home/logi/txtai/venv/lib/python3.10/site-packages/airflow/example_dags/tutorial_dag.py
[2025-10-29T19:51:19.478+0530] {processor.py:840} INFO - DAG(s) 'tutorial_dag' retrieved from /home/logi/txtai/venv/lib/python3.10/site-packages/airflow/example_dags/tutorial_dag.py
[2025-10-29T19:51:19.505+0530] {logging_mixin.py:188} INFO - [2025-10-29T19:51:19.504+0530] {dag.py:3096} INFO - Sync 1 DAGs
[2025-10-29T19:51:19.520+0530] {logging_mixin.py:188} INFO - [2025-10-29T19:51:19.519+0530] {dag.py:3954} INFO - Setting next_dagrun for tutorial_dag to None, run_after=None
[2025-10-29T19:51:19.539+0530] {processor.py:183} INFO - Processing /home/logi/txtai/venv/lib/python3.10/site-packages/airflow/example_dags/tutorial_dag.py took 0.098 seconds
[2025-10-29T19:52:14.324+0530] {processor.py:161} INFO - Started process (PID=18933) to work on /home/logi/txtai/venv/lib/python3.10/site-packages/airflow/example_dags/tutorial_dag.py
[2025-10-29T19:52:14.337+0530] {processor.py:830} INFO - Processing file /home/logi/txtai/venv/lib/python3.10/site-packages/airflow/example_dags/tutorial_dag.py for tasks to queue
[2025-10-29T19:52:14.341+0530] {logging_mixin.py:188} INFO - [2025-10-29T19:52:14.340+0530] {dagbag.py:545} INFO - Filling up the DagBag from /home/logi/txtai/venv/lib/python3.10/site-packages/airflow/example_dags/tutorial_dag.py
[2025-10-29T19:52:14.354+0530] {processor.py:840} INFO - DAG(s) 'tutorial_dag' retrieved from /home/logi/txtai/venv/lib/python3.10/site-packages/airflow/example_dags/tutorial_dag.py
[2025-10-29T19:52:14.384+0530] {logging_mixin.py:188} INFO - [2025-10-29T19:52:14.383+0530] {dag.py:3096} INFO - Sync 1 DAGs
[2025-10-29T19:52:14.401+0530] {logging_mixin.py:188} INFO - [2025-10-29T19:52:14.401+0530] {dag.py:3954} INFO - Setting next_dagrun for tutorial_dag to None, run_after=None
[2025-10-29T19:52:14.422+0530] {processor.py:183} INFO - Processing /home/logi/txtai/venv/lib/python3.10/site-packages/airflow/example_dags/tutorial_dag.py took 0.108 seconds
[2025-10-29T19:53:05.057+0530] {processor.py:161} INFO - Started process (PID=18995) to work on /home/logi/txtai/venv/lib/python3.10/site-packages/airflow/example_dags/tutorial_dag.py
[2025-10-29T19:53:05.071+0530] {processor.py:830} INFO - Processing file /home/logi/txtai/venv/lib/python3.10/site-packages/airflow/example_dags/tutorial_dag.py for tasks to queue
[2025-10-29T19:53:05.074+0530] {logging_mixin.py:188} INFO - [2025-10-29T19:53:05.073+0530] {dagbag.py:545} INFO - Filling up the DagBag from /home/logi/txtai/venv/lib/python3.10/site-packages/airflow/example_dags/tutorial_dag.py
[2025-10-29T19:53:05.083+0530] {processor.py:840} INFO - DAG(s) 'tutorial_dag' retrieved from /home/logi/txtai/venv/lib/python3.10/site-packages/airflow/example_dags/tutorial_dag.py
[2025-10-29T19:53:05.114+0530] {logging_mixin.py:188} INFO - [2025-10-29T19:53:05.113+0530] {dag.py:3096} INFO - Sync 1 DAGs
[2025-10-29T19:53:05.127+0530] {logging_mixin.py:188} INFO - [2025-10-29T19:53:05.127+0530] {dag.py:3954} INFO - Setting next_dagrun for tutorial_dag to None, run_after=None
[2025-10-29T19:53:05.148+0530] {processor.py:183} INFO - Processing /home/logi/txtai/venv/lib/python3.10/site-packages/airflow/example_dags/tutorial_dag.py took 0.103 seconds
[2025-10-29T19:53:56.354+0530] {processor.py:161} INFO - Started process (PID=19056) to work on /home/logi/txtai/venv/lib/python3.10/site-packages/airflow/example_dags/tutorial_dag.py
[2025-10-29T19:53:56.368+0530] {processor.py:830} INFO - Processing file /home/logi/txtai/venv/lib/python3.10/site-packages/airflow/example_dags/tutorial_dag.py for tasks to queue
[2025-10-29T19:53:56.371+0530] {logging_mixin.py:188} INFO - [2025-10-29T19:53:56.370+0530] {dagbag.py:545} INFO - Filling up the DagBag from /home/logi/txtai/venv/lib/python3.10/site-packages/airflow/example_dags/tutorial_dag.py
[2025-10-29T19:53:56.381+0530] {processor.py:840} INFO - DAG(s) 'tutorial_dag' retrieved from /home/logi/txtai/venv/lib/python3.10/site-packages/airflow/example_dags/tutorial_dag.py
[2025-10-29T19:53:56.410+0530] {logging_mixin.py:188} INFO - [2025-10-29T19:53:56.409+0530] {dag.py:3096} INFO - Sync 1 DAGs
[2025-10-29T19:53:56.423+0530] {logging_mixin.py:188} INFO - [2025-10-29T19:53:56.423+0530] {dag.py:3954} INFO - Setting next_dagrun for tutorial_dag to None, run_after=None
[2025-10-29T19:53:56.443+0530] {processor.py:183} INFO - Processing /home/logi/txtai/venv/lib/python3.10/site-packages/airflow/example_dags/tutorial_dag.py took 0.100 seconds
[2025-10-29T19:54:51.641+0530] {processor.py:161} INFO - Started process (PID=19162) to work on /home/logi/txtai/venv/lib/python3.10/site-packages/airflow/example_dags/tutorial_dag.py
[2025-10-29T19:54:51.654+0530] {processor.py:830} INFO - Processing file /home/logi/txtai/venv/lib/python3.10/site-packages/airflow/example_dags/tutorial_dag.py for tasks to queue
[2025-10-29T19:54:51.657+0530] {logging_mixin.py:188} INFO - [2025-10-29T19:54:51.657+0530] {dagbag.py:545} INFO - Filling up the DagBag from /home/logi/txtai/venv/lib/python3.10/site-packages/airflow/example_dags/tutorial_dag.py
[2025-10-29T19:54:51.668+0530] {processor.py:840} INFO - DAG(s) 'tutorial_dag' retrieved from /home/logi/txtai/venv/lib/python3.10/site-packages/airflow/example_dags/tutorial_dag.py
[2025-10-29T19:54:51.696+0530] {logging_mixin.py:188} INFO - [2025-10-29T19:54:51.695+0530] {dag.py:3096} INFO - Sync 1 DAGs
[2025-10-29T19:54:51.711+0530] {logging_mixin.py:188} INFO - [2025-10-29T19:54:51.710+0530] {dag.py:3954} INFO - Setting next_dagrun for tutorial_dag to None, run_after=None
[2025-10-29T19:54:51.730+0530] {processor.py:183} INFO - Processing /home/logi/txtai/venv/lib/python3.10/site-packages/airflow/example_dags/tutorial_dag.py took 0.103 seconds
[2025-10-29T19:55:47.174+0530] {processor.py:161} INFO - Started process (PID=19232) to work on /home/logi/txtai/venv/lib/python3.10/site-packages/airflow/example_dags/tutorial_dag.py
[2025-10-29T19:55:47.187+0530] {processor.py:830} INFO - Processing file /home/logi/txtai/venv/lib/python3.10/site-packages/airflow/example_dags/tutorial_dag.py for tasks to queue
[2025-10-29T19:55:47.190+0530] {logging_mixin.py:188} INFO - [2025-10-29T19:55:47.189+0530] {dagbag.py:545} INFO - Filling up the DagBag from /home/logi/txtai/venv/lib/python3.10/site-packages/airflow/example_dags/tutorial_dag.py
[2025-10-29T19:55:47.200+0530] {processor.py:840} INFO - DAG(s) 'tutorial_dag' retrieved from /home/logi/txtai/venv/lib/python3.10/site-packages/airflow/example_dags/tutorial_dag.py
[2025-10-29T19:55:47.228+0530] {logging_mixin.py:188} INFO - [2025-10-29T19:55:47.228+0530] {dag.py:3096} INFO - Sync 1 DAGs
[2025-10-29T19:55:47.246+0530] {logging_mixin.py:188} INFO - [2025-10-29T19:55:47.246+0530] {dag.py:3954} INFO - Setting next_dagrun for tutorial_dag to None, run_after=None
[2025-10-29T19:55:47.271+0530] {processor.py:183} INFO - Processing /home/logi/txtai/venv/lib/python3.10/site-packages/airflow/example_dags/tutorial_dag.py took 0.109 seconds
[2025-10-29T19:56:40.915+0530] {processor.py:161} INFO - Started process (PID=19309) to work on /home/logi/txtai/venv/lib/python3.10/site-packages/airflow/example_dags/tutorial_dag.py
[2025-10-29T19:56:40.929+0530] {processor.py:830} INFO - Processing file /home/logi/txtai/venv/lib/python3.10/site-packages/airflow/example_dags/tutorial_dag.py for tasks to queue
[2025-10-29T19:56:40.933+0530] {logging_mixin.py:188} INFO - [2025-10-29T19:56:40.932+0530] {dagbag.py:545} INFO - Filling up the DagBag from /home/logi/txtai/venv/lib/python3.10/site-packages/airflow/example_dags/tutorial_dag.py
[2025-10-29T19:56:40.945+0530] {processor.py:840} INFO - DAG(s) 'tutorial_dag' retrieved from /home/logi/txtai/venv/lib/python3.10/site-packages/airflow/example_dags/tutorial_dag.py
[2025-10-29T19:56:40.979+0530] {logging_mixin.py:188} INFO - [2025-10-29T19:56:40.978+0530] {dag.py:3096} INFO - Sync 1 DAGs
[2025-10-29T19:56:40.990+0530] {logging_mixin.py:188} INFO - [2025-10-29T19:56:40.990+0530] {dag.py:3954} INFO - Setting next_dagrun for tutorial_dag to None, run_after=None
[2025-10-29T19:56:41.010+0530] {processor.py:183} INFO - Processing /home/logi/txtai/venv/lib/python3.10/site-packages/airflow/example_dags/tutorial_dag.py took 0.108 seconds
[2025-10-29T19:57:36.361+0530] {processor.py:161} INFO - Started process (PID=19397) to work on /home/logi/txtai/venv/lib/python3.10/site-packages/airflow/example_dags/tutorial_dag.py
[2025-10-29T19:57:36.376+0530] {processor.py:830} INFO - Processing file /home/logi/txtai/venv/lib/python3.10/site-packages/airflow/example_dags/tutorial_dag.py for tasks to queue
[2025-10-29T19:57:36.379+0530] {logging_mixin.py:188} INFO - [2025-10-29T19:57:36.378+0530] {dagbag.py:545} INFO - Filling up the DagBag from /home/logi/txtai/venv/lib/python3.10/site-packages/airflow/example_dags/tutorial_dag.py
[2025-10-29T19:57:36.389+0530] {processor.py:840} INFO - DAG(s) 'tutorial_dag' retrieved from /home/logi/txtai/venv/lib/python3.10/site-packages/airflow/example_dags/tutorial_dag.py
[2025-10-29T19:57:36.417+0530] {logging_mixin.py:188} INFO - [2025-10-29T19:57:36.417+0530] {dag.py:3096} INFO - Sync 1 DAGs
[2025-10-29T19:57:36.432+0530] {logging_mixin.py:188} INFO - [2025-10-29T19:57:36.432+0530] {dag.py:3954} INFO - Setting next_dagrun for tutorial_dag to None, run_after=None
[2025-10-29T19:57:36.451+0530] {processor.py:183} INFO - Processing /home/logi/txtai/venv/lib/python3.10/site-packages/airflow/example_dags/tutorial_dag.py took 0.101 seconds
[2025-10-29T19:58:34.145+0530] {processor.py:161} INFO - Started process (PID=19597) to work on /home/logi/txtai/venv/lib/python3.10/site-packages/airflow/example_dags/tutorial_dag.py
[2025-10-29T19:58:34.159+0530] {processor.py:830} INFO - Processing file /home/logi/txtai/venv/lib/python3.10/site-packages/airflow/example_dags/tutorial_dag.py for tasks to queue
[2025-10-29T19:58:34.162+0530] {logging_mixin.py:188} INFO - [2025-10-29T19:58:34.162+0530] {dagbag.py:545} INFO - Filling up the DagBag from /home/logi/txtai/venv/lib/python3.10/site-packages/airflow/example_dags/tutorial_dag.py
[2025-10-29T19:58:34.172+0530] {processor.py:840} INFO - DAG(s) 'tutorial_dag' retrieved from /home/logi/txtai/venv/lib/python3.10/site-packages/airflow/example_dags/tutorial_dag.py
[2025-10-29T19:58:34.200+0530] {logging_mixin.py:188} INFO - [2025-10-29T19:58:34.199+0530] {dag.py:3096} INFO - Sync 1 DAGs
[2025-10-29T19:58:34.215+0530] {logging_mixin.py:188} INFO - [2025-10-29T19:58:34.214+0530] {dag.py:3954} INFO - Setting next_dagrun for tutorial_dag to None, run_after=None
[2025-10-29T19:58:34.235+0530] {processor.py:183} INFO - Processing /home/logi/txtai/venv/lib/python3.10/site-packages/airflow/example_dags/tutorial_dag.py took 0.101 seconds
[2025-10-29T19:59:29.235+0530] {processor.py:161} INFO - Started process (PID=19664) to work on /home/logi/txtai/venv/lib/python3.10/site-packages/airflow/example_dags/tutorial_dag.py
[2025-10-29T19:59:29.238+0530] {processor.py:830} INFO - Processing file /home/logi/txtai/venv/lib/python3.10/site-packages/airflow/example_dags/tutorial_dag.py for tasks to queue
[2025-10-29T19:59:29.241+0530] {logging_mixin.py:188} INFO - [2025-10-29T19:59:29.240+0530] {dagbag.py:545} INFO - Filling up the DagBag from /home/logi/txtai/venv/lib/python3.10/site-packages/airflow/example_dags/tutorial_dag.py
[2025-10-29T19:59:29.251+0530] {processor.py:840} INFO - DAG(s) 'tutorial_dag' retrieved from /home/logi/txtai/venv/lib/python3.10/site-packages/airflow/example_dags/tutorial_dag.py
[2025-10-29T19:59:29.277+0530] {logging_mixin.py:188} INFO - [2025-10-29T19:59:29.277+0530] {dag.py:3096} INFO - Sync 1 DAGs
[2025-10-29T19:59:29.288+0530] {logging_mixin.py:188} INFO - [2025-10-29T19:59:29.287+0530] {dag.py:3954} INFO - Setting next_dagrun for tutorial_dag to None, run_after=None
[2025-10-29T19:59:29.308+0530] {processor.py:183} INFO - Processing /home/logi/txtai/venv/lib/python3.10/site-packages/airflow/example_dags/tutorial_dag.py took 0.084 seconds
[2025-10-29T20:00:20.005+0530] {processor.py:161} INFO - Started process (PID=19777) to work on /home/logi/txtai/venv/lib/python3.10/site-packages/airflow/example_dags/tutorial_dag.py
[2025-10-29T20:00:20.019+0530] {processor.py:830} INFO - Processing file /home/logi/txtai/venv/lib/python3.10/site-packages/airflow/example_dags/tutorial_dag.py for tasks to queue
[2025-10-29T20:00:20.022+0530] {logging_mixin.py:188} INFO - [2025-10-29T20:00:20.021+0530] {dagbag.py:545} INFO - Filling up the DagBag from /home/logi/txtai/venv/lib/python3.10/site-packages/airflow/example_dags/tutorial_dag.py
[2025-10-29T20:00:20.032+0530] {processor.py:840} INFO - DAG(s) 'tutorial_dag' retrieved from /home/logi/txtai/venv/lib/python3.10/site-packages/airflow/example_dags/tutorial_dag.py
[2025-10-29T20:00:20.060+0530] {logging_mixin.py:188} INFO - [2025-10-29T20:00:20.059+0530] {dag.py:3096} INFO - Sync 1 DAGs
[2025-10-29T20:00:20.072+0530] {logging_mixin.py:188} INFO - [2025-10-29T20:00:20.071+0530] {dag.py:3954} INFO - Setting next_dagrun for tutorial_dag to None, run_after=None
[2025-10-29T20:00:20.098+0530] {processor.py:183} INFO - Processing /home/logi/txtai/venv/lib/python3.10/site-packages/airflow/example_dags/tutorial_dag.py took 0.105 seconds
[2025-10-29T20:01:16.680+0530] {processor.py:161} INFO - Started process (PID=19919) to work on /home/logi/txtai/venv/lib/python3.10/site-packages/airflow/example_dags/tutorial_dag.py
[2025-10-29T20:01:16.684+0530] {processor.py:830} INFO - Processing file /home/logi/txtai/venv/lib/python3.10/site-packages/airflow/example_dags/tutorial_dag.py for tasks to queue
[2025-10-29T20:01:16.687+0530] {logging_mixin.py:188} INFO - [2025-10-29T20:01:16.687+0530] {dagbag.py:545} INFO - Filling up the DagBag from /home/logi/txtai/venv/lib/python3.10/site-packages/airflow/example_dags/tutorial_dag.py
[2025-10-29T20:01:16.698+0530] {processor.py:840} INFO - DAG(s) 'tutorial_dag' retrieved from /home/logi/txtai/venv/lib/python3.10/site-packages/airflow/example_dags/tutorial_dag.py
[2025-10-29T20:01:16.725+0530] {logging_mixin.py:188} INFO - [2025-10-29T20:01:16.724+0530] {dag.py:3096} INFO - Sync 1 DAGs
[2025-10-29T20:01:16.735+0530] {logging_mixin.py:188} INFO - [2025-10-29T20:01:16.735+0530] {dag.py:3954} INFO - Setting next_dagrun for tutorial_dag to None, run_after=None
[2025-10-29T20:01:16.769+0530] {processor.py:183} INFO - Processing /home/logi/txtai/venv/lib/python3.10/site-packages/airflow/example_dags/tutorial_dag.py took 0.101 seconds
[2025-10-29T20:02:13.142+0530] {processor.py:161} INFO - Started process (PID=20043) to work on /home/logi/txtai/venv/lib/python3.10/site-packages/airflow/example_dags/tutorial_dag.py
[2025-10-29T20:02:13.157+0530] {processor.py:830} INFO - Processing file /home/logi/txtai/venv/lib/python3.10/site-packages/airflow/example_dags/tutorial_dag.py for tasks to queue
[2025-10-29T20:02:13.162+0530] {logging_mixin.py:188} INFO - [2025-10-29T20:02:13.161+0530] {dagbag.py:545} INFO - Filling up the DagBag from /home/logi/txtai/venv/lib/python3.10/site-packages/airflow/example_dags/tutorial_dag.py
[2025-10-29T20:02:13.184+0530] {processor.py:840} INFO - DAG(s) 'tutorial_dag' retrieved from /home/logi/txtai/venv/lib/python3.10/site-packages/airflow/example_dags/tutorial_dag.py
[2025-10-29T20:02:13.236+0530] {logging_mixin.py:188} INFO - [2025-10-29T20:02:13.235+0530] {dag.py:3096} INFO - Sync 1 DAGs
[2025-10-29T20:02:13.264+0530] {logging_mixin.py:188} INFO - [2025-10-29T20:02:13.263+0530] {dag.py:3954} INFO - Setting next_dagrun for tutorial_dag to None, run_after=None
[2025-10-29T20:02:13.345+0530] {processor.py:183} INFO - Processing /home/logi/txtai/venv/lib/python3.10/site-packages/airflow/example_dags/tutorial_dag.py took 0.228 seconds
[2025-10-29T20:03:08.405+0530] {processor.py:161} INFO - Started process (PID=20160) to work on /home/logi/txtai/venv/lib/python3.10/site-packages/airflow/example_dags/tutorial_dag.py
[2025-10-29T20:03:08.419+0530] {processor.py:830} INFO - Processing file /home/logi/txtai/venv/lib/python3.10/site-packages/airflow/example_dags/tutorial_dag.py for tasks to queue
[2025-10-29T20:03:08.422+0530] {logging_mixin.py:188} INFO - [2025-10-29T20:03:08.421+0530] {dagbag.py:545} INFO - Filling up the DagBag from /home/logi/txtai/venv/lib/python3.10/site-packages/airflow/example_dags/tutorial_dag.py
[2025-10-29T20:03:08.433+0530] {processor.py:840} INFO - DAG(s) 'tutorial_dag' retrieved from /home/logi/txtai/venv/lib/python3.10/site-packages/airflow/example_dags/tutorial_dag.py
[2025-10-29T20:03:08.461+0530] {logging_mixin.py:188} INFO - [2025-10-29T20:03:08.461+0530] {dag.py:3096} INFO - Sync 1 DAGs
[2025-10-29T20:03:08.475+0530] {logging_mixin.py:188} INFO - [2025-10-29T20:03:08.475+0530] {dag.py:3954} INFO - Setting next_dagrun for tutorial_dag to None, run_after=None
[2025-10-29T20:03:08.497+0530] {processor.py:183} INFO - Processing /home/logi/txtai/venv/lib/python3.10/site-packages/airflow/example_dags/tutorial_dag.py took 0.104 seconds
[2025-10-29T20:04:10.988+0530] {processor.py:161} INFO - Started process (PID=20279) to work on /home/logi/txtai/venv/lib/python3.10/site-packages/airflow/example_dags/tutorial_dag.py
[2025-10-29T20:04:11.001+0530] {processor.py:830} INFO - Processing file /home/logi/txtai/venv/lib/python3.10/site-packages/airflow/example_dags/tutorial_dag.py for tasks to queue
[2025-10-29T20:04:11.004+0530] {logging_mixin.py:188} INFO - [2025-10-29T20:04:11.003+0530] {dagbag.py:545} INFO - Filling up the DagBag from /home/logi/txtai/venv/lib/python3.10/site-packages/airflow/example_dags/tutorial_dag.py
[2025-10-29T20:04:11.015+0530] {processor.py:840} INFO - DAG(s) 'tutorial_dag' retrieved from /home/logi/txtai/venv/lib/python3.10/site-packages/airflow/example_dags/tutorial_dag.py
[2025-10-29T20:04:11.048+0530] {logging_mixin.py:188} INFO - [2025-10-29T20:04:11.047+0530] {dag.py:3096} INFO - Sync 1 DAGs
[2025-10-29T20:04:11.068+0530] {logging_mixin.py:188} INFO - [2025-10-29T20:04:11.067+0530] {dag.py:3954} INFO - Setting next_dagrun for tutorial_dag to None, run_after=None
[2025-10-29T20:04:11.090+0530] {processor.py:183} INFO - Processing /home/logi/txtai/venv/lib/python3.10/site-packages/airflow/example_dags/tutorial_dag.py took 0.108 seconds
[2025-10-29T20:05:14.386+0530] {processor.py:161} INFO - Started process (PID=20435) to work on /home/logi/txtai/venv/lib/python3.10/site-packages/airflow/example_dags/tutorial_dag.py
[2025-10-29T20:05:14.389+0530] {processor.py:830} INFO - Processing file /home/logi/txtai/venv/lib/python3.10/site-packages/airflow/example_dags/tutorial_dag.py for tasks to queue
[2025-10-29T20:05:14.392+0530] {logging_mixin.py:188} INFO - [2025-10-29T20:05:14.391+0530] {dagbag.py:545} INFO - Filling up the DagBag from /home/logi/txtai/venv/lib/python3.10/site-packages/airflow/example_dags/tutorial_dag.py
[2025-10-29T20:05:14.402+0530] {processor.py:840} INFO - DAG(s) 'tutorial_dag' retrieved from /home/logi/txtai/venv/lib/python3.10/site-packages/airflow/example_dags/tutorial_dag.py
[2025-10-29T20:05:14.433+0530] {logging_mixin.py:188} INFO - [2025-10-29T20:05:14.433+0530] {dag.py:3096} INFO - Sync 1 DAGs
[2025-10-29T20:05:14.443+0530] {logging_mixin.py:188} INFO - [2025-10-29T20:05:14.443+0530] {dag.py:3954} INFO - Setting next_dagrun for tutorial_dag to None, run_after=None
[2025-10-29T20:05:14.463+0530] {processor.py:183} INFO - Processing /home/logi/txtai/venv/lib/python3.10/site-packages/airflow/example_dags/tutorial_dag.py took 0.089 seconds
[2025-10-29T20:06:13.378+0530] {processor.py:161} INFO - Started process (PID=20548) to work on /home/logi/txtai/venv/lib/python3.10/site-packages/airflow/example_dags/tutorial_dag.py
[2025-10-29T20:06:13.395+0530] {processor.py:830} INFO - Processing file /home/logi/txtai/venv/lib/python3.10/site-packages/airflow/example_dags/tutorial_dag.py for tasks to queue
[2025-10-29T20:06:13.400+0530] {logging_mixin.py:188} INFO - [2025-10-29T20:06:13.399+0530] {dagbag.py:545} INFO - Filling up the DagBag from /home/logi/txtai/venv/lib/python3.10/site-packages/airflow/example_dags/tutorial_dag.py
[2025-10-29T20:06:13.421+0530] {processor.py:840} INFO - DAG(s) 'tutorial_dag' retrieved from /home/logi/txtai/venv/lib/python3.10/site-packages/airflow/example_dags/tutorial_dag.py
[2025-10-29T20:06:13.474+0530] {logging_mixin.py:188} INFO - [2025-10-29T20:06:13.473+0530] {dag.py:3096} INFO - Sync 1 DAGs
[2025-10-29T20:06:13.516+0530] {logging_mixin.py:188} INFO - [2025-10-29T20:06:13.515+0530] {dag.py:3954} INFO - Setting next_dagrun for tutorial_dag to None, run_after=None
[2025-10-29T20:06:13.602+0530] {processor.py:183} INFO - Processing /home/logi/txtai/venv/lib/python3.10/site-packages/airflow/example_dags/tutorial_dag.py took 0.250 seconds
[2025-10-29T20:07:11.355+0530] {processor.py:161} INFO - Started process (PID=20659) to work on /home/logi/txtai/venv/lib/python3.10/site-packages/airflow/example_dags/tutorial_dag.py
[2025-10-29T20:07:11.368+0530] {processor.py:830} INFO - Processing file /home/logi/txtai/venv/lib/python3.10/site-packages/airflow/example_dags/tutorial_dag.py for tasks to queue
[2025-10-29T20:07:11.370+0530] {logging_mixin.py:188} INFO - [2025-10-29T20:07:11.370+0530] {dagbag.py:545} INFO - Filling up the DagBag from /home/logi/txtai/venv/lib/python3.10/site-packages/airflow/example_dags/tutorial_dag.py
[2025-10-29T20:07:11.388+0530] {processor.py:840} INFO - DAG(s) 'tutorial_dag' retrieved from /home/logi/txtai/venv/lib/python3.10/site-packages/airflow/example_dags/tutorial_dag.py
[2025-10-29T20:07:11.406+0530] {logging_mixin.py:188} INFO - [2025-10-29T20:07:11.405+0530] {dag.py:3096} INFO - Sync 1 DAGs
[2025-10-29T20:07:11.417+0530] {logging_mixin.py:188} INFO - [2025-10-29T20:07:11.417+0530] {dag.py:3954} INFO - Setting next_dagrun for tutorial_dag to None, run_after=None
[2025-10-29T20:07:11.440+0530] {processor.py:183} INFO - Processing /home/logi/txtai/venv/lib/python3.10/site-packages/airflow/example_dags/tutorial_dag.py took 0.094 seconds
[2025-10-29T20:08:08.273+0530] {processor.py:161} INFO - Started process (PID=20769) to work on /home/logi/txtai/venv/lib/python3.10/site-packages/airflow/example_dags/tutorial_dag.py
[2025-10-29T20:08:08.288+0530] {processor.py:830} INFO - Processing file /home/logi/txtai/venv/lib/python3.10/site-packages/airflow/example_dags/tutorial_dag.py for tasks to queue
[2025-10-29T20:08:08.293+0530] {logging_mixin.py:188} INFO - [2025-10-29T20:08:08.292+0530] {dagbag.py:545} INFO - Filling up the DagBag from /home/logi/txtai/venv/lib/python3.10/site-packages/airflow/example_dags/tutorial_dag.py
[2025-10-29T20:08:08.309+0530] {processor.py:840} INFO - DAG(s) 'tutorial_dag' retrieved from /home/logi/txtai/venv/lib/python3.10/site-packages/airflow/example_dags/tutorial_dag.py
[2025-10-29T20:08:08.365+0530] {logging_mixin.py:188} INFO - [2025-10-29T20:08:08.363+0530] {dag.py:3096} INFO - Sync 1 DAGs
[2025-10-29T20:08:08.405+0530] {logging_mixin.py:188} INFO - [2025-10-29T20:08:08.404+0530] {dag.py:3954} INFO - Setting next_dagrun for tutorial_dag to None, run_after=None
[2025-10-29T20:08:08.481+0530] {processor.py:183} INFO - Processing /home/logi/txtai/venv/lib/python3.10/site-packages/airflow/example_dags/tutorial_dag.py took 0.226 seconds
[2025-10-29T20:09:06.680+0530] {processor.py:161} INFO - Started process (PID=20884) to work on /home/logi/txtai/venv/lib/python3.10/site-packages/airflow/example_dags/tutorial_dag.py
[2025-10-29T20:09:06.695+0530] {processor.py:830} INFO - Processing file /home/logi/txtai/venv/lib/python3.10/site-packages/airflow/example_dags/tutorial_dag.py for tasks to queue
[2025-10-29T20:09:06.697+0530] {logging_mixin.py:188} INFO - [2025-10-29T20:09:06.697+0530] {dagbag.py:545} INFO - Filling up the DagBag from /home/logi/txtai/venv/lib/python3.10/site-packages/airflow/example_dags/tutorial_dag.py
[2025-10-29T20:09:06.713+0530] {processor.py:840} INFO - DAG(s) 'tutorial_dag' retrieved from /home/logi/txtai/venv/lib/python3.10/site-packages/airflow/example_dags/tutorial_dag.py
[2025-10-29T20:09:06.819+0530] {logging_mixin.py:188} INFO - [2025-10-29T20:09:06.818+0530] {dag.py:3096} INFO - Sync 1 DAGs
[2025-10-29T20:09:06.839+0530] {logging_mixin.py:188} INFO - [2025-10-29T20:09:06.839+0530] {dag.py:3954} INFO - Setting next_dagrun for tutorial_dag to None, run_after=None
[2025-10-29T20:09:06.871+0530] {processor.py:183} INFO - Processing /home/logi/txtai/venv/lib/python3.10/site-packages/airflow/example_dags/tutorial_dag.py took 0.203 seconds
[2025-10-29T20:10:04.056+0530] {processor.py:161} INFO - Started process (PID=21027) to work on /home/logi/txtai/venv/lib/python3.10/site-packages/airflow/example_dags/tutorial_dag.py
[2025-10-29T20:10:04.069+0530] {processor.py:830} INFO - Processing file /home/logi/txtai/venv/lib/python3.10/site-packages/airflow/example_dags/tutorial_dag.py for tasks to queue
[2025-10-29T20:10:04.072+0530] {logging_mixin.py:188} INFO - [2025-10-29T20:10:04.071+0530] {dagbag.py:545} INFO - Filling up the DagBag from /home/logi/txtai/venv/lib/python3.10/site-packages/airflow/example_dags/tutorial_dag.py
[2025-10-29T20:10:04.082+0530] {processor.py:840} INFO - DAG(s) 'tutorial_dag' retrieved from /home/logi/txtai/venv/lib/python3.10/site-packages/airflow/example_dags/tutorial_dag.py
[2025-10-29T20:10:04.108+0530] {logging_mixin.py:188} INFO - [2025-10-29T20:10:04.107+0530] {dag.py:3096} INFO - Sync 1 DAGs
[2025-10-29T20:10:04.123+0530] {logging_mixin.py:188} INFO - [2025-10-29T20:10:04.123+0530] {dag.py:3954} INFO - Setting next_dagrun for tutorial_dag to None, run_after=None
[2025-10-29T20:10:04.144+0530] {processor.py:183} INFO - Processing /home/logi/txtai/venv/lib/python3.10/site-packages/airflow/example_dags/tutorial_dag.py took 0.100 seconds
[2025-10-29T20:10:58.196+0530] {processor.py:161} INFO - Started process (PID=21134) to work on /home/logi/txtai/venv/lib/python3.10/site-packages/airflow/example_dags/tutorial_dag.py
[2025-10-29T20:10:58.210+0530] {processor.py:830} INFO - Processing file /home/logi/txtai/venv/lib/python3.10/site-packages/airflow/example_dags/tutorial_dag.py for tasks to queue
[2025-10-29T20:10:58.213+0530] {logging_mixin.py:188} INFO - [2025-10-29T20:10:58.213+0530] {dagbag.py:545} INFO - Filling up the DagBag from /home/logi/txtai/venv/lib/python3.10/site-packages/airflow/example_dags/tutorial_dag.py
[2025-10-29T20:10:58.224+0530] {processor.py:840} INFO - DAG(s) 'tutorial_dag' retrieved from /home/logi/txtai/venv/lib/python3.10/site-packages/airflow/example_dags/tutorial_dag.py
[2025-10-29T20:10:58.252+0530] {logging_mixin.py:188} INFO - [2025-10-29T20:10:58.251+0530] {dag.py:3096} INFO - Sync 1 DAGs
[2025-10-29T20:10:58.267+0530] {logging_mixin.py:188} INFO - [2025-10-29T20:10:58.267+0530] {dag.py:3954} INFO - Setting next_dagrun for tutorial_dag to None, run_after=None
[2025-10-29T20:10:58.288+0530] {processor.py:183} INFO - Processing /home/logi/txtai/venv/lib/python3.10/site-packages/airflow/example_dags/tutorial_dag.py took 0.103 seconds
[2025-10-29T20:11:50.963+0530] {processor.py:161} INFO - Started process (PID=21246) to work on /home/logi/txtai/venv/lib/python3.10/site-packages/airflow/example_dags/tutorial_dag.py
[2025-10-29T20:11:50.978+0530] {processor.py:830} INFO - Processing file /home/logi/txtai/venv/lib/python3.10/site-packages/airflow/example_dags/tutorial_dag.py for tasks to queue
[2025-10-29T20:11:50.982+0530] {logging_mixin.py:188} INFO - [2025-10-29T20:11:50.981+0530] {dagbag.py:545} INFO - Filling up the DagBag from /home/logi/txtai/venv/lib/python3.10/site-packages/airflow/example_dags/tutorial_dag.py
[2025-10-29T20:11:50.992+0530] {processor.py:840} INFO - DAG(s) 'tutorial_dag' retrieved from /home/logi/txtai/venv/lib/python3.10/site-packages/airflow/example_dags/tutorial_dag.py
[2025-10-29T20:11:51.021+0530] {logging_mixin.py:188} INFO - [2025-10-29T20:11:51.020+0530] {dag.py:3096} INFO - Sync 1 DAGs
[2025-10-29T20:11:51.035+0530] {logging_mixin.py:188} INFO - [2025-10-29T20:11:51.034+0530] {dag.py:3954} INFO - Setting next_dagrun for tutorial_dag to None, run_after=None
[2025-10-29T20:11:51.054+0530] {processor.py:183} INFO - Processing /home/logi/txtai/venv/lib/python3.10/site-packages/airflow/example_dags/tutorial_dag.py took 0.104 seconds
[2025-10-29T20:12:40.675+0530] {processor.py:161} INFO - Started process (PID=21342) to work on /home/logi/txtai/venv/lib/python3.10/site-packages/airflow/example_dags/tutorial_dag.py
[2025-10-29T20:12:40.688+0530] {processor.py:830} INFO - Processing file /home/logi/txtai/venv/lib/python3.10/site-packages/airflow/example_dags/tutorial_dag.py for tasks to queue
[2025-10-29T20:12:40.692+0530] {logging_mixin.py:188} INFO - [2025-10-29T20:12:40.691+0530] {dagbag.py:545} INFO - Filling up the DagBag from /home/logi/txtai/venv/lib/python3.10/site-packages/airflow/example_dags/tutorial_dag.py
[2025-10-29T20:12:40.702+0530] {processor.py:840} INFO - DAG(s) 'tutorial_dag' retrieved from /home/logi/txtai/venv/lib/python3.10/site-packages/airflow/example_dags/tutorial_dag.py
[2025-10-29T20:12:40.729+0530] {logging_mixin.py:188} INFO - [2025-10-29T20:12:40.729+0530] {dag.py:3096} INFO - Sync 1 DAGs
[2025-10-29T20:12:40.743+0530] {logging_mixin.py:188} INFO - [2025-10-29T20:12:40.742+0530] {dag.py:3954} INFO - Setting next_dagrun for tutorial_dag to None, run_after=None
[2025-10-29T20:12:40.769+0530] {processor.py:183} INFO - Processing /home/logi/txtai/venv/lib/python3.10/site-packages/airflow/example_dags/tutorial_dag.py took 0.106 seconds
[2025-10-29T20:13:35.415+0530] {processor.py:161} INFO - Started process (PID=21450) to work on /home/logi/txtai/venv/lib/python3.10/site-packages/airflow/example_dags/tutorial_dag.py
[2025-10-29T20:13:35.428+0530] {processor.py:830} INFO - Processing file /home/logi/txtai/venv/lib/python3.10/site-packages/airflow/example_dags/tutorial_dag.py for tasks to queue
[2025-10-29T20:13:35.431+0530] {logging_mixin.py:188} INFO - [2025-10-29T20:13:35.431+0530] {dagbag.py:545} INFO - Filling up the DagBag from /home/logi/txtai/venv/lib/python3.10/site-packages/airflow/example_dags/tutorial_dag.py
[2025-10-29T20:13:35.442+0530] {processor.py:840} INFO - DAG(s) 'tutorial_dag' retrieved from /home/logi/txtai/venv/lib/python3.10/site-packages/airflow/example_dags/tutorial_dag.py
[2025-10-29T20:13:35.477+0530] {logging_mixin.py:188} INFO - [2025-10-29T20:13:35.476+0530] {dag.py:3096} INFO - Sync 1 DAGs
[2025-10-29T20:13:35.489+0530] {logging_mixin.py:188} INFO - [2025-10-29T20:13:35.488+0530] {dag.py:3954} INFO - Setting next_dagrun for tutorial_dag to None, run_after=None
[2025-10-29T20:13:35.508+0530] {processor.py:183} INFO - Processing /home/logi/txtai/venv/lib/python3.10/site-packages/airflow/example_dags/tutorial_dag.py took 0.105 seconds
[2025-10-29T20:14:27.861+0530] {processor.py:161} INFO - Started process (PID=21649) to work on /home/logi/txtai/venv/lib/python3.10/site-packages/airflow/example_dags/tutorial_dag.py
[2025-10-29T20:14:27.863+0530] {processor.py:830} INFO - Processing file /home/logi/txtai/venv/lib/python3.10/site-packages/airflow/example_dags/tutorial_dag.py for tasks to queue
[2025-10-29T20:14:27.866+0530] {logging_mixin.py:188} INFO - [2025-10-29T20:14:27.865+0530] {dagbag.py:545} INFO - Filling up the DagBag from /home/logi/txtai/venv/lib/python3.10/site-packages/airflow/example_dags/tutorial_dag.py
[2025-10-29T20:14:27.875+0530] {processor.py:840} INFO - DAG(s) 'tutorial_dag' retrieved from /home/logi/txtai/venv/lib/python3.10/site-packages/airflow/example_dags/tutorial_dag.py
[2025-10-29T20:14:27.903+0530] {logging_mixin.py:188} INFO - [2025-10-29T20:14:27.903+0530] {dag.py:3096} INFO - Sync 1 DAGs
[2025-10-29T20:14:27.914+0530] {logging_mixin.py:188} INFO - [2025-10-29T20:14:27.914+0530] {dag.py:3954} INFO - Setting next_dagrun for tutorial_dag to None, run_after=None
[2025-10-29T20:14:27.937+0530] {processor.py:183} INFO - Processing /home/logi/txtai/venv/lib/python3.10/site-packages/airflow/example_dags/tutorial_dag.py took 0.087 seconds
[2025-10-29T20:15:29.425+0530] {processor.py:161} INFO - Started process (PID=21915) to work on /home/logi/txtai/venv/lib/python3.10/site-packages/airflow/example_dags/tutorial_dag.py
[2025-10-29T20:15:29.438+0530] {processor.py:830} INFO - Processing file /home/logi/txtai/venv/lib/python3.10/site-packages/airflow/example_dags/tutorial_dag.py for tasks to queue
[2025-10-29T20:15:29.442+0530] {logging_mixin.py:188} INFO - [2025-10-29T20:15:29.441+0530] {dagbag.py:545} INFO - Filling up the DagBag from /home/logi/txtai/venv/lib/python3.10/site-packages/airflow/example_dags/tutorial_dag.py
[2025-10-29T20:15:29.452+0530] {processor.py:840} INFO - DAG(s) 'tutorial_dag' retrieved from /home/logi/txtai/venv/lib/python3.10/site-packages/airflow/example_dags/tutorial_dag.py
[2025-10-29T20:15:29.481+0530] {logging_mixin.py:188} INFO - [2025-10-29T20:15:29.481+0530] {dag.py:3096} INFO - Sync 1 DAGs
[2025-10-29T20:15:29.493+0530] {logging_mixin.py:188} INFO - [2025-10-29T20:15:29.493+0530] {dag.py:3954} INFO - Setting next_dagrun for tutorial_dag to None, run_after=None
[2025-10-29T20:15:29.515+0530] {processor.py:183} INFO - Processing /home/logi/txtai/venv/lib/python3.10/site-packages/airflow/example_dags/tutorial_dag.py took 0.101 seconds
[2025-10-29T20:16:22.173+0530] {processor.py:161} INFO - Started process (PID=21989) to work on /home/logi/txtai/venv/lib/python3.10/site-packages/airflow/example_dags/tutorial_dag.py
[2025-10-29T20:16:22.187+0530] {processor.py:830} INFO - Processing file /home/logi/txtai/venv/lib/python3.10/site-packages/airflow/example_dags/tutorial_dag.py for tasks to queue
[2025-10-29T20:16:22.190+0530] {logging_mixin.py:188} INFO - [2025-10-29T20:16:22.189+0530] {dagbag.py:545} INFO - Filling up the DagBag from /home/logi/txtai/venv/lib/python3.10/site-packages/airflow/example_dags/tutorial_dag.py
[2025-10-29T20:16:22.200+0530] {processor.py:840} INFO - DAG(s) 'tutorial_dag' retrieved from /home/logi/txtai/venv/lib/python3.10/site-packages/airflow/example_dags/tutorial_dag.py
[2025-10-29T20:16:22.228+0530] {logging_mixin.py:188} INFO - [2025-10-29T20:16:22.227+0530] {dag.py:3096} INFO - Sync 1 DAGs
[2025-10-29T20:16:22.242+0530] {logging_mixin.py:188} INFO - [2025-10-29T20:16:22.241+0530] {dag.py:3954} INFO - Setting next_dagrun for tutorial_dag to None, run_after=None
[2025-10-29T20:16:22.268+0530] {processor.py:183} INFO - Processing /home/logi/txtai/venv/lib/python3.10/site-packages/airflow/example_dags/tutorial_dag.py took 0.107 seconds
[2025-10-29T20:17:13.349+0530] {processor.py:161} INFO - Started process (PID=22068) to work on /home/logi/txtai/venv/lib/python3.10/site-packages/airflow/example_dags/tutorial_dag.py
[2025-10-29T20:17:13.362+0530] {processor.py:830} INFO - Processing file /home/logi/txtai/venv/lib/python3.10/site-packages/airflow/example_dags/tutorial_dag.py for tasks to queue
[2025-10-29T20:17:13.365+0530] {logging_mixin.py:188} INFO - [2025-10-29T20:17:13.364+0530] {dagbag.py:545} INFO - Filling up the DagBag from /home/logi/txtai/venv/lib/python3.10/site-packages/airflow/example_dags/tutorial_dag.py
[2025-10-29T20:17:13.375+0530] {processor.py:840} INFO - DAG(s) 'tutorial_dag' retrieved from /home/logi/txtai/venv/lib/python3.10/site-packages/airflow/example_dags/tutorial_dag.py
[2025-10-29T20:17:13.402+0530] {logging_mixin.py:188} INFO - [2025-10-29T20:17:13.401+0530] {dag.py:3096} INFO - Sync 1 DAGs
[2025-10-29T20:17:13.417+0530] {logging_mixin.py:188} INFO - [2025-10-29T20:17:13.417+0530] {dag.py:3954} INFO - Setting next_dagrun for tutorial_dag to None, run_after=None
[2025-10-29T20:17:13.437+0530] {processor.py:183} INFO - Processing /home/logi/txtai/venv/lib/python3.10/site-packages/airflow/example_dags/tutorial_dag.py took 0.099 seconds
[2025-10-29T20:18:01.984+0530] {processor.py:161} INFO - Started process (PID=22130) to work on /home/logi/txtai/venv/lib/python3.10/site-packages/airflow/example_dags/tutorial_dag.py
[2025-10-29T20:18:01.998+0530] {processor.py:830} INFO - Processing file /home/logi/txtai/venv/lib/python3.10/site-packages/airflow/example_dags/tutorial_dag.py for tasks to queue
[2025-10-29T20:18:02.001+0530] {logging_mixin.py:188} INFO - [2025-10-29T20:18:02.000+0530] {dagbag.py:545} INFO - Filling up the DagBag from /home/logi/txtai/venv/lib/python3.10/site-packages/airflow/example_dags/tutorial_dag.py
[2025-10-29T20:18:02.011+0530] {processor.py:840} INFO - DAG(s) 'tutorial_dag' retrieved from /home/logi/txtai/venv/lib/python3.10/site-packages/airflow/example_dags/tutorial_dag.py
[2025-10-29T20:18:02.038+0530] {logging_mixin.py:188} INFO - [2025-10-29T20:18:02.038+0530] {dag.py:3096} INFO - Sync 1 DAGs
[2025-10-29T20:18:02.053+0530] {logging_mixin.py:188} INFO - [2025-10-29T20:18:02.053+0530] {dag.py:3954} INFO - Setting next_dagrun for tutorial_dag to None, run_after=None
[2025-10-29T20:18:02.074+0530] {processor.py:183} INFO - Processing /home/logi/txtai/venv/lib/python3.10/site-packages/airflow/example_dags/tutorial_dag.py took 0.102 seconds
[2025-10-29T20:18:57.088+0530] {processor.py:161} INFO - Started process (PID=22206) to work on /home/logi/txtai/venv/lib/python3.10/site-packages/airflow/example_dags/tutorial_dag.py
[2025-10-29T20:18:57.101+0530] {processor.py:830} INFO - Processing file /home/logi/txtai/venv/lib/python3.10/site-packages/airflow/example_dags/tutorial_dag.py for tasks to queue
[2025-10-29T20:18:57.104+0530] {logging_mixin.py:188} INFO - [2025-10-29T20:18:57.103+0530] {dagbag.py:545} INFO - Filling up the DagBag from /home/logi/txtai/venv/lib/python3.10/site-packages/airflow/example_dags/tutorial_dag.py
[2025-10-29T20:18:57.114+0530] {processor.py:840} INFO - DAG(s) 'tutorial_dag' retrieved from /home/logi/txtai/venv/lib/python3.10/site-packages/airflow/example_dags/tutorial_dag.py
[2025-10-29T20:18:57.141+0530] {logging_mixin.py:188} INFO - [2025-10-29T20:18:57.140+0530] {dag.py:3096} INFO - Sync 1 DAGs
[2025-10-29T20:18:57.156+0530] {logging_mixin.py:188} INFO - [2025-10-29T20:18:57.155+0530] {dag.py:3954} INFO - Setting next_dagrun for tutorial_dag to None, run_after=None
[2025-10-29T20:18:57.175+0530] {processor.py:183} INFO - Processing /home/logi/txtai/venv/lib/python3.10/site-packages/airflow/example_dags/tutorial_dag.py took 0.099 seconds
[2025-10-29T20:19:50.556+0530] {processor.py:161} INFO - Started process (PID=22378) to work on /home/logi/txtai/venv/lib/python3.10/site-packages/airflow/example_dags/tutorial_dag.py
[2025-10-29T20:19:50.569+0530] {processor.py:830} INFO - Processing file /home/logi/txtai/venv/lib/python3.10/site-packages/airflow/example_dags/tutorial_dag.py for tasks to queue
[2025-10-29T20:19:50.573+0530] {logging_mixin.py:188} INFO - [2025-10-29T20:19:50.572+0530] {dagbag.py:545} INFO - Filling up the DagBag from /home/logi/txtai/venv/lib/python3.10/site-packages/airflow/example_dags/tutorial_dag.py
[2025-10-29T20:19:50.583+0530] {processor.py:840} INFO - DAG(s) 'tutorial_dag' retrieved from /home/logi/txtai/venv/lib/python3.10/site-packages/airflow/example_dags/tutorial_dag.py
[2025-10-29T20:19:50.611+0530] {logging_mixin.py:188} INFO - [2025-10-29T20:19:50.611+0530] {dag.py:3096} INFO - Sync 1 DAGs
[2025-10-29T20:19:50.626+0530] {logging_mixin.py:188} INFO - [2025-10-29T20:19:50.625+0530] {dag.py:3954} INFO - Setting next_dagrun for tutorial_dag to None, run_after=None
[2025-10-29T20:19:50.652+0530] {processor.py:183} INFO - Processing /home/logi/txtai/venv/lib/python3.10/site-packages/airflow/example_dags/tutorial_dag.py took 0.108 seconds
[2025-10-29T20:20:45.237+0530] {processor.py:161} INFO - Started process (PID=22449) to work on /home/logi/txtai/venv/lib/python3.10/site-packages/airflow/example_dags/tutorial_dag.py
[2025-10-29T20:20:45.250+0530] {processor.py:830} INFO - Processing file /home/logi/txtai/venv/lib/python3.10/site-packages/airflow/example_dags/tutorial_dag.py for tasks to queue
[2025-10-29T20:20:45.253+0530] {logging_mixin.py:188} INFO - [2025-10-29T20:20:45.253+0530] {dagbag.py:545} INFO - Filling up the DagBag from /home/logi/txtai/venv/lib/python3.10/site-packages/airflow/example_dags/tutorial_dag.py
[2025-10-29T20:20:45.263+0530] {processor.py:840} INFO - DAG(s) 'tutorial_dag' retrieved from /home/logi/txtai/venv/lib/python3.10/site-packages/airflow/example_dags/tutorial_dag.py
[2025-10-29T20:20:45.291+0530] {logging_mixin.py:188} INFO - [2025-10-29T20:20:45.290+0530] {dag.py:3096} INFO - Sync 1 DAGs
[2025-10-29T20:20:45.305+0530] {logging_mixin.py:188} INFO - [2025-10-29T20:20:45.305+0530] {dag.py:3954} INFO - Setting next_dagrun for tutorial_dag to None, run_after=None
[2025-10-29T20:20:45.327+0530] {processor.py:183} INFO - Processing /home/logi/txtai/venv/lib/python3.10/site-packages/airflow/example_dags/tutorial_dag.py took 0.101 seconds
[2025-10-29T20:21:40.427+0530] {processor.py:161} INFO - Started process (PID=22528) to work on /home/logi/txtai/venv/lib/python3.10/site-packages/airflow/example_dags/tutorial_dag.py
[2025-10-29T20:21:40.440+0530] {processor.py:830} INFO - Processing file /home/logi/txtai/venv/lib/python3.10/site-packages/airflow/example_dags/tutorial_dag.py for tasks to queue
[2025-10-29T20:21:40.443+0530] {logging_mixin.py:188} INFO - [2025-10-29T20:21:40.443+0530] {dagbag.py:545} INFO - Filling up the DagBag from /home/logi/txtai/venv/lib/python3.10/site-packages/airflow/example_dags/tutorial_dag.py
[2025-10-29T20:21:40.454+0530] {processor.py:840} INFO - DAG(s) 'tutorial_dag' retrieved from /home/logi/txtai/venv/lib/python3.10/site-packages/airflow/example_dags/tutorial_dag.py
[2025-10-29T20:21:40.482+0530] {logging_mixin.py:188} INFO - [2025-10-29T20:21:40.481+0530] {dag.py:3096} INFO - Sync 1 DAGs
[2025-10-29T20:21:40.497+0530] {logging_mixin.py:188} INFO - [2025-10-29T20:21:40.496+0530] {dag.py:3954} INFO - Setting next_dagrun for tutorial_dag to None, run_after=None
[2025-10-29T20:21:40.516+0530] {processor.py:183} INFO - Processing /home/logi/txtai/venv/lib/python3.10/site-packages/airflow/example_dags/tutorial_dag.py took 0.101 seconds
[2025-10-29T20:22:36.540+0530] {processor.py:161} INFO - Started process (PID=22597) to work on /home/logi/txtai/venv/lib/python3.10/site-packages/airflow/example_dags/tutorial_dag.py
[2025-10-29T20:22:36.553+0530] {processor.py:830} INFO - Processing file /home/logi/txtai/venv/lib/python3.10/site-packages/airflow/example_dags/tutorial_dag.py for tasks to queue
[2025-10-29T20:22:36.557+0530] {logging_mixin.py:188} INFO - [2025-10-29T20:22:36.556+0530] {dagbag.py:545} INFO - Filling up the DagBag from /home/logi/txtai/venv/lib/python3.10/site-packages/airflow/example_dags/tutorial_dag.py
[2025-10-29T20:22:36.567+0530] {processor.py:840} INFO - DAG(s) 'tutorial_dag' retrieved from /home/logi/txtai/venv/lib/python3.10/site-packages/airflow/example_dags/tutorial_dag.py
[2025-10-29T20:22:36.595+0530] {logging_mixin.py:188} INFO - [2025-10-29T20:22:36.594+0530] {dag.py:3096} INFO - Sync 1 DAGs
[2025-10-29T20:22:36.610+0530] {logging_mixin.py:188} INFO - [2025-10-29T20:22:36.610+0530] {dag.py:3954} INFO - Setting next_dagrun for tutorial_dag to None, run_after=None
[2025-10-29T20:22:36.638+0530] {processor.py:183} INFO - Processing /home/logi/txtai/venv/lib/python3.10/site-packages/airflow/example_dags/tutorial_dag.py took 0.110 seconds
[2025-10-29T20:23:30.791+0530] {processor.py:161} INFO - Started process (PID=22677) to work on /home/logi/txtai/venv/lib/python3.10/site-packages/airflow/example_dags/tutorial_dag.py
[2025-10-29T20:23:30.805+0530] {processor.py:830} INFO - Processing file /home/logi/txtai/venv/lib/python3.10/site-packages/airflow/example_dags/tutorial_dag.py for tasks to queue
[2025-10-29T20:23:30.809+0530] {logging_mixin.py:188} INFO - [2025-10-29T20:23:30.808+0530] {dagbag.py:545} INFO - Filling up the DagBag from /home/logi/txtai/venv/lib/python3.10/site-packages/airflow/example_dags/tutorial_dag.py
[2025-10-29T20:23:30.819+0530] {processor.py:840} INFO - DAG(s) 'tutorial_dag' retrieved from /home/logi/txtai/venv/lib/python3.10/site-packages/airflow/example_dags/tutorial_dag.py
[2025-10-29T20:23:30.846+0530] {logging_mixin.py:188} INFO - [2025-10-29T20:23:30.845+0530] {dag.py:3096} INFO - Sync 1 DAGs
[2025-10-29T20:23:30.861+0530] {logging_mixin.py:188} INFO - [2025-10-29T20:23:30.861+0530] {dag.py:3954} INFO - Setting next_dagrun for tutorial_dag to None, run_after=None
[2025-10-29T20:23:30.881+0530] {processor.py:183} INFO - Processing /home/logi/txtai/venv/lib/python3.10/site-packages/airflow/example_dags/tutorial_dag.py took 0.102 seconds
[2025-10-29T20:24:25.491+0530] {processor.py:161} INFO - Started process (PID=22758) to work on /home/logi/txtai/venv/lib/python3.10/site-packages/airflow/example_dags/tutorial_dag.py
[2025-10-29T20:24:25.504+0530] {processor.py:830} INFO - Processing file /home/logi/txtai/venv/lib/python3.10/site-packages/airflow/example_dags/tutorial_dag.py for tasks to queue
[2025-10-29T20:24:25.507+0530] {logging_mixin.py:188} INFO - [2025-10-29T20:24:25.507+0530] {dagbag.py:545} INFO - Filling up the DagBag from /home/logi/txtai/venv/lib/python3.10/site-packages/airflow/example_dags/tutorial_dag.py
[2025-10-29T20:24:25.517+0530] {processor.py:840} INFO - DAG(s) 'tutorial_dag' retrieved from /home/logi/txtai/venv/lib/python3.10/site-packages/airflow/example_dags/tutorial_dag.py
[2025-10-29T20:24:25.543+0530] {logging_mixin.py:188} INFO - [2025-10-29T20:24:25.542+0530] {dag.py:3096} INFO - Sync 1 DAGs
[2025-10-29T20:24:25.559+0530] {logging_mixin.py:188} INFO - [2025-10-29T20:24:25.559+0530] {dag.py:3954} INFO - Setting next_dagrun for tutorial_dag to None, run_after=None
[2025-10-29T20:24:25.579+0530] {processor.py:183} INFO - Processing /home/logi/txtai/venv/lib/python3.10/site-packages/airflow/example_dags/tutorial_dag.py took 0.100 seconds
[2025-10-29T20:25:21.230+0530] {processor.py:161} INFO - Started process (PID=22909) to work on /home/logi/txtai/venv/lib/python3.10/site-packages/airflow/example_dags/tutorial_dag.py
[2025-10-29T20:25:21.239+0530] {processor.py:830} INFO - Processing file /home/logi/txtai/venv/lib/python3.10/site-packages/airflow/example_dags/tutorial_dag.py for tasks to queue
[2025-10-29T20:25:21.242+0530] {logging_mixin.py:188} INFO - [2025-10-29T20:25:21.242+0530] {dagbag.py:545} INFO - Filling up the DagBag from /home/logi/txtai/venv/lib/python3.10/site-packages/airflow/example_dags/tutorial_dag.py
[2025-10-29T20:25:21.252+0530] {processor.py:840} INFO - DAG(s) 'tutorial_dag' retrieved from /home/logi/txtai/venv/lib/python3.10/site-packages/airflow/example_dags/tutorial_dag.py
[2025-10-29T20:25:21.277+0530] {logging_mixin.py:188} INFO - [2025-10-29T20:25:21.276+0530] {dag.py:3096} INFO - Sync 1 DAGs
[2025-10-29T20:25:21.287+0530] {logging_mixin.py:188} INFO - [2025-10-29T20:25:21.286+0530] {dag.py:3954} INFO - Setting next_dagrun for tutorial_dag to None, run_after=None
[2025-10-29T20:25:21.305+0530] {processor.py:183} INFO - Processing /home/logi/txtai/venv/lib/python3.10/site-packages/airflow/example_dags/tutorial_dag.py took 0.085 seconds
[2025-10-29T20:26:12.222+0530] {processor.py:161} INFO - Started process (PID=22985) to work on /home/logi/txtai/venv/lib/python3.10/site-packages/airflow/example_dags/tutorial_dag.py
[2025-10-29T20:26:12.235+0530] {processor.py:830} INFO - Processing file /home/logi/txtai/venv/lib/python3.10/site-packages/airflow/example_dags/tutorial_dag.py for tasks to queue
[2025-10-29T20:26:12.240+0530] {logging_mixin.py:188} INFO - [2025-10-29T20:26:12.239+0530] {dagbag.py:545} INFO - Filling up the DagBag from /home/logi/txtai/venv/lib/python3.10/site-packages/airflow/example_dags/tutorial_dag.py
[2025-10-29T20:26:12.254+0530] {processor.py:840} INFO - DAG(s) 'tutorial_dag' retrieved from /home/logi/txtai/venv/lib/python3.10/site-packages/airflow/example_dags/tutorial_dag.py
[2025-10-29T20:26:12.281+0530] {logging_mixin.py:188} INFO - [2025-10-29T20:26:12.281+0530] {dag.py:3096} INFO - Sync 1 DAGs
[2025-10-29T20:26:12.297+0530] {logging_mixin.py:188} INFO - [2025-10-29T20:26:12.296+0530] {dag.py:3954} INFO - Setting next_dagrun for tutorial_dag to None, run_after=None
[2025-10-29T20:26:12.323+0530] {processor.py:183} INFO - Processing /home/logi/txtai/venv/lib/python3.10/site-packages/airflow/example_dags/tutorial_dag.py took 0.110 seconds
[2025-10-29T20:27:04.787+0530] {processor.py:161} INFO - Started process (PID=23210) to work on /home/logi/txtai/venv/lib/python3.10/site-packages/airflow/example_dags/tutorial_dag.py
[2025-10-29T20:27:04.801+0530] {processor.py:830} INFO - Processing file /home/logi/txtai/venv/lib/python3.10/site-packages/airflow/example_dags/tutorial_dag.py for tasks to queue
[2025-10-29T20:27:04.804+0530] {logging_mixin.py:188} INFO - [2025-10-29T20:27:04.804+0530] {dagbag.py:545} INFO - Filling up the DagBag from /home/logi/txtai/venv/lib/python3.10/site-packages/airflow/example_dags/tutorial_dag.py
[2025-10-29T20:27:04.814+0530] {processor.py:840} INFO - DAG(s) 'tutorial_dag' retrieved from /home/logi/txtai/venv/lib/python3.10/site-packages/airflow/example_dags/tutorial_dag.py
[2025-10-29T20:27:04.839+0530] {logging_mixin.py:188} INFO - [2025-10-29T20:27:04.839+0530] {dag.py:3096} INFO - Sync 1 DAGs
[2025-10-29T20:27:04.850+0530] {logging_mixin.py:188} INFO - [2025-10-29T20:27:04.850+0530] {dag.py:3954} INFO - Setting next_dagrun for tutorial_dag to None, run_after=None
[2025-10-29T20:27:04.870+0530] {processor.py:183} INFO - Processing /home/logi/txtai/venv/lib/python3.10/site-packages/airflow/example_dags/tutorial_dag.py took 0.095 seconds
[2025-10-29T20:27:54.790+0530] {processor.py:161} INFO - Started process (PID=23280) to work on /home/logi/txtai/venv/lib/python3.10/site-packages/airflow/example_dags/tutorial_dag.py
[2025-10-29T20:27:54.804+0530] {processor.py:830} INFO - Processing file /home/logi/txtai/venv/lib/python3.10/site-packages/airflow/example_dags/tutorial_dag.py for tasks to queue
[2025-10-29T20:27:54.807+0530] {logging_mixin.py:188} INFO - [2025-10-29T20:27:54.806+0530] {dagbag.py:545} INFO - Filling up the DagBag from /home/logi/txtai/venv/lib/python3.10/site-packages/airflow/example_dags/tutorial_dag.py
[2025-10-29T20:27:54.817+0530] {processor.py:840} INFO - DAG(s) 'tutorial_dag' retrieved from /home/logi/txtai/venv/lib/python3.10/site-packages/airflow/example_dags/tutorial_dag.py
[2025-10-29T20:27:54.841+0530] {logging_mixin.py:188} INFO - [2025-10-29T20:27:54.840+0530] {dag.py:3096} INFO - Sync 1 DAGs
[2025-10-29T20:27:54.850+0530] {logging_mixin.py:188} INFO - [2025-10-29T20:27:54.850+0530] {dag.py:3954} INFO - Setting next_dagrun for tutorial_dag to None, run_after=None
[2025-10-29T20:27:54.869+0530] {processor.py:183} INFO - Processing /home/logi/txtai/venv/lib/python3.10/site-packages/airflow/example_dags/tutorial_dag.py took 0.086 seconds
[2025-10-29T20:28:44.175+0530] {processor.py:161} INFO - Started process (PID=23370) to work on /home/logi/txtai/venv/lib/python3.10/site-packages/airflow/example_dags/tutorial_dag.py
[2025-10-29T20:28:44.188+0530] {processor.py:830} INFO - Processing file /home/logi/txtai/venv/lib/python3.10/site-packages/airflow/example_dags/tutorial_dag.py for tasks to queue
[2025-10-29T20:28:44.191+0530] {logging_mixin.py:188} INFO - [2025-10-29T20:28:44.190+0530] {dagbag.py:545} INFO - Filling up the DagBag from /home/logi/txtai/venv/lib/python3.10/site-packages/airflow/example_dags/tutorial_dag.py
[2025-10-29T20:28:44.201+0530] {processor.py:840} INFO - DAG(s) 'tutorial_dag' retrieved from /home/logi/txtai/venv/lib/python3.10/site-packages/airflow/example_dags/tutorial_dag.py
[2025-10-29T20:28:44.228+0530] {logging_mixin.py:188} INFO - [2025-10-29T20:28:44.228+0530] {dag.py:3096} INFO - Sync 1 DAGs
[2025-10-29T20:28:44.242+0530] {logging_mixin.py:188} INFO - [2025-10-29T20:28:44.242+0530] {dag.py:3954} INFO - Setting next_dagrun for tutorial_dag to None, run_after=None
[2025-10-29T20:28:44.269+0530] {processor.py:183} INFO - Processing /home/logi/txtai/venv/lib/python3.10/site-packages/airflow/example_dags/tutorial_dag.py took 0.106 seconds
[2025-10-29T20:29:37.743+0530] {processor.py:161} INFO - Started process (PID=23462) to work on /home/logi/txtai/venv/lib/python3.10/site-packages/airflow/example_dags/tutorial_dag.py
[2025-10-29T20:29:37.751+0530] {processor.py:830} INFO - Processing file /home/logi/txtai/venv/lib/python3.10/site-packages/airflow/example_dags/tutorial_dag.py for tasks to queue
[2025-10-29T20:29:37.755+0530] {logging_mixin.py:188} INFO - [2025-10-29T20:29:37.754+0530] {dagbag.py:545} INFO - Filling up the DagBag from /home/logi/txtai/venv/lib/python3.10/site-packages/airflow/example_dags/tutorial_dag.py
[2025-10-29T20:29:37.765+0530] {processor.py:840} INFO - DAG(s) 'tutorial_dag' retrieved from /home/logi/txtai/venv/lib/python3.10/site-packages/airflow/example_dags/tutorial_dag.py
[2025-10-29T20:29:37.792+0530] {logging_mixin.py:188} INFO - [2025-10-29T20:29:37.791+0530] {dag.py:3096} INFO - Sync 1 DAGs
[2025-10-29T20:29:37.804+0530] {logging_mixin.py:188} INFO - [2025-10-29T20:29:37.804+0530] {dag.py:3954} INFO - Setting next_dagrun for tutorial_dag to None, run_after=None
[2025-10-29T20:29:37.832+0530] {processor.py:183} INFO - Processing /home/logi/txtai/venv/lib/python3.10/site-packages/airflow/example_dags/tutorial_dag.py took 0.100 seconds
[2025-10-29T20:30:32.440+0530] {processor.py:161} INFO - Started process (PID=23552) to work on /home/logi/txtai/venv/lib/python3.10/site-packages/airflow/example_dags/tutorial_dag.py
[2025-10-29T20:30:32.454+0530] {processor.py:830} INFO - Processing file /home/logi/txtai/venv/lib/python3.10/site-packages/airflow/example_dags/tutorial_dag.py for tasks to queue
[2025-10-29T20:30:32.457+0530] {logging_mixin.py:188} INFO - [2025-10-29T20:30:32.456+0530] {dagbag.py:545} INFO - Filling up the DagBag from /home/logi/txtai/venv/lib/python3.10/site-packages/airflow/example_dags/tutorial_dag.py
[2025-10-29T20:30:32.467+0530] {processor.py:840} INFO - DAG(s) 'tutorial_dag' retrieved from /home/logi/txtai/venv/lib/python3.10/site-packages/airflow/example_dags/tutorial_dag.py
[2025-10-29T20:30:32.498+0530] {logging_mixin.py:188} INFO - [2025-10-29T20:30:32.498+0530] {dag.py:3096} INFO - Sync 1 DAGs
[2025-10-29T20:30:32.513+0530] {logging_mixin.py:188} INFO - [2025-10-29T20:30:32.512+0530] {dag.py:3954} INFO - Setting next_dagrun for tutorial_dag to None, run_after=None
[2025-10-29T20:30:32.533+0530] {processor.py:183} INFO - Processing /home/logi/txtai/venv/lib/python3.10/site-packages/airflow/example_dags/tutorial_dag.py took 0.104 seconds
[2025-10-29T20:31:24.268+0530] {processor.py:161} INFO - Started process (PID=23619) to work on /home/logi/txtai/venv/lib/python3.10/site-packages/airflow/example_dags/tutorial_dag.py
[2025-10-29T20:31:24.281+0530] {processor.py:830} INFO - Processing file /home/logi/txtai/venv/lib/python3.10/site-packages/airflow/example_dags/tutorial_dag.py for tasks to queue
[2025-10-29T20:31:24.285+0530] {logging_mixin.py:188} INFO - [2025-10-29T20:31:24.284+0530] {dagbag.py:545} INFO - Filling up the DagBag from /home/logi/txtai/venv/lib/python3.10/site-packages/airflow/example_dags/tutorial_dag.py
[2025-10-29T20:31:24.295+0530] {processor.py:840} INFO - DAG(s) 'tutorial_dag' retrieved from /home/logi/txtai/venv/lib/python3.10/site-packages/airflow/example_dags/tutorial_dag.py
[2025-10-29T20:31:24.323+0530] {logging_mixin.py:188} INFO - [2025-10-29T20:31:24.323+0530] {dag.py:3096} INFO - Sync 1 DAGs
[2025-10-29T20:31:24.338+0530] {logging_mixin.py:188} INFO - [2025-10-29T20:31:24.338+0530] {dag.py:3954} INFO - Setting next_dagrun for tutorial_dag to None, run_after=None
[2025-10-29T20:31:24.360+0530] {processor.py:183} INFO - Processing /home/logi/txtai/venv/lib/python3.10/site-packages/airflow/example_dags/tutorial_dag.py took 0.104 seconds
[2025-10-29T20:32:15.927+0530] {processor.py:161} INFO - Started process (PID=23693) to work on /home/logi/txtai/venv/lib/python3.10/site-packages/airflow/example_dags/tutorial_dag.py
[2025-10-29T20:32:15.941+0530] {processor.py:830} INFO - Processing file /home/logi/txtai/venv/lib/python3.10/site-packages/airflow/example_dags/tutorial_dag.py for tasks to queue
[2025-10-29T20:32:15.945+0530] {logging_mixin.py:188} INFO - [2025-10-29T20:32:15.944+0530] {dagbag.py:545} INFO - Filling up the DagBag from /home/logi/txtai/venv/lib/python3.10/site-packages/airflow/example_dags/tutorial_dag.py
[2025-10-29T20:32:15.955+0530] {processor.py:840} INFO - DAG(s) 'tutorial_dag' retrieved from /home/logi/txtai/venv/lib/python3.10/site-packages/airflow/example_dags/tutorial_dag.py
[2025-10-29T20:32:15.983+0530] {logging_mixin.py:188} INFO - [2025-10-29T20:32:15.983+0530] {dag.py:3096} INFO - Sync 1 DAGs
[2025-10-29T20:32:15.998+0530] {logging_mixin.py:188} INFO - [2025-10-29T20:32:15.998+0530] {dag.py:3954} INFO - Setting next_dagrun for tutorial_dag to None, run_after=None
[2025-10-29T20:32:16.019+0530] {processor.py:183} INFO - Processing /home/logi/txtai/venv/lib/python3.10/site-packages/airflow/example_dags/tutorial_dag.py took 0.104 seconds
[2025-10-29T20:33:09.369+0530] {processor.py:161} INFO - Started process (PID=23773) to work on /home/logi/txtai/venv/lib/python3.10/site-packages/airflow/example_dags/tutorial_dag.py
[2025-10-29T20:33:09.383+0530] {processor.py:830} INFO - Processing file /home/logi/txtai/venv/lib/python3.10/site-packages/airflow/example_dags/tutorial_dag.py for tasks to queue
[2025-10-29T20:33:09.386+0530] {logging_mixin.py:188} INFO - [2025-10-29T20:33:09.385+0530] {dagbag.py:545} INFO - Filling up the DagBag from /home/logi/txtai/venv/lib/python3.10/site-packages/airflow/example_dags/tutorial_dag.py
[2025-10-29T20:33:09.396+0530] {processor.py:840} INFO - DAG(s) 'tutorial_dag' retrieved from /home/logi/txtai/venv/lib/python3.10/site-packages/airflow/example_dags/tutorial_dag.py
[2025-10-29T20:33:09.424+0530] {logging_mixin.py:188} INFO - [2025-10-29T20:33:09.424+0530] {dag.py:3096} INFO - Sync 1 DAGs
[2025-10-29T20:33:09.439+0530] {logging_mixin.py:188} INFO - [2025-10-29T20:33:09.438+0530] {dag.py:3954} INFO - Setting next_dagrun for tutorial_dag to None, run_after=None
[2025-10-29T20:33:09.465+0530] {processor.py:183} INFO - Processing /home/logi/txtai/venv/lib/python3.10/site-packages/airflow/example_dags/tutorial_dag.py took 0.108 seconds
[2025-10-29T20:34:01.128+0530] {processor.py:161} INFO - Started process (PID=23841) to work on /home/logi/txtai/venv/lib/python3.10/site-packages/airflow/example_dags/tutorial_dag.py
[2025-10-29T20:34:01.142+0530] {processor.py:830} INFO - Processing file /home/logi/txtai/venv/lib/python3.10/site-packages/airflow/example_dags/tutorial_dag.py for tasks to queue
[2025-10-29T20:34:01.145+0530] {logging_mixin.py:188} INFO - [2025-10-29T20:34:01.144+0530] {dagbag.py:545} INFO - Filling up the DagBag from /home/logi/txtai/venv/lib/python3.10/site-packages/airflow/example_dags/tutorial_dag.py
[2025-10-29T20:34:01.155+0530] {processor.py:840} INFO - DAG(s) 'tutorial_dag' retrieved from /home/logi/txtai/venv/lib/python3.10/site-packages/airflow/example_dags/tutorial_dag.py
[2025-10-29T20:34:01.190+0530] {logging_mixin.py:188} INFO - [2025-10-29T20:34:01.189+0530] {dag.py:3096} INFO - Sync 1 DAGs
[2025-10-29T20:34:01.201+0530] {logging_mixin.py:188} INFO - [2025-10-29T20:34:01.201+0530] {dag.py:3954} INFO - Setting next_dagrun for tutorial_dag to None, run_after=None
[2025-10-29T20:34:01.221+0530] {processor.py:183} INFO - Processing /home/logi/txtai/venv/lib/python3.10/site-packages/airflow/example_dags/tutorial_dag.py took 0.104 seconds
[2025-10-29T20:34:50.240+0530] {processor.py:161} INFO - Started process (PID=23931) to work on /home/logi/txtai/venv/lib/python3.10/site-packages/airflow/example_dags/tutorial_dag.py
[2025-10-29T20:34:50.242+0530] {processor.py:830} INFO - Processing file /home/logi/txtai/venv/lib/python3.10/site-packages/airflow/example_dags/tutorial_dag.py for tasks to queue
[2025-10-29T20:34:50.244+0530] {logging_mixin.py:188} INFO - [2025-10-29T20:34:50.244+0530] {dagbag.py:545} INFO - Filling up the DagBag from /home/logi/txtai/venv/lib/python3.10/site-packages/airflow/example_dags/tutorial_dag.py
[2025-10-29T20:34:50.255+0530] {processor.py:840} INFO - DAG(s) 'tutorial_dag' retrieved from /home/logi/txtai/venv/lib/python3.10/site-packages/airflow/example_dags/tutorial_dag.py
[2025-10-29T20:34:50.280+0530] {logging_mixin.py:188} INFO - [2025-10-29T20:34:50.280+0530] {dag.py:3096} INFO - Sync 1 DAGs
[2025-10-29T20:34:50.290+0530] {logging_mixin.py:188} INFO - [2025-10-29T20:34:50.290+0530] {dag.py:3954} INFO - Setting next_dagrun for tutorial_dag to None, run_after=None
[2025-10-29T20:34:50.310+0530] {processor.py:183} INFO - Processing /home/logi/txtai/venv/lib/python3.10/site-packages/airflow/example_dags/tutorial_dag.py took 0.082 seconds
[2025-10-29T20:35:41.498+0530] {processor.py:161} INFO - Started process (PID=24018) to work on /home/logi/txtai/venv/lib/python3.10/site-packages/airflow/example_dags/tutorial_dag.py
[2025-10-29T20:35:41.512+0530] {processor.py:830} INFO - Processing file /home/logi/txtai/venv/lib/python3.10/site-packages/airflow/example_dags/tutorial_dag.py for tasks to queue
[2025-10-29T20:35:41.515+0530] {logging_mixin.py:188} INFO - [2025-10-29T20:35:41.514+0530] {dagbag.py:545} INFO - Filling up the DagBag from /home/logi/txtai/venv/lib/python3.10/site-packages/airflow/example_dags/tutorial_dag.py
[2025-10-29T20:35:41.524+0530] {processor.py:840} INFO - DAG(s) 'tutorial_dag' retrieved from /home/logi/txtai/venv/lib/python3.10/site-packages/airflow/example_dags/tutorial_dag.py
[2025-10-29T20:35:41.551+0530] {logging_mixin.py:188} INFO - [2025-10-29T20:35:41.551+0530] {dag.py:3096} INFO - Sync 1 DAGs
[2025-10-29T20:35:41.566+0530] {logging_mixin.py:188} INFO - [2025-10-29T20:35:41.566+0530] {dag.py:3954} INFO - Setting next_dagrun for tutorial_dag to None, run_after=None
[2025-10-29T20:35:41.585+0530] {processor.py:183} INFO - Processing /home/logi/txtai/venv/lib/python3.10/site-packages/airflow/example_dags/tutorial_dag.py took 0.099 seconds
[2025-10-29T20:36:35.431+0530] {processor.py:161} INFO - Started process (PID=24085) to work on /home/logi/txtai/venv/lib/python3.10/site-packages/airflow/example_dags/tutorial_dag.py
[2025-10-29T20:36:35.443+0530] {processor.py:830} INFO - Processing file /home/logi/txtai/venv/lib/python3.10/site-packages/airflow/example_dags/tutorial_dag.py for tasks to queue
[2025-10-29T20:36:35.446+0530] {logging_mixin.py:188} INFO - [2025-10-29T20:36:35.445+0530] {dagbag.py:545} INFO - Filling up the DagBag from /home/logi/txtai/venv/lib/python3.10/site-packages/airflow/example_dags/tutorial_dag.py
[2025-10-29T20:36:35.451+0530] {processor.py:840} INFO - DAG(s) 'tutorial_dag' retrieved from /home/logi/txtai/venv/lib/python3.10/site-packages/airflow/example_dags/tutorial_dag.py
[2025-10-29T20:36:35.467+0530] {logging_mixin.py:188} INFO - [2025-10-29T20:36:35.466+0530] {dag.py:3096} INFO - Sync 1 DAGs
[2025-10-29T20:36:35.477+0530] {logging_mixin.py:188} INFO - [2025-10-29T20:36:35.477+0530] {dag.py:3954} INFO - Setting next_dagrun for tutorial_dag to None, run_after=None
[2025-10-29T20:36:35.496+0530] {processor.py:183} INFO - Processing /home/logi/txtai/venv/lib/python3.10/site-packages/airflow/example_dags/tutorial_dag.py took 0.073 seconds
[2025-10-29T20:37:28.099+0530] {processor.py:161} INFO - Started process (PID=24152) to work on /home/logi/txtai/venv/lib/python3.10/site-packages/airflow/example_dags/tutorial_dag.py
[2025-10-29T20:37:28.113+0530] {processor.py:830} INFO - Processing file /home/logi/txtai/venv/lib/python3.10/site-packages/airflow/example_dags/tutorial_dag.py for tasks to queue
[2025-10-29T20:37:28.116+0530] {logging_mixin.py:188} INFO - [2025-10-29T20:37:28.115+0530] {dagbag.py:545} INFO - Filling up the DagBag from /home/logi/txtai/venv/lib/python3.10/site-packages/airflow/example_dags/tutorial_dag.py
[2025-10-29T20:37:28.125+0530] {processor.py:840} INFO - DAG(s) 'tutorial_dag' retrieved from /home/logi/txtai/venv/lib/python3.10/site-packages/airflow/example_dags/tutorial_dag.py
[2025-10-29T20:37:28.152+0530] {logging_mixin.py:188} INFO - [2025-10-29T20:37:28.151+0530] {dag.py:3096} INFO - Sync 1 DAGs
[2025-10-29T20:37:28.167+0530] {logging_mixin.py:188} INFO - [2025-10-29T20:37:28.167+0530] {dag.py:3954} INFO - Setting next_dagrun for tutorial_dag to None, run_after=None
[2025-10-29T20:37:28.187+0530] {processor.py:183} INFO - Processing /home/logi/txtai/venv/lib/python3.10/site-packages/airflow/example_dags/tutorial_dag.py took 0.098 seconds
