[2025-10-30T13:24:11.822+0530] {processor.py:161} INFO - Started process (PID=14495) to work on /home/logi/txtai/venv/lib/python3.10/site-packages/airflow/example_dags/example_bash_operator.py
[2025-10-30T13:24:11.823+0530] {processor.py:830} INFO - Processing file /home/logi/txtai/venv/lib/python3.10/site-packages/airflow/example_dags/example_bash_operator.py for tasks to queue
[2025-10-30T13:24:11.826+0530] {logging_mixin.py:188} INFO - [2025-10-30T13:24:11.826+0530] {dagbag.py:545} INFO - Filling up the DagBag from /home/logi/txtai/venv/lib/python3.10/site-packages/airflow/example_dags/example_bash_operator.py
[2025-10-30T13:24:11.845+0530] {processor.py:840} INFO - DAG(s) 'example_bash_operator' retrieved from /home/logi/txtai/venv/lib/python3.10/site-packages/airflow/example_dags/example_bash_operator.py
[2025-10-30T13:24:11.949+0530] {logging_mixin.py:188} INFO - [2025-10-30T13:24:11.948+0530] {override.py:1858} INFO - Created Permission View: can delete on DAG:example_bash_operator
[2025-10-30T13:24:11.959+0530] {logging_mixin.py:188} INFO - [2025-10-30T13:24:11.958+0530] {override.py:1858} INFO - Created Permission View: can read on DAG:example_bash_operator
[2025-10-30T13:24:11.965+0530] {logging_mixin.py:188} INFO - [2025-10-30T13:24:11.965+0530] {override.py:1858} INFO - Created Permission View: can edit on DAG:example_bash_operator
[2025-10-30T13:24:11.966+0530] {logging_mixin.py:188} INFO - [2025-10-30T13:24:11.965+0530] {dag.py:3089} INFO - Sync 1 DAGs
[2025-10-30T13:24:11.973+0530] {logging_mixin.py:188} INFO - [2025-10-30T13:24:11.973+0530] {dag.py:3111} INFO - Creating ORM DAG for example_bash_operator
[2025-10-30T13:24:11.981+0530] {logging_mixin.py:188} INFO - [2025-10-30T13:24:11.981+0530] {dag.py:3947} INFO - Setting next_dagrun for example_bash_operator to 2025-10-29 00:00:00+00:00, run_after=2025-10-30 00:00:00+00:00
[2025-10-30T13:24:11.997+0530] {processor.py:183} INFO - Processing /home/logi/txtai/venv/lib/python3.10/site-packages/airflow/example_dags/example_bash_operator.py took 0.185 seconds
[2025-10-30T13:25:23.294+0530] {processor.py:161} INFO - Started process (PID=14790) to work on /home/logi/txtai/venv/lib/python3.10/site-packages/airflow/example_dags/example_bash_operator.py
[2025-10-30T13:25:23.307+0530] {processor.py:830} INFO - Processing file /home/logi/txtai/venv/lib/python3.10/site-packages/airflow/example_dags/example_bash_operator.py for tasks to queue
[2025-10-30T13:25:23.310+0530] {logging_mixin.py:188} INFO - [2025-10-30T13:25:23.309+0530] {dagbag.py:545} INFO - Filling up the DagBag from /home/logi/txtai/venv/lib/python3.10/site-packages/airflow/example_dags/example_bash_operator.py
[2025-10-30T13:25:23.328+0530] {processor.py:840} INFO - DAG(s) 'example_bash_operator' retrieved from /home/logi/txtai/venv/lib/python3.10/site-packages/airflow/example_dags/example_bash_operator.py
[2025-10-30T13:25:23.360+0530] {logging_mixin.py:188} INFO - [2025-10-30T13:25:23.360+0530] {dag.py:3089} INFO - Sync 1 DAGs
[2025-10-30T13:25:23.381+0530] {logging_mixin.py:188} INFO - [2025-10-30T13:25:23.381+0530] {dag.py:3947} INFO - Setting next_dagrun for example_bash_operator to 2025-10-29 00:00:00+00:00, run_after=2025-10-30 00:00:00+00:00
[2025-10-30T13:25:23.400+0530] {processor.py:183} INFO - Processing /home/logi/txtai/venv/lib/python3.10/site-packages/airflow/example_dags/example_bash_operator.py took 0.116 seconds
[2025-10-30T13:26:30.505+0530] {processor.py:161} INFO - Started process (PID=14874) to work on /home/logi/txtai/venv/lib/python3.10/site-packages/airflow/example_dags/example_bash_operator.py
[2025-10-30T13:26:30.518+0530] {processor.py:830} INFO - Processing file /home/logi/txtai/venv/lib/python3.10/site-packages/airflow/example_dags/example_bash_operator.py for tasks to queue
[2025-10-30T13:26:30.521+0530] {logging_mixin.py:188} INFO - [2025-10-30T13:26:30.520+0530] {dagbag.py:545} INFO - Filling up the DagBag from /home/logi/txtai/venv/lib/python3.10/site-packages/airflow/example_dags/example_bash_operator.py
[2025-10-30T13:26:30.540+0530] {processor.py:840} INFO - DAG(s) 'example_bash_operator' retrieved from /home/logi/txtai/venv/lib/python3.10/site-packages/airflow/example_dags/example_bash_operator.py
[2025-10-30T13:26:30.575+0530] {logging_mixin.py:188} INFO - [2025-10-30T13:26:30.575+0530] {dag.py:3089} INFO - Sync 1 DAGs
[2025-10-30T13:26:30.591+0530] {logging_mixin.py:188} INFO - [2025-10-30T13:26:30.590+0530] {dag.py:3947} INFO - Setting next_dagrun for example_bash_operator to 2025-10-29 00:00:00+00:00, run_after=2025-10-30 00:00:00+00:00
[2025-10-30T13:26:30.609+0530] {processor.py:183} INFO - Processing /home/logi/txtai/venv/lib/python3.10/site-packages/airflow/example_dags/example_bash_operator.py took 0.114 seconds
[2025-10-30T13:27:36.355+0530] {processor.py:161} INFO - Started process (PID=14965) to work on /home/logi/txtai/venv/lib/python3.10/site-packages/airflow/example_dags/example_bash_operator.py
[2025-10-30T13:27:36.368+0530] {processor.py:830} INFO - Processing file /home/logi/txtai/venv/lib/python3.10/site-packages/airflow/example_dags/example_bash_operator.py for tasks to queue
[2025-10-30T13:27:36.371+0530] {logging_mixin.py:188} INFO - [2025-10-30T13:27:36.371+0530] {dagbag.py:545} INFO - Filling up the DagBag from /home/logi/txtai/venv/lib/python3.10/site-packages/airflow/example_dags/example_bash_operator.py
[2025-10-30T13:27:36.382+0530] {processor.py:840} INFO - DAG(s) 'example_bash_operator' retrieved from /home/logi/txtai/venv/lib/python3.10/site-packages/airflow/example_dags/example_bash_operator.py
[2025-10-30T13:27:36.401+0530] {logging_mixin.py:188} INFO - [2025-10-30T13:27:36.401+0530] {dag.py:3089} INFO - Sync 1 DAGs
[2025-10-30T13:27:36.419+0530] {logging_mixin.py:188} INFO - [2025-10-30T13:27:36.419+0530] {dag.py:3947} INFO - Setting next_dagrun for example_bash_operator to 2025-10-29 00:00:00+00:00, run_after=2025-10-30 00:00:00+00:00
[2025-10-30T13:27:36.438+0530] {processor.py:183} INFO - Processing /home/logi/txtai/venv/lib/python3.10/site-packages/airflow/example_dags/example_bash_operator.py took 0.088 seconds
[2025-10-30T13:28:44.122+0530] {processor.py:161} INFO - Started process (PID=15088) to work on /home/logi/txtai/venv/lib/python3.10/site-packages/airflow/example_dags/example_bash_operator.py
[2025-10-30T13:28:44.135+0530] {processor.py:830} INFO - Processing file /home/logi/txtai/venv/lib/python3.10/site-packages/airflow/example_dags/example_bash_operator.py for tasks to queue
[2025-10-30T13:28:44.138+0530] {logging_mixin.py:188} INFO - [2025-10-30T13:28:44.137+0530] {dagbag.py:545} INFO - Filling up the DagBag from /home/logi/txtai/venv/lib/python3.10/site-packages/airflow/example_dags/example_bash_operator.py
[2025-10-30T13:28:44.158+0530] {processor.py:840} INFO - DAG(s) 'example_bash_operator' retrieved from /home/logi/txtai/venv/lib/python3.10/site-packages/airflow/example_dags/example_bash_operator.py
[2025-10-30T13:28:44.191+0530] {logging_mixin.py:188} INFO - [2025-10-30T13:28:44.191+0530] {dag.py:3089} INFO - Sync 1 DAGs
[2025-10-30T13:28:44.208+0530] {logging_mixin.py:188} INFO - [2025-10-30T13:28:44.207+0530] {dag.py:3947} INFO - Setting next_dagrun for example_bash_operator to 2025-10-29 00:00:00+00:00, run_after=2025-10-30 00:00:00+00:00
[2025-10-30T13:28:44.233+0530] {processor.py:183} INFO - Processing /home/logi/txtai/venv/lib/python3.10/site-packages/airflow/example_dags/example_bash_operator.py took 0.121 seconds
[2025-10-30T13:29:52.056+0530] {processor.py:161} INFO - Started process (PID=15198) to work on /home/logi/txtai/venv/lib/python3.10/site-packages/airflow/example_dags/example_bash_operator.py
[2025-10-30T13:29:52.068+0530] {processor.py:830} INFO - Processing file /home/logi/txtai/venv/lib/python3.10/site-packages/airflow/example_dags/example_bash_operator.py for tasks to queue
[2025-10-30T13:29:52.071+0530] {logging_mixin.py:188} INFO - [2025-10-30T13:29:52.071+0530] {dagbag.py:545} INFO - Filling up the DagBag from /home/logi/txtai/venv/lib/python3.10/site-packages/airflow/example_dags/example_bash_operator.py
[2025-10-30T13:29:52.081+0530] {processor.py:840} INFO - DAG(s) 'example_bash_operator' retrieved from /home/logi/txtai/venv/lib/python3.10/site-packages/airflow/example_dags/example_bash_operator.py
[2025-10-30T13:29:52.101+0530] {logging_mixin.py:188} INFO - [2025-10-30T13:29:52.101+0530] {dag.py:3089} INFO - Sync 1 DAGs
[2025-10-30T13:29:52.116+0530] {logging_mixin.py:188} INFO - [2025-10-30T13:29:52.116+0530] {dag.py:3947} INFO - Setting next_dagrun for example_bash_operator to 2025-10-29 00:00:00+00:00, run_after=2025-10-30 00:00:00+00:00
[2025-10-30T13:29:52.133+0530] {processor.py:183} INFO - Processing /home/logi/txtai/venv/lib/python3.10/site-packages/airflow/example_dags/example_bash_operator.py took 0.083 seconds
[2025-10-30T15:05:17.529+0530] {processor.py:161} INFO - Started process (PID=5862) to work on /home/logi/txtai/venv/lib/python3.10/site-packages/airflow/example_dags/example_bash_operator.py
[2025-10-30T15:05:17.533+0530] {processor.py:830} INFO - Processing file /home/logi/txtai/venv/lib/python3.10/site-packages/airflow/example_dags/example_bash_operator.py for tasks to queue
[2025-10-30T15:05:17.536+0530] {logging_mixin.py:188} INFO - [2025-10-30T15:05:17.535+0530] {dagbag.py:545} INFO - Filling up the DagBag from /home/logi/txtai/venv/lib/python3.10/site-packages/airflow/example_dags/example_bash_operator.py
[2025-10-30T15:05:17.557+0530] {processor.py:840} INFO - DAG(s) 'example_bash_operator' retrieved from /home/logi/txtai/venv/lib/python3.10/site-packages/airflow/example_dags/example_bash_operator.py
[2025-10-30T15:05:17.583+0530] {logging_mixin.py:188} INFO - [2025-10-30T15:05:17.583+0530] {dag.py:3089} INFO - Sync 1 DAGs
[2025-10-30T15:05:17.605+0530] {logging_mixin.py:188} INFO - [2025-10-30T15:05:17.605+0530] {dag.py:3947} INFO - Setting next_dagrun for example_bash_operator to 2025-10-29 00:00:00+00:00, run_after=2025-10-30 00:00:00+00:00
[2025-10-30T15:05:17.628+0530] {processor.py:183} INFO - Processing /home/logi/txtai/venv/lib/python3.10/site-packages/airflow/example_dags/example_bash_operator.py took 0.109 seconds
[2025-10-30T15:06:34.418+0530] {processor.py:161} INFO - Started process (PID=5987) to work on /home/logi/txtai/venv/lib/python3.10/site-packages/airflow/example_dags/example_bash_operator.py
[2025-10-30T15:06:34.432+0530] {processor.py:830} INFO - Processing file /home/logi/txtai/venv/lib/python3.10/site-packages/airflow/example_dags/example_bash_operator.py for tasks to queue
[2025-10-30T15:06:34.435+0530] {logging_mixin.py:188} INFO - [2025-10-30T15:06:34.434+0530] {dagbag.py:545} INFO - Filling up the DagBag from /home/logi/txtai/venv/lib/python3.10/site-packages/airflow/example_dags/example_bash_operator.py
[2025-10-30T15:06:34.456+0530] {processor.py:840} INFO - DAG(s) 'example_bash_operator' retrieved from /home/logi/txtai/venv/lib/python3.10/site-packages/airflow/example_dags/example_bash_operator.py
[2025-10-30T15:06:34.489+0530] {logging_mixin.py:188} INFO - [2025-10-30T15:06:34.489+0530] {dag.py:3089} INFO - Sync 1 DAGs
[2025-10-30T15:06:34.506+0530] {logging_mixin.py:188} INFO - [2025-10-30T15:06:34.506+0530] {dag.py:3947} INFO - Setting next_dagrun for example_bash_operator to 2025-10-29 00:00:00+00:00, run_after=2025-10-30 00:00:00+00:00
[2025-10-30T15:06:34.526+0530] {processor.py:183} INFO - Processing /home/logi/txtai/venv/lib/python3.10/site-packages/airflow/example_dags/example_bash_operator.py took 0.119 seconds
[2025-10-30T15:07:47.942+0530] {processor.py:161} INFO - Started process (PID=6117) to work on /home/logi/txtai/venv/lib/python3.10/site-packages/airflow/example_dags/example_bash_operator.py
[2025-10-30T15:07:47.956+0530] {processor.py:830} INFO - Processing file /home/logi/txtai/venv/lib/python3.10/site-packages/airflow/example_dags/example_bash_operator.py for tasks to queue
[2025-10-30T15:07:47.959+0530] {logging_mixin.py:188} INFO - [2025-10-30T15:07:47.958+0530] {dagbag.py:545} INFO - Filling up the DagBag from /home/logi/txtai/venv/lib/python3.10/site-packages/airflow/example_dags/example_bash_operator.py
[2025-10-30T15:07:47.979+0530] {processor.py:840} INFO - DAG(s) 'example_bash_operator' retrieved from /home/logi/txtai/venv/lib/python3.10/site-packages/airflow/example_dags/example_bash_operator.py
[2025-10-30T15:07:48.013+0530] {logging_mixin.py:188} INFO - [2025-10-30T15:07:48.013+0530] {dag.py:3089} INFO - Sync 1 DAGs
[2025-10-30T15:07:48.033+0530] {logging_mixin.py:188} INFO - [2025-10-30T15:07:48.033+0530] {dag.py:3947} INFO - Setting next_dagrun for example_bash_operator to 2025-10-29 00:00:00+00:00, run_after=2025-10-30 00:00:00+00:00
[2025-10-30T15:07:48.054+0530] {processor.py:183} INFO - Processing /home/logi/txtai/venv/lib/python3.10/site-packages/airflow/example_dags/example_bash_operator.py took 0.123 seconds
[2025-10-30T15:09:05.594+0530] {processor.py:161} INFO - Started process (PID=6244) to work on /home/logi/txtai/venv/lib/python3.10/site-packages/airflow/example_dags/example_bash_operator.py
[2025-10-30T15:09:05.607+0530] {processor.py:830} INFO - Processing file /home/logi/txtai/venv/lib/python3.10/site-packages/airflow/example_dags/example_bash_operator.py for tasks to queue
[2025-10-30T15:09:05.610+0530] {logging_mixin.py:188} INFO - [2025-10-30T15:09:05.609+0530] {dagbag.py:545} INFO - Filling up the DagBag from /home/logi/txtai/venv/lib/python3.10/site-packages/airflow/example_dags/example_bash_operator.py
[2025-10-30T15:09:05.630+0530] {processor.py:840} INFO - DAG(s) 'example_bash_operator' retrieved from /home/logi/txtai/venv/lib/python3.10/site-packages/airflow/example_dags/example_bash_operator.py
[2025-10-30T15:09:05.664+0530] {logging_mixin.py:188} INFO - [2025-10-30T15:09:05.664+0530] {dag.py:3089} INFO - Sync 1 DAGs
[2025-10-30T15:09:05.681+0530] {logging_mixin.py:188} INFO - [2025-10-30T15:09:05.681+0530] {dag.py:3947} INFO - Setting next_dagrun for example_bash_operator to 2025-10-29 00:00:00+00:00, run_after=2025-10-30 00:00:00+00:00
[2025-10-30T15:09:05.703+0530] {processor.py:183} INFO - Processing /home/logi/txtai/venv/lib/python3.10/site-packages/airflow/example_dags/example_bash_operator.py took 0.120 seconds
[2025-10-30T15:10:21.499+0530] {processor.py:161} INFO - Started process (PID=6376) to work on /home/logi/txtai/venv/lib/python3.10/site-packages/airflow/example_dags/example_bash_operator.py
[2025-10-30T15:10:21.512+0530] {processor.py:830} INFO - Processing file /home/logi/txtai/venv/lib/python3.10/site-packages/airflow/example_dags/example_bash_operator.py for tasks to queue
[2025-10-30T15:10:21.516+0530] {logging_mixin.py:188} INFO - [2025-10-30T15:10:21.516+0530] {dagbag.py:545} INFO - Filling up the DagBag from /home/logi/txtai/venv/lib/python3.10/site-packages/airflow/example_dags/example_bash_operator.py
[2025-10-30T15:10:21.538+0530] {processor.py:840} INFO - DAG(s) 'example_bash_operator' retrieved from /home/logi/txtai/venv/lib/python3.10/site-packages/airflow/example_dags/example_bash_operator.py
[2025-10-30T15:10:21.570+0530] {logging_mixin.py:188} INFO - [2025-10-30T15:10:21.569+0530] {dag.py:3089} INFO - Sync 1 DAGs
[2025-10-30T15:10:21.587+0530] {logging_mixin.py:188} INFO - [2025-10-30T15:10:21.587+0530] {dag.py:3947} INFO - Setting next_dagrun for example_bash_operator to 2025-10-29 00:00:00+00:00, run_after=2025-10-30 00:00:00+00:00
[2025-10-30T15:10:21.614+0530] {processor.py:183} INFO - Processing /home/logi/txtai/venv/lib/python3.10/site-packages/airflow/example_dags/example_bash_operator.py took 0.128 seconds
[2025-10-30T15:11:32.023+0530] {processor.py:161} INFO - Started process (PID=6534) to work on /home/logi/txtai/venv/lib/python3.10/site-packages/airflow/example_dags/example_bash_operator.py
[2025-10-30T15:11:32.036+0530] {processor.py:830} INFO - Processing file /home/logi/txtai/venv/lib/python3.10/site-packages/airflow/example_dags/example_bash_operator.py for tasks to queue
[2025-10-30T15:11:32.039+0530] {logging_mixin.py:188} INFO - [2025-10-30T15:11:32.039+0530] {dagbag.py:545} INFO - Filling up the DagBag from /home/logi/txtai/venv/lib/python3.10/site-packages/airflow/example_dags/example_bash_operator.py
[2025-10-30T15:11:32.063+0530] {processor.py:840} INFO - DAG(s) 'example_bash_operator' retrieved from /home/logi/txtai/venv/lib/python3.10/site-packages/airflow/example_dags/example_bash_operator.py
[2025-10-30T15:11:32.101+0530] {logging_mixin.py:188} INFO - [2025-10-30T15:11:32.100+0530] {dag.py:3089} INFO - Sync 1 DAGs
[2025-10-30T15:11:32.117+0530] {logging_mixin.py:188} INFO - [2025-10-30T15:11:32.116+0530] {dag.py:3947} INFO - Setting next_dagrun for example_bash_operator to 2025-10-29 00:00:00+00:00, run_after=2025-10-30 00:00:00+00:00
[2025-10-30T15:11:32.135+0530] {processor.py:183} INFO - Processing /home/logi/txtai/venv/lib/python3.10/site-packages/airflow/example_dags/example_bash_operator.py took 0.123 seconds
[2025-10-30T15:12:49.042+0530] {processor.py:161} INFO - Started process (PID=6647) to work on /home/logi/txtai/venv/lib/python3.10/site-packages/airflow/example_dags/example_bash_operator.py
[2025-10-30T15:12:49.055+0530] {processor.py:830} INFO - Processing file /home/logi/txtai/venv/lib/python3.10/site-packages/airflow/example_dags/example_bash_operator.py for tasks to queue
[2025-10-30T15:12:49.058+0530] {logging_mixin.py:188} INFO - [2025-10-30T15:12:49.058+0530] {dagbag.py:545} INFO - Filling up the DagBag from /home/logi/txtai/venv/lib/python3.10/site-packages/airflow/example_dags/example_bash_operator.py
[2025-10-30T15:12:49.079+0530] {processor.py:840} INFO - DAG(s) 'example_bash_operator' retrieved from /home/logi/txtai/venv/lib/python3.10/site-packages/airflow/example_dags/example_bash_operator.py
[2025-10-30T15:12:49.112+0530] {logging_mixin.py:188} INFO - [2025-10-30T15:12:49.112+0530] {dag.py:3089} INFO - Sync 1 DAGs
[2025-10-30T15:12:49.130+0530] {logging_mixin.py:188} INFO - [2025-10-30T15:12:49.129+0530] {dag.py:3947} INFO - Setting next_dagrun for example_bash_operator to 2025-10-29 00:00:00+00:00, run_after=2025-10-30 00:00:00+00:00
[2025-10-30T15:12:49.150+0530] {processor.py:183} INFO - Processing /home/logi/txtai/venv/lib/python3.10/site-packages/airflow/example_dags/example_bash_operator.py took 0.121 seconds
[2025-10-30T15:14:02.687+0530] {processor.py:161} INFO - Started process (PID=6765) to work on /home/logi/txtai/venv/lib/python3.10/site-packages/airflow/example_dags/example_bash_operator.py
[2025-10-30T15:14:02.701+0530] {processor.py:830} INFO - Processing file /home/logi/txtai/venv/lib/python3.10/site-packages/airflow/example_dags/example_bash_operator.py for tasks to queue
[2025-10-30T15:14:02.704+0530] {logging_mixin.py:188} INFO - [2025-10-30T15:14:02.703+0530] {dagbag.py:545} INFO - Filling up the DagBag from /home/logi/txtai/venv/lib/python3.10/site-packages/airflow/example_dags/example_bash_operator.py
[2025-10-30T15:14:02.724+0530] {processor.py:840} INFO - DAG(s) 'example_bash_operator' retrieved from /home/logi/txtai/venv/lib/python3.10/site-packages/airflow/example_dags/example_bash_operator.py
[2025-10-30T15:14:02.757+0530] {logging_mixin.py:188} INFO - [2025-10-30T15:14:02.756+0530] {dag.py:3089} INFO - Sync 1 DAGs
[2025-10-30T15:14:02.774+0530] {logging_mixin.py:188} INFO - [2025-10-30T15:14:02.773+0530] {dag.py:3947} INFO - Setting next_dagrun for example_bash_operator to 2025-10-29 00:00:00+00:00, run_after=2025-10-30 00:00:00+00:00
[2025-10-30T15:14:02.802+0530] {processor.py:183} INFO - Processing /home/logi/txtai/venv/lib/python3.10/site-packages/airflow/example_dags/example_bash_operator.py took 0.126 seconds
[2025-10-30T15:15:21.415+0530] {processor.py:161} INFO - Started process (PID=6887) to work on /home/logi/txtai/venv/lib/python3.10/site-packages/airflow/example_dags/example_bash_operator.py
[2025-10-30T15:15:21.428+0530] {processor.py:830} INFO - Processing file /home/logi/txtai/venv/lib/python3.10/site-packages/airflow/example_dags/example_bash_operator.py for tasks to queue
[2025-10-30T15:15:21.431+0530] {logging_mixin.py:188} INFO - [2025-10-30T15:15:21.431+0530] {dagbag.py:545} INFO - Filling up the DagBag from /home/logi/txtai/venv/lib/python3.10/site-packages/airflow/example_dags/example_bash_operator.py
[2025-10-30T15:15:21.452+0530] {processor.py:840} INFO - DAG(s) 'example_bash_operator' retrieved from /home/logi/txtai/venv/lib/python3.10/site-packages/airflow/example_dags/example_bash_operator.py
[2025-10-30T15:15:21.476+0530] {logging_mixin.py:188} INFO - [2025-10-30T15:15:21.476+0530] {dag.py:3089} INFO - Sync 1 DAGs
[2025-10-30T15:15:21.493+0530] {logging_mixin.py:188} INFO - [2025-10-30T15:15:21.493+0530] {dag.py:3947} INFO - Setting next_dagrun for example_bash_operator to 2025-10-29 00:00:00+00:00, run_after=2025-10-30 00:00:00+00:00
[2025-10-30T15:15:21.515+0530] {processor.py:183} INFO - Processing /home/logi/txtai/venv/lib/python3.10/site-packages/airflow/example_dags/example_bash_operator.py took 0.112 seconds
[2025-10-30T15:16:31.103+0530] {processor.py:161} INFO - Started process (PID=6998) to work on /home/logi/txtai/venv/lib/python3.10/site-packages/airflow/example_dags/example_bash_operator.py
[2025-10-30T15:16:31.118+0530] {processor.py:830} INFO - Processing file /home/logi/txtai/venv/lib/python3.10/site-packages/airflow/example_dags/example_bash_operator.py for tasks to queue
[2025-10-30T15:16:31.121+0530] {logging_mixin.py:188} INFO - [2025-10-30T15:16:31.120+0530] {dagbag.py:545} INFO - Filling up the DagBag from /home/logi/txtai/venv/lib/python3.10/site-packages/airflow/example_dags/example_bash_operator.py
[2025-10-30T15:16:31.141+0530] {processor.py:840} INFO - DAG(s) 'example_bash_operator' retrieved from /home/logi/txtai/venv/lib/python3.10/site-packages/airflow/example_dags/example_bash_operator.py
[2025-10-30T15:16:31.173+0530] {logging_mixin.py:188} INFO - [2025-10-30T15:16:31.173+0530] {dag.py:3089} INFO - Sync 1 DAGs
[2025-10-30T15:16:31.192+0530] {logging_mixin.py:188} INFO - [2025-10-30T15:16:31.191+0530] {dag.py:3947} INFO - Setting next_dagrun for example_bash_operator to 2025-10-29 00:00:00+00:00, run_after=2025-10-30 00:00:00+00:00
[2025-10-30T15:16:31.214+0530] {processor.py:183} INFO - Processing /home/logi/txtai/venv/lib/python3.10/site-packages/airflow/example_dags/example_bash_operator.py took 0.122 seconds
[2025-10-30T15:17:44.684+0530] {processor.py:161} INFO - Started process (PID=7104) to work on /home/logi/txtai/venv/lib/python3.10/site-packages/airflow/example_dags/example_bash_operator.py
[2025-10-30T15:17:44.697+0530] {processor.py:830} INFO - Processing file /home/logi/txtai/venv/lib/python3.10/site-packages/airflow/example_dags/example_bash_operator.py for tasks to queue
[2025-10-30T15:17:44.701+0530] {logging_mixin.py:188} INFO - [2025-10-30T15:17:44.700+0530] {dagbag.py:545} INFO - Filling up the DagBag from /home/logi/txtai/venv/lib/python3.10/site-packages/airflow/example_dags/example_bash_operator.py
[2025-10-30T15:17:44.720+0530] {processor.py:840} INFO - DAG(s) 'example_bash_operator' retrieved from /home/logi/txtai/venv/lib/python3.10/site-packages/airflow/example_dags/example_bash_operator.py
[2025-10-30T15:17:44.752+0530] {logging_mixin.py:188} INFO - [2025-10-30T15:17:44.752+0530] {dag.py:3089} INFO - Sync 1 DAGs
[2025-10-30T15:17:44.769+0530] {logging_mixin.py:188} INFO - [2025-10-30T15:17:44.768+0530] {dag.py:3947} INFO - Setting next_dagrun for example_bash_operator to 2025-10-29 00:00:00+00:00, run_after=2025-10-30 00:00:00+00:00
[2025-10-30T15:17:44.788+0530] {processor.py:183} INFO - Processing /home/logi/txtai/venv/lib/python3.10/site-packages/airflow/example_dags/example_bash_operator.py took 0.115 seconds
[2025-10-30T15:19:03.470+0530] {processor.py:161} INFO - Started process (PID=7210) to work on /home/logi/txtai/venv/lib/python3.10/site-packages/airflow/example_dags/example_bash_operator.py
[2025-10-30T15:19:03.474+0530] {processor.py:830} INFO - Processing file /home/logi/txtai/venv/lib/python3.10/site-packages/airflow/example_dags/example_bash_operator.py for tasks to queue
[2025-10-30T15:19:03.477+0530] {logging_mixin.py:188} INFO - [2025-10-30T15:19:03.476+0530] {dagbag.py:545} INFO - Filling up the DagBag from /home/logi/txtai/venv/lib/python3.10/site-packages/airflow/example_dags/example_bash_operator.py
[2025-10-30T15:19:03.504+0530] {processor.py:840} INFO - DAG(s) 'example_bash_operator' retrieved from /home/logi/txtai/venv/lib/python3.10/site-packages/airflow/example_dags/example_bash_operator.py
[2025-10-30T15:19:03.534+0530] {logging_mixin.py:188} INFO - [2025-10-30T15:19:03.533+0530] {dag.py:3089} INFO - Sync 1 DAGs
[2025-10-30T15:19:03.556+0530] {logging_mixin.py:188} INFO - [2025-10-30T15:19:03.556+0530] {dag.py:3947} INFO - Setting next_dagrun for example_bash_operator to 2025-10-29 00:00:00+00:00, run_after=2025-10-30 00:00:00+00:00
[2025-10-30T15:19:03.577+0530] {processor.py:183} INFO - Processing /home/logi/txtai/venv/lib/python3.10/site-packages/airflow/example_dags/example_bash_operator.py took 0.121 seconds
[2025-10-30T15:20:21.575+0530] {processor.py:161} INFO - Started process (PID=7363) to work on /home/logi/txtai/venv/lib/python3.10/site-packages/airflow/example_dags/example_bash_operator.py
[2025-10-30T15:20:21.577+0530] {processor.py:830} INFO - Processing file /home/logi/txtai/venv/lib/python3.10/site-packages/airflow/example_dags/example_bash_operator.py for tasks to queue
[2025-10-30T15:20:21.580+0530] {logging_mixin.py:188} INFO - [2025-10-30T15:20:21.579+0530] {dagbag.py:545} INFO - Filling up the DagBag from /home/logi/txtai/venv/lib/python3.10/site-packages/airflow/example_dags/example_bash_operator.py
[2025-10-30T15:20:21.599+0530] {processor.py:840} INFO - DAG(s) 'example_bash_operator' retrieved from /home/logi/txtai/venv/lib/python3.10/site-packages/airflow/example_dags/example_bash_operator.py
[2025-10-30T15:20:21.623+0530] {logging_mixin.py:188} INFO - [2025-10-30T15:20:21.622+0530] {dag.py:3089} INFO - Sync 1 DAGs
[2025-10-30T15:20:21.639+0530] {logging_mixin.py:188} INFO - [2025-10-30T15:20:21.639+0530] {dag.py:3947} INFO - Setting next_dagrun for example_bash_operator to 2025-10-29 00:00:00+00:00, run_after=2025-10-30 00:00:00+00:00
[2025-10-30T15:20:21.657+0530] {processor.py:183} INFO - Processing /home/logi/txtai/venv/lib/python3.10/site-packages/airflow/example_dags/example_bash_operator.py took 0.092 seconds
[2025-10-30T15:21:35.875+0530] {processor.py:161} INFO - Started process (PID=7482) to work on /home/logi/txtai/venv/lib/python3.10/site-packages/airflow/example_dags/example_bash_operator.py
[2025-10-30T15:21:35.889+0530] {processor.py:830} INFO - Processing file /home/logi/txtai/venv/lib/python3.10/site-packages/airflow/example_dags/example_bash_operator.py for tasks to queue
[2025-10-30T15:21:35.892+0530] {logging_mixin.py:188} INFO - [2025-10-30T15:21:35.891+0530] {dagbag.py:545} INFO - Filling up the DagBag from /home/logi/txtai/venv/lib/python3.10/site-packages/airflow/example_dags/example_bash_operator.py
[2025-10-30T15:21:35.912+0530] {processor.py:840} INFO - DAG(s) 'example_bash_operator' retrieved from /home/logi/txtai/venv/lib/python3.10/site-packages/airflow/example_dags/example_bash_operator.py
[2025-10-30T15:21:35.948+0530] {logging_mixin.py:188} INFO - [2025-10-30T15:21:35.948+0530] {dag.py:3089} INFO - Sync 1 DAGs
[2025-10-30T15:21:35.966+0530] {logging_mixin.py:188} INFO - [2025-10-30T15:21:35.965+0530] {dag.py:3947} INFO - Setting next_dagrun for example_bash_operator to 2025-10-29 00:00:00+00:00, run_after=2025-10-30 00:00:00+00:00
[2025-10-30T15:21:35.993+0530] {processor.py:183} INFO - Processing /home/logi/txtai/venv/lib/python3.10/site-packages/airflow/example_dags/example_bash_operator.py took 0.129 seconds
[2025-10-30T15:22:47.641+0530] {processor.py:161} INFO - Started process (PID=7575) to work on /home/logi/txtai/venv/lib/python3.10/site-packages/airflow/example_dags/example_bash_operator.py
[2025-10-30T15:22:47.654+0530] {processor.py:830} INFO - Processing file /home/logi/txtai/venv/lib/python3.10/site-packages/airflow/example_dags/example_bash_operator.py for tasks to queue
[2025-10-30T15:22:47.658+0530] {logging_mixin.py:188} INFO - [2025-10-30T15:22:47.657+0530] {dagbag.py:545} INFO - Filling up the DagBag from /home/logi/txtai/venv/lib/python3.10/site-packages/airflow/example_dags/example_bash_operator.py
[2025-10-30T15:22:47.678+0530] {processor.py:840} INFO - DAG(s) 'example_bash_operator' retrieved from /home/logi/txtai/venv/lib/python3.10/site-packages/airflow/example_dags/example_bash_operator.py
[2025-10-30T15:22:47.712+0530] {logging_mixin.py:188} INFO - [2025-10-30T15:22:47.711+0530] {dag.py:3089} INFO - Sync 1 DAGs
[2025-10-30T15:22:47.729+0530] {logging_mixin.py:188} INFO - [2025-10-30T15:22:47.729+0530] {dag.py:3947} INFO - Setting next_dagrun for example_bash_operator to 2025-10-29 00:00:00+00:00, run_after=2025-10-30 00:00:00+00:00
[2025-10-30T15:22:47.752+0530] {processor.py:183} INFO - Processing /home/logi/txtai/venv/lib/python3.10/site-packages/airflow/example_dags/example_bash_operator.py took 0.121 seconds
[2025-10-30T15:24:04.338+0530] {processor.py:161} INFO - Started process (PID=7686) to work on /home/logi/txtai/venv/lib/python3.10/site-packages/airflow/example_dags/example_bash_operator.py
[2025-10-30T15:24:04.351+0530] {processor.py:830} INFO - Processing file /home/logi/txtai/venv/lib/python3.10/site-packages/airflow/example_dags/example_bash_operator.py for tasks to queue
[2025-10-30T15:24:04.354+0530] {logging_mixin.py:188} INFO - [2025-10-30T15:24:04.353+0530] {dagbag.py:545} INFO - Filling up the DagBag from /home/logi/txtai/venv/lib/python3.10/site-packages/airflow/example_dags/example_bash_operator.py
[2025-10-30T15:24:04.373+0530] {processor.py:840} INFO - DAG(s) 'example_bash_operator' retrieved from /home/logi/txtai/venv/lib/python3.10/site-packages/airflow/example_dags/example_bash_operator.py
[2025-10-30T15:24:04.407+0530] {logging_mixin.py:188} INFO - [2025-10-30T15:24:04.407+0530] {dag.py:3089} INFO - Sync 1 DAGs
[2025-10-30T15:24:04.425+0530] {logging_mixin.py:188} INFO - [2025-10-30T15:24:04.424+0530] {dag.py:3947} INFO - Setting next_dagrun for example_bash_operator to 2025-10-29 00:00:00+00:00, run_after=2025-10-30 00:00:00+00:00
[2025-10-30T15:24:04.453+0530] {processor.py:183} INFO - Processing /home/logi/txtai/venv/lib/python3.10/site-packages/airflow/example_dags/example_bash_operator.py took 0.126 seconds
[2025-10-30T15:25:19.900+0530] {processor.py:161} INFO - Started process (PID=7803) to work on /home/logi/txtai/venv/lib/python3.10/site-packages/airflow/example_dags/example_bash_operator.py
[2025-10-30T15:25:19.913+0530] {processor.py:830} INFO - Processing file /home/logi/txtai/venv/lib/python3.10/site-packages/airflow/example_dags/example_bash_operator.py for tasks to queue
[2025-10-30T15:25:19.917+0530] {logging_mixin.py:188} INFO - [2025-10-30T15:25:19.916+0530] {dagbag.py:545} INFO - Filling up the DagBag from /home/logi/txtai/venv/lib/python3.10/site-packages/airflow/example_dags/example_bash_operator.py
[2025-10-30T15:25:19.937+0530] {processor.py:840} INFO - DAG(s) 'example_bash_operator' retrieved from /home/logi/txtai/venv/lib/python3.10/site-packages/airflow/example_dags/example_bash_operator.py
[2025-10-30T15:25:19.970+0530] {logging_mixin.py:188} INFO - [2025-10-30T15:25:19.969+0530] {dag.py:3089} INFO - Sync 1 DAGs
[2025-10-30T15:25:19.988+0530] {logging_mixin.py:188} INFO - [2025-10-30T15:25:19.987+0530] {dag.py:3947} INFO - Setting next_dagrun for example_bash_operator to 2025-10-29 00:00:00+00:00, run_after=2025-10-30 00:00:00+00:00
[2025-10-30T15:25:20.009+0530] {processor.py:183} INFO - Processing /home/logi/txtai/venv/lib/python3.10/site-packages/airflow/example_dags/example_bash_operator.py took 0.120 seconds
[2025-10-30T15:26:30.622+0530] {processor.py:161} INFO - Started process (PID=7915) to work on /home/logi/txtai/venv/lib/python3.10/site-packages/airflow/example_dags/example_bash_operator.py
[2025-10-30T15:26:30.636+0530] {processor.py:830} INFO - Processing file /home/logi/txtai/venv/lib/python3.10/site-packages/airflow/example_dags/example_bash_operator.py for tasks to queue
[2025-10-30T15:26:30.639+0530] {logging_mixin.py:188} INFO - [2025-10-30T15:26:30.639+0530] {dagbag.py:545} INFO - Filling up the DagBag from /home/logi/txtai/venv/lib/python3.10/site-packages/airflow/example_dags/example_bash_operator.py
[2025-10-30T15:26:30.659+0530] {processor.py:840} INFO - DAG(s) 'example_bash_operator' retrieved from /home/logi/txtai/venv/lib/python3.10/site-packages/airflow/example_dags/example_bash_operator.py
[2025-10-30T15:26:30.694+0530] {logging_mixin.py:188} INFO - [2025-10-30T15:26:30.694+0530] {dag.py:3089} INFO - Sync 1 DAGs
[2025-10-30T15:26:30.711+0530] {logging_mixin.py:188} INFO - [2025-10-30T15:26:30.710+0530] {dag.py:3947} INFO - Setting next_dagrun for example_bash_operator to 2025-10-29 00:00:00+00:00, run_after=2025-10-30 00:00:00+00:00
[2025-10-30T15:26:30.738+0530] {processor.py:183} INFO - Processing /home/logi/txtai/venv/lib/python3.10/site-packages/airflow/example_dags/example_bash_operator.py took 0.126 seconds
[2025-10-30T15:27:45.427+0530] {processor.py:161} INFO - Started process (PID=8000) to work on /home/logi/txtai/venv/lib/python3.10/site-packages/airflow/example_dags/example_bash_operator.py
[2025-10-30T15:27:45.441+0530] {processor.py:830} INFO - Processing file /home/logi/txtai/venv/lib/python3.10/site-packages/airflow/example_dags/example_bash_operator.py for tasks to queue
[2025-10-30T15:27:45.444+0530] {logging_mixin.py:188} INFO - [2025-10-30T15:27:45.443+0530] {dagbag.py:545} INFO - Filling up the DagBag from /home/logi/txtai/venv/lib/python3.10/site-packages/airflow/example_dags/example_bash_operator.py
[2025-10-30T15:27:45.463+0530] {processor.py:840} INFO - DAG(s) 'example_bash_operator' retrieved from /home/logi/txtai/venv/lib/python3.10/site-packages/airflow/example_dags/example_bash_operator.py
[2025-10-30T15:27:45.496+0530] {logging_mixin.py:188} INFO - [2025-10-30T15:27:45.496+0530] {dag.py:3089} INFO - Sync 1 DAGs
[2025-10-30T15:27:45.513+0530] {logging_mixin.py:188} INFO - [2025-10-30T15:27:45.513+0530] {dag.py:3947} INFO - Setting next_dagrun for example_bash_operator to 2025-10-29 00:00:00+00:00, run_after=2025-10-30 00:00:00+00:00
[2025-10-30T15:27:45.539+0530] {processor.py:183} INFO - Processing /home/logi/txtai/venv/lib/python3.10/site-packages/airflow/example_dags/example_bash_operator.py took 0.122 seconds
[2025-10-30T15:29:00.302+0530] {processor.py:161} INFO - Started process (PID=8101) to work on /home/logi/txtai/venv/lib/python3.10/site-packages/airflow/example_dags/example_bash_operator.py
[2025-10-30T15:29:00.315+0530] {processor.py:830} INFO - Processing file /home/logi/txtai/venv/lib/python3.10/site-packages/airflow/example_dags/example_bash_operator.py for tasks to queue
[2025-10-30T15:29:00.318+0530] {logging_mixin.py:188} INFO - [2025-10-30T15:29:00.317+0530] {dagbag.py:545} INFO - Filling up the DagBag from /home/logi/txtai/venv/lib/python3.10/site-packages/airflow/example_dags/example_bash_operator.py
[2025-10-30T15:29:00.337+0530] {processor.py:840} INFO - DAG(s) 'example_bash_operator' retrieved from /home/logi/txtai/venv/lib/python3.10/site-packages/airflow/example_dags/example_bash_operator.py
[2025-10-30T15:29:00.371+0530] {logging_mixin.py:188} INFO - [2025-10-30T15:29:00.371+0530] {dag.py:3089} INFO - Sync 1 DAGs
[2025-10-30T15:29:00.387+0530] {logging_mixin.py:188} INFO - [2025-10-30T15:29:00.387+0530] {dag.py:3947} INFO - Setting next_dagrun for example_bash_operator to 2025-10-29 00:00:00+00:00, run_after=2025-10-30 00:00:00+00:00
[2025-10-30T15:29:00.407+0530] {processor.py:183} INFO - Processing /home/logi/txtai/venv/lib/python3.10/site-packages/airflow/example_dags/example_bash_operator.py took 0.116 seconds
[2025-10-30T15:30:16.107+0530] {processor.py:161} INFO - Started process (PID=8217) to work on /home/logi/txtai/venv/lib/python3.10/site-packages/airflow/example_dags/example_bash_operator.py
[2025-10-30T15:30:16.120+0530] {processor.py:830} INFO - Processing file /home/logi/txtai/venv/lib/python3.10/site-packages/airflow/example_dags/example_bash_operator.py for tasks to queue
[2025-10-30T15:30:16.123+0530] {logging_mixin.py:188} INFO - [2025-10-30T15:30:16.122+0530] {dagbag.py:545} INFO - Filling up the DagBag from /home/logi/txtai/venv/lib/python3.10/site-packages/airflow/example_dags/example_bash_operator.py
[2025-10-30T15:30:16.144+0530] {processor.py:840} INFO - DAG(s) 'example_bash_operator' retrieved from /home/logi/txtai/venv/lib/python3.10/site-packages/airflow/example_dags/example_bash_operator.py
[2025-10-30T15:30:16.171+0530] {logging_mixin.py:188} INFO - [2025-10-30T15:30:16.170+0530] {dag.py:3089} INFO - Sync 1 DAGs
[2025-10-30T15:30:16.187+0530] {logging_mixin.py:188} INFO - [2025-10-30T15:30:16.187+0530] {dag.py:3947} INFO - Setting next_dagrun for example_bash_operator to 2025-10-29 00:00:00+00:00, run_after=2025-10-30 00:00:00+00:00
[2025-10-30T15:30:16.208+0530] {processor.py:183} INFO - Processing /home/logi/txtai/venv/lib/python3.10/site-packages/airflow/example_dags/example_bash_operator.py took 0.108 seconds
[2025-10-30T15:31:28.968+0530] {processor.py:161} INFO - Started process (PID=8312) to work on /home/logi/txtai/venv/lib/python3.10/site-packages/airflow/example_dags/example_bash_operator.py
[2025-10-30T15:31:28.981+0530] {processor.py:830} INFO - Processing file /home/logi/txtai/venv/lib/python3.10/site-packages/airflow/example_dags/example_bash_operator.py for tasks to queue
[2025-10-30T15:31:28.984+0530] {logging_mixin.py:188} INFO - [2025-10-30T15:31:28.983+0530] {dagbag.py:545} INFO - Filling up the DagBag from /home/logi/txtai/venv/lib/python3.10/site-packages/airflow/example_dags/example_bash_operator.py
[2025-10-30T15:31:29.004+0530] {processor.py:840} INFO - DAG(s) 'example_bash_operator' retrieved from /home/logi/txtai/venv/lib/python3.10/site-packages/airflow/example_dags/example_bash_operator.py
[2025-10-30T15:31:29.037+0530] {logging_mixin.py:188} INFO - [2025-10-30T15:31:29.037+0530] {dag.py:3089} INFO - Sync 1 DAGs
[2025-10-30T15:31:29.054+0530] {logging_mixin.py:188} INFO - [2025-10-30T15:31:29.054+0530] {dag.py:3947} INFO - Setting next_dagrun for example_bash_operator to 2025-10-29 00:00:00+00:00, run_after=2025-10-30 00:00:00+00:00
[2025-10-30T15:31:29.074+0530] {processor.py:183} INFO - Processing /home/logi/txtai/venv/lib/python3.10/site-packages/airflow/example_dags/example_bash_operator.py took 0.118 seconds
[2025-10-30T15:32:46.189+0530] {processor.py:161} INFO - Started process (PID=8404) to work on /home/logi/txtai/venv/lib/python3.10/site-packages/airflow/example_dags/example_bash_operator.py
[2025-10-30T15:32:46.203+0530] {processor.py:830} INFO - Processing file /home/logi/txtai/venv/lib/python3.10/site-packages/airflow/example_dags/example_bash_operator.py for tasks to queue
[2025-10-30T15:32:46.206+0530] {logging_mixin.py:188} INFO - [2025-10-30T15:32:46.205+0530] {dagbag.py:545} INFO - Filling up the DagBag from /home/logi/txtai/venv/lib/python3.10/site-packages/airflow/example_dags/example_bash_operator.py
[2025-10-30T15:32:46.225+0530] {processor.py:840} INFO - DAG(s) 'example_bash_operator' retrieved from /home/logi/txtai/venv/lib/python3.10/site-packages/airflow/example_dags/example_bash_operator.py
[2025-10-30T15:32:46.258+0530] {logging_mixin.py:188} INFO - [2025-10-30T15:32:46.258+0530] {dag.py:3089} INFO - Sync 1 DAGs
[2025-10-30T15:32:46.275+0530] {logging_mixin.py:188} INFO - [2025-10-30T15:32:46.275+0530] {dag.py:3947} INFO - Setting next_dagrun for example_bash_operator to 2025-10-29 00:00:00+00:00, run_after=2025-10-30 00:00:00+00:00
[2025-10-30T15:32:46.302+0530] {processor.py:183} INFO - Processing /home/logi/txtai/venv/lib/python3.10/site-packages/airflow/example_dags/example_bash_operator.py took 0.124 seconds
[2025-10-30T15:34:02.879+0530] {processor.py:161} INFO - Started process (PID=8505) to work on /home/logi/txtai/venv/lib/python3.10/site-packages/airflow/example_dags/example_bash_operator.py
[2025-10-30T15:34:02.882+0530] {processor.py:830} INFO - Processing file /home/logi/txtai/venv/lib/python3.10/site-packages/airflow/example_dags/example_bash_operator.py for tasks to queue
[2025-10-30T15:34:02.885+0530] {logging_mixin.py:188} INFO - [2025-10-30T15:34:02.884+0530] {dagbag.py:545} INFO - Filling up the DagBag from /home/logi/txtai/venv/lib/python3.10/site-packages/airflow/example_dags/example_bash_operator.py
[2025-10-30T15:34:02.905+0530] {processor.py:840} INFO - DAG(s) 'example_bash_operator' retrieved from /home/logi/txtai/venv/lib/python3.10/site-packages/airflow/example_dags/example_bash_operator.py
[2025-10-30T15:34:02.931+0530] {logging_mixin.py:188} INFO - [2025-10-30T15:34:02.931+0530] {dag.py:3089} INFO - Sync 1 DAGs
[2025-10-30T15:34:02.948+0530] {logging_mixin.py:188} INFO - [2025-10-30T15:34:02.948+0530] {dag.py:3947} INFO - Setting next_dagrun for example_bash_operator to 2025-10-29 00:00:00+00:00, run_after=2025-10-30 00:00:00+00:00
[2025-10-30T15:34:02.968+0530] {processor.py:183} INFO - Processing /home/logi/txtai/venv/lib/python3.10/site-packages/airflow/example_dags/example_bash_operator.py took 0.100 seconds
[2025-10-30T15:35:32.864+0530] {processor.py:161} INFO - Started process (PID=8631) to work on /home/logi/txtai/venv/lib/python3.10/site-packages/airflow/example_dags/example_bash_operator.py
[2025-10-30T15:35:32.877+0530] {processor.py:830} INFO - Processing file /home/logi/txtai/venv/lib/python3.10/site-packages/airflow/example_dags/example_bash_operator.py for tasks to queue
[2025-10-30T15:35:32.880+0530] {logging_mixin.py:188} INFO - [2025-10-30T15:35:32.880+0530] {dagbag.py:545} INFO - Filling up the DagBag from /home/logi/txtai/venv/lib/python3.10/site-packages/airflow/example_dags/example_bash_operator.py
[2025-10-30T15:35:32.900+0530] {processor.py:840} INFO - DAG(s) 'example_bash_operator' retrieved from /home/logi/txtai/venv/lib/python3.10/site-packages/airflow/example_dags/example_bash_operator.py
[2025-10-30T15:35:32.933+0530] {logging_mixin.py:188} INFO - [2025-10-30T15:35:32.933+0530] {dag.py:3089} INFO - Sync 1 DAGs
[2025-10-30T15:35:32.950+0530] {logging_mixin.py:188} INFO - [2025-10-30T15:35:32.950+0530] {dag.py:3947} INFO - Setting next_dagrun for example_bash_operator to 2025-10-29 00:00:00+00:00, run_after=2025-10-30 00:00:00+00:00
[2025-10-30T15:35:32.970+0530] {processor.py:183} INFO - Processing /home/logi/txtai/venv/lib/python3.10/site-packages/airflow/example_dags/example_bash_operator.py took 0.118 seconds
[2025-10-30T15:36:53.213+0530] {processor.py:161} INFO - Started process (PID=8743) to work on /home/logi/txtai/venv/lib/python3.10/site-packages/airflow/example_dags/example_bash_operator.py
[2025-10-30T15:36:53.227+0530] {processor.py:830} INFO - Processing file /home/logi/txtai/venv/lib/python3.10/site-packages/airflow/example_dags/example_bash_operator.py for tasks to queue
[2025-10-30T15:36:53.230+0530] {logging_mixin.py:188} INFO - [2025-10-30T15:36:53.230+0530] {dagbag.py:545} INFO - Filling up the DagBag from /home/logi/txtai/venv/lib/python3.10/site-packages/airflow/example_dags/example_bash_operator.py
[2025-10-30T15:36:53.250+0530] {processor.py:840} INFO - DAG(s) 'example_bash_operator' retrieved from /home/logi/txtai/venv/lib/python3.10/site-packages/airflow/example_dags/example_bash_operator.py
[2025-10-30T15:36:53.283+0530] {logging_mixin.py:188} INFO - [2025-10-30T15:36:53.283+0530] {dag.py:3089} INFO - Sync 1 DAGs
[2025-10-30T15:36:53.299+0530] {logging_mixin.py:188} INFO - [2025-10-30T15:36:53.299+0530] {dag.py:3947} INFO - Setting next_dagrun for example_bash_operator to 2025-10-29 00:00:00+00:00, run_after=2025-10-30 00:00:00+00:00
[2025-10-30T15:36:53.326+0530] {processor.py:183} INFO - Processing /home/logi/txtai/venv/lib/python3.10/site-packages/airflow/example_dags/example_bash_operator.py took 0.124 seconds
[2025-10-30T15:38:15.115+0530] {processor.py:161} INFO - Started process (PID=8839) to work on /home/logi/txtai/venv/lib/python3.10/site-packages/airflow/example_dags/example_bash_operator.py
[2025-10-30T15:38:15.129+0530] {processor.py:830} INFO - Processing file /home/logi/txtai/venv/lib/python3.10/site-packages/airflow/example_dags/example_bash_operator.py for tasks to queue
[2025-10-30T15:38:15.132+0530] {logging_mixin.py:188} INFO - [2025-10-30T15:38:15.131+0530] {dagbag.py:545} INFO - Filling up the DagBag from /home/logi/txtai/venv/lib/python3.10/site-packages/airflow/example_dags/example_bash_operator.py
[2025-10-30T15:38:15.152+0530] {processor.py:840} INFO - DAG(s) 'example_bash_operator' retrieved from /home/logi/txtai/venv/lib/python3.10/site-packages/airflow/example_dags/example_bash_operator.py
[2025-10-30T15:38:15.184+0530] {logging_mixin.py:188} INFO - [2025-10-30T15:38:15.184+0530] {dag.py:3089} INFO - Sync 1 DAGs
[2025-10-30T15:38:15.201+0530] {logging_mixin.py:188} INFO - [2025-10-30T15:38:15.201+0530] {dag.py:3947} INFO - Setting next_dagrun for example_bash_operator to 2025-10-29 00:00:00+00:00, run_after=2025-10-30 00:00:00+00:00
[2025-10-30T15:38:15.220+0530] {processor.py:183} INFO - Processing /home/logi/txtai/venv/lib/python3.10/site-packages/airflow/example_dags/example_bash_operator.py took 0.116 seconds
[2025-10-30T15:39:30.466+0530] {processor.py:161} INFO - Started process (PID=8969) to work on /home/logi/txtai/venv/lib/python3.10/site-packages/airflow/example_dags/example_bash_operator.py
[2025-10-30T15:39:30.481+0530] {processor.py:830} INFO - Processing file /home/logi/txtai/venv/lib/python3.10/site-packages/airflow/example_dags/example_bash_operator.py for tasks to queue
[2025-10-30T15:39:30.484+0530] {logging_mixin.py:188} INFO - [2025-10-30T15:39:30.483+0530] {dagbag.py:545} INFO - Filling up the DagBag from /home/logi/txtai/venv/lib/python3.10/site-packages/airflow/example_dags/example_bash_operator.py
[2025-10-30T15:39:30.503+0530] {processor.py:840} INFO - DAG(s) 'example_bash_operator' retrieved from /home/logi/txtai/venv/lib/python3.10/site-packages/airflow/example_dags/example_bash_operator.py
[2025-10-30T15:39:30.537+0530] {logging_mixin.py:188} INFO - [2025-10-30T15:39:30.537+0530] {dag.py:3089} INFO - Sync 1 DAGs
[2025-10-30T15:39:30.554+0530] {logging_mixin.py:188} INFO - [2025-10-30T15:39:30.554+0530] {dag.py:3947} INFO - Setting next_dagrun for example_bash_operator to 2025-10-29 00:00:00+00:00, run_after=2025-10-30 00:00:00+00:00
[2025-10-30T15:39:30.581+0530] {processor.py:183} INFO - Processing /home/logi/txtai/venv/lib/python3.10/site-packages/airflow/example_dags/example_bash_operator.py took 0.126 seconds
[2025-10-30T15:40:43.799+0530] {processor.py:161} INFO - Started process (PID=9147) to work on /home/logi/txtai/venv/lib/python3.10/site-packages/airflow/example_dags/example_bash_operator.py
[2025-10-30T15:40:43.812+0530] {processor.py:830} INFO - Processing file /home/logi/txtai/venv/lib/python3.10/site-packages/airflow/example_dags/example_bash_operator.py for tasks to queue
[2025-10-30T15:40:43.815+0530] {logging_mixin.py:188} INFO - [2025-10-30T15:40:43.814+0530] {dagbag.py:545} INFO - Filling up the DagBag from /home/logi/txtai/venv/lib/python3.10/site-packages/airflow/example_dags/example_bash_operator.py
[2025-10-30T15:40:43.834+0530] {processor.py:840} INFO - DAG(s) 'example_bash_operator' retrieved from /home/logi/txtai/venv/lib/python3.10/site-packages/airflow/example_dags/example_bash_operator.py
[2025-10-30T15:40:43.860+0530] {logging_mixin.py:188} INFO - [2025-10-30T15:40:43.860+0530] {dag.py:3089} INFO - Sync 1 DAGs
[2025-10-30T15:40:43.877+0530] {logging_mixin.py:188} INFO - [2025-10-30T15:40:43.877+0530] {dag.py:3947} INFO - Setting next_dagrun for example_bash_operator to 2025-10-29 00:00:00+00:00, run_after=2025-10-30 00:00:00+00:00
[2025-10-30T15:40:43.899+0530] {processor.py:183} INFO - Processing /home/logi/txtai/venv/lib/python3.10/site-packages/airflow/example_dags/example_bash_operator.py took 0.107 seconds
[2025-10-30T15:42:01.642+0530] {processor.py:161} INFO - Started process (PID=9408) to work on /home/logi/txtai/venv/lib/python3.10/site-packages/airflow/example_dags/example_bash_operator.py
[2025-10-30T15:42:01.655+0530] {processor.py:830} INFO - Processing file /home/logi/txtai/venv/lib/python3.10/site-packages/airflow/example_dags/example_bash_operator.py for tasks to queue
[2025-10-30T15:42:01.659+0530] {logging_mixin.py:188} INFO - [2025-10-30T15:42:01.658+0530] {dagbag.py:545} INFO - Filling up the DagBag from /home/logi/txtai/venv/lib/python3.10/site-packages/airflow/example_dags/example_bash_operator.py
[2025-10-30T15:42:01.681+0530] {processor.py:840} INFO - DAG(s) 'example_bash_operator' retrieved from /home/logi/txtai/venv/lib/python3.10/site-packages/airflow/example_dags/example_bash_operator.py
[2025-10-30T15:42:01.730+0530] {logging_mixin.py:188} INFO - [2025-10-30T15:42:01.730+0530] {dag.py:3089} INFO - Sync 1 DAGs
[2025-10-30T15:42:01.752+0530] {logging_mixin.py:188} INFO - [2025-10-30T15:42:01.752+0530] {dag.py:3947} INFO - Setting next_dagrun for example_bash_operator to 2025-10-29 00:00:00+00:00, run_after=2025-10-30 00:00:00+00:00
[2025-10-30T15:42:01.780+0530] {processor.py:183} INFO - Processing /home/logi/txtai/venv/lib/python3.10/site-packages/airflow/example_dags/example_bash_operator.py took 0.149 seconds
[2025-10-30T15:43:14.746+0530] {processor.py:161} INFO - Started process (PID=9641) to work on /home/logi/txtai/venv/lib/python3.10/site-packages/airflow/example_dags/example_bash_operator.py
[2025-10-30T15:43:14.759+0530] {processor.py:830} INFO - Processing file /home/logi/txtai/venv/lib/python3.10/site-packages/airflow/example_dags/example_bash_operator.py for tasks to queue
[2025-10-30T15:43:14.762+0530] {logging_mixin.py:188} INFO - [2025-10-30T15:43:14.762+0530] {dagbag.py:545} INFO - Filling up the DagBag from /home/logi/txtai/venv/lib/python3.10/site-packages/airflow/example_dags/example_bash_operator.py
[2025-10-30T15:43:14.781+0530] {processor.py:840} INFO - DAG(s) 'example_bash_operator' retrieved from /home/logi/txtai/venv/lib/python3.10/site-packages/airflow/example_dags/example_bash_operator.py
[2025-10-30T15:43:14.815+0530] {logging_mixin.py:188} INFO - [2025-10-30T15:43:14.814+0530] {dag.py:3089} INFO - Sync 1 DAGs
[2025-10-30T15:43:14.832+0530] {logging_mixin.py:188} INFO - [2025-10-30T15:43:14.832+0530] {dag.py:3947} INFO - Setting next_dagrun for example_bash_operator to 2025-10-29 00:00:00+00:00, run_after=2025-10-30 00:00:00+00:00
[2025-10-30T15:43:14.853+0530] {processor.py:183} INFO - Processing /home/logi/txtai/venv/lib/python3.10/site-packages/airflow/example_dags/example_bash_operator.py took 0.118 seconds
[2025-10-30T15:44:31.512+0530] {processor.py:161} INFO - Started process (PID=9965) to work on /home/logi/txtai/venv/lib/python3.10/site-packages/airflow/example_dags/example_bash_operator.py
[2025-10-30T15:44:31.526+0530] {processor.py:830} INFO - Processing file /home/logi/txtai/venv/lib/python3.10/site-packages/airflow/example_dags/example_bash_operator.py for tasks to queue
[2025-10-30T15:44:31.529+0530] {logging_mixin.py:188} INFO - [2025-10-30T15:44:31.528+0530] {dagbag.py:545} INFO - Filling up the DagBag from /home/logi/txtai/venv/lib/python3.10/site-packages/airflow/example_dags/example_bash_operator.py
[2025-10-30T15:44:31.552+0530] {processor.py:840} INFO - DAG(s) 'example_bash_operator' retrieved from /home/logi/txtai/venv/lib/python3.10/site-packages/airflow/example_dags/example_bash_operator.py
[2025-10-30T15:44:31.585+0530] {logging_mixin.py:188} INFO - [2025-10-30T15:44:31.585+0530] {dag.py:3089} INFO - Sync 1 DAGs
[2025-10-30T15:44:31.602+0530] {logging_mixin.py:188} INFO - [2025-10-30T15:44:31.602+0530] {dag.py:3947} INFO - Setting next_dagrun for example_bash_operator to 2025-10-29 00:00:00+00:00, run_after=2025-10-30 00:00:00+00:00
[2025-10-30T15:44:31.622+0530] {processor.py:183} INFO - Processing /home/logi/txtai/venv/lib/python3.10/site-packages/airflow/example_dags/example_bash_operator.py took 0.121 seconds
[2025-10-30T15:45:44.496+0530] {processor.py:161} INFO - Started process (PID=10148) to work on /home/logi/txtai/venv/lib/python3.10/site-packages/airflow/example_dags/example_bash_operator.py
[2025-10-30T15:45:44.509+0530] {processor.py:830} INFO - Processing file /home/logi/txtai/venv/lib/python3.10/site-packages/airflow/example_dags/example_bash_operator.py for tasks to queue
[2025-10-30T15:45:44.512+0530] {logging_mixin.py:188} INFO - [2025-10-30T15:45:44.512+0530] {dagbag.py:545} INFO - Filling up the DagBag from /home/logi/txtai/venv/lib/python3.10/site-packages/airflow/example_dags/example_bash_operator.py
[2025-10-30T15:45:44.532+0530] {processor.py:840} INFO - DAG(s) 'example_bash_operator' retrieved from /home/logi/txtai/venv/lib/python3.10/site-packages/airflow/example_dags/example_bash_operator.py
[2025-10-30T15:45:44.564+0530] {logging_mixin.py:188} INFO - [2025-10-30T15:45:44.564+0530] {dag.py:3089} INFO - Sync 1 DAGs
[2025-10-30T15:45:44.581+0530] {logging_mixin.py:188} INFO - [2025-10-30T15:45:44.581+0530] {dag.py:3947} INFO - Setting next_dagrun for example_bash_operator to 2025-10-29 00:00:00+00:00, run_after=2025-10-30 00:00:00+00:00
[2025-10-30T15:45:44.603+0530] {processor.py:183} INFO - Processing /home/logi/txtai/venv/lib/python3.10/site-packages/airflow/example_dags/example_bash_operator.py took 0.118 seconds
[2025-10-30T15:46:54.977+0530] {processor.py:161} INFO - Started process (PID=10254) to work on /home/logi/txtai/venv/lib/python3.10/site-packages/airflow/example_dags/example_bash_operator.py
[2025-10-30T15:46:54.980+0530] {processor.py:830} INFO - Processing file /home/logi/txtai/venv/lib/python3.10/site-packages/airflow/example_dags/example_bash_operator.py for tasks to queue
[2025-10-30T15:46:54.983+0530] {logging_mixin.py:188} INFO - [2025-10-30T15:46:54.982+0530] {dagbag.py:545} INFO - Filling up the DagBag from /home/logi/txtai/venv/lib/python3.10/site-packages/airflow/example_dags/example_bash_operator.py
[2025-10-30T15:46:55.002+0530] {processor.py:840} INFO - DAG(s) 'example_bash_operator' retrieved from /home/logi/txtai/venv/lib/python3.10/site-packages/airflow/example_dags/example_bash_operator.py
[2025-10-30T15:46:55.028+0530] {logging_mixin.py:188} INFO - [2025-10-30T15:46:55.028+0530] {dag.py:3089} INFO - Sync 1 DAGs
[2025-10-30T15:46:55.044+0530] {logging_mixin.py:188} INFO - [2025-10-30T15:46:55.044+0530] {dag.py:3947} INFO - Setting next_dagrun for example_bash_operator to 2025-10-29 00:00:00+00:00, run_after=2025-10-30 00:00:00+00:00
[2025-10-30T15:46:55.066+0530] {processor.py:183} INFO - Processing /home/logi/txtai/venv/lib/python3.10/site-packages/airflow/example_dags/example_bash_operator.py took 0.099 seconds
[2025-10-30T15:48:08.944+0530] {processor.py:161} INFO - Started process (PID=10358) to work on /home/logi/txtai/venv/lib/python3.10/site-packages/airflow/example_dags/example_bash_operator.py
[2025-10-30T15:48:08.946+0530] {processor.py:830} INFO - Processing file /home/logi/txtai/venv/lib/python3.10/site-packages/airflow/example_dags/example_bash_operator.py for tasks to queue
[2025-10-30T15:48:08.949+0530] {logging_mixin.py:188} INFO - [2025-10-30T15:48:08.948+0530] {dagbag.py:545} INFO - Filling up the DagBag from /home/logi/txtai/venv/lib/python3.10/site-packages/airflow/example_dags/example_bash_operator.py
[2025-10-30T15:48:08.969+0530] {processor.py:840} INFO - DAG(s) 'example_bash_operator' retrieved from /home/logi/txtai/venv/lib/python3.10/site-packages/airflow/example_dags/example_bash_operator.py
[2025-10-30T15:48:08.996+0530] {logging_mixin.py:188} INFO - [2025-10-30T15:48:08.995+0530] {dag.py:3089} INFO - Sync 1 DAGs
[2025-10-30T15:48:09.013+0530] {logging_mixin.py:188} INFO - [2025-10-30T15:48:09.013+0530] {dag.py:3947} INFO - Setting next_dagrun for example_bash_operator to 2025-10-29 00:00:00+00:00, run_after=2025-10-30 00:00:00+00:00
[2025-10-30T15:48:09.034+0530] {processor.py:183} INFO - Processing /home/logi/txtai/venv/lib/python3.10/site-packages/airflow/example_dags/example_bash_operator.py took 0.101 seconds
[2025-10-30T15:49:25.322+0530] {processor.py:161} INFO - Started process (PID=10496) to work on /home/logi/txtai/venv/lib/python3.10/site-packages/airflow/example_dags/example_bash_operator.py
[2025-10-30T15:49:25.336+0530] {processor.py:830} INFO - Processing file /home/logi/txtai/venv/lib/python3.10/site-packages/airflow/example_dags/example_bash_operator.py for tasks to queue
[2025-10-30T15:49:25.339+0530] {logging_mixin.py:188} INFO - [2025-10-30T15:49:25.339+0530] {dagbag.py:545} INFO - Filling up the DagBag from /home/logi/txtai/venv/lib/python3.10/site-packages/airflow/example_dags/example_bash_operator.py
[2025-10-30T15:49:25.359+0530] {processor.py:840} INFO - DAG(s) 'example_bash_operator' retrieved from /home/logi/txtai/venv/lib/python3.10/site-packages/airflow/example_dags/example_bash_operator.py
[2025-10-30T15:49:25.394+0530] {logging_mixin.py:188} INFO - [2025-10-30T15:49:25.394+0530] {dag.py:3089} INFO - Sync 1 DAGs
[2025-10-30T15:49:25.415+0530] {logging_mixin.py:188} INFO - [2025-10-30T15:49:25.414+0530] {dag.py:3947} INFO - Setting next_dagrun for example_bash_operator to 2025-10-29 00:00:00+00:00, run_after=2025-10-30 00:00:00+00:00
[2025-10-30T15:49:25.441+0530] {processor.py:183} INFO - Processing /home/logi/txtai/venv/lib/python3.10/site-packages/airflow/example_dags/example_bash_operator.py took 0.130 seconds
[2025-10-30T15:50:39.460+0530] {processor.py:161} INFO - Started process (PID=10619) to work on /home/logi/txtai/venv/lib/python3.10/site-packages/airflow/example_dags/example_bash_operator.py
[2025-10-30T15:50:39.474+0530] {processor.py:830} INFO - Processing file /home/logi/txtai/venv/lib/python3.10/site-packages/airflow/example_dags/example_bash_operator.py for tasks to queue
[2025-10-30T15:50:39.476+0530] {logging_mixin.py:188} INFO - [2025-10-30T15:50:39.476+0530] {dagbag.py:545} INFO - Filling up the DagBag from /home/logi/txtai/venv/lib/python3.10/site-packages/airflow/example_dags/example_bash_operator.py
[2025-10-30T15:50:39.488+0530] {processor.py:840} INFO - DAG(s) 'example_bash_operator' retrieved from /home/logi/txtai/venv/lib/python3.10/site-packages/airflow/example_dags/example_bash_operator.py
[2025-10-30T15:50:39.509+0530] {logging_mixin.py:188} INFO - [2025-10-30T15:50:39.508+0530] {dag.py:3089} INFO - Sync 1 DAGs
[2025-10-30T15:50:39.526+0530] {logging_mixin.py:188} INFO - [2025-10-30T15:50:39.526+0530] {dag.py:3947} INFO - Setting next_dagrun for example_bash_operator to 2025-10-29 00:00:00+00:00, run_after=2025-10-30 00:00:00+00:00
[2025-10-30T15:50:39.546+0530] {processor.py:183} INFO - Processing /home/logi/txtai/venv/lib/python3.10/site-packages/airflow/example_dags/example_bash_operator.py took 0.093 seconds
[2025-10-30T15:51:50.376+0530] {processor.py:161} INFO - Started process (PID=10718) to work on /home/logi/txtai/venv/lib/python3.10/site-packages/airflow/example_dags/example_bash_operator.py
[2025-10-30T15:51:50.378+0530] {processor.py:830} INFO - Processing file /home/logi/txtai/venv/lib/python3.10/site-packages/airflow/example_dags/example_bash_operator.py for tasks to queue
[2025-10-30T15:51:50.381+0530] {logging_mixin.py:188} INFO - [2025-10-30T15:51:50.380+0530] {dagbag.py:545} INFO - Filling up the DagBag from /home/logi/txtai/venv/lib/python3.10/site-packages/airflow/example_dags/example_bash_operator.py
[2025-10-30T15:51:50.400+0530] {processor.py:840} INFO - DAG(s) 'example_bash_operator' retrieved from /home/logi/txtai/venv/lib/python3.10/site-packages/airflow/example_dags/example_bash_operator.py
[2025-10-30T15:51:50.430+0530] {logging_mixin.py:188} INFO - [2025-10-30T15:51:50.429+0530] {dag.py:3089} INFO - Sync 1 DAGs
[2025-10-30T15:51:50.458+0530] {logging_mixin.py:188} INFO - [2025-10-30T15:51:50.457+0530] {dag.py:3947} INFO - Setting next_dagrun for example_bash_operator to 2025-10-29 00:00:00+00:00, run_after=2025-10-30 00:00:00+00:00
[2025-10-30T15:51:50.497+0530] {processor.py:183} INFO - Processing /home/logi/txtai/venv/lib/python3.10/site-packages/airflow/example_dags/example_bash_operator.py took 0.133 seconds
[2025-10-30T15:53:10.035+0530] {processor.py:161} INFO - Started process (PID=10978) to work on /home/logi/txtai/venv/lib/python3.10/site-packages/airflow/example_dags/example_bash_operator.py
[2025-10-30T15:53:10.052+0530] {processor.py:830} INFO - Processing file /home/logi/txtai/venv/lib/python3.10/site-packages/airflow/example_dags/example_bash_operator.py for tasks to queue
[2025-10-30T15:53:10.060+0530] {logging_mixin.py:188} INFO - [2025-10-30T15:53:10.059+0530] {dagbag.py:545} INFO - Filling up the DagBag from /home/logi/txtai/venv/lib/python3.10/site-packages/airflow/example_dags/example_bash_operator.py
[2025-10-30T15:53:10.107+0530] {processor.py:840} INFO - DAG(s) 'example_bash_operator' retrieved from /home/logi/txtai/venv/lib/python3.10/site-packages/airflow/example_dags/example_bash_operator.py
[2025-10-30T15:53:10.156+0530] {logging_mixin.py:188} INFO - [2025-10-30T15:53:10.156+0530] {dag.py:3089} INFO - Sync 1 DAGs
[2025-10-30T15:53:10.190+0530] {logging_mixin.py:188} INFO - [2025-10-30T15:53:10.190+0530] {dag.py:3947} INFO - Setting next_dagrun for example_bash_operator to 2025-10-29 00:00:00+00:00, run_after=2025-10-30 00:00:00+00:00
[2025-10-30T15:53:10.212+0530] {processor.py:183} INFO - Processing /home/logi/txtai/venv/lib/python3.10/site-packages/airflow/example_dags/example_bash_operator.py took 0.215 seconds
[2025-10-30T15:54:26.727+0530] {processor.py:161} INFO - Started process (PID=11369) to work on /home/logi/txtai/venv/lib/python3.10/site-packages/airflow/example_dags/example_bash_operator.py
[2025-10-30T15:54:26.741+0530] {processor.py:830} INFO - Processing file /home/logi/txtai/venv/lib/python3.10/site-packages/airflow/example_dags/example_bash_operator.py for tasks to queue
[2025-10-30T15:54:26.744+0530] {logging_mixin.py:188} INFO - [2025-10-30T15:54:26.743+0530] {dagbag.py:545} INFO - Filling up the DagBag from /home/logi/txtai/venv/lib/python3.10/site-packages/airflow/example_dags/example_bash_operator.py
[2025-10-30T15:54:26.764+0530] {processor.py:840} INFO - DAG(s) 'example_bash_operator' retrieved from /home/logi/txtai/venv/lib/python3.10/site-packages/airflow/example_dags/example_bash_operator.py
[2025-10-30T15:54:26.797+0530] {logging_mixin.py:188} INFO - [2025-10-30T15:54:26.797+0530] {dag.py:3089} INFO - Sync 1 DAGs
[2025-10-30T15:54:26.815+0530] {logging_mixin.py:188} INFO - [2025-10-30T15:54:26.815+0530] {dag.py:3947} INFO - Setting next_dagrun for example_bash_operator to 2025-10-29 00:00:00+00:00, run_after=2025-10-30 00:00:00+00:00
[2025-10-30T15:54:26.836+0530] {processor.py:183} INFO - Processing /home/logi/txtai/venv/lib/python3.10/site-packages/airflow/example_dags/example_bash_operator.py took 0.120 seconds
[2025-10-30T15:55:47.022+0530] {processor.py:161} INFO - Started process (PID=11565) to work on /home/logi/txtai/venv/lib/python3.10/site-packages/airflow/example_dags/example_bash_operator.py
[2025-10-30T15:55:47.035+0530] {processor.py:830} INFO - Processing file /home/logi/txtai/venv/lib/python3.10/site-packages/airflow/example_dags/example_bash_operator.py for tasks to queue
[2025-10-30T15:55:47.039+0530] {logging_mixin.py:188} INFO - [2025-10-30T15:55:47.038+0530] {dagbag.py:545} INFO - Filling up the DagBag from /home/logi/txtai/venv/lib/python3.10/site-packages/airflow/example_dags/example_bash_operator.py
[2025-10-30T15:55:47.059+0530] {processor.py:840} INFO - DAG(s) 'example_bash_operator' retrieved from /home/logi/txtai/venv/lib/python3.10/site-packages/airflow/example_dags/example_bash_operator.py
[2025-10-30T15:55:47.091+0530] {logging_mixin.py:188} INFO - [2025-10-30T15:55:47.091+0530] {dag.py:3089} INFO - Sync 1 DAGs
[2025-10-30T15:55:47.110+0530] {logging_mixin.py:188} INFO - [2025-10-30T15:55:47.109+0530] {dag.py:3947} INFO - Setting next_dagrun for example_bash_operator to 2025-10-29 00:00:00+00:00, run_after=2025-10-30 00:00:00+00:00
[2025-10-30T15:55:47.136+0530] {processor.py:183} INFO - Processing /home/logi/txtai/venv/lib/python3.10/site-packages/airflow/example_dags/example_bash_operator.py took 0.126 seconds
[2025-10-30T15:57:11.836+0530] {processor.py:161} INFO - Started process (PID=11739) to work on /home/logi/txtai/venv/lib/python3.10/site-packages/airflow/example_dags/example_bash_operator.py
[2025-10-30T15:57:11.850+0530] {processor.py:830} INFO - Processing file /home/logi/txtai/venv/lib/python3.10/site-packages/airflow/example_dags/example_bash_operator.py for tasks to queue
[2025-10-30T15:57:11.854+0530] {logging_mixin.py:188} INFO - [2025-10-30T15:57:11.853+0530] {dagbag.py:545} INFO - Filling up the DagBag from /home/logi/txtai/venv/lib/python3.10/site-packages/airflow/example_dags/example_bash_operator.py
[2025-10-30T15:57:11.881+0530] {processor.py:840} INFO - DAG(s) 'example_bash_operator' retrieved from /home/logi/txtai/venv/lib/python3.10/site-packages/airflow/example_dags/example_bash_operator.py
[2025-10-30T15:57:11.914+0530] {logging_mixin.py:188} INFO - [2025-10-30T15:57:11.914+0530] {dag.py:3089} INFO - Sync 1 DAGs
[2025-10-30T15:57:11.939+0530] {logging_mixin.py:188} INFO - [2025-10-30T15:57:11.939+0530] {dag.py:3947} INFO - Setting next_dagrun for example_bash_operator to 2025-10-29 00:00:00+00:00, run_after=2025-10-30 00:00:00+00:00
[2025-10-30T15:57:11.966+0530] {processor.py:183} INFO - Processing /home/logi/txtai/venv/lib/python3.10/site-packages/airflow/example_dags/example_bash_operator.py took 0.145 seconds
[2025-10-30T15:58:13.092+0530] {processor.py:161} INFO - Started process (PID=11887) to work on /home/logi/txtai/venv/lib/python3.10/site-packages/airflow/example_dags/example_bash_operator.py
[2025-10-30T15:58:13.094+0530] {processor.py:830} INFO - Processing file /home/logi/txtai/venv/lib/python3.10/site-packages/airflow/example_dags/example_bash_operator.py for tasks to queue
[2025-10-30T15:58:13.097+0530] {logging_mixin.py:188} INFO - [2025-10-30T15:58:13.097+0530] {dagbag.py:545} INFO - Filling up the DagBag from /home/logi/txtai/venv/lib/python3.10/site-packages/airflow/example_dags/example_bash_operator.py
[2025-10-30T15:58:13.119+0530] {processor.py:840} INFO - DAG(s) 'example_bash_operator' retrieved from /home/logi/txtai/venv/lib/python3.10/site-packages/airflow/example_dags/example_bash_operator.py
[2025-10-30T15:58:13.145+0530] {logging_mixin.py:188} INFO - [2025-10-30T15:58:13.145+0530] {dag.py:3089} INFO - Sync 1 DAGs
[2025-10-30T15:58:13.163+0530] {logging_mixin.py:188} INFO - [2025-10-30T15:58:13.163+0530] {dag.py:3947} INFO - Setting next_dagrun for example_bash_operator to 2025-10-29 00:00:00+00:00, run_after=2025-10-30 00:00:00+00:00
[2025-10-30T15:58:13.184+0530] {processor.py:183} INFO - Processing /home/logi/txtai/venv/lib/python3.10/site-packages/airflow/example_dags/example_bash_operator.py took 0.104 seconds
[2025-10-30T15:59:38.055+0530] {processor.py:161} INFO - Started process (PID=12120) to work on /home/logi/txtai/venv/lib/python3.10/site-packages/airflow/example_dags/example_bash_operator.py
[2025-10-30T15:59:38.068+0530] {processor.py:830} INFO - Processing file /home/logi/txtai/venv/lib/python3.10/site-packages/airflow/example_dags/example_bash_operator.py for tasks to queue
[2025-10-30T15:59:38.071+0530] {logging_mixin.py:188} INFO - [2025-10-30T15:59:38.071+0530] {dagbag.py:545} INFO - Filling up the DagBag from /home/logi/txtai/venv/lib/python3.10/site-packages/airflow/example_dags/example_bash_operator.py
[2025-10-30T15:59:38.091+0530] {processor.py:840} INFO - DAG(s) 'example_bash_operator' retrieved from /home/logi/txtai/venv/lib/python3.10/site-packages/airflow/example_dags/example_bash_operator.py
[2025-10-30T15:59:38.125+0530] {logging_mixin.py:188} INFO - [2025-10-30T15:59:38.125+0530] {dag.py:3089} INFO - Sync 1 DAGs
[2025-10-30T15:59:38.142+0530] {logging_mixin.py:188} INFO - [2025-10-30T15:59:38.141+0530] {dag.py:3947} INFO - Setting next_dagrun for example_bash_operator to 2025-10-29 00:00:00+00:00, run_after=2025-10-30 00:00:00+00:00
[2025-10-30T15:59:38.170+0530] {processor.py:183} INFO - Processing /home/logi/txtai/venv/lib/python3.10/site-packages/airflow/example_dags/example_bash_operator.py took 0.126 seconds
[2025-10-30T16:00:58.589+0530] {processor.py:161} INFO - Started process (PID=12327) to work on /home/logi/txtai/venv/lib/python3.10/site-packages/airflow/example_dags/example_bash_operator.py
[2025-10-30T16:00:58.603+0530] {processor.py:830} INFO - Processing file /home/logi/txtai/venv/lib/python3.10/site-packages/airflow/example_dags/example_bash_operator.py for tasks to queue
[2025-10-30T16:00:58.606+0530] {logging_mixin.py:188} INFO - [2025-10-30T16:00:58.605+0530] {dagbag.py:545} INFO - Filling up the DagBag from /home/logi/txtai/venv/lib/python3.10/site-packages/airflow/example_dags/example_bash_operator.py
[2025-10-30T16:00:58.625+0530] {processor.py:840} INFO - DAG(s) 'example_bash_operator' retrieved from /home/logi/txtai/venv/lib/python3.10/site-packages/airflow/example_dags/example_bash_operator.py
[2025-10-30T16:00:58.659+0530] {logging_mixin.py:188} INFO - [2025-10-30T16:00:58.659+0530] {dag.py:3089} INFO - Sync 1 DAGs
[2025-10-30T16:00:58.676+0530] {logging_mixin.py:188} INFO - [2025-10-30T16:00:58.676+0530] {dag.py:3947} INFO - Setting next_dagrun for example_bash_operator to 2025-10-29 00:00:00+00:00, run_after=2025-10-30 00:00:00+00:00
[2025-10-30T16:00:58.697+0530] {processor.py:183} INFO - Processing /home/logi/txtai/venv/lib/python3.10/site-packages/airflow/example_dags/example_bash_operator.py took 0.119 seconds
[2025-10-30T16:02:24.213+0530] {processor.py:161} INFO - Started process (PID=12619) to work on /home/logi/txtai/venv/lib/python3.10/site-packages/airflow/example_dags/example_bash_operator.py
[2025-10-30T16:02:24.226+0530] {processor.py:830} INFO - Processing file /home/logi/txtai/venv/lib/python3.10/site-packages/airflow/example_dags/example_bash_operator.py for tasks to queue
[2025-10-30T16:02:24.229+0530] {logging_mixin.py:188} INFO - [2025-10-30T16:02:24.228+0530] {dagbag.py:545} INFO - Filling up the DagBag from /home/logi/txtai/venv/lib/python3.10/site-packages/airflow/example_dags/example_bash_operator.py
[2025-10-30T16:02:24.242+0530] {processor.py:840} INFO - DAG(s) 'example_bash_operator' retrieved from /home/logi/txtai/venv/lib/python3.10/site-packages/airflow/example_dags/example_bash_operator.py
[2025-10-30T16:02:24.264+0530] {logging_mixin.py:188} INFO - [2025-10-30T16:02:24.264+0530] {dag.py:3089} INFO - Sync 1 DAGs
[2025-10-30T16:02:24.283+0530] {logging_mixin.py:188} INFO - [2025-10-30T16:02:24.283+0530] {dag.py:3947} INFO - Setting next_dagrun for example_bash_operator to 2025-10-29 00:00:00+00:00, run_after=2025-10-30 00:00:00+00:00
[2025-10-30T16:02:24.306+0530] {processor.py:183} INFO - Processing /home/logi/txtai/venv/lib/python3.10/site-packages/airflow/example_dags/example_bash_operator.py took 0.103 seconds
[2025-10-30T16:03:49.344+0530] {processor.py:161} INFO - Started process (PID=12827) to work on /home/logi/txtai/venv/lib/python3.10/site-packages/airflow/example_dags/example_bash_operator.py
[2025-10-30T16:03:49.358+0530] {processor.py:830} INFO - Processing file /home/logi/txtai/venv/lib/python3.10/site-packages/airflow/example_dags/example_bash_operator.py for tasks to queue
[2025-10-30T16:03:49.361+0530] {logging_mixin.py:188} INFO - [2025-10-30T16:03:49.360+0530] {dagbag.py:545} INFO - Filling up the DagBag from /home/logi/txtai/venv/lib/python3.10/site-packages/airflow/example_dags/example_bash_operator.py
[2025-10-30T16:03:49.389+0530] {processor.py:840} INFO - DAG(s) 'example_bash_operator' retrieved from /home/logi/txtai/venv/lib/python3.10/site-packages/airflow/example_dags/example_bash_operator.py
[2025-10-30T16:03:49.421+0530] {logging_mixin.py:188} INFO - [2025-10-30T16:03:49.421+0530] {dag.py:3089} INFO - Sync 1 DAGs
[2025-10-30T16:03:49.443+0530] {logging_mixin.py:188} INFO - [2025-10-30T16:03:49.443+0530] {dag.py:3947} INFO - Setting next_dagrun for example_bash_operator to 2025-10-29 00:00:00+00:00, run_after=2025-10-30 00:00:00+00:00
[2025-10-30T16:03:49.475+0530] {processor.py:183} INFO - Processing /home/logi/txtai/venv/lib/python3.10/site-packages/airflow/example_dags/example_bash_operator.py took 0.142 seconds
[2025-10-30T16:04:47.709+0530] {processor.py:161} INFO - Started process (PID=12986) to work on /home/logi/txtai/venv/lib/python3.10/site-packages/airflow/example_dags/example_bash_operator.py
[2025-10-30T16:04:47.711+0530] {processor.py:830} INFO - Processing file /home/logi/txtai/venv/lib/python3.10/site-packages/airflow/example_dags/example_bash_operator.py for tasks to queue
[2025-10-30T16:04:47.716+0530] {logging_mixin.py:188} INFO - [2025-10-30T16:04:47.715+0530] {dagbag.py:545} INFO - Filling up the DagBag from /home/logi/txtai/venv/lib/python3.10/site-packages/airflow/example_dags/example_bash_operator.py
[2025-10-30T16:04:47.740+0530] {processor.py:840} INFO - DAG(s) 'example_bash_operator' retrieved from /home/logi/txtai/venv/lib/python3.10/site-packages/airflow/example_dags/example_bash_operator.py
[2025-10-30T16:04:47.783+0530] {logging_mixin.py:188} INFO - [2025-10-30T16:04:47.783+0530] {dag.py:3089} INFO - Sync 1 DAGs
[2025-10-30T16:04:47.825+0530] {logging_mixin.py:188} INFO - [2025-10-30T16:04:47.825+0530] {dag.py:3947} INFO - Setting next_dagrun for example_bash_operator to 2025-10-29 00:00:00+00:00, run_after=2025-10-30 00:00:00+00:00
[2025-10-30T16:04:47.890+0530] {processor.py:183} INFO - Processing /home/logi/txtai/venv/lib/python3.10/site-packages/airflow/example_dags/example_bash_operator.py took 0.200 seconds
[2025-10-30T16:06:09.562+0530] {processor.py:161} INFO - Started process (PID=13152) to work on /home/logi/txtai/venv/lib/python3.10/site-packages/airflow/example_dags/example_bash_operator.py
[2025-10-30T16:06:09.575+0530] {processor.py:830} INFO - Processing file /home/logi/txtai/venv/lib/python3.10/site-packages/airflow/example_dags/example_bash_operator.py for tasks to queue
[2025-10-30T16:06:09.579+0530] {logging_mixin.py:188} INFO - [2025-10-30T16:06:09.578+0530] {dagbag.py:545} INFO - Filling up the DagBag from /home/logi/txtai/venv/lib/python3.10/site-packages/airflow/example_dags/example_bash_operator.py
[2025-10-30T16:06:09.598+0530] {processor.py:840} INFO - DAG(s) 'example_bash_operator' retrieved from /home/logi/txtai/venv/lib/python3.10/site-packages/airflow/example_dags/example_bash_operator.py
[2025-10-30T16:06:09.633+0530] {logging_mixin.py:188} INFO - [2025-10-30T16:06:09.632+0530] {dag.py:3089} INFO - Sync 1 DAGs
[2025-10-30T16:06:09.651+0530] {logging_mixin.py:188} INFO - [2025-10-30T16:06:09.650+0530] {dag.py:3947} INFO - Setting next_dagrun for example_bash_operator to 2025-10-29 00:00:00+00:00, run_after=2025-10-30 00:00:00+00:00
[2025-10-30T16:06:09.684+0530] {processor.py:183} INFO - Processing /home/logi/txtai/venv/lib/python3.10/site-packages/airflow/example_dags/example_bash_operator.py took 0.134 seconds
[2025-10-30T16:07:28.509+0530] {processor.py:161} INFO - Started process (PID=13280) to work on /home/logi/txtai/venv/lib/python3.10/site-packages/airflow/example_dags/example_bash_operator.py
[2025-10-30T16:07:28.522+0530] {processor.py:830} INFO - Processing file /home/logi/txtai/venv/lib/python3.10/site-packages/airflow/example_dags/example_bash_operator.py for tasks to queue
[2025-10-30T16:07:28.525+0530] {logging_mixin.py:188} INFO - [2025-10-30T16:07:28.524+0530] {dagbag.py:545} INFO - Filling up the DagBag from /home/logi/txtai/venv/lib/python3.10/site-packages/airflow/example_dags/example_bash_operator.py
[2025-10-30T16:07:28.544+0530] {processor.py:840} INFO - DAG(s) 'example_bash_operator' retrieved from /home/logi/txtai/venv/lib/python3.10/site-packages/airflow/example_dags/example_bash_operator.py
[2025-10-30T16:07:28.577+0530] {logging_mixin.py:188} INFO - [2025-10-30T16:07:28.576+0530] {dag.py:3089} INFO - Sync 1 DAGs
[2025-10-30T16:07:28.591+0530] {logging_mixin.py:188} INFO - [2025-10-30T16:07:28.591+0530] {dag.py:3947} INFO - Setting next_dagrun for example_bash_operator to 2025-10-29 00:00:00+00:00, run_after=2025-10-30 00:00:00+00:00
[2025-10-30T16:07:28.614+0530] {processor.py:183} INFO - Processing /home/logi/txtai/venv/lib/python3.10/site-packages/airflow/example_dags/example_bash_operator.py took 0.116 seconds
[2025-10-30T16:08:42.688+0530] {processor.py:161} INFO - Started process (PID=13377) to work on /home/logi/txtai/venv/lib/python3.10/site-packages/airflow/example_dags/example_bash_operator.py
[2025-10-30T16:08:42.702+0530] {processor.py:830} INFO - Processing file /home/logi/txtai/venv/lib/python3.10/site-packages/airflow/example_dags/example_bash_operator.py for tasks to queue
[2025-10-30T16:08:42.705+0530] {logging_mixin.py:188} INFO - [2025-10-30T16:08:42.705+0530] {dagbag.py:545} INFO - Filling up the DagBag from /home/logi/txtai/venv/lib/python3.10/site-packages/airflow/example_dags/example_bash_operator.py
[2025-10-30T16:08:42.725+0530] {processor.py:840} INFO - DAG(s) 'example_bash_operator' retrieved from /home/logi/txtai/venv/lib/python3.10/site-packages/airflow/example_dags/example_bash_operator.py
[2025-10-30T16:08:42.757+0530] {logging_mixin.py:188} INFO - [2025-10-30T16:08:42.756+0530] {dag.py:3089} INFO - Sync 1 DAGs
[2025-10-30T16:08:42.774+0530] {logging_mixin.py:188} INFO - [2025-10-30T16:08:42.773+0530] {dag.py:3947} INFO - Setting next_dagrun for example_bash_operator to 2025-10-29 00:00:00+00:00, run_after=2025-10-30 00:00:00+00:00
[2025-10-30T16:08:42.800+0530] {processor.py:183} INFO - Processing /home/logi/txtai/venv/lib/python3.10/site-packages/airflow/example_dags/example_bash_operator.py took 0.123 seconds
[2025-10-30T16:10:08.729+0530] {processor.py:161} INFO - Started process (PID=13601) to work on /home/logi/txtai/venv/lib/python3.10/site-packages/airflow/example_dags/example_bash_operator.py
[2025-10-30T16:10:08.743+0530] {processor.py:830} INFO - Processing file /home/logi/txtai/venv/lib/python3.10/site-packages/airflow/example_dags/example_bash_operator.py for tasks to queue
[2025-10-30T16:10:08.746+0530] {logging_mixin.py:188} INFO - [2025-10-30T16:10:08.745+0530] {dagbag.py:545} INFO - Filling up the DagBag from /home/logi/txtai/venv/lib/python3.10/site-packages/airflow/example_dags/example_bash_operator.py
[2025-10-30T16:10:08.765+0530] {processor.py:840} INFO - DAG(s) 'example_bash_operator' retrieved from /home/logi/txtai/venv/lib/python3.10/site-packages/airflow/example_dags/example_bash_operator.py
[2025-10-30T16:10:08.799+0530] {logging_mixin.py:188} INFO - [2025-10-30T16:10:08.799+0530] {dag.py:3089} INFO - Sync 1 DAGs
[2025-10-30T16:10:08.816+0530] {logging_mixin.py:188} INFO - [2025-10-30T16:10:08.816+0530] {dag.py:3947} INFO - Setting next_dagrun for example_bash_operator to 2025-10-29 00:00:00+00:00, run_after=2025-10-30 00:00:00+00:00
[2025-10-30T16:10:08.845+0530] {processor.py:183} INFO - Processing /home/logi/txtai/venv/lib/python3.10/site-packages/airflow/example_dags/example_bash_operator.py took 0.133 seconds
[2025-10-30T16:11:27.108+0530] {processor.py:161} INFO - Started process (PID=13754) to work on /home/logi/txtai/venv/lib/python3.10/site-packages/airflow/example_dags/example_bash_operator.py
[2025-10-30T16:11:27.113+0530] {processor.py:830} INFO - Processing file /home/logi/txtai/venv/lib/python3.10/site-packages/airflow/example_dags/example_bash_operator.py for tasks to queue
[2025-10-30T16:11:27.122+0530] {logging_mixin.py:188} INFO - [2025-10-30T16:11:27.119+0530] {dagbag.py:545} INFO - Filling up the DagBag from /home/logi/txtai/venv/lib/python3.10/site-packages/airflow/example_dags/example_bash_operator.py
[2025-10-30T16:11:27.185+0530] {processor.py:840} INFO - DAG(s) 'example_bash_operator' retrieved from /home/logi/txtai/venv/lib/python3.10/site-packages/airflow/example_dags/example_bash_operator.py
[2025-10-30T16:11:27.322+0530] {logging_mixin.py:188} INFO - [2025-10-30T16:11:27.321+0530] {dag.py:3089} INFO - Sync 1 DAGs
[2025-10-30T16:11:27.445+0530] {logging_mixin.py:188} INFO - [2025-10-30T16:11:27.443+0530] {dag.py:3947} INFO - Setting next_dagrun for example_bash_operator to 2025-10-29 00:00:00+00:00, run_after=2025-10-30 00:00:00+00:00
[2025-10-30T16:11:27.527+0530] {processor.py:183} INFO - Processing /home/logi/txtai/venv/lib/python3.10/site-packages/airflow/example_dags/example_bash_operator.py took 0.447 seconds
[2025-10-30T16:12:40.885+0530] {processor.py:161} INFO - Started process (PID=13904) to work on /home/logi/txtai/venv/lib/python3.10/site-packages/airflow/example_dags/example_bash_operator.py
[2025-10-30T16:12:40.887+0530] {processor.py:830} INFO - Processing file /home/logi/txtai/venv/lib/python3.10/site-packages/airflow/example_dags/example_bash_operator.py for tasks to queue
[2025-10-30T16:12:40.891+0530] {logging_mixin.py:188} INFO - [2025-10-30T16:12:40.890+0530] {dagbag.py:545} INFO - Filling up the DagBag from /home/logi/txtai/venv/lib/python3.10/site-packages/airflow/example_dags/example_bash_operator.py
[2025-10-30T16:12:40.911+0530] {processor.py:840} INFO - DAG(s) 'example_bash_operator' retrieved from /home/logi/txtai/venv/lib/python3.10/site-packages/airflow/example_dags/example_bash_operator.py
[2025-10-30T16:12:40.936+0530] {logging_mixin.py:188} INFO - [2025-10-30T16:12:40.936+0530] {dag.py:3089} INFO - Sync 1 DAGs
[2025-10-30T16:12:40.954+0530] {logging_mixin.py:188} INFO - [2025-10-30T16:12:40.954+0530] {dag.py:3947} INFO - Setting next_dagrun for example_bash_operator to 2025-10-29 00:00:00+00:00, run_after=2025-10-30 00:00:00+00:00
[2025-10-30T16:12:40.975+0530] {processor.py:183} INFO - Processing /home/logi/txtai/venv/lib/python3.10/site-packages/airflow/example_dags/example_bash_operator.py took 0.102 seconds
[2025-10-30T16:13:59.375+0530] {processor.py:161} INFO - Started process (PID=14088) to work on /home/logi/txtai/venv/lib/python3.10/site-packages/airflow/example_dags/example_bash_operator.py
[2025-10-30T16:13:59.389+0530] {processor.py:830} INFO - Processing file /home/logi/txtai/venv/lib/python3.10/site-packages/airflow/example_dags/example_bash_operator.py for tasks to queue
[2025-10-30T16:13:59.393+0530] {logging_mixin.py:188} INFO - [2025-10-30T16:13:59.392+0530] {dagbag.py:545} INFO - Filling up the DagBag from /home/logi/txtai/venv/lib/python3.10/site-packages/airflow/example_dags/example_bash_operator.py
[2025-10-30T16:13:59.412+0530] {processor.py:840} INFO - DAG(s) 'example_bash_operator' retrieved from /home/logi/txtai/venv/lib/python3.10/site-packages/airflow/example_dags/example_bash_operator.py
[2025-10-30T16:13:59.445+0530] {logging_mixin.py:188} INFO - [2025-10-30T16:13:59.445+0530] {dag.py:3089} INFO - Sync 1 DAGs
[2025-10-30T16:13:59.466+0530] {logging_mixin.py:188} INFO - [2025-10-30T16:13:59.465+0530] {dag.py:3947} INFO - Setting next_dagrun for example_bash_operator to 2025-10-29 00:00:00+00:00, run_after=2025-10-30 00:00:00+00:00
[2025-10-30T16:13:59.497+0530] {processor.py:183} INFO - Processing /home/logi/txtai/venv/lib/python3.10/site-packages/airflow/example_dags/example_bash_operator.py took 0.133 seconds
[2025-10-30T16:15:10.343+0530] {processor.py:161} INFO - Started process (PID=14255) to work on /home/logi/txtai/venv/lib/python3.10/site-packages/airflow/example_dags/example_bash_operator.py
[2025-10-30T16:15:10.346+0530] {processor.py:830} INFO - Processing file /home/logi/txtai/venv/lib/python3.10/site-packages/airflow/example_dags/example_bash_operator.py for tasks to queue
[2025-10-30T16:15:10.349+0530] {logging_mixin.py:188} INFO - [2025-10-30T16:15:10.349+0530] {dagbag.py:545} INFO - Filling up the DagBag from /home/logi/txtai/venv/lib/python3.10/site-packages/airflow/example_dags/example_bash_operator.py
[2025-10-30T16:15:10.374+0530] {processor.py:840} INFO - DAG(s) 'example_bash_operator' retrieved from /home/logi/txtai/venv/lib/python3.10/site-packages/airflow/example_dags/example_bash_operator.py
[2025-10-30T16:15:10.419+0530] {logging_mixin.py:188} INFO - [2025-10-30T16:15:10.418+0530] {dag.py:3089} INFO - Sync 1 DAGs
[2025-10-30T16:15:10.452+0530] {logging_mixin.py:188} INFO - [2025-10-30T16:15:10.451+0530] {dag.py:3947} INFO - Setting next_dagrun for example_bash_operator to 2025-10-29 00:00:00+00:00, run_after=2025-10-30 00:00:00+00:00
[2025-10-30T16:15:10.503+0530] {processor.py:183} INFO - Processing /home/logi/txtai/venv/lib/python3.10/site-packages/airflow/example_dags/example_bash_operator.py took 0.181 seconds
[2025-10-30T16:16:34.031+0530] {processor.py:161} INFO - Started process (PID=14383) to work on /home/logi/txtai/venv/lib/python3.10/site-packages/airflow/example_dags/example_bash_operator.py
[2025-10-30T16:16:34.033+0530] {processor.py:830} INFO - Processing file /home/logi/txtai/venv/lib/python3.10/site-packages/airflow/example_dags/example_bash_operator.py for tasks to queue
[2025-10-30T16:16:34.036+0530] {logging_mixin.py:188} INFO - [2025-10-30T16:16:34.036+0530] {dagbag.py:545} INFO - Filling up the DagBag from /home/logi/txtai/venv/lib/python3.10/site-packages/airflow/example_dags/example_bash_operator.py
[2025-10-30T16:16:34.059+0530] {processor.py:840} INFO - DAG(s) 'example_bash_operator' retrieved from /home/logi/txtai/venv/lib/python3.10/site-packages/airflow/example_dags/example_bash_operator.py
[2025-10-30T16:16:34.085+0530] {logging_mixin.py:188} INFO - [2025-10-30T16:16:34.084+0530] {dag.py:3089} INFO - Sync 1 DAGs
[2025-10-30T16:16:34.106+0530] {logging_mixin.py:188} INFO - [2025-10-30T16:16:34.106+0530] {dag.py:3947} INFO - Setting next_dagrun for example_bash_operator to 2025-10-29 00:00:00+00:00, run_after=2025-10-30 00:00:00+00:00
[2025-10-30T16:16:34.134+0530] {processor.py:183} INFO - Processing /home/logi/txtai/venv/lib/python3.10/site-packages/airflow/example_dags/example_bash_operator.py took 0.116 seconds
[2025-10-30T16:17:52.533+0530] {processor.py:161} INFO - Started process (PID=14508) to work on /home/logi/txtai/venv/lib/python3.10/site-packages/airflow/example_dags/example_bash_operator.py
[2025-10-30T16:17:52.548+0530] {processor.py:830} INFO - Processing file /home/logi/txtai/venv/lib/python3.10/site-packages/airflow/example_dags/example_bash_operator.py for tasks to queue
[2025-10-30T16:17:52.553+0530] {logging_mixin.py:188} INFO - [2025-10-30T16:17:52.552+0530] {dagbag.py:545} INFO - Filling up the DagBag from /home/logi/txtai/venv/lib/python3.10/site-packages/airflow/example_dags/example_bash_operator.py
[2025-10-30T16:17:52.589+0530] {processor.py:840} INFO - DAG(s) 'example_bash_operator' retrieved from /home/logi/txtai/venv/lib/python3.10/site-packages/airflow/example_dags/example_bash_operator.py
[2025-10-30T16:17:52.634+0530] {logging_mixin.py:188} INFO - [2025-10-30T16:17:52.633+0530] {dag.py:3089} INFO - Sync 1 DAGs
[2025-10-30T16:17:52.665+0530] {logging_mixin.py:188} INFO - [2025-10-30T16:17:52.665+0530] {dag.py:3947} INFO - Setting next_dagrun for example_bash_operator to 2025-10-29 00:00:00+00:00, run_after=2025-10-30 00:00:00+00:00
[2025-10-30T16:17:52.693+0530] {processor.py:183} INFO - Processing /home/logi/txtai/venv/lib/python3.10/site-packages/airflow/example_dags/example_bash_operator.py took 0.178 seconds
[2025-10-30T16:19:11.274+0530] {processor.py:161} INFO - Started process (PID=14646) to work on /home/logi/txtai/venv/lib/python3.10/site-packages/airflow/example_dags/example_bash_operator.py
[2025-10-30T16:19:11.287+0530] {processor.py:830} INFO - Processing file /home/logi/txtai/venv/lib/python3.10/site-packages/airflow/example_dags/example_bash_operator.py for tasks to queue
[2025-10-30T16:19:11.290+0530] {logging_mixin.py:188} INFO - [2025-10-30T16:19:11.290+0530] {dagbag.py:545} INFO - Filling up the DagBag from /home/logi/txtai/venv/lib/python3.10/site-packages/airflow/example_dags/example_bash_operator.py
[2025-10-30T16:19:11.310+0530] {processor.py:840} INFO - DAG(s) 'example_bash_operator' retrieved from /home/logi/txtai/venv/lib/python3.10/site-packages/airflow/example_dags/example_bash_operator.py
[2025-10-30T16:19:11.345+0530] {logging_mixin.py:188} INFO - [2025-10-30T16:19:11.344+0530] {dag.py:3089} INFO - Sync 1 DAGs
[2025-10-30T16:19:11.362+0530] {logging_mixin.py:188} INFO - [2025-10-30T16:19:11.362+0530] {dag.py:3947} INFO - Setting next_dagrun for example_bash_operator to 2025-10-29 00:00:00+00:00, run_after=2025-10-30 00:00:00+00:00
[2025-10-30T16:19:11.382+0530] {processor.py:183} INFO - Processing /home/logi/txtai/venv/lib/python3.10/site-packages/airflow/example_dags/example_bash_operator.py took 0.120 seconds
