[2025-10-30T13:24:06.796+0530] {processor.py:161} INFO - Started process (PID=14478) to work on /home/logi/txtai/venv/lib/python3.10/site-packages/airflow/example_dags/example_branch_operator.py
[2025-10-30T13:24:06.797+0530] {processor.py:830} INFO - Processing file /home/logi/txtai/venv/lib/python3.10/site-packages/airflow/example_dags/example_branch_operator.py for tasks to queue
[2025-10-30T13:24:06.802+0530] {logging_mixin.py:188} INFO - [2025-10-30T13:24:06.801+0530] {dagbag.py:545} INFO - Filling up the DagBag from /home/logi/txtai/venv/lib/python3.10/site-packages/airflow/example_dags/example_branch_operator.py
[2025-10-30T13:24:06.811+0530] {processor.py:842} WARNING - No viable dags retrieved from /home/logi/txtai/venv/lib/python3.10/site-packages/airflow/example_dags/example_branch_operator.py
[2025-10-30T13:24:06.840+0530] {processor.py:183} INFO - Processing /home/logi/txtai/venv/lib/python3.10/site-packages/airflow/example_dags/example_branch_operator.py took 0.055 seconds
[2025-10-30T13:24:59.981+0530] {processor.py:161} INFO - Started process (PID=14751) to work on /home/logi/txtai/venv/lib/python3.10/site-packages/airflow/example_dags/example_branch_operator.py
[2025-10-30T13:24:59.994+0530] {processor.py:830} INFO - Processing file /home/logi/txtai/venv/lib/python3.10/site-packages/airflow/example_dags/example_branch_operator.py for tasks to queue
[2025-10-30T13:24:59.997+0530] {logging_mixin.py:188} INFO - [2025-10-30T13:24:59.997+0530] {dagbag.py:545} INFO - Filling up the DagBag from /home/logi/txtai/venv/lib/python3.10/site-packages/airflow/example_dags/example_branch_operator.py
[2025-10-30T13:25:00.004+0530] {processor.py:842} WARNING - No viable dags retrieved from /home/logi/txtai/venv/lib/python3.10/site-packages/airflow/example_dags/example_branch_operator.py
[2025-10-30T13:25:00.021+0530] {processor.py:183} INFO - Processing /home/logi/txtai/venv/lib/python3.10/site-packages/airflow/example_dags/example_branch_operator.py took 0.050 seconds
[2025-10-30T13:26:07.436+0530] {processor.py:161} INFO - Started process (PID=14850) to work on /home/logi/txtai/venv/lib/python3.10/site-packages/airflow/example_dags/example_branch_operator.py
[2025-10-30T13:26:07.449+0530] {processor.py:830} INFO - Processing file /home/logi/txtai/venv/lib/python3.10/site-packages/airflow/example_dags/example_branch_operator.py for tasks to queue
[2025-10-30T13:26:07.452+0530] {logging_mixin.py:188} INFO - [2025-10-30T13:26:07.451+0530] {dagbag.py:545} INFO - Filling up the DagBag from /home/logi/txtai/venv/lib/python3.10/site-packages/airflow/example_dags/example_branch_operator.py
[2025-10-30T13:26:07.456+0530] {processor.py:842} WARNING - No viable dags retrieved from /home/logi/txtai/venv/lib/python3.10/site-packages/airflow/example_dags/example_branch_operator.py
[2025-10-30T13:26:07.474+0530] {processor.py:183} INFO - Processing /home/logi/txtai/venv/lib/python3.10/site-packages/airflow/example_dags/example_branch_operator.py took 0.048 seconds
[2025-10-30T13:27:14.196+0530] {processor.py:161} INFO - Started process (PID=14931) to work on /home/logi/txtai/venv/lib/python3.10/site-packages/airflow/example_dags/example_branch_operator.py
[2025-10-30T13:27:14.209+0530] {processor.py:830} INFO - Processing file /home/logi/txtai/venv/lib/python3.10/site-packages/airflow/example_dags/example_branch_operator.py for tasks to queue
[2025-10-30T13:27:14.211+0530] {logging_mixin.py:188} INFO - [2025-10-30T13:27:14.211+0530] {dagbag.py:545} INFO - Filling up the DagBag from /home/logi/txtai/venv/lib/python3.10/site-packages/airflow/example_dags/example_branch_operator.py
[2025-10-30T13:27:14.215+0530] {processor.py:842} WARNING - No viable dags retrieved from /home/logi/txtai/venv/lib/python3.10/site-packages/airflow/example_dags/example_branch_operator.py
[2025-10-30T13:27:14.232+0530] {processor.py:183} INFO - Processing /home/logi/txtai/venv/lib/python3.10/site-packages/airflow/example_dags/example_branch_operator.py took 0.047 seconds
[2025-10-30T13:28:20.329+0530] {processor.py:161} INFO - Started process (PID=15064) to work on /home/logi/txtai/venv/lib/python3.10/site-packages/airflow/example_dags/example_branch_operator.py
[2025-10-30T13:28:20.339+0530] {processor.py:830} INFO - Processing file /home/logi/txtai/venv/lib/python3.10/site-packages/airflow/example_dags/example_branch_operator.py for tasks to queue
[2025-10-30T13:28:20.343+0530] {logging_mixin.py:188} INFO - [2025-10-30T13:28:20.342+0530] {dagbag.py:545} INFO - Filling up the DagBag from /home/logi/txtai/venv/lib/python3.10/site-packages/airflow/example_dags/example_branch_operator.py
[2025-10-30T13:28:20.346+0530] {processor.py:842} WARNING - No viable dags retrieved from /home/logi/txtai/venv/lib/python3.10/site-packages/airflow/example_dags/example_branch_operator.py
[2025-10-30T13:28:20.356+0530] {processor.py:183} INFO - Processing /home/logi/txtai/venv/lib/python3.10/site-packages/airflow/example_dags/example_branch_operator.py took 0.032 seconds
[2025-10-30T13:29:29.671+0530] {processor.py:161} INFO - Started process (PID=15147) to work on /home/logi/txtai/venv/lib/python3.10/site-packages/airflow/example_dags/example_branch_operator.py
[2025-10-30T13:29:29.684+0530] {processor.py:830} INFO - Processing file /home/logi/txtai/venv/lib/python3.10/site-packages/airflow/example_dags/example_branch_operator.py for tasks to queue
[2025-10-30T13:29:29.687+0530] {logging_mixin.py:188} INFO - [2025-10-30T13:29:29.687+0530] {dagbag.py:545} INFO - Filling up the DagBag from /home/logi/txtai/venv/lib/python3.10/site-packages/airflow/example_dags/example_branch_operator.py
[2025-10-30T13:29:29.691+0530] {processor.py:842} WARNING - No viable dags retrieved from /home/logi/txtai/venv/lib/python3.10/site-packages/airflow/example_dags/example_branch_operator.py
[2025-10-30T13:29:29.708+0530] {processor.py:183} INFO - Processing /home/logi/txtai/venv/lib/python3.10/site-packages/airflow/example_dags/example_branch_operator.py took 0.047 seconds
[2025-10-30T13:30:33.957+0530] {processor.py:161} INFO - Started process (PID=15264) to work on /home/logi/txtai/venv/lib/python3.10/site-packages/airflow/example_dags/example_branch_operator.py
[2025-10-30T13:30:33.971+0530] {processor.py:830} INFO - Processing file /home/logi/txtai/venv/lib/python3.10/site-packages/airflow/example_dags/example_branch_operator.py for tasks to queue
[2025-10-30T13:30:33.973+0530] {logging_mixin.py:188} INFO - [2025-10-30T13:30:33.973+0530] {dagbag.py:545} INFO - Filling up the DagBag from /home/logi/txtai/venv/lib/python3.10/site-packages/airflow/example_dags/example_branch_operator.py
[2025-10-30T13:30:33.978+0530] {processor.py:842} WARNING - No viable dags retrieved from /home/logi/txtai/venv/lib/python3.10/site-packages/airflow/example_dags/example_branch_operator.py
[2025-10-30T13:30:33.995+0530] {processor.py:183} INFO - Processing /home/logi/txtai/venv/lib/python3.10/site-packages/airflow/example_dags/example_branch_operator.py took 0.049 seconds
[2025-10-30T15:05:13.418+0530] {processor.py:161} INFO - Started process (PID=5846) to work on /home/logi/txtai/venv/lib/python3.10/site-packages/airflow/example_dags/example_branch_operator.py
[2025-10-30T15:05:13.432+0530] {processor.py:830} INFO - Processing file /home/logi/txtai/venv/lib/python3.10/site-packages/airflow/example_dags/example_branch_operator.py for tasks to queue
[2025-10-30T15:05:13.436+0530] {logging_mixin.py:188} INFO - [2025-10-30T15:05:13.435+0530] {dagbag.py:545} INFO - Filling up the DagBag from /home/logi/txtai/venv/lib/python3.10/site-packages/airflow/example_dags/example_branch_operator.py
[2025-10-30T15:05:13.442+0530] {processor.py:842} WARNING - No viable dags retrieved from /home/logi/txtai/venv/lib/python3.10/site-packages/airflow/example_dags/example_branch_operator.py
[2025-10-30T15:05:13.464+0530] {processor.py:183} INFO - Processing /home/logi/txtai/venv/lib/python3.10/site-packages/airflow/example_dags/example_branch_operator.py took 0.060 seconds
[2025-10-30T15:06:08.627+0530] {processor.py:161} INFO - Started process (PID=5939) to work on /home/logi/txtai/venv/lib/python3.10/site-packages/airflow/example_dags/example_branch_operator.py
[2025-10-30T15:06:08.640+0530] {processor.py:830} INFO - Processing file /home/logi/txtai/venv/lib/python3.10/site-packages/airflow/example_dags/example_branch_operator.py for tasks to queue
[2025-10-30T15:06:08.644+0530] {logging_mixin.py:188} INFO - [2025-10-30T15:06:08.643+0530] {dagbag.py:545} INFO - Filling up the DagBag from /home/logi/txtai/venv/lib/python3.10/site-packages/airflow/example_dags/example_branch_operator.py
[2025-10-30T15:06:08.648+0530] {processor.py:842} WARNING - No viable dags retrieved from /home/logi/txtai/venv/lib/python3.10/site-packages/airflow/example_dags/example_branch_operator.py
[2025-10-30T15:06:08.666+0530] {processor.py:183} INFO - Processing /home/logi/txtai/venv/lib/python3.10/site-packages/airflow/example_dags/example_branch_operator.py took 0.050 seconds
[2025-10-30T15:07:23.213+0530] {processor.py:161} INFO - Started process (PID=6076) to work on /home/logi/txtai/venv/lib/python3.10/site-packages/airflow/example_dags/example_branch_operator.py
[2025-10-30T15:07:23.226+0530] {processor.py:830} INFO - Processing file /home/logi/txtai/venv/lib/python3.10/site-packages/airflow/example_dags/example_branch_operator.py for tasks to queue
[2025-10-30T15:07:23.230+0530] {logging_mixin.py:188} INFO - [2025-10-30T15:07:23.229+0530] {dagbag.py:545} INFO - Filling up the DagBag from /home/logi/txtai/venv/lib/python3.10/site-packages/airflow/example_dags/example_branch_operator.py
[2025-10-30T15:07:23.234+0530] {processor.py:842} WARNING - No viable dags retrieved from /home/logi/txtai/venv/lib/python3.10/site-packages/airflow/example_dags/example_branch_operator.py
[2025-10-30T15:07:23.254+0530] {processor.py:183} INFO - Processing /home/logi/txtai/venv/lib/python3.10/site-packages/airflow/example_dags/example_branch_operator.py took 0.053 seconds
[2025-10-30T15:08:39.442+0530] {processor.py:161} INFO - Started process (PID=6205) to work on /home/logi/txtai/venv/lib/python3.10/site-packages/airflow/example_dags/example_branch_operator.py
[2025-10-30T15:08:39.456+0530] {processor.py:830} INFO - Processing file /home/logi/txtai/venv/lib/python3.10/site-packages/airflow/example_dags/example_branch_operator.py for tasks to queue
[2025-10-30T15:08:39.460+0530] {logging_mixin.py:188} INFO - [2025-10-30T15:08:39.459+0530] {dagbag.py:545} INFO - Filling up the DagBag from /home/logi/txtai/venv/lib/python3.10/site-packages/airflow/example_dags/example_branch_operator.py
[2025-10-30T15:08:39.465+0530] {processor.py:842} WARNING - No viable dags retrieved from /home/logi/txtai/venv/lib/python3.10/site-packages/airflow/example_dags/example_branch_operator.py
[2025-10-30T15:08:39.501+0530] {processor.py:183} INFO - Processing /home/logi/txtai/venv/lib/python3.10/site-packages/airflow/example_dags/example_branch_operator.py took 0.080 seconds
[2025-10-30T15:09:54.553+0530] {processor.py:161} INFO - Started process (PID=6334) to work on /home/logi/txtai/venv/lib/python3.10/site-packages/airflow/example_dags/example_branch_operator.py
[2025-10-30T15:09:54.556+0530] {processor.py:830} INFO - Processing file /home/logi/txtai/venv/lib/python3.10/site-packages/airflow/example_dags/example_branch_operator.py for tasks to queue
[2025-10-30T15:09:54.559+0530] {logging_mixin.py:188} INFO - [2025-10-30T15:09:54.558+0530] {dagbag.py:545} INFO - Filling up the DagBag from /home/logi/txtai/venv/lib/python3.10/site-packages/airflow/example_dags/example_branch_operator.py
[2025-10-30T15:09:54.563+0530] {processor.py:842} WARNING - No viable dags retrieved from /home/logi/txtai/venv/lib/python3.10/site-packages/airflow/example_dags/example_branch_operator.py
[2025-10-30T15:09:54.582+0530] {processor.py:183} INFO - Processing /home/logi/txtai/venv/lib/python3.10/site-packages/airflow/example_dags/example_branch_operator.py took 0.040 seconds
[2025-10-30T15:11:07.159+0530] {processor.py:161} INFO - Started process (PID=6486) to work on /home/logi/txtai/venv/lib/python3.10/site-packages/airflow/example_dags/example_branch_operator.py
[2025-10-30T15:11:07.161+0530] {processor.py:830} INFO - Processing file /home/logi/txtai/venv/lib/python3.10/site-packages/airflow/example_dags/example_branch_operator.py for tasks to queue
[2025-10-30T15:11:07.164+0530] {logging_mixin.py:188} INFO - [2025-10-30T15:11:07.163+0530] {dagbag.py:545} INFO - Filling up the DagBag from /home/logi/txtai/venv/lib/python3.10/site-packages/airflow/example_dags/example_branch_operator.py
[2025-10-30T15:11:07.168+0530] {processor.py:842} WARNING - No viable dags retrieved from /home/logi/txtai/venv/lib/python3.10/site-packages/airflow/example_dags/example_branch_operator.py
[2025-10-30T15:11:07.185+0530] {processor.py:183} INFO - Processing /home/logi/txtai/venv/lib/python3.10/site-packages/airflow/example_dags/example_branch_operator.py took 0.036 seconds
[2025-10-30T15:12:22.651+0530] {processor.py:161} INFO - Started process (PID=6600) to work on /home/logi/txtai/venv/lib/python3.10/site-packages/airflow/example_dags/example_branch_operator.py
[2025-10-30T15:12:22.664+0530] {processor.py:830} INFO - Processing file /home/logi/txtai/venv/lib/python3.10/site-packages/airflow/example_dags/example_branch_operator.py for tasks to queue
[2025-10-30T15:12:22.667+0530] {logging_mixin.py:188} INFO - [2025-10-30T15:12:22.667+0530] {dagbag.py:545} INFO - Filling up the DagBag from /home/logi/txtai/venv/lib/python3.10/site-packages/airflow/example_dags/example_branch_operator.py
[2025-10-30T15:12:22.671+0530] {processor.py:842} WARNING - No viable dags retrieved from /home/logi/txtai/venv/lib/python3.10/site-packages/airflow/example_dags/example_branch_operator.py
[2025-10-30T15:12:22.703+0530] {processor.py:183} INFO - Processing /home/logi/txtai/venv/lib/python3.10/site-packages/airflow/example_dags/example_branch_operator.py took 0.069 seconds
[2025-10-30T15:13:36.906+0530] {processor.py:161} INFO - Started process (PID=6726) to work on /home/logi/txtai/venv/lib/python3.10/site-packages/airflow/example_dags/example_branch_operator.py
[2025-10-30T15:13:36.919+0530] {processor.py:830} INFO - Processing file /home/logi/txtai/venv/lib/python3.10/site-packages/airflow/example_dags/example_branch_operator.py for tasks to queue
[2025-10-30T15:13:36.921+0530] {logging_mixin.py:188} INFO - [2025-10-30T15:13:36.920+0530] {dagbag.py:545} INFO - Filling up the DagBag from /home/logi/txtai/venv/lib/python3.10/site-packages/airflow/example_dags/example_branch_operator.py
[2025-10-30T15:13:36.923+0530] {processor.py:842} WARNING - No viable dags retrieved from /home/logi/txtai/venv/lib/python3.10/site-packages/airflow/example_dags/example_branch_operator.py
[2025-10-30T15:13:36.941+0530] {processor.py:183} INFO - Processing /home/logi/txtai/venv/lib/python3.10/site-packages/airflow/example_dags/example_branch_operator.py took 0.047 seconds
[2025-10-30T15:14:53.477+0530] {processor.py:161} INFO - Started process (PID=6853) to work on /home/logi/txtai/venv/lib/python3.10/site-packages/airflow/example_dags/example_branch_operator.py
[2025-10-30T15:14:53.491+0530] {processor.py:830} INFO - Processing file /home/logi/txtai/venv/lib/python3.10/site-packages/airflow/example_dags/example_branch_operator.py for tasks to queue
[2025-10-30T15:14:53.494+0530] {logging_mixin.py:188} INFO - [2025-10-30T15:14:53.493+0530] {dagbag.py:545} INFO - Filling up the DagBag from /home/logi/txtai/venv/lib/python3.10/site-packages/airflow/example_dags/example_branch_operator.py
[2025-10-30T15:14:53.498+0530] {processor.py:842} WARNING - No viable dags retrieved from /home/logi/txtai/venv/lib/python3.10/site-packages/airflow/example_dags/example_branch_operator.py
[2025-10-30T15:14:53.518+0530] {processor.py:183} INFO - Processing /home/logi/txtai/venv/lib/python3.10/site-packages/airflow/example_dags/example_branch_operator.py took 0.053 seconds
[2025-10-30T15:16:08.359+0530] {processor.py:161} INFO - Started process (PID=6946) to work on /home/logi/txtai/venv/lib/python3.10/site-packages/airflow/example_dags/example_branch_operator.py
[2025-10-30T15:16:08.372+0530] {processor.py:830} INFO - Processing file /home/logi/txtai/venv/lib/python3.10/site-packages/airflow/example_dags/example_branch_operator.py for tasks to queue
[2025-10-30T15:16:08.375+0530] {logging_mixin.py:188} INFO - [2025-10-30T15:16:08.374+0530] {dagbag.py:545} INFO - Filling up the DagBag from /home/logi/txtai/venv/lib/python3.10/site-packages/airflow/example_dags/example_branch_operator.py
[2025-10-30T15:16:08.379+0530] {processor.py:842} WARNING - No viable dags retrieved from /home/logi/txtai/venv/lib/python3.10/site-packages/airflow/example_dags/example_branch_operator.py
[2025-10-30T15:16:08.394+0530] {processor.py:183} INFO - Processing /home/logi/txtai/venv/lib/python3.10/site-packages/airflow/example_dags/example_branch_operator.py took 0.047 seconds
[2025-10-30T15:17:16.444+0530] {processor.py:161} INFO - Started process (PID=7073) to work on /home/logi/txtai/venv/lib/python3.10/site-packages/airflow/example_dags/example_branch_operator.py
[2025-10-30T15:17:16.446+0530] {processor.py:830} INFO - Processing file /home/logi/txtai/venv/lib/python3.10/site-packages/airflow/example_dags/example_branch_operator.py for tasks to queue
[2025-10-30T15:17:16.449+0530] {logging_mixin.py:188} INFO - [2025-10-30T15:17:16.448+0530] {dagbag.py:545} INFO - Filling up the DagBag from /home/logi/txtai/venv/lib/python3.10/site-packages/airflow/example_dags/example_branch_operator.py
[2025-10-30T15:17:16.453+0530] {processor.py:842} WARNING - No viable dags retrieved from /home/logi/txtai/venv/lib/python3.10/site-packages/airflow/example_dags/example_branch_operator.py
[2025-10-30T15:17:16.473+0530] {processor.py:183} INFO - Processing /home/logi/txtai/venv/lib/python3.10/site-packages/airflow/example_dags/example_branch_operator.py took 0.040 seconds
[2025-10-30T15:18:35.442+0530] {processor.py:161} INFO - Started process (PID=7171) to work on /home/logi/txtai/venv/lib/python3.10/site-packages/airflow/example_dags/example_branch_operator.py
[2025-10-30T15:18:35.456+0530] {processor.py:830} INFO - Processing file /home/logi/txtai/venv/lib/python3.10/site-packages/airflow/example_dags/example_branch_operator.py for tasks to queue
[2025-10-30T15:18:35.459+0530] {logging_mixin.py:188} INFO - [2025-10-30T15:18:35.459+0530] {dagbag.py:545} INFO - Filling up the DagBag from /home/logi/txtai/venv/lib/python3.10/site-packages/airflow/example_dags/example_branch_operator.py
[2025-10-30T15:18:35.464+0530] {processor.py:842} WARNING - No viable dags retrieved from /home/logi/txtai/venv/lib/python3.10/site-packages/airflow/example_dags/example_branch_operator.py
[2025-10-30T15:18:35.483+0530] {processor.py:183} INFO - Processing /home/logi/txtai/venv/lib/python3.10/site-packages/airflow/example_dags/example_branch_operator.py took 0.053 seconds
[2025-10-30T15:19:54.934+0530] {processor.py:161} INFO - Started process (PID=7318) to work on /home/logi/txtai/venv/lib/python3.10/site-packages/airflow/example_dags/example_branch_operator.py
[2025-10-30T15:19:54.948+0530] {processor.py:830} INFO - Processing file /home/logi/txtai/venv/lib/python3.10/site-packages/airflow/example_dags/example_branch_operator.py for tasks to queue
[2025-10-30T15:19:54.952+0530] {logging_mixin.py:188} INFO - [2025-10-30T15:19:54.951+0530] {dagbag.py:545} INFO - Filling up the DagBag from /home/logi/txtai/venv/lib/python3.10/site-packages/airflow/example_dags/example_branch_operator.py
[2025-10-30T15:19:54.957+0530] {processor.py:842} WARNING - No viable dags retrieved from /home/logi/txtai/venv/lib/python3.10/site-packages/airflow/example_dags/example_branch_operator.py
[2025-10-30T15:19:54.976+0530] {processor.py:183} INFO - Processing /home/logi/txtai/venv/lib/python3.10/site-packages/airflow/example_dags/example_branch_operator.py took 0.054 seconds
[2025-10-30T15:21:07.647+0530] {processor.py:161} INFO - Started process (PID=7428) to work on /home/logi/txtai/venv/lib/python3.10/site-packages/airflow/example_dags/example_branch_operator.py
[2025-10-30T15:21:07.661+0530] {processor.py:830} INFO - Processing file /home/logi/txtai/venv/lib/python3.10/site-packages/airflow/example_dags/example_branch_operator.py for tasks to queue
[2025-10-30T15:21:07.664+0530] {logging_mixin.py:188} INFO - [2025-10-30T15:21:07.664+0530] {dagbag.py:545} INFO - Filling up the DagBag from /home/logi/txtai/venv/lib/python3.10/site-packages/airflow/example_dags/example_branch_operator.py
[2025-10-30T15:21:07.669+0530] {processor.py:842} WARNING - No viable dags retrieved from /home/logi/txtai/venv/lib/python3.10/site-packages/airflow/example_dags/example_branch_operator.py
[2025-10-30T15:21:07.688+0530] {processor.py:183} INFO - Processing /home/logi/txtai/venv/lib/python3.10/site-packages/airflow/example_dags/example_branch_operator.py took 0.052 seconds
[2025-10-30T15:22:22.689+0530] {processor.py:161} INFO - Started process (PID=7545) to work on /home/logi/txtai/venv/lib/python3.10/site-packages/airflow/example_dags/example_branch_operator.py
[2025-10-30T15:22:22.702+0530] {processor.py:830} INFO - Processing file /home/logi/txtai/venv/lib/python3.10/site-packages/airflow/example_dags/example_branch_operator.py for tasks to queue
[2025-10-30T15:22:22.705+0530] {logging_mixin.py:188} INFO - [2025-10-30T15:22:22.705+0530] {dagbag.py:545} INFO - Filling up the DagBag from /home/logi/txtai/venv/lib/python3.10/site-packages/airflow/example_dags/example_branch_operator.py
[2025-10-30T15:22:22.710+0530] {processor.py:842} WARNING - No viable dags retrieved from /home/logi/txtai/venv/lib/python3.10/site-packages/airflow/example_dags/example_branch_operator.py
[2025-10-30T15:22:22.729+0530] {processor.py:183} INFO - Processing /home/logi/txtai/venv/lib/python3.10/site-packages/airflow/example_dags/example_branch_operator.py took 0.051 seconds
[2025-10-30T15:23:37.018+0530] {processor.py:161} INFO - Started process (PID=7649) to work on /home/logi/txtai/venv/lib/python3.10/site-packages/airflow/example_dags/example_branch_operator.py
[2025-10-30T15:23:37.031+0530] {processor.py:830} INFO - Processing file /home/logi/txtai/venv/lib/python3.10/site-packages/airflow/example_dags/example_branch_operator.py for tasks to queue
[2025-10-30T15:23:37.034+0530] {logging_mixin.py:188} INFO - [2025-10-30T15:23:37.033+0530] {dagbag.py:545} INFO - Filling up the DagBag from /home/logi/txtai/venv/lib/python3.10/site-packages/airflow/example_dags/example_branch_operator.py
[2025-10-30T15:23:37.038+0530] {processor.py:842} WARNING - No viable dags retrieved from /home/logi/txtai/venv/lib/python3.10/site-packages/airflow/example_dags/example_branch_operator.py
[2025-10-30T15:23:37.057+0530] {processor.py:183} INFO - Processing /home/logi/txtai/venv/lib/python3.10/site-packages/airflow/example_dags/example_branch_operator.py took 0.050 seconds
[2025-10-30T15:24:51.566+0530] {processor.py:161} INFO - Started process (PID=7775) to work on /home/logi/txtai/venv/lib/python3.10/site-packages/airflow/example_dags/example_branch_operator.py
[2025-10-30T15:24:51.568+0530] {processor.py:830} INFO - Processing file /home/logi/txtai/venv/lib/python3.10/site-packages/airflow/example_dags/example_branch_operator.py for tasks to queue
[2025-10-30T15:24:51.571+0530] {logging_mixin.py:188} INFO - [2025-10-30T15:24:51.571+0530] {dagbag.py:545} INFO - Filling up the DagBag from /home/logi/txtai/venv/lib/python3.10/site-packages/airflow/example_dags/example_branch_operator.py
[2025-10-30T15:24:51.576+0530] {processor.py:842} WARNING - No viable dags retrieved from /home/logi/txtai/venv/lib/python3.10/site-packages/airflow/example_dags/example_branch_operator.py
[2025-10-30T15:24:51.595+0530] {processor.py:183} INFO - Processing /home/logi/txtai/venv/lib/python3.10/site-packages/airflow/example_dags/example_branch_operator.py took 0.041 seconds
[2025-10-30T15:26:05.997+0530] {processor.py:161} INFO - Started process (PID=7877) to work on /home/logi/txtai/venv/lib/python3.10/site-packages/airflow/example_dags/example_branch_operator.py
[2025-10-30T15:26:06.010+0530] {processor.py:830} INFO - Processing file /home/logi/txtai/venv/lib/python3.10/site-packages/airflow/example_dags/example_branch_operator.py for tasks to queue
[2025-10-30T15:26:06.013+0530] {logging_mixin.py:188} INFO - [2025-10-30T15:26:06.012+0530] {dagbag.py:545} INFO - Filling up the DagBag from /home/logi/txtai/venv/lib/python3.10/site-packages/airflow/example_dags/example_branch_operator.py
[2025-10-30T15:26:06.017+0530] {processor.py:842} WARNING - No viable dags retrieved from /home/logi/txtai/venv/lib/python3.10/site-packages/airflow/example_dags/example_branch_operator.py
[2025-10-30T15:26:06.035+0530] {processor.py:183} INFO - Processing /home/logi/txtai/venv/lib/python3.10/site-packages/airflow/example_dags/example_branch_operator.py took 0.050 seconds
[2025-10-30T15:27:18.368+0530] {processor.py:161} INFO - Started process (PID=7972) to work on /home/logi/txtai/venv/lib/python3.10/site-packages/airflow/example_dags/example_branch_operator.py
[2025-10-30T15:27:18.381+0530] {processor.py:830} INFO - Processing file /home/logi/txtai/venv/lib/python3.10/site-packages/airflow/example_dags/example_branch_operator.py for tasks to queue
[2025-10-30T15:27:18.384+0530] {logging_mixin.py:188} INFO - [2025-10-30T15:27:18.384+0530] {dagbag.py:545} INFO - Filling up the DagBag from /home/logi/txtai/venv/lib/python3.10/site-packages/airflow/example_dags/example_branch_operator.py
[2025-10-30T15:27:18.389+0530] {processor.py:842} WARNING - No viable dags retrieved from /home/logi/txtai/venv/lib/python3.10/site-packages/airflow/example_dags/example_branch_operator.py
[2025-10-30T15:27:18.408+0530] {processor.py:183} INFO - Processing /home/logi/txtai/venv/lib/python3.10/site-packages/airflow/example_dags/example_branch_operator.py took 0.051 seconds
[2025-10-30T15:28:33.267+0530] {processor.py:161} INFO - Started process (PID=8062) to work on /home/logi/txtai/venv/lib/python3.10/site-packages/airflow/example_dags/example_branch_operator.py
[2025-10-30T15:28:33.281+0530] {processor.py:830} INFO - Processing file /home/logi/txtai/venv/lib/python3.10/site-packages/airflow/example_dags/example_branch_operator.py for tasks to queue
[2025-10-30T15:28:33.284+0530] {logging_mixin.py:188} INFO - [2025-10-30T15:28:33.283+0530] {dagbag.py:545} INFO - Filling up the DagBag from /home/logi/txtai/venv/lib/python3.10/site-packages/airflow/example_dags/example_branch_operator.py
[2025-10-30T15:28:33.288+0530] {processor.py:842} WARNING - No viable dags retrieved from /home/logi/txtai/venv/lib/python3.10/site-packages/airflow/example_dags/example_branch_operator.py
[2025-10-30T15:28:33.307+0530] {processor.py:183} INFO - Processing /home/logi/txtai/venv/lib/python3.10/site-packages/airflow/example_dags/example_branch_operator.py took 0.051 seconds
[2025-10-30T15:29:48.223+0530] {processor.py:161} INFO - Started process (PID=8188) to work on /home/logi/txtai/venv/lib/python3.10/site-packages/airflow/example_dags/example_branch_operator.py
[2025-10-30T15:29:48.237+0530] {processor.py:830} INFO - Processing file /home/logi/txtai/venv/lib/python3.10/site-packages/airflow/example_dags/example_branch_operator.py for tasks to queue
[2025-10-30T15:29:48.241+0530] {logging_mixin.py:188} INFO - [2025-10-30T15:29:48.240+0530] {dagbag.py:545} INFO - Filling up the DagBag from /home/logi/txtai/venv/lib/python3.10/site-packages/airflow/example_dags/example_branch_operator.py
[2025-10-30T15:29:48.245+0530] {processor.py:842} WARNING - No viable dags retrieved from /home/logi/txtai/venv/lib/python3.10/site-packages/airflow/example_dags/example_branch_operator.py
[2025-10-30T15:29:48.265+0530] {processor.py:183} INFO - Processing /home/logi/txtai/venv/lib/python3.10/site-packages/airflow/example_dags/example_branch_operator.py took 0.053 seconds
[2025-10-30T15:31:00.213+0530] {processor.py:161} INFO - Started process (PID=8274) to work on /home/logi/txtai/venv/lib/python3.10/site-packages/airflow/example_dags/example_branch_operator.py
[2025-10-30T15:31:00.216+0530] {processor.py:830} INFO - Processing file /home/logi/txtai/venv/lib/python3.10/site-packages/airflow/example_dags/example_branch_operator.py for tasks to queue
[2025-10-30T15:31:00.219+0530] {logging_mixin.py:188} INFO - [2025-10-30T15:31:00.218+0530] {dagbag.py:545} INFO - Filling up the DagBag from /home/logi/txtai/venv/lib/python3.10/site-packages/airflow/example_dags/example_branch_operator.py
[2025-10-30T15:31:00.224+0530] {processor.py:842} WARNING - No viable dags retrieved from /home/logi/txtai/venv/lib/python3.10/site-packages/airflow/example_dags/example_branch_operator.py
[2025-10-30T15:31:00.243+0530] {processor.py:183} INFO - Processing /home/logi/txtai/venv/lib/python3.10/site-packages/airflow/example_dags/example_branch_operator.py took 0.040 seconds
[2025-10-30T15:32:18.584+0530] {processor.py:161} INFO - Started process (PID=8376) to work on /home/logi/txtai/venv/lib/python3.10/site-packages/airflow/example_dags/example_branch_operator.py
[2025-10-30T15:32:18.587+0530] {processor.py:830} INFO - Processing file /home/logi/txtai/venv/lib/python3.10/site-packages/airflow/example_dags/example_branch_operator.py for tasks to queue
[2025-10-30T15:32:18.589+0530] {logging_mixin.py:188} INFO - [2025-10-30T15:32:18.589+0530] {dagbag.py:545} INFO - Filling up the DagBag from /home/logi/txtai/venv/lib/python3.10/site-packages/airflow/example_dags/example_branch_operator.py
[2025-10-30T15:32:18.594+0530] {processor.py:842} WARNING - No viable dags retrieved from /home/logi/txtai/venv/lib/python3.10/site-packages/airflow/example_dags/example_branch_operator.py
[2025-10-30T15:32:18.612+0530] {processor.py:183} INFO - Processing /home/logi/txtai/venv/lib/python3.10/site-packages/airflow/example_dags/example_branch_operator.py took 0.038 seconds
[2025-10-30T15:33:33.810+0530] {processor.py:161} INFO - Started process (PID=8466) to work on /home/logi/txtai/venv/lib/python3.10/site-packages/airflow/example_dags/example_branch_operator.py
[2025-10-30T15:33:33.812+0530] {processor.py:830} INFO - Processing file /home/logi/txtai/venv/lib/python3.10/site-packages/airflow/example_dags/example_branch_operator.py for tasks to queue
[2025-10-30T15:33:33.815+0530] {logging_mixin.py:188} INFO - [2025-10-30T15:33:33.815+0530] {dagbag.py:545} INFO - Filling up the DagBag from /home/logi/txtai/venv/lib/python3.10/site-packages/airflow/example_dags/example_branch_operator.py
[2025-10-30T15:33:33.820+0530] {processor.py:842} WARNING - No viable dags retrieved from /home/logi/txtai/venv/lib/python3.10/site-packages/airflow/example_dags/example_branch_operator.py
[2025-10-30T15:33:33.838+0530] {processor.py:183} INFO - Processing /home/logi/txtai/venv/lib/python3.10/site-packages/airflow/example_dags/example_branch_operator.py took 0.038 seconds
[2025-10-30T15:34:31.531+0530] {processor.py:161} INFO - Started process (PID=8562) to work on /home/logi/txtai/venv/lib/python3.10/site-packages/airflow/example_dags/example_branch_operator.py
[2025-10-30T15:34:31.544+0530] {processor.py:830} INFO - Processing file /home/logi/txtai/venv/lib/python3.10/site-packages/airflow/example_dags/example_branch_operator.py for tasks to queue
[2025-10-30T15:34:31.547+0530] {logging_mixin.py:188} INFO - [2025-10-30T15:34:31.547+0530] {dagbag.py:545} INFO - Filling up the DagBag from /home/logi/txtai/venv/lib/python3.10/site-packages/airflow/example_dags/example_branch_operator.py
[2025-10-30T15:34:31.552+0530] {processor.py:842} WARNING - No viable dags retrieved from /home/logi/txtai/venv/lib/python3.10/site-packages/airflow/example_dags/example_branch_operator.py
[2025-10-30T15:34:31.570+0530] {processor.py:183} INFO - Processing /home/logi/txtai/venv/lib/python3.10/site-packages/airflow/example_dags/example_branch_operator.py took 0.050 seconds
[2025-10-30T15:35:31.699+0530] {processor.py:161} INFO - Started process (PID=8630) to work on /home/logi/txtai/venv/lib/python3.10/site-packages/airflow/example_dags/example_branch_operator.py
[2025-10-30T15:35:31.713+0530] {processor.py:830} INFO - Processing file /home/logi/txtai/venv/lib/python3.10/site-packages/airflow/example_dags/example_branch_operator.py for tasks to queue
[2025-10-30T15:35:31.716+0530] {logging_mixin.py:188} INFO - [2025-10-30T15:35:31.716+0530] {dagbag.py:545} INFO - Filling up the DagBag from /home/logi/txtai/venv/lib/python3.10/site-packages/airflow/example_dags/example_branch_operator.py
[2025-10-30T15:35:31.721+0530] {processor.py:842} WARNING - No viable dags retrieved from /home/logi/txtai/venv/lib/python3.10/site-packages/airflow/example_dags/example_branch_operator.py
[2025-10-30T15:35:31.739+0530] {processor.py:183} INFO - Processing /home/logi/txtai/venv/lib/python3.10/site-packages/airflow/example_dags/example_branch_operator.py took 0.051 seconds
[2025-10-30T15:36:26.616+0530] {processor.py:161} INFO - Started process (PID=8695) to work on /home/logi/txtai/venv/lib/python3.10/site-packages/airflow/example_dags/example_branch_operator.py
[2025-10-30T15:36:26.630+0530] {processor.py:830} INFO - Processing file /home/logi/txtai/venv/lib/python3.10/site-packages/airflow/example_dags/example_branch_operator.py for tasks to queue
[2025-10-30T15:36:26.633+0530] {logging_mixin.py:188} INFO - [2025-10-30T15:36:26.632+0530] {dagbag.py:545} INFO - Filling up the DagBag from /home/logi/txtai/venv/lib/python3.10/site-packages/airflow/example_dags/example_branch_operator.py
[2025-10-30T15:36:26.637+0530] {processor.py:842} WARNING - No viable dags retrieved from /home/logi/txtai/venv/lib/python3.10/site-packages/airflow/example_dags/example_branch_operator.py
[2025-10-30T15:36:26.656+0530] {processor.py:183} INFO - Processing /home/logi/txtai/venv/lib/python3.10/site-packages/airflow/example_dags/example_branch_operator.py took 0.050 seconds
[2025-10-30T15:37:48.331+0530] {processor.py:161} INFO - Started process (PID=8812) to work on /home/logi/txtai/venv/lib/python3.10/site-packages/airflow/example_dags/example_branch_operator.py
[2025-10-30T15:37:48.344+0530] {processor.py:830} INFO - Processing file /home/logi/txtai/venv/lib/python3.10/site-packages/airflow/example_dags/example_branch_operator.py for tasks to queue
[2025-10-30T15:37:48.348+0530] {logging_mixin.py:188} INFO - [2025-10-30T15:37:48.347+0530] {dagbag.py:545} INFO - Filling up the DagBag from /home/logi/txtai/venv/lib/python3.10/site-packages/airflow/example_dags/example_branch_operator.py
[2025-10-30T15:37:48.352+0530] {processor.py:842} WARNING - No viable dags retrieved from /home/logi/txtai/venv/lib/python3.10/site-packages/airflow/example_dags/example_branch_operator.py
[2025-10-30T15:37:48.370+0530] {processor.py:183} INFO - Processing /home/logi/txtai/venv/lib/python3.10/site-packages/airflow/example_dags/example_branch_operator.py took 0.050 seconds
[2025-10-30T15:39:04.847+0530] {processor.py:161} INFO - Started process (PID=8903) to work on /home/logi/txtai/venv/lib/python3.10/site-packages/airflow/example_dags/example_branch_operator.py
[2025-10-30T15:39:04.861+0530] {processor.py:830} INFO - Processing file /home/logi/txtai/venv/lib/python3.10/site-packages/airflow/example_dags/example_branch_operator.py for tasks to queue
[2025-10-30T15:39:04.864+0530] {logging_mixin.py:188} INFO - [2025-10-30T15:39:04.864+0530] {dagbag.py:545} INFO - Filling up the DagBag from /home/logi/txtai/venv/lib/python3.10/site-packages/airflow/example_dags/example_branch_operator.py
[2025-10-30T15:39:04.869+0530] {processor.py:842} WARNING - No viable dags retrieved from /home/logi/txtai/venv/lib/python3.10/site-packages/airflow/example_dags/example_branch_operator.py
[2025-10-30T15:39:04.889+0530] {processor.py:183} INFO - Processing /home/logi/txtai/venv/lib/python3.10/site-packages/airflow/example_dags/example_branch_operator.py took 0.054 seconds
[2025-10-30T15:40:20.120+0530] {processor.py:161} INFO - Started process (PID=9108) to work on /home/logi/txtai/venv/lib/python3.10/site-packages/airflow/example_dags/example_branch_operator.py
[2025-10-30T15:40:20.134+0530] {processor.py:830} INFO - Processing file /home/logi/txtai/venv/lib/python3.10/site-packages/airflow/example_dags/example_branch_operator.py for tasks to queue
[2025-10-30T15:40:20.138+0530] {logging_mixin.py:188} INFO - [2025-10-30T15:40:20.137+0530] {dagbag.py:545} INFO - Filling up the DagBag from /home/logi/txtai/venv/lib/python3.10/site-packages/airflow/example_dags/example_branch_operator.py
[2025-10-30T15:40:20.142+0530] {processor.py:842} WARNING - No viable dags retrieved from /home/logi/txtai/venv/lib/python3.10/site-packages/airflow/example_dags/example_branch_operator.py
[2025-10-30T15:40:20.161+0530] {processor.py:183} INFO - Processing /home/logi/txtai/venv/lib/python3.10/site-packages/airflow/example_dags/example_branch_operator.py took 0.052 seconds
[2025-10-30T15:41:35.642+0530] {processor.py:161} INFO - Started process (PID=9316) to work on /home/logi/txtai/venv/lib/python3.10/site-packages/airflow/example_dags/example_branch_operator.py
[2025-10-30T15:41:35.645+0530] {processor.py:830} INFO - Processing file /home/logi/txtai/venv/lib/python3.10/site-packages/airflow/example_dags/example_branch_operator.py for tasks to queue
[2025-10-30T15:41:35.649+0530] {logging_mixin.py:188} INFO - [2025-10-30T15:41:35.648+0530] {dagbag.py:545} INFO - Filling up the DagBag from /home/logi/txtai/venv/lib/python3.10/site-packages/airflow/example_dags/example_branch_operator.py
[2025-10-30T15:41:35.655+0530] {processor.py:842} WARNING - No viable dags retrieved from /home/logi/txtai/venv/lib/python3.10/site-packages/airflow/example_dags/example_branch_operator.py
[2025-10-30T15:41:35.673+0530] {processor.py:183} INFO - Processing /home/logi/txtai/venv/lib/python3.10/site-packages/airflow/example_dags/example_branch_operator.py took 0.044 seconds
[2025-10-30T15:42:52.120+0530] {processor.py:161} INFO - Started process (PID=9563) to work on /home/logi/txtai/venv/lib/python3.10/site-packages/airflow/example_dags/example_branch_operator.py
[2025-10-30T15:42:52.134+0530] {processor.py:830} INFO - Processing file /home/logi/txtai/venv/lib/python3.10/site-packages/airflow/example_dags/example_branch_operator.py for tasks to queue
[2025-10-30T15:42:52.138+0530] {logging_mixin.py:188} INFO - [2025-10-30T15:42:52.137+0530] {dagbag.py:545} INFO - Filling up the DagBag from /home/logi/txtai/venv/lib/python3.10/site-packages/airflow/example_dags/example_branch_operator.py
[2025-10-30T15:42:52.143+0530] {processor.py:842} WARNING - No viable dags retrieved from /home/logi/txtai/venv/lib/python3.10/site-packages/airflow/example_dags/example_branch_operator.py
[2025-10-30T15:42:52.164+0530] {processor.py:183} INFO - Processing /home/logi/txtai/venv/lib/python3.10/site-packages/airflow/example_dags/example_branch_operator.py took 0.055 seconds
[2025-10-30T15:44:05.950+0530] {processor.py:161} INFO - Started process (PID=9852) to work on /home/logi/txtai/venv/lib/python3.10/site-packages/airflow/example_dags/example_branch_operator.py
[2025-10-30T15:44:05.964+0530] {processor.py:830} INFO - Processing file /home/logi/txtai/venv/lib/python3.10/site-packages/airflow/example_dags/example_branch_operator.py for tasks to queue
[2025-10-30T15:44:05.967+0530] {logging_mixin.py:188} INFO - [2025-10-30T15:44:05.966+0530] {dagbag.py:545} INFO - Filling up the DagBag from /home/logi/txtai/venv/lib/python3.10/site-packages/airflow/example_dags/example_branch_operator.py
[2025-10-30T15:44:05.971+0530] {processor.py:842} WARNING - No viable dags retrieved from /home/logi/txtai/venv/lib/python3.10/site-packages/airflow/example_dags/example_branch_operator.py
[2025-10-30T15:44:05.990+0530] {processor.py:183} INFO - Processing /home/logi/txtai/venv/lib/python3.10/site-packages/airflow/example_dags/example_branch_operator.py took 0.051 seconds
[2025-10-30T15:45:18.629+0530] {processor.py:161} INFO - Started process (PID=10107) to work on /home/logi/txtai/venv/lib/python3.10/site-packages/airflow/example_dags/example_branch_operator.py
[2025-10-30T15:45:18.642+0530] {processor.py:830} INFO - Processing file /home/logi/txtai/venv/lib/python3.10/site-packages/airflow/example_dags/example_branch_operator.py for tasks to queue
[2025-10-30T15:45:18.647+0530] {logging_mixin.py:188} INFO - [2025-10-30T15:45:18.646+0530] {dagbag.py:545} INFO - Filling up the DagBag from /home/logi/txtai/venv/lib/python3.10/site-packages/airflow/example_dags/example_branch_operator.py
[2025-10-30T15:45:18.654+0530] {processor.py:842} WARNING - No viable dags retrieved from /home/logi/txtai/venv/lib/python3.10/site-packages/airflow/example_dags/example_branch_operator.py
[2025-10-30T15:45:18.674+0530] {processor.py:183} INFO - Processing /home/logi/txtai/venv/lib/python3.10/site-packages/airflow/example_dags/example_branch_operator.py took 0.057 seconds
[2025-10-30T15:46:31.704+0530] {processor.py:161} INFO - Started process (PID=10221) to work on /home/logi/txtai/venv/lib/python3.10/site-packages/airflow/example_dags/example_branch_operator.py
[2025-10-30T15:46:31.717+0530] {processor.py:830} INFO - Processing file /home/logi/txtai/venv/lib/python3.10/site-packages/airflow/example_dags/example_branch_operator.py for tasks to queue
[2025-10-30T15:46:31.720+0530] {logging_mixin.py:188} INFO - [2025-10-30T15:46:31.720+0530] {dagbag.py:545} INFO - Filling up the DagBag from /home/logi/txtai/venv/lib/python3.10/site-packages/airflow/example_dags/example_branch_operator.py
[2025-10-30T15:46:31.725+0530] {processor.py:842} WARNING - No viable dags retrieved from /home/logi/txtai/venv/lib/python3.10/site-packages/airflow/example_dags/example_branch_operator.py
[2025-10-30T15:46:31.743+0530] {processor.py:183} INFO - Processing /home/logi/txtai/venv/lib/python3.10/site-packages/airflow/example_dags/example_branch_operator.py took 0.049 seconds
[2025-10-30T15:47:44.392+0530] {processor.py:161} INFO - Started process (PID=10332) to work on /home/logi/txtai/venv/lib/python3.10/site-packages/airflow/example_dags/example_branch_operator.py
[2025-10-30T15:47:44.405+0530] {processor.py:830} INFO - Processing file /home/logi/txtai/venv/lib/python3.10/site-packages/airflow/example_dags/example_branch_operator.py for tasks to queue
[2025-10-30T15:47:44.408+0530] {logging_mixin.py:188} INFO - [2025-10-30T15:47:44.408+0530] {dagbag.py:545} INFO - Filling up the DagBag from /home/logi/txtai/venv/lib/python3.10/site-packages/airflow/example_dags/example_branch_operator.py
[2025-10-30T15:47:44.412+0530] {processor.py:842} WARNING - No viable dags retrieved from /home/logi/txtai/venv/lib/python3.10/site-packages/airflow/example_dags/example_branch_operator.py
[2025-10-30T15:47:44.432+0530] {processor.py:183} INFO - Processing /home/logi/txtai/venv/lib/python3.10/site-packages/airflow/example_dags/example_branch_operator.py took 0.051 seconds
[2025-10-30T15:49:02.482+0530] {processor.py:161} INFO - Started process (PID=10441) to work on /home/logi/txtai/venv/lib/python3.10/site-packages/airflow/example_dags/example_branch_operator.py
[2025-10-30T15:49:02.496+0530] {processor.py:830} INFO - Processing file /home/logi/txtai/venv/lib/python3.10/site-packages/airflow/example_dags/example_branch_operator.py for tasks to queue
[2025-10-30T15:49:02.499+0530] {logging_mixin.py:188} INFO - [2025-10-30T15:49:02.498+0530] {dagbag.py:545} INFO - Filling up the DagBag from /home/logi/txtai/venv/lib/python3.10/site-packages/airflow/example_dags/example_branch_operator.py
[2025-10-30T15:49:02.503+0530] {processor.py:842} WARNING - No viable dags retrieved from /home/logi/txtai/venv/lib/python3.10/site-packages/airflow/example_dags/example_branch_operator.py
[2025-10-30T15:49:02.523+0530] {processor.py:183} INFO - Processing /home/logi/txtai/venv/lib/python3.10/site-packages/airflow/example_dags/example_branch_operator.py took 0.052 seconds
[2025-10-30T15:50:14.295+0530] {processor.py:161} INFO - Started process (PID=10593) to work on /home/logi/txtai/venv/lib/python3.10/site-packages/airflow/example_dags/example_branch_operator.py
[2025-10-30T15:50:14.312+0530] {processor.py:830} INFO - Processing file /home/logi/txtai/venv/lib/python3.10/site-packages/airflow/example_dags/example_branch_operator.py for tasks to queue
[2025-10-30T15:50:14.315+0530] {logging_mixin.py:188} INFO - [2025-10-30T15:50:14.315+0530] {dagbag.py:545} INFO - Filling up the DagBag from /home/logi/txtai/venv/lib/python3.10/site-packages/airflow/example_dags/example_branch_operator.py
[2025-10-30T15:50:14.320+0530] {processor.py:842} WARNING - No viable dags retrieved from /home/logi/txtai/venv/lib/python3.10/site-packages/airflow/example_dags/example_branch_operator.py
[2025-10-30T15:50:14.338+0530] {processor.py:183} INFO - Processing /home/logi/txtai/venv/lib/python3.10/site-packages/airflow/example_dags/example_branch_operator.py took 0.055 seconds
[2025-10-30T15:51:26.919+0530] {processor.py:161} INFO - Started process (PID=10677) to work on /home/logi/txtai/venv/lib/python3.10/site-packages/airflow/example_dags/example_branch_operator.py
[2025-10-30T15:51:26.932+0530] {processor.py:830} INFO - Processing file /home/logi/txtai/venv/lib/python3.10/site-packages/airflow/example_dags/example_branch_operator.py for tasks to queue
[2025-10-30T15:51:26.935+0530] {logging_mixin.py:188} INFO - [2025-10-30T15:51:26.934+0530] {dagbag.py:545} INFO - Filling up the DagBag from /home/logi/txtai/venv/lib/python3.10/site-packages/airflow/example_dags/example_branch_operator.py
[2025-10-30T15:51:26.939+0530] {processor.py:842} WARNING - No viable dags retrieved from /home/logi/txtai/venv/lib/python3.10/site-packages/airflow/example_dags/example_branch_operator.py
[2025-10-30T15:51:26.959+0530] {processor.py:183} INFO - Processing /home/logi/txtai/venv/lib/python3.10/site-packages/airflow/example_dags/example_branch_operator.py took 0.053 seconds
[2025-10-30T15:52:43.822+0530] {processor.py:161} INFO - Started process (PID=10847) to work on /home/logi/txtai/venv/lib/python3.10/site-packages/airflow/example_dags/example_branch_operator.py
[2025-10-30T15:52:43.824+0530] {processor.py:830} INFO - Processing file /home/logi/txtai/venv/lib/python3.10/site-packages/airflow/example_dags/example_branch_operator.py for tasks to queue
[2025-10-30T15:52:43.827+0530] {logging_mixin.py:188} INFO - [2025-10-30T15:52:43.826+0530] {dagbag.py:545} INFO - Filling up the DagBag from /home/logi/txtai/venv/lib/python3.10/site-packages/airflow/example_dags/example_branch_operator.py
[2025-10-30T15:52:43.831+0530] {processor.py:842} WARNING - No viable dags retrieved from /home/logi/txtai/venv/lib/python3.10/site-packages/airflow/example_dags/example_branch_operator.py
[2025-10-30T15:52:43.850+0530] {processor.py:183} INFO - Processing /home/logi/txtai/venv/lib/python3.10/site-packages/airflow/example_dags/example_branch_operator.py took 0.039 seconds
[2025-10-30T15:54:01.120+0530] {processor.py:161} INFO - Started process (PID=11276) to work on /home/logi/txtai/venv/lib/python3.10/site-packages/airflow/example_dags/example_branch_operator.py
[2025-10-30T15:54:01.135+0530] {processor.py:830} INFO - Processing file /home/logi/txtai/venv/lib/python3.10/site-packages/airflow/example_dags/example_branch_operator.py for tasks to queue
[2025-10-30T15:54:01.138+0530] {logging_mixin.py:188} INFO - [2025-10-30T15:54:01.137+0530] {dagbag.py:545} INFO - Filling up the DagBag from /home/logi/txtai/venv/lib/python3.10/site-packages/airflow/example_dags/example_branch_operator.py
[2025-10-30T15:54:01.143+0530] {processor.py:842} WARNING - No viable dags retrieved from /home/logi/txtai/venv/lib/python3.10/site-packages/airflow/example_dags/example_branch_operator.py
[2025-10-30T15:54:01.173+0530] {processor.py:183} INFO - Processing /home/logi/txtai/venv/lib/python3.10/site-packages/airflow/example_dags/example_branch_operator.py took 0.074 seconds
[2025-10-30T15:55:20.150+0530] {processor.py:161} INFO - Started process (PID=11513) to work on /home/logi/txtai/venv/lib/python3.10/site-packages/airflow/example_dags/example_branch_operator.py
[2025-10-30T15:55:20.153+0530] {processor.py:830} INFO - Processing file /home/logi/txtai/venv/lib/python3.10/site-packages/airflow/example_dags/example_branch_operator.py for tasks to queue
[2025-10-30T15:55:20.157+0530] {logging_mixin.py:188} INFO - [2025-10-30T15:55:20.156+0530] {dagbag.py:545} INFO - Filling up the DagBag from /home/logi/txtai/venv/lib/python3.10/site-packages/airflow/example_dags/example_branch_operator.py
[2025-10-30T15:55:20.162+0530] {processor.py:842} WARNING - No viable dags retrieved from /home/logi/txtai/venv/lib/python3.10/site-packages/airflow/example_dags/example_branch_operator.py
[2025-10-30T15:55:20.182+0530] {processor.py:183} INFO - Processing /home/logi/txtai/venv/lib/python3.10/site-packages/airflow/example_dags/example_branch_operator.py took 0.044 seconds
[2025-10-30T15:56:42.432+0530] {processor.py:161} INFO - Started process (PID=11671) to work on /home/logi/txtai/venv/lib/python3.10/site-packages/airflow/example_dags/example_branch_operator.py
[2025-10-30T15:56:42.445+0530] {processor.py:830} INFO - Processing file /home/logi/txtai/venv/lib/python3.10/site-packages/airflow/example_dags/example_branch_operator.py for tasks to queue
[2025-10-30T15:56:42.448+0530] {logging_mixin.py:188} INFO - [2025-10-30T15:56:42.448+0530] {dagbag.py:545} INFO - Filling up the DagBag from /home/logi/txtai/venv/lib/python3.10/site-packages/airflow/example_dags/example_branch_operator.py
[2025-10-30T15:56:42.452+0530] {processor.py:842} WARNING - No viable dags retrieved from /home/logi/txtai/venv/lib/python3.10/site-packages/airflow/example_dags/example_branch_operator.py
[2025-10-30T15:56:42.477+0530] {processor.py:183} INFO - Processing /home/logi/txtai/venv/lib/python3.10/site-packages/airflow/example_dags/example_branch_operator.py took 0.056 seconds
[2025-10-30T15:57:41.609+0530] {processor.py:161} INFO - Started process (PID=11815) to work on /home/logi/txtai/venv/lib/python3.10/site-packages/airflow/example_dags/example_branch_operator.py
[2025-10-30T15:57:41.622+0530] {processor.py:830} INFO - Processing file /home/logi/txtai/venv/lib/python3.10/site-packages/airflow/example_dags/example_branch_operator.py for tasks to queue
[2025-10-30T15:57:41.625+0530] {logging_mixin.py:188} INFO - [2025-10-30T15:57:41.625+0530] {dagbag.py:545} INFO - Filling up the DagBag from /home/logi/txtai/venv/lib/python3.10/site-packages/airflow/example_dags/example_branch_operator.py
[2025-10-30T15:57:41.630+0530] {processor.py:842} WARNING - No viable dags retrieved from /home/logi/txtai/venv/lib/python3.10/site-packages/airflow/example_dags/example_branch_operator.py
[2025-10-30T15:57:41.649+0530] {processor.py:183} INFO - Processing /home/logi/txtai/venv/lib/python3.10/site-packages/airflow/example_dags/example_branch_operator.py took 0.051 seconds
[2025-10-30T15:58:40.375+0530] {processor.py:161} INFO - Started process (PID=11958) to work on /home/logi/txtai/venv/lib/python3.10/site-packages/airflow/example_dags/example_branch_operator.py
[2025-10-30T15:58:40.389+0530] {processor.py:830} INFO - Processing file /home/logi/txtai/venv/lib/python3.10/site-packages/airflow/example_dags/example_branch_operator.py for tasks to queue
[2025-10-30T15:58:40.392+0530] {logging_mixin.py:188} INFO - [2025-10-30T15:58:40.391+0530] {dagbag.py:545} INFO - Filling up the DagBag from /home/logi/txtai/venv/lib/python3.10/site-packages/airflow/example_dags/example_branch_operator.py
[2025-10-30T15:58:40.397+0530] {processor.py:842} WARNING - No viable dags retrieved from /home/logi/txtai/venv/lib/python3.10/site-packages/airflow/example_dags/example_branch_operator.py
[2025-10-30T15:58:40.417+0530] {processor.py:183} INFO - Processing /home/logi/txtai/venv/lib/python3.10/site-packages/airflow/example_dags/example_branch_operator.py took 0.054 seconds
[2025-10-30T15:59:36.887+0530] {processor.py:161} INFO - Started process (PID=12119) to work on /home/logi/txtai/venv/lib/python3.10/site-packages/airflow/example_dags/example_branch_operator.py
[2025-10-30T15:59:36.901+0530] {processor.py:830} INFO - Processing file /home/logi/txtai/venv/lib/python3.10/site-packages/airflow/example_dags/example_branch_operator.py for tasks to queue
[2025-10-30T15:59:36.904+0530] {logging_mixin.py:188} INFO - [2025-10-30T15:59:36.903+0530] {dagbag.py:545} INFO - Filling up the DagBag from /home/logi/txtai/venv/lib/python3.10/site-packages/airflow/example_dags/example_branch_operator.py
[2025-10-30T15:59:36.908+0530] {processor.py:842} WARNING - No viable dags retrieved from /home/logi/txtai/venv/lib/python3.10/site-packages/airflow/example_dags/example_branch_operator.py
[2025-10-30T15:59:36.927+0530] {processor.py:183} INFO - Processing /home/logi/txtai/venv/lib/python3.10/site-packages/airflow/example_dags/example_branch_operator.py took 0.052 seconds
[2025-10-30T16:00:57.419+0530] {processor.py:161} INFO - Started process (PID=12326) to work on /home/logi/txtai/venv/lib/python3.10/site-packages/airflow/example_dags/example_branch_operator.py
[2025-10-30T16:00:57.438+0530] {processor.py:830} INFO - Processing file /home/logi/txtai/venv/lib/python3.10/site-packages/airflow/example_dags/example_branch_operator.py for tasks to queue
[2025-10-30T16:00:57.441+0530] {logging_mixin.py:188} INFO - [2025-10-30T16:00:57.441+0530] {dagbag.py:545} INFO - Filling up the DagBag from /home/logi/txtai/venv/lib/python3.10/site-packages/airflow/example_dags/example_branch_operator.py
[2025-10-30T16:00:57.447+0530] {processor.py:842} WARNING - No viable dags retrieved from /home/logi/txtai/venv/lib/python3.10/site-packages/airflow/example_dags/example_branch_operator.py
[2025-10-30T16:00:57.475+0530] {processor.py:183} INFO - Processing /home/logi/txtai/venv/lib/python3.10/site-packages/airflow/example_dags/example_branch_operator.py took 0.070 seconds
[2025-10-30T16:02:21.984+0530] {processor.py:161} INFO - Started process (PID=12608) to work on /home/logi/txtai/venv/lib/python3.10/site-packages/airflow/example_dags/example_branch_operator.py
[2025-10-30T16:02:21.997+0530] {processor.py:830} INFO - Processing file /home/logi/txtai/venv/lib/python3.10/site-packages/airflow/example_dags/example_branch_operator.py for tasks to queue
[2025-10-30T16:02:21.999+0530] {logging_mixin.py:188} INFO - [2025-10-30T16:02:21.999+0530] {dagbag.py:545} INFO - Filling up the DagBag from /home/logi/txtai/venv/lib/python3.10/site-packages/airflow/example_dags/example_branch_operator.py
[2025-10-30T16:02:22.002+0530] {processor.py:842} WARNING - No viable dags retrieved from /home/logi/txtai/venv/lib/python3.10/site-packages/airflow/example_dags/example_branch_operator.py
[2025-10-30T16:02:22.013+0530] {processor.py:183} INFO - Processing /home/logi/txtai/venv/lib/python3.10/site-packages/airflow/example_dags/example_branch_operator.py took 0.035 seconds
[2025-10-30T16:03:18.910+0530] {processor.py:161} INFO - Started process (PID=12747) to work on /home/logi/txtai/venv/lib/python3.10/site-packages/airflow/example_dags/example_branch_operator.py
[2025-10-30T16:03:18.914+0530] {processor.py:830} INFO - Processing file /home/logi/txtai/venv/lib/python3.10/site-packages/airflow/example_dags/example_branch_operator.py for tasks to queue
[2025-10-30T16:03:18.920+0530] {logging_mixin.py:188} INFO - [2025-10-30T16:03:18.917+0530] {dagbag.py:545} INFO - Filling up the DagBag from /home/logi/txtai/venv/lib/python3.10/site-packages/airflow/example_dags/example_branch_operator.py
[2025-10-30T16:03:18.930+0530] {processor.py:842} WARNING - No viable dags retrieved from /home/logi/txtai/venv/lib/python3.10/site-packages/airflow/example_dags/example_branch_operator.py
[2025-10-30T16:03:18.949+0530] {processor.py:183} INFO - Processing /home/logi/txtai/venv/lib/python3.10/site-packages/airflow/example_dags/example_branch_operator.py took 0.051 seconds
[2025-10-30T16:04:18.256+0530] {processor.py:161} INFO - Started process (PID=12880) to work on /home/logi/txtai/venv/lib/python3.10/site-packages/airflow/example_dags/example_branch_operator.py
[2025-10-30T16:04:18.270+0530] {processor.py:830} INFO - Processing file /home/logi/txtai/venv/lib/python3.10/site-packages/airflow/example_dags/example_branch_operator.py for tasks to queue
[2025-10-30T16:04:18.274+0530] {logging_mixin.py:188} INFO - [2025-10-30T16:04:18.273+0530] {dagbag.py:545} INFO - Filling up the DagBag from /home/logi/txtai/venv/lib/python3.10/site-packages/airflow/example_dags/example_branch_operator.py
[2025-10-30T16:04:18.278+0530] {processor.py:842} WARNING - No viable dags retrieved from /home/logi/txtai/venv/lib/python3.10/site-packages/airflow/example_dags/example_branch_operator.py
[2025-10-30T16:04:18.305+0530] {processor.py:183} INFO - Processing /home/logi/txtai/venv/lib/python3.10/site-packages/airflow/example_dags/example_branch_operator.py took 0.060 seconds
[2025-10-30T16:05:15.507+0530] {processor.py:161} INFO - Started process (PID=13049) to work on /home/logi/txtai/venv/lib/python3.10/site-packages/airflow/example_dags/example_branch_operator.py
[2025-10-30T16:05:15.521+0530] {processor.py:830} INFO - Processing file /home/logi/txtai/venv/lib/python3.10/site-packages/airflow/example_dags/example_branch_operator.py for tasks to queue
[2025-10-30T16:05:15.524+0530] {logging_mixin.py:188} INFO - [2025-10-30T16:05:15.524+0530] {dagbag.py:545} INFO - Filling up the DagBag from /home/logi/txtai/venv/lib/python3.10/site-packages/airflow/example_dags/example_branch_operator.py
[2025-10-30T16:05:15.529+0530] {processor.py:842} WARNING - No viable dags retrieved from /home/logi/txtai/venv/lib/python3.10/site-packages/airflow/example_dags/example_branch_operator.py
[2025-10-30T16:05:15.549+0530] {processor.py:183} INFO - Processing /home/logi/txtai/venv/lib/python3.10/site-packages/airflow/example_dags/example_branch_operator.py took 0.054 seconds
[2025-10-30T16:06:35.224+0530] {processor.py:161} INFO - Started process (PID=13210) to work on /home/logi/txtai/venv/lib/python3.10/site-packages/airflow/example_dags/example_branch_operator.py
[2025-10-30T16:06:35.226+0530] {processor.py:830} INFO - Processing file /home/logi/txtai/venv/lib/python3.10/site-packages/airflow/example_dags/example_branch_operator.py for tasks to queue
[2025-10-30T16:06:35.228+0530] {logging_mixin.py:188} INFO - [2025-10-30T16:06:35.228+0530] {dagbag.py:545} INFO - Filling up the DagBag from /home/logi/txtai/venv/lib/python3.10/site-packages/airflow/example_dags/example_branch_operator.py
[2025-10-30T16:06:35.231+0530] {processor.py:842} WARNING - No viable dags retrieved from /home/logi/txtai/venv/lib/python3.10/site-packages/airflow/example_dags/example_branch_operator.py
[2025-10-30T16:06:35.246+0530] {processor.py:183} INFO - Processing /home/logi/txtai/venv/lib/python3.10/site-packages/airflow/example_dags/example_branch_operator.py took 0.029 seconds
[2025-10-30T16:07:53.005+0530] {processor.py:161} INFO - Started process (PID=13306) to work on /home/logi/txtai/venv/lib/python3.10/site-packages/airflow/example_dags/example_branch_operator.py
[2025-10-30T16:07:53.018+0530] {processor.py:830} INFO - Processing file /home/logi/txtai/venv/lib/python3.10/site-packages/airflow/example_dags/example_branch_operator.py for tasks to queue
[2025-10-30T16:07:53.022+0530] {logging_mixin.py:188} INFO - [2025-10-30T16:07:53.021+0530] {dagbag.py:545} INFO - Filling up the DagBag from /home/logi/txtai/venv/lib/python3.10/site-packages/airflow/example_dags/example_branch_operator.py
[2025-10-30T16:07:53.026+0530] {processor.py:842} WARNING - No viable dags retrieved from /home/logi/txtai/venv/lib/python3.10/site-packages/airflow/example_dags/example_branch_operator.py
[2025-10-30T16:07:53.044+0530] {processor.py:183} INFO - Processing /home/logi/txtai/venv/lib/python3.10/site-packages/airflow/example_dags/example_branch_operator.py took 0.052 seconds
[2025-10-30T16:09:08.919+0530] {processor.py:161} INFO - Started process (PID=13462) to work on /home/logi/txtai/venv/lib/python3.10/site-packages/airflow/example_dags/example_branch_operator.py
[2025-10-30T16:09:08.924+0530] {processor.py:830} INFO - Processing file /home/logi/txtai/venv/lib/python3.10/site-packages/airflow/example_dags/example_branch_operator.py for tasks to queue
[2025-10-30T16:09:08.930+0530] {logging_mixin.py:188} INFO - [2025-10-30T16:09:08.929+0530] {dagbag.py:545} INFO - Filling up the DagBag from /home/logi/txtai/venv/lib/python3.10/site-packages/airflow/example_dags/example_branch_operator.py
[2025-10-30T16:09:08.942+0530] {processor.py:842} WARNING - No viable dags retrieved from /home/logi/txtai/venv/lib/python3.10/site-packages/airflow/example_dags/example_branch_operator.py
[2025-10-30T16:09:08.983+0530] {processor.py:183} INFO - Processing /home/logi/txtai/venv/lib/python3.10/site-packages/airflow/example_dags/example_branch_operator.py took 0.091 seconds
[2025-10-30T16:10:06.299+0530] {processor.py:161} INFO - Started process (PID=13598) to work on /home/logi/txtai/venv/lib/python3.10/site-packages/airflow/example_dags/example_branch_operator.py
[2025-10-30T16:10:06.313+0530] {processor.py:830} INFO - Processing file /home/logi/txtai/venv/lib/python3.10/site-packages/airflow/example_dags/example_branch_operator.py for tasks to queue
[2025-10-30T16:10:06.316+0530] {logging_mixin.py:188} INFO - [2025-10-30T16:10:06.316+0530] {dagbag.py:545} INFO - Filling up the DagBag from /home/logi/txtai/venv/lib/python3.10/site-packages/airflow/example_dags/example_branch_operator.py
[2025-10-30T16:10:06.321+0530] {processor.py:842} WARNING - No viable dags retrieved from /home/logi/txtai/venv/lib/python3.10/site-packages/airflow/example_dags/example_branch_operator.py
[2025-10-30T16:10:06.340+0530] {processor.py:183} INFO - Processing /home/logi/txtai/venv/lib/python3.10/site-packages/airflow/example_dags/example_branch_operator.py took 0.059 seconds
[2025-10-30T16:11:25.595+0530] {processor.py:161} INFO - Started process (PID=13748) to work on /home/logi/txtai/venv/lib/python3.10/site-packages/airflow/example_dags/example_branch_operator.py
[2025-10-30T16:11:25.608+0530] {processor.py:830} INFO - Processing file /home/logi/txtai/venv/lib/python3.10/site-packages/airflow/example_dags/example_branch_operator.py for tasks to queue
[2025-10-30T16:11:25.612+0530] {logging_mixin.py:188} INFO - [2025-10-30T16:11:25.611+0530] {dagbag.py:545} INFO - Filling up the DagBag from /home/logi/txtai/venv/lib/python3.10/site-packages/airflow/example_dags/example_branch_operator.py
[2025-10-30T16:11:25.617+0530] {processor.py:842} WARNING - No viable dags retrieved from /home/logi/txtai/venv/lib/python3.10/site-packages/airflow/example_dags/example_branch_operator.py
[2025-10-30T16:11:25.638+0530] {processor.py:183} INFO - Processing /home/logi/txtai/venv/lib/python3.10/site-packages/airflow/example_dags/example_branch_operator.py took 0.054 seconds
[2025-10-30T16:12:39.180+0530] {processor.py:161} INFO - Started process (PID=13902) to work on /home/logi/txtai/venv/lib/python3.10/site-packages/airflow/example_dags/example_branch_operator.py
[2025-10-30T16:12:39.193+0530] {processor.py:830} INFO - Processing file /home/logi/txtai/venv/lib/python3.10/site-packages/airflow/example_dags/example_branch_operator.py for tasks to queue
[2025-10-30T16:12:39.196+0530] {logging_mixin.py:188} INFO - [2025-10-30T16:12:39.196+0530] {dagbag.py:545} INFO - Filling up the DagBag from /home/logi/txtai/venv/lib/python3.10/site-packages/airflow/example_dags/example_branch_operator.py
[2025-10-30T16:12:39.201+0530] {processor.py:842} WARNING - No viable dags retrieved from /home/logi/txtai/venv/lib/python3.10/site-packages/airflow/example_dags/example_branch_operator.py
[2025-10-30T16:12:39.220+0530] {processor.py:183} INFO - Processing /home/logi/txtai/venv/lib/python3.10/site-packages/airflow/example_dags/example_branch_operator.py took 0.051 seconds
[2025-10-30T16:13:35.574+0530] {processor.py:161} INFO - Started process (PID=14022) to work on /home/logi/txtai/venv/lib/python3.10/site-packages/airflow/example_dags/example_branch_operator.py
[2025-10-30T16:13:35.587+0530] {processor.py:830} INFO - Processing file /home/logi/txtai/venv/lib/python3.10/site-packages/airflow/example_dags/example_branch_operator.py for tasks to queue
[2025-10-30T16:13:35.590+0530] {logging_mixin.py:188} INFO - [2025-10-30T16:13:35.589+0530] {dagbag.py:545} INFO - Filling up the DagBag from /home/logi/txtai/venv/lib/python3.10/site-packages/airflow/example_dags/example_branch_operator.py
[2025-10-30T16:13:35.598+0530] {processor.py:842} WARNING - No viable dags retrieved from /home/logi/txtai/venv/lib/python3.10/site-packages/airflow/example_dags/example_branch_operator.py
[2025-10-30T16:13:35.619+0530] {processor.py:183} INFO - Processing /home/logi/txtai/venv/lib/python3.10/site-packages/airflow/example_dags/example_branch_operator.py took 0.056 seconds
[2025-10-30T16:14:45.313+0530] {processor.py:161} INFO - Started process (PID=14201) to work on /home/logi/txtai/venv/lib/python3.10/site-packages/airflow/example_dags/example_branch_operator.py
[2025-10-30T16:14:45.327+0530] {processor.py:830} INFO - Processing file /home/logi/txtai/venv/lib/python3.10/site-packages/airflow/example_dags/example_branch_operator.py for tasks to queue
[2025-10-30T16:14:45.331+0530] {logging_mixin.py:188} INFO - [2025-10-30T16:14:45.330+0530] {dagbag.py:545} INFO - Filling up the DagBag from /home/logi/txtai/venv/lib/python3.10/site-packages/airflow/example_dags/example_branch_operator.py
[2025-10-30T16:14:45.336+0530] {processor.py:842} WARNING - No viable dags retrieved from /home/logi/txtai/venv/lib/python3.10/site-packages/airflow/example_dags/example_branch_operator.py
[2025-10-30T16:14:45.363+0530] {processor.py:183} INFO - Processing /home/logi/txtai/venv/lib/python3.10/site-packages/airflow/example_dags/example_branch_operator.py took 0.064 seconds
[2025-10-30T16:16:06.184+0530] {processor.py:161} INFO - Started process (PID=14347) to work on /home/logi/txtai/venv/lib/python3.10/site-packages/airflow/example_dags/example_branch_operator.py
[2025-10-30T16:16:06.198+0530] {processor.py:830} INFO - Processing file /home/logi/txtai/venv/lib/python3.10/site-packages/airflow/example_dags/example_branch_operator.py for tasks to queue
[2025-10-30T16:16:06.201+0530] {logging_mixin.py:188} INFO - [2025-10-30T16:16:06.201+0530] {dagbag.py:545} INFO - Filling up the DagBag from /home/logi/txtai/venv/lib/python3.10/site-packages/airflow/example_dags/example_branch_operator.py
[2025-10-30T16:16:06.206+0530] {processor.py:842} WARNING - No viable dags retrieved from /home/logi/txtai/venv/lib/python3.10/site-packages/airflow/example_dags/example_branch_operator.py
[2025-10-30T16:16:06.226+0530] {processor.py:183} INFO - Processing /home/logi/txtai/venv/lib/python3.10/site-packages/airflow/example_dags/example_branch_operator.py took 0.053 seconds
[2025-10-30T16:17:26.133+0530] {processor.py:161} INFO - Started process (PID=14448) to work on /home/logi/txtai/venv/lib/python3.10/site-packages/airflow/example_dags/example_branch_operator.py
[2025-10-30T16:17:26.146+0530] {processor.py:830} INFO - Processing file /home/logi/txtai/venv/lib/python3.10/site-packages/airflow/example_dags/example_branch_operator.py for tasks to queue
[2025-10-30T16:17:26.149+0530] {logging_mixin.py:188} INFO - [2025-10-30T16:17:26.149+0530] {dagbag.py:545} INFO - Filling up the DagBag from /home/logi/txtai/venv/lib/python3.10/site-packages/airflow/example_dags/example_branch_operator.py
[2025-10-30T16:17:26.154+0530] {processor.py:842} WARNING - No viable dags retrieved from /home/logi/txtai/venv/lib/python3.10/site-packages/airflow/example_dags/example_branch_operator.py
[2025-10-30T16:17:26.173+0530] {processor.py:183} INFO - Processing /home/logi/txtai/venv/lib/python3.10/site-packages/airflow/example_dags/example_branch_operator.py took 0.052 seconds
[2025-10-30T16:18:43.480+0530] {processor.py:161} INFO - Started process (PID=14619) to work on /home/logi/txtai/venv/lib/python3.10/site-packages/airflow/example_dags/example_branch_operator.py
[2025-10-30T16:18:43.493+0530] {processor.py:830} INFO - Processing file /home/logi/txtai/venv/lib/python3.10/site-packages/airflow/example_dags/example_branch_operator.py for tasks to queue
[2025-10-30T16:18:43.496+0530] {logging_mixin.py:188} INFO - [2025-10-30T16:18:43.495+0530] {dagbag.py:545} INFO - Filling up the DagBag from /home/logi/txtai/venv/lib/python3.10/site-packages/airflow/example_dags/example_branch_operator.py
[2025-10-30T16:18:43.501+0530] {processor.py:842} WARNING - No viable dags retrieved from /home/logi/txtai/venv/lib/python3.10/site-packages/airflow/example_dags/example_branch_operator.py
[2025-10-30T16:18:43.520+0530] {processor.py:183} INFO - Processing /home/logi/txtai/venv/lib/python3.10/site-packages/airflow/example_dags/example_branch_operator.py took 0.051 seconds
[2025-10-30T16:20:00.167+0530] {processor.py:161} INFO - Started process (PID=14732) to work on /home/logi/txtai/venv/lib/python3.10/site-packages/airflow/example_dags/example_branch_operator.py
[2025-10-30T16:20:00.181+0530] {processor.py:830} INFO - Processing file /home/logi/txtai/venv/lib/python3.10/site-packages/airflow/example_dags/example_branch_operator.py for tasks to queue
[2025-10-30T16:20:00.184+0530] {logging_mixin.py:188} INFO - [2025-10-30T16:20:00.183+0530] {dagbag.py:545} INFO - Filling up the DagBag from /home/logi/txtai/venv/lib/python3.10/site-packages/airflow/example_dags/example_branch_operator.py
[2025-10-30T16:20:00.189+0530] {processor.py:842} WARNING - No viable dags retrieved from /home/logi/txtai/venv/lib/python3.10/site-packages/airflow/example_dags/example_branch_operator.py
[2025-10-30T16:20:00.208+0530] {processor.py:183} INFO - Processing /home/logi/txtai/venv/lib/python3.10/site-packages/airflow/example_dags/example_branch_operator.py took 0.052 seconds
