[2025-10-30T13:24:02.806+0530] {processor.py:161} INFO - Started process (PID=14464) to work on /home/logi/txtai/venv/lib/python3.10/site-packages/airflow/example_dags/example_complex.py
[2025-10-30T13:24:02.808+0530] {processor.py:830} INFO - Processing file /home/logi/txtai/venv/lib/python3.10/site-packages/airflow/example_dags/example_complex.py for tasks to queue
[2025-10-30T13:24:02.811+0530] {logging_mixin.py:188} INFO - [2025-10-30T13:24:02.810+0530] {dagbag.py:545} INFO - Filling up the DagBag from /home/logi/txtai/venv/lib/python3.10/site-packages/airflow/example_dags/example_complex.py
[2025-10-30T13:24:02.827+0530] {processor.py:840} INFO - DAG(s) 'example_complex' retrieved from /home/logi/txtai/venv/lib/python3.10/site-packages/airflow/example_dags/example_complex.py
[2025-10-30T13:24:02.910+0530] {logging_mixin.py:188} INFO - [2025-10-30T13:24:02.909+0530] {override.py:1858} INFO - Created Permission View: can delete on DAG:example_complex
[2025-10-30T13:24:02.918+0530] {logging_mixin.py:188} INFO - [2025-10-30T13:24:02.918+0530] {override.py:1858} INFO - Created Permission View: can read on DAG:example_complex
[2025-10-30T13:24:02.924+0530] {logging_mixin.py:188} INFO - [2025-10-30T13:24:02.924+0530] {override.py:1858} INFO - Created Permission View: can edit on DAG:example_complex
[2025-10-30T13:24:02.924+0530] {logging_mixin.py:188} INFO - [2025-10-30T13:24:02.924+0530] {dag.py:3089} INFO - Sync 1 DAGs
[2025-10-30T13:24:02.932+0530] {logging_mixin.py:188} INFO - [2025-10-30T13:24:02.932+0530] {dag.py:3111} INFO - Creating ORM DAG for example_complex
[2025-10-30T13:24:02.933+0530] {logging_mixin.py:188} INFO - [2025-10-30T13:24:02.932+0530] {dag.py:3947} INFO - Setting next_dagrun for example_complex to None, run_after=None
[2025-10-30T13:24:02.950+0530] {processor.py:183} INFO - Processing /home/logi/txtai/venv/lib/python3.10/site-packages/airflow/example_dags/example_complex.py took 0.154 seconds
[2025-10-30T13:24:56.070+0530] {processor.py:161} INFO - Started process (PID=14747) to work on /home/logi/txtai/venv/lib/python3.10/site-packages/airflow/example_dags/example_complex.py
[2025-10-30T13:24:56.082+0530] {processor.py:830} INFO - Processing file /home/logi/txtai/venv/lib/python3.10/site-packages/airflow/example_dags/example_complex.py for tasks to queue
[2025-10-30T13:24:56.084+0530] {logging_mixin.py:188} INFO - [2025-10-30T13:24:56.083+0530] {dagbag.py:545} INFO - Filling up the DagBag from /home/logi/txtai/venv/lib/python3.10/site-packages/airflow/example_dags/example_complex.py
[2025-10-30T13:24:56.092+0530] {processor.py:840} INFO - DAG(s) 'example_complex' retrieved from /home/logi/txtai/venv/lib/python3.10/site-packages/airflow/example_dags/example_complex.py
[2025-10-30T13:24:56.114+0530] {logging_mixin.py:188} INFO - [2025-10-30T13:24:56.114+0530] {dag.py:3089} INFO - Sync 1 DAGs
[2025-10-30T13:24:56.126+0530] {logging_mixin.py:188} INFO - [2025-10-30T13:24:56.126+0530] {dag.py:3947} INFO - Setting next_dagrun for example_complex to None, run_after=None
[2025-10-30T13:24:56.144+0530] {processor.py:183} INFO - Processing /home/logi/txtai/venv/lib/python3.10/site-packages/airflow/example_dags/example_complex.py took 0.082 seconds
[2025-10-30T13:26:03.618+0530] {processor.py:161} INFO - Started process (PID=14846) to work on /home/logi/txtai/venv/lib/python3.10/site-packages/airflow/example_dags/example_complex.py
[2025-10-30T13:26:03.619+0530] {processor.py:830} INFO - Processing file /home/logi/txtai/venv/lib/python3.10/site-packages/airflow/example_dags/example_complex.py for tasks to queue
[2025-10-30T13:26:03.622+0530] {logging_mixin.py:188} INFO - [2025-10-30T13:26:03.621+0530] {dagbag.py:545} INFO - Filling up the DagBag from /home/logi/txtai/venv/lib/python3.10/site-packages/airflow/example_dags/example_complex.py
[2025-10-30T13:26:03.640+0530] {processor.py:840} INFO - DAG(s) 'example_complex' retrieved from /home/logi/txtai/venv/lib/python3.10/site-packages/airflow/example_dags/example_complex.py
[2025-10-30T13:26:03.667+0530] {logging_mixin.py:188} INFO - [2025-10-30T13:26:03.667+0530] {dag.py:3089} INFO - Sync 1 DAGs
[2025-10-30T13:26:03.676+0530] {logging_mixin.py:188} INFO - [2025-10-30T13:26:03.676+0530] {dag.py:3947} INFO - Setting next_dagrun for example_complex to None, run_after=None
[2025-10-30T13:26:03.694+0530] {processor.py:183} INFO - Processing /home/logi/txtai/venv/lib/python3.10/site-packages/airflow/example_dags/example_complex.py took 0.086 seconds
[2025-10-30T13:27:10.195+0530] {processor.py:161} INFO - Started process (PID=14927) to work on /home/logi/txtai/venv/lib/python3.10/site-packages/airflow/example_dags/example_complex.py
[2025-10-30T13:27:10.209+0530] {processor.py:830} INFO - Processing file /home/logi/txtai/venv/lib/python3.10/site-packages/airflow/example_dags/example_complex.py for tasks to queue
[2025-10-30T13:27:10.212+0530] {logging_mixin.py:188} INFO - [2025-10-30T13:27:10.211+0530] {dagbag.py:545} INFO - Filling up the DagBag from /home/logi/txtai/venv/lib/python3.10/site-packages/airflow/example_dags/example_complex.py
[2025-10-30T13:27:10.230+0530] {processor.py:840} INFO - DAG(s) 'example_complex' retrieved from /home/logi/txtai/venv/lib/python3.10/site-packages/airflow/example_dags/example_complex.py
[2025-10-30T13:27:10.265+0530] {logging_mixin.py:188} INFO - [2025-10-30T13:27:10.265+0530] {dag.py:3089} INFO - Sync 1 DAGs
[2025-10-30T13:27:10.274+0530] {logging_mixin.py:188} INFO - [2025-10-30T13:27:10.274+0530] {dag.py:3947} INFO - Setting next_dagrun for example_complex to None, run_after=None
[2025-10-30T13:27:10.293+0530] {processor.py:183} INFO - Processing /home/logi/txtai/venv/lib/python3.10/site-packages/airflow/example_dags/example_complex.py took 0.108 seconds
[2025-10-30T13:28:16.923+0530] {processor.py:161} INFO - Started process (PID=15060) to work on /home/logi/txtai/venv/lib/python3.10/site-packages/airflow/example_dags/example_complex.py
[2025-10-30T13:28:16.937+0530] {processor.py:830} INFO - Processing file /home/logi/txtai/venv/lib/python3.10/site-packages/airflow/example_dags/example_complex.py for tasks to queue
[2025-10-30T13:28:16.940+0530] {logging_mixin.py:188} INFO - [2025-10-30T13:28:16.940+0530] {dagbag.py:545} INFO - Filling up the DagBag from /home/logi/txtai/venv/lib/python3.10/site-packages/airflow/example_dags/example_complex.py
[2025-10-30T13:28:16.959+0530] {processor.py:840} INFO - DAG(s) 'example_complex' retrieved from /home/logi/txtai/venv/lib/python3.10/site-packages/airflow/example_dags/example_complex.py
[2025-10-30T13:28:16.998+0530] {logging_mixin.py:188} INFO - [2025-10-30T13:28:16.998+0530] {dag.py:3089} INFO - Sync 1 DAGs
[2025-10-30T13:28:17.007+0530] {logging_mixin.py:188} INFO - [2025-10-30T13:28:17.007+0530] {dag.py:3947} INFO - Setting next_dagrun for example_complex to None, run_after=None
[2025-10-30T13:28:17.025+0530] {processor.py:183} INFO - Processing /home/logi/txtai/venv/lib/python3.10/site-packages/airflow/example_dags/example_complex.py took 0.114 seconds
[2025-10-30T13:29:24.846+0530] {processor.py:161} INFO - Started process (PID=15143) to work on /home/logi/txtai/venv/lib/python3.10/site-packages/airflow/example_dags/example_complex.py
[2025-10-30T13:29:24.851+0530] {processor.py:830} INFO - Processing file /home/logi/txtai/venv/lib/python3.10/site-packages/airflow/example_dags/example_complex.py for tasks to queue
[2025-10-30T13:29:24.853+0530] {logging_mixin.py:188} INFO - [2025-10-30T13:29:24.853+0530] {dagbag.py:545} INFO - Filling up the DagBag from /home/logi/txtai/venv/lib/python3.10/site-packages/airflow/example_dags/example_complex.py
[2025-10-30T13:29:24.862+0530] {processor.py:840} INFO - DAG(s) 'example_complex' retrieved from /home/logi/txtai/venv/lib/python3.10/site-packages/airflow/example_dags/example_complex.py
[2025-10-30T13:29:24.885+0530] {logging_mixin.py:188} INFO - [2025-10-30T13:29:24.884+0530] {dag.py:3089} INFO - Sync 1 DAGs
[2025-10-30T13:29:24.894+0530] {logging_mixin.py:188} INFO - [2025-10-30T13:29:24.893+0530] {dag.py:3947} INFO - Setting next_dagrun for example_complex to None, run_after=None
[2025-10-30T13:29:24.912+0530] {processor.py:183} INFO - Processing /home/logi/txtai/venv/lib/python3.10/site-packages/airflow/example_dags/example_complex.py took 0.074 seconds
[2025-10-30T13:30:30.953+0530] {processor.py:161} INFO - Started process (PID=15260) to work on /home/logi/txtai/venv/lib/python3.10/site-packages/airflow/example_dags/example_complex.py
[2025-10-30T13:30:30.966+0530] {processor.py:830} INFO - Processing file /home/logi/txtai/venv/lib/python3.10/site-packages/airflow/example_dags/example_complex.py for tasks to queue
[2025-10-30T13:30:30.969+0530] {logging_mixin.py:188} INFO - [2025-10-30T13:30:30.968+0530] {dagbag.py:545} INFO - Filling up the DagBag from /home/logi/txtai/venv/lib/python3.10/site-packages/airflow/example_dags/example_complex.py
[2025-10-30T13:30:30.978+0530] {processor.py:840} INFO - DAG(s) 'example_complex' retrieved from /home/logi/txtai/venv/lib/python3.10/site-packages/airflow/example_dags/example_complex.py
[2025-10-30T13:30:31.001+0530] {logging_mixin.py:188} INFO - [2025-10-30T13:30:31.001+0530] {dag.py:3089} INFO - Sync 1 DAGs
[2025-10-30T13:30:31.011+0530] {logging_mixin.py:188} INFO - [2025-10-30T13:30:31.011+0530] {dag.py:3947} INFO - Setting next_dagrun for example_complex to None, run_after=None
[2025-10-30T13:30:31.029+0530] {processor.py:183} INFO - Processing /home/logi/txtai/venv/lib/python3.10/site-packages/airflow/example_dags/example_complex.py took 0.081 seconds
[2025-10-30T15:05:09.372+0530] {processor.py:161} INFO - Started process (PID=5841) to work on /home/logi/txtai/venv/lib/python3.10/site-packages/airflow/example_dags/example_complex.py
[2025-10-30T15:05:09.374+0530] {processor.py:830} INFO - Processing file /home/logi/txtai/venv/lib/python3.10/site-packages/airflow/example_dags/example_complex.py for tasks to queue
[2025-10-30T15:05:09.378+0530] {logging_mixin.py:188} INFO - [2025-10-30T15:05:09.377+0530] {dagbag.py:545} INFO - Filling up the DagBag from /home/logi/txtai/venv/lib/python3.10/site-packages/airflow/example_dags/example_complex.py
[2025-10-30T15:05:09.396+0530] {processor.py:840} INFO - DAG(s) 'example_complex' retrieved from /home/logi/txtai/venv/lib/python3.10/site-packages/airflow/example_dags/example_complex.py
[2025-10-30T15:05:09.425+0530] {logging_mixin.py:188} INFO - [2025-10-30T15:05:09.424+0530] {dag.py:3089} INFO - Sync 1 DAGs
[2025-10-30T15:05:09.435+0530] {logging_mixin.py:188} INFO - [2025-10-30T15:05:09.435+0530] {dag.py:3947} INFO - Setting next_dagrun for example_complex to None, run_after=None
[2025-10-30T15:05:09.455+0530] {processor.py:183} INFO - Processing /home/logi/txtai/venv/lib/python3.10/site-packages/airflow/example_dags/example_complex.py took 0.094 seconds
[2025-10-30T15:06:04.616+0530] {processor.py:161} INFO - Started process (PID=5934) to work on /home/logi/txtai/venv/lib/python3.10/site-packages/airflow/example_dags/example_complex.py
[2025-10-30T15:06:04.629+0530] {processor.py:830} INFO - Processing file /home/logi/txtai/venv/lib/python3.10/site-packages/airflow/example_dags/example_complex.py for tasks to queue
[2025-10-30T15:06:04.632+0530] {logging_mixin.py:188} INFO - [2025-10-30T15:06:04.632+0530] {dagbag.py:545} INFO - Filling up the DagBag from /home/logi/txtai/venv/lib/python3.10/site-packages/airflow/example_dags/example_complex.py
[2025-10-30T15:06:04.644+0530] {processor.py:840} INFO - DAG(s) 'example_complex' retrieved from /home/logi/txtai/venv/lib/python3.10/site-packages/airflow/example_dags/example_complex.py
[2025-10-30T15:06:04.668+0530] {logging_mixin.py:188} INFO - [2025-10-30T15:06:04.668+0530] {dag.py:3089} INFO - Sync 1 DAGs
[2025-10-30T15:06:04.678+0530] {logging_mixin.py:188} INFO - [2025-10-30T15:06:04.678+0530] {dag.py:3947} INFO - Setting next_dagrun for example_complex to None, run_after=None
[2025-10-30T15:06:04.699+0530] {processor.py:183} INFO - Processing /home/logi/txtai/venv/lib/python3.10/site-packages/airflow/example_dags/example_complex.py took 0.092 seconds
[2025-10-30T15:06:58.169+0530] {processor.py:161} INFO - Started process (PID=6034) to work on /home/logi/txtai/venv/lib/python3.10/site-packages/airflow/example_dags/example_complex.py
[2025-10-30T15:06:58.182+0530] {processor.py:830} INFO - Processing file /home/logi/txtai/venv/lib/python3.10/site-packages/airflow/example_dags/example_complex.py for tasks to queue
[2025-10-30T15:06:58.185+0530] {logging_mixin.py:188} INFO - [2025-10-30T15:06:58.185+0530] {dagbag.py:545} INFO - Filling up the DagBag from /home/logi/txtai/venv/lib/python3.10/site-packages/airflow/example_dags/example_complex.py
[2025-10-30T15:06:58.204+0530] {processor.py:840} INFO - DAG(s) 'example_complex' retrieved from /home/logi/txtai/venv/lib/python3.10/site-packages/airflow/example_dags/example_complex.py
[2025-10-30T15:06:58.241+0530] {logging_mixin.py:188} INFO - [2025-10-30T15:06:58.240+0530] {dag.py:3089} INFO - Sync 1 DAGs
[2025-10-30T15:06:58.252+0530] {logging_mixin.py:188} INFO - [2025-10-30T15:06:58.252+0530] {dag.py:3947} INFO - Setting next_dagrun for example_complex to None, run_after=None
[2025-10-30T15:06:58.275+0530] {processor.py:183} INFO - Processing /home/logi/txtai/venv/lib/python3.10/site-packages/airflow/example_dags/example_complex.py took 0.117 seconds
[2025-10-30T15:08:13.244+0530] {processor.py:161} INFO - Started process (PID=6168) to work on /home/logi/txtai/venv/lib/python3.10/site-packages/airflow/example_dags/example_complex.py
[2025-10-30T15:08:13.246+0530] {processor.py:830} INFO - Processing file /home/logi/txtai/venv/lib/python3.10/site-packages/airflow/example_dags/example_complex.py for tasks to queue
[2025-10-30T15:08:13.249+0530] {logging_mixin.py:188} INFO - [2025-10-30T15:08:13.248+0530] {dagbag.py:545} INFO - Filling up the DagBag from /home/logi/txtai/venv/lib/python3.10/site-packages/airflow/example_dags/example_complex.py
[2025-10-30T15:08:13.267+0530] {processor.py:840} INFO - DAG(s) 'example_complex' retrieved from /home/logi/txtai/venv/lib/python3.10/site-packages/airflow/example_dags/example_complex.py
[2025-10-30T15:08:13.296+0530] {logging_mixin.py:188} INFO - [2025-10-30T15:08:13.295+0530] {dag.py:3089} INFO - Sync 1 DAGs
[2025-10-30T15:08:13.306+0530] {logging_mixin.py:188} INFO - [2025-10-30T15:08:13.306+0530] {dag.py:3947} INFO - Setting next_dagrun for example_complex to None, run_after=None
[2025-10-30T15:08:13.330+0530] {processor.py:183} INFO - Processing /home/logi/txtai/venv/lib/python3.10/site-packages/airflow/example_dags/example_complex.py took 0.097 seconds
[2025-10-30T15:09:30.541+0530] {processor.py:161} INFO - Started process (PID=6298) to work on /home/logi/txtai/venv/lib/python3.10/site-packages/airflow/example_dags/example_complex.py
[2025-10-30T15:09:30.543+0530] {processor.py:830} INFO - Processing file /home/logi/txtai/venv/lib/python3.10/site-packages/airflow/example_dags/example_complex.py for tasks to queue
[2025-10-30T15:09:30.547+0530] {logging_mixin.py:188} INFO - [2025-10-30T15:09:30.546+0530] {dagbag.py:545} INFO - Filling up the DagBag from /home/logi/txtai/venv/lib/python3.10/site-packages/airflow/example_dags/example_complex.py
[2025-10-30T15:09:30.565+0530] {processor.py:840} INFO - DAG(s) 'example_complex' retrieved from /home/logi/txtai/venv/lib/python3.10/site-packages/airflow/example_dags/example_complex.py
[2025-10-30T15:09:30.595+0530] {logging_mixin.py:188} INFO - [2025-10-30T15:09:30.594+0530] {dag.py:3089} INFO - Sync 1 DAGs
[2025-10-30T15:09:30.605+0530] {logging_mixin.py:188} INFO - [2025-10-30T15:09:30.605+0530] {dag.py:3947} INFO - Setting next_dagrun for example_complex to None, run_after=None
[2025-10-30T15:09:30.627+0530] {processor.py:183} INFO - Processing /home/logi/txtai/venv/lib/python3.10/site-packages/airflow/example_dags/example_complex.py took 0.097 seconds
[2025-10-30T15:10:43.953+0530] {processor.py:161} INFO - Started process (PID=6430) to work on /home/logi/txtai/venv/lib/python3.10/site-packages/airflow/example_dags/example_complex.py
[2025-10-30T15:10:43.958+0530] {processor.py:830} INFO - Processing file /home/logi/txtai/venv/lib/python3.10/site-packages/airflow/example_dags/example_complex.py for tasks to queue
[2025-10-30T15:10:43.960+0530] {logging_mixin.py:188} INFO - [2025-10-30T15:10:43.959+0530] {dagbag.py:545} INFO - Filling up the DagBag from /home/logi/txtai/venv/lib/python3.10/site-packages/airflow/example_dags/example_complex.py
[2025-10-30T15:10:43.973+0530] {processor.py:840} INFO - DAG(s) 'example_complex' retrieved from /home/logi/txtai/venv/lib/python3.10/site-packages/airflow/example_dags/example_complex.py
[2025-10-30T15:10:44.005+0530] {logging_mixin.py:188} INFO - [2025-10-30T15:10:44.005+0530] {dag.py:3089} INFO - Sync 1 DAGs
[2025-10-30T15:10:44.017+0530] {logging_mixin.py:188} INFO - [2025-10-30T15:10:44.017+0530] {dag.py:3947} INFO - Setting next_dagrun for example_complex to None, run_after=None
[2025-10-30T15:10:44.040+0530] {processor.py:183} INFO - Processing /home/logi/txtai/venv/lib/python3.10/site-packages/airflow/example_dags/example_complex.py took 0.094 seconds
[2025-10-30T15:11:57.401+0530] {processor.py:161} INFO - Started process (PID=6558) to work on /home/logi/txtai/venv/lib/python3.10/site-packages/airflow/example_dags/example_complex.py
[2025-10-30T15:11:57.415+0530] {processor.py:830} INFO - Processing file /home/logi/txtai/venv/lib/python3.10/site-packages/airflow/example_dags/example_complex.py for tasks to queue
[2025-10-30T15:11:57.418+0530] {logging_mixin.py:188} INFO - [2025-10-30T15:11:57.417+0530] {dagbag.py:545} INFO - Filling up the DagBag from /home/logi/txtai/venv/lib/python3.10/site-packages/airflow/example_dags/example_complex.py
[2025-10-30T15:11:57.436+0530] {processor.py:840} INFO - DAG(s) 'example_complex' retrieved from /home/logi/txtai/venv/lib/python3.10/site-packages/airflow/example_dags/example_complex.py
[2025-10-30T15:11:57.473+0530] {logging_mixin.py:188} INFO - [2025-10-30T15:11:57.473+0530] {dag.py:3089} INFO - Sync 1 DAGs
[2025-10-30T15:11:57.483+0530] {logging_mixin.py:188} INFO - [2025-10-30T15:11:57.483+0530] {dag.py:3947} INFO - Setting next_dagrun for example_complex to None, run_after=None
[2025-10-30T15:11:57.503+0530] {processor.py:183} INFO - Processing /home/logi/txtai/venv/lib/python3.10/site-packages/airflow/example_dags/example_complex.py took 0.113 seconds
[2025-10-30T15:13:12.371+0530] {processor.py:161} INFO - Started process (PID=6695) to work on /home/logi/txtai/venv/lib/python3.10/site-packages/airflow/example_dags/example_complex.py
[2025-10-30T15:13:12.385+0530] {processor.py:830} INFO - Processing file /home/logi/txtai/venv/lib/python3.10/site-packages/airflow/example_dags/example_complex.py for tasks to queue
[2025-10-30T15:13:12.388+0530] {logging_mixin.py:188} INFO - [2025-10-30T15:13:12.388+0530] {dagbag.py:545} INFO - Filling up the DagBag from /home/logi/txtai/venv/lib/python3.10/site-packages/airflow/example_dags/example_complex.py
[2025-10-30T15:13:12.406+0530] {processor.py:840} INFO - DAG(s) 'example_complex' retrieved from /home/logi/txtai/venv/lib/python3.10/site-packages/airflow/example_dags/example_complex.py
[2025-10-30T15:13:12.443+0530] {logging_mixin.py:188} INFO - [2025-10-30T15:13:12.443+0530] {dag.py:3089} INFO - Sync 1 DAGs
[2025-10-30T15:13:12.453+0530] {logging_mixin.py:188} INFO - [2025-10-30T15:13:12.452+0530] {dag.py:3947} INFO - Setting next_dagrun for example_complex to None, run_after=None
[2025-10-30T15:13:12.472+0530] {processor.py:183} INFO - Processing /home/logi/txtai/venv/lib/python3.10/site-packages/airflow/example_dags/example_complex.py took 0.113 seconds
[2025-10-30T15:14:24.494+0530] {processor.py:161} INFO - Started process (PID=6788) to work on /home/logi/txtai/venv/lib/python3.10/site-packages/airflow/example_dags/example_complex.py
[2025-10-30T15:14:24.508+0530] {processor.py:830} INFO - Processing file /home/logi/txtai/venv/lib/python3.10/site-packages/airflow/example_dags/example_complex.py for tasks to queue
[2025-10-30T15:14:24.511+0530] {logging_mixin.py:188} INFO - [2025-10-30T15:14:24.510+0530] {dagbag.py:545} INFO - Filling up the DagBag from /home/logi/txtai/venv/lib/python3.10/site-packages/airflow/example_dags/example_complex.py
[2025-10-30T15:14:24.529+0530] {processor.py:840} INFO - DAG(s) 'example_complex' retrieved from /home/logi/txtai/venv/lib/python3.10/site-packages/airflow/example_dags/example_complex.py
[2025-10-30T15:14:24.567+0530] {logging_mixin.py:188} INFO - [2025-10-30T15:14:24.567+0530] {dag.py:3089} INFO - Sync 1 DAGs
[2025-10-30T15:14:24.578+0530] {logging_mixin.py:188} INFO - [2025-10-30T15:14:24.578+0530] {dag.py:3947} INFO - Setting next_dagrun for example_complex to None, run_after=None
[2025-10-30T15:14:24.599+0530] {processor.py:183} INFO - Processing /home/logi/txtai/venv/lib/python3.10/site-packages/airflow/example_dags/example_complex.py took 0.116 seconds
[2025-10-30T15:15:18.022+0530] {processor.py:161} INFO - Started process (PID=6884) to work on /home/logi/txtai/venv/lib/python3.10/site-packages/airflow/example_dags/example_complex.py
[2025-10-30T15:15:18.035+0530] {processor.py:830} INFO - Processing file /home/logi/txtai/venv/lib/python3.10/site-packages/airflow/example_dags/example_complex.py for tasks to queue
[2025-10-30T15:15:18.039+0530] {logging_mixin.py:188} INFO - [2025-10-30T15:15:18.038+0530] {dagbag.py:545} INFO - Filling up the DagBag from /home/logi/txtai/venv/lib/python3.10/site-packages/airflow/example_dags/example_complex.py
[2025-10-30T15:15:18.057+0530] {processor.py:840} INFO - DAG(s) 'example_complex' retrieved from /home/logi/txtai/venv/lib/python3.10/site-packages/airflow/example_dags/example_complex.py
[2025-10-30T15:15:18.091+0530] {logging_mixin.py:188} INFO - [2025-10-30T15:15:18.091+0530] {dag.py:3089} INFO - Sync 1 DAGs
[2025-10-30T15:15:18.101+0530] {logging_mixin.py:188} INFO - [2025-10-30T15:15:18.101+0530] {dag.py:3947} INFO - Setting next_dagrun for example_complex to None, run_after=None
[2025-10-30T15:15:18.130+0530] {processor.py:183} INFO - Processing /home/logi/txtai/venv/lib/python3.10/site-packages/airflow/example_dags/example_complex.py took 0.119 seconds
[2025-10-30T15:16:28.766+0530] {processor.py:161} INFO - Started process (PID=6995) to work on /home/logi/txtai/venv/lib/python3.10/site-packages/airflow/example_dags/example_complex.py
[2025-10-30T15:16:28.779+0530] {processor.py:830} INFO - Processing file /home/logi/txtai/venv/lib/python3.10/site-packages/airflow/example_dags/example_complex.py for tasks to queue
[2025-10-30T15:16:28.783+0530] {logging_mixin.py:188} INFO - [2025-10-30T15:16:28.782+0530] {dagbag.py:545} INFO - Filling up the DagBag from /home/logi/txtai/venv/lib/python3.10/site-packages/airflow/example_dags/example_complex.py
[2025-10-30T15:16:28.801+0530] {processor.py:840} INFO - DAG(s) 'example_complex' retrieved from /home/logi/txtai/venv/lib/python3.10/site-packages/airflow/example_dags/example_complex.py
[2025-10-30T15:16:28.839+0530] {logging_mixin.py:188} INFO - [2025-10-30T15:16:28.838+0530] {dag.py:3089} INFO - Sync 1 DAGs
[2025-10-30T15:16:28.849+0530] {logging_mixin.py:188} INFO - [2025-10-30T15:16:28.848+0530] {dag.py:3947} INFO - Setting next_dagrun for example_complex to None, run_after=None
[2025-10-30T15:16:28.869+0530] {processor.py:183} INFO - Processing /home/logi/txtai/venv/lib/python3.10/site-packages/airflow/example_dags/example_complex.py took 0.115 seconds
[2025-10-30T15:17:40.883+0530] {processor.py:161} INFO - Started process (PID=7101) to work on /home/logi/txtai/venv/lib/python3.10/site-packages/airflow/example_dags/example_complex.py
[2025-10-30T15:17:40.896+0530] {processor.py:830} INFO - Processing file /home/logi/txtai/venv/lib/python3.10/site-packages/airflow/example_dags/example_complex.py for tasks to queue
[2025-10-30T15:17:40.899+0530] {logging_mixin.py:188} INFO - [2025-10-30T15:17:40.898+0530] {dagbag.py:545} INFO - Filling up the DagBag from /home/logi/txtai/venv/lib/python3.10/site-packages/airflow/example_dags/example_complex.py
[2025-10-30T15:17:40.917+0530] {processor.py:840} INFO - DAG(s) 'example_complex' retrieved from /home/logi/txtai/venv/lib/python3.10/site-packages/airflow/example_dags/example_complex.py
[2025-10-30T15:17:40.954+0530] {logging_mixin.py:188} INFO - [2025-10-30T15:17:40.953+0530] {dag.py:3089} INFO - Sync 1 DAGs
[2025-10-30T15:17:40.964+0530] {logging_mixin.py:188} INFO - [2025-10-30T15:17:40.963+0530] {dag.py:3947} INFO - Setting next_dagrun for example_complex to None, run_after=None
[2025-10-30T15:17:40.992+0530] {processor.py:183} INFO - Processing /home/logi/txtai/venv/lib/python3.10/site-packages/airflow/example_dags/example_complex.py took 0.122 seconds
[2025-10-30T15:18:34.251+0530] {processor.py:161} INFO - Started process (PID=7169) to work on /home/logi/txtai/venv/lib/python3.10/site-packages/airflow/example_dags/example_complex.py
[2025-10-30T15:18:34.253+0530] {processor.py:830} INFO - Processing file /home/logi/txtai/venv/lib/python3.10/site-packages/airflow/example_dags/example_complex.py for tasks to queue
[2025-10-30T15:18:34.256+0530] {logging_mixin.py:188} INFO - [2025-10-30T15:18:34.255+0530] {dagbag.py:545} INFO - Filling up the DagBag from /home/logi/txtai/venv/lib/python3.10/site-packages/airflow/example_dags/example_complex.py
[2025-10-30T15:18:34.274+0530] {processor.py:840} INFO - DAG(s) 'example_complex' retrieved from /home/logi/txtai/venv/lib/python3.10/site-packages/airflow/example_dags/example_complex.py
[2025-10-30T15:18:34.302+0530] {logging_mixin.py:188} INFO - [2025-10-30T15:18:34.302+0530] {dag.py:3089} INFO - Sync 1 DAGs
[2025-10-30T15:18:34.313+0530] {logging_mixin.py:188} INFO - [2025-10-30T15:18:34.313+0530] {dag.py:3947} INFO - Setting next_dagrun for example_complex to None, run_after=None
[2025-10-30T15:18:34.332+0530] {processor.py:183} INFO - Processing /home/logi/txtai/venv/lib/python3.10/site-packages/airflow/example_dags/example_complex.py took 0.094 seconds
[2025-10-30T15:19:26.925+0530] {processor.py:161} INFO - Started process (PID=7263) to work on /home/logi/txtai/venv/lib/python3.10/site-packages/airflow/example_dags/example_complex.py
[2025-10-30T15:19:26.935+0530] {processor.py:830} INFO - Processing file /home/logi/txtai/venv/lib/python3.10/site-packages/airflow/example_dags/example_complex.py for tasks to queue
[2025-10-30T15:19:26.938+0530] {logging_mixin.py:188} INFO - [2025-10-30T15:19:26.938+0530] {dagbag.py:545} INFO - Filling up the DagBag from /home/logi/txtai/venv/lib/python3.10/site-packages/airflow/example_dags/example_complex.py
[2025-10-30T15:19:26.957+0530] {processor.py:840} INFO - DAG(s) 'example_complex' retrieved from /home/logi/txtai/venv/lib/python3.10/site-packages/airflow/example_dags/example_complex.py
[2025-10-30T15:19:26.991+0530] {logging_mixin.py:188} INFO - [2025-10-30T15:19:26.991+0530] {dag.py:3089} INFO - Sync 1 DAGs
[2025-10-30T15:19:27.001+0530] {logging_mixin.py:188} INFO - [2025-10-30T15:19:27.000+0530] {dag.py:3947} INFO - Setting next_dagrun for example_complex to None, run_after=None
[2025-10-30T15:19:27.026+0530] {processor.py:183} INFO - Processing /home/logi/txtai/venv/lib/python3.10/site-packages/airflow/example_dags/example_complex.py took 0.113 seconds
[2025-10-30T15:20:19.031+0530] {processor.py:161} INFO - Started process (PID=7347) to work on /home/logi/txtai/venv/lib/python3.10/site-packages/airflow/example_dags/example_complex.py
[2025-10-30T15:20:19.045+0530] {processor.py:830} INFO - Processing file /home/logi/txtai/venv/lib/python3.10/site-packages/airflow/example_dags/example_complex.py for tasks to queue
[2025-10-30T15:20:19.048+0530] {logging_mixin.py:188} INFO - [2025-10-30T15:20:19.047+0530] {dagbag.py:545} INFO - Filling up the DagBag from /home/logi/txtai/venv/lib/python3.10/site-packages/airflow/example_dags/example_complex.py
[2025-10-30T15:20:19.067+0530] {processor.py:840} INFO - DAG(s) 'example_complex' retrieved from /home/logi/txtai/venv/lib/python3.10/site-packages/airflow/example_dags/example_complex.py
[2025-10-30T15:20:19.104+0530] {logging_mixin.py:188} INFO - [2025-10-30T15:20:19.104+0530] {dag.py:3089} INFO - Sync 1 DAGs
[2025-10-30T15:20:19.114+0530] {logging_mixin.py:188} INFO - [2025-10-30T15:20:19.114+0530] {dag.py:3947} INFO - Setting next_dagrun for example_complex to None, run_after=None
[2025-10-30T15:20:19.136+0530] {processor.py:183} INFO - Processing /home/logi/txtai/venv/lib/python3.10/site-packages/airflow/example_dags/example_complex.py took 0.116 seconds
[2025-10-30T15:21:33.442+0530] {processor.py:161} INFO - Started process (PID=7480) to work on /home/logi/txtai/venv/lib/python3.10/site-packages/airflow/example_dags/example_complex.py
[2025-10-30T15:21:33.456+0530] {processor.py:830} INFO - Processing file /home/logi/txtai/venv/lib/python3.10/site-packages/airflow/example_dags/example_complex.py for tasks to queue
[2025-10-30T15:21:33.460+0530] {logging_mixin.py:188} INFO - [2025-10-30T15:21:33.459+0530] {dagbag.py:545} INFO - Filling up the DagBag from /home/logi/txtai/venv/lib/python3.10/site-packages/airflow/example_dags/example_complex.py
[2025-10-30T15:21:33.480+0530] {processor.py:840} INFO - DAG(s) 'example_complex' retrieved from /home/logi/txtai/venv/lib/python3.10/site-packages/airflow/example_dags/example_complex.py
[2025-10-30T15:21:33.519+0530] {logging_mixin.py:188} INFO - [2025-10-30T15:21:33.519+0530] {dag.py:3089} INFO - Sync 1 DAGs
[2025-10-30T15:21:33.532+0530] {logging_mixin.py:188} INFO - [2025-10-30T15:21:33.531+0530] {dag.py:3947} INFO - Setting next_dagrun for example_complex to None, run_after=None
[2025-10-30T15:21:33.557+0530] {processor.py:183} INFO - Processing /home/logi/txtai/venv/lib/python3.10/site-packages/airflow/example_dags/example_complex.py took 0.127 seconds
[2025-10-30T15:22:45.093+0530] {processor.py:161} INFO - Started process (PID=7572) to work on /home/logi/txtai/venv/lib/python3.10/site-packages/airflow/example_dags/example_complex.py
[2025-10-30T15:22:45.107+0530] {processor.py:830} INFO - Processing file /home/logi/txtai/venv/lib/python3.10/site-packages/airflow/example_dags/example_complex.py for tasks to queue
[2025-10-30T15:22:45.110+0530] {logging_mixin.py:188} INFO - [2025-10-30T15:22:45.109+0530] {dagbag.py:545} INFO - Filling up the DagBag from /home/logi/txtai/venv/lib/python3.10/site-packages/airflow/example_dags/example_complex.py
[2025-10-30T15:22:45.128+0530] {processor.py:840} INFO - DAG(s) 'example_complex' retrieved from /home/logi/txtai/venv/lib/python3.10/site-packages/airflow/example_dags/example_complex.py
[2025-10-30T15:22:45.167+0530] {logging_mixin.py:188} INFO - [2025-10-30T15:22:45.166+0530] {dag.py:3089} INFO - Sync 1 DAGs
[2025-10-30T15:22:45.177+0530] {logging_mixin.py:188} INFO - [2025-10-30T15:22:45.177+0530] {dag.py:3947} INFO - Setting next_dagrun for example_complex to None, run_after=None
[2025-10-30T15:22:45.198+0530] {processor.py:183} INFO - Processing /home/logi/txtai/venv/lib/python3.10/site-packages/airflow/example_dags/example_complex.py took 0.116 seconds
[2025-10-30T15:24:01.785+0530] {processor.py:161} INFO - Started process (PID=7684) to work on /home/logi/txtai/venv/lib/python3.10/site-packages/airflow/example_dags/example_complex.py
[2025-10-30T15:24:01.798+0530] {processor.py:830} INFO - Processing file /home/logi/txtai/venv/lib/python3.10/site-packages/airflow/example_dags/example_complex.py for tasks to queue
[2025-10-30T15:24:01.801+0530] {logging_mixin.py:188} INFO - [2025-10-30T15:24:01.801+0530] {dagbag.py:545} INFO - Filling up the DagBag from /home/logi/txtai/venv/lib/python3.10/site-packages/airflow/example_dags/example_complex.py
[2025-10-30T15:24:01.820+0530] {processor.py:840} INFO - DAG(s) 'example_complex' retrieved from /home/logi/txtai/venv/lib/python3.10/site-packages/airflow/example_dags/example_complex.py
[2025-10-30T15:24:01.857+0530] {logging_mixin.py:188} INFO - [2025-10-30T15:24:01.856+0530] {dag.py:3089} INFO - Sync 1 DAGs
[2025-10-30T15:24:01.867+0530] {logging_mixin.py:188} INFO - [2025-10-30T15:24:01.866+0530] {dag.py:3947} INFO - Setting next_dagrun for example_complex to None, run_after=None
[2025-10-30T15:24:01.896+0530] {processor.py:183} INFO - Processing /home/logi/txtai/venv/lib/python3.10/site-packages/airflow/example_dags/example_complex.py took 0.123 seconds
[2025-10-30T15:25:17.369+0530] {processor.py:161} INFO - Started process (PID=7801) to work on /home/logi/txtai/venv/lib/python3.10/site-packages/airflow/example_dags/example_complex.py
[2025-10-30T15:25:17.382+0530] {processor.py:830} INFO - Processing file /home/logi/txtai/venv/lib/python3.10/site-packages/airflow/example_dags/example_complex.py for tasks to queue
[2025-10-30T15:25:17.385+0530] {logging_mixin.py:188} INFO - [2025-10-30T15:25:17.385+0530] {dagbag.py:545} INFO - Filling up the DagBag from /home/logi/txtai/venv/lib/python3.10/site-packages/airflow/example_dags/example_complex.py
[2025-10-30T15:25:17.403+0530] {processor.py:840} INFO - DAG(s) 'example_complex' retrieved from /home/logi/txtai/venv/lib/python3.10/site-packages/airflow/example_dags/example_complex.py
[2025-10-30T15:25:17.442+0530] {logging_mixin.py:188} INFO - [2025-10-30T15:25:17.441+0530] {dag.py:3089} INFO - Sync 1 DAGs
[2025-10-30T15:25:17.452+0530] {logging_mixin.py:188} INFO - [2025-10-30T15:25:17.452+0530] {dag.py:3947} INFO - Setting next_dagrun for example_complex to None, run_after=None
[2025-10-30T15:25:17.482+0530] {processor.py:183} INFO - Processing /home/logi/txtai/venv/lib/python3.10/site-packages/airflow/example_dags/example_complex.py took 0.124 seconds
[2025-10-30T15:26:28.536+0530] {processor.py:161} INFO - Started process (PID=7913) to work on /home/logi/txtai/venv/lib/python3.10/site-packages/airflow/example_dags/example_complex.py
[2025-10-30T15:26:28.549+0530] {processor.py:830} INFO - Processing file /home/logi/txtai/venv/lib/python3.10/site-packages/airflow/example_dags/example_complex.py for tasks to queue
[2025-10-30T15:26:28.552+0530] {logging_mixin.py:188} INFO - [2025-10-30T15:26:28.551+0530] {dagbag.py:545} INFO - Filling up the DagBag from /home/logi/txtai/venv/lib/python3.10/site-packages/airflow/example_dags/example_complex.py
[2025-10-30T15:26:28.570+0530] {processor.py:840} INFO - DAG(s) 'example_complex' retrieved from /home/logi/txtai/venv/lib/python3.10/site-packages/airflow/example_dags/example_complex.py
[2025-10-30T15:26:28.606+0530] {logging_mixin.py:188} INFO - [2025-10-30T15:26:28.606+0530] {dag.py:3089} INFO - Sync 1 DAGs
[2025-10-30T15:26:28.616+0530] {logging_mixin.py:188} INFO - [2025-10-30T15:26:28.615+0530] {dag.py:3947} INFO - Setting next_dagrun for example_complex to None, run_after=None
[2025-10-30T15:26:28.643+0530] {processor.py:183} INFO - Processing /home/logi/txtai/venv/lib/python3.10/site-packages/airflow/example_dags/example_complex.py took 0.118 seconds
[2025-10-30T15:27:43.670+0530] {processor.py:161} INFO - Started process (PID=7998) to work on /home/logi/txtai/venv/lib/python3.10/site-packages/airflow/example_dags/example_complex.py
[2025-10-30T15:27:43.684+0530] {processor.py:830} INFO - Processing file /home/logi/txtai/venv/lib/python3.10/site-packages/airflow/example_dags/example_complex.py for tasks to queue
[2025-10-30T15:27:43.687+0530] {logging_mixin.py:188} INFO - [2025-10-30T15:27:43.686+0530] {dagbag.py:545} INFO - Filling up the DagBag from /home/logi/txtai/venv/lib/python3.10/site-packages/airflow/example_dags/example_complex.py
[2025-10-30T15:27:43.705+0530] {processor.py:840} INFO - DAG(s) 'example_complex' retrieved from /home/logi/txtai/venv/lib/python3.10/site-packages/airflow/example_dags/example_complex.py
[2025-10-30T15:27:43.741+0530] {logging_mixin.py:188} INFO - [2025-10-30T15:27:43.741+0530] {dag.py:3089} INFO - Sync 1 DAGs
[2025-10-30T15:27:43.751+0530] {logging_mixin.py:188} INFO - [2025-10-30T15:27:43.751+0530] {dag.py:3947} INFO - Setting next_dagrun for example_complex to None, run_after=None
[2025-10-30T15:27:43.771+0530] {processor.py:183} INFO - Processing /home/logi/txtai/venv/lib/python3.10/site-packages/airflow/example_dags/example_complex.py took 0.112 seconds
[2025-10-30T15:28:59.629+0530] {processor.py:161} INFO - Started process (PID=8099) to work on /home/logi/txtai/venv/lib/python3.10/site-packages/airflow/example_dags/example_complex.py
[2025-10-30T15:28:59.642+0530] {processor.py:830} INFO - Processing file /home/logi/txtai/venv/lib/python3.10/site-packages/airflow/example_dags/example_complex.py for tasks to queue
[2025-10-30T15:28:59.645+0530] {logging_mixin.py:188} INFO - [2025-10-30T15:28:59.645+0530] {dagbag.py:545} INFO - Filling up the DagBag from /home/logi/txtai/venv/lib/python3.10/site-packages/airflow/example_dags/example_complex.py
[2025-10-30T15:28:59.663+0530] {processor.py:840} INFO - DAG(s) 'example_complex' retrieved from /home/logi/txtai/venv/lib/python3.10/site-packages/airflow/example_dags/example_complex.py
[2025-10-30T15:28:59.701+0530] {logging_mixin.py:188} INFO - [2025-10-30T15:28:59.700+0530] {dag.py:3089} INFO - Sync 1 DAGs
[2025-10-30T15:28:59.711+0530] {logging_mixin.py:188} INFO - [2025-10-30T15:28:59.710+0530] {dag.py:3947} INFO - Setting next_dagrun for example_complex to None, run_after=None
[2025-10-30T15:28:59.731+0530] {processor.py:183} INFO - Processing /home/logi/txtai/venv/lib/python3.10/site-packages/airflow/example_dags/example_complex.py took 0.113 seconds
[2025-10-30T15:30:14.550+0530] {processor.py:161} INFO - Started process (PID=8215) to work on /home/logi/txtai/venv/lib/python3.10/site-packages/airflow/example_dags/example_complex.py
[2025-10-30T15:30:14.564+0530] {processor.py:830} INFO - Processing file /home/logi/txtai/venv/lib/python3.10/site-packages/airflow/example_dags/example_complex.py for tasks to queue
[2025-10-30T15:30:14.567+0530] {logging_mixin.py:188} INFO - [2025-10-30T15:30:14.566+0530] {dagbag.py:545} INFO - Filling up the DagBag from /home/logi/txtai/venv/lib/python3.10/site-packages/airflow/example_dags/example_complex.py
[2025-10-30T15:30:14.585+0530] {processor.py:840} INFO - DAG(s) 'example_complex' retrieved from /home/logi/txtai/venv/lib/python3.10/site-packages/airflow/example_dags/example_complex.py
[2025-10-30T15:30:14.618+0530] {logging_mixin.py:188} INFO - [2025-10-30T15:30:14.617+0530] {dag.py:3089} INFO - Sync 1 DAGs
[2025-10-30T15:30:14.627+0530] {logging_mixin.py:188} INFO - [2025-10-30T15:30:14.627+0530] {dag.py:3947} INFO - Setting next_dagrun for example_complex to None, run_after=None
[2025-10-30T15:30:14.648+0530] {processor.py:183} INFO - Processing /home/logi/txtai/venv/lib/python3.10/site-packages/airflow/example_dags/example_complex.py took 0.109 seconds
[2025-10-30T15:31:26.412+0530] {processor.py:161} INFO - Started process (PID=8309) to work on /home/logi/txtai/venv/lib/python3.10/site-packages/airflow/example_dags/example_complex.py
[2025-10-30T15:31:26.426+0530] {processor.py:830} INFO - Processing file /home/logi/txtai/venv/lib/python3.10/site-packages/airflow/example_dags/example_complex.py for tasks to queue
[2025-10-30T15:31:26.429+0530] {logging_mixin.py:188} INFO - [2025-10-30T15:31:26.428+0530] {dagbag.py:545} INFO - Filling up the DagBag from /home/logi/txtai/venv/lib/python3.10/site-packages/airflow/example_dags/example_complex.py
[2025-10-30T15:31:26.447+0530] {processor.py:840} INFO - DAG(s) 'example_complex' retrieved from /home/logi/txtai/venv/lib/python3.10/site-packages/airflow/example_dags/example_complex.py
[2025-10-30T15:31:26.484+0530] {logging_mixin.py:188} INFO - [2025-10-30T15:31:26.483+0530] {dag.py:3089} INFO - Sync 1 DAGs
[2025-10-30T15:31:26.494+0530] {logging_mixin.py:188} INFO - [2025-10-30T15:31:26.493+0530] {dag.py:3947} INFO - Setting next_dagrun for example_complex to None, run_after=None
[2025-10-30T15:31:26.514+0530] {processor.py:183} INFO - Processing /home/logi/txtai/venv/lib/python3.10/site-packages/airflow/example_dags/example_complex.py took 0.113 seconds
[2025-10-30T15:32:43.765+0530] {processor.py:161} INFO - Started process (PID=8402) to work on /home/logi/txtai/venv/lib/python3.10/site-packages/airflow/example_dags/example_complex.py
[2025-10-30T15:32:43.778+0530] {processor.py:830} INFO - Processing file /home/logi/txtai/venv/lib/python3.10/site-packages/airflow/example_dags/example_complex.py for tasks to queue
[2025-10-30T15:32:43.781+0530] {logging_mixin.py:188} INFO - [2025-10-30T15:32:43.781+0530] {dagbag.py:545} INFO - Filling up the DagBag from /home/logi/txtai/venv/lib/python3.10/site-packages/airflow/example_dags/example_complex.py
[2025-10-30T15:32:43.799+0530] {processor.py:840} INFO - DAG(s) 'example_complex' retrieved from /home/logi/txtai/venv/lib/python3.10/site-packages/airflow/example_dags/example_complex.py
[2025-10-30T15:32:43.836+0530] {logging_mixin.py:188} INFO - [2025-10-30T15:32:43.836+0530] {dag.py:3089} INFO - Sync 1 DAGs
[2025-10-30T15:32:43.846+0530] {logging_mixin.py:188} INFO - [2025-10-30T15:32:43.845+0530] {dag.py:3947} INFO - Setting next_dagrun for example_complex to None, run_after=None
[2025-10-30T15:32:43.869+0530] {processor.py:183} INFO - Processing /home/logi/txtai/venv/lib/python3.10/site-packages/airflow/example_dags/example_complex.py took 0.115 seconds
[2025-10-30T15:34:00.354+0530] {processor.py:161} INFO - Started process (PID=8503) to work on /home/logi/txtai/venv/lib/python3.10/site-packages/airflow/example_dags/example_complex.py
[2025-10-30T15:34:00.368+0530] {processor.py:830} INFO - Processing file /home/logi/txtai/venv/lib/python3.10/site-packages/airflow/example_dags/example_complex.py for tasks to queue
[2025-10-30T15:34:00.371+0530] {logging_mixin.py:188} INFO - [2025-10-30T15:34:00.370+0530] {dagbag.py:545} INFO - Filling up the DagBag from /home/logi/txtai/venv/lib/python3.10/site-packages/airflow/example_dags/example_complex.py
[2025-10-30T15:34:00.389+0530] {processor.py:840} INFO - DAG(s) 'example_complex' retrieved from /home/logi/txtai/venv/lib/python3.10/site-packages/airflow/example_dags/example_complex.py
[2025-10-30T15:34:00.426+0530] {logging_mixin.py:188} INFO - [2025-10-30T15:34:00.426+0530] {dag.py:3089} INFO - Sync 1 DAGs
[2025-10-30T15:34:00.436+0530] {logging_mixin.py:188} INFO - [2025-10-30T15:34:00.436+0530] {dag.py:3947} INFO - Setting next_dagrun for example_complex to None, run_after=None
[2025-10-30T15:34:00.463+0530] {processor.py:183} INFO - Processing /home/logi/txtai/venv/lib/python3.10/site-packages/airflow/example_dags/example_complex.py took 0.120 seconds
[2025-10-30T15:34:56.843+0530] {processor.py:161} INFO - Started process (PID=8596) to work on /home/logi/txtai/venv/lib/python3.10/site-packages/airflow/example_dags/example_complex.py
[2025-10-30T15:34:56.857+0530] {processor.py:830} INFO - Processing file /home/logi/txtai/venv/lib/python3.10/site-packages/airflow/example_dags/example_complex.py for tasks to queue
[2025-10-30T15:34:56.860+0530] {logging_mixin.py:188} INFO - [2025-10-30T15:34:56.859+0530] {dagbag.py:545} INFO - Filling up the DagBag from /home/logi/txtai/venv/lib/python3.10/site-packages/airflow/example_dags/example_complex.py
[2025-10-30T15:34:56.878+0530] {processor.py:840} INFO - DAG(s) 'example_complex' retrieved from /home/logi/txtai/venv/lib/python3.10/site-packages/airflow/example_dags/example_complex.py
[2025-10-30T15:34:56.916+0530] {logging_mixin.py:188} INFO - [2025-10-30T15:34:56.915+0530] {dag.py:3089} INFO - Sync 1 DAGs
[2025-10-30T15:34:56.925+0530] {logging_mixin.py:188} INFO - [2025-10-30T15:34:56.925+0530] {dag.py:3947} INFO - Setting next_dagrun for example_complex to None, run_after=None
[2025-10-30T15:34:56.946+0530] {processor.py:183} INFO - Processing /home/logi/txtai/venv/lib/python3.10/site-packages/airflow/example_dags/example_complex.py took 0.114 seconds
[2025-10-30T15:35:57.405+0530] {processor.py:161} INFO - Started process (PID=8666) to work on /home/logi/txtai/venv/lib/python3.10/site-packages/airflow/example_dags/example_complex.py
[2025-10-30T15:35:57.418+0530] {processor.py:830} INFO - Processing file /home/logi/txtai/venv/lib/python3.10/site-packages/airflow/example_dags/example_complex.py for tasks to queue
[2025-10-30T15:35:57.421+0530] {logging_mixin.py:188} INFO - [2025-10-30T15:35:57.421+0530] {dagbag.py:545} INFO - Filling up the DagBag from /home/logi/txtai/venv/lib/python3.10/site-packages/airflow/example_dags/example_complex.py
[2025-10-30T15:35:57.439+0530] {processor.py:840} INFO - DAG(s) 'example_complex' retrieved from /home/logi/txtai/venv/lib/python3.10/site-packages/airflow/example_dags/example_complex.py
[2025-10-30T15:35:57.475+0530] {logging_mixin.py:188} INFO - [2025-10-30T15:35:57.475+0530] {dag.py:3089} INFO - Sync 1 DAGs
[2025-10-30T15:35:57.485+0530] {logging_mixin.py:188} INFO - [2025-10-30T15:35:57.485+0530] {dag.py:3947} INFO - Setting next_dagrun for example_complex to None, run_after=None
[2025-10-30T15:35:57.506+0530] {processor.py:183} INFO - Processing /home/logi/txtai/venv/lib/python3.10/site-packages/airflow/example_dags/example_complex.py took 0.113 seconds
[2025-10-30T15:37:16.605+0530] {processor.py:161} INFO - Started process (PID=8769) to work on /home/logi/txtai/venv/lib/python3.10/site-packages/airflow/example_dags/example_complex.py
[2025-10-30T15:37:16.619+0530] {processor.py:830} INFO - Processing file /home/logi/txtai/venv/lib/python3.10/site-packages/airflow/example_dags/example_complex.py for tasks to queue
[2025-10-30T15:37:16.622+0530] {logging_mixin.py:188} INFO - [2025-10-30T15:37:16.621+0530] {dagbag.py:545} INFO - Filling up the DagBag from /home/logi/txtai/venv/lib/python3.10/site-packages/airflow/example_dags/example_complex.py
[2025-10-30T15:37:16.640+0530] {processor.py:840} INFO - DAG(s) 'example_complex' retrieved from /home/logi/txtai/venv/lib/python3.10/site-packages/airflow/example_dags/example_complex.py
[2025-10-30T15:37:16.678+0530] {logging_mixin.py:188} INFO - [2025-10-30T15:37:16.678+0530] {dag.py:3089} INFO - Sync 1 DAGs
[2025-10-30T15:37:16.689+0530] {logging_mixin.py:188} INFO - [2025-10-30T15:37:16.688+0530] {dag.py:3947} INFO - Setting next_dagrun for example_complex to None, run_after=None
[2025-10-30T15:37:16.709+0530] {processor.py:183} INFO - Processing /home/logi/txtai/venv/lib/python3.10/site-packages/airflow/example_dags/example_complex.py took 0.116 seconds
[2025-10-30T15:38:11.413+0530] {processor.py:161} INFO - Started process (PID=8836) to work on /home/logi/txtai/venv/lib/python3.10/site-packages/airflow/example_dags/example_complex.py
[2025-10-30T15:38:11.416+0530] {processor.py:830} INFO - Processing file /home/logi/txtai/venv/lib/python3.10/site-packages/airflow/example_dags/example_complex.py for tasks to queue
[2025-10-30T15:38:11.418+0530] {logging_mixin.py:188} INFO - [2025-10-30T15:38:11.418+0530] {dagbag.py:545} INFO - Filling up the DagBag from /home/logi/txtai/venv/lib/python3.10/site-packages/airflow/example_dags/example_complex.py
[2025-10-30T15:38:11.436+0530] {processor.py:840} INFO - DAG(s) 'example_complex' retrieved from /home/logi/txtai/venv/lib/python3.10/site-packages/airflow/example_dags/example_complex.py
[2025-10-30T15:38:11.465+0530] {logging_mixin.py:188} INFO - [2025-10-30T15:38:11.464+0530] {dag.py:3089} INFO - Sync 1 DAGs
[2025-10-30T15:38:11.474+0530] {logging_mixin.py:188} INFO - [2025-10-30T15:38:11.474+0530] {dag.py:3947} INFO - Setting next_dagrun for example_complex to None, run_after=None
[2025-10-30T15:38:11.494+0530] {processor.py:183} INFO - Processing /home/logi/txtai/venv/lib/python3.10/site-packages/airflow/example_dags/example_complex.py took 0.092 seconds
[2025-10-30T15:39:27.341+0530] {processor.py:161} INFO - Started process (PID=8966) to work on /home/logi/txtai/venv/lib/python3.10/site-packages/airflow/example_dags/example_complex.py
[2025-10-30T15:39:27.354+0530] {processor.py:830} INFO - Processing file /home/logi/txtai/venv/lib/python3.10/site-packages/airflow/example_dags/example_complex.py for tasks to queue
[2025-10-30T15:39:27.357+0530] {logging_mixin.py:188} INFO - [2025-10-30T15:39:27.357+0530] {dagbag.py:545} INFO - Filling up the DagBag from /home/logi/txtai/venv/lib/python3.10/site-packages/airflow/example_dags/example_complex.py
[2025-10-30T15:39:27.375+0530] {processor.py:840} INFO - DAG(s) 'example_complex' retrieved from /home/logi/txtai/venv/lib/python3.10/site-packages/airflow/example_dags/example_complex.py
[2025-10-30T15:39:27.413+0530] {logging_mixin.py:188} INFO - [2025-10-30T15:39:27.413+0530] {dag.py:3089} INFO - Sync 1 DAGs
[2025-10-30T15:39:27.423+0530] {logging_mixin.py:188} INFO - [2025-10-30T15:39:27.423+0530] {dag.py:3947} INFO - Setting next_dagrun for example_complex to None, run_after=None
[2025-10-30T15:39:27.450+0530] {processor.py:183} INFO - Processing /home/logi/txtai/venv/lib/python3.10/site-packages/airflow/example_dags/example_complex.py took 0.120 seconds
[2025-10-30T15:40:41.028+0530] {processor.py:161} INFO - Started process (PID=9144) to work on /home/logi/txtai/venv/lib/python3.10/site-packages/airflow/example_dags/example_complex.py
[2025-10-30T15:40:41.041+0530] {processor.py:830} INFO - Processing file /home/logi/txtai/venv/lib/python3.10/site-packages/airflow/example_dags/example_complex.py for tasks to queue
[2025-10-30T15:40:41.044+0530] {logging_mixin.py:188} INFO - [2025-10-30T15:40:41.043+0530] {dagbag.py:545} INFO - Filling up the DagBag from /home/logi/txtai/venv/lib/python3.10/site-packages/airflow/example_dags/example_complex.py
[2025-10-30T15:40:41.062+0530] {processor.py:840} INFO - DAG(s) 'example_complex' retrieved from /home/logi/txtai/venv/lib/python3.10/site-packages/airflow/example_dags/example_complex.py
[2025-10-30T15:40:41.098+0530] {logging_mixin.py:188} INFO - [2025-10-30T15:40:41.097+0530] {dag.py:3089} INFO - Sync 1 DAGs
[2025-10-30T15:40:41.107+0530] {logging_mixin.py:188} INFO - [2025-10-30T15:40:41.107+0530] {dag.py:3947} INFO - Setting next_dagrun for example_complex to None, run_after=None
[2025-10-30T15:40:41.129+0530] {processor.py:183} INFO - Processing /home/logi/txtai/venv/lib/python3.10/site-packages/airflow/example_dags/example_complex.py took 0.112 seconds
[2025-10-30T15:41:58.428+0530] {processor.py:161} INFO - Started process (PID=9404) to work on /home/logi/txtai/venv/lib/python3.10/site-packages/airflow/example_dags/example_complex.py
[2025-10-30T15:41:58.441+0530] {processor.py:830} INFO - Processing file /home/logi/txtai/venv/lib/python3.10/site-packages/airflow/example_dags/example_complex.py for tasks to queue
[2025-10-30T15:41:58.445+0530] {logging_mixin.py:188} INFO - [2025-10-30T15:41:58.444+0530] {dagbag.py:545} INFO - Filling up the DagBag from /home/logi/txtai/venv/lib/python3.10/site-packages/airflow/example_dags/example_complex.py
[2025-10-30T15:41:58.464+0530] {processor.py:840} INFO - DAG(s) 'example_complex' retrieved from /home/logi/txtai/venv/lib/python3.10/site-packages/airflow/example_dags/example_complex.py
[2025-10-30T15:41:58.500+0530] {logging_mixin.py:188} INFO - [2025-10-30T15:41:58.499+0530] {dag.py:3089} INFO - Sync 1 DAGs
[2025-10-30T15:41:58.511+0530] {logging_mixin.py:188} INFO - [2025-10-30T15:41:58.511+0530] {dag.py:3947} INFO - Setting next_dagrun for example_complex to None, run_after=None
[2025-10-30T15:41:58.534+0530] {processor.py:183} INFO - Processing /home/logi/txtai/venv/lib/python3.10/site-packages/airflow/example_dags/example_complex.py took 0.118 seconds
[2025-10-30T15:43:11.899+0530] {processor.py:161} INFO - Started process (PID=9617) to work on /home/logi/txtai/venv/lib/python3.10/site-packages/airflow/example_dags/example_complex.py
[2025-10-30T15:43:11.902+0530] {processor.py:830} INFO - Processing file /home/logi/txtai/venv/lib/python3.10/site-packages/airflow/example_dags/example_complex.py for tasks to queue
[2025-10-30T15:43:11.905+0530] {logging_mixin.py:188} INFO - [2025-10-30T15:43:11.904+0530] {dagbag.py:545} INFO - Filling up the DagBag from /home/logi/txtai/venv/lib/python3.10/site-packages/airflow/example_dags/example_complex.py
[2025-10-30T15:43:11.923+0530] {processor.py:840} INFO - DAG(s) 'example_complex' retrieved from /home/logi/txtai/venv/lib/python3.10/site-packages/airflow/example_dags/example_complex.py
[2025-10-30T15:43:11.954+0530] {logging_mixin.py:188} INFO - [2025-10-30T15:43:11.954+0530] {dag.py:3089} INFO - Sync 1 DAGs
[2025-10-30T15:43:11.966+0530] {logging_mixin.py:188} INFO - [2025-10-30T15:43:11.965+0530] {dag.py:3947} INFO - Setting next_dagrun for example_complex to None, run_after=None
[2025-10-30T15:43:11.989+0530] {processor.py:183} INFO - Processing /home/logi/txtai/venv/lib/python3.10/site-packages/airflow/example_dags/example_complex.py took 0.101 seconds
[2025-10-30T15:44:27.853+0530] {processor.py:161} INFO - Started process (PID=9961) to work on /home/logi/txtai/venv/lib/python3.10/site-packages/airflow/example_dags/example_complex.py
[2025-10-30T15:44:27.866+0530] {processor.py:830} INFO - Processing file /home/logi/txtai/venv/lib/python3.10/site-packages/airflow/example_dags/example_complex.py for tasks to queue
[2025-10-30T15:44:27.870+0530] {logging_mixin.py:188} INFO - [2025-10-30T15:44:27.869+0530] {dagbag.py:545} INFO - Filling up the DagBag from /home/logi/txtai/venv/lib/python3.10/site-packages/airflow/example_dags/example_complex.py
[2025-10-30T15:44:27.888+0530] {processor.py:840} INFO - DAG(s) 'example_complex' retrieved from /home/logi/txtai/venv/lib/python3.10/site-packages/airflow/example_dags/example_complex.py
[2025-10-30T15:44:27.925+0530] {logging_mixin.py:188} INFO - [2025-10-30T15:44:27.925+0530] {dag.py:3089} INFO - Sync 1 DAGs
[2025-10-30T15:44:27.936+0530] {logging_mixin.py:188} INFO - [2025-10-30T15:44:27.936+0530] {dag.py:3947} INFO - Setting next_dagrun for example_complex to None, run_after=None
[2025-10-30T15:44:27.957+0530] {processor.py:183} INFO - Processing /home/logi/txtai/venv/lib/python3.10/site-packages/airflow/example_dags/example_complex.py took 0.115 seconds
[2025-10-30T15:45:40.694+0530] {processor.py:161} INFO - Started process (PID=10145) to work on /home/logi/txtai/venv/lib/python3.10/site-packages/airflow/example_dags/example_complex.py
[2025-10-30T15:45:40.707+0530] {processor.py:830} INFO - Processing file /home/logi/txtai/venv/lib/python3.10/site-packages/airflow/example_dags/example_complex.py for tasks to queue
[2025-10-30T15:45:40.710+0530] {logging_mixin.py:188} INFO - [2025-10-30T15:45:40.710+0530] {dagbag.py:545} INFO - Filling up the DagBag from /home/logi/txtai/venv/lib/python3.10/site-packages/airflow/example_dags/example_complex.py
[2025-10-30T15:45:40.729+0530] {processor.py:840} INFO - DAG(s) 'example_complex' retrieved from /home/logi/txtai/venv/lib/python3.10/site-packages/airflow/example_dags/example_complex.py
[2025-10-30T15:45:40.766+0530] {logging_mixin.py:188} INFO - [2025-10-30T15:45:40.765+0530] {dag.py:3089} INFO - Sync 1 DAGs
[2025-10-30T15:45:40.776+0530] {logging_mixin.py:188} INFO - [2025-10-30T15:45:40.775+0530] {dag.py:3947} INFO - Setting next_dagrun for example_complex to None, run_after=None
[2025-10-30T15:45:40.797+0530] {processor.py:183} INFO - Processing /home/logi/txtai/venv/lib/python3.10/site-packages/airflow/example_dags/example_complex.py took 0.114 seconds
[2025-10-30T15:46:51.130+0530] {processor.py:161} INFO - Started process (PID=10251) to work on /home/logi/txtai/venv/lib/python3.10/site-packages/airflow/example_dags/example_complex.py
[2025-10-30T15:46:51.146+0530] {processor.py:830} INFO - Processing file /home/logi/txtai/venv/lib/python3.10/site-packages/airflow/example_dags/example_complex.py for tasks to queue
[2025-10-30T15:46:51.150+0530] {logging_mixin.py:188} INFO - [2025-10-30T15:46:51.149+0530] {dagbag.py:545} INFO - Filling up the DagBag from /home/logi/txtai/venv/lib/python3.10/site-packages/airflow/example_dags/example_complex.py
[2025-10-30T15:46:51.175+0530] {processor.py:840} INFO - DAG(s) 'example_complex' retrieved from /home/logi/txtai/venv/lib/python3.10/site-packages/airflow/example_dags/example_complex.py
[2025-10-30T15:46:51.214+0530] {logging_mixin.py:188} INFO - [2025-10-30T15:46:51.213+0530] {dag.py:3089} INFO - Sync 1 DAGs
[2025-10-30T15:46:51.228+0530] {logging_mixin.py:188} INFO - [2025-10-30T15:46:51.227+0530] {dag.py:3947} INFO - Setting next_dagrun for example_complex to None, run_after=None
[2025-10-30T15:46:51.252+0530] {processor.py:183} INFO - Processing /home/logi/txtai/venv/lib/python3.10/site-packages/airflow/example_dags/example_complex.py took 0.139 seconds
[2025-10-30T15:48:05.333+0530] {processor.py:161} INFO - Started process (PID=10354) to work on /home/logi/txtai/venv/lib/python3.10/site-packages/airflow/example_dags/example_complex.py
[2025-10-30T15:48:05.346+0530] {processor.py:830} INFO - Processing file /home/logi/txtai/venv/lib/python3.10/site-packages/airflow/example_dags/example_complex.py for tasks to queue
[2025-10-30T15:48:05.349+0530] {logging_mixin.py:188} INFO - [2025-10-30T15:48:05.349+0530] {dagbag.py:545} INFO - Filling up the DagBag from /home/logi/txtai/venv/lib/python3.10/site-packages/airflow/example_dags/example_complex.py
[2025-10-30T15:48:05.358+0530] {processor.py:840} INFO - DAG(s) 'example_complex' retrieved from /home/logi/txtai/venv/lib/python3.10/site-packages/airflow/example_dags/example_complex.py
[2025-10-30T15:48:05.381+0530] {logging_mixin.py:188} INFO - [2025-10-30T15:48:05.380+0530] {dag.py:3089} INFO - Sync 1 DAGs
[2025-10-30T15:48:05.390+0530] {logging_mixin.py:188} INFO - [2025-10-30T15:48:05.390+0530] {dag.py:3947} INFO - Setting next_dagrun for example_complex to None, run_after=None
[2025-10-30T15:48:05.410+0530] {processor.py:183} INFO - Processing /home/logi/txtai/venv/lib/python3.10/site-packages/airflow/example_dags/example_complex.py took 0.088 seconds
[2025-10-30T15:48:58.784+0530] {processor.py:161} INFO - Started process (PID=10433) to work on /home/logi/txtai/venv/lib/python3.10/site-packages/airflow/example_dags/example_complex.py
[2025-10-30T15:48:58.793+0530] {processor.py:830} INFO - Processing file /home/logi/txtai/venv/lib/python3.10/site-packages/airflow/example_dags/example_complex.py for tasks to queue
[2025-10-30T15:48:58.797+0530] {logging_mixin.py:188} INFO - [2025-10-30T15:48:58.796+0530] {dagbag.py:545} INFO - Filling up the DagBag from /home/logi/txtai/venv/lib/python3.10/site-packages/airflow/example_dags/example_complex.py
[2025-10-30T15:48:58.815+0530] {processor.py:840} INFO - DAG(s) 'example_complex' retrieved from /home/logi/txtai/venv/lib/python3.10/site-packages/airflow/example_dags/example_complex.py
[2025-10-30T15:48:58.849+0530] {logging_mixin.py:188} INFO - [2025-10-30T15:48:58.848+0530] {dag.py:3089} INFO - Sync 1 DAGs
[2025-10-30T15:48:58.862+0530] {logging_mixin.py:188} INFO - [2025-10-30T15:48:58.862+0530] {dag.py:3947} INFO - Setting next_dagrun for example_complex to None, run_after=None
[2025-10-30T15:48:58.883+0530] {processor.py:183} INFO - Processing /home/logi/txtai/venv/lib/python3.10/site-packages/airflow/example_dags/example_complex.py took 0.111 seconds
[2025-10-30T15:50:10.568+0530] {processor.py:161} INFO - Started process (PID=10590) to work on /home/logi/txtai/venv/lib/python3.10/site-packages/airflow/example_dags/example_complex.py
[2025-10-30T15:50:10.582+0530] {processor.py:830} INFO - Processing file /home/logi/txtai/venv/lib/python3.10/site-packages/airflow/example_dags/example_complex.py for tasks to queue
[2025-10-30T15:50:10.585+0530] {logging_mixin.py:188} INFO - [2025-10-30T15:50:10.584+0530] {dagbag.py:545} INFO - Filling up the DagBag from /home/logi/txtai/venv/lib/python3.10/site-packages/airflow/example_dags/example_complex.py
[2025-10-30T15:50:10.603+0530] {processor.py:840} INFO - DAG(s) 'example_complex' retrieved from /home/logi/txtai/venv/lib/python3.10/site-packages/airflow/example_dags/example_complex.py
[2025-10-30T15:50:10.646+0530] {logging_mixin.py:188} INFO - [2025-10-30T15:50:10.646+0530] {dag.py:3089} INFO - Sync 1 DAGs
[2025-10-30T15:50:10.660+0530] {logging_mixin.py:188} INFO - [2025-10-30T15:50:10.660+0530] {dag.py:3947} INFO - Setting next_dagrun for example_complex to None, run_after=None
[2025-10-30T15:50:10.685+0530] {processor.py:183} INFO - Processing /home/logi/txtai/venv/lib/python3.10/site-packages/airflow/example_dags/example_complex.py took 0.129 seconds
[2025-10-30T15:51:23.937+0530] {processor.py:161} INFO - Started process (PID=10674) to work on /home/logi/txtai/venv/lib/python3.10/site-packages/airflow/example_dags/example_complex.py
[2025-10-30T15:51:23.939+0530] {processor.py:830} INFO - Processing file /home/logi/txtai/venv/lib/python3.10/site-packages/airflow/example_dags/example_complex.py for tasks to queue
[2025-10-30T15:51:23.942+0530] {logging_mixin.py:188} INFO - [2025-10-30T15:51:23.942+0530] {dagbag.py:545} INFO - Filling up the DagBag from /home/logi/txtai/venv/lib/python3.10/site-packages/airflow/example_dags/example_complex.py
[2025-10-30T15:51:23.961+0530] {processor.py:840} INFO - DAG(s) 'example_complex' retrieved from /home/logi/txtai/venv/lib/python3.10/site-packages/airflow/example_dags/example_complex.py
[2025-10-30T15:51:23.991+0530] {logging_mixin.py:188} INFO - [2025-10-30T15:51:23.991+0530] {dag.py:3089} INFO - Sync 1 DAGs
[2025-10-30T15:51:24.006+0530] {logging_mixin.py:188} INFO - [2025-10-30T15:51:24.006+0530] {dag.py:3947} INFO - Setting next_dagrun for example_complex to None, run_after=None
[2025-10-30T15:51:24.028+0530] {processor.py:183} INFO - Processing /home/logi/txtai/venv/lib/python3.10/site-packages/airflow/example_dags/example_complex.py took 0.102 seconds
[2025-10-30T15:52:40.464+0530] {processor.py:161} INFO - Started process (PID=10840) to work on /home/logi/txtai/venv/lib/python3.10/site-packages/airflow/example_dags/example_complex.py
[2025-10-30T15:52:40.478+0530] {processor.py:830} INFO - Processing file /home/logi/txtai/venv/lib/python3.10/site-packages/airflow/example_dags/example_complex.py for tasks to queue
[2025-10-30T15:52:40.480+0530] {logging_mixin.py:188} INFO - [2025-10-30T15:52:40.479+0530] {dagbag.py:545} INFO - Filling up the DagBag from /home/logi/txtai/venv/lib/python3.10/site-packages/airflow/example_dags/example_complex.py
[2025-10-30T15:52:40.489+0530] {processor.py:840} INFO - DAG(s) 'example_complex' retrieved from /home/logi/txtai/venv/lib/python3.10/site-packages/airflow/example_dags/example_complex.py
[2025-10-30T15:52:40.513+0530] {logging_mixin.py:188} INFO - [2025-10-30T15:52:40.512+0530] {dag.py:3089} INFO - Sync 1 DAGs
[2025-10-30T15:52:40.523+0530] {logging_mixin.py:188} INFO - [2025-10-30T15:52:40.523+0530] {dag.py:3947} INFO - Setting next_dagrun for example_complex to None, run_after=None
[2025-10-30T15:52:40.544+0530] {processor.py:183} INFO - Processing /home/logi/txtai/venv/lib/python3.10/site-packages/airflow/example_dags/example_complex.py took 0.091 seconds
[2025-10-30T15:53:34.244+0530] {processor.py:161} INFO - Started process (PID=11192) to work on /home/logi/txtai/venv/lib/python3.10/site-packages/airflow/example_dags/example_complex.py
[2025-10-30T15:53:34.258+0530] {processor.py:830} INFO - Processing file /home/logi/txtai/venv/lib/python3.10/site-packages/airflow/example_dags/example_complex.py for tasks to queue
[2025-10-30T15:53:34.260+0530] {logging_mixin.py:188} INFO - [2025-10-30T15:53:34.260+0530] {dagbag.py:545} INFO - Filling up the DagBag from /home/logi/txtai/venv/lib/python3.10/site-packages/airflow/example_dags/example_complex.py
[2025-10-30T15:53:34.270+0530] {processor.py:840} INFO - DAG(s) 'example_complex' retrieved from /home/logi/txtai/venv/lib/python3.10/site-packages/airflow/example_dags/example_complex.py
[2025-10-30T15:53:34.295+0530] {logging_mixin.py:188} INFO - [2025-10-30T15:53:34.294+0530] {dag.py:3089} INFO - Sync 1 DAGs
[2025-10-30T15:53:34.305+0530] {logging_mixin.py:188} INFO - [2025-10-30T15:53:34.305+0530] {dag.py:3947} INFO - Setting next_dagrun for example_complex to None, run_after=None
[2025-10-30T15:53:34.326+0530] {processor.py:183} INFO - Processing /home/logi/txtai/venv/lib/python3.10/site-packages/airflow/example_dags/example_complex.py took 0.094 seconds
[2025-10-30T15:54:52.544+0530] {processor.py:161} INFO - Started process (PID=11446) to work on /home/logi/txtai/venv/lib/python3.10/site-packages/airflow/example_dags/example_complex.py
[2025-10-30T15:54:52.557+0530] {processor.py:830} INFO - Processing file /home/logi/txtai/venv/lib/python3.10/site-packages/airflow/example_dags/example_complex.py for tasks to queue
[2025-10-30T15:54:52.560+0530] {logging_mixin.py:188} INFO - [2025-10-30T15:54:52.560+0530] {dagbag.py:545} INFO - Filling up the DagBag from /home/logi/txtai/venv/lib/python3.10/site-packages/airflow/example_dags/example_complex.py
[2025-10-30T15:54:52.580+0530] {processor.py:840} INFO - DAG(s) 'example_complex' retrieved from /home/logi/txtai/venv/lib/python3.10/site-packages/airflow/example_dags/example_complex.py
[2025-10-30T15:54:52.617+0530] {logging_mixin.py:188} INFO - [2025-10-30T15:54:52.617+0530] {dag.py:3089} INFO - Sync 1 DAGs
[2025-10-30T15:54:52.628+0530] {logging_mixin.py:188} INFO - [2025-10-30T15:54:52.628+0530] {dag.py:3947} INFO - Setting next_dagrun for example_complex to None, run_after=None
[2025-10-30T15:54:52.650+0530] {processor.py:183} INFO - Processing /home/logi/txtai/venv/lib/python3.10/site-packages/airflow/example_dags/example_complex.py took 0.117 seconds
[2025-10-30T15:56:12.087+0530] {processor.py:161} INFO - Started process (PID=11620) to work on /home/logi/txtai/venv/lib/python3.10/site-packages/airflow/example_dags/example_complex.py
[2025-10-30T15:56:12.101+0530] {processor.py:830} INFO - Processing file /home/logi/txtai/venv/lib/python3.10/site-packages/airflow/example_dags/example_complex.py for tasks to queue
[2025-10-30T15:56:12.104+0530] {logging_mixin.py:188} INFO - [2025-10-30T15:56:12.103+0530] {dagbag.py:545} INFO - Filling up the DagBag from /home/logi/txtai/venv/lib/python3.10/site-packages/airflow/example_dags/example_complex.py
[2025-10-30T15:56:12.122+0530] {processor.py:840} INFO - DAG(s) 'example_complex' retrieved from /home/logi/txtai/venv/lib/python3.10/site-packages/airflow/example_dags/example_complex.py
[2025-10-30T15:56:12.160+0530] {logging_mixin.py:188} INFO - [2025-10-30T15:56:12.159+0530] {dag.py:3089} INFO - Sync 1 DAGs
[2025-10-30T15:56:12.170+0530] {logging_mixin.py:188} INFO - [2025-10-30T15:56:12.170+0530] {dag.py:3947} INFO - Setting next_dagrun for example_complex to None, run_after=None
[2025-10-30T15:56:12.190+0530] {processor.py:183} INFO - Processing /home/logi/txtai/venv/lib/python3.10/site-packages/airflow/example_dags/example_complex.py took 0.115 seconds
[2025-10-30T15:57:08.199+0530] {processor.py:161} INFO - Started process (PID=11733) to work on /home/logi/txtai/venv/lib/python3.10/site-packages/airflow/example_dags/example_complex.py
[2025-10-30T15:57:08.213+0530] {processor.py:830} INFO - Processing file /home/logi/txtai/venv/lib/python3.10/site-packages/airflow/example_dags/example_complex.py for tasks to queue
[2025-10-30T15:57:08.217+0530] {logging_mixin.py:188} INFO - [2025-10-30T15:57:08.216+0530] {dagbag.py:545} INFO - Filling up the DagBag from /home/logi/txtai/venv/lib/python3.10/site-packages/airflow/example_dags/example_complex.py
[2025-10-30T15:57:08.236+0530] {processor.py:840} INFO - DAG(s) 'example_complex' retrieved from /home/logi/txtai/venv/lib/python3.10/site-packages/airflow/example_dags/example_complex.py
[2025-10-30T15:57:08.275+0530] {logging_mixin.py:188} INFO - [2025-10-30T15:57:08.275+0530] {dag.py:3089} INFO - Sync 1 DAGs
[2025-10-30T15:57:08.286+0530] {logging_mixin.py:188} INFO - [2025-10-30T15:57:08.285+0530] {dag.py:3947} INFO - Setting next_dagrun for example_complex to None, run_after=None
[2025-10-30T15:57:08.309+0530] {processor.py:183} INFO - Processing /home/logi/txtai/venv/lib/python3.10/site-packages/airflow/example_dags/example_complex.py took 0.121 seconds
[2025-10-30T15:58:08.233+0530] {processor.py:161} INFO - Started process (PID=11873) to work on /home/logi/txtai/venv/lib/python3.10/site-packages/airflow/example_dags/example_complex.py
[2025-10-30T15:58:08.246+0530] {processor.py:830} INFO - Processing file /home/logi/txtai/venv/lib/python3.10/site-packages/airflow/example_dags/example_complex.py for tasks to queue
[2025-10-30T15:58:08.248+0530] {logging_mixin.py:188} INFO - [2025-10-30T15:58:08.247+0530] {dagbag.py:545} INFO - Filling up the DagBag from /home/logi/txtai/venv/lib/python3.10/site-packages/airflow/example_dags/example_complex.py
[2025-10-30T15:58:08.267+0530] {processor.py:840} INFO - DAG(s) 'example_complex' retrieved from /home/logi/txtai/venv/lib/python3.10/site-packages/airflow/example_dags/example_complex.py
[2025-10-30T15:58:08.306+0530] {logging_mixin.py:188} INFO - [2025-10-30T15:58:08.306+0530] {dag.py:3089} INFO - Sync 1 DAGs
[2025-10-30T15:58:08.317+0530] {logging_mixin.py:188} INFO - [2025-10-30T15:58:08.316+0530] {dag.py:3947} INFO - Setting next_dagrun for example_complex to None, run_after=None
[2025-10-30T15:58:08.337+0530] {processor.py:183} INFO - Processing /home/logi/txtai/venv/lib/python3.10/site-packages/airflow/example_dags/example_complex.py took 0.116 seconds
[2025-10-30T15:59:06.646+0530] {processor.py:161} INFO - Started process (PID=12031) to work on /home/logi/txtai/venv/lib/python3.10/site-packages/airflow/example_dags/example_complex.py
[2025-10-30T15:59:06.659+0530] {processor.py:830} INFO - Processing file /home/logi/txtai/venv/lib/python3.10/site-packages/airflow/example_dags/example_complex.py for tasks to queue
[2025-10-30T15:59:06.662+0530] {logging_mixin.py:188} INFO - [2025-10-30T15:59:06.661+0530] {dagbag.py:545} INFO - Filling up the DagBag from /home/logi/txtai/venv/lib/python3.10/site-packages/airflow/example_dags/example_complex.py
[2025-10-30T15:59:06.680+0530] {processor.py:840} INFO - DAG(s) 'example_complex' retrieved from /home/logi/txtai/venv/lib/python3.10/site-packages/airflow/example_dags/example_complex.py
[2025-10-30T15:59:06.718+0530] {logging_mixin.py:188} INFO - [2025-10-30T15:59:06.718+0530] {dag.py:3089} INFO - Sync 1 DAGs
[2025-10-30T15:59:06.729+0530] {logging_mixin.py:188} INFO - [2025-10-30T15:59:06.728+0530] {dag.py:3947} INFO - Setting next_dagrun for example_complex to None, run_after=None
[2025-10-30T15:59:06.757+0530] {processor.py:183} INFO - Processing /home/logi/txtai/venv/lib/python3.10/site-packages/airflow/example_dags/example_complex.py took 0.122 seconds
[2025-10-30T16:00:02.750+0530] {processor.py:161} INFO - Started process (PID=12216) to work on /home/logi/txtai/venv/lib/python3.10/site-packages/airflow/example_dags/example_complex.py
[2025-10-30T16:00:02.763+0530] {processor.py:830} INFO - Processing file /home/logi/txtai/venv/lib/python3.10/site-packages/airflow/example_dags/example_complex.py for tasks to queue
[2025-10-30T16:00:02.767+0530] {logging_mixin.py:188} INFO - [2025-10-30T16:00:02.766+0530] {dagbag.py:545} INFO - Filling up the DagBag from /home/logi/txtai/venv/lib/python3.10/site-packages/airflow/example_dags/example_complex.py
[2025-10-30T16:00:02.786+0530] {processor.py:840} INFO - DAG(s) 'example_complex' retrieved from /home/logi/txtai/venv/lib/python3.10/site-packages/airflow/example_dags/example_complex.py
[2025-10-30T16:00:02.825+0530] {logging_mixin.py:188} INFO - [2025-10-30T16:00:02.825+0530] {dag.py:3089} INFO - Sync 1 DAGs
[2025-10-30T16:00:02.836+0530] {logging_mixin.py:188} INFO - [2025-10-30T16:00:02.836+0530] {dag.py:3947} INFO - Setting next_dagrun for example_complex to None, run_after=None
[2025-10-30T16:00:02.866+0530] {processor.py:183} INFO - Processing /home/logi/txtai/venv/lib/python3.10/site-packages/airflow/example_dags/example_complex.py took 0.135 seconds
[2025-10-30T16:01:22.710+0530] {processor.py:161} INFO - Started process (PID=12416) to work on /home/logi/txtai/venv/lib/python3.10/site-packages/airflow/example_dags/example_complex.py
[2025-10-30T16:01:22.723+0530] {processor.py:830} INFO - Processing file /home/logi/txtai/venv/lib/python3.10/site-packages/airflow/example_dags/example_complex.py for tasks to queue
[2025-10-30T16:01:22.726+0530] {logging_mixin.py:188} INFO - [2025-10-30T16:01:22.726+0530] {dagbag.py:545} INFO - Filling up the DagBag from /home/logi/txtai/venv/lib/python3.10/site-packages/airflow/example_dags/example_complex.py
[2025-10-30T16:01:22.745+0530] {processor.py:840} INFO - DAG(s) 'example_complex' retrieved from /home/logi/txtai/venv/lib/python3.10/site-packages/airflow/example_dags/example_complex.py
[2025-10-30T16:01:22.781+0530] {logging_mixin.py:188} INFO - [2025-10-30T16:01:22.780+0530] {dag.py:3089} INFO - Sync 1 DAGs
[2025-10-30T16:01:22.791+0530] {logging_mixin.py:188} INFO - [2025-10-30T16:01:22.790+0530] {dag.py:3947} INFO - Setting next_dagrun for example_complex to None, run_after=None
[2025-10-30T16:01:22.817+0530] {processor.py:183} INFO - Processing /home/logi/txtai/venv/lib/python3.10/site-packages/airflow/example_dags/example_complex.py took 0.119 seconds
[2025-10-30T16:02:20.191+0530] {processor.py:161} INFO - Started process (PID=12602) to work on /home/logi/txtai/venv/lib/python3.10/site-packages/airflow/example_dags/example_complex.py
[2025-10-30T16:02:20.205+0530] {processor.py:830} INFO - Processing file /home/logi/txtai/venv/lib/python3.10/site-packages/airflow/example_dags/example_complex.py for tasks to queue
[2025-10-30T16:02:20.209+0530] {logging_mixin.py:188} INFO - [2025-10-30T16:02:20.208+0530] {dagbag.py:545} INFO - Filling up the DagBag from /home/logi/txtai/venv/lib/python3.10/site-packages/airflow/example_dags/example_complex.py
[2025-10-30T16:02:20.225+0530] {processor.py:840} INFO - DAG(s) 'example_complex' retrieved from /home/logi/txtai/venv/lib/python3.10/site-packages/airflow/example_dags/example_complex.py
[2025-10-30T16:02:20.263+0530] {logging_mixin.py:188} INFO - [2025-10-30T16:02:20.263+0530] {dag.py:3089} INFO - Sync 1 DAGs
[2025-10-30T16:02:20.274+0530] {logging_mixin.py:188} INFO - [2025-10-30T16:02:20.274+0530] {dag.py:3947} INFO - Setting next_dagrun for example_complex to None, run_after=None
[2025-10-30T16:02:20.296+0530] {processor.py:183} INFO - Processing /home/logi/txtai/venv/lib/python3.10/site-packages/airflow/example_dags/example_complex.py took 0.117 seconds
[2025-10-30T16:03:18.021+0530] {processor.py:161} INFO - Started process (PID=12745) to work on /home/logi/txtai/venv/lib/python3.10/site-packages/airflow/example_dags/example_complex.py
[2025-10-30T16:03:18.035+0530] {processor.py:830} INFO - Processing file /home/logi/txtai/venv/lib/python3.10/site-packages/airflow/example_dags/example_complex.py for tasks to queue
[2025-10-30T16:03:18.042+0530] {logging_mixin.py:188} INFO - [2025-10-30T16:03:18.040+0530] {dagbag.py:545} INFO - Filling up the DagBag from /home/logi/txtai/venv/lib/python3.10/site-packages/airflow/example_dags/example_complex.py
[2025-10-30T16:03:18.063+0530] {processor.py:840} INFO - DAG(s) 'example_complex' retrieved from /home/logi/txtai/venv/lib/python3.10/site-packages/airflow/example_dags/example_complex.py
[2025-10-30T16:03:18.097+0530] {logging_mixin.py:188} INFO - [2025-10-30T16:03:18.097+0530] {dag.py:3089} INFO - Sync 1 DAGs
[2025-10-30T16:03:18.108+0530] {logging_mixin.py:188} INFO - [2025-10-30T16:03:18.107+0530] {dag.py:3947} INFO - Setting next_dagrun for example_complex to None, run_after=None
[2025-10-30T16:03:18.130+0530] {processor.py:183} INFO - Processing /home/logi/txtai/venv/lib/python3.10/site-packages/airflow/example_dags/example_complex.py took 0.120 seconds
[2025-10-30T16:04:16.087+0530] {processor.py:161} INFO - Started process (PID=12878) to work on /home/logi/txtai/venv/lib/python3.10/site-packages/airflow/example_dags/example_complex.py
[2025-10-30T16:04:16.089+0530] {processor.py:830} INFO - Processing file /home/logi/txtai/venv/lib/python3.10/site-packages/airflow/example_dags/example_complex.py for tasks to queue
[2025-10-30T16:04:16.090+0530] {logging_mixin.py:188} INFO - [2025-10-30T16:04:16.090+0530] {dagbag.py:545} INFO - Filling up the DagBag from /home/logi/txtai/venv/lib/python3.10/site-packages/airflow/example_dags/example_complex.py
[2025-10-30T16:04:16.098+0530] {processor.py:840} INFO - DAG(s) 'example_complex' retrieved from /home/logi/txtai/venv/lib/python3.10/site-packages/airflow/example_dags/example_complex.py
[2025-10-30T16:04:16.118+0530] {logging_mixin.py:188} INFO - [2025-10-30T16:04:16.118+0530] {dag.py:3089} INFO - Sync 1 DAGs
[2025-10-30T16:04:16.126+0530] {logging_mixin.py:188} INFO - [2025-10-30T16:04:16.126+0530] {dag.py:3947} INFO - Setting next_dagrun for example_complex to None, run_after=None
[2025-10-30T16:04:16.145+0530] {processor.py:183} INFO - Processing /home/logi/txtai/venv/lib/python3.10/site-packages/airflow/example_dags/example_complex.py took 0.063 seconds
[2025-10-30T16:05:12.845+0530] {processor.py:161} INFO - Started process (PID=13047) to work on /home/logi/txtai/venv/lib/python3.10/site-packages/airflow/example_dags/example_complex.py
[2025-10-30T16:05:12.858+0530] {processor.py:830} INFO - Processing file /home/logi/txtai/venv/lib/python3.10/site-packages/airflow/example_dags/example_complex.py for tasks to queue
[2025-10-30T16:05:12.861+0530] {logging_mixin.py:188} INFO - [2025-10-30T16:05:12.861+0530] {dagbag.py:545} INFO - Filling up the DagBag from /home/logi/txtai/venv/lib/python3.10/site-packages/airflow/example_dags/example_complex.py
[2025-10-30T16:05:12.880+0530] {processor.py:840} INFO - DAG(s) 'example_complex' retrieved from /home/logi/txtai/venv/lib/python3.10/site-packages/airflow/example_dags/example_complex.py
[2025-10-30T16:05:12.917+0530] {logging_mixin.py:188} INFO - [2025-10-30T16:05:12.916+0530] {dag.py:3089} INFO - Sync 1 DAGs
[2025-10-30T16:05:12.926+0530] {logging_mixin.py:188} INFO - [2025-10-30T16:05:12.926+0530] {dag.py:3947} INFO - Setting next_dagrun for example_complex to None, run_after=None
[2025-10-30T16:05:12.946+0530] {processor.py:183} INFO - Processing /home/logi/txtai/venv/lib/python3.10/site-packages/airflow/example_dags/example_complex.py took 0.113 seconds
[2025-10-30T16:06:06.503+0530] {processor.py:161} INFO - Started process (PID=13148) to work on /home/logi/txtai/venv/lib/python3.10/site-packages/airflow/example_dags/example_complex.py
[2025-10-30T16:06:06.517+0530] {processor.py:830} INFO - Processing file /home/logi/txtai/venv/lib/python3.10/site-packages/airflow/example_dags/example_complex.py for tasks to queue
[2025-10-30T16:06:06.521+0530] {logging_mixin.py:188} INFO - [2025-10-30T16:06:06.520+0530] {dagbag.py:545} INFO - Filling up the DagBag from /home/logi/txtai/venv/lib/python3.10/site-packages/airflow/example_dags/example_complex.py
[2025-10-30T16:06:06.541+0530] {processor.py:840} INFO - DAG(s) 'example_complex' retrieved from /home/logi/txtai/venv/lib/python3.10/site-packages/airflow/example_dags/example_complex.py
[2025-10-30T16:06:06.581+0530] {logging_mixin.py:188} INFO - [2025-10-30T16:06:06.580+0530] {dag.py:3089} INFO - Sync 1 DAGs
[2025-10-30T16:06:06.618+0530] {logging_mixin.py:188} INFO - [2025-10-30T16:06:06.617+0530] {dag.py:3947} INFO - Setting next_dagrun for example_complex to None, run_after=None
[2025-10-30T16:06:06.658+0530] {processor.py:183} INFO - Processing /home/logi/txtai/venv/lib/python3.10/site-packages/airflow/example_dags/example_complex.py took 0.168 seconds
[2025-10-30T16:07:25.169+0530] {processor.py:161} INFO - Started process (PID=13274) to work on /home/logi/txtai/venv/lib/python3.10/site-packages/airflow/example_dags/example_complex.py
[2025-10-30T16:07:25.172+0530] {processor.py:830} INFO - Processing file /home/logi/txtai/venv/lib/python3.10/site-packages/airflow/example_dags/example_complex.py for tasks to queue
[2025-10-30T16:07:25.175+0530] {logging_mixin.py:188} INFO - [2025-10-30T16:07:25.174+0530] {dagbag.py:545} INFO - Filling up the DagBag from /home/logi/txtai/venv/lib/python3.10/site-packages/airflow/example_dags/example_complex.py
[2025-10-30T16:07:25.188+0530] {processor.py:840} INFO - DAG(s) 'example_complex' retrieved from /home/logi/txtai/venv/lib/python3.10/site-packages/airflow/example_dags/example_complex.py
[2025-10-30T16:07:25.250+0530] {logging_mixin.py:188} INFO - [2025-10-30T16:07:25.249+0530] {dag.py:3089} INFO - Sync 1 DAGs
[2025-10-30T16:07:25.277+0530] {logging_mixin.py:188} INFO - [2025-10-30T16:07:25.275+0530] {dag.py:3947} INFO - Setting next_dagrun for example_complex to None, run_after=None
[2025-10-30T16:07:25.338+0530] {processor.py:183} INFO - Processing /home/logi/txtai/venv/lib/python3.10/site-packages/airflow/example_dags/example_complex.py took 0.184 seconds
[2025-10-30T16:08:38.967+0530] {processor.py:161} INFO - Started process (PID=13374) to work on /home/logi/txtai/venv/lib/python3.10/site-packages/airflow/example_dags/example_complex.py
[2025-10-30T16:08:38.981+0530] {processor.py:830} INFO - Processing file /home/logi/txtai/venv/lib/python3.10/site-packages/airflow/example_dags/example_complex.py for tasks to queue
[2025-10-30T16:08:38.984+0530] {logging_mixin.py:188} INFO - [2025-10-30T16:08:38.983+0530] {dagbag.py:545} INFO - Filling up the DagBag from /home/logi/txtai/venv/lib/python3.10/site-packages/airflow/example_dags/example_complex.py
[2025-10-30T16:08:39.002+0530] {processor.py:840} INFO - DAG(s) 'example_complex' retrieved from /home/logi/txtai/venv/lib/python3.10/site-packages/airflow/example_dags/example_complex.py
[2025-10-30T16:08:39.038+0530] {logging_mixin.py:188} INFO - [2025-10-30T16:08:39.038+0530] {dag.py:3089} INFO - Sync 1 DAGs
[2025-10-30T16:08:39.048+0530] {logging_mixin.py:188} INFO - [2025-10-30T16:08:39.047+0530] {dag.py:3947} INFO - Setting next_dagrun for example_complex to None, run_after=None
[2025-10-30T16:08:39.068+0530] {processor.py:183} INFO - Processing /home/logi/txtai/venv/lib/python3.10/site-packages/airflow/example_dags/example_complex.py took 0.112 seconds
[2025-10-30T16:09:35.767+0530] {processor.py:161} INFO - Started process (PID=13534) to work on /home/logi/txtai/venv/lib/python3.10/site-packages/airflow/example_dags/example_complex.py
[2025-10-30T16:09:35.781+0530] {processor.py:830} INFO - Processing file /home/logi/txtai/venv/lib/python3.10/site-packages/airflow/example_dags/example_complex.py for tasks to queue
[2025-10-30T16:09:35.784+0530] {logging_mixin.py:188} INFO - [2025-10-30T16:09:35.783+0530] {dagbag.py:545} INFO - Filling up the DagBag from /home/logi/txtai/venv/lib/python3.10/site-packages/airflow/example_dags/example_complex.py
[2025-10-30T16:09:35.803+0530] {processor.py:840} INFO - DAG(s) 'example_complex' retrieved from /home/logi/txtai/venv/lib/python3.10/site-packages/airflow/example_dags/example_complex.py
[2025-10-30T16:09:35.840+0530] {logging_mixin.py:188} INFO - [2025-10-30T16:09:35.839+0530] {dag.py:3089} INFO - Sync 1 DAGs
[2025-10-30T16:09:35.850+0530] {logging_mixin.py:188} INFO - [2025-10-30T16:09:35.850+0530] {dag.py:3947} INFO - Setting next_dagrun for example_complex to None, run_after=None
[2025-10-30T16:09:35.872+0530] {processor.py:183} INFO - Processing /home/logi/txtai/venv/lib/python3.10/site-packages/airflow/example_dags/example_complex.py took 0.116 seconds
[2025-10-30T16:10:31.055+0530] {processor.py:161} INFO - Started process (PID=13646) to work on /home/logi/txtai/venv/lib/python3.10/site-packages/airflow/example_dags/example_complex.py
[2025-10-30T16:10:31.070+0530] {processor.py:830} INFO - Processing file /home/logi/txtai/venv/lib/python3.10/site-packages/airflow/example_dags/example_complex.py for tasks to queue
[2025-10-30T16:10:31.073+0530] {logging_mixin.py:188} INFO - [2025-10-30T16:10:31.072+0530] {dagbag.py:545} INFO - Filling up the DagBag from /home/logi/txtai/venv/lib/python3.10/site-packages/airflow/example_dags/example_complex.py
[2025-10-30T16:10:31.094+0530] {processor.py:840} INFO - DAG(s) 'example_complex' retrieved from /home/logi/txtai/venv/lib/python3.10/site-packages/airflow/example_dags/example_complex.py
[2025-10-30T16:10:31.132+0530] {logging_mixin.py:188} INFO - [2025-10-30T16:10:31.132+0530] {dag.py:3089} INFO - Sync 1 DAGs
[2025-10-30T16:10:31.144+0530] {logging_mixin.py:188} INFO - [2025-10-30T16:10:31.143+0530] {dag.py:3947} INFO - Setting next_dagrun for example_complex to None, run_after=None
[2025-10-30T16:10:31.165+0530] {processor.py:183} INFO - Processing /home/logi/txtai/venv/lib/python3.10/site-packages/airflow/example_dags/example_complex.py took 0.123 seconds
[2025-10-30T16:11:50.737+0530] {processor.py:161} INFO - Started process (PID=13813) to work on /home/logi/txtai/venv/lib/python3.10/site-packages/airflow/example_dags/example_complex.py
[2025-10-30T16:11:50.750+0530] {processor.py:830} INFO - Processing file /home/logi/txtai/venv/lib/python3.10/site-packages/airflow/example_dags/example_complex.py for tasks to queue
[2025-10-30T16:11:50.754+0530] {logging_mixin.py:188} INFO - [2025-10-30T16:11:50.753+0530] {dagbag.py:545} INFO - Filling up the DagBag from /home/logi/txtai/venv/lib/python3.10/site-packages/airflow/example_dags/example_complex.py
[2025-10-30T16:11:50.772+0530] {processor.py:840} INFO - DAG(s) 'example_complex' retrieved from /home/logi/txtai/venv/lib/python3.10/site-packages/airflow/example_dags/example_complex.py
[2025-10-30T16:11:50.812+0530] {logging_mixin.py:188} INFO - [2025-10-30T16:11:50.811+0530] {dag.py:3089} INFO - Sync 1 DAGs
[2025-10-30T16:11:50.823+0530] {logging_mixin.py:188} INFO - [2025-10-30T16:11:50.822+0530] {dag.py:3947} INFO - Setting next_dagrun for example_complex to None, run_after=None
[2025-10-30T16:11:50.844+0530] {processor.py:183} INFO - Processing /home/logi/txtai/venv/lib/python3.10/site-packages/airflow/example_dags/example_complex.py took 0.118 seconds
[2025-10-30T16:13:04.398+0530] {processor.py:161} INFO - Started process (PID=13946) to work on /home/logi/txtai/venv/lib/python3.10/site-packages/airflow/example_dags/example_complex.py
[2025-10-30T16:13:04.400+0530] {processor.py:830} INFO - Processing file /home/logi/txtai/venv/lib/python3.10/site-packages/airflow/example_dags/example_complex.py for tasks to queue
[2025-10-30T16:13:04.403+0530] {logging_mixin.py:188} INFO - [2025-10-30T16:13:04.402+0530] {dagbag.py:545} INFO - Filling up the DagBag from /home/logi/txtai/venv/lib/python3.10/site-packages/airflow/example_dags/example_complex.py
[2025-10-30T16:13:04.423+0530] {processor.py:840} INFO - DAG(s) 'example_complex' retrieved from /home/logi/txtai/venv/lib/python3.10/site-packages/airflow/example_dags/example_complex.py
[2025-10-30T16:13:04.464+0530] {logging_mixin.py:188} INFO - [2025-10-30T16:13:04.464+0530] {dag.py:3089} INFO - Sync 1 DAGs
[2025-10-30T16:13:04.476+0530] {logging_mixin.py:188} INFO - [2025-10-30T16:13:04.475+0530] {dag.py:3947} INFO - Setting next_dagrun for example_complex to None, run_after=None
[2025-10-30T16:13:04.496+0530] {processor.py:183} INFO - Processing /home/logi/txtai/venv/lib/python3.10/site-packages/airflow/example_dags/example_complex.py took 0.116 seconds
[2025-10-30T16:13:56.671+0530] {processor.py:161} INFO - Started process (PID=14085) to work on /home/logi/txtai/venv/lib/python3.10/site-packages/airflow/example_dags/example_complex.py
[2025-10-30T16:13:56.688+0530] {processor.py:830} INFO - Processing file /home/logi/txtai/venv/lib/python3.10/site-packages/airflow/example_dags/example_complex.py for tasks to queue
[2025-10-30T16:13:56.690+0530] {logging_mixin.py:188} INFO - [2025-10-30T16:13:56.690+0530] {dagbag.py:545} INFO - Filling up the DagBag from /home/logi/txtai/venv/lib/python3.10/site-packages/airflow/example_dags/example_complex.py
[2025-10-30T16:13:56.712+0530] {processor.py:840} INFO - DAG(s) 'example_complex' retrieved from /home/logi/txtai/venv/lib/python3.10/site-packages/airflow/example_dags/example_complex.py
[2025-10-30T16:13:56.745+0530] {logging_mixin.py:188} INFO - [2025-10-30T16:13:56.744+0530] {dag.py:3089} INFO - Sync 1 DAGs
[2025-10-30T16:13:56.759+0530] {logging_mixin.py:188} INFO - [2025-10-30T16:13:56.759+0530] {dag.py:3947} INFO - Setting next_dagrun for example_complex to None, run_after=None
[2025-10-30T16:13:56.781+0530] {processor.py:183} INFO - Processing /home/logi/txtai/venv/lib/python3.10/site-packages/airflow/example_dags/example_complex.py took 0.131 seconds
[2025-10-30T16:15:06.553+0530] {processor.py:161} INFO - Started process (PID=14243) to work on /home/logi/txtai/venv/lib/python3.10/site-packages/airflow/example_dags/example_complex.py
[2025-10-30T16:15:06.567+0530] {processor.py:830} INFO - Processing file /home/logi/txtai/venv/lib/python3.10/site-packages/airflow/example_dags/example_complex.py for tasks to queue
[2025-10-30T16:15:06.570+0530] {logging_mixin.py:188} INFO - [2025-10-30T16:15:06.569+0530] {dagbag.py:545} INFO - Filling up the DagBag from /home/logi/txtai/venv/lib/python3.10/site-packages/airflow/example_dags/example_complex.py
[2025-10-30T16:15:06.588+0530] {processor.py:840} INFO - DAG(s) 'example_complex' retrieved from /home/logi/txtai/venv/lib/python3.10/site-packages/airflow/example_dags/example_complex.py
[2025-10-30T16:15:06.624+0530] {logging_mixin.py:188} INFO - [2025-10-30T16:15:06.624+0530] {dag.py:3089} INFO - Sync 1 DAGs
[2025-10-30T16:15:06.634+0530] {logging_mixin.py:188} INFO - [2025-10-30T16:15:06.633+0530] {dag.py:3947} INFO - Setting next_dagrun for example_complex to None, run_after=None
[2025-10-30T16:15:06.654+0530] {processor.py:183} INFO - Processing /home/logi/txtai/venv/lib/python3.10/site-packages/airflow/example_dags/example_complex.py took 0.112 seconds
[2025-10-30T16:16:01.427+0530] {processor.py:161} INFO - Started process (PID=14343) to work on /home/logi/txtai/venv/lib/python3.10/site-packages/airflow/example_dags/example_complex.py
[2025-10-30T16:16:01.442+0530] {processor.py:830} INFO - Processing file /home/logi/txtai/venv/lib/python3.10/site-packages/airflow/example_dags/example_complex.py for tasks to queue
[2025-10-30T16:16:01.444+0530] {logging_mixin.py:188} INFO - [2025-10-30T16:16:01.444+0530] {dagbag.py:545} INFO - Filling up the DagBag from /home/logi/txtai/venv/lib/python3.10/site-packages/airflow/example_dags/example_complex.py
[2025-10-30T16:16:01.462+0530] {processor.py:840} INFO - DAG(s) 'example_complex' retrieved from /home/logi/txtai/venv/lib/python3.10/site-packages/airflow/example_dags/example_complex.py
[2025-10-30T16:16:01.498+0530] {logging_mixin.py:188} INFO - [2025-10-30T16:16:01.498+0530] {dag.py:3089} INFO - Sync 1 DAGs
[2025-10-30T16:16:01.512+0530] {logging_mixin.py:188} INFO - [2025-10-30T16:16:01.512+0530] {dag.py:3947} INFO - Setting next_dagrun for example_complex to None, run_after=None
[2025-10-30T16:16:01.546+0530] {processor.py:183} INFO - Processing /home/logi/txtai/venv/lib/python3.10/site-packages/airflow/example_dags/example_complex.py took 0.129 seconds
[2025-10-30T16:16:56.571+0530] {processor.py:161} INFO - Started process (PID=14416) to work on /home/logi/txtai/venv/lib/python3.10/site-packages/airflow/example_dags/example_complex.py
[2025-10-30T16:16:56.585+0530] {processor.py:830} INFO - Processing file /home/logi/txtai/venv/lib/python3.10/site-packages/airflow/example_dags/example_complex.py for tasks to queue
[2025-10-30T16:16:56.588+0530] {logging_mixin.py:188} INFO - [2025-10-30T16:16:56.588+0530] {dagbag.py:545} INFO - Filling up the DagBag from /home/logi/txtai/venv/lib/python3.10/site-packages/airflow/example_dags/example_complex.py
[2025-10-30T16:16:56.607+0530] {processor.py:840} INFO - DAG(s) 'example_complex' retrieved from /home/logi/txtai/venv/lib/python3.10/site-packages/airflow/example_dags/example_complex.py
[2025-10-30T16:16:56.644+0530] {logging_mixin.py:188} INFO - [2025-10-30T16:16:56.644+0530] {dag.py:3089} INFO - Sync 1 DAGs
[2025-10-30T16:16:56.655+0530] {logging_mixin.py:188} INFO - [2025-10-30T16:16:56.655+0530] {dag.py:3947} INFO - Setting next_dagrun for example_complex to None, run_after=None
[2025-10-30T16:16:56.683+0530] {processor.py:183} INFO - Processing /home/logi/txtai/venv/lib/python3.10/site-packages/airflow/example_dags/example_complex.py took 0.125 seconds
[2025-10-30T16:17:49.317+0530] {processor.py:161} INFO - Started process (PID=14500) to work on /home/logi/txtai/venv/lib/python3.10/site-packages/airflow/example_dags/example_complex.py
[2025-10-30T16:17:49.330+0530] {processor.py:830} INFO - Processing file /home/logi/txtai/venv/lib/python3.10/site-packages/airflow/example_dags/example_complex.py for tasks to queue
[2025-10-30T16:17:49.333+0530] {logging_mixin.py:188} INFO - [2025-10-30T16:17:49.332+0530] {dagbag.py:545} INFO - Filling up the DagBag from /home/logi/txtai/venv/lib/python3.10/site-packages/airflow/example_dags/example_complex.py
[2025-10-30T16:17:49.352+0530] {processor.py:840} INFO - DAG(s) 'example_complex' retrieved from /home/logi/txtai/venv/lib/python3.10/site-packages/airflow/example_dags/example_complex.py
[2025-10-30T16:17:49.389+0530] {logging_mixin.py:188} INFO - [2025-10-30T16:17:49.389+0530] {dag.py:3089} INFO - Sync 1 DAGs
[2025-10-30T16:17:49.399+0530] {logging_mixin.py:188} INFO - [2025-10-30T16:17:49.399+0530] {dag.py:3947} INFO - Setting next_dagrun for example_complex to None, run_after=None
[2025-10-30T16:17:49.426+0530] {processor.py:183} INFO - Processing /home/logi/txtai/venv/lib/python3.10/site-packages/airflow/example_dags/example_complex.py took 0.121 seconds
[2025-10-30T16:19:09.085+0530] {processor.py:161} INFO - Started process (PID=14643) to work on /home/logi/txtai/venv/lib/python3.10/site-packages/airflow/example_dags/example_complex.py
[2025-10-30T16:19:09.087+0530] {processor.py:830} INFO - Processing file /home/logi/txtai/venv/lib/python3.10/site-packages/airflow/example_dags/example_complex.py for tasks to queue
[2025-10-30T16:19:09.090+0530] {logging_mixin.py:188} INFO - [2025-10-30T16:19:09.089+0530] {dagbag.py:545} INFO - Filling up the DagBag from /home/logi/txtai/venv/lib/python3.10/site-packages/airflow/example_dags/example_complex.py
[2025-10-30T16:19:09.108+0530] {processor.py:840} INFO - DAG(s) 'example_complex' retrieved from /home/logi/txtai/venv/lib/python3.10/site-packages/airflow/example_dags/example_complex.py
[2025-10-30T16:19:09.135+0530] {logging_mixin.py:188} INFO - [2025-10-30T16:19:09.134+0530] {dag.py:3089} INFO - Sync 1 DAGs
[2025-10-30T16:19:09.144+0530] {logging_mixin.py:188} INFO - [2025-10-30T16:19:09.144+0530] {dag.py:3947} INFO - Setting next_dagrun for example_complex to None, run_after=None
[2025-10-30T16:19:09.165+0530] {processor.py:183} INFO - Processing /home/logi/txtai/venv/lib/python3.10/site-packages/airflow/example_dags/example_complex.py took 0.090 seconds
