[2025-10-30T13:24:05.137+0530] {processor.py:161} INFO - Started process (PID=14466) to work on /home/logi/txtai/venv/lib/python3.10/site-packages/airflow/example_dags/example_branch_labels.py
[2025-10-30T13:24:05.138+0530] {processor.py:830} INFO - Processing file /home/logi/txtai/venv/lib/python3.10/site-packages/airflow/example_dags/example_branch_labels.py for tasks to queue
[2025-10-30T13:24:05.139+0530] {logging_mixin.py:188} INFO - [2025-10-30T13:24:05.139+0530] {dagbag.py:545} INFO - Filling up the DagBag from /home/logi/txtai/venv/lib/python3.10/site-packages/airflow/example_dags/example_branch_labels.py
[2025-10-30T13:24:05.147+0530] {processor.py:840} INFO - DAG(s) 'example_branch_labels' retrieved from /home/logi/txtai/venv/lib/python3.10/site-packages/airflow/example_dags/example_branch_labels.py
[2025-10-30T13:24:05.242+0530] {logging_mixin.py:188} INFO - [2025-10-30T13:24:05.241+0530] {override.py:1858} INFO - Created Permission View: can delete on DAG:example_branch_labels
[2025-10-30T13:24:05.250+0530] {logging_mixin.py:188} INFO - [2025-10-30T13:24:05.250+0530] {override.py:1858} INFO - Created Permission View: can read on DAG:example_branch_labels
[2025-10-30T13:24:05.256+0530] {logging_mixin.py:188} INFO - [2025-10-30T13:24:05.256+0530] {override.py:1858} INFO - Created Permission View: can edit on DAG:example_branch_labels
[2025-10-30T13:24:05.256+0530] {logging_mixin.py:188} INFO - [2025-10-30T13:24:05.256+0530] {dag.py:3089} INFO - Sync 1 DAGs
[2025-10-30T13:24:05.264+0530] {logging_mixin.py:188} INFO - [2025-10-30T13:24:05.264+0530] {dag.py:3111} INFO - Creating ORM DAG for example_branch_labels
[2025-10-30T13:24:05.272+0530] {logging_mixin.py:188} INFO - [2025-10-30T13:24:05.271+0530] {dag.py:3947} INFO - Setting next_dagrun for example_branch_labels to 2025-10-29 00:00:00+00:00, run_after=2025-10-30 00:00:00+00:00
[2025-10-30T13:24:05.285+0530] {processor.py:183} INFO - Processing /home/logi/txtai/venv/lib/python3.10/site-packages/airflow/example_dags/example_branch_labels.py took 0.154 seconds
[2025-10-30T13:24:58.459+0530] {processor.py:161} INFO - Started process (PID=14749) to work on /home/logi/txtai/venv/lib/python3.10/site-packages/airflow/example_dags/example_branch_labels.py
[2025-10-30T13:24:58.472+0530] {processor.py:830} INFO - Processing file /home/logi/txtai/venv/lib/python3.10/site-packages/airflow/example_dags/example_branch_labels.py for tasks to queue
[2025-10-30T13:24:58.475+0530] {logging_mixin.py:188} INFO - [2025-10-30T13:24:58.475+0530] {dagbag.py:545} INFO - Filling up the DagBag from /home/logi/txtai/venv/lib/python3.10/site-packages/airflow/example_dags/example_branch_labels.py
[2025-10-30T13:24:58.488+0530] {processor.py:840} INFO - DAG(s) 'example_branch_labels' retrieved from /home/logi/txtai/venv/lib/python3.10/site-packages/airflow/example_dags/example_branch_labels.py
[2025-10-30T13:24:58.519+0530] {logging_mixin.py:188} INFO - [2025-10-30T13:24:58.518+0530] {dag.py:3089} INFO - Sync 1 DAGs
[2025-10-30T13:24:58.542+0530] {logging_mixin.py:188} INFO - [2025-10-30T13:24:58.541+0530] {dag.py:3947} INFO - Setting next_dagrun for example_branch_labels to 2025-10-29 00:00:00+00:00, run_after=2025-10-30 00:00:00+00:00
[2025-10-30T13:24:58.558+0530] {processor.py:183} INFO - Processing /home/logi/txtai/venv/lib/python3.10/site-packages/airflow/example_dags/example_branch_labels.py took 0.109 seconds
[2025-10-30T13:26:06.025+0530] {processor.py:161} INFO - Started process (PID=14848) to work on /home/logi/txtai/venv/lib/python3.10/site-packages/airflow/example_dags/example_branch_labels.py
[2025-10-30T13:26:06.038+0530] {processor.py:830} INFO - Processing file /home/logi/txtai/venv/lib/python3.10/site-packages/airflow/example_dags/example_branch_labels.py for tasks to queue
[2025-10-30T13:26:06.041+0530] {logging_mixin.py:188} INFO - [2025-10-30T13:26:06.040+0530] {dagbag.py:545} INFO - Filling up the DagBag from /home/logi/txtai/venv/lib/python3.10/site-packages/airflow/example_dags/example_branch_labels.py
[2025-10-30T13:26:06.048+0530] {processor.py:840} INFO - DAG(s) 'example_branch_labels' retrieved from /home/logi/txtai/venv/lib/python3.10/site-packages/airflow/example_dags/example_branch_labels.py
[2025-10-30T13:26:06.062+0530] {logging_mixin.py:188} INFO - [2025-10-30T13:26:06.062+0530] {dag.py:3089} INFO - Sync 1 DAGs
[2025-10-30T13:26:06.079+0530] {logging_mixin.py:188} INFO - [2025-10-30T13:26:06.079+0530] {dag.py:3947} INFO - Setting next_dagrun for example_branch_labels to 2025-10-29 00:00:00+00:00, run_after=2025-10-30 00:00:00+00:00
[2025-10-30T13:26:06.096+0530] {processor.py:183} INFO - Processing /home/logi/txtai/venv/lib/python3.10/site-packages/airflow/example_dags/example_branch_labels.py took 0.076 seconds
[2025-10-30T13:27:12.711+0530] {processor.py:161} INFO - Started process (PID=14929) to work on /home/logi/txtai/venv/lib/python3.10/site-packages/airflow/example_dags/example_branch_labels.py
[2025-10-30T13:27:12.724+0530] {processor.py:830} INFO - Processing file /home/logi/txtai/venv/lib/python3.10/site-packages/airflow/example_dags/example_branch_labels.py for tasks to queue
[2025-10-30T13:27:12.725+0530] {logging_mixin.py:188} INFO - [2025-10-30T13:27:12.725+0530] {dagbag.py:545} INFO - Filling up the DagBag from /home/logi/txtai/venv/lib/python3.10/site-packages/airflow/example_dags/example_branch_labels.py
[2025-10-30T13:27:12.732+0530] {processor.py:840} INFO - DAG(s) 'example_branch_labels' retrieved from /home/logi/txtai/venv/lib/python3.10/site-packages/airflow/example_dags/example_branch_labels.py
[2025-10-30T13:27:12.747+0530] {logging_mixin.py:188} INFO - [2025-10-30T13:27:12.746+0530] {dag.py:3089} INFO - Sync 1 DAGs
[2025-10-30T13:27:12.763+0530] {logging_mixin.py:188} INFO - [2025-10-30T13:27:12.762+0530] {dag.py:3947} INFO - Setting next_dagrun for example_branch_labels to 2025-10-29 00:00:00+00:00, run_after=2025-10-30 00:00:00+00:00
[2025-10-30T13:27:12.782+0530] {processor.py:183} INFO - Processing /home/logi/txtai/venv/lib/python3.10/site-packages/airflow/example_dags/example_branch_labels.py took 0.078 seconds
[2025-10-30T13:28:18.869+0530] {processor.py:161} INFO - Started process (PID=15062) to work on /home/logi/txtai/venv/lib/python3.10/site-packages/airflow/example_dags/example_branch_labels.py
[2025-10-30T13:28:18.882+0530] {processor.py:830} INFO - Processing file /home/logi/txtai/venv/lib/python3.10/site-packages/airflow/example_dags/example_branch_labels.py for tasks to queue
[2025-10-30T13:28:18.884+0530] {logging_mixin.py:188} INFO - [2025-10-30T13:28:18.884+0530] {dagbag.py:545} INFO - Filling up the DagBag from /home/logi/txtai/venv/lib/python3.10/site-packages/airflow/example_dags/example_branch_labels.py
[2025-10-30T13:28:18.891+0530] {processor.py:840} INFO - DAG(s) 'example_branch_labels' retrieved from /home/logi/txtai/venv/lib/python3.10/site-packages/airflow/example_dags/example_branch_labels.py
[2025-10-30T13:28:18.905+0530] {logging_mixin.py:188} INFO - [2025-10-30T13:28:18.905+0530] {dag.py:3089} INFO - Sync 1 DAGs
[2025-10-30T13:28:18.920+0530] {logging_mixin.py:188} INFO - [2025-10-30T13:28:18.920+0530] {dag.py:3947} INFO - Setting next_dagrun for example_branch_labels to 2025-10-29 00:00:00+00:00, run_after=2025-10-30 00:00:00+00:00
[2025-10-30T13:28:18.937+0530] {processor.py:183} INFO - Processing /home/logi/txtai/venv/lib/python3.10/site-packages/airflow/example_dags/example_branch_labels.py took 0.073 seconds
[2025-10-30T13:29:27.257+0530] {processor.py:161} INFO - Started process (PID=15145) to work on /home/logi/txtai/venv/lib/python3.10/site-packages/airflow/example_dags/example_branch_labels.py
[2025-10-30T13:29:27.271+0530] {processor.py:830} INFO - Processing file /home/logi/txtai/venv/lib/python3.10/site-packages/airflow/example_dags/example_branch_labels.py for tasks to queue
[2025-10-30T13:29:27.274+0530] {logging_mixin.py:188} INFO - [2025-10-30T13:29:27.273+0530] {dagbag.py:545} INFO - Filling up the DagBag from /home/logi/txtai/venv/lib/python3.10/site-packages/airflow/example_dags/example_branch_labels.py
[2025-10-30T13:29:27.288+0530] {processor.py:840} INFO - DAG(s) 'example_branch_labels' retrieved from /home/logi/txtai/venv/lib/python3.10/site-packages/airflow/example_dags/example_branch_labels.py
[2025-10-30T13:29:27.315+0530] {logging_mixin.py:188} INFO - [2025-10-30T13:29:27.314+0530] {dag.py:3089} INFO - Sync 1 DAGs
[2025-10-30T13:29:27.334+0530] {logging_mixin.py:188} INFO - [2025-10-30T13:29:27.334+0530] {dag.py:3947} INFO - Setting next_dagrun for example_branch_labels to 2025-10-29 00:00:00+00:00, run_after=2025-10-30 00:00:00+00:00
[2025-10-30T13:29:27.360+0530] {processor.py:183} INFO - Processing /home/logi/txtai/venv/lib/python3.10/site-packages/airflow/example_dags/example_branch_labels.py took 0.116 seconds
[2025-10-30T13:30:32.544+0530] {processor.py:161} INFO - Started process (PID=15262) to work on /home/logi/txtai/venv/lib/python3.10/site-packages/airflow/example_dags/example_branch_labels.py
[2025-10-30T13:30:32.558+0530] {processor.py:830} INFO - Processing file /home/logi/txtai/venv/lib/python3.10/site-packages/airflow/example_dags/example_branch_labels.py for tasks to queue
[2025-10-30T13:30:32.560+0530] {logging_mixin.py:188} INFO - [2025-10-30T13:30:32.559+0530] {dagbag.py:545} INFO - Filling up the DagBag from /home/logi/txtai/venv/lib/python3.10/site-packages/airflow/example_dags/example_branch_labels.py
[2025-10-30T13:30:32.567+0530] {processor.py:840} INFO - DAG(s) 'example_branch_labels' retrieved from /home/logi/txtai/venv/lib/python3.10/site-packages/airflow/example_dags/example_branch_labels.py
[2025-10-30T13:30:32.582+0530] {logging_mixin.py:188} INFO - [2025-10-30T13:30:32.581+0530] {dag.py:3089} INFO - Sync 1 DAGs
[2025-10-30T13:30:32.597+0530] {logging_mixin.py:188} INFO - [2025-10-30T13:30:32.597+0530] {dag.py:3947} INFO - Setting next_dagrun for example_branch_labels to 2025-10-29 00:00:00+00:00, run_after=2025-10-30 00:00:00+00:00
[2025-10-30T13:30:32.614+0530] {processor.py:183} INFO - Processing /home/logi/txtai/venv/lib/python3.10/site-packages/airflow/example_dags/example_branch_labels.py took 0.081 seconds
[2025-10-30T15:05:10.949+0530] {processor.py:161} INFO - Started process (PID=5843) to work on /home/logi/txtai/venv/lib/python3.10/site-packages/airflow/example_dags/example_branch_labels.py
[2025-10-30T15:05:10.953+0530] {processor.py:830} INFO - Processing file /home/logi/txtai/venv/lib/python3.10/site-packages/airflow/example_dags/example_branch_labels.py for tasks to queue
[2025-10-30T15:05:10.956+0530] {logging_mixin.py:188} INFO - [2025-10-30T15:05:10.956+0530] {dagbag.py:545} INFO - Filling up the DagBag from /home/logi/txtai/venv/lib/python3.10/site-packages/airflow/example_dags/example_branch_labels.py
[2025-10-30T15:05:10.973+0530] {processor.py:840} INFO - DAG(s) 'example_branch_labels' retrieved from /home/logi/txtai/venv/lib/python3.10/site-packages/airflow/example_dags/example_branch_labels.py
[2025-10-30T15:05:10.998+0530] {logging_mixin.py:188} INFO - [2025-10-30T15:05:10.997+0530] {dag.py:3089} INFO - Sync 1 DAGs
[2025-10-30T15:05:11.021+0530] {logging_mixin.py:188} INFO - [2025-10-30T15:05:11.021+0530] {dag.py:3947} INFO - Setting next_dagrun for example_branch_labels to 2025-10-29 00:00:00+00:00, run_after=2025-10-30 00:00:00+00:00
[2025-10-30T15:05:11.047+0530] {processor.py:183} INFO - Processing /home/logi/txtai/venv/lib/python3.10/site-packages/airflow/example_dags/example_branch_labels.py took 0.113 seconds
[2025-10-30T15:06:06.913+0530] {processor.py:161} INFO - Started process (PID=5937) to work on /home/logi/txtai/venv/lib/python3.10/site-packages/airflow/example_dags/example_branch_labels.py
[2025-10-30T15:06:06.926+0530] {processor.py:830} INFO - Processing file /home/logi/txtai/venv/lib/python3.10/site-packages/airflow/example_dags/example_branch_labels.py for tasks to queue
[2025-10-30T15:06:06.929+0530] {logging_mixin.py:188} INFO - [2025-10-30T15:06:06.929+0530] {dagbag.py:545} INFO - Filling up the DagBag from /home/logi/txtai/venv/lib/python3.10/site-packages/airflow/example_dags/example_branch_labels.py
[2025-10-30T15:06:06.944+0530] {processor.py:840} INFO - DAG(s) 'example_branch_labels' retrieved from /home/logi/txtai/venv/lib/python3.10/site-packages/airflow/example_dags/example_branch_labels.py
[2025-10-30T15:06:06.973+0530] {logging_mixin.py:188} INFO - [2025-10-30T15:06:06.973+0530] {dag.py:3089} INFO - Sync 1 DAGs
[2025-10-30T15:06:06.992+0530] {logging_mixin.py:188} INFO - [2025-10-30T15:06:06.992+0530] {dag.py:3947} INFO - Setting next_dagrun for example_branch_labels to 2025-10-29 00:00:00+00:00, run_after=2025-10-30 00:00:00+00:00
[2025-10-30T15:06:07.018+0530] {processor.py:183} INFO - Processing /home/logi/txtai/venv/lib/python3.10/site-packages/airflow/example_dags/example_branch_labels.py took 0.116 seconds
[2025-10-30T15:07:21.250+0530] {processor.py:161} INFO - Started process (PID=6074) to work on /home/logi/txtai/venv/lib/python3.10/site-packages/airflow/example_dags/example_branch_labels.py
[2025-10-30T15:07:21.264+0530] {processor.py:830} INFO - Processing file /home/logi/txtai/venv/lib/python3.10/site-packages/airflow/example_dags/example_branch_labels.py for tasks to queue
[2025-10-30T15:07:21.269+0530] {logging_mixin.py:188} INFO - [2025-10-30T15:07:21.268+0530] {dagbag.py:545} INFO - Filling up the DagBag from /home/logi/txtai/venv/lib/python3.10/site-packages/airflow/example_dags/example_branch_labels.py
[2025-10-30T15:07:21.283+0530] {processor.py:840} INFO - DAG(s) 'example_branch_labels' retrieved from /home/logi/txtai/venv/lib/python3.10/site-packages/airflow/example_dags/example_branch_labels.py
[2025-10-30T15:07:21.311+0530] {logging_mixin.py:188} INFO - [2025-10-30T15:07:21.311+0530] {dag.py:3089} INFO - Sync 1 DAGs
[2025-10-30T15:07:21.330+0530] {logging_mixin.py:188} INFO - [2025-10-30T15:07:21.330+0530] {dag.py:3947} INFO - Setting next_dagrun for example_branch_labels to 2025-10-29 00:00:00+00:00, run_after=2025-10-30 00:00:00+00:00
[2025-10-30T15:07:21.356+0530] {processor.py:183} INFO - Processing /home/logi/txtai/venv/lib/python3.10/site-packages/airflow/example_dags/example_branch_labels.py took 0.120 seconds
[2025-10-30T15:08:36.984+0530] {processor.py:161} INFO - Started process (PID=6203) to work on /home/logi/txtai/venv/lib/python3.10/site-packages/airflow/example_dags/example_branch_labels.py
[2025-10-30T15:08:36.997+0530] {processor.py:830} INFO - Processing file /home/logi/txtai/venv/lib/python3.10/site-packages/airflow/example_dags/example_branch_labels.py for tasks to queue
[2025-10-30T15:08:37.000+0530] {logging_mixin.py:188} INFO - [2025-10-30T15:08:37.000+0530] {dagbag.py:545} INFO - Filling up the DagBag from /home/logi/txtai/venv/lib/python3.10/site-packages/airflow/example_dags/example_branch_labels.py
[2025-10-30T15:08:37.014+0530] {processor.py:840} INFO - DAG(s) 'example_branch_labels' retrieved from /home/logi/txtai/venv/lib/python3.10/site-packages/airflow/example_dags/example_branch_labels.py
[2025-10-30T15:08:37.043+0530] {logging_mixin.py:188} INFO - [2025-10-30T15:08:37.043+0530] {dag.py:3089} INFO - Sync 1 DAGs
[2025-10-30T15:08:37.063+0530] {logging_mixin.py:188} INFO - [2025-10-30T15:08:37.063+0530] {dag.py:3947} INFO - Setting next_dagrun for example_branch_labels to 2025-10-29 00:00:00+00:00, run_after=2025-10-30 00:00:00+00:00
[2025-10-30T15:08:37.083+0530] {processor.py:183} INFO - Processing /home/logi/txtai/venv/lib/python3.10/site-packages/airflow/example_dags/example_branch_labels.py took 0.110 seconds
[2025-10-30T15:09:52.348+0530] {processor.py:161} INFO - Started process (PID=6332) to work on /home/logi/txtai/venv/lib/python3.10/site-packages/airflow/example_dags/example_branch_labels.py
[2025-10-30T15:09:52.362+0530] {processor.py:830} INFO - Processing file /home/logi/txtai/venv/lib/python3.10/site-packages/airflow/example_dags/example_branch_labels.py for tasks to queue
[2025-10-30T15:09:52.366+0530] {logging_mixin.py:188} INFO - [2025-10-30T15:09:52.366+0530] {dagbag.py:545} INFO - Filling up the DagBag from /home/logi/txtai/venv/lib/python3.10/site-packages/airflow/example_dags/example_branch_labels.py
[2025-10-30T15:09:52.379+0530] {processor.py:840} INFO - DAG(s) 'example_branch_labels' retrieved from /home/logi/txtai/venv/lib/python3.10/site-packages/airflow/example_dags/example_branch_labels.py
[2025-10-30T15:09:52.409+0530] {logging_mixin.py:188} INFO - [2025-10-30T15:09:52.408+0530] {dag.py:3089} INFO - Sync 1 DAGs
[2025-10-30T15:09:52.427+0530] {logging_mixin.py:188} INFO - [2025-10-30T15:09:52.427+0530] {dag.py:3947} INFO - Setting next_dagrun for example_branch_labels to 2025-10-29 00:00:00+00:00, run_after=2025-10-30 00:00:00+00:00
[2025-10-30T15:09:52.453+0530] {processor.py:183} INFO - Processing /home/logi/txtai/venv/lib/python3.10/site-packages/airflow/example_dags/example_branch_labels.py took 0.116 seconds
[2025-10-30T15:10:46.407+0530] {processor.py:161} INFO - Started process (PID=6448) to work on /home/logi/txtai/venv/lib/python3.10/site-packages/airflow/example_dags/example_branch_labels.py
[2025-10-30T15:10:46.409+0530] {processor.py:830} INFO - Processing file /home/logi/txtai/venv/lib/python3.10/site-packages/airflow/example_dags/example_branch_labels.py for tasks to queue
[2025-10-30T15:10:46.412+0530] {logging_mixin.py:188} INFO - [2025-10-30T15:10:46.411+0530] {dagbag.py:545} INFO - Filling up the DagBag from /home/logi/txtai/venv/lib/python3.10/site-packages/airflow/example_dags/example_branch_labels.py
[2025-10-30T15:10:46.425+0530] {processor.py:840} INFO - DAG(s) 'example_branch_labels' retrieved from /home/logi/txtai/venv/lib/python3.10/site-packages/airflow/example_dags/example_branch_labels.py
[2025-10-30T15:10:46.449+0530] {logging_mixin.py:188} INFO - [2025-10-30T15:10:46.449+0530] {dag.py:3089} INFO - Sync 1 DAGs
[2025-10-30T15:10:46.467+0530] {logging_mixin.py:188} INFO - [2025-10-30T15:10:46.467+0530] {dag.py:3947} INFO - Setting next_dagrun for example_branch_labels to 2025-10-29 00:00:00+00:00, run_after=2025-10-30 00:00:00+00:00
[2025-10-30T15:10:46.484+0530] {processor.py:183} INFO - Processing /home/logi/txtai/venv/lib/python3.10/site-packages/airflow/example_dags/example_branch_labels.py took 0.089 seconds
[2025-10-30T15:11:59.114+0530] {processor.py:161} INFO - Started process (PID=6560) to work on /home/logi/txtai/venv/lib/python3.10/site-packages/airflow/example_dags/example_branch_labels.py
[2025-10-30T15:11:59.128+0530] {processor.py:830} INFO - Processing file /home/logi/txtai/venv/lib/python3.10/site-packages/airflow/example_dags/example_branch_labels.py for tasks to queue
[2025-10-30T15:11:59.131+0530] {logging_mixin.py:188} INFO - [2025-10-30T15:11:59.130+0530] {dagbag.py:545} INFO - Filling up the DagBag from /home/logi/txtai/venv/lib/python3.10/site-packages/airflow/example_dags/example_branch_labels.py
[2025-10-30T15:11:59.145+0530] {processor.py:840} INFO - DAG(s) 'example_branch_labels' retrieved from /home/logi/txtai/venv/lib/python3.10/site-packages/airflow/example_dags/example_branch_labels.py
[2025-10-30T15:11:59.174+0530] {logging_mixin.py:188} INFO - [2025-10-30T15:11:59.173+0530] {dag.py:3089} INFO - Sync 1 DAGs
[2025-10-30T15:11:59.193+0530] {logging_mixin.py:188} INFO - [2025-10-30T15:11:59.193+0530] {dag.py:3947} INFO - Setting next_dagrun for example_branch_labels to 2025-10-29 00:00:00+00:00, run_after=2025-10-30 00:00:00+00:00
[2025-10-30T15:11:59.214+0530] {processor.py:183} INFO - Processing /home/logi/txtai/venv/lib/python3.10/site-packages/airflow/example_dags/example_branch_labels.py took 0.114 seconds
[2025-10-30T15:13:14.909+0530] {processor.py:161} INFO - Started process (PID=6697) to work on /home/logi/txtai/venv/lib/python3.10/site-packages/airflow/example_dags/example_branch_labels.py
[2025-10-30T15:13:14.924+0530] {processor.py:830} INFO - Processing file /home/logi/txtai/venv/lib/python3.10/site-packages/airflow/example_dags/example_branch_labels.py for tasks to queue
[2025-10-30T15:13:14.927+0530] {logging_mixin.py:188} INFO - [2025-10-30T15:13:14.926+0530] {dagbag.py:545} INFO - Filling up the DagBag from /home/logi/txtai/venv/lib/python3.10/site-packages/airflow/example_dags/example_branch_labels.py
[2025-10-30T15:13:14.941+0530] {processor.py:840} INFO - DAG(s) 'example_branch_labels' retrieved from /home/logi/txtai/venv/lib/python3.10/site-packages/airflow/example_dags/example_branch_labels.py
[2025-10-30T15:13:14.970+0530] {logging_mixin.py:188} INFO - [2025-10-30T15:13:14.969+0530] {dag.py:3089} INFO - Sync 1 DAGs
[2025-10-30T15:13:14.990+0530] {logging_mixin.py:188} INFO - [2025-10-30T15:13:14.990+0530] {dag.py:3947} INFO - Setting next_dagrun for example_branch_labels to 2025-10-29 00:00:00+00:00, run_after=2025-10-30 00:00:00+00:00
[2025-10-30T15:13:15.017+0530] {processor.py:183} INFO - Processing /home/logi/txtai/venv/lib/python3.10/site-packages/airflow/example_dags/example_branch_labels.py took 0.121 seconds
[2025-10-30T15:14:26.887+0530] {processor.py:161} INFO - Started process (PID=6818) to work on /home/logi/txtai/venv/lib/python3.10/site-packages/airflow/example_dags/example_branch_labels.py
[2025-10-30T15:14:26.901+0530] {processor.py:830} INFO - Processing file /home/logi/txtai/venv/lib/python3.10/site-packages/airflow/example_dags/example_branch_labels.py for tasks to queue
[2025-10-30T15:14:26.904+0530] {logging_mixin.py:188} INFO - [2025-10-30T15:14:26.904+0530] {dagbag.py:545} INFO - Filling up the DagBag from /home/logi/txtai/venv/lib/python3.10/site-packages/airflow/example_dags/example_branch_labels.py
[2025-10-30T15:14:26.919+0530] {processor.py:840} INFO - DAG(s) 'example_branch_labels' retrieved from /home/logi/txtai/venv/lib/python3.10/site-packages/airflow/example_dags/example_branch_labels.py
[2025-10-30T15:14:26.948+0530] {logging_mixin.py:188} INFO - [2025-10-30T15:14:26.948+0530] {dag.py:3089} INFO - Sync 1 DAGs
[2025-10-30T15:14:26.968+0530] {logging_mixin.py:188} INFO - [2025-10-30T15:14:26.967+0530] {dag.py:3947} INFO - Setting next_dagrun for example_branch_labels to 2025-10-29 00:00:00+00:00, run_after=2025-10-30 00:00:00+00:00
[2025-10-30T15:14:26.994+0530] {processor.py:183} INFO - Processing /home/logi/txtai/venv/lib/python3.10/site-packages/airflow/example_dags/example_branch_labels.py took 0.118 seconds
[2025-10-30T15:15:44.901+0530] {processor.py:161} INFO - Started process (PID=6921) to work on /home/logi/txtai/venv/lib/python3.10/site-packages/airflow/example_dags/example_branch_labels.py
[2025-10-30T15:15:44.915+0530] {processor.py:830} INFO - Processing file /home/logi/txtai/venv/lib/python3.10/site-packages/airflow/example_dags/example_branch_labels.py for tasks to queue
[2025-10-30T15:15:44.918+0530] {logging_mixin.py:188} INFO - [2025-10-30T15:15:44.917+0530] {dagbag.py:545} INFO - Filling up the DagBag from /home/logi/txtai/venv/lib/python3.10/site-packages/airflow/example_dags/example_branch_labels.py
[2025-10-30T15:15:44.931+0530] {processor.py:840} INFO - DAG(s) 'example_branch_labels' retrieved from /home/logi/txtai/venv/lib/python3.10/site-packages/airflow/example_dags/example_branch_labels.py
[2025-10-30T15:15:44.959+0530] {logging_mixin.py:188} INFO - [2025-10-30T15:15:44.959+0530] {dag.py:3089} INFO - Sync 1 DAGs
[2025-10-30T15:15:44.980+0530] {logging_mixin.py:188} INFO - [2025-10-30T15:15:44.980+0530] {dag.py:3947} INFO - Setting next_dagrun for example_branch_labels to 2025-10-29 00:00:00+00:00, run_after=2025-10-30 00:00:00+00:00
[2025-10-30T15:15:45.008+0530] {processor.py:183} INFO - Processing /home/logi/txtai/venv/lib/python3.10/site-packages/airflow/example_dags/example_branch_labels.py took 0.119 seconds
[2025-10-30T15:16:53.923+0530] {processor.py:161} INFO - Started process (PID=7024) to work on /home/logi/txtai/venv/lib/python3.10/site-packages/airflow/example_dags/example_branch_labels.py
[2025-10-30T15:16:53.937+0530] {processor.py:830} INFO - Processing file /home/logi/txtai/venv/lib/python3.10/site-packages/airflow/example_dags/example_branch_labels.py for tasks to queue
[2025-10-30T15:16:53.940+0530] {logging_mixin.py:188} INFO - [2025-10-30T15:16:53.939+0530] {dagbag.py:545} INFO - Filling up the DagBag from /home/logi/txtai/venv/lib/python3.10/site-packages/airflow/example_dags/example_branch_labels.py
[2025-10-30T15:16:53.954+0530] {processor.py:840} INFO - DAG(s) 'example_branch_labels' retrieved from /home/logi/txtai/venv/lib/python3.10/site-packages/airflow/example_dags/example_branch_labels.py
[2025-10-30T15:16:53.983+0530] {logging_mixin.py:188} INFO - [2025-10-30T15:16:53.983+0530] {dag.py:3089} INFO - Sync 1 DAGs
[2025-10-30T15:16:54.002+0530] {logging_mixin.py:188} INFO - [2025-10-30T15:16:54.002+0530] {dag.py:3947} INFO - Setting next_dagrun for example_branch_labels to 2025-10-29 00:00:00+00:00, run_after=2025-10-30 00:00:00+00:00
[2025-10-30T15:16:54.031+0530] {processor.py:183} INFO - Processing /home/logi/txtai/venv/lib/python3.10/site-packages/airflow/example_dags/example_branch_labels.py took 0.119 seconds
[2025-10-30T15:18:10.810+0530] {processor.py:161} INFO - Started process (PID=7146) to work on /home/logi/txtai/venv/lib/python3.10/site-packages/airflow/example_dags/example_branch_labels.py
[2025-10-30T15:18:10.824+0530] {processor.py:830} INFO - Processing file /home/logi/txtai/venv/lib/python3.10/site-packages/airflow/example_dags/example_branch_labels.py for tasks to queue
[2025-10-30T15:18:10.827+0530] {logging_mixin.py:188} INFO - [2025-10-30T15:18:10.826+0530] {dagbag.py:545} INFO - Filling up the DagBag from /home/logi/txtai/venv/lib/python3.10/site-packages/airflow/example_dags/example_branch_labels.py
[2025-10-30T15:18:10.842+0530] {processor.py:840} INFO - DAG(s) 'example_branch_labels' retrieved from /home/logi/txtai/venv/lib/python3.10/site-packages/airflow/example_dags/example_branch_labels.py
[2025-10-30T15:18:10.871+0530] {logging_mixin.py:188} INFO - [2025-10-30T15:18:10.871+0530] {dag.py:3089} INFO - Sync 1 DAGs
[2025-10-30T15:18:10.890+0530] {logging_mixin.py:188} INFO - [2025-10-30T15:18:10.890+0530] {dag.py:3947} INFO - Setting next_dagrun for example_branch_labels to 2025-10-29 00:00:00+00:00, run_after=2025-10-30 00:00:00+00:00
[2025-10-30T15:18:10.917+0530] {processor.py:183} INFO - Processing /home/logi/txtai/venv/lib/python3.10/site-packages/airflow/example_dags/example_branch_labels.py took 0.118 seconds
[2025-10-30T15:19:29.453+0530] {processor.py:161} INFO - Started process (PID=7265) to work on /home/logi/txtai/venv/lib/python3.10/site-packages/airflow/example_dags/example_branch_labels.py
[2025-10-30T15:19:29.466+0530] {processor.py:830} INFO - Processing file /home/logi/txtai/venv/lib/python3.10/site-packages/airflow/example_dags/example_branch_labels.py for tasks to queue
[2025-10-30T15:19:29.469+0530] {logging_mixin.py:188} INFO - [2025-10-30T15:19:29.469+0530] {dagbag.py:545} INFO - Filling up the DagBag from /home/logi/txtai/venv/lib/python3.10/site-packages/airflow/example_dags/example_branch_labels.py
[2025-10-30T15:19:29.483+0530] {processor.py:840} INFO - DAG(s) 'example_branch_labels' retrieved from /home/logi/txtai/venv/lib/python3.10/site-packages/airflow/example_dags/example_branch_labels.py
[2025-10-30T15:19:29.513+0530] {logging_mixin.py:188} INFO - [2025-10-30T15:19:29.512+0530] {dag.py:3089} INFO - Sync 1 DAGs
[2025-10-30T15:19:29.532+0530] {logging_mixin.py:188} INFO - [2025-10-30T15:19:29.531+0530] {dag.py:3947} INFO - Setting next_dagrun for example_branch_labels to 2025-10-29 00:00:00+00:00, run_after=2025-10-30 00:00:00+00:00
[2025-10-30T15:19:29.554+0530] {processor.py:183} INFO - Processing /home/logi/txtai/venv/lib/python3.10/site-packages/airflow/example_dags/example_branch_labels.py took 0.112 seconds
[2025-10-30T15:20:43.753+0530] {processor.py:161} INFO - Started process (PID=7398) to work on /home/logi/txtai/venv/lib/python3.10/site-packages/airflow/example_dags/example_branch_labels.py
[2025-10-30T15:20:43.761+0530] {processor.py:830} INFO - Processing file /home/logi/txtai/venv/lib/python3.10/site-packages/airflow/example_dags/example_branch_labels.py for tasks to queue
[2025-10-30T15:20:43.764+0530] {logging_mixin.py:188} INFO - [2025-10-30T15:20:43.763+0530] {dagbag.py:545} INFO - Filling up the DagBag from /home/logi/txtai/venv/lib/python3.10/site-packages/airflow/example_dags/example_branch_labels.py
[2025-10-30T15:20:43.778+0530] {processor.py:840} INFO - DAG(s) 'example_branch_labels' retrieved from /home/logi/txtai/venv/lib/python3.10/site-packages/airflow/example_dags/example_branch_labels.py
[2025-10-30T15:20:43.805+0530] {logging_mixin.py:188} INFO - [2025-10-30T15:20:43.805+0530] {dag.py:3089} INFO - Sync 1 DAGs
[2025-10-30T15:20:43.822+0530] {logging_mixin.py:188} INFO - [2025-10-30T15:20:43.822+0530] {dag.py:3947} INFO - Setting next_dagrun for example_branch_labels to 2025-10-29 00:00:00+00:00, run_after=2025-10-30 00:00:00+00:00
[2025-10-30T15:20:43.850+0530] {processor.py:183} INFO - Processing /home/logi/txtai/venv/lib/python3.10/site-packages/airflow/example_dags/example_branch_labels.py took 0.108 seconds
[2025-10-30T15:21:58.324+0530] {processor.py:161} INFO - Started process (PID=7505) to work on /home/logi/txtai/venv/lib/python3.10/site-packages/airflow/example_dags/example_branch_labels.py
[2025-10-30T15:21:58.338+0530] {processor.py:830} INFO - Processing file /home/logi/txtai/venv/lib/python3.10/site-packages/airflow/example_dags/example_branch_labels.py for tasks to queue
[2025-10-30T15:21:58.341+0530] {logging_mixin.py:188} INFO - [2025-10-30T15:21:58.341+0530] {dagbag.py:545} INFO - Filling up the DagBag from /home/logi/txtai/venv/lib/python3.10/site-packages/airflow/example_dags/example_branch_labels.py
[2025-10-30T15:21:58.355+0530] {processor.py:840} INFO - DAG(s) 'example_branch_labels' retrieved from /home/logi/txtai/venv/lib/python3.10/site-packages/airflow/example_dags/example_branch_labels.py
[2025-10-30T15:21:58.387+0530] {logging_mixin.py:188} INFO - [2025-10-30T15:21:58.386+0530] {dag.py:3089} INFO - Sync 1 DAGs
[2025-10-30T15:21:58.412+0530] {logging_mixin.py:188} INFO - [2025-10-30T15:21:58.412+0530] {dag.py:3947} INFO - Setting next_dagrun for example_branch_labels to 2025-10-29 00:00:00+00:00, run_after=2025-10-30 00:00:00+00:00
[2025-10-30T15:21:58.445+0530] {processor.py:183} INFO - Processing /home/logi/txtai/venv/lib/python3.10/site-packages/airflow/example_dags/example_branch_labels.py took 0.133 seconds
[2025-10-30T15:23:11.962+0530] {processor.py:161} INFO - Started process (PID=7623) to work on /home/logi/txtai/venv/lib/python3.10/site-packages/airflow/example_dags/example_branch_labels.py
[2025-10-30T15:23:11.976+0530] {processor.py:830} INFO - Processing file /home/logi/txtai/venv/lib/python3.10/site-packages/airflow/example_dags/example_branch_labels.py for tasks to queue
[2025-10-30T15:23:11.980+0530] {logging_mixin.py:188} INFO - [2025-10-30T15:23:11.979+0530] {dagbag.py:545} INFO - Filling up the DagBag from /home/logi/txtai/venv/lib/python3.10/site-packages/airflow/example_dags/example_branch_labels.py
[2025-10-30T15:23:11.992+0530] {processor.py:840} INFO - DAG(s) 'example_branch_labels' retrieved from /home/logi/txtai/venv/lib/python3.10/site-packages/airflow/example_dags/example_branch_labels.py
[2025-10-30T15:23:12.020+0530] {logging_mixin.py:188} INFO - [2025-10-30T15:23:12.020+0530] {dag.py:3089} INFO - Sync 1 DAGs
[2025-10-30T15:23:12.039+0530] {logging_mixin.py:188} INFO - [2025-10-30T15:23:12.039+0530] {dag.py:3947} INFO - Setting next_dagrun for example_branch_labels to 2025-10-29 00:00:00+00:00, run_after=2025-10-30 00:00:00+00:00
[2025-10-30T15:23:12.066+0530] {processor.py:183} INFO - Processing /home/logi/txtai/venv/lib/python3.10/site-packages/airflow/example_dags/example_branch_labels.py took 0.114 seconds
[2025-10-30T15:24:27.999+0530] {processor.py:161} INFO - Started process (PID=7739) to work on /home/logi/txtai/venv/lib/python3.10/site-packages/airflow/example_dags/example_branch_labels.py
[2025-10-30T15:24:28.012+0530] {processor.py:830} INFO - Processing file /home/logi/txtai/venv/lib/python3.10/site-packages/airflow/example_dags/example_branch_labels.py for tasks to queue
[2025-10-30T15:24:28.015+0530] {logging_mixin.py:188} INFO - [2025-10-30T15:24:28.015+0530] {dagbag.py:545} INFO - Filling up the DagBag from /home/logi/txtai/venv/lib/python3.10/site-packages/airflow/example_dags/example_branch_labels.py
[2025-10-30T15:24:28.029+0530] {processor.py:840} INFO - DAG(s) 'example_branch_labels' retrieved from /home/logi/txtai/venv/lib/python3.10/site-packages/airflow/example_dags/example_branch_labels.py
[2025-10-30T15:24:28.059+0530] {logging_mixin.py:188} INFO - [2025-10-30T15:24:28.058+0530] {dag.py:3089} INFO - Sync 1 DAGs
[2025-10-30T15:24:28.078+0530] {logging_mixin.py:188} INFO - [2025-10-30T15:24:28.077+0530] {dag.py:3947} INFO - Setting next_dagrun for example_branch_labels to 2025-10-29 00:00:00+00:00, run_after=2025-10-30 00:00:00+00:00
[2025-10-30T15:24:28.105+0530] {processor.py:183} INFO - Processing /home/logi/txtai/venv/lib/python3.10/site-packages/airflow/example_dags/example_branch_labels.py took 0.117 seconds
[2025-10-30T15:25:43.774+0530] {processor.py:161} INFO - Started process (PID=7856) to work on /home/logi/txtai/venv/lib/python3.10/site-packages/airflow/example_dags/example_branch_labels.py
[2025-10-30T15:25:43.788+0530] {processor.py:830} INFO - Processing file /home/logi/txtai/venv/lib/python3.10/site-packages/airflow/example_dags/example_branch_labels.py for tasks to queue
[2025-10-30T15:25:43.791+0530] {logging_mixin.py:188} INFO - [2025-10-30T15:25:43.790+0530] {dagbag.py:545} INFO - Filling up the DagBag from /home/logi/txtai/venv/lib/python3.10/site-packages/airflow/example_dags/example_branch_labels.py
[2025-10-30T15:25:43.805+0530] {processor.py:840} INFO - DAG(s) 'example_branch_labels' retrieved from /home/logi/txtai/venv/lib/python3.10/site-packages/airflow/example_dags/example_branch_labels.py
[2025-10-30T15:25:43.833+0530] {logging_mixin.py:188} INFO - [2025-10-30T15:25:43.833+0530] {dag.py:3089} INFO - Sync 1 DAGs
[2025-10-30T15:25:43.853+0530] {logging_mixin.py:188} INFO - [2025-10-30T15:25:43.853+0530] {dag.py:3947} INFO - Setting next_dagrun for example_branch_labels to 2025-10-29 00:00:00+00:00, run_after=2025-10-30 00:00:00+00:00
[2025-10-30T15:25:43.879+0530] {processor.py:183} INFO - Processing /home/logi/txtai/venv/lib/python3.10/site-packages/airflow/example_dags/example_branch_labels.py took 0.116 seconds
[2025-10-30T15:26:53.096+0530] {processor.py:161} INFO - Started process (PID=7938) to work on /home/logi/txtai/venv/lib/python3.10/site-packages/airflow/example_dags/example_branch_labels.py
[2025-10-30T15:26:53.109+0530] {processor.py:830} INFO - Processing file /home/logi/txtai/venv/lib/python3.10/site-packages/airflow/example_dags/example_branch_labels.py for tasks to queue
[2025-10-30T15:26:53.112+0530] {logging_mixin.py:188} INFO - [2025-10-30T15:26:53.111+0530] {dagbag.py:545} INFO - Filling up the DagBag from /home/logi/txtai/venv/lib/python3.10/site-packages/airflow/example_dags/example_branch_labels.py
[2025-10-30T15:26:53.125+0530] {processor.py:840} INFO - DAG(s) 'example_branch_labels' retrieved from /home/logi/txtai/venv/lib/python3.10/site-packages/airflow/example_dags/example_branch_labels.py
[2025-10-30T15:26:53.152+0530] {logging_mixin.py:188} INFO - [2025-10-30T15:26:53.152+0530] {dag.py:3089} INFO - Sync 1 DAGs
[2025-10-30T15:26:53.172+0530] {logging_mixin.py:188} INFO - [2025-10-30T15:26:53.171+0530] {dag.py:3947} INFO - Setting next_dagrun for example_branch_labels to 2025-10-29 00:00:00+00:00, run_after=2025-10-30 00:00:00+00:00
[2025-10-30T15:26:53.199+0530] {processor.py:183} INFO - Processing /home/logi/txtai/venv/lib/python3.10/site-packages/airflow/example_dags/example_branch_labels.py took 0.115 seconds
[2025-10-30T15:28:09.319+0530] {processor.py:161} INFO - Started process (PID=8038) to work on /home/logi/txtai/venv/lib/python3.10/site-packages/airflow/example_dags/example_branch_labels.py
[2025-10-30T15:28:09.332+0530] {processor.py:830} INFO - Processing file /home/logi/txtai/venv/lib/python3.10/site-packages/airflow/example_dags/example_branch_labels.py for tasks to queue
[2025-10-30T15:28:09.335+0530] {logging_mixin.py:188} INFO - [2025-10-30T15:28:09.334+0530] {dagbag.py:545} INFO - Filling up the DagBag from /home/logi/txtai/venv/lib/python3.10/site-packages/airflow/example_dags/example_branch_labels.py
[2025-10-30T15:28:09.348+0530] {processor.py:840} INFO - DAG(s) 'example_branch_labels' retrieved from /home/logi/txtai/venv/lib/python3.10/site-packages/airflow/example_dags/example_branch_labels.py
[2025-10-30T15:28:09.376+0530] {logging_mixin.py:188} INFO - [2025-10-30T15:28:09.375+0530] {dag.py:3089} INFO - Sync 1 DAGs
[2025-10-30T15:28:09.395+0530] {logging_mixin.py:188} INFO - [2025-10-30T15:28:09.395+0530] {dag.py:3947} INFO - Setting next_dagrun for example_branch_labels to 2025-10-29 00:00:00+00:00, run_after=2025-10-30 00:00:00+00:00
[2025-10-30T15:28:09.423+0530] {processor.py:183} INFO - Processing /home/logi/txtai/venv/lib/python3.10/site-packages/airflow/example_dags/example_branch_labels.py took 0.116 seconds
[2025-10-30T15:29:24.307+0530] {processor.py:161} INFO - Started process (PID=8124) to work on /home/logi/txtai/venv/lib/python3.10/site-packages/airflow/example_dags/example_branch_labels.py
[2025-10-30T15:29:24.320+0530] {processor.py:830} INFO - Processing file /home/logi/txtai/venv/lib/python3.10/site-packages/airflow/example_dags/example_branch_labels.py for tasks to queue
[2025-10-30T15:29:24.323+0530] {logging_mixin.py:188} INFO - [2025-10-30T15:29:24.323+0530] {dagbag.py:545} INFO - Filling up the DagBag from /home/logi/txtai/venv/lib/python3.10/site-packages/airflow/example_dags/example_branch_labels.py
[2025-10-30T15:29:24.337+0530] {processor.py:840} INFO - DAG(s) 'example_branch_labels' retrieved from /home/logi/txtai/venv/lib/python3.10/site-packages/airflow/example_dags/example_branch_labels.py
[2025-10-30T15:29:24.366+0530] {logging_mixin.py:188} INFO - [2025-10-30T15:29:24.365+0530] {dag.py:3089} INFO - Sync 1 DAGs
[2025-10-30T15:29:24.385+0530] {logging_mixin.py:188} INFO - [2025-10-30T15:29:24.385+0530] {dag.py:3947} INFO - Setting next_dagrun for example_branch_labels to 2025-10-29 00:00:00+00:00, run_after=2025-10-30 00:00:00+00:00
[2025-10-30T15:29:24.414+0530] {processor.py:183} INFO - Processing /home/logi/txtai/venv/lib/python3.10/site-packages/airflow/example_dags/example_branch_labels.py took 0.118 seconds
[2025-10-30T15:30:38.405+0530] {processor.py:161} INFO - Started process (PID=8252) to work on /home/logi/txtai/venv/lib/python3.10/site-packages/airflow/example_dags/example_branch_labels.py
[2025-10-30T15:30:38.418+0530] {processor.py:830} INFO - Processing file /home/logi/txtai/venv/lib/python3.10/site-packages/airflow/example_dags/example_branch_labels.py for tasks to queue
[2025-10-30T15:30:38.421+0530] {logging_mixin.py:188} INFO - [2025-10-30T15:30:38.421+0530] {dagbag.py:545} INFO - Filling up the DagBag from /home/logi/txtai/venv/lib/python3.10/site-packages/airflow/example_dags/example_branch_labels.py
[2025-10-30T15:30:38.435+0530] {processor.py:840} INFO - DAG(s) 'example_branch_labels' retrieved from /home/logi/txtai/venv/lib/python3.10/site-packages/airflow/example_dags/example_branch_labels.py
[2025-10-30T15:30:38.463+0530] {logging_mixin.py:188} INFO - [2025-10-30T15:30:38.463+0530] {dag.py:3089} INFO - Sync 1 DAGs
[2025-10-30T15:30:38.482+0530] {logging_mixin.py:188} INFO - [2025-10-30T15:30:38.481+0530] {dag.py:3947} INFO - Setting next_dagrun for example_branch_labels to 2025-10-29 00:00:00+00:00, run_after=2025-10-30 00:00:00+00:00
[2025-10-30T15:30:38.509+0530] {processor.py:183} INFO - Processing /home/logi/txtai/venv/lib/python3.10/site-packages/airflow/example_dags/example_branch_labels.py took 0.115 seconds
[2025-10-30T15:31:54.016+0530] {processor.py:161} INFO - Started process (PID=8337) to work on /home/logi/txtai/venv/lib/python3.10/site-packages/airflow/example_dags/example_branch_labels.py
[2025-10-30T15:31:54.029+0530] {processor.py:830} INFO - Processing file /home/logi/txtai/venv/lib/python3.10/site-packages/airflow/example_dags/example_branch_labels.py for tasks to queue
[2025-10-30T15:31:54.032+0530] {logging_mixin.py:188} INFO - [2025-10-30T15:31:54.032+0530] {dagbag.py:545} INFO - Filling up the DagBag from /home/logi/txtai/venv/lib/python3.10/site-packages/airflow/example_dags/example_branch_labels.py
[2025-10-30T15:31:54.046+0530] {processor.py:840} INFO - DAG(s) 'example_branch_labels' retrieved from /home/logi/txtai/venv/lib/python3.10/site-packages/airflow/example_dags/example_branch_labels.py
[2025-10-30T15:31:54.073+0530] {logging_mixin.py:188} INFO - [2025-10-30T15:31:54.073+0530] {dag.py:3089} INFO - Sync 1 DAGs
[2025-10-30T15:31:54.091+0530] {logging_mixin.py:188} INFO - [2025-10-30T15:31:54.090+0530] {dag.py:3947} INFO - Setting next_dagrun for example_branch_labels to 2025-10-29 00:00:00+00:00, run_after=2025-10-30 00:00:00+00:00
[2025-10-30T15:31:54.111+0530] {processor.py:183} INFO - Processing /home/logi/txtai/venv/lib/python3.10/site-packages/airflow/example_dags/example_branch_labels.py took 0.106 seconds
[2025-10-30T15:33:10.554+0530] {processor.py:161} INFO - Started process (PID=8442) to work on /home/logi/txtai/venv/lib/python3.10/site-packages/airflow/example_dags/example_branch_labels.py
[2025-10-30T15:33:10.568+0530] {processor.py:830} INFO - Processing file /home/logi/txtai/venv/lib/python3.10/site-packages/airflow/example_dags/example_branch_labels.py for tasks to queue
[2025-10-30T15:33:10.571+0530] {logging_mixin.py:188} INFO - [2025-10-30T15:33:10.570+0530] {dagbag.py:545} INFO - Filling up the DagBag from /home/logi/txtai/venv/lib/python3.10/site-packages/airflow/example_dags/example_branch_labels.py
[2025-10-30T15:33:10.585+0530] {processor.py:840} INFO - DAG(s) 'example_branch_labels' retrieved from /home/logi/txtai/venv/lib/python3.10/site-packages/airflow/example_dags/example_branch_labels.py
[2025-10-30T15:33:10.613+0530] {logging_mixin.py:188} INFO - [2025-10-30T15:33:10.613+0530] {dag.py:3089} INFO - Sync 1 DAGs
[2025-10-30T15:33:10.632+0530] {logging_mixin.py:188} INFO - [2025-10-30T15:33:10.632+0530] {dag.py:3947} INFO - Setting next_dagrun for example_branch_labels to 2025-10-29 00:00:00+00:00, run_after=2025-10-30 00:00:00+00:00
[2025-10-30T15:33:10.654+0530] {processor.py:183} INFO - Processing /home/logi/txtai/venv/lib/python3.10/site-packages/airflow/example_dags/example_branch_labels.py took 0.110 seconds
[2025-10-30T15:34:30.013+0530] {processor.py:161} INFO - Started process (PID=8560) to work on /home/logi/txtai/venv/lib/python3.10/site-packages/airflow/example_dags/example_branch_labels.py
[2025-10-30T15:34:30.026+0530] {processor.py:830} INFO - Processing file /home/logi/txtai/venv/lib/python3.10/site-packages/airflow/example_dags/example_branch_labels.py for tasks to queue
[2025-10-30T15:34:30.029+0530] {logging_mixin.py:188} INFO - [2025-10-30T15:34:30.029+0530] {dagbag.py:545} INFO - Filling up the DagBag from /home/logi/txtai/venv/lib/python3.10/site-packages/airflow/example_dags/example_branch_labels.py
[2025-10-30T15:34:30.043+0530] {processor.py:840} INFO - DAG(s) 'example_branch_labels' retrieved from /home/logi/txtai/venv/lib/python3.10/site-packages/airflow/example_dags/example_branch_labels.py
[2025-10-30T15:34:30.071+0530] {logging_mixin.py:188} INFO - [2025-10-30T15:34:30.070+0530] {dag.py:3089} INFO - Sync 1 DAGs
[2025-10-30T15:34:30.090+0530] {logging_mixin.py:188} INFO - [2025-10-30T15:34:30.090+0530] {dag.py:3947} INFO - Setting next_dagrun for example_branch_labels to 2025-10-29 00:00:00+00:00, run_after=2025-10-30 00:00:00+00:00
[2025-10-30T15:34:30.116+0530] {processor.py:183} INFO - Processing /home/logi/txtai/venv/lib/python3.10/site-packages/airflow/example_dags/example_branch_labels.py took 0.115 seconds
[2025-10-30T15:35:29.891+0530] {processor.py:161} INFO - Started process (PID=8628) to work on /home/logi/txtai/venv/lib/python3.10/site-packages/airflow/example_dags/example_branch_labels.py
[2025-10-30T15:35:29.904+0530] {processor.py:830} INFO - Processing file /home/logi/txtai/venv/lib/python3.10/site-packages/airflow/example_dags/example_branch_labels.py for tasks to queue
[2025-10-30T15:35:29.907+0530] {logging_mixin.py:188} INFO - [2025-10-30T15:35:29.906+0530] {dagbag.py:545} INFO - Filling up the DagBag from /home/logi/txtai/venv/lib/python3.10/site-packages/airflow/example_dags/example_branch_labels.py
[2025-10-30T15:35:29.920+0530] {processor.py:840} INFO - DAG(s) 'example_branch_labels' retrieved from /home/logi/txtai/venv/lib/python3.10/site-packages/airflow/example_dags/example_branch_labels.py
[2025-10-30T15:35:29.947+0530] {logging_mixin.py:188} INFO - [2025-10-30T15:35:29.947+0530] {dag.py:3089} INFO - Sync 1 DAGs
[2025-10-30T15:35:29.967+0530] {logging_mixin.py:188} INFO - [2025-10-30T15:35:29.967+0530] {dag.py:3947} INFO - Setting next_dagrun for example_branch_labels to 2025-10-29 00:00:00+00:00, run_after=2025-10-30 00:00:00+00:00
[2025-10-30T15:35:29.994+0530] {processor.py:183} INFO - Processing /home/logi/txtai/venv/lib/python3.10/site-packages/airflow/example_dags/example_branch_labels.py took 0.115 seconds
[2025-10-30T15:36:24.878+0530] {processor.py:161} INFO - Started process (PID=8693) to work on /home/logi/txtai/venv/lib/python3.10/site-packages/airflow/example_dags/example_branch_labels.py
[2025-10-30T15:36:24.881+0530] {processor.py:830} INFO - Processing file /home/logi/txtai/venv/lib/python3.10/site-packages/airflow/example_dags/example_branch_labels.py for tasks to queue
[2025-10-30T15:36:24.884+0530] {logging_mixin.py:188} INFO - [2025-10-30T15:36:24.884+0530] {dagbag.py:545} INFO - Filling up the DagBag from /home/logi/txtai/venv/lib/python3.10/site-packages/airflow/example_dags/example_branch_labels.py
[2025-10-30T15:36:24.898+0530] {processor.py:840} INFO - DAG(s) 'example_branch_labels' retrieved from /home/logi/txtai/venv/lib/python3.10/site-packages/airflow/example_dags/example_branch_labels.py
[2025-10-30T15:36:24.923+0530] {logging_mixin.py:188} INFO - [2025-10-30T15:36:24.922+0530] {dag.py:3089} INFO - Sync 1 DAGs
[2025-10-30T15:36:24.940+0530] {logging_mixin.py:188} INFO - [2025-10-30T15:36:24.940+0530] {dag.py:3947} INFO - Setting next_dagrun for example_branch_labels to 2025-10-29 00:00:00+00:00, run_after=2025-10-30 00:00:00+00:00
[2025-10-30T15:36:24.959+0530] {processor.py:183} INFO - Processing /home/logi/txtai/venv/lib/python3.10/site-packages/airflow/example_dags/example_branch_labels.py took 0.092 seconds
[2025-10-30T15:37:46.249+0530] {processor.py:161} INFO - Started process (PID=8809) to work on /home/logi/txtai/venv/lib/python3.10/site-packages/airflow/example_dags/example_branch_labels.py
[2025-10-30T15:37:46.262+0530] {processor.py:830} INFO - Processing file /home/logi/txtai/venv/lib/python3.10/site-packages/airflow/example_dags/example_branch_labels.py for tasks to queue
[2025-10-30T15:37:46.265+0530] {logging_mixin.py:188} INFO - [2025-10-30T15:37:46.264+0530] {dagbag.py:545} INFO - Filling up the DagBag from /home/logi/txtai/venv/lib/python3.10/site-packages/airflow/example_dags/example_branch_labels.py
[2025-10-30T15:37:46.279+0530] {processor.py:840} INFO - DAG(s) 'example_branch_labels' retrieved from /home/logi/txtai/venv/lib/python3.10/site-packages/airflow/example_dags/example_branch_labels.py
[2025-10-30T15:37:46.306+0530] {logging_mixin.py:188} INFO - [2025-10-30T15:37:46.306+0530] {dag.py:3089} INFO - Sync 1 DAGs
[2025-10-30T15:37:46.327+0530] {logging_mixin.py:188} INFO - [2025-10-30T15:37:46.326+0530] {dag.py:3947} INFO - Setting next_dagrun for example_branch_labels to 2025-10-29 00:00:00+00:00, run_after=2025-10-30 00:00:00+00:00
[2025-10-30T15:37:46.353+0530] {processor.py:183} INFO - Processing /home/logi/txtai/venv/lib/python3.10/site-packages/airflow/example_dags/example_branch_labels.py took 0.116 seconds
[2025-10-30T15:39:03.360+0530] {processor.py:161} INFO - Started process (PID=8900) to work on /home/logi/txtai/venv/lib/python3.10/site-packages/airflow/example_dags/example_branch_labels.py
[2025-10-30T15:39:03.373+0530] {processor.py:830} INFO - Processing file /home/logi/txtai/venv/lib/python3.10/site-packages/airflow/example_dags/example_branch_labels.py for tasks to queue
[2025-10-30T15:39:03.377+0530] {logging_mixin.py:188} INFO - [2025-10-30T15:39:03.376+0530] {dagbag.py:545} INFO - Filling up the DagBag from /home/logi/txtai/venv/lib/python3.10/site-packages/airflow/example_dags/example_branch_labels.py
[2025-10-30T15:39:03.390+0530] {processor.py:840} INFO - DAG(s) 'example_branch_labels' retrieved from /home/logi/txtai/venv/lib/python3.10/site-packages/airflow/example_dags/example_branch_labels.py
[2025-10-30T15:39:03.420+0530] {logging_mixin.py:188} INFO - [2025-10-30T15:39:03.419+0530] {dag.py:3089} INFO - Sync 1 DAGs
[2025-10-30T15:39:03.439+0530] {logging_mixin.py:188} INFO - [2025-10-30T15:39:03.439+0530] {dag.py:3947} INFO - Setting next_dagrun for example_branch_labels to 2025-10-29 00:00:00+00:00, run_after=2025-10-30 00:00:00+00:00
[2025-10-30T15:39:03.467+0530] {processor.py:183} INFO - Processing /home/logi/txtai/venv/lib/python3.10/site-packages/airflow/example_dags/example_branch_labels.py took 0.119 seconds
[2025-10-30T15:40:17.689+0530] {processor.py:161} INFO - Started process (PID=9106) to work on /home/logi/txtai/venv/lib/python3.10/site-packages/airflow/example_dags/example_branch_labels.py
[2025-10-30T15:40:17.703+0530] {processor.py:830} INFO - Processing file /home/logi/txtai/venv/lib/python3.10/site-packages/airflow/example_dags/example_branch_labels.py for tasks to queue
[2025-10-30T15:40:17.706+0530] {logging_mixin.py:188} INFO - [2025-10-30T15:40:17.705+0530] {dagbag.py:545} INFO - Filling up the DagBag from /home/logi/txtai/venv/lib/python3.10/site-packages/airflow/example_dags/example_branch_labels.py
[2025-10-30T15:40:17.720+0530] {processor.py:840} INFO - DAG(s) 'example_branch_labels' retrieved from /home/logi/txtai/venv/lib/python3.10/site-packages/airflow/example_dags/example_branch_labels.py
[2025-10-30T15:40:17.749+0530] {logging_mixin.py:188} INFO - [2025-10-30T15:40:17.748+0530] {dag.py:3089} INFO - Sync 1 DAGs
[2025-10-30T15:40:17.767+0530] {logging_mixin.py:188} INFO - [2025-10-30T15:40:17.767+0530] {dag.py:3947} INFO - Setting next_dagrun for example_branch_labels to 2025-10-29 00:00:00+00:00, run_after=2025-10-30 00:00:00+00:00
[2025-10-30T15:40:17.794+0530] {processor.py:183} INFO - Processing /home/logi/txtai/venv/lib/python3.10/site-packages/airflow/example_dags/example_branch_labels.py took 0.116 seconds
[2025-10-30T15:41:33.949+0530] {processor.py:161} INFO - Started process (PID=9313) to work on /home/logi/txtai/venv/lib/python3.10/site-packages/airflow/example_dags/example_branch_labels.py
[2025-10-30T15:41:33.963+0530] {processor.py:830} INFO - Processing file /home/logi/txtai/venv/lib/python3.10/site-packages/airflow/example_dags/example_branch_labels.py for tasks to queue
[2025-10-30T15:41:33.966+0530] {logging_mixin.py:188} INFO - [2025-10-30T15:41:33.965+0530] {dagbag.py:545} INFO - Filling up the DagBag from /home/logi/txtai/venv/lib/python3.10/site-packages/airflow/example_dags/example_branch_labels.py
[2025-10-30T15:41:33.980+0530] {processor.py:840} INFO - DAG(s) 'example_branch_labels' retrieved from /home/logi/txtai/venv/lib/python3.10/site-packages/airflow/example_dags/example_branch_labels.py
[2025-10-30T15:41:34.010+0530] {logging_mixin.py:188} INFO - [2025-10-30T15:41:34.009+0530] {dag.py:3089} INFO - Sync 1 DAGs
[2025-10-30T15:41:34.029+0530] {logging_mixin.py:188} INFO - [2025-10-30T15:41:34.029+0530] {dag.py:3947} INFO - Setting next_dagrun for example_branch_labels to 2025-10-29 00:00:00+00:00, run_after=2025-10-30 00:00:00+00:00
[2025-10-30T15:41:34.051+0530] {processor.py:183} INFO - Processing /home/logi/txtai/venv/lib/python3.10/site-packages/airflow/example_dags/example_branch_labels.py took 0.112 seconds
[2025-10-30T15:42:49.700+0530] {processor.py:161} INFO - Started process (PID=9559) to work on /home/logi/txtai/venv/lib/python3.10/site-packages/airflow/example_dags/example_branch_labels.py
[2025-10-30T15:42:49.714+0530] {processor.py:830} INFO - Processing file /home/logi/txtai/venv/lib/python3.10/site-packages/airflow/example_dags/example_branch_labels.py for tasks to queue
[2025-10-30T15:42:49.718+0530] {logging_mixin.py:188} INFO - [2025-10-30T15:42:49.718+0530] {dagbag.py:545} INFO - Filling up the DagBag from /home/logi/txtai/venv/lib/python3.10/site-packages/airflow/example_dags/example_branch_labels.py
[2025-10-30T15:42:49.731+0530] {processor.py:840} INFO - DAG(s) 'example_branch_labels' retrieved from /home/logi/txtai/venv/lib/python3.10/site-packages/airflow/example_dags/example_branch_labels.py
[2025-10-30T15:42:49.762+0530] {logging_mixin.py:188} INFO - [2025-10-30T15:42:49.762+0530] {dag.py:3089} INFO - Sync 1 DAGs
[2025-10-30T15:42:49.780+0530] {logging_mixin.py:188} INFO - [2025-10-30T15:42:49.780+0530] {dag.py:3947} INFO - Setting next_dagrun for example_branch_labels to 2025-10-29 00:00:00+00:00, run_after=2025-10-30 00:00:00+00:00
[2025-10-30T15:42:49.809+0530] {processor.py:183} INFO - Processing /home/logi/txtai/venv/lib/python3.10/site-packages/airflow/example_dags/example_branch_labels.py took 0.121 seconds
[2025-10-30T15:44:04.154+0530] {processor.py:161} INFO - Started process (PID=9850) to work on /home/logi/txtai/venv/lib/python3.10/site-packages/airflow/example_dags/example_branch_labels.py
[2025-10-30T15:44:04.167+0530] {processor.py:830} INFO - Processing file /home/logi/txtai/venv/lib/python3.10/site-packages/airflow/example_dags/example_branch_labels.py for tasks to queue
[2025-10-30T15:44:04.172+0530] {logging_mixin.py:188} INFO - [2025-10-30T15:44:04.171+0530] {dagbag.py:545} INFO - Filling up the DagBag from /home/logi/txtai/venv/lib/python3.10/site-packages/airflow/example_dags/example_branch_labels.py
[2025-10-30T15:44:04.185+0530] {processor.py:840} INFO - DAG(s) 'example_branch_labels' retrieved from /home/logi/txtai/venv/lib/python3.10/site-packages/airflow/example_dags/example_branch_labels.py
[2025-10-30T15:44:04.214+0530] {logging_mixin.py:188} INFO - [2025-10-30T15:44:04.213+0530] {dag.py:3089} INFO - Sync 1 DAGs
[2025-10-30T15:44:04.234+0530] {logging_mixin.py:188} INFO - [2025-10-30T15:44:04.234+0530] {dag.py:3947} INFO - Setting next_dagrun for example_branch_labels to 2025-10-29 00:00:00+00:00, run_after=2025-10-30 00:00:00+00:00
[2025-10-30T15:44:04.255+0530] {processor.py:183} INFO - Processing /home/logi/txtai/venv/lib/python3.10/site-packages/airflow/example_dags/example_branch_labels.py took 0.113 seconds
[2025-10-30T15:45:17.268+0530] {processor.py:161} INFO - Started process (PID=10105) to work on /home/logi/txtai/venv/lib/python3.10/site-packages/airflow/example_dags/example_branch_labels.py
[2025-10-30T15:45:17.272+0530] {processor.py:830} INFO - Processing file /home/logi/txtai/venv/lib/python3.10/site-packages/airflow/example_dags/example_branch_labels.py for tasks to queue
[2025-10-30T15:45:17.276+0530] {logging_mixin.py:188} INFO - [2025-10-30T15:45:17.276+0530] {dagbag.py:545} INFO - Filling up the DagBag from /home/logi/txtai/venv/lib/python3.10/site-packages/airflow/example_dags/example_branch_labels.py
[2025-10-30T15:45:17.291+0530] {processor.py:840} INFO - DAG(s) 'example_branch_labels' retrieved from /home/logi/txtai/venv/lib/python3.10/site-packages/airflow/example_dags/example_branch_labels.py
[2025-10-30T15:45:17.318+0530] {logging_mixin.py:188} INFO - [2025-10-30T15:45:17.317+0530] {dag.py:3089} INFO - Sync 1 DAGs
[2025-10-30T15:45:17.337+0530] {logging_mixin.py:188} INFO - [2025-10-30T15:45:17.336+0530] {dag.py:3947} INFO - Setting next_dagrun for example_branch_labels to 2025-10-29 00:00:00+00:00, run_after=2025-10-30 00:00:00+00:00
[2025-10-30T15:45:17.359+0530] {processor.py:183} INFO - Processing /home/logi/txtai/venv/lib/python3.10/site-packages/airflow/example_dags/example_branch_labels.py took 0.103 seconds
[2025-10-30T15:46:30.564+0530] {processor.py:161} INFO - Started process (PID=10219) to work on /home/logi/txtai/venv/lib/python3.10/site-packages/airflow/example_dags/example_branch_labels.py
[2025-10-30T15:46:30.577+0530] {processor.py:830} INFO - Processing file /home/logi/txtai/venv/lib/python3.10/site-packages/airflow/example_dags/example_branch_labels.py for tasks to queue
[2025-10-30T15:46:30.580+0530] {logging_mixin.py:188} INFO - [2025-10-30T15:46:30.579+0530] {dagbag.py:545} INFO - Filling up the DagBag from /home/logi/txtai/venv/lib/python3.10/site-packages/airflow/example_dags/example_branch_labels.py
[2025-10-30T15:46:30.593+0530] {processor.py:840} INFO - DAG(s) 'example_branch_labels' retrieved from /home/logi/txtai/venv/lib/python3.10/site-packages/airflow/example_dags/example_branch_labels.py
[2025-10-30T15:46:30.621+0530] {logging_mixin.py:188} INFO - [2025-10-30T15:46:30.621+0530] {dag.py:3089} INFO - Sync 1 DAGs
[2025-10-30T15:46:30.640+0530] {logging_mixin.py:188} INFO - [2025-10-30T15:46:30.640+0530] {dag.py:3947} INFO - Setting next_dagrun for example_branch_labels to 2025-10-29 00:00:00+00:00, run_after=2025-10-30 00:00:00+00:00
[2025-10-30T15:46:30.666+0530] {processor.py:183} INFO - Processing /home/logi/txtai/venv/lib/python3.10/site-packages/airflow/example_dags/example_branch_labels.py took 0.114 seconds
[2025-10-30T15:47:42.821+0530] {processor.py:161} INFO - Started process (PID=10330) to work on /home/logi/txtai/venv/lib/python3.10/site-packages/airflow/example_dags/example_branch_labels.py
[2025-10-30T15:47:42.834+0530] {processor.py:830} INFO - Processing file /home/logi/txtai/venv/lib/python3.10/site-packages/airflow/example_dags/example_branch_labels.py for tasks to queue
[2025-10-30T15:47:42.839+0530] {logging_mixin.py:188} INFO - [2025-10-30T15:47:42.838+0530] {dagbag.py:545} INFO - Filling up the DagBag from /home/logi/txtai/venv/lib/python3.10/site-packages/airflow/example_dags/example_branch_labels.py
[2025-10-30T15:47:42.852+0530] {processor.py:840} INFO - DAG(s) 'example_branch_labels' retrieved from /home/logi/txtai/venv/lib/python3.10/site-packages/airflow/example_dags/example_branch_labels.py
[2025-10-30T15:47:42.881+0530] {logging_mixin.py:188} INFO - [2025-10-30T15:47:42.880+0530] {dag.py:3089} INFO - Sync 1 DAGs
[2025-10-30T15:47:42.900+0530] {logging_mixin.py:188} INFO - [2025-10-30T15:47:42.900+0530] {dag.py:3947} INFO - Setting next_dagrun for example_branch_labels to 2025-10-29 00:00:00+00:00, run_after=2025-10-30 00:00:00+00:00
[2025-10-30T15:47:42.920+0530] {processor.py:183} INFO - Processing /home/logi/txtai/venv/lib/python3.10/site-packages/airflow/example_dags/example_branch_labels.py took 0.110 seconds
[2025-10-30T15:49:00.047+0530] {processor.py:161} INFO - Started process (PID=10434) to work on /home/logi/txtai/venv/lib/python3.10/site-packages/airflow/example_dags/example_branch_labels.py
[2025-10-30T15:49:00.060+0530] {processor.py:830} INFO - Processing file /home/logi/txtai/venv/lib/python3.10/site-packages/airflow/example_dags/example_branch_labels.py for tasks to queue
[2025-10-30T15:49:00.064+0530] {logging_mixin.py:188} INFO - [2025-10-30T15:49:00.063+0530] {dagbag.py:545} INFO - Filling up the DagBag from /home/logi/txtai/venv/lib/python3.10/site-packages/airflow/example_dags/example_branch_labels.py
[2025-10-30T15:49:00.077+0530] {processor.py:840} INFO - DAG(s) 'example_branch_labels' retrieved from /home/logi/txtai/venv/lib/python3.10/site-packages/airflow/example_dags/example_branch_labels.py
[2025-10-30T15:49:00.105+0530] {logging_mixin.py:188} INFO - [2025-10-30T15:49:00.104+0530] {dag.py:3089} INFO - Sync 1 DAGs
[2025-10-30T15:49:00.123+0530] {logging_mixin.py:188} INFO - [2025-10-30T15:49:00.123+0530] {dag.py:3947} INFO - Setting next_dagrun for example_branch_labels to 2025-10-29 00:00:00+00:00, run_after=2025-10-30 00:00:00+00:00
[2025-10-30T15:49:00.143+0530] {processor.py:183} INFO - Processing /home/logi/txtai/venv/lib/python3.10/site-packages/airflow/example_dags/example_branch_labels.py took 0.107 seconds
[2025-10-30T15:50:11.858+0530] {processor.py:161} INFO - Started process (PID=10591) to work on /home/logi/txtai/venv/lib/python3.10/site-packages/airflow/example_dags/example_branch_labels.py
[2025-10-30T15:50:11.871+0530] {processor.py:830} INFO - Processing file /home/logi/txtai/venv/lib/python3.10/site-packages/airflow/example_dags/example_branch_labels.py for tasks to queue
[2025-10-30T15:50:11.874+0530] {logging_mixin.py:188} INFO - [2025-10-30T15:50:11.873+0530] {dagbag.py:545} INFO - Filling up the DagBag from /home/logi/txtai/venv/lib/python3.10/site-packages/airflow/example_dags/example_branch_labels.py
[2025-10-30T15:50:11.888+0530] {processor.py:840} INFO - DAG(s) 'example_branch_labels' retrieved from /home/logi/txtai/venv/lib/python3.10/site-packages/airflow/example_dags/example_branch_labels.py
[2025-10-30T15:50:11.916+0530] {logging_mixin.py:188} INFO - [2025-10-30T15:50:11.915+0530] {dag.py:3089} INFO - Sync 1 DAGs
[2025-10-30T15:50:11.933+0530] {logging_mixin.py:188} INFO - [2025-10-30T15:50:11.933+0530] {dag.py:3947} INFO - Setting next_dagrun for example_branch_labels to 2025-10-29 00:00:00+00:00, run_after=2025-10-30 00:00:00+00:00
[2025-10-30T15:50:11.960+0530] {processor.py:183} INFO - Processing /home/logi/txtai/venv/lib/python3.10/site-packages/airflow/example_dags/example_branch_labels.py took 0.111 seconds
[2025-10-30T15:51:25.225+0530] {processor.py:161} INFO - Started process (PID=10675) to work on /home/logi/txtai/venv/lib/python3.10/site-packages/airflow/example_dags/example_branch_labels.py
[2025-10-30T15:51:25.239+0530] {processor.py:830} INFO - Processing file /home/logi/txtai/venv/lib/python3.10/site-packages/airflow/example_dags/example_branch_labels.py for tasks to queue
[2025-10-30T15:51:25.242+0530] {logging_mixin.py:188} INFO - [2025-10-30T15:51:25.241+0530] {dagbag.py:545} INFO - Filling up the DagBag from /home/logi/txtai/venv/lib/python3.10/site-packages/airflow/example_dags/example_branch_labels.py
[2025-10-30T15:51:25.257+0530] {processor.py:840} INFO - DAG(s) 'example_branch_labels' retrieved from /home/logi/txtai/venv/lib/python3.10/site-packages/airflow/example_dags/example_branch_labels.py
[2025-10-30T15:51:25.287+0530] {logging_mixin.py:188} INFO - [2025-10-30T15:51:25.287+0530] {dag.py:3089} INFO - Sync 1 DAGs
[2025-10-30T15:51:25.306+0530] {logging_mixin.py:188} INFO - [2025-10-30T15:51:25.306+0530] {dag.py:3947} INFO - Setting next_dagrun for example_branch_labels to 2025-10-29 00:00:00+00:00, run_after=2025-10-30 00:00:00+00:00
[2025-10-30T15:51:25.327+0530] {processor.py:183} INFO - Processing /home/logi/txtai/venv/lib/python3.10/site-packages/airflow/example_dags/example_branch_labels.py took 0.113 seconds
[2025-10-30T15:52:41.674+0530] {processor.py:161} INFO - Started process (PID=10845) to work on /home/logi/txtai/venv/lib/python3.10/site-packages/airflow/example_dags/example_branch_labels.py
[2025-10-30T15:52:41.692+0530] {processor.py:830} INFO - Processing file /home/logi/txtai/venv/lib/python3.10/site-packages/airflow/example_dags/example_branch_labels.py for tasks to queue
[2025-10-30T15:52:41.698+0530] {logging_mixin.py:188} INFO - [2025-10-30T15:52:41.697+0530] {dagbag.py:545} INFO - Filling up the DagBag from /home/logi/txtai/venv/lib/python3.10/site-packages/airflow/example_dags/example_branch_labels.py
[2025-10-30T15:52:41.739+0530] {processor.py:840} INFO - DAG(s) 'example_branch_labels' retrieved from /home/logi/txtai/venv/lib/python3.10/site-packages/airflow/example_dags/example_branch_labels.py
[2025-10-30T15:52:41.808+0530] {logging_mixin.py:188} INFO - [2025-10-30T15:52:41.806+0530] {dag.py:3089} INFO - Sync 1 DAGs
[2025-10-30T15:52:41.855+0530] {logging_mixin.py:188} INFO - [2025-10-30T15:52:41.854+0530] {dag.py:3947} INFO - Setting next_dagrun for example_branch_labels to 2025-10-29 00:00:00+00:00, run_after=2025-10-30 00:00:00+00:00
[2025-10-30T15:52:41.910+0530] {processor.py:183} INFO - Processing /home/logi/txtai/venv/lib/python3.10/site-packages/airflow/example_dags/example_branch_labels.py took 0.267 seconds
[2025-10-30T15:53:58.670+0530] {processor.py:161} INFO - Started process (PID=11262) to work on /home/logi/txtai/venv/lib/python3.10/site-packages/airflow/example_dags/example_branch_labels.py
[2025-10-30T15:53:58.684+0530] {processor.py:830} INFO - Processing file /home/logi/txtai/venv/lib/python3.10/site-packages/airflow/example_dags/example_branch_labels.py for tasks to queue
[2025-10-30T15:53:58.687+0530] {logging_mixin.py:188} INFO - [2025-10-30T15:53:58.687+0530] {dagbag.py:545} INFO - Filling up the DagBag from /home/logi/txtai/venv/lib/python3.10/site-packages/airflow/example_dags/example_branch_labels.py
[2025-10-30T15:53:58.706+0530] {processor.py:840} INFO - DAG(s) 'example_branch_labels' retrieved from /home/logi/txtai/venv/lib/python3.10/site-packages/airflow/example_dags/example_branch_labels.py
[2025-10-30T15:53:58.736+0530] {logging_mixin.py:188} INFO - [2025-10-30T15:53:58.736+0530] {dag.py:3089} INFO - Sync 1 DAGs
[2025-10-30T15:53:58.753+0530] {logging_mixin.py:188} INFO - [2025-10-30T15:53:58.753+0530] {dag.py:3947} INFO - Setting next_dagrun for example_branch_labels to 2025-10-29 00:00:00+00:00, run_after=2025-10-30 00:00:00+00:00
[2025-10-30T15:53:58.774+0530] {processor.py:183} INFO - Processing /home/logi/txtai/venv/lib/python3.10/site-packages/airflow/example_dags/example_branch_labels.py took 0.115 seconds
[2025-10-30T15:55:17.709+0530] {processor.py:161} INFO - Started process (PID=11507) to work on /home/logi/txtai/venv/lib/python3.10/site-packages/airflow/example_dags/example_branch_labels.py
[2025-10-30T15:55:17.722+0530] {processor.py:830} INFO - Processing file /home/logi/txtai/venv/lib/python3.10/site-packages/airflow/example_dags/example_branch_labels.py for tasks to queue
[2025-10-30T15:55:17.726+0530] {logging_mixin.py:188} INFO - [2025-10-30T15:55:17.725+0530] {dagbag.py:545} INFO - Filling up the DagBag from /home/logi/txtai/venv/lib/python3.10/site-packages/airflow/example_dags/example_branch_labels.py
[2025-10-30T15:55:17.741+0530] {processor.py:840} INFO - DAG(s) 'example_branch_labels' retrieved from /home/logi/txtai/venv/lib/python3.10/site-packages/airflow/example_dags/example_branch_labels.py
[2025-10-30T15:55:17.775+0530] {logging_mixin.py:188} INFO - [2025-10-30T15:55:17.775+0530] {dag.py:3089} INFO - Sync 1 DAGs
[2025-10-30T15:55:17.793+0530] {logging_mixin.py:188} INFO - [2025-10-30T15:55:17.792+0530] {dag.py:3947} INFO - Setting next_dagrun for example_branch_labels to 2025-10-29 00:00:00+00:00, run_after=2025-10-30 00:00:00+00:00
[2025-10-30T15:55:17.821+0530] {processor.py:183} INFO - Processing /home/logi/txtai/venv/lib/python3.10/site-packages/airflow/example_dags/example_branch_labels.py took 0.123 seconds
[2025-10-30T15:56:14.098+0530] {processor.py:161} INFO - Started process (PID=11622) to work on /home/logi/txtai/venv/lib/python3.10/site-packages/airflow/example_dags/example_branch_labels.py
[2025-10-30T15:56:14.111+0530] {processor.py:830} INFO - Processing file /home/logi/txtai/venv/lib/python3.10/site-packages/airflow/example_dags/example_branch_labels.py for tasks to queue
[2025-10-30T15:56:14.115+0530] {logging_mixin.py:188} INFO - [2025-10-30T15:56:14.114+0530] {dagbag.py:545} INFO - Filling up the DagBag from /home/logi/txtai/venv/lib/python3.10/site-packages/airflow/example_dags/example_branch_labels.py
[2025-10-30T15:56:14.128+0530] {processor.py:840} INFO - DAG(s) 'example_branch_labels' retrieved from /home/logi/txtai/venv/lib/python3.10/site-packages/airflow/example_dags/example_branch_labels.py
[2025-10-30T15:56:14.153+0530] {logging_mixin.py:188} INFO - [2025-10-30T15:56:14.152+0530] {dag.py:3089} INFO - Sync 1 DAGs
[2025-10-30T15:56:14.170+0530] {logging_mixin.py:188} INFO - [2025-10-30T15:56:14.169+0530] {dag.py:3947} INFO - Setting next_dagrun for example_branch_labels to 2025-10-29 00:00:00+00:00, run_after=2025-10-30 00:00:00+00:00
[2025-10-30T15:56:14.191+0530] {processor.py:183} INFO - Processing /home/logi/txtai/venv/lib/python3.10/site-packages/airflow/example_dags/example_branch_labels.py took 0.104 seconds
[2025-10-30T15:57:40.011+0530] {processor.py:161} INFO - Started process (PID=11813) to work on /home/logi/txtai/venv/lib/python3.10/site-packages/airflow/example_dags/example_branch_labels.py
[2025-10-30T15:57:40.024+0530] {processor.py:830} INFO - Processing file /home/logi/txtai/venv/lib/python3.10/site-packages/airflow/example_dags/example_branch_labels.py for tasks to queue
[2025-10-30T15:57:40.027+0530] {logging_mixin.py:188} INFO - [2025-10-30T15:57:40.026+0530] {dagbag.py:545} INFO - Filling up the DagBag from /home/logi/txtai/venv/lib/python3.10/site-packages/airflow/example_dags/example_branch_labels.py
[2025-10-30T15:57:40.041+0530] {processor.py:840} INFO - DAG(s) 'example_branch_labels' retrieved from /home/logi/txtai/venv/lib/python3.10/site-packages/airflow/example_dags/example_branch_labels.py
[2025-10-30T15:57:40.068+0530] {logging_mixin.py:188} INFO - [2025-10-30T15:57:40.067+0530] {dag.py:3089} INFO - Sync 1 DAGs
[2025-10-30T15:57:40.088+0530] {logging_mixin.py:188} INFO - [2025-10-30T15:57:40.088+0530] {dag.py:3947} INFO - Setting next_dagrun for example_branch_labels to 2025-10-29 00:00:00+00:00, run_after=2025-10-30 00:00:00+00:00
[2025-10-30T15:57:40.115+0530] {processor.py:183} INFO - Processing /home/logi/txtai/venv/lib/python3.10/site-packages/airflow/example_dags/example_branch_labels.py took 0.116 seconds
[2025-10-30T15:58:39.011+0530] {processor.py:161} INFO - Started process (PID=11953) to work on /home/logi/txtai/venv/lib/python3.10/site-packages/airflow/example_dags/example_branch_labels.py
[2025-10-30T15:58:39.024+0530] {processor.py:830} INFO - Processing file /home/logi/txtai/venv/lib/python3.10/site-packages/airflow/example_dags/example_branch_labels.py for tasks to queue
[2025-10-30T15:58:39.027+0530] {logging_mixin.py:188} INFO - [2025-10-30T15:58:39.027+0530] {dagbag.py:545} INFO - Filling up the DagBag from /home/logi/txtai/venv/lib/python3.10/site-packages/airflow/example_dags/example_branch_labels.py
[2025-10-30T15:58:39.041+0530] {processor.py:840} INFO - DAG(s) 'example_branch_labels' retrieved from /home/logi/txtai/venv/lib/python3.10/site-packages/airflow/example_dags/example_branch_labels.py
[2025-10-30T15:58:39.057+0530] {logging_mixin.py:188} INFO - [2025-10-30T15:58:39.057+0530] {dag.py:3089} INFO - Sync 1 DAGs
[2025-10-30T15:58:39.074+0530] {logging_mixin.py:188} INFO - [2025-10-30T15:58:39.074+0530] {dag.py:3947} INFO - Setting next_dagrun for example_branch_labels to 2025-10-29 00:00:00+00:00, run_after=2025-10-30 00:00:00+00:00
[2025-10-30T15:58:39.094+0530] {processor.py:183} INFO - Processing /home/logi/txtai/venv/lib/python3.10/site-packages/airflow/example_dags/example_branch_labels.py took 0.094 seconds
[2025-10-30T15:59:35.402+0530] {processor.py:161} INFO - Started process (PID=12112) to work on /home/logi/txtai/venv/lib/python3.10/site-packages/airflow/example_dags/example_branch_labels.py
[2025-10-30T15:59:35.408+0530] {processor.py:830} INFO - Processing file /home/logi/txtai/venv/lib/python3.10/site-packages/airflow/example_dags/example_branch_labels.py for tasks to queue
[2025-10-30T15:59:35.411+0530] {logging_mixin.py:188} INFO - [2025-10-30T15:59:35.411+0530] {dagbag.py:545} INFO - Filling up the DagBag from /home/logi/txtai/venv/lib/python3.10/site-packages/airflow/example_dags/example_branch_labels.py
[2025-10-30T15:59:35.425+0530] {processor.py:840} INFO - DAG(s) 'example_branch_labels' retrieved from /home/logi/txtai/venv/lib/python3.10/site-packages/airflow/example_dags/example_branch_labels.py
[2025-10-30T15:59:35.452+0530] {logging_mixin.py:188} INFO - [2025-10-30T15:59:35.452+0530] {dag.py:3089} INFO - Sync 1 DAGs
[2025-10-30T15:59:35.470+0530] {logging_mixin.py:188} INFO - [2025-10-30T15:59:35.470+0530] {dag.py:3947} INFO - Setting next_dagrun for example_branch_labels to 2025-10-29 00:00:00+00:00, run_after=2025-10-30 00:00:00+00:00
[2025-10-30T15:59:35.492+0530] {processor.py:183} INFO - Processing /home/logi/txtai/venv/lib/python3.10/site-packages/airflow/example_dags/example_branch_labels.py took 0.100 seconds
[2025-10-30T16:00:29.884+0530] {processor.py:161} INFO - Started process (PID=12262) to work on /home/logi/txtai/venv/lib/python3.10/site-packages/airflow/example_dags/example_branch_labels.py
[2025-10-30T16:00:29.898+0530] {processor.py:830} INFO - Processing file /home/logi/txtai/venv/lib/python3.10/site-packages/airflow/example_dags/example_branch_labels.py for tasks to queue
[2025-10-30T16:00:29.901+0530] {logging_mixin.py:188} INFO - [2025-10-30T16:00:29.901+0530] {dagbag.py:545} INFO - Filling up the DagBag from /home/logi/txtai/venv/lib/python3.10/site-packages/airflow/example_dags/example_branch_labels.py
[2025-10-30T16:00:29.916+0530] {processor.py:840} INFO - DAG(s) 'example_branch_labels' retrieved from /home/logi/txtai/venv/lib/python3.10/site-packages/airflow/example_dags/example_branch_labels.py
[2025-10-30T16:00:29.944+0530] {logging_mixin.py:188} INFO - [2025-10-30T16:00:29.943+0530] {dag.py:3089} INFO - Sync 1 DAGs
[2025-10-30T16:00:29.962+0530] {logging_mixin.py:188} INFO - [2025-10-30T16:00:29.962+0530] {dag.py:3947} INFO - Setting next_dagrun for example_branch_labels to 2025-10-29 00:00:00+00:00, run_after=2025-10-30 00:00:00+00:00
[2025-10-30T16:00:29.990+0530] {processor.py:183} INFO - Processing /home/logi/txtai/venv/lib/python3.10/site-packages/airflow/example_dags/example_branch_labels.py took 0.116 seconds
[2025-10-30T16:01:51.807+0530] {processor.py:161} INFO - Started process (PID=12529) to work on /home/logi/txtai/venv/lib/python3.10/site-packages/airflow/example_dags/example_branch_labels.py
[2025-10-30T16:01:51.820+0530] {processor.py:830} INFO - Processing file /home/logi/txtai/venv/lib/python3.10/site-packages/airflow/example_dags/example_branch_labels.py for tasks to queue
[2025-10-30T16:01:51.823+0530] {logging_mixin.py:188} INFO - [2025-10-30T16:01:51.822+0530] {dagbag.py:545} INFO - Filling up the DagBag from /home/logi/txtai/venv/lib/python3.10/site-packages/airflow/example_dags/example_branch_labels.py
[2025-10-30T16:01:51.837+0530] {processor.py:840} INFO - DAG(s) 'example_branch_labels' retrieved from /home/logi/txtai/venv/lib/python3.10/site-packages/airflow/example_dags/example_branch_labels.py
[2025-10-30T16:01:51.873+0530] {logging_mixin.py:188} INFO - [2025-10-30T16:01:51.873+0530] {dag.py:3089} INFO - Sync 1 DAGs
[2025-10-30T16:01:51.910+0530] {logging_mixin.py:188} INFO - [2025-10-30T16:01:51.910+0530] {dag.py:3947} INFO - Setting next_dagrun for example_branch_labels to 2025-10-29 00:00:00+00:00, run_after=2025-10-30 00:00:00+00:00
[2025-10-30T16:01:51.932+0530] {processor.py:183} INFO - Processing /home/logi/txtai/venv/lib/python3.10/site-packages/airflow/example_dags/example_branch_labels.py took 0.137 seconds
[2025-10-30T16:02:48.365+0530] {processor.py:161} INFO - Started process (PID=12677) to work on /home/logi/txtai/venv/lib/python3.10/site-packages/airflow/example_dags/example_branch_labels.py
[2025-10-30T16:02:48.380+0530] {processor.py:830} INFO - Processing file /home/logi/txtai/venv/lib/python3.10/site-packages/airflow/example_dags/example_branch_labels.py for tasks to queue
[2025-10-30T16:02:48.386+0530] {logging_mixin.py:188} INFO - [2025-10-30T16:02:48.385+0530] {dagbag.py:545} INFO - Filling up the DagBag from /home/logi/txtai/venv/lib/python3.10/site-packages/airflow/example_dags/example_branch_labels.py
[2025-10-30T16:02:48.400+0530] {processor.py:840} INFO - DAG(s) 'example_branch_labels' retrieved from /home/logi/txtai/venv/lib/python3.10/site-packages/airflow/example_dags/example_branch_labels.py
[2025-10-30T16:02:48.429+0530] {logging_mixin.py:188} INFO - [2025-10-30T16:02:48.429+0530] {dag.py:3089} INFO - Sync 1 DAGs
[2025-10-30T16:02:48.447+0530] {logging_mixin.py:188} INFO - [2025-10-30T16:02:48.446+0530] {dag.py:3947} INFO - Setting next_dagrun for example_branch_labels to 2025-10-29 00:00:00+00:00, run_after=2025-10-30 00:00:00+00:00
[2025-10-30T16:02:48.467+0530] {processor.py:183} INFO - Processing /home/logi/txtai/venv/lib/python3.10/site-packages/airflow/example_dags/example_branch_labels.py took 0.114 seconds
[2025-10-30T16:03:46.182+0530] {processor.py:161} INFO - Started process (PID=12819) to work on /home/logi/txtai/venv/lib/python3.10/site-packages/airflow/example_dags/example_branch_labels.py
[2025-10-30T16:03:46.203+0530] {processor.py:830} INFO - Processing file /home/logi/txtai/venv/lib/python3.10/site-packages/airflow/example_dags/example_branch_labels.py for tasks to queue
[2025-10-30T16:03:46.214+0530] {logging_mixin.py:188} INFO - [2025-10-30T16:03:46.213+0530] {dagbag.py:545} INFO - Filling up the DagBag from /home/logi/txtai/venv/lib/python3.10/site-packages/airflow/example_dags/example_branch_labels.py
[2025-10-30T16:03:46.224+0530] {processor.py:840} INFO - DAG(s) 'example_branch_labels' retrieved from /home/logi/txtai/venv/lib/python3.10/site-packages/airflow/example_dags/example_branch_labels.py
[2025-10-30T16:03:46.242+0530] {logging_mixin.py:188} INFO - [2025-10-30T16:03:46.242+0530] {dag.py:3089} INFO - Sync 1 DAGs
[2025-10-30T16:03:46.267+0530] {logging_mixin.py:188} INFO - [2025-10-30T16:03:46.267+0530] {dag.py:3947} INFO - Setting next_dagrun for example_branch_labels to 2025-10-29 00:00:00+00:00, run_after=2025-10-30 00:00:00+00:00
[2025-10-30T16:03:46.288+0530] {processor.py:183} INFO - Processing /home/logi/txtai/venv/lib/python3.10/site-packages/airflow/example_dags/example_branch_labels.py took 0.151 seconds
[2025-10-30T16:04:44.721+0530] {processor.py:161} INFO - Started process (PID=12975) to work on /home/logi/txtai/venv/lib/python3.10/site-packages/airflow/example_dags/example_branch_labels.py
[2025-10-30T16:04:44.734+0530] {processor.py:830} INFO - Processing file /home/logi/txtai/venv/lib/python3.10/site-packages/airflow/example_dags/example_branch_labels.py for tasks to queue
[2025-10-30T16:04:44.737+0530] {logging_mixin.py:188} INFO - [2025-10-30T16:04:44.737+0530] {dagbag.py:545} INFO - Filling up the DagBag from /home/logi/txtai/venv/lib/python3.10/site-packages/airflow/example_dags/example_branch_labels.py
[2025-10-30T16:04:44.752+0530] {processor.py:840} INFO - DAG(s) 'example_branch_labels' retrieved from /home/logi/txtai/venv/lib/python3.10/site-packages/airflow/example_dags/example_branch_labels.py
[2025-10-30T16:04:44.781+0530] {logging_mixin.py:188} INFO - [2025-10-30T16:04:44.780+0530] {dag.py:3089} INFO - Sync 1 DAGs
[2025-10-30T16:04:44.800+0530] {logging_mixin.py:188} INFO - [2025-10-30T16:04:44.799+0530] {dag.py:3947} INFO - Setting next_dagrun for example_branch_labels to 2025-10-29 00:00:00+00:00, run_after=2025-10-30 00:00:00+00:00
[2025-10-30T16:04:44.823+0530] {processor.py:183} INFO - Processing /home/logi/txtai/venv/lib/python3.10/site-packages/airflow/example_dags/example_branch_labels.py took 0.114 seconds
[2025-10-30T16:05:40.603+0530] {processor.py:161} INFO - Started process (PID=13123) to work on /home/logi/txtai/venv/lib/python3.10/site-packages/airflow/example_dags/example_branch_labels.py
[2025-10-30T16:05:40.617+0530] {processor.py:830} INFO - Processing file /home/logi/txtai/venv/lib/python3.10/site-packages/airflow/example_dags/example_branch_labels.py for tasks to queue
[2025-10-30T16:05:40.620+0530] {logging_mixin.py:188} INFO - [2025-10-30T16:05:40.619+0530] {dagbag.py:545} INFO - Filling up the DagBag from /home/logi/txtai/venv/lib/python3.10/site-packages/airflow/example_dags/example_branch_labels.py
[2025-10-30T16:05:40.633+0530] {processor.py:840} INFO - DAG(s) 'example_branch_labels' retrieved from /home/logi/txtai/venv/lib/python3.10/site-packages/airflow/example_dags/example_branch_labels.py
[2025-10-30T16:05:40.661+0530] {logging_mixin.py:188} INFO - [2025-10-30T16:05:40.660+0530] {dag.py:3089} INFO - Sync 1 DAGs
[2025-10-30T16:05:40.681+0530] {logging_mixin.py:188} INFO - [2025-10-30T16:05:40.680+0530] {dag.py:3947} INFO - Setting next_dagrun for example_branch_labels to 2025-10-29 00:00:00+00:00, run_after=2025-10-30 00:00:00+00:00
[2025-10-30T16:05:40.709+0530] {processor.py:183} INFO - Processing /home/logi/txtai/venv/lib/python3.10/site-packages/airflow/example_dags/example_branch_labels.py took 0.116 seconds
[2025-10-30T16:06:58.453+0530] {processor.py:161} INFO - Started process (PID=13232) to work on /home/logi/txtai/venv/lib/python3.10/site-packages/airflow/example_dags/example_branch_labels.py
[2025-10-30T16:06:58.466+0530] {processor.py:830} INFO - Processing file /home/logi/txtai/venv/lib/python3.10/site-packages/airflow/example_dags/example_branch_labels.py for tasks to queue
[2025-10-30T16:06:58.469+0530] {logging_mixin.py:188} INFO - [2025-10-30T16:06:58.469+0530] {dagbag.py:545} INFO - Filling up the DagBag from /home/logi/txtai/venv/lib/python3.10/site-packages/airflow/example_dags/example_branch_labels.py
[2025-10-30T16:06:58.483+0530] {processor.py:840} INFO - DAG(s) 'example_branch_labels' retrieved from /home/logi/txtai/venv/lib/python3.10/site-packages/airflow/example_dags/example_branch_labels.py
[2025-10-30T16:06:58.512+0530] {logging_mixin.py:188} INFO - [2025-10-30T16:06:58.512+0530] {dag.py:3089} INFO - Sync 1 DAGs
[2025-10-30T16:06:58.531+0530] {logging_mixin.py:188} INFO - [2025-10-30T16:06:58.531+0530] {dag.py:3947} INFO - Setting next_dagrun for example_branch_labels to 2025-10-29 00:00:00+00:00, run_after=2025-10-30 00:00:00+00:00
[2025-10-30T16:06:58.553+0530] {processor.py:183} INFO - Processing /home/logi/txtai/venv/lib/python3.10/site-packages/airflow/example_dags/example_branch_labels.py took 0.111 seconds
[2025-10-30T16:07:52.307+0530] {processor.py:161} INFO - Started process (PID=13304) to work on /home/logi/txtai/venv/lib/python3.10/site-packages/airflow/example_dags/example_branch_labels.py
[2025-10-30T16:07:52.320+0530] {processor.py:830} INFO - Processing file /home/logi/txtai/venv/lib/python3.10/site-packages/airflow/example_dags/example_branch_labels.py for tasks to queue
[2025-10-30T16:07:52.323+0530] {logging_mixin.py:188} INFO - [2025-10-30T16:07:52.323+0530] {dagbag.py:545} INFO - Filling up the DagBag from /home/logi/txtai/venv/lib/python3.10/site-packages/airflow/example_dags/example_branch_labels.py
[2025-10-30T16:07:52.337+0530] {processor.py:840} INFO - DAG(s) 'example_branch_labels' retrieved from /home/logi/txtai/venv/lib/python3.10/site-packages/airflow/example_dags/example_branch_labels.py
[2025-10-30T16:07:52.364+0530] {logging_mixin.py:188} INFO - [2025-10-30T16:07:52.364+0530] {dag.py:3089} INFO - Sync 1 DAGs
[2025-10-30T16:07:52.384+0530] {logging_mixin.py:188} INFO - [2025-10-30T16:07:52.384+0530] {dag.py:3947} INFO - Setting next_dagrun for example_branch_labels to 2025-10-29 00:00:00+00:00, run_after=2025-10-30 00:00:00+00:00
[2025-10-30T16:07:52.410+0530] {processor.py:183} INFO - Processing /home/logi/txtai/venv/lib/python3.10/site-packages/airflow/example_dags/example_branch_labels.py took 0.115 seconds
[2025-10-30T16:09:07.661+0530] {processor.py:161} INFO - Started process (PID=13444) to work on /home/logi/txtai/venv/lib/python3.10/site-packages/airflow/example_dags/example_branch_labels.py
[2025-10-30T16:09:07.680+0530] {processor.py:830} INFO - Processing file /home/logi/txtai/venv/lib/python3.10/site-packages/airflow/example_dags/example_branch_labels.py for tasks to queue
[2025-10-30T16:09:07.684+0530] {logging_mixin.py:188} INFO - [2025-10-30T16:09:07.683+0530] {dagbag.py:545} INFO - Filling up the DagBag from /home/logi/txtai/venv/lib/python3.10/site-packages/airflow/example_dags/example_branch_labels.py
[2025-10-30T16:09:07.702+0530] {processor.py:840} INFO - DAG(s) 'example_branch_labels' retrieved from /home/logi/txtai/venv/lib/python3.10/site-packages/airflow/example_dags/example_branch_labels.py
[2025-10-30T16:09:07.720+0530] {logging_mixin.py:188} INFO - [2025-10-30T16:09:07.720+0530] {dag.py:3089} INFO - Sync 1 DAGs
[2025-10-30T16:09:07.737+0530] {logging_mixin.py:188} INFO - [2025-10-30T16:09:07.737+0530] {dag.py:3947} INFO - Setting next_dagrun for example_branch_labels to 2025-10-29 00:00:00+00:00, run_after=2025-10-30 00:00:00+00:00
[2025-10-30T16:09:07.759+0530] {processor.py:183} INFO - Processing /home/logi/txtai/venv/lib/python3.10/site-packages/airflow/example_dags/example_branch_labels.py took 0.156 seconds
[2025-10-30T16:10:05.016+0530] {processor.py:161} INFO - Started process (PID=13593) to work on /home/logi/txtai/venv/lib/python3.10/site-packages/airflow/example_dags/example_branch_labels.py
[2025-10-30T16:10:05.021+0530] {processor.py:830} INFO - Processing file /home/logi/txtai/venv/lib/python3.10/site-packages/airflow/example_dags/example_branch_labels.py for tasks to queue
[2025-10-30T16:10:05.025+0530] {logging_mixin.py:188} INFO - [2025-10-30T16:10:05.024+0530] {dagbag.py:545} INFO - Filling up the DagBag from /home/logi/txtai/venv/lib/python3.10/site-packages/airflow/example_dags/example_branch_labels.py
[2025-10-30T16:10:05.039+0530] {processor.py:840} INFO - DAG(s) 'example_branch_labels' retrieved from /home/logi/txtai/venv/lib/python3.10/site-packages/airflow/example_dags/example_branch_labels.py
[2025-10-30T16:10:05.063+0530] {logging_mixin.py:188} INFO - [2025-10-30T16:10:05.062+0530] {dag.py:3089} INFO - Sync 1 DAGs
[2025-10-30T16:10:05.080+0530] {logging_mixin.py:188} INFO - [2025-10-30T16:10:05.080+0530] {dag.py:3947} INFO - Setting next_dagrun for example_branch_labels to 2025-10-29 00:00:00+00:00, run_after=2025-10-30 00:00:00+00:00
[2025-10-30T16:10:05.100+0530] {processor.py:183} INFO - Processing /home/logi/txtai/venv/lib/python3.10/site-packages/airflow/example_dags/example_branch_labels.py took 0.097 seconds
[2025-10-30T16:11:24.330+0530] {processor.py:161} INFO - Started process (PID=13747) to work on /home/logi/txtai/venv/lib/python3.10/site-packages/airflow/example_dags/example_branch_labels.py
[2025-10-30T16:11:24.343+0530] {processor.py:830} INFO - Processing file /home/logi/txtai/venv/lib/python3.10/site-packages/airflow/example_dags/example_branch_labels.py for tasks to queue
[2025-10-30T16:11:24.346+0530] {logging_mixin.py:188} INFO - [2025-10-30T16:11:24.346+0530] {dagbag.py:545} INFO - Filling up the DagBag from /home/logi/txtai/venv/lib/python3.10/site-packages/airflow/example_dags/example_branch_labels.py
[2025-10-30T16:11:24.360+0530] {processor.py:840} INFO - DAG(s) 'example_branch_labels' retrieved from /home/logi/txtai/venv/lib/python3.10/site-packages/airflow/example_dags/example_branch_labels.py
[2025-10-30T16:11:24.388+0530] {logging_mixin.py:188} INFO - [2025-10-30T16:11:24.387+0530] {dag.py:3089} INFO - Sync 1 DAGs
[2025-10-30T16:11:24.405+0530] {logging_mixin.py:188} INFO - [2025-10-30T16:11:24.405+0530] {dag.py:3947} INFO - Setting next_dagrun for example_branch_labels to 2025-10-29 00:00:00+00:00, run_after=2025-10-30 00:00:00+00:00
[2025-10-30T16:11:24.431+0530] {processor.py:183} INFO - Processing /home/logi/txtai/venv/lib/python3.10/site-packages/airflow/example_dags/example_branch_labels.py took 0.112 seconds
[2025-10-30T16:12:18.156+0530] {processor.py:161} INFO - Started process (PID=13856) to work on /home/logi/txtai/venv/lib/python3.10/site-packages/airflow/example_dags/example_branch_labels.py
[2025-10-30T16:12:18.158+0530] {processor.py:830} INFO - Processing file /home/logi/txtai/venv/lib/python3.10/site-packages/airflow/example_dags/example_branch_labels.py for tasks to queue
[2025-10-30T16:12:18.161+0530] {logging_mixin.py:188} INFO - [2025-10-30T16:12:18.161+0530] {dagbag.py:545} INFO - Filling up the DagBag from /home/logi/txtai/venv/lib/python3.10/site-packages/airflow/example_dags/example_branch_labels.py
[2025-10-30T16:12:18.176+0530] {processor.py:840} INFO - DAG(s) 'example_branch_labels' retrieved from /home/logi/txtai/venv/lib/python3.10/site-packages/airflow/example_dags/example_branch_labels.py
[2025-10-30T16:12:18.198+0530] {logging_mixin.py:188} INFO - [2025-10-30T16:12:18.198+0530] {dag.py:3089} INFO - Sync 1 DAGs
[2025-10-30T16:12:18.219+0530] {logging_mixin.py:188} INFO - [2025-10-30T16:12:18.219+0530] {dag.py:3947} INFO - Setting next_dagrun for example_branch_labels to 2025-10-29 00:00:00+00:00, run_after=2025-10-30 00:00:00+00:00
[2025-10-30T16:12:18.244+0530] {processor.py:183} INFO - Processing /home/logi/txtai/venv/lib/python3.10/site-packages/airflow/example_dags/example_branch_labels.py took 0.101 seconds
[2025-10-30T16:13:34.307+0530] {processor.py:161} INFO - Started process (PID=14021) to work on /home/logi/txtai/venv/lib/python3.10/site-packages/airflow/example_dags/example_branch_labels.py
[2025-10-30T16:13:34.320+0530] {processor.py:830} INFO - Processing file /home/logi/txtai/venv/lib/python3.10/site-packages/airflow/example_dags/example_branch_labels.py for tasks to queue
[2025-10-30T16:13:34.324+0530] {logging_mixin.py:188} INFO - [2025-10-30T16:13:34.323+0530] {dagbag.py:545} INFO - Filling up the DagBag from /home/logi/txtai/venv/lib/python3.10/site-packages/airflow/example_dags/example_branch_labels.py
[2025-10-30T16:13:34.341+0530] {processor.py:840} INFO - DAG(s) 'example_branch_labels' retrieved from /home/logi/txtai/venv/lib/python3.10/site-packages/airflow/example_dags/example_branch_labels.py
[2025-10-30T16:13:34.373+0530] {logging_mixin.py:188} INFO - [2025-10-30T16:13:34.372+0530] {dag.py:3089} INFO - Sync 1 DAGs
[2025-10-30T16:13:34.408+0530] {logging_mixin.py:188} INFO - [2025-10-30T16:13:34.408+0530] {dag.py:3947} INFO - Setting next_dagrun for example_branch_labels to 2025-10-29 00:00:00+00:00, run_after=2025-10-30 00:00:00+00:00
[2025-10-30T16:13:34.428+0530] {processor.py:183} INFO - Processing /home/logi/txtai/venv/lib/python3.10/site-packages/airflow/example_dags/example_branch_labels.py took 0.131 seconds
[2025-10-30T16:14:44.013+0530] {processor.py:161} INFO - Started process (PID=14196) to work on /home/logi/txtai/venv/lib/python3.10/site-packages/airflow/example_dags/example_branch_labels.py
[2025-10-30T16:14:44.026+0530] {processor.py:830} INFO - Processing file /home/logi/txtai/venv/lib/python3.10/site-packages/airflow/example_dags/example_branch_labels.py for tasks to queue
[2025-10-30T16:14:44.029+0530] {logging_mixin.py:188} INFO - [2025-10-30T16:14:44.028+0530] {dagbag.py:545} INFO - Filling up the DagBag from /home/logi/txtai/venv/lib/python3.10/site-packages/airflow/example_dags/example_branch_labels.py
[2025-10-30T16:14:44.042+0530] {processor.py:840} INFO - DAG(s) 'example_branch_labels' retrieved from /home/logi/txtai/venv/lib/python3.10/site-packages/airflow/example_dags/example_branch_labels.py
[2025-10-30T16:14:44.064+0530] {logging_mixin.py:188} INFO - [2025-10-30T16:14:44.063+0530] {dag.py:3089} INFO - Sync 1 DAGs
[2025-10-30T16:14:44.082+0530] {logging_mixin.py:188} INFO - [2025-10-30T16:14:44.082+0530] {dag.py:3947} INFO - Setting next_dagrun for example_branch_labels to 2025-10-29 00:00:00+00:00, run_after=2025-10-30 00:00:00+00:00
[2025-10-30T16:14:44.115+0530] {processor.py:183} INFO - Processing /home/logi/txtai/venv/lib/python3.10/site-packages/airflow/example_dags/example_branch_labels.py took 0.109 seconds
[2025-10-30T16:16:03.977+0530] {processor.py:161} INFO - Started process (PID=14345) to work on /home/logi/txtai/venv/lib/python3.10/site-packages/airflow/example_dags/example_branch_labels.py
[2025-10-30T16:16:03.990+0530] {processor.py:830} INFO - Processing file /home/logi/txtai/venv/lib/python3.10/site-packages/airflow/example_dags/example_branch_labels.py for tasks to queue
[2025-10-30T16:16:03.994+0530] {logging_mixin.py:188} INFO - [2025-10-30T16:16:03.993+0530] {dagbag.py:545} INFO - Filling up the DagBag from /home/logi/txtai/venv/lib/python3.10/site-packages/airflow/example_dags/example_branch_labels.py
[2025-10-30T16:16:04.007+0530] {processor.py:840} INFO - DAG(s) 'example_branch_labels' retrieved from /home/logi/txtai/venv/lib/python3.10/site-packages/airflow/example_dags/example_branch_labels.py
[2025-10-30T16:16:04.035+0530] {logging_mixin.py:188} INFO - [2025-10-30T16:16:04.035+0530] {dag.py:3089} INFO - Sync 1 DAGs
[2025-10-30T16:16:04.056+0530] {logging_mixin.py:188} INFO - [2025-10-30T16:16:04.055+0530] {dag.py:3947} INFO - Setting next_dagrun for example_branch_labels to 2025-10-29 00:00:00+00:00, run_after=2025-10-30 00:00:00+00:00
[2025-10-30T16:16:04.083+0530] {processor.py:183} INFO - Processing /home/logi/txtai/venv/lib/python3.10/site-packages/airflow/example_dags/example_branch_labels.py took 0.117 seconds
[2025-10-30T16:16:58.839+0530] {processor.py:161} INFO - Started process (PID=14418) to work on /home/logi/txtai/venv/lib/python3.10/site-packages/airflow/example_dags/example_branch_labels.py
[2025-10-30T16:16:58.841+0530] {processor.py:830} INFO - Processing file /home/logi/txtai/venv/lib/python3.10/site-packages/airflow/example_dags/example_branch_labels.py for tasks to queue
[2025-10-30T16:16:58.844+0530] {logging_mixin.py:188} INFO - [2025-10-30T16:16:58.844+0530] {dagbag.py:545} INFO - Filling up the DagBag from /home/logi/txtai/venv/lib/python3.10/site-packages/airflow/example_dags/example_branch_labels.py
[2025-10-30T16:16:58.858+0530] {processor.py:840} INFO - DAG(s) 'example_branch_labels' retrieved from /home/logi/txtai/venv/lib/python3.10/site-packages/airflow/example_dags/example_branch_labels.py
[2025-10-30T16:16:58.882+0530] {logging_mixin.py:188} INFO - [2025-10-30T16:16:58.881+0530] {dag.py:3089} INFO - Sync 1 DAGs
[2025-10-30T16:16:58.898+0530] {logging_mixin.py:188} INFO - [2025-10-30T16:16:58.898+0530] {dag.py:3947} INFO - Setting next_dagrun for example_branch_labels to 2025-10-29 00:00:00+00:00, run_after=2025-10-30 00:00:00+00:00
[2025-10-30T16:16:58.920+0530] {processor.py:183} INFO - Processing /home/logi/txtai/venv/lib/python3.10/site-packages/airflow/example_dags/example_branch_labels.py took 0.092 seconds
[2025-10-30T16:18:15.888+0530] {processor.py:161} INFO - Started process (PID=14579) to work on /home/logi/txtai/venv/lib/python3.10/site-packages/airflow/example_dags/example_branch_labels.py
[2025-10-30T16:18:15.901+0530] {processor.py:830} INFO - Processing file /home/logi/txtai/venv/lib/python3.10/site-packages/airflow/example_dags/example_branch_labels.py for tasks to queue
[2025-10-30T16:18:15.904+0530] {logging_mixin.py:188} INFO - [2025-10-30T16:18:15.904+0530] {dagbag.py:545} INFO - Filling up the DagBag from /home/logi/txtai/venv/lib/python3.10/site-packages/airflow/example_dags/example_branch_labels.py
[2025-10-30T16:18:15.918+0530] {processor.py:840} INFO - DAG(s) 'example_branch_labels' retrieved from /home/logi/txtai/venv/lib/python3.10/site-packages/airflow/example_dags/example_branch_labels.py
[2025-10-30T16:18:15.946+0530] {logging_mixin.py:188} INFO - [2025-10-30T16:18:15.945+0530] {dag.py:3089} INFO - Sync 1 DAGs
[2025-10-30T16:18:15.965+0530] {logging_mixin.py:188} INFO - [2025-10-30T16:18:15.965+0530] {dag.py:3947} INFO - Setting next_dagrun for example_branch_labels to 2025-10-29 00:00:00+00:00, run_after=2025-10-30 00:00:00+00:00
[2025-10-30T16:18:15.994+0530] {processor.py:183} INFO - Processing /home/logi/txtai/venv/lib/python3.10/site-packages/airflow/example_dags/example_branch_labels.py took 0.117 seconds
[2025-10-30T16:19:35.081+0530] {processor.py:161} INFO - Started process (PID=14707) to work on /home/logi/txtai/venv/lib/python3.10/site-packages/airflow/example_dags/example_branch_labels.py
[2025-10-30T16:19:35.095+0530] {processor.py:830} INFO - Processing file /home/logi/txtai/venv/lib/python3.10/site-packages/airflow/example_dags/example_branch_labels.py for tasks to queue
[2025-10-30T16:19:35.097+0530] {logging_mixin.py:188} INFO - [2025-10-30T16:19:35.097+0530] {dagbag.py:545} INFO - Filling up the DagBag from /home/logi/txtai/venv/lib/python3.10/site-packages/airflow/example_dags/example_branch_labels.py
[2025-10-30T16:19:35.110+0530] {processor.py:840} INFO - DAG(s) 'example_branch_labels' retrieved from /home/logi/txtai/venv/lib/python3.10/site-packages/airflow/example_dags/example_branch_labels.py
[2025-10-30T16:19:35.136+0530] {logging_mixin.py:188} INFO - [2025-10-30T16:19:35.136+0530] {dag.py:3089} INFO - Sync 1 DAGs
[2025-10-30T16:19:35.151+0530] {logging_mixin.py:188} INFO - [2025-10-30T16:19:35.151+0530] {dag.py:3947} INFO - Setting next_dagrun for example_branch_labels to 2025-10-29 00:00:00+00:00, run_after=2025-10-30 00:00:00+00:00
[2025-10-30T16:19:35.176+0530] {processor.py:183} INFO - Processing /home/logi/txtai/venv/lib/python3.10/site-packages/airflow/example_dags/example_branch_labels.py took 0.101 seconds
