[2025-10-30T13:24:10.562+0530] {processor.py:161} INFO - Started process (PID=14491) to work on /home/logi/txtai/venv/lib/python3.10/site-packages/airflow/example_dags/example_bash_decorator.py
[2025-10-30T13:24:10.563+0530] {processor.py:830} INFO - Processing file /home/logi/txtai/venv/lib/python3.10/site-packages/airflow/example_dags/example_bash_decorator.py for tasks to queue
[2025-10-30T13:24:10.564+0530] {logging_mixin.py:188} INFO - [2025-10-30T13:24:10.564+0530] {dagbag.py:545} INFO - Filling up the DagBag from /home/logi/txtai/venv/lib/python3.10/site-packages/airflow/example_dags/example_bash_decorator.py
[2025-10-30T13:24:10.575+0530] {processor.py:840} INFO - DAG(s) 'example_bash_decorator' retrieved from /home/logi/txtai/venv/lib/python3.10/site-packages/airflow/example_dags/example_bash_decorator.py
[2025-10-30T13:24:10.661+0530] {logging_mixin.py:188} INFO - [2025-10-30T13:24:10.660+0530] {override.py:1858} INFO - Created Permission View: can delete on DAG:example_bash_decorator
[2025-10-30T13:24:10.670+0530] {logging_mixin.py:188} INFO - [2025-10-30T13:24:10.669+0530] {override.py:1858} INFO - Created Permission View: can read on DAG:example_bash_decorator
[2025-10-30T13:24:10.676+0530] {logging_mixin.py:188} INFO - [2025-10-30T13:24:10.676+0530] {override.py:1858} INFO - Created Permission View: can edit on DAG:example_bash_decorator
[2025-10-30T13:24:10.676+0530] {logging_mixin.py:188} INFO - [2025-10-30T13:24:10.676+0530] {dag.py:3089} INFO - Sync 1 DAGs
[2025-10-30T13:24:10.684+0530] {logging_mixin.py:188} INFO - [2025-10-30T13:24:10.684+0530] {dag.py:3111} INFO - Creating ORM DAG for example_bash_decorator
[2025-10-30T13:24:10.685+0530] {logging_mixin.py:188} INFO - [2025-10-30T13:24:10.685+0530] {dag.py:3947} INFO - Setting next_dagrun for example_bash_decorator to None, run_after=None
[2025-10-30T13:24:10.701+0530] {processor.py:183} INFO - Processing /home/logi/txtai/venv/lib/python3.10/site-packages/airflow/example_dags/example_bash_decorator.py took 0.144 seconds
[2025-10-30T13:25:22.143+0530] {processor.py:161} INFO - Started process (PID=14789) to work on /home/logi/txtai/venv/lib/python3.10/site-packages/airflow/example_dags/example_bash_decorator.py
[2025-10-30T13:25:22.156+0530] {processor.py:830} INFO - Processing file /home/logi/txtai/venv/lib/python3.10/site-packages/airflow/example_dags/example_bash_decorator.py for tasks to queue
[2025-10-30T13:25:22.158+0530] {logging_mixin.py:188} INFO - [2025-10-30T13:25:22.158+0530] {dagbag.py:545} INFO - Filling up the DagBag from /home/logi/txtai/venv/lib/python3.10/site-packages/airflow/example_dags/example_bash_decorator.py
[2025-10-30T13:25:22.172+0530] {processor.py:840} INFO - DAG(s) 'example_bash_decorator' retrieved from /home/logi/txtai/venv/lib/python3.10/site-packages/airflow/example_dags/example_bash_decorator.py
[2025-10-30T13:25:22.193+0530] {logging_mixin.py:188} INFO - [2025-10-30T13:25:22.193+0530] {dag.py:3089} INFO - Sync 1 DAGs
[2025-10-30T13:25:22.202+0530] {logging_mixin.py:188} INFO - [2025-10-30T13:25:22.201+0530] {dag.py:3947} INFO - Setting next_dagrun for example_bash_decorator to None, run_after=None
[2025-10-30T13:25:22.218+0530] {processor.py:183} INFO - Processing /home/logi/txtai/venv/lib/python3.10/site-packages/airflow/example_dags/example_bash_decorator.py took 0.080 seconds
[2025-10-30T13:26:29.262+0530] {processor.py:161} INFO - Started process (PID=14873) to work on /home/logi/txtai/venv/lib/python3.10/site-packages/airflow/example_dags/example_bash_decorator.py
[2025-10-30T13:26:29.275+0530] {processor.py:830} INFO - Processing file /home/logi/txtai/venv/lib/python3.10/site-packages/airflow/example_dags/example_bash_decorator.py for tasks to queue
[2025-10-30T13:26:29.278+0530] {logging_mixin.py:188} INFO - [2025-10-30T13:26:29.278+0530] {dagbag.py:545} INFO - Filling up the DagBag from /home/logi/txtai/venv/lib/python3.10/site-packages/airflow/example_dags/example_bash_decorator.py
[2025-10-30T13:26:29.300+0530] {processor.py:840} INFO - DAG(s) 'example_bash_decorator' retrieved from /home/logi/txtai/venv/lib/python3.10/site-packages/airflow/example_dags/example_bash_decorator.py
[2025-10-30T13:26:29.329+0530] {logging_mixin.py:188} INFO - [2025-10-30T13:26:29.329+0530] {dag.py:3089} INFO - Sync 1 DAGs
[2025-10-30T13:26:29.338+0530] {logging_mixin.py:188} INFO - [2025-10-30T13:26:29.337+0530] {dag.py:3947} INFO - Setting next_dagrun for example_bash_decorator to None, run_after=None
[2025-10-30T13:26:29.355+0530] {processor.py:183} INFO - Processing /home/logi/txtai/venv/lib/python3.10/site-packages/airflow/example_dags/example_bash_decorator.py took 0.104 seconds
[2025-10-30T13:27:35.199+0530] {processor.py:161} INFO - Started process (PID=14964) to work on /home/logi/txtai/venv/lib/python3.10/site-packages/airflow/example_dags/example_bash_decorator.py
[2025-10-30T13:27:35.212+0530] {processor.py:830} INFO - Processing file /home/logi/txtai/venv/lib/python3.10/site-packages/airflow/example_dags/example_bash_decorator.py for tasks to queue
[2025-10-30T13:27:35.215+0530] {logging_mixin.py:188} INFO - [2025-10-30T13:27:35.214+0530] {dagbag.py:545} INFO - Filling up the DagBag from /home/logi/txtai/venv/lib/python3.10/site-packages/airflow/example_dags/example_bash_decorator.py
[2025-10-30T13:27:35.229+0530] {processor.py:840} INFO - DAG(s) 'example_bash_decorator' retrieved from /home/logi/txtai/venv/lib/python3.10/site-packages/airflow/example_dags/example_bash_decorator.py
[2025-10-30T13:27:35.248+0530] {logging_mixin.py:188} INFO - [2025-10-30T13:27:35.248+0530] {dag.py:3089} INFO - Sync 1 DAGs
[2025-10-30T13:27:35.257+0530] {logging_mixin.py:188} INFO - [2025-10-30T13:27:35.257+0530] {dag.py:3947} INFO - Setting next_dagrun for example_bash_decorator to None, run_after=None
[2025-10-30T13:27:35.276+0530] {processor.py:183} INFO - Processing /home/logi/txtai/venv/lib/python3.10/site-packages/airflow/example_dags/example_bash_decorator.py took 0.083 seconds
[2025-10-30T13:28:42.951+0530] {processor.py:161} INFO - Started process (PID=15087) to work on /home/logi/txtai/venv/lib/python3.10/site-packages/airflow/example_dags/example_bash_decorator.py
[2025-10-30T13:28:42.952+0530] {processor.py:830} INFO - Processing file /home/logi/txtai/venv/lib/python3.10/site-packages/airflow/example_dags/example_bash_decorator.py for tasks to queue
[2025-10-30T13:28:42.954+0530] {logging_mixin.py:188} INFO - [2025-10-30T13:28:42.953+0530] {dagbag.py:545} INFO - Filling up the DagBag from /home/logi/txtai/venv/lib/python3.10/site-packages/airflow/example_dags/example_bash_decorator.py
[2025-10-30T13:28:42.965+0530] {processor.py:840} INFO - DAG(s) 'example_bash_decorator' retrieved from /home/logi/txtai/venv/lib/python3.10/site-packages/airflow/example_dags/example_bash_decorator.py
[2025-10-30T13:28:42.982+0530] {logging_mixin.py:188} INFO - [2025-10-30T13:28:42.982+0530] {dag.py:3089} INFO - Sync 1 DAGs
[2025-10-30T13:28:42.992+0530] {logging_mixin.py:188} INFO - [2025-10-30T13:28:42.992+0530] {dag.py:3947} INFO - Setting next_dagrun for example_bash_decorator to None, run_after=None
[2025-10-30T13:28:43.018+0530] {processor.py:183} INFO - Processing /home/logi/txtai/venv/lib/python3.10/site-packages/airflow/example_dags/example_bash_decorator.py took 0.072 seconds
[2025-10-30T13:29:50.775+0530] {processor.py:161} INFO - Started process (PID=15197) to work on /home/logi/txtai/venv/lib/python3.10/site-packages/airflow/example_dags/example_bash_decorator.py
[2025-10-30T13:29:50.789+0530] {processor.py:830} INFO - Processing file /home/logi/txtai/venv/lib/python3.10/site-packages/airflow/example_dags/example_bash_decorator.py for tasks to queue
[2025-10-30T13:29:50.792+0530] {logging_mixin.py:188} INFO - [2025-10-30T13:29:50.791+0530] {dagbag.py:545} INFO - Filling up the DagBag from /home/logi/txtai/venv/lib/python3.10/site-packages/airflow/example_dags/example_bash_decorator.py
[2025-10-30T13:29:50.818+0530] {processor.py:840} INFO - DAG(s) 'example_bash_decorator' retrieved from /home/logi/txtai/venv/lib/python3.10/site-packages/airflow/example_dags/example_bash_decorator.py
[2025-10-30T13:29:50.845+0530] {logging_mixin.py:188} INFO - [2025-10-30T13:29:50.845+0530] {dag.py:3089} INFO - Sync 1 DAGs
[2025-10-30T13:29:50.853+0530] {logging_mixin.py:188} INFO - [2025-10-30T13:29:50.853+0530] {dag.py:3947} INFO - Setting next_dagrun for example_bash_decorator to None, run_after=None
[2025-10-30T13:29:50.870+0530] {processor.py:183} INFO - Processing /home/logi/txtai/venv/lib/python3.10/site-packages/airflow/example_dags/example_bash_decorator.py took 0.107 seconds
[2025-10-30T15:05:16.243+0530] {processor.py:161} INFO - Started process (PID=5849) to work on /home/logi/txtai/venv/lib/python3.10/site-packages/airflow/example_dags/example_bash_decorator.py
[2025-10-30T15:05:16.257+0530] {processor.py:830} INFO - Processing file /home/logi/txtai/venv/lib/python3.10/site-packages/airflow/example_dags/example_bash_decorator.py for tasks to queue
[2025-10-30T15:05:16.264+0530] {logging_mixin.py:188} INFO - [2025-10-30T15:05:16.263+0530] {dagbag.py:545} INFO - Filling up the DagBag from /home/logi/txtai/venv/lib/python3.10/site-packages/airflow/example_dags/example_bash_decorator.py
[2025-10-30T15:05:16.297+0530] {processor.py:840} INFO - DAG(s) 'example_bash_decorator' retrieved from /home/logi/txtai/venv/lib/python3.10/site-packages/airflow/example_dags/example_bash_decorator.py
[2025-10-30T15:05:16.388+0530] {logging_mixin.py:188} INFO - [2025-10-30T15:05:16.388+0530] {dag.py:3089} INFO - Sync 1 DAGs
[2025-10-30T15:05:16.398+0530] {logging_mixin.py:188} INFO - [2025-10-30T15:05:16.397+0530] {dag.py:3947} INFO - Setting next_dagrun for example_bash_decorator to None, run_after=None
[2025-10-30T15:05:16.417+0530] {processor.py:183} INFO - Processing /home/logi/txtai/venv/lib/python3.10/site-packages/airflow/example_dags/example_bash_decorator.py took 0.187 seconds
[2025-10-30T15:06:33.153+0530] {processor.py:161} INFO - Started process (PID=5986) to work on /home/logi/txtai/venv/lib/python3.10/site-packages/airflow/example_dags/example_bash_decorator.py
[2025-10-30T15:06:33.166+0530] {processor.py:830} INFO - Processing file /home/logi/txtai/venv/lib/python3.10/site-packages/airflow/example_dags/example_bash_decorator.py for tasks to queue
[2025-10-30T15:06:33.170+0530] {logging_mixin.py:188} INFO - [2025-10-30T15:06:33.169+0530] {dagbag.py:545} INFO - Filling up the DagBag from /home/logi/txtai/venv/lib/python3.10/site-packages/airflow/example_dags/example_bash_decorator.py
[2025-10-30T15:06:33.192+0530] {processor.py:840} INFO - DAG(s) 'example_bash_decorator' retrieved from /home/logi/txtai/venv/lib/python3.10/site-packages/airflow/example_dags/example_bash_decorator.py
[2025-10-30T15:06:33.222+0530] {logging_mixin.py:188} INFO - [2025-10-30T15:06:33.221+0530] {dag.py:3089} INFO - Sync 1 DAGs
[2025-10-30T15:06:33.232+0530] {logging_mixin.py:188} INFO - [2025-10-30T15:06:33.231+0530] {dag.py:3947} INFO - Setting next_dagrun for example_bash_decorator to None, run_after=None
[2025-10-30T15:06:33.259+0530] {processor.py:183} INFO - Processing /home/logi/txtai/venv/lib/python3.10/site-packages/airflow/example_dags/example_bash_decorator.py took 0.117 seconds
[2025-10-30T15:07:46.680+0530] {processor.py:161} INFO - Started process (PID=6116) to work on /home/logi/txtai/venv/lib/python3.10/site-packages/airflow/example_dags/example_bash_decorator.py
[2025-10-30T15:07:46.694+0530] {processor.py:830} INFO - Processing file /home/logi/txtai/venv/lib/python3.10/site-packages/airflow/example_dags/example_bash_decorator.py for tasks to queue
[2025-10-30T15:07:46.697+0530] {logging_mixin.py:188} INFO - [2025-10-30T15:07:46.696+0530] {dagbag.py:545} INFO - Filling up the DagBag from /home/logi/txtai/venv/lib/python3.10/site-packages/airflow/example_dags/example_bash_decorator.py
[2025-10-30T15:07:46.720+0530] {processor.py:840} INFO - DAG(s) 'example_bash_decorator' retrieved from /home/logi/txtai/venv/lib/python3.10/site-packages/airflow/example_dags/example_bash_decorator.py
[2025-10-30T15:07:46.747+0530] {logging_mixin.py:188} INFO - [2025-10-30T15:07:46.747+0530] {dag.py:3089} INFO - Sync 1 DAGs
[2025-10-30T15:07:46.757+0530] {logging_mixin.py:188} INFO - [2025-10-30T15:07:46.757+0530] {dag.py:3947} INFO - Setting next_dagrun for example_bash_decorator to None, run_after=None
[2025-10-30T15:07:46.776+0530] {processor.py:183} INFO - Processing /home/logi/txtai/venv/lib/python3.10/site-packages/airflow/example_dags/example_bash_decorator.py took 0.107 seconds
[2025-10-30T15:09:04.329+0530] {processor.py:161} INFO - Started process (PID=6243) to work on /home/logi/txtai/venv/lib/python3.10/site-packages/airflow/example_dags/example_bash_decorator.py
[2025-10-30T15:09:04.342+0530] {processor.py:830} INFO - Processing file /home/logi/txtai/venv/lib/python3.10/site-packages/airflow/example_dags/example_bash_decorator.py for tasks to queue
[2025-10-30T15:09:04.345+0530] {logging_mixin.py:188} INFO - [2025-10-30T15:09:04.345+0530] {dagbag.py:545} INFO - Filling up the DagBag from /home/logi/txtai/venv/lib/python3.10/site-packages/airflow/example_dags/example_bash_decorator.py
[2025-10-30T15:09:04.368+0530] {processor.py:840} INFO - DAG(s) 'example_bash_decorator' retrieved from /home/logi/txtai/venv/lib/python3.10/site-packages/airflow/example_dags/example_bash_decorator.py
[2025-10-30T15:09:04.397+0530] {logging_mixin.py:188} INFO - [2025-10-30T15:09:04.396+0530] {dag.py:3089} INFO - Sync 1 DAGs
[2025-10-30T15:09:04.406+0530] {logging_mixin.py:188} INFO - [2025-10-30T15:09:04.406+0530] {dag.py:3947} INFO - Setting next_dagrun for example_bash_decorator to None, run_after=None
[2025-10-30T15:09:04.427+0530] {processor.py:183} INFO - Processing /home/logi/txtai/venv/lib/python3.10/site-packages/airflow/example_dags/example_bash_decorator.py took 0.109 seconds
[2025-10-30T15:10:20.442+0530] {processor.py:161} INFO - Started process (PID=6375) to work on /home/logi/txtai/venv/lib/python3.10/site-packages/airflow/example_dags/example_bash_decorator.py
[2025-10-30T15:10:20.456+0530] {processor.py:830} INFO - Processing file /home/logi/txtai/venv/lib/python3.10/site-packages/airflow/example_dags/example_bash_decorator.py for tasks to queue
[2025-10-30T15:10:20.459+0530] {logging_mixin.py:188} INFO - [2025-10-30T15:10:20.458+0530] {dagbag.py:545} INFO - Filling up the DagBag from /home/logi/txtai/venv/lib/python3.10/site-packages/airflow/example_dags/example_bash_decorator.py
[2025-10-30T15:10:20.482+0530] {processor.py:840} INFO - DAG(s) 'example_bash_decorator' retrieved from /home/logi/txtai/venv/lib/python3.10/site-packages/airflow/example_dags/example_bash_decorator.py
[2025-10-30T15:10:20.511+0530] {logging_mixin.py:188} INFO - [2025-10-30T15:10:20.511+0530] {dag.py:3089} INFO - Sync 1 DAGs
[2025-10-30T15:10:20.521+0530] {logging_mixin.py:188} INFO - [2025-10-30T15:10:20.521+0530] {dag.py:3947} INFO - Setting next_dagrun for example_bash_decorator to None, run_after=None
[2025-10-30T15:10:20.549+0530] {processor.py:183} INFO - Processing /home/logi/txtai/venv/lib/python3.10/site-packages/airflow/example_dags/example_bash_decorator.py took 0.118 seconds
[2025-10-30T15:11:30.759+0530] {processor.py:161} INFO - Started process (PID=6533) to work on /home/logi/txtai/venv/lib/python3.10/site-packages/airflow/example_dags/example_bash_decorator.py
[2025-10-30T15:11:30.772+0530] {processor.py:830} INFO - Processing file /home/logi/txtai/venv/lib/python3.10/site-packages/airflow/example_dags/example_bash_decorator.py for tasks to queue
[2025-10-30T15:11:30.775+0530] {logging_mixin.py:188} INFO - [2025-10-30T15:11:30.774+0530] {dagbag.py:545} INFO - Filling up the DagBag from /home/logi/txtai/venv/lib/python3.10/site-packages/airflow/example_dags/example_bash_decorator.py
[2025-10-30T15:11:30.797+0530] {processor.py:840} INFO - DAG(s) 'example_bash_decorator' retrieved from /home/logi/txtai/venv/lib/python3.10/site-packages/airflow/example_dags/example_bash_decorator.py
[2025-10-30T15:11:30.826+0530] {logging_mixin.py:188} INFO - [2025-10-30T15:11:30.826+0530] {dag.py:3089} INFO - Sync 1 DAGs
[2025-10-30T15:11:30.838+0530] {logging_mixin.py:188} INFO - [2025-10-30T15:11:30.837+0530] {dag.py:3947} INFO - Setting next_dagrun for example_bash_decorator to None, run_after=None
[2025-10-30T15:11:30.866+0530] {processor.py:183} INFO - Processing /home/logi/txtai/venv/lib/python3.10/site-packages/airflow/example_dags/example_bash_decorator.py took 0.118 seconds
[2025-10-30T15:12:47.793+0530] {processor.py:161} INFO - Started process (PID=6645) to work on /home/logi/txtai/venv/lib/python3.10/site-packages/airflow/example_dags/example_bash_decorator.py
[2025-10-30T15:12:47.807+0530] {processor.py:830} INFO - Processing file /home/logi/txtai/venv/lib/python3.10/site-packages/airflow/example_dags/example_bash_decorator.py for tasks to queue
[2025-10-30T15:12:47.810+0530] {logging_mixin.py:188} INFO - [2025-10-30T15:12:47.809+0530] {dagbag.py:545} INFO - Filling up the DagBag from /home/logi/txtai/venv/lib/python3.10/site-packages/airflow/example_dags/example_bash_decorator.py
[2025-10-30T15:12:47.835+0530] {processor.py:840} INFO - DAG(s) 'example_bash_decorator' retrieved from /home/logi/txtai/venv/lib/python3.10/site-packages/airflow/example_dags/example_bash_decorator.py
[2025-10-30T15:12:47.862+0530] {logging_mixin.py:188} INFO - [2025-10-30T15:12:47.862+0530] {dag.py:3089} INFO - Sync 1 DAGs
[2025-10-30T15:12:47.873+0530] {logging_mixin.py:188} INFO - [2025-10-30T15:12:47.872+0530] {dag.py:3947} INFO - Setting next_dagrun for example_bash_decorator to None, run_after=None
[2025-10-30T15:12:47.902+0530] {processor.py:183} INFO - Processing /home/logi/txtai/venv/lib/python3.10/site-packages/airflow/example_dags/example_bash_decorator.py took 0.121 seconds
[2025-10-30T15:14:01.504+0530] {processor.py:161} INFO - Started process (PID=6764) to work on /home/logi/txtai/venv/lib/python3.10/site-packages/airflow/example_dags/example_bash_decorator.py
[2025-10-30T15:14:01.517+0530] {processor.py:830} INFO - Processing file /home/logi/txtai/venv/lib/python3.10/site-packages/airflow/example_dags/example_bash_decorator.py for tasks to queue
[2025-10-30T15:14:01.519+0530] {logging_mixin.py:188} INFO - [2025-10-30T15:14:01.519+0530] {dagbag.py:545} INFO - Filling up the DagBag from /home/logi/txtai/venv/lib/python3.10/site-packages/airflow/example_dags/example_bash_decorator.py
[2025-10-30T15:14:01.533+0530] {processor.py:840} INFO - DAG(s) 'example_bash_decorator' retrieved from /home/logi/txtai/venv/lib/python3.10/site-packages/airflow/example_dags/example_bash_decorator.py
[2025-10-30T15:14:01.551+0530] {logging_mixin.py:188} INFO - [2025-10-30T15:14:01.551+0530] {dag.py:3089} INFO - Sync 1 DAGs
[2025-10-30T15:14:01.562+0530] {logging_mixin.py:188} INFO - [2025-10-30T15:14:01.561+0530] {dag.py:3947} INFO - Setting next_dagrun for example_bash_decorator to None, run_after=None
[2025-10-30T15:14:01.582+0530] {processor.py:183} INFO - Processing /home/logi/txtai/venv/lib/python3.10/site-packages/airflow/example_dags/example_bash_decorator.py took 0.085 seconds
[2025-10-30T15:15:20.557+0530] {processor.py:161} INFO - Started process (PID=6886) to work on /home/logi/txtai/venv/lib/python3.10/site-packages/airflow/example_dags/example_bash_decorator.py
[2025-10-30T15:15:20.571+0530] {processor.py:830} INFO - Processing file /home/logi/txtai/venv/lib/python3.10/site-packages/airflow/example_dags/example_bash_decorator.py for tasks to queue
[2025-10-30T15:15:20.575+0530] {logging_mixin.py:188} INFO - [2025-10-30T15:15:20.574+0530] {dagbag.py:545} INFO - Filling up the DagBag from /home/logi/txtai/venv/lib/python3.10/site-packages/airflow/example_dags/example_bash_decorator.py
[2025-10-30T15:15:20.602+0530] {processor.py:840} INFO - DAG(s) 'example_bash_decorator' retrieved from /home/logi/txtai/venv/lib/python3.10/site-packages/airflow/example_dags/example_bash_decorator.py
[2025-10-30T15:15:20.629+0530] {logging_mixin.py:188} INFO - [2025-10-30T15:15:20.629+0530] {dag.py:3089} INFO - Sync 1 DAGs
[2025-10-30T15:15:20.642+0530] {logging_mixin.py:188} INFO - [2025-10-30T15:15:20.642+0530] {dag.py:3947} INFO - Setting next_dagrun for example_bash_decorator to None, run_after=None
[2025-10-30T15:15:20.679+0530] {processor.py:183} INFO - Processing /home/logi/txtai/venv/lib/python3.10/site-packages/airflow/example_dags/example_bash_decorator.py took 0.134 seconds
[2025-10-30T15:16:29.836+0530] {processor.py:161} INFO - Started process (PID=6997) to work on /home/logi/txtai/venv/lib/python3.10/site-packages/airflow/example_dags/example_bash_decorator.py
[2025-10-30T15:16:29.838+0530] {processor.py:830} INFO - Processing file /home/logi/txtai/venv/lib/python3.10/site-packages/airflow/example_dags/example_bash_decorator.py for tasks to queue
[2025-10-30T15:16:29.841+0530] {logging_mixin.py:188} INFO - [2025-10-30T15:16:29.840+0530] {dagbag.py:545} INFO - Filling up the DagBag from /home/logi/txtai/venv/lib/python3.10/site-packages/airflow/example_dags/example_bash_decorator.py
[2025-10-30T15:16:29.864+0530] {processor.py:840} INFO - DAG(s) 'example_bash_decorator' retrieved from /home/logi/txtai/venv/lib/python3.10/site-packages/airflow/example_dags/example_bash_decorator.py
[2025-10-30T15:16:29.885+0530] {logging_mixin.py:188} INFO - [2025-10-30T15:16:29.884+0530] {dag.py:3089} INFO - Sync 1 DAGs
[2025-10-30T15:16:29.894+0530] {logging_mixin.py:188} INFO - [2025-10-30T15:16:29.894+0530] {dag.py:3947} INFO - Setting next_dagrun for example_bash_decorator to None, run_after=None
[2025-10-30T15:16:29.922+0530] {processor.py:183} INFO - Processing /home/logi/txtai/venv/lib/python3.10/site-packages/airflow/example_dags/example_bash_decorator.py took 0.098 seconds
[2025-10-30T15:17:43.429+0530] {processor.py:161} INFO - Started process (PID=7103) to work on /home/logi/txtai/venv/lib/python3.10/site-packages/airflow/example_dags/example_bash_decorator.py
[2025-10-30T15:17:43.442+0530] {processor.py:830} INFO - Processing file /home/logi/txtai/venv/lib/python3.10/site-packages/airflow/example_dags/example_bash_decorator.py for tasks to queue
[2025-10-30T15:17:43.446+0530] {logging_mixin.py:188} INFO - [2025-10-30T15:17:43.445+0530] {dagbag.py:545} INFO - Filling up the DagBag from /home/logi/txtai/venv/lib/python3.10/site-packages/airflow/example_dags/example_bash_decorator.py
[2025-10-30T15:17:43.468+0530] {processor.py:840} INFO - DAG(s) 'example_bash_decorator' retrieved from /home/logi/txtai/venv/lib/python3.10/site-packages/airflow/example_dags/example_bash_decorator.py
[2025-10-30T15:17:43.497+0530] {logging_mixin.py:188} INFO - [2025-10-30T15:17:43.496+0530] {dag.py:3089} INFO - Sync 1 DAGs
[2025-10-30T15:17:43.507+0530] {logging_mixin.py:188} INFO - [2025-10-30T15:17:43.506+0530] {dag.py:3947} INFO - Setting next_dagrun for example_bash_decorator to None, run_after=None
[2025-10-30T15:17:43.532+0530] {processor.py:183} INFO - Processing /home/logi/txtai/venv/lib/python3.10/site-packages/airflow/example_dags/example_bash_decorator.py took 0.115 seconds
[2025-10-30T15:19:02.202+0530] {processor.py:161} INFO - Started process (PID=7209) to work on /home/logi/txtai/venv/lib/python3.10/site-packages/airflow/example_dags/example_bash_decorator.py
[2025-10-30T15:19:02.215+0530] {processor.py:830} INFO - Processing file /home/logi/txtai/venv/lib/python3.10/site-packages/airflow/example_dags/example_bash_decorator.py for tasks to queue
[2025-10-30T15:19:02.219+0530] {logging_mixin.py:188} INFO - [2025-10-30T15:19:02.218+0530] {dagbag.py:545} INFO - Filling up the DagBag from /home/logi/txtai/venv/lib/python3.10/site-packages/airflow/example_dags/example_bash_decorator.py
[2025-10-30T15:19:02.244+0530] {processor.py:840} INFO - DAG(s) 'example_bash_decorator' retrieved from /home/logi/txtai/venv/lib/python3.10/site-packages/airflow/example_dags/example_bash_decorator.py
[2025-10-30T15:19:02.273+0530] {logging_mixin.py:188} INFO - [2025-10-30T15:19:02.272+0530] {dag.py:3089} INFO - Sync 1 DAGs
[2025-10-30T15:19:02.284+0530] {logging_mixin.py:188} INFO - [2025-10-30T15:19:02.284+0530] {dag.py:3947} INFO - Setting next_dagrun for example_bash_decorator to None, run_after=None
[2025-10-30T15:19:02.305+0530] {processor.py:183} INFO - Processing /home/logi/txtai/venv/lib/python3.10/site-packages/airflow/example_dags/example_bash_decorator.py took 0.114 seconds
[2025-10-30T15:20:20.329+0530] {processor.py:161} INFO - Started process (PID=7348) to work on /home/logi/txtai/venv/lib/python3.10/site-packages/airflow/example_dags/example_bash_decorator.py
[2025-10-30T15:20:20.342+0530] {processor.py:830} INFO - Processing file /home/logi/txtai/venv/lib/python3.10/site-packages/airflow/example_dags/example_bash_decorator.py for tasks to queue
[2025-10-30T15:20:20.345+0530] {logging_mixin.py:188} INFO - [2025-10-30T15:20:20.344+0530] {dagbag.py:545} INFO - Filling up the DagBag from /home/logi/txtai/venv/lib/python3.10/site-packages/airflow/example_dags/example_bash_decorator.py
[2025-10-30T15:20:20.367+0530] {processor.py:840} INFO - DAG(s) 'example_bash_decorator' retrieved from /home/logi/txtai/venv/lib/python3.10/site-packages/airflow/example_dags/example_bash_decorator.py
[2025-10-30T15:20:20.390+0530] {logging_mixin.py:188} INFO - [2025-10-30T15:20:20.389+0530] {dag.py:3089} INFO - Sync 1 DAGs
[2025-10-30T15:20:20.405+0530] {logging_mixin.py:188} INFO - [2025-10-30T15:20:20.404+0530] {dag.py:3947} INFO - Setting next_dagrun for example_bash_decorator to None, run_after=None
[2025-10-30T15:20:20.437+0530] {processor.py:183} INFO - Processing /home/logi/txtai/venv/lib/python3.10/site-packages/airflow/example_dags/example_bash_decorator.py took 0.126 seconds
[2025-10-30T15:21:34.724+0530] {processor.py:161} INFO - Started process (PID=7481) to work on /home/logi/txtai/venv/lib/python3.10/site-packages/airflow/example_dags/example_bash_decorator.py
[2025-10-30T15:21:34.738+0530] {processor.py:830} INFO - Processing file /home/logi/txtai/venv/lib/python3.10/site-packages/airflow/example_dags/example_bash_decorator.py for tasks to queue
[2025-10-30T15:21:34.741+0530] {logging_mixin.py:188} INFO - [2025-10-30T15:21:34.740+0530] {dagbag.py:545} INFO - Filling up the DagBag from /home/logi/txtai/venv/lib/python3.10/site-packages/airflow/example_dags/example_bash_decorator.py
[2025-10-30T15:21:34.766+0530] {processor.py:840} INFO - DAG(s) 'example_bash_decorator' retrieved from /home/logi/txtai/venv/lib/python3.10/site-packages/airflow/example_dags/example_bash_decorator.py
[2025-10-30T15:21:34.795+0530] {logging_mixin.py:188} INFO - [2025-10-30T15:21:34.795+0530] {dag.py:3089} INFO - Sync 1 DAGs
[2025-10-30T15:21:34.805+0530] {logging_mixin.py:188} INFO - [2025-10-30T15:21:34.805+0530] {dag.py:3947} INFO - Setting next_dagrun for example_bash_decorator to None, run_after=None
[2025-10-30T15:21:34.825+0530] {processor.py:183} INFO - Processing /home/logi/txtai/venv/lib/python3.10/site-packages/airflow/example_dags/example_bash_decorator.py took 0.113 seconds
[2025-10-30T15:22:46.378+0530] {processor.py:161} INFO - Started process (PID=7573) to work on /home/logi/txtai/venv/lib/python3.10/site-packages/airflow/example_dags/example_bash_decorator.py
[2025-10-30T15:22:46.392+0530] {processor.py:830} INFO - Processing file /home/logi/txtai/venv/lib/python3.10/site-packages/airflow/example_dags/example_bash_decorator.py for tasks to queue
[2025-10-30T15:22:46.395+0530] {logging_mixin.py:188} INFO - [2025-10-30T15:22:46.394+0530] {dagbag.py:545} INFO - Filling up the DagBag from /home/logi/txtai/venv/lib/python3.10/site-packages/airflow/example_dags/example_bash_decorator.py
[2025-10-30T15:22:46.419+0530] {processor.py:840} INFO - DAG(s) 'example_bash_decorator' retrieved from /home/logi/txtai/venv/lib/python3.10/site-packages/airflow/example_dags/example_bash_decorator.py
[2025-10-30T15:22:46.448+0530] {logging_mixin.py:188} INFO - [2025-10-30T15:22:46.448+0530] {dag.py:3089} INFO - Sync 1 DAGs
[2025-10-30T15:22:46.458+0530] {logging_mixin.py:188} INFO - [2025-10-30T15:22:46.458+0530] {dag.py:3947} INFO - Setting next_dagrun for example_bash_decorator to None, run_after=None
[2025-10-30T15:22:46.485+0530] {processor.py:183} INFO - Processing /home/logi/txtai/venv/lib/python3.10/site-packages/airflow/example_dags/example_bash_decorator.py took 0.118 seconds
[2025-10-30T15:24:03.049+0530] {processor.py:161} INFO - Started process (PID=7685) to work on /home/logi/txtai/venv/lib/python3.10/site-packages/airflow/example_dags/example_bash_decorator.py
[2025-10-30T15:24:03.062+0530] {processor.py:830} INFO - Processing file /home/logi/txtai/venv/lib/python3.10/site-packages/airflow/example_dags/example_bash_decorator.py for tasks to queue
[2025-10-30T15:24:03.065+0530] {logging_mixin.py:188} INFO - [2025-10-30T15:24:03.065+0530] {dagbag.py:545} INFO - Filling up the DagBag from /home/logi/txtai/venv/lib/python3.10/site-packages/airflow/example_dags/example_bash_decorator.py
[2025-10-30T15:24:03.089+0530] {processor.py:840} INFO - DAG(s) 'example_bash_decorator' retrieved from /home/logi/txtai/venv/lib/python3.10/site-packages/airflow/example_dags/example_bash_decorator.py
[2025-10-30T15:24:03.117+0530] {logging_mixin.py:188} INFO - [2025-10-30T15:24:03.117+0530] {dag.py:3089} INFO - Sync 1 DAGs
[2025-10-30T15:24:03.127+0530] {logging_mixin.py:188} INFO - [2025-10-30T15:24:03.127+0530] {dag.py:3947} INFO - Setting next_dagrun for example_bash_decorator to None, run_after=None
[2025-10-30T15:24:03.156+0530] {processor.py:183} INFO - Processing /home/logi/txtai/venv/lib/python3.10/site-packages/airflow/example_dags/example_bash_decorator.py took 0.119 seconds
[2025-10-30T15:25:18.636+0530] {processor.py:161} INFO - Started process (PID=7802) to work on /home/logi/txtai/venv/lib/python3.10/site-packages/airflow/example_dags/example_bash_decorator.py
[2025-10-30T15:25:18.649+0530] {processor.py:830} INFO - Processing file /home/logi/txtai/venv/lib/python3.10/site-packages/airflow/example_dags/example_bash_decorator.py for tasks to queue
[2025-10-30T15:25:18.652+0530] {logging_mixin.py:188} INFO - [2025-10-30T15:25:18.652+0530] {dagbag.py:545} INFO - Filling up the DagBag from /home/logi/txtai/venv/lib/python3.10/site-packages/airflow/example_dags/example_bash_decorator.py
[2025-10-30T15:25:18.675+0530] {processor.py:840} INFO - DAG(s) 'example_bash_decorator' retrieved from /home/logi/txtai/venv/lib/python3.10/site-packages/airflow/example_dags/example_bash_decorator.py
[2025-10-30T15:25:18.705+0530] {logging_mixin.py:188} INFO - [2025-10-30T15:25:18.704+0530] {dag.py:3089} INFO - Sync 1 DAGs
[2025-10-30T15:25:18.715+0530] {logging_mixin.py:188} INFO - [2025-10-30T15:25:18.715+0530] {dag.py:3947} INFO - Setting next_dagrun for example_bash_decorator to None, run_after=None
[2025-10-30T15:25:18.744+0530] {processor.py:183} INFO - Processing /home/logi/txtai/venv/lib/python3.10/site-packages/airflow/example_dags/example_bash_decorator.py took 0.119 seconds
[2025-10-30T15:26:29.443+0530] {processor.py:161} INFO - Started process (PID=7914) to work on /home/logi/txtai/venv/lib/python3.10/site-packages/airflow/example_dags/example_bash_decorator.py
[2025-10-30T15:26:29.446+0530] {processor.py:830} INFO - Processing file /home/logi/txtai/venv/lib/python3.10/site-packages/airflow/example_dags/example_bash_decorator.py for tasks to queue
[2025-10-30T15:26:29.448+0530] {logging_mixin.py:188} INFO - [2025-10-30T15:26:29.448+0530] {dagbag.py:545} INFO - Filling up the DagBag from /home/logi/txtai/venv/lib/python3.10/site-packages/airflow/example_dags/example_bash_decorator.py
[2025-10-30T15:26:29.470+0530] {processor.py:840} INFO - DAG(s) 'example_bash_decorator' retrieved from /home/logi/txtai/venv/lib/python3.10/site-packages/airflow/example_dags/example_bash_decorator.py
[2025-10-30T15:26:29.491+0530] {logging_mixin.py:188} INFO - [2025-10-30T15:26:29.491+0530] {dag.py:3089} INFO - Sync 1 DAGs
[2025-10-30T15:26:29.501+0530] {logging_mixin.py:188} INFO - [2025-10-30T15:26:29.500+0530] {dag.py:3947} INFO - Setting next_dagrun for example_bash_decorator to None, run_after=None
[2025-10-30T15:26:29.520+0530] {processor.py:183} INFO - Processing /home/logi/txtai/venv/lib/python3.10/site-packages/airflow/example_dags/example_bash_decorator.py took 0.088 seconds
[2025-10-30T15:27:44.159+0530] {processor.py:161} INFO - Started process (PID=7999) to work on /home/logi/txtai/venv/lib/python3.10/site-packages/airflow/example_dags/example_bash_decorator.py
[2025-10-30T15:27:44.173+0530] {processor.py:830} INFO - Processing file /home/logi/txtai/venv/lib/python3.10/site-packages/airflow/example_dags/example_bash_decorator.py for tasks to queue
[2025-10-30T15:27:44.176+0530] {logging_mixin.py:188} INFO - [2025-10-30T15:27:44.175+0530] {dagbag.py:545} INFO - Filling up the DagBag from /home/logi/txtai/venv/lib/python3.10/site-packages/airflow/example_dags/example_bash_decorator.py
[2025-10-30T15:27:44.198+0530] {processor.py:840} INFO - DAG(s) 'example_bash_decorator' retrieved from /home/logi/txtai/venv/lib/python3.10/site-packages/airflow/example_dags/example_bash_decorator.py
[2025-10-30T15:27:44.225+0530] {logging_mixin.py:188} INFO - [2025-10-30T15:27:44.225+0530] {dag.py:3089} INFO - Sync 1 DAGs
[2025-10-30T15:27:44.234+0530] {logging_mixin.py:188} INFO - [2025-10-30T15:27:44.234+0530] {dag.py:3947} INFO - Setting next_dagrun for example_bash_decorator to None, run_after=None
[2025-10-30T15:27:44.253+0530] {processor.py:183} INFO - Processing /home/logi/txtai/venv/lib/python3.10/site-packages/airflow/example_dags/example_bash_decorator.py took 0.105 seconds
[2025-10-30T15:28:59.960+0530] {processor.py:161} INFO - Started process (PID=8100) to work on /home/logi/txtai/venv/lib/python3.10/site-packages/airflow/example_dags/example_bash_decorator.py
[2025-10-30T15:28:59.974+0530] {processor.py:830} INFO - Processing file /home/logi/txtai/venv/lib/python3.10/site-packages/airflow/example_dags/example_bash_decorator.py for tasks to queue
[2025-10-30T15:28:59.977+0530] {logging_mixin.py:188} INFO - [2025-10-30T15:28:59.976+0530] {dagbag.py:545} INFO - Filling up the DagBag from /home/logi/txtai/venv/lib/python3.10/site-packages/airflow/example_dags/example_bash_decorator.py
[2025-10-30T15:28:59.999+0530] {processor.py:840} INFO - DAG(s) 'example_bash_decorator' retrieved from /home/logi/txtai/venv/lib/python3.10/site-packages/airflow/example_dags/example_bash_decorator.py
[2025-10-30T15:29:00.029+0530] {logging_mixin.py:188} INFO - [2025-10-30T15:29:00.029+0530] {dag.py:3089} INFO - Sync 1 DAGs
[2025-10-30T15:29:00.039+0530] {logging_mixin.py:188} INFO - [2025-10-30T15:29:00.038+0530] {dag.py:3947} INFO - Setting next_dagrun for example_bash_decorator to None, run_after=None
[2025-10-30T15:29:00.066+0530] {processor.py:183} INFO - Processing /home/logi/txtai/venv/lib/python3.10/site-packages/airflow/example_dags/example_bash_decorator.py took 0.116 seconds
[2025-10-30T15:30:15.815+0530] {processor.py:161} INFO - Started process (PID=8216) to work on /home/logi/txtai/venv/lib/python3.10/site-packages/airflow/example_dags/example_bash_decorator.py
[2025-10-30T15:30:15.830+0530] {processor.py:830} INFO - Processing file /home/logi/txtai/venv/lib/python3.10/site-packages/airflow/example_dags/example_bash_decorator.py for tasks to queue
[2025-10-30T15:30:15.833+0530] {logging_mixin.py:188} INFO - [2025-10-30T15:30:15.833+0530] {dagbag.py:545} INFO - Filling up the DagBag from /home/logi/txtai/venv/lib/python3.10/site-packages/airflow/example_dags/example_bash_decorator.py
[2025-10-30T15:30:15.857+0530] {processor.py:840} INFO - DAG(s) 'example_bash_decorator' retrieved from /home/logi/txtai/venv/lib/python3.10/site-packages/airflow/example_dags/example_bash_decorator.py
[2025-10-30T15:30:15.886+0530] {logging_mixin.py:188} INFO - [2025-10-30T15:30:15.886+0530] {dag.py:3089} INFO - Sync 1 DAGs
[2025-10-30T15:30:15.896+0530] {logging_mixin.py:188} INFO - [2025-10-30T15:30:15.896+0530] {dag.py:3947} INFO - Setting next_dagrun for example_bash_decorator to None, run_after=None
[2025-10-30T15:30:15.924+0530] {processor.py:183} INFO - Processing /home/logi/txtai/venv/lib/python3.10/site-packages/airflow/example_dags/example_bash_decorator.py took 0.120 seconds
[2025-10-30T15:31:27.703+0530] {processor.py:161} INFO - Started process (PID=8311) to work on /home/logi/txtai/venv/lib/python3.10/site-packages/airflow/example_dags/example_bash_decorator.py
[2025-10-30T15:31:27.716+0530] {processor.py:830} INFO - Processing file /home/logi/txtai/venv/lib/python3.10/site-packages/airflow/example_dags/example_bash_decorator.py for tasks to queue
[2025-10-30T15:31:27.719+0530] {logging_mixin.py:188} INFO - [2025-10-30T15:31:27.719+0530] {dagbag.py:545} INFO - Filling up the DagBag from /home/logi/txtai/venv/lib/python3.10/site-packages/airflow/example_dags/example_bash_decorator.py
[2025-10-30T15:31:27.741+0530] {processor.py:840} INFO - DAG(s) 'example_bash_decorator' retrieved from /home/logi/txtai/venv/lib/python3.10/site-packages/airflow/example_dags/example_bash_decorator.py
[2025-10-30T15:31:27.769+0530] {logging_mixin.py:188} INFO - [2025-10-30T15:31:27.769+0530] {dag.py:3089} INFO - Sync 1 DAGs
[2025-10-30T15:31:27.779+0530] {logging_mixin.py:188} INFO - [2025-10-30T15:31:27.779+0530] {dag.py:3947} INFO - Setting next_dagrun for example_bash_decorator to None, run_after=None
[2025-10-30T15:31:27.807+0530] {processor.py:183} INFO - Processing /home/logi/txtai/venv/lib/python3.10/site-packages/airflow/example_dags/example_bash_decorator.py took 0.115 seconds
[2025-10-30T15:32:44.902+0530] {processor.py:161} INFO - Started process (PID=8403) to work on /home/logi/txtai/venv/lib/python3.10/site-packages/airflow/example_dags/example_bash_decorator.py
[2025-10-30T15:32:44.916+0530] {processor.py:830} INFO - Processing file /home/logi/txtai/venv/lib/python3.10/site-packages/airflow/example_dags/example_bash_decorator.py for tasks to queue
[2025-10-30T15:32:44.919+0530] {logging_mixin.py:188} INFO - [2025-10-30T15:32:44.919+0530] {dagbag.py:545} INFO - Filling up the DagBag from /home/logi/txtai/venv/lib/python3.10/site-packages/airflow/example_dags/example_bash_decorator.py
[2025-10-30T15:32:44.942+0530] {processor.py:840} INFO - DAG(s) 'example_bash_decorator' retrieved from /home/logi/txtai/venv/lib/python3.10/site-packages/airflow/example_dags/example_bash_decorator.py
[2025-10-30T15:32:44.970+0530] {logging_mixin.py:188} INFO - [2025-10-30T15:32:44.970+0530] {dag.py:3089} INFO - Sync 1 DAGs
[2025-10-30T15:32:44.979+0530] {logging_mixin.py:188} INFO - [2025-10-30T15:32:44.979+0530] {dag.py:3947} INFO - Setting next_dagrun for example_bash_decorator to None, run_after=None
[2025-10-30T15:32:45.001+0530] {processor.py:183} INFO - Processing /home/logi/txtai/venv/lib/python3.10/site-packages/airflow/example_dags/example_bash_decorator.py took 0.110 seconds
[2025-10-30T15:34:01.617+0530] {processor.py:161} INFO - Started process (PID=8504) to work on /home/logi/txtai/venv/lib/python3.10/site-packages/airflow/example_dags/example_bash_decorator.py
[2025-10-30T15:34:01.630+0530] {processor.py:830} INFO - Processing file /home/logi/txtai/venv/lib/python3.10/site-packages/airflow/example_dags/example_bash_decorator.py for tasks to queue
[2025-10-30T15:34:01.633+0530] {logging_mixin.py:188} INFO - [2025-10-30T15:34:01.632+0530] {dagbag.py:545} INFO - Filling up the DagBag from /home/logi/txtai/venv/lib/python3.10/site-packages/airflow/example_dags/example_bash_decorator.py
[2025-10-30T15:34:01.655+0530] {processor.py:840} INFO - DAG(s) 'example_bash_decorator' retrieved from /home/logi/txtai/venv/lib/python3.10/site-packages/airflow/example_dags/example_bash_decorator.py
[2025-10-30T15:34:01.684+0530] {logging_mixin.py:188} INFO - [2025-10-30T15:34:01.683+0530] {dag.py:3089} INFO - Sync 1 DAGs
[2025-10-30T15:34:01.693+0530] {logging_mixin.py:188} INFO - [2025-10-30T15:34:01.693+0530] {dag.py:3947} INFO - Setting next_dagrun for example_bash_decorator to None, run_after=None
[2025-10-30T15:34:01.719+0530] {processor.py:183} INFO - Processing /home/logi/txtai/venv/lib/python3.10/site-packages/airflow/example_dags/example_bash_decorator.py took 0.114 seconds
[2025-10-30T15:35:00.662+0530] {processor.py:161} INFO - Started process (PID=8599) to work on /home/logi/txtai/venv/lib/python3.10/site-packages/airflow/example_dags/example_bash_decorator.py
[2025-10-30T15:35:00.675+0530] {processor.py:830} INFO - Processing file /home/logi/txtai/venv/lib/python3.10/site-packages/airflow/example_dags/example_bash_decorator.py for tasks to queue
[2025-10-30T15:35:00.678+0530] {logging_mixin.py:188} INFO - [2025-10-30T15:35:00.677+0530] {dagbag.py:545} INFO - Filling up the DagBag from /home/logi/txtai/venv/lib/python3.10/site-packages/airflow/example_dags/example_bash_decorator.py
[2025-10-30T15:35:00.700+0530] {processor.py:840} INFO - DAG(s) 'example_bash_decorator' retrieved from /home/logi/txtai/venv/lib/python3.10/site-packages/airflow/example_dags/example_bash_decorator.py
[2025-10-30T15:35:00.729+0530] {logging_mixin.py:188} INFO - [2025-10-30T15:35:00.729+0530] {dag.py:3089} INFO - Sync 1 DAGs
[2025-10-30T15:35:00.739+0530] {logging_mixin.py:188} INFO - [2025-10-30T15:35:00.739+0530] {dag.py:3947} INFO - Setting next_dagrun for example_bash_decorator to None, run_after=None
[2025-10-30T15:35:00.766+0530] {processor.py:183} INFO - Processing /home/logi/txtai/venv/lib/python3.10/site-packages/airflow/example_dags/example_bash_decorator.py took 0.116 seconds
[2025-10-30T15:36:01.197+0530] {processor.py:161} INFO - Started process (PID=8670) to work on /home/logi/txtai/venv/lib/python3.10/site-packages/airflow/example_dags/example_bash_decorator.py
[2025-10-30T15:36:01.210+0530] {processor.py:830} INFO - Processing file /home/logi/txtai/venv/lib/python3.10/site-packages/airflow/example_dags/example_bash_decorator.py for tasks to queue
[2025-10-30T15:36:01.213+0530] {logging_mixin.py:188} INFO - [2025-10-30T15:36:01.213+0530] {dagbag.py:545} INFO - Filling up the DagBag from /home/logi/txtai/venv/lib/python3.10/site-packages/airflow/example_dags/example_bash_decorator.py
[2025-10-30T15:36:01.236+0530] {processor.py:840} INFO - DAG(s) 'example_bash_decorator' retrieved from /home/logi/txtai/venv/lib/python3.10/site-packages/airflow/example_dags/example_bash_decorator.py
[2025-10-30T15:36:01.262+0530] {logging_mixin.py:188} INFO - [2025-10-30T15:36:01.262+0530] {dag.py:3089} INFO - Sync 1 DAGs
[2025-10-30T15:36:01.272+0530] {logging_mixin.py:188} INFO - [2025-10-30T15:36:01.272+0530] {dag.py:3947} INFO - Setting next_dagrun for example_bash_decorator to None, run_after=None
[2025-10-30T15:36:01.300+0530] {processor.py:183} INFO - Processing /home/logi/txtai/venv/lib/python3.10/site-packages/airflow/example_dags/example_bash_decorator.py took 0.114 seconds
[2025-10-30T15:37:20.325+0530] {processor.py:161} INFO - Started process (PID=8773) to work on /home/logi/txtai/venv/lib/python3.10/site-packages/airflow/example_dags/example_bash_decorator.py
[2025-10-30T15:37:20.338+0530] {processor.py:830} INFO - Processing file /home/logi/txtai/venv/lib/python3.10/site-packages/airflow/example_dags/example_bash_decorator.py for tasks to queue
[2025-10-30T15:37:20.341+0530] {logging_mixin.py:188} INFO - [2025-10-30T15:37:20.341+0530] {dagbag.py:545} INFO - Filling up the DagBag from /home/logi/txtai/venv/lib/python3.10/site-packages/airflow/example_dags/example_bash_decorator.py
[2025-10-30T15:37:20.364+0530] {processor.py:840} INFO - DAG(s) 'example_bash_decorator' retrieved from /home/logi/txtai/venv/lib/python3.10/site-packages/airflow/example_dags/example_bash_decorator.py
[2025-10-30T15:37:20.393+0530] {logging_mixin.py:188} INFO - [2025-10-30T15:37:20.393+0530] {dag.py:3089} INFO - Sync 1 DAGs
[2025-10-30T15:37:20.404+0530] {logging_mixin.py:188} INFO - [2025-10-30T15:37:20.403+0530] {dag.py:3947} INFO - Setting next_dagrun for example_bash_decorator to None, run_after=None
[2025-10-30T15:37:20.432+0530] {processor.py:183} INFO - Processing /home/logi/txtai/venv/lib/python3.10/site-packages/airflow/example_dags/example_bash_decorator.py took 0.119 seconds
[2025-10-30T15:38:39.131+0530] {processor.py:161} INFO - Started process (PID=8877) to work on /home/logi/txtai/venv/lib/python3.10/site-packages/airflow/example_dags/example_bash_decorator.py
[2025-10-30T15:38:39.145+0530] {processor.py:830} INFO - Processing file /home/logi/txtai/venv/lib/python3.10/site-packages/airflow/example_dags/example_bash_decorator.py for tasks to queue
[2025-10-30T15:38:39.148+0530] {logging_mixin.py:188} INFO - [2025-10-30T15:38:39.147+0530] {dagbag.py:545} INFO - Filling up the DagBag from /home/logi/txtai/venv/lib/python3.10/site-packages/airflow/example_dags/example_bash_decorator.py
[2025-10-30T15:38:39.171+0530] {processor.py:840} INFO - DAG(s) 'example_bash_decorator' retrieved from /home/logi/txtai/venv/lib/python3.10/site-packages/airflow/example_dags/example_bash_decorator.py
[2025-10-30T15:38:39.200+0530] {logging_mixin.py:188} INFO - [2025-10-30T15:38:39.200+0530] {dag.py:3089} INFO - Sync 1 DAGs
[2025-10-30T15:38:39.210+0530] {logging_mixin.py:188} INFO - [2025-10-30T15:38:39.210+0530] {dag.py:3947} INFO - Setting next_dagrun for example_bash_decorator to None, run_after=None
[2025-10-30T15:38:39.231+0530] {processor.py:183} INFO - Processing /home/logi/txtai/venv/lib/python3.10/site-packages/airflow/example_dags/example_bash_decorator.py took 0.110 seconds
[2025-10-30T15:39:55.214+0530] {processor.py:161} INFO - Started process (PID=9068) to work on /home/logi/txtai/venv/lib/python3.10/site-packages/airflow/example_dags/example_bash_decorator.py
[2025-10-30T15:39:55.227+0530] {processor.py:830} INFO - Processing file /home/logi/txtai/venv/lib/python3.10/site-packages/airflow/example_dags/example_bash_decorator.py for tasks to queue
[2025-10-30T15:39:55.231+0530] {logging_mixin.py:188} INFO - [2025-10-30T15:39:55.230+0530] {dagbag.py:545} INFO - Filling up the DagBag from /home/logi/txtai/venv/lib/python3.10/site-packages/airflow/example_dags/example_bash_decorator.py
[2025-10-30T15:39:55.253+0530] {processor.py:840} INFO - DAG(s) 'example_bash_decorator' retrieved from /home/logi/txtai/venv/lib/python3.10/site-packages/airflow/example_dags/example_bash_decorator.py
[2025-10-30T15:39:55.281+0530] {logging_mixin.py:188} INFO - [2025-10-30T15:39:55.280+0530] {dag.py:3089} INFO - Sync 1 DAGs
[2025-10-30T15:39:55.290+0530] {logging_mixin.py:188} INFO - [2025-10-30T15:39:55.290+0530] {dag.py:3947} INFO - Setting next_dagrun for example_bash_decorator to None, run_after=None
[2025-10-30T15:39:55.317+0530] {processor.py:183} INFO - Processing /home/logi/txtai/venv/lib/python3.10/site-packages/airflow/example_dags/example_bash_decorator.py took 0.114 seconds
[2025-10-30T15:41:08.458+0530] {processor.py:161} INFO - Started process (PID=9189) to work on /home/logi/txtai/venv/lib/python3.10/site-packages/airflow/example_dags/example_bash_decorator.py
[2025-10-30T15:41:08.464+0530] {processor.py:830} INFO - Processing file /home/logi/txtai/venv/lib/python3.10/site-packages/airflow/example_dags/example_bash_decorator.py for tasks to queue
[2025-10-30T15:41:08.467+0530] {logging_mixin.py:188} INFO - [2025-10-30T15:41:08.466+0530] {dagbag.py:545} INFO - Filling up the DagBag from /home/logi/txtai/venv/lib/python3.10/site-packages/airflow/example_dags/example_bash_decorator.py
[2025-10-30T15:41:08.489+0530] {processor.py:840} INFO - DAG(s) 'example_bash_decorator' retrieved from /home/logi/txtai/venv/lib/python3.10/site-packages/airflow/example_dags/example_bash_decorator.py
[2025-10-30T15:41:08.514+0530] {logging_mixin.py:188} INFO - [2025-10-30T15:41:08.513+0530] {dag.py:3089} INFO - Sync 1 DAGs
[2025-10-30T15:41:08.524+0530] {logging_mixin.py:188} INFO - [2025-10-30T15:41:08.523+0530] {dag.py:3947} INFO - Setting next_dagrun for example_bash_decorator to None, run_after=None
[2025-10-30T15:41:08.545+0530] {processor.py:183} INFO - Processing /home/logi/txtai/venv/lib/python3.10/site-packages/airflow/example_dags/example_bash_decorator.py took 0.098 seconds
[2025-10-30T15:42:27.486+0530] {processor.py:161} INFO - Started process (PID=9465) to work on /home/logi/txtai/venv/lib/python3.10/site-packages/airflow/example_dags/example_bash_decorator.py
[2025-10-30T15:42:27.487+0530] {processor.py:830} INFO - Processing file /home/logi/txtai/venv/lib/python3.10/site-packages/airflow/example_dags/example_bash_decorator.py for tasks to queue
[2025-10-30T15:42:27.488+0530] {logging_mixin.py:188} INFO - [2025-10-30T15:42:27.488+0530] {dagbag.py:545} INFO - Filling up the DagBag from /home/logi/txtai/venv/lib/python3.10/site-packages/airflow/example_dags/example_bash_decorator.py
[2025-10-30T15:42:27.499+0530] {processor.py:840} INFO - DAG(s) 'example_bash_decorator' retrieved from /home/logi/txtai/venv/lib/python3.10/site-packages/airflow/example_dags/example_bash_decorator.py
[2025-10-30T15:42:27.515+0530] {logging_mixin.py:188} INFO - [2025-10-30T15:42:27.515+0530] {dag.py:3089} INFO - Sync 1 DAGs
[2025-10-30T15:42:27.524+0530] {logging_mixin.py:188} INFO - [2025-10-30T15:42:27.524+0530] {dag.py:3947} INFO - Setting next_dagrun for example_bash_decorator to None, run_after=None
[2025-10-30T15:42:27.543+0530] {processor.py:183} INFO - Processing /home/logi/txtai/venv/lib/python3.10/site-packages/airflow/example_dags/example_bash_decorator.py took 0.062 seconds
[2025-10-30T15:43:39.606+0530] {processor.py:161} INFO - Started process (PID=9739) to work on /home/logi/txtai/venv/lib/python3.10/site-packages/airflow/example_dags/example_bash_decorator.py
[2025-10-30T15:43:39.620+0530] {processor.py:830} INFO - Processing file /home/logi/txtai/venv/lib/python3.10/site-packages/airflow/example_dags/example_bash_decorator.py for tasks to queue
[2025-10-30T15:43:39.623+0530] {logging_mixin.py:188} INFO - [2025-10-30T15:43:39.622+0530] {dagbag.py:545} INFO - Filling up the DagBag from /home/logi/txtai/venv/lib/python3.10/site-packages/airflow/example_dags/example_bash_decorator.py
[2025-10-30T15:43:39.656+0530] {processor.py:840} INFO - DAG(s) 'example_bash_decorator' retrieved from /home/logi/txtai/venv/lib/python3.10/site-packages/airflow/example_dags/example_bash_decorator.py
[2025-10-30T15:43:39.688+0530] {logging_mixin.py:188} INFO - [2025-10-30T15:43:39.688+0530] {dag.py:3089} INFO - Sync 1 DAGs
[2025-10-30T15:43:39.704+0530] {logging_mixin.py:188} INFO - [2025-10-30T15:43:39.703+0530] {dag.py:3947} INFO - Setting next_dagrun for example_bash_decorator to None, run_after=None
[2025-10-30T15:43:39.739+0530] {processor.py:183} INFO - Processing /home/logi/txtai/venv/lib/python3.10/site-packages/airflow/example_dags/example_bash_decorator.py took 0.144 seconds
[2025-10-30T15:44:55.035+0530] {processor.py:161} INFO - Started process (PID=10026) to work on /home/logi/txtai/venv/lib/python3.10/site-packages/airflow/example_dags/example_bash_decorator.py
[2025-10-30T15:44:55.049+0530] {processor.py:830} INFO - Processing file /home/logi/txtai/venv/lib/python3.10/site-packages/airflow/example_dags/example_bash_decorator.py for tasks to queue
[2025-10-30T15:44:55.052+0530] {logging_mixin.py:188} INFO - [2025-10-30T15:44:55.051+0530] {dagbag.py:545} INFO - Filling up the DagBag from /home/logi/txtai/venv/lib/python3.10/site-packages/airflow/example_dags/example_bash_decorator.py
[2025-10-30T15:44:55.075+0530] {processor.py:840} INFO - DAG(s) 'example_bash_decorator' retrieved from /home/logi/txtai/venv/lib/python3.10/site-packages/airflow/example_dags/example_bash_decorator.py
[2025-10-30T15:44:55.103+0530] {logging_mixin.py:188} INFO - [2025-10-30T15:44:55.103+0530] {dag.py:3089} INFO - Sync 1 DAGs
[2025-10-30T15:44:55.114+0530] {logging_mixin.py:188} INFO - [2025-10-30T15:44:55.113+0530] {dag.py:3947} INFO - Setting next_dagrun for example_bash_decorator to None, run_after=None
[2025-10-30T15:44:55.135+0530] {processor.py:183} INFO - Processing /home/logi/txtai/venv/lib/python3.10/site-packages/airflow/example_dags/example_bash_decorator.py took 0.111 seconds
[2025-10-30T15:46:08.745+0530] {processor.py:161} INFO - Started process (PID=10195) to work on /home/logi/txtai/venv/lib/python3.10/site-packages/airflow/example_dags/example_bash_decorator.py
[2025-10-30T15:46:08.748+0530] {processor.py:830} INFO - Processing file /home/logi/txtai/venv/lib/python3.10/site-packages/airflow/example_dags/example_bash_decorator.py for tasks to queue
[2025-10-30T15:46:08.751+0530] {logging_mixin.py:188} INFO - [2025-10-30T15:46:08.750+0530] {dagbag.py:545} INFO - Filling up the DagBag from /home/logi/txtai/venv/lib/python3.10/site-packages/airflow/example_dags/example_bash_decorator.py
[2025-10-30T15:46:08.775+0530] {processor.py:840} INFO - DAG(s) 'example_bash_decorator' retrieved from /home/logi/txtai/venv/lib/python3.10/site-packages/airflow/example_dags/example_bash_decorator.py
[2025-10-30T15:46:08.798+0530] {logging_mixin.py:188} INFO - [2025-10-30T15:46:08.797+0530] {dag.py:3089} INFO - Sync 1 DAGs
[2025-10-30T15:46:08.808+0530] {logging_mixin.py:188} INFO - [2025-10-30T15:46:08.808+0530] {dag.py:3947} INFO - Setting next_dagrun for example_bash_decorator to None, run_after=None
[2025-10-30T15:46:08.830+0530] {processor.py:183} INFO - Processing /home/logi/txtai/venv/lib/python3.10/site-packages/airflow/example_dags/example_bash_decorator.py took 0.097 seconds
[2025-10-30T15:47:18.559+0530] {processor.py:161} INFO - Started process (PID=10278) to work on /home/logi/txtai/venv/lib/python3.10/site-packages/airflow/example_dags/example_bash_decorator.py
[2025-10-30T15:47:18.572+0530] {processor.py:830} INFO - Processing file /home/logi/txtai/venv/lib/python3.10/site-packages/airflow/example_dags/example_bash_decorator.py for tasks to queue
[2025-10-30T15:47:18.575+0530] {logging_mixin.py:188} INFO - [2025-10-30T15:47:18.574+0530] {dagbag.py:545} INFO - Filling up the DagBag from /home/logi/txtai/venv/lib/python3.10/site-packages/airflow/example_dags/example_bash_decorator.py
[2025-10-30T15:47:18.598+0530] {processor.py:840} INFO - DAG(s) 'example_bash_decorator' retrieved from /home/logi/txtai/venv/lib/python3.10/site-packages/airflow/example_dags/example_bash_decorator.py
[2025-10-30T15:47:18.623+0530] {logging_mixin.py:188} INFO - [2025-10-30T15:47:18.623+0530] {dag.py:3089} INFO - Sync 1 DAGs
[2025-10-30T15:47:18.633+0530] {logging_mixin.py:188} INFO - [2025-10-30T15:47:18.632+0530] {dag.py:3947} INFO - Setting next_dagrun for example_bash_decorator to None, run_after=None
[2025-10-30T15:47:18.654+0530] {processor.py:183} INFO - Processing /home/logi/txtai/venv/lib/python3.10/site-packages/airflow/example_dags/example_bash_decorator.py took 0.106 seconds
[2025-10-30T15:48:34.359+0530] {processor.py:161} INFO - Started process (PID=10408) to work on /home/logi/txtai/venv/lib/python3.10/site-packages/airflow/example_dags/example_bash_decorator.py
[2025-10-30T15:48:34.373+0530] {processor.py:830} INFO - Processing file /home/logi/txtai/venv/lib/python3.10/site-packages/airflow/example_dags/example_bash_decorator.py for tasks to queue
[2025-10-30T15:48:34.376+0530] {logging_mixin.py:188} INFO - [2025-10-30T15:48:34.375+0530] {dagbag.py:545} INFO - Filling up the DagBag from /home/logi/txtai/venv/lib/python3.10/site-packages/airflow/example_dags/example_bash_decorator.py
[2025-10-30T15:48:34.399+0530] {processor.py:840} INFO - DAG(s) 'example_bash_decorator' retrieved from /home/logi/txtai/venv/lib/python3.10/site-packages/airflow/example_dags/example_bash_decorator.py
[2025-10-30T15:48:34.427+0530] {logging_mixin.py:188} INFO - [2025-10-30T15:48:34.427+0530] {dag.py:3089} INFO - Sync 1 DAGs
[2025-10-30T15:48:34.439+0530] {logging_mixin.py:188} INFO - [2025-10-30T15:48:34.439+0530] {dag.py:3947} INFO - Setting next_dagrun for example_bash_decorator to None, run_after=None
[2025-10-30T15:48:34.460+0530] {processor.py:183} INFO - Processing /home/logi/txtai/venv/lib/python3.10/site-packages/airflow/example_dags/example_bash_decorator.py took 0.112 seconds
[2025-10-30T15:49:48.480+0530] {processor.py:161} INFO - Started process (PID=10552) to work on /home/logi/txtai/venv/lib/python3.10/site-packages/airflow/example_dags/example_bash_decorator.py
[2025-10-30T15:49:48.494+0530] {processor.py:830} INFO - Processing file /home/logi/txtai/venv/lib/python3.10/site-packages/airflow/example_dags/example_bash_decorator.py for tasks to queue
[2025-10-30T15:49:48.497+0530] {logging_mixin.py:188} INFO - [2025-10-30T15:49:48.496+0530] {dagbag.py:545} INFO - Filling up the DagBag from /home/logi/txtai/venv/lib/python3.10/site-packages/airflow/example_dags/example_bash_decorator.py
[2025-10-30T15:49:48.523+0530] {processor.py:840} INFO - DAG(s) 'example_bash_decorator' retrieved from /home/logi/txtai/venv/lib/python3.10/site-packages/airflow/example_dags/example_bash_decorator.py
[2025-10-30T15:49:48.551+0530] {logging_mixin.py:188} INFO - [2025-10-30T15:49:48.551+0530] {dag.py:3089} INFO - Sync 1 DAGs
[2025-10-30T15:49:48.563+0530] {logging_mixin.py:188} INFO - [2025-10-30T15:49:48.562+0530] {dag.py:3947} INFO - Setting next_dagrun for example_bash_decorator to None, run_after=None
[2025-10-30T15:49:48.587+0530] {processor.py:183} INFO - Processing /home/logi/txtai/venv/lib/python3.10/site-packages/airflow/example_dags/example_bash_decorator.py took 0.120 seconds
[2025-10-30T15:51:03.167+0530] {processor.py:161} INFO - Started process (PID=10653) to work on /home/logi/txtai/venv/lib/python3.10/site-packages/airflow/example_dags/example_bash_decorator.py
[2025-10-30T15:51:03.181+0530] {processor.py:830} INFO - Processing file /home/logi/txtai/venv/lib/python3.10/site-packages/airflow/example_dags/example_bash_decorator.py for tasks to queue
[2025-10-30T15:51:03.184+0530] {logging_mixin.py:188} INFO - [2025-10-30T15:51:03.183+0530] {dagbag.py:545} INFO - Filling up the DagBag from /home/logi/txtai/venv/lib/python3.10/site-packages/airflow/example_dags/example_bash_decorator.py
[2025-10-30T15:51:03.200+0530] {processor.py:840} INFO - DAG(s) 'example_bash_decorator' retrieved from /home/logi/txtai/venv/lib/python3.10/site-packages/airflow/example_dags/example_bash_decorator.py
[2025-10-30T15:51:03.218+0530] {logging_mixin.py:188} INFO - [2025-10-30T15:51:03.217+0530] {dag.py:3089} INFO - Sync 1 DAGs
[2025-10-30T15:51:03.227+0530] {logging_mixin.py:188} INFO - [2025-10-30T15:51:03.227+0530] {dag.py:3947} INFO - Setting next_dagrun for example_bash_decorator to None, run_after=None
[2025-10-30T15:51:03.248+0530] {processor.py:183} INFO - Processing /home/logi/txtai/venv/lib/python3.10/site-packages/airflow/example_dags/example_bash_decorator.py took 0.092 seconds
[2025-10-30T15:52:15.405+0530] {processor.py:161} INFO - Started process (PID=10773) to work on /home/logi/txtai/venv/lib/python3.10/site-packages/airflow/example_dags/example_bash_decorator.py
[2025-10-30T15:52:15.424+0530] {processor.py:830} INFO - Processing file /home/logi/txtai/venv/lib/python3.10/site-packages/airflow/example_dags/example_bash_decorator.py for tasks to queue
[2025-10-30T15:52:15.435+0530] {logging_mixin.py:188} INFO - [2025-10-30T15:52:15.432+0530] {dagbag.py:545} INFO - Filling up the DagBag from /home/logi/txtai/venv/lib/python3.10/site-packages/airflow/example_dags/example_bash_decorator.py
[2025-10-30T15:52:15.486+0530] {processor.py:840} INFO - DAG(s) 'example_bash_decorator' retrieved from /home/logi/txtai/venv/lib/python3.10/site-packages/airflow/example_dags/example_bash_decorator.py
[2025-10-30T15:52:15.563+0530] {logging_mixin.py:188} INFO - [2025-10-30T15:52:15.560+0530] {dag.py:3089} INFO - Sync 1 DAGs
[2025-10-30T15:52:15.612+0530] {logging_mixin.py:188} INFO - [2025-10-30T15:52:15.609+0530] {dag.py:3947} INFO - Setting next_dagrun for example_bash_decorator to None, run_after=None
[2025-10-30T15:52:15.690+0530] {processor.py:183} INFO - Processing /home/logi/txtai/venv/lib/python3.10/site-packages/airflow/example_dags/example_bash_decorator.py took 0.313 seconds
[2025-10-30T15:53:35.002+0530] {processor.py:161} INFO - Started process (PID=11202) to work on /home/logi/txtai/venv/lib/python3.10/site-packages/airflow/example_dags/example_bash_decorator.py
[2025-10-30T15:53:35.015+0530] {processor.py:830} INFO - Processing file /home/logi/txtai/venv/lib/python3.10/site-packages/airflow/example_dags/example_bash_decorator.py for tasks to queue
[2025-10-30T15:53:35.018+0530] {logging_mixin.py:188} INFO - [2025-10-30T15:53:35.018+0530] {dagbag.py:545} INFO - Filling up the DagBag from /home/logi/txtai/venv/lib/python3.10/site-packages/airflow/example_dags/example_bash_decorator.py
[2025-10-30T15:53:35.031+0530] {processor.py:840} INFO - DAG(s) 'example_bash_decorator' retrieved from /home/logi/txtai/venv/lib/python3.10/site-packages/airflow/example_dags/example_bash_decorator.py
[2025-10-30T15:53:35.049+0530] {logging_mixin.py:188} INFO - [2025-10-30T15:53:35.049+0530] {dag.py:3089} INFO - Sync 1 DAGs
[2025-10-30T15:53:35.060+0530] {logging_mixin.py:188} INFO - [2025-10-30T15:53:35.060+0530] {dag.py:3947} INFO - Setting next_dagrun for example_bash_decorator to None, run_after=None
[2025-10-30T15:53:35.082+0530] {processor.py:183} INFO - Processing /home/logi/txtai/venv/lib/python3.10/site-packages/airflow/example_dags/example_bash_decorator.py took 0.086 seconds
[2025-10-30T15:54:53.483+0530] {processor.py:161} INFO - Started process (PID=11447) to work on /home/logi/txtai/venv/lib/python3.10/site-packages/airflow/example_dags/example_bash_decorator.py
[2025-10-30T15:54:53.496+0530] {processor.py:830} INFO - Processing file /home/logi/txtai/venv/lib/python3.10/site-packages/airflow/example_dags/example_bash_decorator.py for tasks to queue
[2025-10-30T15:54:53.500+0530] {logging_mixin.py:188} INFO - [2025-10-30T15:54:53.499+0530] {dagbag.py:545} INFO - Filling up the DagBag from /home/logi/txtai/venv/lib/python3.10/site-packages/airflow/example_dags/example_bash_decorator.py
[2025-10-30T15:54:53.524+0530] {processor.py:840} INFO - DAG(s) 'example_bash_decorator' retrieved from /home/logi/txtai/venv/lib/python3.10/site-packages/airflow/example_dags/example_bash_decorator.py
[2025-10-30T15:54:53.552+0530] {logging_mixin.py:188} INFO - [2025-10-30T15:54:53.552+0530] {dag.py:3089} INFO - Sync 1 DAGs
[2025-10-30T15:54:53.562+0530] {logging_mixin.py:188} INFO - [2025-10-30T15:54:53.562+0530] {dag.py:3947} INFO - Setting next_dagrun for example_bash_decorator to None, run_after=None
[2025-10-30T15:54:53.582+0530] {processor.py:183} INFO - Processing /home/logi/txtai/venv/lib/python3.10/site-packages/airflow/example_dags/example_bash_decorator.py took 0.110 seconds
[2025-10-30T15:56:15.363+0530] {processor.py:161} INFO - Started process (PID=11623) to work on /home/logi/txtai/venv/lib/python3.10/site-packages/airflow/example_dags/example_bash_decorator.py
[2025-10-30T15:56:15.377+0530] {processor.py:830} INFO - Processing file /home/logi/txtai/venv/lib/python3.10/site-packages/airflow/example_dags/example_bash_decorator.py for tasks to queue
[2025-10-30T15:56:15.380+0530] {logging_mixin.py:188} INFO - [2025-10-30T15:56:15.380+0530] {dagbag.py:545} INFO - Filling up the DagBag from /home/logi/txtai/venv/lib/python3.10/site-packages/airflow/example_dags/example_bash_decorator.py
[2025-10-30T15:56:15.403+0530] {processor.py:840} INFO - DAG(s) 'example_bash_decorator' retrieved from /home/logi/txtai/venv/lib/python3.10/site-packages/airflow/example_dags/example_bash_decorator.py
[2025-10-30T15:56:15.433+0530] {logging_mixin.py:188} INFO - [2025-10-30T15:56:15.433+0530] {dag.py:3089} INFO - Sync 1 DAGs
[2025-10-30T15:56:15.443+0530] {logging_mixin.py:188} INFO - [2025-10-30T15:56:15.443+0530] {dag.py:3947} INFO - Setting next_dagrun for example_bash_decorator to None, run_after=None
[2025-10-30T15:56:15.470+0530] {processor.py:183} INFO - Processing /home/logi/txtai/venv/lib/python3.10/site-packages/airflow/example_dags/example_bash_decorator.py took 0.118 seconds
[2025-10-30T15:57:42.797+0530] {processor.py:161} INFO - Started process (PID=11816) to work on /home/logi/txtai/venv/lib/python3.10/site-packages/airflow/example_dags/example_bash_decorator.py
[2025-10-30T15:57:42.799+0530] {processor.py:830} INFO - Processing file /home/logi/txtai/venv/lib/python3.10/site-packages/airflow/example_dags/example_bash_decorator.py for tasks to queue
[2025-10-30T15:57:42.802+0530] {logging_mixin.py:188} INFO - [2025-10-30T15:57:42.802+0530] {dagbag.py:545} INFO - Filling up the DagBag from /home/logi/txtai/venv/lib/python3.10/site-packages/airflow/example_dags/example_bash_decorator.py
[2025-10-30T15:57:42.825+0530] {processor.py:840} INFO - DAG(s) 'example_bash_decorator' retrieved from /home/logi/txtai/venv/lib/python3.10/site-packages/airflow/example_dags/example_bash_decorator.py
[2025-10-30T15:57:42.847+0530] {logging_mixin.py:188} INFO - [2025-10-30T15:57:42.847+0530] {dag.py:3089} INFO - Sync 1 DAGs
[2025-10-30T15:57:42.857+0530] {logging_mixin.py:188} INFO - [2025-10-30T15:57:42.857+0530] {dag.py:3947} INFO - Setting next_dagrun for example_bash_decorator to None, run_after=None
[2025-10-30T15:57:42.877+0530] {processor.py:183} INFO - Processing /home/logi/txtai/venv/lib/python3.10/site-packages/airflow/example_dags/example_bash_decorator.py took 0.092 seconds
[2025-10-30T15:58:41.572+0530] {processor.py:161} INFO - Started process (PID=11961) to work on /home/logi/txtai/venv/lib/python3.10/site-packages/airflow/example_dags/example_bash_decorator.py
[2025-10-30T15:58:41.589+0530] {processor.py:830} INFO - Processing file /home/logi/txtai/venv/lib/python3.10/site-packages/airflow/example_dags/example_bash_decorator.py for tasks to queue
[2025-10-30T15:58:41.599+0530] {logging_mixin.py:188} INFO - [2025-10-30T15:58:41.597+0530] {dagbag.py:545} INFO - Filling up the DagBag from /home/logi/txtai/venv/lib/python3.10/site-packages/airflow/example_dags/example_bash_decorator.py
[2025-10-30T15:58:41.677+0530] {processor.py:840} INFO - DAG(s) 'example_bash_decorator' retrieved from /home/logi/txtai/venv/lib/python3.10/site-packages/airflow/example_dags/example_bash_decorator.py
[2025-10-30T15:58:41.774+0530] {logging_mixin.py:188} INFO - [2025-10-30T15:58:41.772+0530] {dag.py:3089} INFO - Sync 1 DAGs
[2025-10-30T15:58:41.822+0530] {logging_mixin.py:188} INFO - [2025-10-30T15:58:41.821+0530] {dag.py:3947} INFO - Setting next_dagrun for example_bash_decorator to None, run_after=None
[2025-10-30T15:58:41.904+0530] {processor.py:183} INFO - Processing /home/logi/txtai/venv/lib/python3.10/site-packages/airflow/example_dags/example_bash_decorator.py took 0.353 seconds
[2025-10-30T16:00:05.304+0530] {processor.py:161} INFO - Started process (PID=12218) to work on /home/logi/txtai/venv/lib/python3.10/site-packages/airflow/example_dags/example_bash_decorator.py
[2025-10-30T16:00:05.318+0530] {processor.py:830} INFO - Processing file /home/logi/txtai/venv/lib/python3.10/site-packages/airflow/example_dags/example_bash_decorator.py for tasks to queue
[2025-10-30T16:00:05.321+0530] {logging_mixin.py:188} INFO - [2025-10-30T16:00:05.320+0530] {dagbag.py:545} INFO - Filling up the DagBag from /home/logi/txtai/venv/lib/python3.10/site-packages/airflow/example_dags/example_bash_decorator.py
[2025-10-30T16:00:05.344+0530] {processor.py:840} INFO - DAG(s) 'example_bash_decorator' retrieved from /home/logi/txtai/venv/lib/python3.10/site-packages/airflow/example_dags/example_bash_decorator.py
[2025-10-30T16:00:05.371+0530] {logging_mixin.py:188} INFO - [2025-10-30T16:00:05.371+0530] {dag.py:3089} INFO - Sync 1 DAGs
[2025-10-30T16:00:05.381+0530] {logging_mixin.py:188} INFO - [2025-10-30T16:00:05.381+0530] {dag.py:3947} INFO - Setting next_dagrun for example_bash_decorator to None, run_after=None
[2025-10-30T16:00:05.401+0530] {processor.py:183} INFO - Processing /home/logi/txtai/venv/lib/python3.10/site-packages/airflow/example_dags/example_bash_decorator.py took 0.108 seconds
[2025-10-30T16:01:25.481+0530] {processor.py:161} INFO - Started process (PID=12426) to work on /home/logi/txtai/venv/lib/python3.10/site-packages/airflow/example_dags/example_bash_decorator.py
[2025-10-30T16:01:25.501+0530] {processor.py:830} INFO - Processing file /home/logi/txtai/venv/lib/python3.10/site-packages/airflow/example_dags/example_bash_decorator.py for tasks to queue
[2025-10-30T16:01:25.507+0530] {logging_mixin.py:188} INFO - [2025-10-30T16:01:25.506+0530] {dagbag.py:545} INFO - Filling up the DagBag from /home/logi/txtai/venv/lib/python3.10/site-packages/airflow/example_dags/example_bash_decorator.py
[2025-10-30T16:01:25.543+0530] {processor.py:840} INFO - DAG(s) 'example_bash_decorator' retrieved from /home/logi/txtai/venv/lib/python3.10/site-packages/airflow/example_dags/example_bash_decorator.py
[2025-10-30T16:01:25.587+0530] {logging_mixin.py:188} INFO - [2025-10-30T16:01:25.587+0530] {dag.py:3089} INFO - Sync 1 DAGs
[2025-10-30T16:01:25.617+0530] {logging_mixin.py:188} INFO - [2025-10-30T16:01:25.616+0530] {dag.py:3947} INFO - Setting next_dagrun for example_bash_decorator to None, run_after=None
[2025-10-30T16:01:25.660+0530] {processor.py:183} INFO - Processing /home/logi/txtai/venv/lib/python3.10/site-packages/airflow/example_dags/example_bash_decorator.py took 0.234 seconds
[2025-10-30T16:02:23.154+0530] {processor.py:161} INFO - Started process (PID=12609) to work on /home/logi/txtai/venv/lib/python3.10/site-packages/airflow/example_dags/example_bash_decorator.py
[2025-10-30T16:02:23.156+0530] {processor.py:830} INFO - Processing file /home/logi/txtai/venv/lib/python3.10/site-packages/airflow/example_dags/example_bash_decorator.py for tasks to queue
[2025-10-30T16:02:23.159+0530] {logging_mixin.py:188} INFO - [2025-10-30T16:02:23.159+0530] {dagbag.py:545} INFO - Filling up the DagBag from /home/logi/txtai/venv/lib/python3.10/site-packages/airflow/example_dags/example_bash_decorator.py
[2025-10-30T16:02:23.184+0530] {processor.py:840} INFO - DAG(s) 'example_bash_decorator' retrieved from /home/logi/txtai/venv/lib/python3.10/site-packages/airflow/example_dags/example_bash_decorator.py
[2025-10-30T16:02:23.206+0530] {logging_mixin.py:188} INFO - [2025-10-30T16:02:23.205+0530] {dag.py:3089} INFO - Sync 1 DAGs
[2025-10-30T16:02:23.216+0530] {logging_mixin.py:188} INFO - [2025-10-30T16:02:23.216+0530] {dag.py:3947} INFO - Setting next_dagrun for example_bash_decorator to None, run_after=None
[2025-10-30T16:02:23.237+0530] {processor.py:183} INFO - Processing /home/logi/txtai/venv/lib/python3.10/site-packages/airflow/example_dags/example_bash_decorator.py took 0.094 seconds
[2025-10-30T16:03:20.091+0530] {processor.py:161} INFO - Started process (PID=12748) to work on /home/logi/txtai/venv/lib/python3.10/site-packages/airflow/example_dags/example_bash_decorator.py
[2025-10-30T16:03:20.104+0530] {processor.py:830} INFO - Processing file /home/logi/txtai/venv/lib/python3.10/site-packages/airflow/example_dags/example_bash_decorator.py for tasks to queue
[2025-10-30T16:03:20.108+0530] {logging_mixin.py:188} INFO - [2025-10-30T16:03:20.108+0530] {dagbag.py:545} INFO - Filling up the DagBag from /home/logi/txtai/venv/lib/python3.10/site-packages/airflow/example_dags/example_bash_decorator.py
[2025-10-30T16:03:20.137+0530] {processor.py:840} INFO - DAG(s) 'example_bash_decorator' retrieved from /home/logi/txtai/venv/lib/python3.10/site-packages/airflow/example_dags/example_bash_decorator.py
[2025-10-30T16:03:20.163+0530] {logging_mixin.py:188} INFO - [2025-10-30T16:03:20.162+0530] {dag.py:3089} INFO - Sync 1 DAGs
[2025-10-30T16:03:20.182+0530] {logging_mixin.py:188} INFO - [2025-10-30T16:03:20.182+0530] {dag.py:3947} INFO - Setting next_dagrun for example_bash_decorator to None, run_after=None
[2025-10-30T16:03:20.210+0530] {processor.py:183} INFO - Processing /home/logi/txtai/venv/lib/python3.10/site-packages/airflow/example_dags/example_bash_decorator.py took 0.131 seconds
[2025-10-30T16:04:20.731+0530] {processor.py:161} INFO - Started process (PID=12886) to work on /home/logi/txtai/venv/lib/python3.10/site-packages/airflow/example_dags/example_bash_decorator.py
[2025-10-30T16:04:20.744+0530] {processor.py:830} INFO - Processing file /home/logi/txtai/venv/lib/python3.10/site-packages/airflow/example_dags/example_bash_decorator.py for tasks to queue
[2025-10-30T16:04:20.749+0530] {logging_mixin.py:188} INFO - [2025-10-30T16:04:20.748+0530] {dagbag.py:545} INFO - Filling up the DagBag from /home/logi/txtai/venv/lib/python3.10/site-packages/airflow/example_dags/example_bash_decorator.py
[2025-10-30T16:04:20.789+0530] {processor.py:840} INFO - DAG(s) 'example_bash_decorator' retrieved from /home/logi/txtai/venv/lib/python3.10/site-packages/airflow/example_dags/example_bash_decorator.py
[2025-10-30T16:04:20.826+0530] {logging_mixin.py:188} INFO - [2025-10-30T16:04:20.825+0530] {dag.py:3089} INFO - Sync 1 DAGs
[2025-10-30T16:04:20.839+0530] {logging_mixin.py:188} INFO - [2025-10-30T16:04:20.839+0530] {dag.py:3947} INFO - Setting next_dagrun for example_bash_decorator to None, run_after=None
[2025-10-30T16:04:20.869+0530] {processor.py:183} INFO - Processing /home/logi/txtai/venv/lib/python3.10/site-packages/airflow/example_dags/example_bash_decorator.py took 0.150 seconds
[2025-10-30T16:05:44.331+0530] {processor.py:161} INFO - Started process (PID=13126) to work on /home/logi/txtai/venv/lib/python3.10/site-packages/airflow/example_dags/example_bash_decorator.py
[2025-10-30T16:05:44.345+0530] {processor.py:830} INFO - Processing file /home/logi/txtai/venv/lib/python3.10/site-packages/airflow/example_dags/example_bash_decorator.py for tasks to queue
[2025-10-30T16:05:44.349+0530] {logging_mixin.py:188} INFO - [2025-10-30T16:05:44.348+0530] {dagbag.py:545} INFO - Filling up the DagBag from /home/logi/txtai/venv/lib/python3.10/site-packages/airflow/example_dags/example_bash_decorator.py
[2025-10-30T16:05:44.372+0530] {processor.py:840} INFO - DAG(s) 'example_bash_decorator' retrieved from /home/logi/txtai/venv/lib/python3.10/site-packages/airflow/example_dags/example_bash_decorator.py
[2025-10-30T16:05:44.401+0530] {logging_mixin.py:188} INFO - [2025-10-30T16:05:44.401+0530] {dag.py:3089} INFO - Sync 1 DAGs
[2025-10-30T16:05:44.411+0530] {logging_mixin.py:188} INFO - [2025-10-30T16:05:44.411+0530] {dag.py:3947} INFO - Setting next_dagrun for example_bash_decorator to None, run_after=None
[2025-10-30T16:05:44.432+0530] {processor.py:183} INFO - Processing /home/logi/txtai/venv/lib/python3.10/site-packages/airflow/example_dags/example_bash_decorator.py took 0.113 seconds
[2025-10-30T16:07:01.171+0530] {processor.py:161} INFO - Started process (PID=13235) to work on /home/logi/txtai/venv/lib/python3.10/site-packages/airflow/example_dags/example_bash_decorator.py
[2025-10-30T16:07:01.185+0530] {processor.py:830} INFO - Processing file /home/logi/txtai/venv/lib/python3.10/site-packages/airflow/example_dags/example_bash_decorator.py for tasks to queue
[2025-10-30T16:07:01.188+0530] {logging_mixin.py:188} INFO - [2025-10-30T16:07:01.187+0530] {dagbag.py:545} INFO - Filling up the DagBag from /home/logi/txtai/venv/lib/python3.10/site-packages/airflow/example_dags/example_bash_decorator.py
[2025-10-30T16:07:01.211+0530] {processor.py:840} INFO - DAG(s) 'example_bash_decorator' retrieved from /home/logi/txtai/venv/lib/python3.10/site-packages/airflow/example_dags/example_bash_decorator.py
[2025-10-30T16:07:01.239+0530] {logging_mixin.py:188} INFO - [2025-10-30T16:07:01.239+0530] {dag.py:3089} INFO - Sync 1 DAGs
[2025-10-30T16:07:01.249+0530] {logging_mixin.py:188} INFO - [2025-10-30T16:07:01.248+0530] {dag.py:3947} INFO - Setting next_dagrun for example_bash_decorator to None, run_after=None
[2025-10-30T16:07:01.277+0530] {processor.py:183} INFO - Processing /home/logi/txtai/venv/lib/python3.10/site-packages/airflow/example_dags/example_bash_decorator.py took 0.117 seconds
[2025-10-30T16:08:18.043+0530] {processor.py:161} INFO - Started process (PID=13341) to work on /home/logi/txtai/venv/lib/python3.10/site-packages/airflow/example_dags/example_bash_decorator.py
[2025-10-30T16:08:18.056+0530] {processor.py:830} INFO - Processing file /home/logi/txtai/venv/lib/python3.10/site-packages/airflow/example_dags/example_bash_decorator.py for tasks to queue
[2025-10-30T16:08:18.059+0530] {logging_mixin.py:188} INFO - [2025-10-30T16:08:18.059+0530] {dagbag.py:545} INFO - Filling up the DagBag from /home/logi/txtai/venv/lib/python3.10/site-packages/airflow/example_dags/example_bash_decorator.py
[2025-10-30T16:08:18.086+0530] {processor.py:840} INFO - DAG(s) 'example_bash_decorator' retrieved from /home/logi/txtai/venv/lib/python3.10/site-packages/airflow/example_dags/example_bash_decorator.py
[2025-10-30T16:08:18.122+0530] {logging_mixin.py:188} INFO - [2025-10-30T16:08:18.122+0530] {dag.py:3089} INFO - Sync 1 DAGs
[2025-10-30T16:08:18.139+0530] {logging_mixin.py:188} INFO - [2025-10-30T16:08:18.138+0530] {dag.py:3947} INFO - Setting next_dagrun for example_bash_decorator to None, run_after=None
[2025-10-30T16:08:18.191+0530] {processor.py:183} INFO - Processing /home/logi/txtai/venv/lib/python3.10/site-packages/airflow/example_dags/example_bash_decorator.py took 0.160 seconds
[2025-10-30T16:09:38.164+0530] {processor.py:161} INFO - Started process (PID=13537) to work on /home/logi/txtai/venv/lib/python3.10/site-packages/airflow/example_dags/example_bash_decorator.py
[2025-10-30T16:09:38.180+0530] {processor.py:830} INFO - Processing file /home/logi/txtai/venv/lib/python3.10/site-packages/airflow/example_dags/example_bash_decorator.py for tasks to queue
[2025-10-30T16:09:38.186+0530] {logging_mixin.py:188} INFO - [2025-10-30T16:09:38.185+0530] {dagbag.py:545} INFO - Filling up the DagBag from /home/logi/txtai/venv/lib/python3.10/site-packages/airflow/example_dags/example_bash_decorator.py
[2025-10-30T16:09:38.210+0530] {processor.py:840} INFO - DAG(s) 'example_bash_decorator' retrieved from /home/logi/txtai/venv/lib/python3.10/site-packages/airflow/example_dags/example_bash_decorator.py
[2025-10-30T16:09:38.239+0530] {logging_mixin.py:188} INFO - [2025-10-30T16:09:38.238+0530] {dag.py:3089} INFO - Sync 1 DAGs
[2025-10-30T16:09:38.249+0530] {logging_mixin.py:188} INFO - [2025-10-30T16:09:38.249+0530] {dag.py:3947} INFO - Setting next_dagrun for example_bash_decorator to None, run_after=None
[2025-10-30T16:09:38.278+0530] {processor.py:183} INFO - Processing /home/logi/txtai/venv/lib/python3.10/site-packages/airflow/example_dags/example_bash_decorator.py took 0.125 seconds
[2025-10-30T16:10:34.765+0530] {processor.py:161} INFO - Started process (PID=13649) to work on /home/logi/txtai/venv/lib/python3.10/site-packages/airflow/example_dags/example_bash_decorator.py
[2025-10-30T16:10:34.780+0530] {processor.py:830} INFO - Processing file /home/logi/txtai/venv/lib/python3.10/site-packages/airflow/example_dags/example_bash_decorator.py for tasks to queue
[2025-10-30T16:10:34.783+0530] {logging_mixin.py:188} INFO - [2025-10-30T16:10:34.782+0530] {dagbag.py:545} INFO - Filling up the DagBag from /home/logi/txtai/venv/lib/python3.10/site-packages/airflow/example_dags/example_bash_decorator.py
[2025-10-30T16:10:34.807+0530] {processor.py:840} INFO - DAG(s) 'example_bash_decorator' retrieved from /home/logi/txtai/venv/lib/python3.10/site-packages/airflow/example_dags/example_bash_decorator.py
[2025-10-30T16:10:34.835+0530] {logging_mixin.py:188} INFO - [2025-10-30T16:10:34.835+0530] {dag.py:3089} INFO - Sync 1 DAGs
[2025-10-30T16:10:34.846+0530] {logging_mixin.py:188} INFO - [2025-10-30T16:10:34.846+0530] {dag.py:3947} INFO - Setting next_dagrun for example_bash_decorator to None, run_after=None
[2025-10-30T16:10:34.875+0530] {processor.py:183} INFO - Processing /home/logi/txtai/venv/lib/python3.10/site-packages/airflow/example_dags/example_bash_decorator.py took 0.122 seconds
[2025-10-30T16:11:53.480+0530] {processor.py:161} INFO - Started process (PID=13820) to work on /home/logi/txtai/venv/lib/python3.10/site-packages/airflow/example_dags/example_bash_decorator.py
[2025-10-30T16:11:53.493+0530] {processor.py:830} INFO - Processing file /home/logi/txtai/venv/lib/python3.10/site-packages/airflow/example_dags/example_bash_decorator.py for tasks to queue
[2025-10-30T16:11:53.496+0530] {logging_mixin.py:188} INFO - [2025-10-30T16:11:53.495+0530] {dagbag.py:545} INFO - Filling up the DagBag from /home/logi/txtai/venv/lib/python3.10/site-packages/airflow/example_dags/example_bash_decorator.py
[2025-10-30T16:11:53.519+0530] {processor.py:840} INFO - DAG(s) 'example_bash_decorator' retrieved from /home/logi/txtai/venv/lib/python3.10/site-packages/airflow/example_dags/example_bash_decorator.py
[2025-10-30T16:11:53.549+0530] {logging_mixin.py:188} INFO - [2025-10-30T16:11:53.549+0530] {dag.py:3089} INFO - Sync 1 DAGs
[2025-10-30T16:11:53.560+0530] {logging_mixin.py:188} INFO - [2025-10-30T16:11:53.560+0530] {dag.py:3947} INFO - Setting next_dagrun for example_bash_decorator to None, run_after=None
[2025-10-30T16:11:53.587+0530] {processor.py:183} INFO - Processing /home/logi/txtai/venv/lib/python3.10/site-packages/airflow/example_dags/example_bash_decorator.py took 0.124 seconds
[2025-10-30T16:13:08.151+0530] {processor.py:161} INFO - Started process (PID=13957) to work on /home/logi/txtai/venv/lib/python3.10/site-packages/airflow/example_dags/example_bash_decorator.py
[2025-10-30T16:13:08.164+0530] {processor.py:830} INFO - Processing file /home/logi/txtai/venv/lib/python3.10/site-packages/airflow/example_dags/example_bash_decorator.py for tasks to queue
[2025-10-30T16:13:08.167+0530] {logging_mixin.py:188} INFO - [2025-10-30T16:13:08.166+0530] {dagbag.py:545} INFO - Filling up the DagBag from /home/logi/txtai/venv/lib/python3.10/site-packages/airflow/example_dags/example_bash_decorator.py
[2025-10-30T16:13:08.180+0530] {processor.py:840} INFO - DAG(s) 'example_bash_decorator' retrieved from /home/logi/txtai/venv/lib/python3.10/site-packages/airflow/example_dags/example_bash_decorator.py
[2025-10-30T16:13:08.200+0530] {logging_mixin.py:188} INFO - [2025-10-30T16:13:08.199+0530] {dag.py:3089} INFO - Sync 1 DAGs
[2025-10-30T16:13:08.211+0530] {logging_mixin.py:188} INFO - [2025-10-30T16:13:08.211+0530] {dag.py:3947} INFO - Setting next_dagrun for example_bash_decorator to None, run_after=None
[2025-10-30T16:13:08.233+0530] {processor.py:183} INFO - Processing /home/logi/txtai/venv/lib/python3.10/site-packages/airflow/example_dags/example_bash_decorator.py took 0.091 seconds
[2025-10-30T16:14:22.487+0530] {processor.py:161} INFO - Started process (PID=14130) to work on /home/logi/txtai/venv/lib/python3.10/site-packages/airflow/example_dags/example_bash_decorator.py
[2025-10-30T16:14:22.500+0530] {processor.py:830} INFO - Processing file /home/logi/txtai/venv/lib/python3.10/site-packages/airflow/example_dags/example_bash_decorator.py for tasks to queue
[2025-10-30T16:14:22.504+0530] {logging_mixin.py:188} INFO - [2025-10-30T16:14:22.504+0530] {dagbag.py:545} INFO - Filling up the DagBag from /home/logi/txtai/venv/lib/python3.10/site-packages/airflow/example_dags/example_bash_decorator.py
[2025-10-30T16:14:22.529+0530] {processor.py:840} INFO - DAG(s) 'example_bash_decorator' retrieved from /home/logi/txtai/venv/lib/python3.10/site-packages/airflow/example_dags/example_bash_decorator.py
[2025-10-30T16:14:22.565+0530] {logging_mixin.py:188} INFO - [2025-10-30T16:14:22.564+0530] {dag.py:3089} INFO - Sync 1 DAGs
[2025-10-30T16:14:22.586+0530] {logging_mixin.py:188} INFO - [2025-10-30T16:14:22.586+0530] {dag.py:3947} INFO - Setting next_dagrun for example_bash_decorator to None, run_after=None
[2025-10-30T16:14:22.623+0530] {processor.py:183} INFO - Processing /home/logi/txtai/venv/lib/python3.10/site-packages/airflow/example_dags/example_bash_decorator.py took 0.153 seconds
[2025-10-30T16:15:36.732+0530] {processor.py:161} INFO - Started process (PID=14288) to work on /home/logi/txtai/venv/lib/python3.10/site-packages/airflow/example_dags/example_bash_decorator.py
[2025-10-30T16:15:36.745+0530] {processor.py:830} INFO - Processing file /home/logi/txtai/venv/lib/python3.10/site-packages/airflow/example_dags/example_bash_decorator.py for tasks to queue
[2025-10-30T16:15:36.748+0530] {logging_mixin.py:188} INFO - [2025-10-30T16:15:36.747+0530] {dagbag.py:545} INFO - Filling up the DagBag from /home/logi/txtai/venv/lib/python3.10/site-packages/airflow/example_dags/example_bash_decorator.py
[2025-10-30T16:15:36.771+0530] {processor.py:840} INFO - DAG(s) 'example_bash_decorator' retrieved from /home/logi/txtai/venv/lib/python3.10/site-packages/airflow/example_dags/example_bash_decorator.py
[2025-10-30T16:15:36.800+0530] {logging_mixin.py:188} INFO - [2025-10-30T16:15:36.800+0530] {dag.py:3089} INFO - Sync 1 DAGs
[2025-10-30T16:15:36.811+0530] {logging_mixin.py:188} INFO - [2025-10-30T16:15:36.811+0530] {dag.py:3947} INFO - Setting next_dagrun for example_bash_decorator to None, run_after=None
[2025-10-30T16:15:36.832+0530] {processor.py:183} INFO - Processing /home/logi/txtai/venv/lib/python3.10/site-packages/airflow/example_dags/example_bash_decorator.py took 0.113 seconds
[2025-10-30T16:17:01.039+0530] {processor.py:161} INFO - Started process (PID=14420) to work on /home/logi/txtai/venv/lib/python3.10/site-packages/airflow/example_dags/example_bash_decorator.py
[2025-10-30T16:17:01.053+0530] {processor.py:830} INFO - Processing file /home/logi/txtai/venv/lib/python3.10/site-packages/airflow/example_dags/example_bash_decorator.py for tasks to queue
[2025-10-30T16:17:01.056+0530] {logging_mixin.py:188} INFO - [2025-10-30T16:17:01.055+0530] {dagbag.py:545} INFO - Filling up the DagBag from /home/logi/txtai/venv/lib/python3.10/site-packages/airflow/example_dags/example_bash_decorator.py
[2025-10-30T16:17:01.079+0530] {processor.py:840} INFO - DAG(s) 'example_bash_decorator' retrieved from /home/logi/txtai/venv/lib/python3.10/site-packages/airflow/example_dags/example_bash_decorator.py
[2025-10-30T16:17:01.108+0530] {logging_mixin.py:188} INFO - [2025-10-30T16:17:01.108+0530] {dag.py:3089} INFO - Sync 1 DAGs
[2025-10-30T16:17:01.119+0530] {logging_mixin.py:188} INFO - [2025-10-30T16:17:01.118+0530] {dag.py:3947} INFO - Setting next_dagrun for example_bash_decorator to None, run_after=None
[2025-10-30T16:17:01.146+0530] {processor.py:183} INFO - Processing /home/logi/txtai/venv/lib/python3.10/site-packages/airflow/example_dags/example_bash_decorator.py took 0.118 seconds
[2025-10-30T16:18:17.460+0530] {processor.py:161} INFO - Started process (PID=14581) to work on /home/logi/txtai/venv/lib/python3.10/site-packages/airflow/example_dags/example_bash_decorator.py
[2025-10-30T16:18:17.473+0530] {processor.py:830} INFO - Processing file /home/logi/txtai/venv/lib/python3.10/site-packages/airflow/example_dags/example_bash_decorator.py for tasks to queue
[2025-10-30T16:18:17.476+0530] {logging_mixin.py:188} INFO - [2025-10-30T16:18:17.476+0530] {dagbag.py:545} INFO - Filling up the DagBag from /home/logi/txtai/venv/lib/python3.10/site-packages/airflow/example_dags/example_bash_decorator.py
[2025-10-30T16:18:17.500+0530] {processor.py:840} INFO - DAG(s) 'example_bash_decorator' retrieved from /home/logi/txtai/venv/lib/python3.10/site-packages/airflow/example_dags/example_bash_decorator.py
[2025-10-30T16:18:17.528+0530] {logging_mixin.py:188} INFO - [2025-10-30T16:18:17.528+0530] {dag.py:3089} INFO - Sync 1 DAGs
[2025-10-30T16:18:17.538+0530] {logging_mixin.py:188} INFO - [2025-10-30T16:18:17.538+0530] {dag.py:3947} INFO - Setting next_dagrun for example_bash_decorator to None, run_after=None
[2025-10-30T16:18:17.565+0530] {processor.py:183} INFO - Processing /home/logi/txtai/venv/lib/python3.10/site-packages/airflow/example_dags/example_bash_decorator.py took 0.116 seconds
[2025-10-30T16:19:36.954+0530] {processor.py:161} INFO - Started process (PID=14709) to work on /home/logi/txtai/venv/lib/python3.10/site-packages/airflow/example_dags/example_bash_decorator.py
[2025-10-30T16:19:36.967+0530] {processor.py:830} INFO - Processing file /home/logi/txtai/venv/lib/python3.10/site-packages/airflow/example_dags/example_bash_decorator.py for tasks to queue
[2025-10-30T16:19:36.970+0530] {logging_mixin.py:188} INFO - [2025-10-30T16:19:36.970+0530] {dagbag.py:545} INFO - Filling up the DagBag from /home/logi/txtai/venv/lib/python3.10/site-packages/airflow/example_dags/example_bash_decorator.py
[2025-10-30T16:19:36.992+0530] {processor.py:840} INFO - DAG(s) 'example_bash_decorator' retrieved from /home/logi/txtai/venv/lib/python3.10/site-packages/airflow/example_dags/example_bash_decorator.py
[2025-10-30T16:19:37.019+0530] {logging_mixin.py:188} INFO - [2025-10-30T16:19:37.019+0530] {dag.py:3089} INFO - Sync 1 DAGs
[2025-10-30T16:19:37.028+0530] {logging_mixin.py:188} INFO - [2025-10-30T16:19:37.028+0530] {dag.py:3947} INFO - Setting next_dagrun for example_bash_decorator to None, run_after=None
[2025-10-30T16:19:37.049+0530] {processor.py:183} INFO - Processing /home/logi/txtai/venv/lib/python3.10/site-packages/airflow/example_dags/example_bash_decorator.py took 0.105 seconds
