[2025-10-30T13:24:06.393+0530] {processor.py:161} INFO - Started process (PID=14474) to work on /home/logi/txtai/venv/lib/python3.10/site-packages/airflow/example_dags/example_branch_operator_decorator.py
[2025-10-30T13:24:06.394+0530] {processor.py:830} INFO - Processing file /home/logi/txtai/venv/lib/python3.10/site-packages/airflow/example_dags/example_branch_operator_decorator.py for tasks to queue
[2025-10-30T13:24:06.397+0530] {logging_mixin.py:188} INFO - [2025-10-30T13:24:06.396+0530] {dagbag.py:545} INFO - Filling up the DagBag from /home/logi/txtai/venv/lib/python3.10/site-packages/airflow/example_dags/example_branch_operator_decorator.py
[2025-10-30T13:24:06.401+0530] {processor.py:842} WARNING - No viable dags retrieved from /home/logi/txtai/venv/lib/python3.10/site-packages/airflow/example_dags/example_branch_operator_decorator.py
[2025-10-30T13:24:06.414+0530] {processor.py:183} INFO - Processing /home/logi/txtai/venv/lib/python3.10/site-packages/airflow/example_dags/example_branch_operator_decorator.py took 0.032 seconds
[2025-10-30T13:24:58.832+0530] {processor.py:161} INFO - Started process (PID=14750) to work on /home/logi/txtai/venv/lib/python3.10/site-packages/airflow/example_dags/example_branch_operator_decorator.py
[2025-10-30T13:24:58.846+0530] {processor.py:830} INFO - Processing file /home/logi/txtai/venv/lib/python3.10/site-packages/airflow/example_dags/example_branch_operator_decorator.py for tasks to queue
[2025-10-30T13:24:58.849+0530] {logging_mixin.py:188} INFO - [2025-10-30T13:24:58.849+0530] {dagbag.py:545} INFO - Filling up the DagBag from /home/logi/txtai/venv/lib/python3.10/site-packages/airflow/example_dags/example_branch_operator_decorator.py
[2025-10-30T13:24:58.854+0530] {processor.py:842} WARNING - No viable dags retrieved from /home/logi/txtai/venv/lib/python3.10/site-packages/airflow/example_dags/example_branch_operator_decorator.py
[2025-10-30T13:24:58.871+0530] {processor.py:183} INFO - Processing /home/logi/txtai/venv/lib/python3.10/site-packages/airflow/example_dags/example_branch_operator_decorator.py took 0.049 seconds
[2025-10-30T13:26:06.246+0530] {processor.py:161} INFO - Started process (PID=14849) to work on /home/logi/txtai/venv/lib/python3.10/site-packages/airflow/example_dags/example_branch_operator_decorator.py
[2025-10-30T13:26:06.259+0530] {processor.py:830} INFO - Processing file /home/logi/txtai/venv/lib/python3.10/site-packages/airflow/example_dags/example_branch_operator_decorator.py for tasks to queue
[2025-10-30T13:26:06.260+0530] {logging_mixin.py:188} INFO - [2025-10-30T13:26:06.260+0530] {dagbag.py:545} INFO - Filling up the DagBag from /home/logi/txtai/venv/lib/python3.10/site-packages/airflow/example_dags/example_branch_operator_decorator.py
[2025-10-30T13:26:06.263+0530] {processor.py:842} WARNING - No viable dags retrieved from /home/logi/txtai/venv/lib/python3.10/site-packages/airflow/example_dags/example_branch_operator_decorator.py
[2025-10-30T13:26:06.274+0530] {processor.py:183} INFO - Processing /home/logi/txtai/venv/lib/python3.10/site-packages/airflow/example_dags/example_branch_operator_decorator.py took 0.035 seconds
[2025-10-30T13:27:13.841+0530] {processor.py:161} INFO - Started process (PID=14930) to work on /home/logi/txtai/venv/lib/python3.10/site-packages/airflow/example_dags/example_branch_operator_decorator.py
[2025-10-30T13:27:13.854+0530] {processor.py:830} INFO - Processing file /home/logi/txtai/venv/lib/python3.10/site-packages/airflow/example_dags/example_branch_operator_decorator.py for tasks to queue
[2025-10-30T13:27:13.857+0530] {logging_mixin.py:188} INFO - [2025-10-30T13:27:13.856+0530] {dagbag.py:545} INFO - Filling up the DagBag from /home/logi/txtai/venv/lib/python3.10/site-packages/airflow/example_dags/example_branch_operator_decorator.py
[2025-10-30T13:27:13.862+0530] {processor.py:842} WARNING - No viable dags retrieved from /home/logi/txtai/venv/lib/python3.10/site-packages/airflow/example_dags/example_branch_operator_decorator.py
[2025-10-30T13:27:13.879+0530] {processor.py:183} INFO - Processing /home/logi/txtai/venv/lib/python3.10/site-packages/airflow/example_dags/example_branch_operator_decorator.py took 0.048 seconds
[2025-10-30T13:28:20.027+0530] {processor.py:161} INFO - Started process (PID=15063) to work on /home/logi/txtai/venv/lib/python3.10/site-packages/airflow/example_dags/example_branch_operator_decorator.py
[2025-10-30T13:28:20.041+0530] {processor.py:830} INFO - Processing file /home/logi/txtai/venv/lib/python3.10/site-packages/airflow/example_dags/example_branch_operator_decorator.py for tasks to queue
[2025-10-30T13:28:20.043+0530] {logging_mixin.py:188} INFO - [2025-10-30T13:28:20.043+0530] {dagbag.py:545} INFO - Filling up the DagBag from /home/logi/txtai/venv/lib/python3.10/site-packages/airflow/example_dags/example_branch_operator_decorator.py
[2025-10-30T13:28:20.045+0530] {processor.py:842} WARNING - No viable dags retrieved from /home/logi/txtai/venv/lib/python3.10/site-packages/airflow/example_dags/example_branch_operator_decorator.py
[2025-10-30T13:28:20.055+0530] {processor.py:183} INFO - Processing /home/logi/txtai/venv/lib/python3.10/site-packages/airflow/example_dags/example_branch_operator_decorator.py took 0.033 seconds
[2025-10-30T13:29:28.508+0530] {processor.py:161} INFO - Started process (PID=15146) to work on /home/logi/txtai/venv/lib/python3.10/site-packages/airflow/example_dags/example_branch_operator_decorator.py
[2025-10-30T13:29:28.521+0530] {processor.py:830} INFO - Processing file /home/logi/txtai/venv/lib/python3.10/site-packages/airflow/example_dags/example_branch_operator_decorator.py for tasks to queue
[2025-10-30T13:29:28.524+0530] {logging_mixin.py:188} INFO - [2025-10-30T13:29:28.523+0530] {dagbag.py:545} INFO - Filling up the DagBag from /home/logi/txtai/venv/lib/python3.10/site-packages/airflow/example_dags/example_branch_operator_decorator.py
[2025-10-30T13:29:28.527+0530] {processor.py:842} WARNING - No viable dags retrieved from /home/logi/txtai/venv/lib/python3.10/site-packages/airflow/example_dags/example_branch_operator_decorator.py
[2025-10-30T13:29:28.536+0530] {processor.py:183} INFO - Processing /home/logi/txtai/venv/lib/python3.10/site-packages/airflow/example_dags/example_branch_operator_decorator.py took 0.033 seconds
[2025-10-30T13:30:32.787+0530] {processor.py:161} INFO - Started process (PID=15263) to work on /home/logi/txtai/venv/lib/python3.10/site-packages/airflow/example_dags/example_branch_operator_decorator.py
[2025-10-30T13:30:32.800+0530] {processor.py:830} INFO - Processing file /home/logi/txtai/venv/lib/python3.10/site-packages/airflow/example_dags/example_branch_operator_decorator.py for tasks to queue
[2025-10-30T13:30:32.804+0530] {logging_mixin.py:188} INFO - [2025-10-30T13:30:32.803+0530] {dagbag.py:545} INFO - Filling up the DagBag from /home/logi/txtai/venv/lib/python3.10/site-packages/airflow/example_dags/example_branch_operator_decorator.py
[2025-10-30T13:30:32.807+0530] {processor.py:842} WARNING - No viable dags retrieved from /home/logi/txtai/venv/lib/python3.10/site-packages/airflow/example_dags/example_branch_operator_decorator.py
[2025-10-30T13:30:32.817+0530] {processor.py:183} INFO - Processing /home/logi/txtai/venv/lib/python3.10/site-packages/airflow/example_dags/example_branch_operator_decorator.py took 0.035 seconds
[2025-10-30T15:05:12.236+0530] {processor.py:161} INFO - Started process (PID=5844) to work on /home/logi/txtai/venv/lib/python3.10/site-packages/airflow/example_dags/example_branch_operator_decorator.py
[2025-10-30T15:05:12.249+0530] {processor.py:830} INFO - Processing file /home/logi/txtai/venv/lib/python3.10/site-packages/airflow/example_dags/example_branch_operator_decorator.py for tasks to queue
[2025-10-30T15:05:12.252+0530] {logging_mixin.py:188} INFO - [2025-10-30T15:05:12.252+0530] {dagbag.py:545} INFO - Filling up the DagBag from /home/logi/txtai/venv/lib/python3.10/site-packages/airflow/example_dags/example_branch_operator_decorator.py
[2025-10-30T15:05:12.257+0530] {processor.py:842} WARNING - No viable dags retrieved from /home/logi/txtai/venv/lib/python3.10/site-packages/airflow/example_dags/example_branch_operator_decorator.py
[2025-10-30T15:05:12.281+0530] {processor.py:183} INFO - Processing /home/logi/txtai/venv/lib/python3.10/site-packages/airflow/example_dags/example_branch_operator_decorator.py took 0.057 seconds
[2025-10-30T15:06:08.170+0530] {processor.py:161} INFO - Started process (PID=5938) to work on /home/logi/txtai/venv/lib/python3.10/site-packages/airflow/example_dags/example_branch_operator_decorator.py
[2025-10-30T15:06:08.183+0530] {processor.py:830} INFO - Processing file /home/logi/txtai/venv/lib/python3.10/site-packages/airflow/example_dags/example_branch_operator_decorator.py for tasks to queue
[2025-10-30T15:06:08.186+0530] {logging_mixin.py:188} INFO - [2025-10-30T15:06:08.186+0530] {dagbag.py:545} INFO - Filling up the DagBag from /home/logi/txtai/venv/lib/python3.10/site-packages/airflow/example_dags/example_branch_operator_decorator.py
[2025-10-30T15:06:08.191+0530] {processor.py:842} WARNING - No viable dags retrieved from /home/logi/txtai/venv/lib/python3.10/site-packages/airflow/example_dags/example_branch_operator_decorator.py
[2025-10-30T15:06:08.209+0530] {processor.py:183} INFO - Processing /home/logi/txtai/venv/lib/python3.10/site-packages/airflow/example_dags/example_branch_operator_decorator.py took 0.046 seconds
[2025-10-30T15:07:22.023+0530] {processor.py:161} INFO - Started process (PID=6075) to work on /home/logi/txtai/venv/lib/python3.10/site-packages/airflow/example_dags/example_branch_operator_decorator.py
[2025-10-30T15:07:22.025+0530] {processor.py:830} INFO - Processing file /home/logi/txtai/venv/lib/python3.10/site-packages/airflow/example_dags/example_branch_operator_decorator.py for tasks to queue
[2025-10-30T15:07:22.028+0530] {logging_mixin.py:188} INFO - [2025-10-30T15:07:22.027+0530] {dagbag.py:545} INFO - Filling up the DagBag from /home/logi/txtai/venv/lib/python3.10/site-packages/airflow/example_dags/example_branch_operator_decorator.py
[2025-10-30T15:07:22.032+0530] {processor.py:842} WARNING - No viable dags retrieved from /home/logi/txtai/venv/lib/python3.10/site-packages/airflow/example_dags/example_branch_operator_decorator.py
[2025-10-30T15:07:22.050+0530] {processor.py:183} INFO - Processing /home/logi/txtai/venv/lib/python3.10/site-packages/airflow/example_dags/example_branch_operator_decorator.py took 0.039 seconds
[2025-10-30T15:08:38.249+0530] {processor.py:161} INFO - Started process (PID=6204) to work on /home/logi/txtai/venv/lib/python3.10/site-packages/airflow/example_dags/example_branch_operator_decorator.py
[2025-10-30T15:08:38.251+0530] {processor.py:830} INFO - Processing file /home/logi/txtai/venv/lib/python3.10/site-packages/airflow/example_dags/example_branch_operator_decorator.py for tasks to queue
[2025-10-30T15:08:38.254+0530] {logging_mixin.py:188} INFO - [2025-10-30T15:08:38.254+0530] {dagbag.py:545} INFO - Filling up the DagBag from /home/logi/txtai/venv/lib/python3.10/site-packages/airflow/example_dags/example_branch_operator_decorator.py
[2025-10-30T15:08:38.259+0530] {processor.py:842} WARNING - No viable dags retrieved from /home/logi/txtai/venv/lib/python3.10/site-packages/airflow/example_dags/example_branch_operator_decorator.py
[2025-10-30T15:08:38.278+0530] {processor.py:183} INFO - Processing /home/logi/txtai/venv/lib/python3.10/site-packages/airflow/example_dags/example_branch_operator_decorator.py took 0.040 seconds
[2025-10-30T15:09:53.368+0530] {processor.py:161} INFO - Started process (PID=6333) to work on /home/logi/txtai/venv/lib/python3.10/site-packages/airflow/example_dags/example_branch_operator_decorator.py
[2025-10-30T15:09:53.382+0530] {processor.py:830} INFO - Processing file /home/logi/txtai/venv/lib/python3.10/site-packages/airflow/example_dags/example_branch_operator_decorator.py for tasks to queue
[2025-10-30T15:09:53.385+0530] {logging_mixin.py:188} INFO - [2025-10-30T15:09:53.384+0530] {dagbag.py:545} INFO - Filling up the DagBag from /home/logi/txtai/venv/lib/python3.10/site-packages/airflow/example_dags/example_branch_operator_decorator.py
[2025-10-30T15:09:53.389+0530] {processor.py:842} WARNING - No viable dags retrieved from /home/logi/txtai/venv/lib/python3.10/site-packages/airflow/example_dags/example_branch_operator_decorator.py
[2025-10-30T15:09:53.407+0530] {processor.py:183} INFO - Processing /home/logi/txtai/venv/lib/python3.10/site-packages/airflow/example_dags/example_branch_operator_decorator.py took 0.049 seconds
[2025-10-30T15:11:05.986+0530] {processor.py:161} INFO - Started process (PID=6484) to work on /home/logi/txtai/venv/lib/python3.10/site-packages/airflow/example_dags/example_branch_operator_decorator.py
[2025-10-30T15:11:06.000+0530] {processor.py:830} INFO - Processing file /home/logi/txtai/venv/lib/python3.10/site-packages/airflow/example_dags/example_branch_operator_decorator.py for tasks to queue
[2025-10-30T15:11:06.003+0530] {logging_mixin.py:188} INFO - [2025-10-30T15:11:06.002+0530] {dagbag.py:545} INFO - Filling up the DagBag from /home/logi/txtai/venv/lib/python3.10/site-packages/airflow/example_dags/example_branch_operator_decorator.py
[2025-10-30T15:11:06.007+0530] {processor.py:842} WARNING - No viable dags retrieved from /home/logi/txtai/venv/lib/python3.10/site-packages/airflow/example_dags/example_branch_operator_decorator.py
[2025-10-30T15:11:06.032+0530] {processor.py:183} INFO - Processing /home/logi/txtai/venv/lib/python3.10/site-packages/airflow/example_dags/example_branch_operator_decorator.py took 0.056 seconds
[2025-10-30T15:12:21.469+0530] {processor.py:161} INFO - Started process (PID=6599) to work on /home/logi/txtai/venv/lib/python3.10/site-packages/airflow/example_dags/example_branch_operator_decorator.py
[2025-10-30T15:12:21.483+0530] {processor.py:830} INFO - Processing file /home/logi/txtai/venv/lib/python3.10/site-packages/airflow/example_dags/example_branch_operator_decorator.py for tasks to queue
[2025-10-30T15:12:21.486+0530] {logging_mixin.py:188} INFO - [2025-10-30T15:12:21.485+0530] {dagbag.py:545} INFO - Filling up the DagBag from /home/logi/txtai/venv/lib/python3.10/site-packages/airflow/example_dags/example_branch_operator_decorator.py
[2025-10-30T15:12:21.490+0530] {processor.py:842} WARNING - No viable dags retrieved from /home/logi/txtai/venv/lib/python3.10/site-packages/airflow/example_dags/example_branch_operator_decorator.py
[2025-10-30T15:12:21.508+0530] {processor.py:183} INFO - Processing /home/logi/txtai/venv/lib/python3.10/site-packages/airflow/example_dags/example_branch_operator_decorator.py took 0.049 seconds
[2025-10-30T15:13:35.733+0530] {processor.py:161} INFO - Started process (PID=6725) to work on /home/logi/txtai/venv/lib/python3.10/site-packages/airflow/example_dags/example_branch_operator_decorator.py
[2025-10-30T15:13:35.736+0530] {processor.py:830} INFO - Processing file /home/logi/txtai/venv/lib/python3.10/site-packages/airflow/example_dags/example_branch_operator_decorator.py for tasks to queue
[2025-10-30T15:13:35.739+0530] {logging_mixin.py:188} INFO - [2025-10-30T15:13:35.738+0530] {dagbag.py:545} INFO - Filling up the DagBag from /home/logi/txtai/venv/lib/python3.10/site-packages/airflow/example_dags/example_branch_operator_decorator.py
[2025-10-30T15:13:35.743+0530] {processor.py:842} WARNING - No viable dags retrieved from /home/logi/txtai/venv/lib/python3.10/site-packages/airflow/example_dags/example_branch_operator_decorator.py
[2025-10-30T15:13:35.763+0530] {processor.py:183} INFO - Processing /home/logi/txtai/venv/lib/python3.10/site-packages/airflow/example_dags/example_branch_operator_decorator.py took 0.041 seconds
[2025-10-30T15:14:52.310+0530] {processor.py:161} INFO - Started process (PID=6852) to work on /home/logi/txtai/venv/lib/python3.10/site-packages/airflow/example_dags/example_branch_operator_decorator.py
[2025-10-30T15:14:52.323+0530] {processor.py:830} INFO - Processing file /home/logi/txtai/venv/lib/python3.10/site-packages/airflow/example_dags/example_branch_operator_decorator.py for tasks to queue
[2025-10-30T15:14:52.326+0530] {logging_mixin.py:188} INFO - [2025-10-30T15:14:52.326+0530] {dagbag.py:545} INFO - Filling up the DagBag from /home/logi/txtai/venv/lib/python3.10/site-packages/airflow/example_dags/example_branch_operator_decorator.py
[2025-10-30T15:14:52.331+0530] {processor.py:842} WARNING - No viable dags retrieved from /home/logi/txtai/venv/lib/python3.10/site-packages/airflow/example_dags/example_branch_operator_decorator.py
[2025-10-30T15:14:52.351+0530] {processor.py:183} INFO - Processing /home/logi/txtai/venv/lib/python3.10/site-packages/airflow/example_dags/example_branch_operator_decorator.py took 0.053 seconds
[2025-10-30T15:15:46.162+0530] {processor.py:161} INFO - Started process (PID=6922) to work on /home/logi/txtai/venv/lib/python3.10/site-packages/airflow/example_dags/example_branch_operator_decorator.py
[2025-10-30T15:15:46.175+0530] {processor.py:830} INFO - Processing file /home/logi/txtai/venv/lib/python3.10/site-packages/airflow/example_dags/example_branch_operator_decorator.py for tasks to queue
[2025-10-30T15:15:46.178+0530] {logging_mixin.py:188} INFO - [2025-10-30T15:15:46.178+0530] {dagbag.py:545} INFO - Filling up the DagBag from /home/logi/txtai/venv/lib/python3.10/site-packages/airflow/example_dags/example_branch_operator_decorator.py
[2025-10-30T15:15:46.181+0530] {processor.py:842} WARNING - No viable dags retrieved from /home/logi/txtai/venv/lib/python3.10/site-packages/airflow/example_dags/example_branch_operator_decorator.py
[2025-10-30T15:15:46.192+0530] {processor.py:183} INFO - Processing /home/logi/txtai/venv/lib/python3.10/site-packages/airflow/example_dags/example_branch_operator_decorator.py took 0.038 seconds
[2025-10-30T15:16:55.189+0530] {processor.py:161} INFO - Started process (PID=7025) to work on /home/logi/txtai/venv/lib/python3.10/site-packages/airflow/example_dags/example_branch_operator_decorator.py
[2025-10-30T15:16:55.202+0530] {processor.py:830} INFO - Processing file /home/logi/txtai/venv/lib/python3.10/site-packages/airflow/example_dags/example_branch_operator_decorator.py for tasks to queue
[2025-10-30T15:16:55.206+0530] {logging_mixin.py:188} INFO - [2025-10-30T15:16:55.205+0530] {dagbag.py:545} INFO - Filling up the DagBag from /home/logi/txtai/venv/lib/python3.10/site-packages/airflow/example_dags/example_branch_operator_decorator.py
[2025-10-30T15:16:55.210+0530] {processor.py:842} WARNING - No viable dags retrieved from /home/logi/txtai/venv/lib/python3.10/site-packages/airflow/example_dags/example_branch_operator_decorator.py
[2025-10-30T15:16:55.230+0530] {processor.py:183} INFO - Processing /home/logi/txtai/venv/lib/python3.10/site-packages/airflow/example_dags/example_branch_operator_decorator.py took 0.054 seconds
[2025-10-30T15:18:11.438+0530] {processor.py:161} INFO - Started process (PID=7147) to work on /home/logi/txtai/venv/lib/python3.10/site-packages/airflow/example_dags/example_branch_operator_decorator.py
[2025-10-30T15:18:11.452+0530] {processor.py:830} INFO - Processing file /home/logi/txtai/venv/lib/python3.10/site-packages/airflow/example_dags/example_branch_operator_decorator.py for tasks to queue
[2025-10-30T15:18:11.455+0530] {logging_mixin.py:188} INFO - [2025-10-30T15:18:11.454+0530] {dagbag.py:545} INFO - Filling up the DagBag from /home/logi/txtai/venv/lib/python3.10/site-packages/airflow/example_dags/example_branch_operator_decorator.py
[2025-10-30T15:18:11.459+0530] {processor.py:842} WARNING - No viable dags retrieved from /home/logi/txtai/venv/lib/python3.10/site-packages/airflow/example_dags/example_branch_operator_decorator.py
[2025-10-30T15:18:11.477+0530] {processor.py:183} INFO - Processing /home/logi/txtai/venv/lib/python3.10/site-packages/airflow/example_dags/example_branch_operator_decorator.py took 0.051 seconds
[2025-10-30T15:19:30.722+0530] {processor.py:161} INFO - Started process (PID=7266) to work on /home/logi/txtai/venv/lib/python3.10/site-packages/airflow/example_dags/example_branch_operator_decorator.py
[2025-10-30T15:19:30.736+0530] {processor.py:830} INFO - Processing file /home/logi/txtai/venv/lib/python3.10/site-packages/airflow/example_dags/example_branch_operator_decorator.py for tasks to queue
[2025-10-30T15:19:30.739+0530] {logging_mixin.py:188} INFO - [2025-10-30T15:19:30.739+0530] {dagbag.py:545} INFO - Filling up the DagBag from /home/logi/txtai/venv/lib/python3.10/site-packages/airflow/example_dags/example_branch_operator_decorator.py
[2025-10-30T15:19:30.744+0530] {processor.py:842} WARNING - No viable dags retrieved from /home/logi/txtai/venv/lib/python3.10/site-packages/airflow/example_dags/example_branch_operator_decorator.py
[2025-10-30T15:19:30.762+0530] {processor.py:183} INFO - Processing /home/logi/txtai/venv/lib/python3.10/site-packages/airflow/example_dags/example_branch_operator_decorator.py took 0.052 seconds
[2025-10-30T15:20:44.736+0530] {processor.py:161} INFO - Started process (PID=7399) to work on /home/logi/txtai/venv/lib/python3.10/site-packages/airflow/example_dags/example_branch_operator_decorator.py
[2025-10-30T15:20:44.749+0530] {processor.py:830} INFO - Processing file /home/logi/txtai/venv/lib/python3.10/site-packages/airflow/example_dags/example_branch_operator_decorator.py for tasks to queue
[2025-10-30T15:20:44.752+0530] {logging_mixin.py:188} INFO - [2025-10-30T15:20:44.752+0530] {dagbag.py:545} INFO - Filling up the DagBag from /home/logi/txtai/venv/lib/python3.10/site-packages/airflow/example_dags/example_branch_operator_decorator.py
[2025-10-30T15:20:44.757+0530] {processor.py:842} WARNING - No viable dags retrieved from /home/logi/txtai/venv/lib/python3.10/site-packages/airflow/example_dags/example_branch_operator_decorator.py
[2025-10-30T15:20:44.777+0530] {processor.py:183} INFO - Processing /home/logi/txtai/venv/lib/python3.10/site-packages/airflow/example_dags/example_branch_operator_decorator.py took 0.052 seconds
[2025-10-30T15:21:59.622+0530] {processor.py:161} INFO - Started process (PID=7512) to work on /home/logi/txtai/venv/lib/python3.10/site-packages/airflow/example_dags/example_branch_operator_decorator.py
[2025-10-30T15:21:59.636+0530] {processor.py:830} INFO - Processing file /home/logi/txtai/venv/lib/python3.10/site-packages/airflow/example_dags/example_branch_operator_decorator.py for tasks to queue
[2025-10-30T15:21:59.639+0530] {logging_mixin.py:188} INFO - [2025-10-30T15:21:59.638+0530] {dagbag.py:545} INFO - Filling up the DagBag from /home/logi/txtai/venv/lib/python3.10/site-packages/airflow/example_dags/example_branch_operator_decorator.py
[2025-10-30T15:21:59.643+0530] {processor.py:842} WARNING - No viable dags retrieved from /home/logi/txtai/venv/lib/python3.10/site-packages/airflow/example_dags/example_branch_operator_decorator.py
[2025-10-30T15:21:59.663+0530] {processor.py:183} INFO - Processing /home/logi/txtai/venv/lib/python3.10/site-packages/airflow/example_dags/example_branch_operator_decorator.py took 0.052 seconds
[2025-10-30T15:23:13.228+0530] {processor.py:161} INFO - Started process (PID=7624) to work on /home/logi/txtai/venv/lib/python3.10/site-packages/airflow/example_dags/example_branch_operator_decorator.py
[2025-10-30T15:23:13.242+0530] {processor.py:830} INFO - Processing file /home/logi/txtai/venv/lib/python3.10/site-packages/airflow/example_dags/example_branch_operator_decorator.py for tasks to queue
[2025-10-30T15:23:13.245+0530] {logging_mixin.py:188} INFO - [2025-10-30T15:23:13.245+0530] {dagbag.py:545} INFO - Filling up the DagBag from /home/logi/txtai/venv/lib/python3.10/site-packages/airflow/example_dags/example_branch_operator_decorator.py
[2025-10-30T15:23:13.250+0530] {processor.py:842} WARNING - No viable dags retrieved from /home/logi/txtai/venv/lib/python3.10/site-packages/airflow/example_dags/example_branch_operator_decorator.py
[2025-10-30T15:23:13.270+0530] {processor.py:183} INFO - Processing /home/logi/txtai/venv/lib/python3.10/site-packages/airflow/example_dags/example_branch_operator_decorator.py took 0.052 seconds
[2025-10-30T15:24:29.272+0530] {processor.py:161} INFO - Started process (PID=7740) to work on /home/logi/txtai/venv/lib/python3.10/site-packages/airflow/example_dags/example_branch_operator_decorator.py
[2025-10-30T15:24:29.286+0530] {processor.py:830} INFO - Processing file /home/logi/txtai/venv/lib/python3.10/site-packages/airflow/example_dags/example_branch_operator_decorator.py for tasks to queue
[2025-10-30T15:24:29.289+0530] {logging_mixin.py:188} INFO - [2025-10-30T15:24:29.288+0530] {dagbag.py:545} INFO - Filling up the DagBag from /home/logi/txtai/venv/lib/python3.10/site-packages/airflow/example_dags/example_branch_operator_decorator.py
[2025-10-30T15:24:29.293+0530] {processor.py:842} WARNING - No viable dags retrieved from /home/logi/txtai/venv/lib/python3.10/site-packages/airflow/example_dags/example_branch_operator_decorator.py
[2025-10-30T15:24:29.312+0530] {processor.py:183} INFO - Processing /home/logi/txtai/venv/lib/python3.10/site-packages/airflow/example_dags/example_branch_operator_decorator.py took 0.051 seconds
[2025-10-30T15:25:45.040+0530] {processor.py:161} INFO - Started process (PID=7857) to work on /home/logi/txtai/venv/lib/python3.10/site-packages/airflow/example_dags/example_branch_operator_decorator.py
[2025-10-30T15:25:45.053+0530] {processor.py:830} INFO - Processing file /home/logi/txtai/venv/lib/python3.10/site-packages/airflow/example_dags/example_branch_operator_decorator.py for tasks to queue
[2025-10-30T15:25:45.056+0530] {logging_mixin.py:188} INFO - [2025-10-30T15:25:45.056+0530] {dagbag.py:545} INFO - Filling up the DagBag from /home/logi/txtai/venv/lib/python3.10/site-packages/airflow/example_dags/example_branch_operator_decorator.py
[2025-10-30T15:25:45.061+0530] {processor.py:842} WARNING - No viable dags retrieved from /home/logi/txtai/venv/lib/python3.10/site-packages/airflow/example_dags/example_branch_operator_decorator.py
[2025-10-30T15:25:45.079+0530] {processor.py:183} INFO - Processing /home/logi/txtai/venv/lib/python3.10/site-packages/airflow/example_dags/example_branch_operator_decorator.py took 0.050 seconds
[2025-10-30T15:26:54.357+0530] {processor.py:161} INFO - Started process (PID=7939) to work on /home/logi/txtai/venv/lib/python3.10/site-packages/airflow/example_dags/example_branch_operator_decorator.py
[2025-10-30T15:26:54.370+0530] {processor.py:830} INFO - Processing file /home/logi/txtai/venv/lib/python3.10/site-packages/airflow/example_dags/example_branch_operator_decorator.py for tasks to queue
[2025-10-30T15:26:54.373+0530] {logging_mixin.py:188} INFO - [2025-10-30T15:26:54.373+0530] {dagbag.py:545} INFO - Filling up the DagBag from /home/logi/txtai/venv/lib/python3.10/site-packages/airflow/example_dags/example_branch_operator_decorator.py
[2025-10-30T15:26:54.378+0530] {processor.py:842} WARNING - No viable dags retrieved from /home/logi/txtai/venv/lib/python3.10/site-packages/airflow/example_dags/example_branch_operator_decorator.py
[2025-10-30T15:26:54.395+0530] {processor.py:183} INFO - Processing /home/logi/txtai/venv/lib/python3.10/site-packages/airflow/example_dags/example_branch_operator_decorator.py took 0.049 seconds
[2025-10-30T15:28:10.583+0530] {processor.py:161} INFO - Started process (PID=8039) to work on /home/logi/txtai/venv/lib/python3.10/site-packages/airflow/example_dags/example_branch_operator_decorator.py
[2025-10-30T15:28:10.596+0530] {processor.py:830} INFO - Processing file /home/logi/txtai/venv/lib/python3.10/site-packages/airflow/example_dags/example_branch_operator_decorator.py for tasks to queue
[2025-10-30T15:28:10.599+0530] {logging_mixin.py:188} INFO - [2025-10-30T15:28:10.599+0530] {dagbag.py:545} INFO - Filling up the DagBag from /home/logi/txtai/venv/lib/python3.10/site-packages/airflow/example_dags/example_branch_operator_decorator.py
[2025-10-30T15:28:10.604+0530] {processor.py:842} WARNING - No viable dags retrieved from /home/logi/txtai/venv/lib/python3.10/site-packages/airflow/example_dags/example_branch_operator_decorator.py
[2025-10-30T15:28:10.622+0530] {processor.py:183} INFO - Processing /home/logi/txtai/venv/lib/python3.10/site-packages/airflow/example_dags/example_branch_operator_decorator.py took 0.050 seconds
[2025-10-30T15:29:25.573+0530] {processor.py:161} INFO - Started process (PID=8129) to work on /home/logi/txtai/venv/lib/python3.10/site-packages/airflow/example_dags/example_branch_operator_decorator.py
[2025-10-30T15:29:25.575+0530] {processor.py:830} INFO - Processing file /home/logi/txtai/venv/lib/python3.10/site-packages/airflow/example_dags/example_branch_operator_decorator.py for tasks to queue
[2025-10-30T15:29:25.579+0530] {logging_mixin.py:188} INFO - [2025-10-30T15:29:25.578+0530] {dagbag.py:545} INFO - Filling up the DagBag from /home/logi/txtai/venv/lib/python3.10/site-packages/airflow/example_dags/example_branch_operator_decorator.py
[2025-10-30T15:29:25.582+0530] {processor.py:842} WARNING - No viable dags retrieved from /home/logi/txtai/venv/lib/python3.10/site-packages/airflow/example_dags/example_branch_operator_decorator.py
[2025-10-30T15:29:25.595+0530] {processor.py:183} INFO - Processing /home/logi/txtai/venv/lib/python3.10/site-packages/airflow/example_dags/example_branch_operator_decorator.py took 0.029 seconds
[2025-10-30T15:30:39.599+0530] {processor.py:161} INFO - Started process (PID=8253) to work on /home/logi/txtai/venv/lib/python3.10/site-packages/airflow/example_dags/example_branch_operator_decorator.py
[2025-10-30T15:30:39.612+0530] {processor.py:830} INFO - Processing file /home/logi/txtai/venv/lib/python3.10/site-packages/airflow/example_dags/example_branch_operator_decorator.py for tasks to queue
[2025-10-30T15:30:39.616+0530] {logging_mixin.py:188} INFO - [2025-10-30T15:30:39.615+0530] {dagbag.py:545} INFO - Filling up the DagBag from /home/logi/txtai/venv/lib/python3.10/site-packages/airflow/example_dags/example_branch_operator_decorator.py
[2025-10-30T15:30:39.620+0530] {processor.py:842} WARNING - No viable dags retrieved from /home/logi/txtai/venv/lib/python3.10/site-packages/airflow/example_dags/example_branch_operator_decorator.py
[2025-10-30T15:30:39.638+0530] {processor.py:183} INFO - Processing /home/logi/txtai/venv/lib/python3.10/site-packages/airflow/example_dags/example_branch_operator_decorator.py took 0.050 seconds
[2025-10-30T15:31:55.272+0530] {processor.py:161} INFO - Started process (PID=8338) to work on /home/logi/txtai/venv/lib/python3.10/site-packages/airflow/example_dags/example_branch_operator_decorator.py
[2025-10-30T15:31:55.285+0530] {processor.py:830} INFO - Processing file /home/logi/txtai/venv/lib/python3.10/site-packages/airflow/example_dags/example_branch_operator_decorator.py for tasks to queue
[2025-10-30T15:31:55.289+0530] {logging_mixin.py:188} INFO - [2025-10-30T15:31:55.288+0530] {dagbag.py:545} INFO - Filling up the DagBag from /home/logi/txtai/venv/lib/python3.10/site-packages/airflow/example_dags/example_branch_operator_decorator.py
[2025-10-30T15:31:55.293+0530] {processor.py:842} WARNING - No viable dags retrieved from /home/logi/txtai/venv/lib/python3.10/site-packages/airflow/example_dags/example_branch_operator_decorator.py
[2025-10-30T15:31:55.312+0530] {processor.py:183} INFO - Processing /home/logi/txtai/venv/lib/python3.10/site-packages/airflow/example_dags/example_branch_operator_decorator.py took 0.051 seconds
[2025-10-30T15:33:10.861+0530] {processor.py:161} INFO - Started process (PID=8443) to work on /home/logi/txtai/venv/lib/python3.10/site-packages/airflow/example_dags/example_branch_operator_decorator.py
[2025-10-30T15:33:10.874+0530] {processor.py:830} INFO - Processing file /home/logi/txtai/venv/lib/python3.10/site-packages/airflow/example_dags/example_branch_operator_decorator.py for tasks to queue
[2025-10-30T15:33:10.878+0530] {logging_mixin.py:188} INFO - [2025-10-30T15:33:10.877+0530] {dagbag.py:545} INFO - Filling up the DagBag from /home/logi/txtai/venv/lib/python3.10/site-packages/airflow/example_dags/example_branch_operator_decorator.py
[2025-10-30T15:33:10.882+0530] {processor.py:842} WARNING - No viable dags retrieved from /home/logi/txtai/venv/lib/python3.10/site-packages/airflow/example_dags/example_branch_operator_decorator.py
[2025-10-30T15:33:10.901+0530] {processor.py:183} INFO - Processing /home/logi/txtai/venv/lib/python3.10/site-packages/airflow/example_dags/example_branch_operator_decorator.py took 0.052 seconds
[2025-10-30T15:34:30.352+0530] {processor.py:161} INFO - Started process (PID=8561) to work on /home/logi/txtai/venv/lib/python3.10/site-packages/airflow/example_dags/example_branch_operator_decorator.py
[2025-10-30T15:34:30.366+0530] {processor.py:830} INFO - Processing file /home/logi/txtai/venv/lib/python3.10/site-packages/airflow/example_dags/example_branch_operator_decorator.py for tasks to queue
[2025-10-30T15:34:30.369+0530] {logging_mixin.py:188} INFO - [2025-10-30T15:34:30.368+0530] {dagbag.py:545} INFO - Filling up the DagBag from /home/logi/txtai/venv/lib/python3.10/site-packages/airflow/example_dags/example_branch_operator_decorator.py
[2025-10-30T15:34:30.373+0530] {processor.py:842} WARNING - No viable dags retrieved from /home/logi/txtai/venv/lib/python3.10/site-packages/airflow/example_dags/example_branch_operator_decorator.py
[2025-10-30T15:34:30.392+0530] {processor.py:183} INFO - Processing /home/logi/txtai/venv/lib/python3.10/site-packages/airflow/example_dags/example_branch_operator_decorator.py took 0.052 seconds
[2025-10-30T15:35:30.526+0530] {processor.py:161} INFO - Started process (PID=8629) to work on /home/logi/txtai/venv/lib/python3.10/site-packages/airflow/example_dags/example_branch_operator_decorator.py
[2025-10-30T15:35:30.528+0530] {processor.py:830} INFO - Processing file /home/logi/txtai/venv/lib/python3.10/site-packages/airflow/example_dags/example_branch_operator_decorator.py for tasks to queue
[2025-10-30T15:35:30.531+0530] {logging_mixin.py:188} INFO - [2025-10-30T15:35:30.530+0530] {dagbag.py:545} INFO - Filling up the DagBag from /home/logi/txtai/venv/lib/python3.10/site-packages/airflow/example_dags/example_branch_operator_decorator.py
[2025-10-30T15:35:30.535+0530] {processor.py:842} WARNING - No viable dags retrieved from /home/logi/txtai/venv/lib/python3.10/site-packages/airflow/example_dags/example_branch_operator_decorator.py
[2025-10-30T15:35:30.554+0530] {processor.py:183} INFO - Processing /home/logi/txtai/venv/lib/python3.10/site-packages/airflow/example_dags/example_branch_operator_decorator.py took 0.039 seconds
[2025-10-30T15:36:26.049+0530] {processor.py:161} INFO - Started process (PID=8694) to work on /home/logi/txtai/venv/lib/python3.10/site-packages/airflow/example_dags/example_branch_operator_decorator.py
[2025-10-30T15:36:26.062+0530] {processor.py:830} INFO - Processing file /home/logi/txtai/venv/lib/python3.10/site-packages/airflow/example_dags/example_branch_operator_decorator.py for tasks to queue
[2025-10-30T15:36:26.065+0530] {logging_mixin.py:188} INFO - [2025-10-30T15:36:26.064+0530] {dagbag.py:545} INFO - Filling up the DagBag from /home/logi/txtai/venv/lib/python3.10/site-packages/airflow/example_dags/example_branch_operator_decorator.py
[2025-10-30T15:36:26.070+0530] {processor.py:842} WARNING - No viable dags retrieved from /home/logi/txtai/venv/lib/python3.10/site-packages/airflow/example_dags/example_branch_operator_decorator.py
[2025-10-30T15:36:26.088+0530] {processor.py:183} INFO - Processing /home/logi/txtai/venv/lib/python3.10/site-packages/airflow/example_dags/example_branch_operator_decorator.py took 0.050 seconds
[2025-10-30T15:37:47.514+0530] {processor.py:161} INFO - Started process (PID=8811) to work on /home/logi/txtai/venv/lib/python3.10/site-packages/airflow/example_dags/example_branch_operator_decorator.py
[2025-10-30T15:37:47.527+0530] {processor.py:830} INFO - Processing file /home/logi/txtai/venv/lib/python3.10/site-packages/airflow/example_dags/example_branch_operator_decorator.py for tasks to queue
[2025-10-30T15:37:47.530+0530] {logging_mixin.py:188} INFO - [2025-10-30T15:37:47.529+0530] {dagbag.py:545} INFO - Filling up the DagBag from /home/logi/txtai/venv/lib/python3.10/site-packages/airflow/example_dags/example_branch_operator_decorator.py
[2025-10-30T15:37:47.534+0530] {processor.py:842} WARNING - No viable dags retrieved from /home/logi/txtai/venv/lib/python3.10/site-packages/airflow/example_dags/example_branch_operator_decorator.py
[2025-10-30T15:37:47.553+0530] {processor.py:183} INFO - Processing /home/logi/txtai/venv/lib/python3.10/site-packages/airflow/example_dags/example_branch_operator_decorator.py took 0.050 seconds
[2025-10-30T15:39:03.660+0530] {processor.py:161} INFO - Started process (PID=8902) to work on /home/logi/txtai/venv/lib/python3.10/site-packages/airflow/example_dags/example_branch_operator_decorator.py
[2025-10-30T15:39:03.673+0530] {processor.py:830} INFO - Processing file /home/logi/txtai/venv/lib/python3.10/site-packages/airflow/example_dags/example_branch_operator_decorator.py for tasks to queue
[2025-10-30T15:39:03.677+0530] {logging_mixin.py:188} INFO - [2025-10-30T15:39:03.676+0530] {dagbag.py:545} INFO - Filling up the DagBag from /home/logi/txtai/venv/lib/python3.10/site-packages/airflow/example_dags/example_branch_operator_decorator.py
[2025-10-30T15:39:03.681+0530] {processor.py:842} WARNING - No viable dags retrieved from /home/logi/txtai/venv/lib/python3.10/site-packages/airflow/example_dags/example_branch_operator_decorator.py
[2025-10-30T15:39:03.699+0530] {processor.py:183} INFO - Processing /home/logi/txtai/venv/lib/python3.10/site-packages/airflow/example_dags/example_branch_operator_decorator.py took 0.051 seconds
[2025-10-30T15:40:18.948+0530] {processor.py:161} INFO - Started process (PID=9107) to work on /home/logi/txtai/venv/lib/python3.10/site-packages/airflow/example_dags/example_branch_operator_decorator.py
[2025-10-30T15:40:18.961+0530] {processor.py:830} INFO - Processing file /home/logi/txtai/venv/lib/python3.10/site-packages/airflow/example_dags/example_branch_operator_decorator.py for tasks to queue
[2025-10-30T15:40:18.963+0530] {logging_mixin.py:188} INFO - [2025-10-30T15:40:18.963+0530] {dagbag.py:545} INFO - Filling up the DagBag from /home/logi/txtai/venv/lib/python3.10/site-packages/airflow/example_dags/example_branch_operator_decorator.py
[2025-10-30T15:40:18.967+0530] {processor.py:842} WARNING - No viable dags retrieved from /home/logi/txtai/venv/lib/python3.10/site-packages/airflow/example_dags/example_branch_operator_decorator.py
[2025-10-30T15:40:18.986+0530] {processor.py:183} INFO - Processing /home/logi/txtai/venv/lib/python3.10/site-packages/airflow/example_dags/example_branch_operator_decorator.py took 0.044 seconds
[2025-10-30T15:41:34.469+0530] {processor.py:161} INFO - Started process (PID=9315) to work on /home/logi/txtai/venv/lib/python3.10/site-packages/airflow/example_dags/example_branch_operator_decorator.py
[2025-10-30T15:41:34.482+0530] {processor.py:830} INFO - Processing file /home/logi/txtai/venv/lib/python3.10/site-packages/airflow/example_dags/example_branch_operator_decorator.py for tasks to queue
[2025-10-30T15:41:34.486+0530] {logging_mixin.py:188} INFO - [2025-10-30T15:41:34.485+0530] {dagbag.py:545} INFO - Filling up the DagBag from /home/logi/txtai/venv/lib/python3.10/site-packages/airflow/example_dags/example_branch_operator_decorator.py
[2025-10-30T15:41:34.491+0530] {processor.py:842} WARNING - No viable dags retrieved from /home/logi/txtai/venv/lib/python3.10/site-packages/airflow/example_dags/example_branch_operator_decorator.py
[2025-10-30T15:41:34.511+0530] {processor.py:183} INFO - Processing /home/logi/txtai/venv/lib/python3.10/site-packages/airflow/example_dags/example_branch_operator_decorator.py took 0.057 seconds
[2025-10-30T15:42:50.958+0530] {processor.py:161} INFO - Started process (PID=9562) to work on /home/logi/txtai/venv/lib/python3.10/site-packages/airflow/example_dags/example_branch_operator_decorator.py
[2025-10-30T15:42:50.975+0530] {processor.py:830} INFO - Processing file /home/logi/txtai/venv/lib/python3.10/site-packages/airflow/example_dags/example_branch_operator_decorator.py for tasks to queue
[2025-10-30T15:42:50.978+0530] {logging_mixin.py:188} INFO - [2025-10-30T15:42:50.977+0530] {dagbag.py:545} INFO - Filling up the DagBag from /home/logi/txtai/venv/lib/python3.10/site-packages/airflow/example_dags/example_branch_operator_decorator.py
[2025-10-30T15:42:50.983+0530] {processor.py:842} WARNING - No viable dags retrieved from /home/logi/txtai/venv/lib/python3.10/site-packages/airflow/example_dags/example_branch_operator_decorator.py
[2025-10-30T15:42:51.005+0530] {processor.py:183} INFO - Processing /home/logi/txtai/venv/lib/python3.10/site-packages/airflow/example_dags/example_branch_operator_decorator.py took 0.060 seconds
[2025-10-30T15:44:05.410+0530] {processor.py:161} INFO - Started process (PID=9851) to work on /home/logi/txtai/venv/lib/python3.10/site-packages/airflow/example_dags/example_branch_operator_decorator.py
[2025-10-30T15:44:05.423+0530] {processor.py:830} INFO - Processing file /home/logi/txtai/venv/lib/python3.10/site-packages/airflow/example_dags/example_branch_operator_decorator.py for tasks to queue
[2025-10-30T15:44:05.426+0530] {logging_mixin.py:188} INFO - [2025-10-30T15:44:05.426+0530] {dagbag.py:545} INFO - Filling up the DagBag from /home/logi/txtai/venv/lib/python3.10/site-packages/airflow/example_dags/example_branch_operator_decorator.py
[2025-10-30T15:44:05.431+0530] {processor.py:842} WARNING - No viable dags retrieved from /home/logi/txtai/venv/lib/python3.10/site-packages/airflow/example_dags/example_branch_operator_decorator.py
[2025-10-30T15:44:05.450+0530] {processor.py:183} INFO - Processing /home/logi/txtai/venv/lib/python3.10/site-packages/airflow/example_dags/example_branch_operator_decorator.py took 0.052 seconds
[2025-10-30T15:45:17.845+0530] {processor.py:161} INFO - Started process (PID=10106) to work on /home/logi/txtai/venv/lib/python3.10/site-packages/airflow/example_dags/example_branch_operator_decorator.py
[2025-10-30T15:45:17.858+0530] {processor.py:830} INFO - Processing file /home/logi/txtai/venv/lib/python3.10/site-packages/airflow/example_dags/example_branch_operator_decorator.py for tasks to queue
[2025-10-30T15:45:17.862+0530] {logging_mixin.py:188} INFO - [2025-10-30T15:45:17.861+0530] {dagbag.py:545} INFO - Filling up the DagBag from /home/logi/txtai/venv/lib/python3.10/site-packages/airflow/example_dags/example_branch_operator_decorator.py
[2025-10-30T15:45:17.866+0530] {processor.py:842} WARNING - No viable dags retrieved from /home/logi/txtai/venv/lib/python3.10/site-packages/airflow/example_dags/example_branch_operator_decorator.py
[2025-10-30T15:45:17.888+0530] {processor.py:183} INFO - Processing /home/logi/txtai/venv/lib/python3.10/site-packages/airflow/example_dags/example_branch_operator_decorator.py took 0.054 seconds
[2025-10-30T15:46:30.851+0530] {processor.py:161} INFO - Started process (PID=10220) to work on /home/logi/txtai/venv/lib/python3.10/site-packages/airflow/example_dags/example_branch_operator_decorator.py
[2025-10-30T15:46:30.854+0530] {processor.py:830} INFO - Processing file /home/logi/txtai/venv/lib/python3.10/site-packages/airflow/example_dags/example_branch_operator_decorator.py for tasks to queue
[2025-10-30T15:46:30.857+0530] {logging_mixin.py:188} INFO - [2025-10-30T15:46:30.857+0530] {dagbag.py:545} INFO - Filling up the DagBag from /home/logi/txtai/venv/lib/python3.10/site-packages/airflow/example_dags/example_branch_operator_decorator.py
[2025-10-30T15:46:30.862+0530] {processor.py:842} WARNING - No viable dags retrieved from /home/logi/txtai/venv/lib/python3.10/site-packages/airflow/example_dags/example_branch_operator_decorator.py
[2025-10-30T15:46:30.882+0530] {processor.py:183} INFO - Processing /home/logi/txtai/venv/lib/python3.10/site-packages/airflow/example_dags/example_branch_operator_decorator.py took 0.041 seconds
[2025-10-30T15:47:44.086+0530] {processor.py:161} INFO - Started process (PID=10331) to work on /home/logi/txtai/venv/lib/python3.10/site-packages/airflow/example_dags/example_branch_operator_decorator.py
[2025-10-30T15:47:44.100+0530] {processor.py:830} INFO - Processing file /home/logi/txtai/venv/lib/python3.10/site-packages/airflow/example_dags/example_branch_operator_decorator.py for tasks to queue
[2025-10-30T15:47:44.103+0530] {logging_mixin.py:188} INFO - [2025-10-30T15:47:44.102+0530] {dagbag.py:545} INFO - Filling up the DagBag from /home/logi/txtai/venv/lib/python3.10/site-packages/airflow/example_dags/example_branch_operator_decorator.py
[2025-10-30T15:47:44.107+0530] {processor.py:842} WARNING - No viable dags retrieved from /home/logi/txtai/venv/lib/python3.10/site-packages/airflow/example_dags/example_branch_operator_decorator.py
[2025-10-30T15:47:44.125+0530] {processor.py:183} INFO - Processing /home/logi/txtai/venv/lib/python3.10/site-packages/airflow/example_dags/example_branch_operator_decorator.py took 0.050 seconds
[2025-10-30T15:49:01.312+0530] {processor.py:161} INFO - Started process (PID=10440) to work on /home/logi/txtai/venv/lib/python3.10/site-packages/airflow/example_dags/example_branch_operator_decorator.py
[2025-10-30T15:49:01.326+0530] {processor.py:830} INFO - Processing file /home/logi/txtai/venv/lib/python3.10/site-packages/airflow/example_dags/example_branch_operator_decorator.py for tasks to queue
[2025-10-30T15:49:01.329+0530] {logging_mixin.py:188} INFO - [2025-10-30T15:49:01.328+0530] {dagbag.py:545} INFO - Filling up the DagBag from /home/logi/txtai/venv/lib/python3.10/site-packages/airflow/example_dags/example_branch_operator_decorator.py
[2025-10-30T15:49:01.333+0530] {processor.py:842} WARNING - No viable dags retrieved from /home/logi/txtai/venv/lib/python3.10/site-packages/airflow/example_dags/example_branch_operator_decorator.py
[2025-10-30T15:49:01.352+0530] {processor.py:183} INFO - Processing /home/logi/txtai/venv/lib/python3.10/site-packages/airflow/example_dags/example_branch_operator_decorator.py took 0.051 seconds
[2025-10-30T15:50:13.125+0530] {processor.py:161} INFO - Started process (PID=10592) to work on /home/logi/txtai/venv/lib/python3.10/site-packages/airflow/example_dags/example_branch_operator_decorator.py
[2025-10-30T15:50:13.139+0530] {processor.py:830} INFO - Processing file /home/logi/txtai/venv/lib/python3.10/site-packages/airflow/example_dags/example_branch_operator_decorator.py for tasks to queue
[2025-10-30T15:50:13.142+0530] {logging_mixin.py:188} INFO - [2025-10-30T15:50:13.141+0530] {dagbag.py:545} INFO - Filling up the DagBag from /home/logi/txtai/venv/lib/python3.10/site-packages/airflow/example_dags/example_branch_operator_decorator.py
[2025-10-30T15:50:13.146+0530] {processor.py:842} WARNING - No viable dags retrieved from /home/logi/txtai/venv/lib/python3.10/site-packages/airflow/example_dags/example_branch_operator_decorator.py
[2025-10-30T15:50:13.160+0530] {processor.py:183} INFO - Processing /home/logi/txtai/venv/lib/python3.10/site-packages/airflow/example_dags/example_branch_operator_decorator.py took 0.046 seconds
[2025-10-30T15:51:26.489+0530] {processor.py:161} INFO - Started process (PID=10676) to work on /home/logi/txtai/venv/lib/python3.10/site-packages/airflow/example_dags/example_branch_operator_decorator.py
[2025-10-30T15:51:26.503+0530] {processor.py:830} INFO - Processing file /home/logi/txtai/venv/lib/python3.10/site-packages/airflow/example_dags/example_branch_operator_decorator.py for tasks to queue
[2025-10-30T15:51:26.506+0530] {logging_mixin.py:188} INFO - [2025-10-30T15:51:26.506+0530] {dagbag.py:545} INFO - Filling up the DagBag from /home/logi/txtai/venv/lib/python3.10/site-packages/airflow/example_dags/example_branch_operator_decorator.py
[2025-10-30T15:51:26.511+0530] {processor.py:842} WARNING - No viable dags retrieved from /home/logi/txtai/venv/lib/python3.10/site-packages/airflow/example_dags/example_branch_operator_decorator.py
[2025-10-30T15:51:26.530+0530] {processor.py:183} INFO - Processing /home/logi/txtai/venv/lib/python3.10/site-packages/airflow/example_dags/example_branch_operator_decorator.py took 0.052 seconds
[2025-10-30T15:52:42.635+0530] {processor.py:161} INFO - Started process (PID=10846) to work on /home/logi/txtai/venv/lib/python3.10/site-packages/airflow/example_dags/example_branch_operator_decorator.py
[2025-10-30T15:52:42.648+0530] {processor.py:830} INFO - Processing file /home/logi/txtai/venv/lib/python3.10/site-packages/airflow/example_dags/example_branch_operator_decorator.py for tasks to queue
[2025-10-30T15:52:42.651+0530] {logging_mixin.py:188} INFO - [2025-10-30T15:52:42.650+0530] {dagbag.py:545} INFO - Filling up the DagBag from /home/logi/txtai/venv/lib/python3.10/site-packages/airflow/example_dags/example_branch_operator_decorator.py
[2025-10-30T15:52:42.653+0530] {processor.py:842} WARNING - No viable dags retrieved from /home/logi/txtai/venv/lib/python3.10/site-packages/airflow/example_dags/example_branch_operator_decorator.py
[2025-10-30T15:52:42.665+0530] {processor.py:183} INFO - Processing /home/logi/txtai/venv/lib/python3.10/site-packages/airflow/example_dags/example_branch_operator_decorator.py took 0.037 seconds
[2025-10-30T15:53:59.937+0530] {processor.py:161} INFO - Started process (PID=11272) to work on /home/logi/txtai/venv/lib/python3.10/site-packages/airflow/example_dags/example_branch_operator_decorator.py
[2025-10-30T15:53:59.951+0530] {processor.py:830} INFO - Processing file /home/logi/txtai/venv/lib/python3.10/site-packages/airflow/example_dags/example_branch_operator_decorator.py for tasks to queue
[2025-10-30T15:53:59.954+0530] {logging_mixin.py:188} INFO - [2025-10-30T15:53:59.953+0530] {dagbag.py:545} INFO - Filling up the DagBag from /home/logi/txtai/venv/lib/python3.10/site-packages/airflow/example_dags/example_branch_operator_decorator.py
[2025-10-30T15:53:59.958+0530] {processor.py:842} WARNING - No viable dags retrieved from /home/logi/txtai/venv/lib/python3.10/site-packages/airflow/example_dags/example_branch_operator_decorator.py
[2025-10-30T15:53:59.978+0530] {processor.py:183} INFO - Processing /home/logi/txtai/venv/lib/python3.10/site-packages/airflow/example_dags/example_branch_operator_decorator.py took 0.052 seconds
[2025-10-30T15:55:18.975+0530] {processor.py:161} INFO - Started process (PID=11508) to work on /home/logi/txtai/venv/lib/python3.10/site-packages/airflow/example_dags/example_branch_operator_decorator.py
[2025-10-30T15:55:18.978+0530] {processor.py:830} INFO - Processing file /home/logi/txtai/venv/lib/python3.10/site-packages/airflow/example_dags/example_branch_operator_decorator.py for tasks to queue
[2025-10-30T15:55:18.981+0530] {logging_mixin.py:188} INFO - [2025-10-30T15:55:18.980+0530] {dagbag.py:545} INFO - Filling up the DagBag from /home/logi/txtai/venv/lib/python3.10/site-packages/airflow/example_dags/example_branch_operator_decorator.py
[2025-10-30T15:55:18.985+0530] {processor.py:842} WARNING - No viable dags retrieved from /home/logi/txtai/venv/lib/python3.10/site-packages/airflow/example_dags/example_branch_operator_decorator.py
[2025-10-30T15:55:19.003+0530] {processor.py:183} INFO - Processing /home/logi/txtai/venv/lib/python3.10/site-packages/airflow/example_dags/example_branch_operator_decorator.py took 0.039 seconds
[2025-10-30T15:56:41.267+0530] {processor.py:161} INFO - Started process (PID=11666) to work on /home/logi/txtai/venv/lib/python3.10/site-packages/airflow/example_dags/example_branch_operator_decorator.py
[2025-10-30T15:56:41.281+0530] {processor.py:830} INFO - Processing file /home/logi/txtai/venv/lib/python3.10/site-packages/airflow/example_dags/example_branch_operator_decorator.py for tasks to queue
[2025-10-30T15:56:41.284+0530] {logging_mixin.py:188} INFO - [2025-10-30T15:56:41.283+0530] {dagbag.py:545} INFO - Filling up the DagBag from /home/logi/txtai/venv/lib/python3.10/site-packages/airflow/example_dags/example_branch_operator_decorator.py
[2025-10-30T15:56:41.288+0530] {processor.py:842} WARNING - No viable dags retrieved from /home/logi/txtai/venv/lib/python3.10/site-packages/airflow/example_dags/example_branch_operator_decorator.py
[2025-10-30T15:56:41.307+0530] {processor.py:183} INFO - Processing /home/logi/txtai/venv/lib/python3.10/site-packages/airflow/example_dags/example_branch_operator_decorator.py took 0.052 seconds
[2025-10-30T15:57:41.206+0530] {processor.py:161} INFO - Started process (PID=11814) to work on /home/logi/txtai/venv/lib/python3.10/site-packages/airflow/example_dags/example_branch_operator_decorator.py
[2025-10-30T15:57:41.220+0530] {processor.py:830} INFO - Processing file /home/logi/txtai/venv/lib/python3.10/site-packages/airflow/example_dags/example_branch_operator_decorator.py for tasks to queue
[2025-10-30T15:57:41.223+0530] {logging_mixin.py:188} INFO - [2025-10-30T15:57:41.222+0530] {dagbag.py:545} INFO - Filling up the DagBag from /home/logi/txtai/venv/lib/python3.10/site-packages/airflow/example_dags/example_branch_operator_decorator.py
[2025-10-30T15:57:41.228+0530] {processor.py:842} WARNING - No viable dags retrieved from /home/logi/txtai/venv/lib/python3.10/site-packages/airflow/example_dags/example_branch_operator_decorator.py
[2025-10-30T15:57:41.248+0530] {processor.py:183} INFO - Processing /home/logi/txtai/venv/lib/python3.10/site-packages/airflow/example_dags/example_branch_operator_decorator.py took 0.053 seconds
[2025-10-30T15:58:39.188+0530] {processor.py:161} INFO - Started process (PID=11954) to work on /home/logi/txtai/venv/lib/python3.10/site-packages/airflow/example_dags/example_branch_operator_decorator.py
[2025-10-30T15:58:39.206+0530] {processor.py:830} INFO - Processing file /home/logi/txtai/venv/lib/python3.10/site-packages/airflow/example_dags/example_branch_operator_decorator.py for tasks to queue
[2025-10-30T15:58:39.209+0530] {logging_mixin.py:188} INFO - [2025-10-30T15:58:39.208+0530] {dagbag.py:545} INFO - Filling up the DagBag from /home/logi/txtai/venv/lib/python3.10/site-packages/airflow/example_dags/example_branch_operator_decorator.py
[2025-10-30T15:58:39.211+0530] {processor.py:842} WARNING - No viable dags retrieved from /home/logi/txtai/venv/lib/python3.10/site-packages/airflow/example_dags/example_branch_operator_decorator.py
[2025-10-30T15:58:39.225+0530] {processor.py:183} INFO - Processing /home/logi/txtai/venv/lib/python3.10/site-packages/airflow/example_dags/example_branch_operator_decorator.py took 0.044 seconds
[2025-10-30T15:59:36.668+0530] {processor.py:161} INFO - Started process (PID=12113) to work on /home/logi/txtai/venv/lib/python3.10/site-packages/airflow/example_dags/example_branch_operator_decorator.py
[2025-10-30T15:59:36.681+0530] {processor.py:830} INFO - Processing file /home/logi/txtai/venv/lib/python3.10/site-packages/airflow/example_dags/example_branch_operator_decorator.py for tasks to queue
[2025-10-30T15:59:36.685+0530] {logging_mixin.py:188} INFO - [2025-10-30T15:59:36.684+0530] {dagbag.py:545} INFO - Filling up the DagBag from /home/logi/txtai/venv/lib/python3.10/site-packages/airflow/example_dags/example_branch_operator_decorator.py
[2025-10-30T15:59:36.689+0530] {processor.py:842} WARNING - No viable dags retrieved from /home/logi/txtai/venv/lib/python3.10/site-packages/airflow/example_dags/example_branch_operator_decorator.py
[2025-10-30T15:59:36.709+0530] {processor.py:183} INFO - Processing /home/logi/txtai/venv/lib/python3.10/site-packages/airflow/example_dags/example_branch_operator_decorator.py took 0.052 seconds
[2025-10-30T16:00:56.251+0530] {processor.py:161} INFO - Started process (PID=12325) to work on /home/logi/txtai/venv/lib/python3.10/site-packages/airflow/example_dags/example_branch_operator_decorator.py
[2025-10-30T16:00:56.264+0530] {processor.py:830} INFO - Processing file /home/logi/txtai/venv/lib/python3.10/site-packages/airflow/example_dags/example_branch_operator_decorator.py for tasks to queue
[2025-10-30T16:00:56.267+0530] {logging_mixin.py:188} INFO - [2025-10-30T16:00:56.267+0530] {dagbag.py:545} INFO - Filling up the DagBag from /home/logi/txtai/venv/lib/python3.10/site-packages/airflow/example_dags/example_branch_operator_decorator.py
[2025-10-30T16:00:56.272+0530] {processor.py:842} WARNING - No viable dags retrieved from /home/logi/txtai/venv/lib/python3.10/site-packages/airflow/example_dags/example_branch_operator_decorator.py
[2025-10-30T16:00:56.291+0530] {processor.py:183} INFO - Processing /home/logi/txtai/venv/lib/python3.10/site-packages/airflow/example_dags/example_branch_operator_decorator.py took 0.053 seconds
[2025-10-30T16:01:53.077+0530] {processor.py:161} INFO - Started process (PID=12530) to work on /home/logi/txtai/venv/lib/python3.10/site-packages/airflow/example_dags/example_branch_operator_decorator.py
[2025-10-30T16:01:53.080+0530] {processor.py:830} INFO - Processing file /home/logi/txtai/venv/lib/python3.10/site-packages/airflow/example_dags/example_branch_operator_decorator.py for tasks to queue
[2025-10-30T16:01:53.084+0530] {logging_mixin.py:188} INFO - [2025-10-30T16:01:53.083+0530] {dagbag.py:545} INFO - Filling up the DagBag from /home/logi/txtai/venv/lib/python3.10/site-packages/airflow/example_dags/example_branch_operator_decorator.py
[2025-10-30T16:01:53.090+0530] {processor.py:842} WARNING - No viable dags retrieved from /home/logi/txtai/venv/lib/python3.10/site-packages/airflow/example_dags/example_branch_operator_decorator.py
[2025-10-30T16:01:53.115+0530] {processor.py:183} INFO - Processing /home/logi/txtai/venv/lib/python3.10/site-packages/airflow/example_dags/example_branch_operator_decorator.py took 0.050 seconds
[2025-10-30T16:02:49.659+0530] {processor.py:161} INFO - Started process (PID=12678) to work on /home/logi/txtai/venv/lib/python3.10/site-packages/airflow/example_dags/example_branch_operator_decorator.py
[2025-10-30T16:02:49.674+0530] {processor.py:830} INFO - Processing file /home/logi/txtai/venv/lib/python3.10/site-packages/airflow/example_dags/example_branch_operator_decorator.py for tasks to queue
[2025-10-30T16:02:49.680+0530] {logging_mixin.py:188} INFO - [2025-10-30T16:02:49.678+0530] {dagbag.py:545} INFO - Filling up the DagBag from /home/logi/txtai/venv/lib/python3.10/site-packages/airflow/example_dags/example_branch_operator_decorator.py
[2025-10-30T16:02:49.689+0530] {processor.py:842} WARNING - No viable dags retrieved from /home/logi/txtai/venv/lib/python3.10/site-packages/airflow/example_dags/example_branch_operator_decorator.py
[2025-10-30T16:02:49.726+0530] {processor.py:183} INFO - Processing /home/logi/txtai/venv/lib/python3.10/site-packages/airflow/example_dags/example_branch_operator_decorator.py took 0.086 seconds
[2025-10-30T16:03:47.411+0530] {processor.py:161} INFO - Started process (PID=12821) to work on /home/logi/txtai/venv/lib/python3.10/site-packages/airflow/example_dags/example_branch_operator_decorator.py
[2025-10-30T16:03:47.424+0530] {processor.py:830} INFO - Processing file /home/logi/txtai/venv/lib/python3.10/site-packages/airflow/example_dags/example_branch_operator_decorator.py for tasks to queue
[2025-10-30T16:03:47.427+0530] {logging_mixin.py:188} INFO - [2025-10-30T16:03:47.426+0530] {dagbag.py:545} INFO - Filling up the DagBag from /home/logi/txtai/venv/lib/python3.10/site-packages/airflow/example_dags/example_branch_operator_decorator.py
[2025-10-30T16:03:47.432+0530] {processor.py:842} WARNING - No viable dags retrieved from /home/logi/txtai/venv/lib/python3.10/site-packages/airflow/example_dags/example_branch_operator_decorator.py
[2025-10-30T16:03:47.452+0530] {processor.py:183} INFO - Processing /home/logi/txtai/venv/lib/python3.10/site-packages/airflow/example_dags/example_branch_operator_decorator.py took 0.053 seconds
[2025-10-30T16:04:45.986+0530] {processor.py:161} INFO - Started process (PID=12980) to work on /home/logi/txtai/venv/lib/python3.10/site-packages/airflow/example_dags/example_branch_operator_decorator.py
[2025-10-30T16:04:45.999+0530] {processor.py:830} INFO - Processing file /home/logi/txtai/venv/lib/python3.10/site-packages/airflow/example_dags/example_branch_operator_decorator.py for tasks to queue
[2025-10-30T16:04:46.003+0530] {logging_mixin.py:188} INFO - [2025-10-30T16:04:46.002+0530] {dagbag.py:545} INFO - Filling up the DagBag from /home/logi/txtai/venv/lib/python3.10/site-packages/airflow/example_dags/example_branch_operator_decorator.py
[2025-10-30T16:04:46.007+0530] {processor.py:842} WARNING - No viable dags retrieved from /home/logi/txtai/venv/lib/python3.10/site-packages/airflow/example_dags/example_branch_operator_decorator.py
[2025-10-30T16:04:46.026+0530] {processor.py:183} INFO - Processing /home/logi/txtai/venv/lib/python3.10/site-packages/airflow/example_dags/example_branch_operator_decorator.py took 0.051 seconds
[2025-10-30T16:05:41.898+0530] {processor.py:161} INFO - Started process (PID=13124) to work on /home/logi/txtai/venv/lib/python3.10/site-packages/airflow/example_dags/example_branch_operator_decorator.py
[2025-10-30T16:05:41.912+0530] {processor.py:830} INFO - Processing file /home/logi/txtai/venv/lib/python3.10/site-packages/airflow/example_dags/example_branch_operator_decorator.py for tasks to queue
[2025-10-30T16:05:41.915+0530] {logging_mixin.py:188} INFO - [2025-10-30T16:05:41.914+0530] {dagbag.py:545} INFO - Filling up the DagBag from /home/logi/txtai/venv/lib/python3.10/site-packages/airflow/example_dags/example_branch_operator_decorator.py
[2025-10-30T16:05:41.920+0530] {processor.py:842} WARNING - No viable dags retrieved from /home/logi/txtai/venv/lib/python3.10/site-packages/airflow/example_dags/example_branch_operator_decorator.py
[2025-10-30T16:05:41.939+0530] {processor.py:183} INFO - Processing /home/logi/txtai/venv/lib/python3.10/site-packages/airflow/example_dags/example_branch_operator_decorator.py took 0.053 seconds
[2025-10-30T16:06:59.720+0530] {processor.py:161} INFO - Started process (PID=13233) to work on /home/logi/txtai/venv/lib/python3.10/site-packages/airflow/example_dags/example_branch_operator_decorator.py
[2025-10-30T16:06:59.734+0530] {processor.py:830} INFO - Processing file /home/logi/txtai/venv/lib/python3.10/site-packages/airflow/example_dags/example_branch_operator_decorator.py for tasks to queue
[2025-10-30T16:06:59.737+0530] {logging_mixin.py:188} INFO - [2025-10-30T16:06:59.737+0530] {dagbag.py:545} INFO - Filling up the DagBag from /home/logi/txtai/venv/lib/python3.10/site-packages/airflow/example_dags/example_branch_operator_decorator.py
[2025-10-30T16:06:59.742+0530] {processor.py:842} WARNING - No viable dags retrieved from /home/logi/txtai/venv/lib/python3.10/site-packages/airflow/example_dags/example_branch_operator_decorator.py
[2025-10-30T16:06:59.762+0530] {processor.py:183} INFO - Processing /home/logi/txtai/venv/lib/python3.10/site-packages/airflow/example_dags/example_branch_operator_decorator.py took 0.052 seconds
[2025-10-30T16:08:15.603+0530] {processor.py:161} INFO - Started process (PID=13339) to work on /home/logi/txtai/venv/lib/python3.10/site-packages/airflow/example_dags/example_branch_operator_decorator.py
[2025-10-30T16:08:15.616+0530] {processor.py:830} INFO - Processing file /home/logi/txtai/venv/lib/python3.10/site-packages/airflow/example_dags/example_branch_operator_decorator.py for tasks to queue
[2025-10-30T16:08:15.619+0530] {logging_mixin.py:188} INFO - [2025-10-30T16:08:15.619+0530] {dagbag.py:545} INFO - Filling up the DagBag from /home/logi/txtai/venv/lib/python3.10/site-packages/airflow/example_dags/example_branch_operator_decorator.py
[2025-10-30T16:08:15.624+0530] {processor.py:842} WARNING - No viable dags retrieved from /home/logi/txtai/venv/lib/python3.10/site-packages/airflow/example_dags/example_branch_operator_decorator.py
[2025-10-30T16:08:15.642+0530] {processor.py:183} INFO - Processing /home/logi/txtai/venv/lib/python3.10/site-packages/airflow/example_dags/example_branch_operator_decorator.py took 0.050 seconds
[2025-10-30T16:09:37.038+0530] {processor.py:161} INFO - Started process (PID=13535) to work on /home/logi/txtai/venv/lib/python3.10/site-packages/airflow/example_dags/example_branch_operator_decorator.py
[2025-10-30T16:09:37.051+0530] {processor.py:830} INFO - Processing file /home/logi/txtai/venv/lib/python3.10/site-packages/airflow/example_dags/example_branch_operator_decorator.py for tasks to queue
[2025-10-30T16:09:37.055+0530] {logging_mixin.py:188} INFO - [2025-10-30T16:09:37.054+0530] {dagbag.py:545} INFO - Filling up the DagBag from /home/logi/txtai/venv/lib/python3.10/site-packages/airflow/example_dags/example_branch_operator_decorator.py
[2025-10-30T16:09:37.059+0530] {processor.py:842} WARNING - No viable dags retrieved from /home/logi/txtai/venv/lib/python3.10/site-packages/airflow/example_dags/example_branch_operator_decorator.py
[2025-10-30T16:09:37.079+0530] {processor.py:183} INFO - Processing /home/logi/txtai/venv/lib/python3.10/site-packages/airflow/example_dags/example_branch_operator_decorator.py took 0.054 seconds
[2025-10-30T16:10:32.329+0530] {processor.py:161} INFO - Started process (PID=13647) to work on /home/logi/txtai/venv/lib/python3.10/site-packages/airflow/example_dags/example_branch_operator_decorator.py
[2025-10-30T16:10:32.342+0530] {processor.py:830} INFO - Processing file /home/logi/txtai/venv/lib/python3.10/site-packages/airflow/example_dags/example_branch_operator_decorator.py for tasks to queue
[2025-10-30T16:10:32.345+0530] {logging_mixin.py:188} INFO - [2025-10-30T16:10:32.345+0530] {dagbag.py:545} INFO - Filling up the DagBag from /home/logi/txtai/venv/lib/python3.10/site-packages/airflow/example_dags/example_branch_operator_decorator.py
[2025-10-30T16:10:32.350+0530] {processor.py:842} WARNING - No viable dags retrieved from /home/logi/txtai/venv/lib/python3.10/site-packages/airflow/example_dags/example_branch_operator_decorator.py
[2025-10-30T16:10:32.369+0530] {processor.py:183} INFO - Processing /home/logi/txtai/venv/lib/python3.10/site-packages/airflow/example_dags/example_branch_operator_decorator.py took 0.052 seconds
[2025-10-30T16:11:51.987+0530] {processor.py:161} INFO - Started process (PID=13814) to work on /home/logi/txtai/venv/lib/python3.10/site-packages/airflow/example_dags/example_branch_operator_decorator.py
[2025-10-30T16:11:52.001+0530] {processor.py:830} INFO - Processing file /home/logi/txtai/venv/lib/python3.10/site-packages/airflow/example_dags/example_branch_operator_decorator.py for tasks to queue
[2025-10-30T16:11:52.004+0530] {logging_mixin.py:188} INFO - [2025-10-30T16:11:52.003+0530] {dagbag.py:545} INFO - Filling up the DagBag from /home/logi/txtai/venv/lib/python3.10/site-packages/airflow/example_dags/example_branch_operator_decorator.py
[2025-10-30T16:11:52.008+0530] {processor.py:842} WARNING - No viable dags retrieved from /home/logi/txtai/venv/lib/python3.10/site-packages/airflow/example_dags/example_branch_operator_decorator.py
[2025-10-30T16:11:52.027+0530] {processor.py:183} INFO - Processing /home/logi/txtai/venv/lib/python3.10/site-packages/airflow/example_dags/example_branch_operator_decorator.py took 0.052 seconds
[2025-10-30T16:13:05.659+0530] {processor.py:161} INFO - Started process (PID=13947) to work on /home/logi/txtai/venv/lib/python3.10/site-packages/airflow/example_dags/example_branch_operator_decorator.py
[2025-10-30T16:13:05.672+0530] {processor.py:830} INFO - Processing file /home/logi/txtai/venv/lib/python3.10/site-packages/airflow/example_dags/example_branch_operator_decorator.py for tasks to queue
[2025-10-30T16:13:05.675+0530] {logging_mixin.py:188} INFO - [2025-10-30T16:13:05.675+0530] {dagbag.py:545} INFO - Filling up the DagBag from /home/logi/txtai/venv/lib/python3.10/site-packages/airflow/example_dags/example_branch_operator_decorator.py
[2025-10-30T16:13:05.681+0530] {processor.py:842} WARNING - No viable dags retrieved from /home/logi/txtai/venv/lib/python3.10/site-packages/airflow/example_dags/example_branch_operator_decorator.py
[2025-10-30T16:13:05.701+0530] {processor.py:183} INFO - Processing /home/logi/txtai/venv/lib/python3.10/site-packages/airflow/example_dags/example_branch_operator_decorator.py took 0.052 seconds
[2025-10-30T16:13:57.944+0530] {processor.py:161} INFO - Started process (PID=14086) to work on /home/logi/txtai/venv/lib/python3.10/site-packages/airflow/example_dags/example_branch_operator_decorator.py
[2025-10-30T16:13:57.957+0530] {processor.py:830} INFO - Processing file /home/logi/txtai/venv/lib/python3.10/site-packages/airflow/example_dags/example_branch_operator_decorator.py for tasks to queue
[2025-10-30T16:13:57.961+0530] {logging_mixin.py:188} INFO - [2025-10-30T16:13:57.960+0530] {dagbag.py:545} INFO - Filling up the DagBag from /home/logi/txtai/venv/lib/python3.10/site-packages/airflow/example_dags/example_branch_operator_decorator.py
[2025-10-30T16:13:57.966+0530] {processor.py:842} WARNING - No viable dags retrieved from /home/logi/txtai/venv/lib/python3.10/site-packages/airflow/example_dags/example_branch_operator_decorator.py
[2025-10-30T16:13:57.991+0530] {processor.py:183} INFO - Processing /home/logi/txtai/venv/lib/python3.10/site-packages/airflow/example_dags/example_branch_operator_decorator.py took 0.061 seconds
[2025-10-30T16:15:07.817+0530] {processor.py:161} INFO - Started process (PID=14244) to work on /home/logi/txtai/venv/lib/python3.10/site-packages/airflow/example_dags/example_branch_operator_decorator.py
[2025-10-30T16:15:07.831+0530] {processor.py:830} INFO - Processing file /home/logi/txtai/venv/lib/python3.10/site-packages/airflow/example_dags/example_branch_operator_decorator.py for tasks to queue
[2025-10-30T16:15:07.834+0530] {logging_mixin.py:188} INFO - [2025-10-30T16:15:07.834+0530] {dagbag.py:545} INFO - Filling up the DagBag from /home/logi/txtai/venv/lib/python3.10/site-packages/airflow/example_dags/example_branch_operator_decorator.py
[2025-10-30T16:15:07.839+0530] {processor.py:842} WARNING - No viable dags retrieved from /home/logi/txtai/venv/lib/python3.10/site-packages/airflow/example_dags/example_branch_operator_decorator.py
[2025-10-30T16:15:07.860+0530] {processor.py:183} INFO - Processing /home/logi/txtai/venv/lib/python3.10/site-packages/airflow/example_dags/example_branch_operator_decorator.py took 0.055 seconds
[2025-10-30T16:16:05.014+0530] {processor.py:161} INFO - Started process (PID=14346) to work on /home/logi/txtai/venv/lib/python3.10/site-packages/airflow/example_dags/example_branch_operator_decorator.py
[2025-10-30T16:16:05.029+0530] {processor.py:830} INFO - Processing file /home/logi/txtai/venv/lib/python3.10/site-packages/airflow/example_dags/example_branch_operator_decorator.py for tasks to queue
[2025-10-30T16:16:05.032+0530] {logging_mixin.py:188} INFO - [2025-10-30T16:16:05.031+0530] {dagbag.py:545} INFO - Filling up the DagBag from /home/logi/txtai/venv/lib/python3.10/site-packages/airflow/example_dags/example_branch_operator_decorator.py
[2025-10-30T16:16:05.037+0530] {processor.py:842} WARNING - No viable dags retrieved from /home/logi/txtai/venv/lib/python3.10/site-packages/airflow/example_dags/example_branch_operator_decorator.py
[2025-10-30T16:16:05.056+0530] {processor.py:183} INFO - Processing /home/logi/txtai/venv/lib/python3.10/site-packages/airflow/example_dags/example_branch_operator_decorator.py took 0.053 seconds
[2025-10-30T16:17:00.024+0530] {processor.py:161} INFO - Started process (PID=14419) to work on /home/logi/txtai/venv/lib/python3.10/site-packages/airflow/example_dags/example_branch_operator_decorator.py
[2025-10-30T16:17:00.038+0530] {processor.py:830} INFO - Processing file /home/logi/txtai/venv/lib/python3.10/site-packages/airflow/example_dags/example_branch_operator_decorator.py for tasks to queue
[2025-10-30T16:17:00.041+0530] {logging_mixin.py:188} INFO - [2025-10-30T16:17:00.040+0530] {dagbag.py:545} INFO - Filling up the DagBag from /home/logi/txtai/venv/lib/python3.10/site-packages/airflow/example_dags/example_branch_operator_decorator.py
[2025-10-30T16:17:00.045+0530] {processor.py:842} WARNING - No viable dags retrieved from /home/logi/txtai/venv/lib/python3.10/site-packages/airflow/example_dags/example_branch_operator_decorator.py
[2025-10-30T16:17:00.064+0530] {processor.py:183} INFO - Processing /home/logi/txtai/venv/lib/python3.10/site-packages/airflow/example_dags/example_branch_operator_decorator.py took 0.051 seconds
[2025-10-30T16:18:17.086+0530] {processor.py:161} INFO - Started process (PID=14580) to work on /home/logi/txtai/venv/lib/python3.10/site-packages/airflow/example_dags/example_branch_operator_decorator.py
[2025-10-30T16:18:17.100+0530] {processor.py:830} INFO - Processing file /home/logi/txtai/venv/lib/python3.10/site-packages/airflow/example_dags/example_branch_operator_decorator.py for tasks to queue
[2025-10-30T16:18:17.103+0530] {logging_mixin.py:188} INFO - [2025-10-30T16:18:17.102+0530] {dagbag.py:545} INFO - Filling up the DagBag from /home/logi/txtai/venv/lib/python3.10/site-packages/airflow/example_dags/example_branch_operator_decorator.py
[2025-10-30T16:18:17.107+0530] {processor.py:842} WARNING - No viable dags retrieved from /home/logi/txtai/venv/lib/python3.10/site-packages/airflow/example_dags/example_branch_operator_decorator.py
[2025-10-30T16:18:17.127+0530] {processor.py:183} INFO - Processing /home/logi/txtai/venv/lib/python3.10/site-packages/airflow/example_dags/example_branch_operator_decorator.py took 0.052 seconds
[2025-10-30T16:19:35.772+0530] {processor.py:161} INFO - Started process (PID=14708) to work on /home/logi/txtai/venv/lib/python3.10/site-packages/airflow/example_dags/example_branch_operator_decorator.py
[2025-10-30T16:19:35.786+0530] {processor.py:830} INFO - Processing file /home/logi/txtai/venv/lib/python3.10/site-packages/airflow/example_dags/example_branch_operator_decorator.py for tasks to queue
[2025-10-30T16:19:35.788+0530] {logging_mixin.py:188} INFO - [2025-10-30T16:19:35.788+0530] {dagbag.py:545} INFO - Filling up the DagBag from /home/logi/txtai/venv/lib/python3.10/site-packages/airflow/example_dags/example_branch_operator_decorator.py
[2025-10-30T16:19:35.792+0530] {processor.py:842} WARNING - No viable dags retrieved from /home/logi/txtai/venv/lib/python3.10/site-packages/airflow/example_dags/example_branch_operator_decorator.py
[2025-10-30T16:19:35.809+0530] {processor.py:183} INFO - Processing /home/logi/txtai/venv/lib/python3.10/site-packages/airflow/example_dags/example_branch_operator_decorator.py took 0.047 seconds
