[2025-10-29T19:29:34.921+0530] {processor.py:161} INFO - Started process (PID=16090) to work on /home/logi/txtai/venv/lib/python3.10/site-packages/airflow/example_dags/plugins/event_listener.py
[2025-10-29T19:29:34.922+0530] {processor.py:830} INFO - Processing file /home/logi/txtai/venv/lib/python3.10/site-packages/airflow/example_dags/plugins/event_listener.py for tasks to queue
[2025-10-29T19:29:34.923+0530] {logging_mixin.py:188} INFO - [2025-10-29T19:29:34.923+0530] {dagbag.py:545} INFO - Filling up the DagBag from /home/logi/txtai/venv/lib/python3.10/site-packages/airflow/example_dags/plugins/event_listener.py
[2025-10-29T19:29:34.925+0530] {processor.py:842} WARNING - No viable dags retrieved from /home/logi/txtai/venv/lib/python3.10/site-packages/airflow/example_dags/plugins/event_listener.py
[2025-10-29T19:29:34.934+0530] {processor.py:183} INFO - Processing /home/logi/txtai/venv/lib/python3.10/site-packages/airflow/example_dags/plugins/event_listener.py took 0.018 seconds
[2025-10-29T19:30:33.718+0530] {processor.py:161} INFO - Started process (PID=16429) to work on /home/logi/txtai/venv/lib/python3.10/site-packages/airflow/example_dags/plugins/event_listener.py
[2025-10-29T19:30:33.731+0530] {processor.py:830} INFO - Processing file /home/logi/txtai/venv/lib/python3.10/site-packages/airflow/example_dags/plugins/event_listener.py for tasks to queue
[2025-10-29T19:30:33.734+0530] {logging_mixin.py:188} INFO - [2025-10-29T19:30:33.733+0530] {dagbag.py:545} INFO - Filling up the DagBag from /home/logi/txtai/venv/lib/python3.10/site-packages/airflow/example_dags/plugins/event_listener.py
[2025-10-29T19:30:33.738+0530] {processor.py:842} WARNING - No viable dags retrieved from /home/logi/txtai/venv/lib/python3.10/site-packages/airflow/example_dags/plugins/event_listener.py
[2025-10-29T19:30:33.755+0530] {processor.py:183} INFO - Processing /home/logi/txtai/venv/lib/python3.10/site-packages/airflow/example_dags/plugins/event_listener.py took 0.048 seconds
[2025-10-29T19:31:23.606+0530] {processor.py:161} INFO - Started process (PID=16596) to work on /home/logi/txtai/venv/lib/python3.10/site-packages/airflow/example_dags/plugins/event_listener.py
[2025-10-29T19:31:23.619+0530] {processor.py:830} INFO - Processing file /home/logi/txtai/venv/lib/python3.10/site-packages/airflow/example_dags/plugins/event_listener.py for tasks to queue
[2025-10-29T19:31:23.622+0530] {logging_mixin.py:188} INFO - [2025-10-29T19:31:23.621+0530] {dagbag.py:545} INFO - Filling up the DagBag from /home/logi/txtai/venv/lib/python3.10/site-packages/airflow/example_dags/plugins/event_listener.py
[2025-10-29T19:31:23.625+0530] {processor.py:842} WARNING - No viable dags retrieved from /home/logi/txtai/venv/lib/python3.10/site-packages/airflow/example_dags/plugins/event_listener.py
[2025-10-29T19:31:23.634+0530] {processor.py:183} INFO - Processing /home/logi/txtai/venv/lib/python3.10/site-packages/airflow/example_dags/plugins/event_listener.py took 0.035 seconds
[2025-10-29T19:32:07.488+0530] {processor.py:161} INFO - Started process (PID=16662) to work on /home/logi/txtai/venv/lib/python3.10/site-packages/airflow/example_dags/plugins/event_listener.py
[2025-10-29T19:32:07.501+0530] {processor.py:830} INFO - Processing file /home/logi/txtai/venv/lib/python3.10/site-packages/airflow/example_dags/plugins/event_listener.py for tasks to queue
[2025-10-29T19:32:07.504+0530] {logging_mixin.py:188} INFO - [2025-10-29T19:32:07.503+0530] {dagbag.py:545} INFO - Filling up the DagBag from /home/logi/txtai/venv/lib/python3.10/site-packages/airflow/example_dags/plugins/event_listener.py
[2025-10-29T19:32:07.507+0530] {processor.py:842} WARNING - No viable dags retrieved from /home/logi/txtai/venv/lib/python3.10/site-packages/airflow/example_dags/plugins/event_listener.py
[2025-10-29T19:32:07.523+0530] {processor.py:183} INFO - Processing /home/logi/txtai/venv/lib/python3.10/site-packages/airflow/example_dags/plugins/event_listener.py took 0.040 seconds
[2025-10-29T19:32:55.214+0530] {processor.py:161} INFO - Started process (PID=16760) to work on /home/logi/txtai/venv/lib/python3.10/site-packages/airflow/example_dags/plugins/event_listener.py
[2025-10-29T19:32:55.217+0530] {processor.py:830} INFO - Processing file /home/logi/txtai/venv/lib/python3.10/site-packages/airflow/example_dags/plugins/event_listener.py for tasks to queue
[2025-10-29T19:32:55.220+0530] {logging_mixin.py:188} INFO - [2025-10-29T19:32:55.219+0530] {dagbag.py:545} INFO - Filling up the DagBag from /home/logi/txtai/venv/lib/python3.10/site-packages/airflow/example_dags/plugins/event_listener.py
[2025-10-29T19:32:55.224+0530] {processor.py:842} WARNING - No viable dags retrieved from /home/logi/txtai/venv/lib/python3.10/site-packages/airflow/example_dags/plugins/event_listener.py
[2025-10-29T19:32:55.243+0530] {processor.py:183} INFO - Processing /home/logi/txtai/venv/lib/python3.10/site-packages/airflow/example_dags/plugins/event_listener.py took 0.040 seconds
[2025-10-29T19:33:45.479+0530] {processor.py:161} INFO - Started process (PID=16884) to work on /home/logi/txtai/venv/lib/python3.10/site-packages/airflow/example_dags/plugins/event_listener.py
[2025-10-29T19:33:45.492+0530] {processor.py:830} INFO - Processing file /home/logi/txtai/venv/lib/python3.10/site-packages/airflow/example_dags/plugins/event_listener.py for tasks to queue
[2025-10-29T19:33:45.495+0530] {logging_mixin.py:188} INFO - [2025-10-29T19:33:45.495+0530] {dagbag.py:545} INFO - Filling up the DagBag from /home/logi/txtai/venv/lib/python3.10/site-packages/airflow/example_dags/plugins/event_listener.py
[2025-10-29T19:33:45.499+0530] {processor.py:842} WARNING - No viable dags retrieved from /home/logi/txtai/venv/lib/python3.10/site-packages/airflow/example_dags/plugins/event_listener.py
[2025-10-29T19:33:45.518+0530] {processor.py:183} INFO - Processing /home/logi/txtai/venv/lib/python3.10/site-packages/airflow/example_dags/plugins/event_listener.py took 0.050 seconds
[2025-10-29T19:34:32.646+0530] {processor.py:161} INFO - Started process (PID=16976) to work on /home/logi/txtai/venv/lib/python3.10/site-packages/airflow/example_dags/plugins/event_listener.py
[2025-10-29T19:34:32.659+0530] {processor.py:830} INFO - Processing file /home/logi/txtai/venv/lib/python3.10/site-packages/airflow/example_dags/plugins/event_listener.py for tasks to queue
[2025-10-29T19:34:32.662+0530] {logging_mixin.py:188} INFO - [2025-10-29T19:34:32.661+0530] {dagbag.py:545} INFO - Filling up the DagBag from /home/logi/txtai/venv/lib/python3.10/site-packages/airflow/example_dags/plugins/event_listener.py
[2025-10-29T19:34:32.666+0530] {processor.py:842} WARNING - No viable dags retrieved from /home/logi/txtai/venv/lib/python3.10/site-packages/airflow/example_dags/plugins/event_listener.py
[2025-10-29T19:34:32.684+0530] {processor.py:183} INFO - Processing /home/logi/txtai/venv/lib/python3.10/site-packages/airflow/example_dags/plugins/event_listener.py took 0.049 seconds
[2025-10-29T19:35:23.471+0530] {processor.py:161} INFO - Started process (PID=17042) to work on /home/logi/txtai/venv/lib/python3.10/site-packages/airflow/example_dags/plugins/event_listener.py
[2025-10-29T19:35:23.485+0530] {processor.py:830} INFO - Processing file /home/logi/txtai/venv/lib/python3.10/site-packages/airflow/example_dags/plugins/event_listener.py for tasks to queue
[2025-10-29T19:35:23.488+0530] {logging_mixin.py:188} INFO - [2025-10-29T19:35:23.487+0530] {dagbag.py:545} INFO - Filling up the DagBag from /home/logi/txtai/venv/lib/python3.10/site-packages/airflow/example_dags/plugins/event_listener.py
[2025-10-29T19:35:23.492+0530] {processor.py:842} WARNING - No viable dags retrieved from /home/logi/txtai/venv/lib/python3.10/site-packages/airflow/example_dags/plugins/event_listener.py
[2025-10-29T19:35:23.511+0530] {processor.py:183} INFO - Processing /home/logi/txtai/venv/lib/python3.10/site-packages/airflow/example_dags/plugins/event_listener.py took 0.051 seconds
[2025-10-29T19:36:14.231+0530] {processor.py:161} INFO - Started process (PID=17181) to work on /home/logi/txtai/venv/lib/python3.10/site-packages/airflow/example_dags/plugins/event_listener.py
[2025-10-29T19:36:14.244+0530] {processor.py:830} INFO - Processing file /home/logi/txtai/venv/lib/python3.10/site-packages/airflow/example_dags/plugins/event_listener.py for tasks to queue
[2025-10-29T19:36:14.247+0530] {logging_mixin.py:188} INFO - [2025-10-29T19:36:14.246+0530] {dagbag.py:545} INFO - Filling up the DagBag from /home/logi/txtai/venv/lib/python3.10/site-packages/airflow/example_dags/plugins/event_listener.py
[2025-10-29T19:36:14.251+0530] {processor.py:842} WARNING - No viable dags retrieved from /home/logi/txtai/venv/lib/python3.10/site-packages/airflow/example_dags/plugins/event_listener.py
[2025-10-29T19:36:14.268+0530] {processor.py:183} INFO - Processing /home/logi/txtai/venv/lib/python3.10/site-packages/airflow/example_dags/plugins/event_listener.py took 0.049 seconds
[2025-10-29T19:37:06.159+0530] {processor.py:161} INFO - Started process (PID=17379) to work on /home/logi/txtai/venv/lib/python3.10/site-packages/airflow/example_dags/plugins/event_listener.py
[2025-10-29T19:37:06.173+0530] {processor.py:830} INFO - Processing file /home/logi/txtai/venv/lib/python3.10/site-packages/airflow/example_dags/plugins/event_listener.py for tasks to queue
[2025-10-29T19:37:06.176+0530] {logging_mixin.py:188} INFO - [2025-10-29T19:37:06.175+0530] {dagbag.py:545} INFO - Filling up the DagBag from /home/logi/txtai/venv/lib/python3.10/site-packages/airflow/example_dags/plugins/event_listener.py
[2025-10-29T19:37:06.180+0530] {processor.py:842} WARNING - No viable dags retrieved from /home/logi/txtai/venv/lib/python3.10/site-packages/airflow/example_dags/plugins/event_listener.py
[2025-10-29T19:37:06.199+0530] {processor.py:183} INFO - Processing /home/logi/txtai/venv/lib/python3.10/site-packages/airflow/example_dags/plugins/event_listener.py took 0.051 seconds
[2025-10-29T19:37:56.688+0530] {processor.py:161} INFO - Started process (PID=17441) to work on /home/logi/txtai/venv/lib/python3.10/site-packages/airflow/example_dags/plugins/event_listener.py
[2025-10-29T19:37:56.701+0530] {processor.py:830} INFO - Processing file /home/logi/txtai/venv/lib/python3.10/site-packages/airflow/example_dags/plugins/event_listener.py for tasks to queue
[2025-10-29T19:37:56.704+0530] {logging_mixin.py:188} INFO - [2025-10-29T19:37:56.704+0530] {dagbag.py:545} INFO - Filling up the DagBag from /home/logi/txtai/venv/lib/python3.10/site-packages/airflow/example_dags/plugins/event_listener.py
[2025-10-29T19:37:56.708+0530] {processor.py:842} WARNING - No viable dags retrieved from /home/logi/txtai/venv/lib/python3.10/site-packages/airflow/example_dags/plugins/event_listener.py
[2025-10-29T19:37:56.726+0530] {processor.py:183} INFO - Processing /home/logi/txtai/venv/lib/python3.10/site-packages/airflow/example_dags/plugins/event_listener.py took 0.049 seconds
[2025-10-29T19:38:48.514+0530] {processor.py:161} INFO - Started process (PID=17503) to work on /home/logi/txtai/venv/lib/python3.10/site-packages/airflow/example_dags/plugins/event_listener.py
[2025-10-29T19:38:48.527+0530] {processor.py:830} INFO - Processing file /home/logi/txtai/venv/lib/python3.10/site-packages/airflow/example_dags/plugins/event_listener.py for tasks to queue
[2025-10-29T19:38:48.530+0530] {logging_mixin.py:188} INFO - [2025-10-29T19:38:48.530+0530] {dagbag.py:545} INFO - Filling up the DagBag from /home/logi/txtai/venv/lib/python3.10/site-packages/airflow/example_dags/plugins/event_listener.py
[2025-10-29T19:38:48.534+0530] {processor.py:842} WARNING - No viable dags retrieved from /home/logi/txtai/venv/lib/python3.10/site-packages/airflow/example_dags/plugins/event_listener.py
[2025-10-29T19:38:48.553+0530] {processor.py:183} INFO - Processing /home/logi/txtai/venv/lib/python3.10/site-packages/airflow/example_dags/plugins/event_listener.py took 0.050 seconds
[2025-10-29T19:39:44.121+0530] {processor.py:161} INFO - Started process (PID=17601) to work on /home/logi/txtai/venv/lib/python3.10/site-packages/airflow/example_dags/plugins/event_listener.py
[2025-10-29T19:39:44.134+0530] {processor.py:830} INFO - Processing file /home/logi/txtai/venv/lib/python3.10/site-packages/airflow/example_dags/plugins/event_listener.py for tasks to queue
[2025-10-29T19:39:44.137+0530] {logging_mixin.py:188} INFO - [2025-10-29T19:39:44.137+0530] {dagbag.py:545} INFO - Filling up the DagBag from /home/logi/txtai/venv/lib/python3.10/site-packages/airflow/example_dags/plugins/event_listener.py
[2025-10-29T19:39:44.141+0530] {processor.py:842} WARNING - No viable dags retrieved from /home/logi/txtai/venv/lib/python3.10/site-packages/airflow/example_dags/plugins/event_listener.py
[2025-10-29T19:39:44.159+0530] {processor.py:183} INFO - Processing /home/logi/txtai/venv/lib/python3.10/site-packages/airflow/example_dags/plugins/event_listener.py took 0.049 seconds
[2025-10-29T19:40:34.014+0530] {processor.py:161} INFO - Started process (PID=17782) to work on /home/logi/txtai/venv/lib/python3.10/site-packages/airflow/example_dags/plugins/event_listener.py
[2025-10-29T19:40:34.028+0530] {processor.py:830} INFO - Processing file /home/logi/txtai/venv/lib/python3.10/site-packages/airflow/example_dags/plugins/event_listener.py for tasks to queue
[2025-10-29T19:40:34.030+0530] {logging_mixin.py:188} INFO - [2025-10-29T19:40:34.030+0530] {dagbag.py:545} INFO - Filling up the DagBag from /home/logi/txtai/venv/lib/python3.10/site-packages/airflow/example_dags/plugins/event_listener.py
[2025-10-29T19:40:34.034+0530] {processor.py:842} WARNING - No viable dags retrieved from /home/logi/txtai/venv/lib/python3.10/site-packages/airflow/example_dags/plugins/event_listener.py
[2025-10-29T19:40:34.052+0530] {processor.py:183} INFO - Processing /home/logi/txtai/venv/lib/python3.10/site-packages/airflow/example_dags/plugins/event_listener.py took 0.049 seconds
[2025-10-29T19:41:23.631+0530] {processor.py:161} INFO - Started process (PID=17911) to work on /home/logi/txtai/venv/lib/python3.10/site-packages/airflow/example_dags/plugins/event_listener.py
[2025-10-29T19:41:23.645+0530] {processor.py:830} INFO - Processing file /home/logi/txtai/venv/lib/python3.10/site-packages/airflow/example_dags/plugins/event_listener.py for tasks to queue
[2025-10-29T19:41:23.648+0530] {logging_mixin.py:188} INFO - [2025-10-29T19:41:23.647+0530] {dagbag.py:545} INFO - Filling up the DagBag from /home/logi/txtai/venv/lib/python3.10/site-packages/airflow/example_dags/plugins/event_listener.py
[2025-10-29T19:41:23.652+0530] {processor.py:842} WARNING - No viable dags retrieved from /home/logi/txtai/venv/lib/python3.10/site-packages/airflow/example_dags/plugins/event_listener.py
[2025-10-29T19:41:23.671+0530] {processor.py:183} INFO - Processing /home/logi/txtai/venv/lib/python3.10/site-packages/airflow/example_dags/plugins/event_listener.py took 0.051 seconds
[2025-10-29T19:42:14.662+0530] {processor.py:161} INFO - Started process (PID=17993) to work on /home/logi/txtai/venv/lib/python3.10/site-packages/airflow/example_dags/plugins/event_listener.py
[2025-10-29T19:42:14.675+0530] {processor.py:830} INFO - Processing file /home/logi/txtai/venv/lib/python3.10/site-packages/airflow/example_dags/plugins/event_listener.py for tasks to queue
[2025-10-29T19:42:14.677+0530] {logging_mixin.py:188} INFO - [2025-10-29T19:42:14.677+0530] {dagbag.py:545} INFO - Filling up the DagBag from /home/logi/txtai/venv/lib/python3.10/site-packages/airflow/example_dags/plugins/event_listener.py
[2025-10-29T19:42:14.680+0530] {processor.py:842} WARNING - No viable dags retrieved from /home/logi/txtai/venv/lib/python3.10/site-packages/airflow/example_dags/plugins/event_listener.py
[2025-10-29T19:42:14.691+0530] {processor.py:183} INFO - Processing /home/logi/txtai/venv/lib/python3.10/site-packages/airflow/example_dags/plugins/event_listener.py took 0.036 seconds
[2025-10-29T19:43:08.097+0530] {processor.py:161} INFO - Started process (PID=18057) to work on /home/logi/txtai/venv/lib/python3.10/site-packages/airflow/example_dags/plugins/event_listener.py
[2025-10-29T19:43:08.111+0530] {processor.py:830} INFO - Processing file /home/logi/txtai/venv/lib/python3.10/site-packages/airflow/example_dags/plugins/event_listener.py for tasks to queue
[2025-10-29T19:43:08.114+0530] {logging_mixin.py:188} INFO - [2025-10-29T19:43:08.114+0530] {dagbag.py:545} INFO - Filling up the DagBag from /home/logi/txtai/venv/lib/python3.10/site-packages/airflow/example_dags/plugins/event_listener.py
[2025-10-29T19:43:08.118+0530] {processor.py:842} WARNING - No viable dags retrieved from /home/logi/txtai/venv/lib/python3.10/site-packages/airflow/example_dags/plugins/event_listener.py
[2025-10-29T19:43:08.133+0530] {processor.py:183} INFO - Processing /home/logi/txtai/venv/lib/python3.10/site-packages/airflow/example_dags/plugins/event_listener.py took 0.048 seconds
[2025-10-29T19:44:01.162+0530] {processor.py:161} INFO - Started process (PID=18152) to work on /home/logi/txtai/venv/lib/python3.10/site-packages/airflow/example_dags/plugins/event_listener.py
[2025-10-29T19:44:01.164+0530] {processor.py:830} INFO - Processing file /home/logi/txtai/venv/lib/python3.10/site-packages/airflow/example_dags/plugins/event_listener.py for tasks to queue
[2025-10-29T19:44:01.167+0530] {logging_mixin.py:188} INFO - [2025-10-29T19:44:01.166+0530] {dagbag.py:545} INFO - Filling up the DagBag from /home/logi/txtai/venv/lib/python3.10/site-packages/airflow/example_dags/plugins/event_listener.py
[2025-10-29T19:44:01.171+0530] {processor.py:842} WARNING - No viable dags retrieved from /home/logi/txtai/venv/lib/python3.10/site-packages/airflow/example_dags/plugins/event_listener.py
[2025-10-29T19:44:01.190+0530] {processor.py:183} INFO - Processing /home/logi/txtai/venv/lib/python3.10/site-packages/airflow/example_dags/plugins/event_listener.py took 0.043 seconds
[2025-10-29T19:44:52.965+0530] {processor.py:161} INFO - Started process (PID=18244) to work on /home/logi/txtai/venv/lib/python3.10/site-packages/airflow/example_dags/plugins/event_listener.py
[2025-10-29T19:44:52.978+0530] {processor.py:830} INFO - Processing file /home/logi/txtai/venv/lib/python3.10/site-packages/airflow/example_dags/plugins/event_listener.py for tasks to queue
[2025-10-29T19:44:52.981+0530] {logging_mixin.py:188} INFO - [2025-10-29T19:44:52.980+0530] {dagbag.py:545} INFO - Filling up the DagBag from /home/logi/txtai/venv/lib/python3.10/site-packages/airflow/example_dags/plugins/event_listener.py
[2025-10-29T19:44:52.985+0530] {processor.py:842} WARNING - No viable dags retrieved from /home/logi/txtai/venv/lib/python3.10/site-packages/airflow/example_dags/plugins/event_listener.py
[2025-10-29T19:44:53.003+0530] {processor.py:183} INFO - Processing /home/logi/txtai/venv/lib/python3.10/site-packages/airflow/example_dags/plugins/event_listener.py took 0.049 seconds
[2025-10-29T19:45:49.063+0530] {processor.py:161} INFO - Started process (PID=18328) to work on /home/logi/txtai/venv/lib/python3.10/site-packages/airflow/example_dags/plugins/event_listener.py
[2025-10-29T19:45:49.077+0530] {processor.py:830} INFO - Processing file /home/logi/txtai/venv/lib/python3.10/site-packages/airflow/example_dags/plugins/event_listener.py for tasks to queue
[2025-10-29T19:45:49.080+0530] {logging_mixin.py:188} INFO - [2025-10-29T19:45:49.079+0530] {dagbag.py:545} INFO - Filling up the DagBag from /home/logi/txtai/venv/lib/python3.10/site-packages/airflow/example_dags/plugins/event_listener.py
[2025-10-29T19:45:49.084+0530] {processor.py:842} WARNING - No viable dags retrieved from /home/logi/txtai/venv/lib/python3.10/site-packages/airflow/example_dags/plugins/event_listener.py
[2025-10-29T19:45:49.103+0530] {processor.py:183} INFO - Processing /home/logi/txtai/venv/lib/python3.10/site-packages/airflow/example_dags/plugins/event_listener.py took 0.051 seconds
[2025-10-29T19:46:43.059+0530] {processor.py:161} INFO - Started process (PID=18393) to work on /home/logi/txtai/venv/lib/python3.10/site-packages/airflow/example_dags/plugins/event_listener.py
[2025-10-29T19:46:43.062+0530] {processor.py:830} INFO - Processing file /home/logi/txtai/venv/lib/python3.10/site-packages/airflow/example_dags/plugins/event_listener.py for tasks to queue
[2025-10-29T19:46:43.065+0530] {logging_mixin.py:188} INFO - [2025-10-29T19:46:43.065+0530] {dagbag.py:545} INFO - Filling up the DagBag from /home/logi/txtai/venv/lib/python3.10/site-packages/airflow/example_dags/plugins/event_listener.py
[2025-10-29T19:46:43.070+0530] {processor.py:842} WARNING - No viable dags retrieved from /home/logi/txtai/venv/lib/python3.10/site-packages/airflow/example_dags/plugins/event_listener.py
[2025-10-29T19:46:43.089+0530] {processor.py:183} INFO - Processing /home/logi/txtai/venv/lib/python3.10/site-packages/airflow/example_dags/plugins/event_listener.py took 0.042 seconds
[2025-10-29T19:47:36.466+0530] {processor.py:161} INFO - Started process (PID=18458) to work on /home/logi/txtai/venv/lib/python3.10/site-packages/airflow/example_dags/plugins/event_listener.py
[2025-10-29T19:47:36.480+0530] {processor.py:830} INFO - Processing file /home/logi/txtai/venv/lib/python3.10/site-packages/airflow/example_dags/plugins/event_listener.py for tasks to queue
[2025-10-29T19:47:36.484+0530] {logging_mixin.py:188} INFO - [2025-10-29T19:47:36.483+0530] {dagbag.py:545} INFO - Filling up the DagBag from /home/logi/txtai/venv/lib/python3.10/site-packages/airflow/example_dags/plugins/event_listener.py
[2025-10-29T19:47:36.488+0530] {processor.py:842} WARNING - No viable dags retrieved from /home/logi/txtai/venv/lib/python3.10/site-packages/airflow/example_dags/plugins/event_listener.py
[2025-10-29T19:47:36.513+0530] {processor.py:183} INFO - Processing /home/logi/txtai/venv/lib/python3.10/site-packages/airflow/example_dags/plugins/event_listener.py took 0.062 seconds
[2025-10-29T19:48:31.501+0530] {processor.py:161} INFO - Started process (PID=18561) to work on /home/logi/txtai/venv/lib/python3.10/site-packages/airflow/example_dags/plugins/event_listener.py
[2025-10-29T19:48:31.515+0530] {processor.py:830} INFO - Processing file /home/logi/txtai/venv/lib/python3.10/site-packages/airflow/example_dags/plugins/event_listener.py for tasks to queue
[2025-10-29T19:48:31.518+0530] {logging_mixin.py:188} INFO - [2025-10-29T19:48:31.517+0530] {dagbag.py:545} INFO - Filling up the DagBag from /home/logi/txtai/venv/lib/python3.10/site-packages/airflow/example_dags/plugins/event_listener.py
[2025-10-29T19:48:31.522+0530] {processor.py:842} WARNING - No viable dags retrieved from /home/logi/txtai/venv/lib/python3.10/site-packages/airflow/example_dags/plugins/event_listener.py
[2025-10-29T19:48:31.541+0530] {processor.py:183} INFO - Processing /home/logi/txtai/venv/lib/python3.10/site-packages/airflow/example_dags/plugins/event_listener.py took 0.052 seconds
[2025-10-29T19:49:28.724+0530] {processor.py:161} INFO - Started process (PID=18674) to work on /home/logi/txtai/venv/lib/python3.10/site-packages/airflow/example_dags/plugins/event_listener.py
[2025-10-29T19:49:28.727+0530] {processor.py:830} INFO - Processing file /home/logi/txtai/venv/lib/python3.10/site-packages/airflow/example_dags/plugins/event_listener.py for tasks to queue
[2025-10-29T19:49:28.731+0530] {logging_mixin.py:188} INFO - [2025-10-29T19:49:28.730+0530] {dagbag.py:545} INFO - Filling up the DagBag from /home/logi/txtai/venv/lib/python3.10/site-packages/airflow/example_dags/plugins/event_listener.py
[2025-10-29T19:49:28.737+0530] {processor.py:842} WARNING - No viable dags retrieved from /home/logi/txtai/venv/lib/python3.10/site-packages/airflow/example_dags/plugins/event_listener.py
[2025-10-29T19:49:28.762+0530] {processor.py:183} INFO - Processing /home/logi/txtai/venv/lib/python3.10/site-packages/airflow/example_dags/plugins/event_listener.py took 0.050 seconds
[2025-10-29T19:50:21.011+0530] {processor.py:161} INFO - Started process (PID=18764) to work on /home/logi/txtai/venv/lib/python3.10/site-packages/airflow/example_dags/plugins/event_listener.py
[2025-10-29T19:50:21.028+0530] {processor.py:830} INFO - Processing file /home/logi/txtai/venv/lib/python3.10/site-packages/airflow/example_dags/plugins/event_listener.py for tasks to queue
[2025-10-29T19:50:21.031+0530] {logging_mixin.py:188} INFO - [2025-10-29T19:50:21.030+0530] {dagbag.py:545} INFO - Filling up the DagBag from /home/logi/txtai/venv/lib/python3.10/site-packages/airflow/example_dags/plugins/event_listener.py
[2025-10-29T19:50:21.035+0530] {processor.py:842} WARNING - No viable dags retrieved from /home/logi/txtai/venv/lib/python3.10/site-packages/airflow/example_dags/plugins/event_listener.py
[2025-10-29T19:50:21.053+0530] {processor.py:183} INFO - Processing /home/logi/txtai/venv/lib/python3.10/site-packages/airflow/example_dags/plugins/event_listener.py took 0.054 seconds
[2025-10-29T19:51:14.916+0530] {processor.py:161} INFO - Started process (PID=18844) to work on /home/logi/txtai/venv/lib/python3.10/site-packages/airflow/example_dags/plugins/event_listener.py
[2025-10-29T19:51:14.931+0530] {processor.py:830} INFO - Processing file /home/logi/txtai/venv/lib/python3.10/site-packages/airflow/example_dags/plugins/event_listener.py for tasks to queue
[2025-10-29T19:51:14.937+0530] {logging_mixin.py:188} INFO - [2025-10-29T19:51:14.936+0530] {dagbag.py:545} INFO - Filling up the DagBag from /home/logi/txtai/venv/lib/python3.10/site-packages/airflow/example_dags/plugins/event_listener.py
[2025-10-29T19:51:14.941+0530] {processor.py:842} WARNING - No viable dags retrieved from /home/logi/txtai/venv/lib/python3.10/site-packages/airflow/example_dags/plugins/event_listener.py
[2025-10-29T19:51:14.961+0530] {processor.py:183} INFO - Processing /home/logi/txtai/venv/lib/python3.10/site-packages/airflow/example_dags/plugins/event_listener.py took 0.056 seconds
[2025-10-29T19:52:09.126+0530] {processor.py:161} INFO - Started process (PID=18927) to work on /home/logi/txtai/venv/lib/python3.10/site-packages/airflow/example_dags/plugins/event_listener.py
[2025-10-29T19:52:09.139+0530] {processor.py:830} INFO - Processing file /home/logi/txtai/venv/lib/python3.10/site-packages/airflow/example_dags/plugins/event_listener.py for tasks to queue
[2025-10-29T19:52:09.143+0530] {logging_mixin.py:188} INFO - [2025-10-29T19:52:09.142+0530] {dagbag.py:545} INFO - Filling up the DagBag from /home/logi/txtai/venv/lib/python3.10/site-packages/airflow/example_dags/plugins/event_listener.py
[2025-10-29T19:52:09.148+0530] {processor.py:842} WARNING - No viable dags retrieved from /home/logi/txtai/venv/lib/python3.10/site-packages/airflow/example_dags/plugins/event_listener.py
[2025-10-29T19:52:09.172+0530] {processor.py:183} INFO - Processing /home/logi/txtai/venv/lib/python3.10/site-packages/airflow/example_dags/plugins/event_listener.py took 0.059 seconds
[2025-10-29T19:52:59.511+0530] {processor.py:161} INFO - Started process (PID=18990) to work on /home/logi/txtai/venv/lib/python3.10/site-packages/airflow/example_dags/plugins/event_listener.py
[2025-10-29T19:52:59.525+0530] {processor.py:830} INFO - Processing file /home/logi/txtai/venv/lib/python3.10/site-packages/airflow/example_dags/plugins/event_listener.py for tasks to queue
[2025-10-29T19:52:59.528+0530] {logging_mixin.py:188} INFO - [2025-10-29T19:52:59.527+0530] {dagbag.py:545} INFO - Filling up the DagBag from /home/logi/txtai/venv/lib/python3.10/site-packages/airflow/example_dags/plugins/event_listener.py
[2025-10-29T19:52:59.532+0530] {processor.py:842} WARNING - No viable dags retrieved from /home/logi/txtai/venv/lib/python3.10/site-packages/airflow/example_dags/plugins/event_listener.py
[2025-10-29T19:52:59.555+0530] {processor.py:183} INFO - Processing /home/logi/txtai/venv/lib/python3.10/site-packages/airflow/example_dags/plugins/event_listener.py took 0.055 seconds
[2025-10-29T19:53:50.432+0530] {processor.py:161} INFO - Started process (PID=19051) to work on /home/logi/txtai/venv/lib/python3.10/site-packages/airflow/example_dags/plugins/event_listener.py
[2025-10-29T19:53:50.445+0530] {processor.py:830} INFO - Processing file /home/logi/txtai/venv/lib/python3.10/site-packages/airflow/example_dags/plugins/event_listener.py for tasks to queue
[2025-10-29T19:53:50.447+0530] {logging_mixin.py:188} INFO - [2025-10-29T19:53:50.447+0530] {dagbag.py:545} INFO - Filling up the DagBag from /home/logi/txtai/venv/lib/python3.10/site-packages/airflow/example_dags/plugins/event_listener.py
[2025-10-29T19:53:50.451+0530] {processor.py:842} WARNING - No viable dags retrieved from /home/logi/txtai/venv/lib/python3.10/site-packages/airflow/example_dags/plugins/event_listener.py
[2025-10-29T19:53:50.469+0530] {processor.py:183} INFO - Processing /home/logi/txtai/venv/lib/python3.10/site-packages/airflow/example_dags/plugins/event_listener.py took 0.044 seconds
[2025-10-29T19:54:46.783+0530] {processor.py:161} INFO - Started process (PID=19156) to work on /home/logi/txtai/venv/lib/python3.10/site-packages/airflow/example_dags/plugins/event_listener.py
[2025-10-29T19:54:46.797+0530] {processor.py:830} INFO - Processing file /home/logi/txtai/venv/lib/python3.10/site-packages/airflow/example_dags/plugins/event_listener.py for tasks to queue
[2025-10-29T19:54:46.801+0530] {logging_mixin.py:188} INFO - [2025-10-29T19:54:46.800+0530] {dagbag.py:545} INFO - Filling up the DagBag from /home/logi/txtai/venv/lib/python3.10/site-packages/airflow/example_dags/plugins/event_listener.py
[2025-10-29T19:54:46.805+0530] {processor.py:842} WARNING - No viable dags retrieved from /home/logi/txtai/venv/lib/python3.10/site-packages/airflow/example_dags/plugins/event_listener.py
[2025-10-29T19:54:46.824+0530] {processor.py:183} INFO - Processing /home/logi/txtai/venv/lib/python3.10/site-packages/airflow/example_dags/plugins/event_listener.py took 0.052 seconds
[2025-10-29T19:55:41.778+0530] {processor.py:161} INFO - Started process (PID=19224) to work on /home/logi/txtai/venv/lib/python3.10/site-packages/airflow/example_dags/plugins/event_listener.py
[2025-10-29T19:55:41.790+0530] {processor.py:830} INFO - Processing file /home/logi/txtai/venv/lib/python3.10/site-packages/airflow/example_dags/plugins/event_listener.py for tasks to queue
[2025-10-29T19:55:41.792+0530] {logging_mixin.py:188} INFO - [2025-10-29T19:55:41.792+0530] {dagbag.py:545} INFO - Filling up the DagBag from /home/logi/txtai/venv/lib/python3.10/site-packages/airflow/example_dags/plugins/event_listener.py
[2025-10-29T19:55:41.795+0530] {processor.py:842} WARNING - No viable dags retrieved from /home/logi/txtai/venv/lib/python3.10/site-packages/airflow/example_dags/plugins/event_listener.py
[2025-10-29T19:55:41.806+0530] {processor.py:183} INFO - Processing /home/logi/txtai/venv/lib/python3.10/site-packages/airflow/example_dags/plugins/event_listener.py took 0.040 seconds
[2025-10-29T19:56:35.760+0530] {processor.py:161} INFO - Started process (PID=19304) to work on /home/logi/txtai/venv/lib/python3.10/site-packages/airflow/example_dags/plugins/event_listener.py
[2025-10-29T19:56:35.774+0530] {processor.py:830} INFO - Processing file /home/logi/txtai/venv/lib/python3.10/site-packages/airflow/example_dags/plugins/event_listener.py for tasks to queue
[2025-10-29T19:56:35.777+0530] {logging_mixin.py:188} INFO - [2025-10-29T19:56:35.776+0530] {dagbag.py:545} INFO - Filling up the DagBag from /home/logi/txtai/venv/lib/python3.10/site-packages/airflow/example_dags/plugins/event_listener.py
[2025-10-29T19:56:35.781+0530] {processor.py:842} WARNING - No viable dags retrieved from /home/logi/txtai/venv/lib/python3.10/site-packages/airflow/example_dags/plugins/event_listener.py
[2025-10-29T19:56:35.799+0530] {processor.py:183} INFO - Processing /home/logi/txtai/venv/lib/python3.10/site-packages/airflow/example_dags/plugins/event_listener.py took 0.052 seconds
[2025-10-29T19:57:31.187+0530] {processor.py:161} INFO - Started process (PID=19392) to work on /home/logi/txtai/venv/lib/python3.10/site-packages/airflow/example_dags/plugins/event_listener.py
[2025-10-29T19:57:31.201+0530] {processor.py:830} INFO - Processing file /home/logi/txtai/venv/lib/python3.10/site-packages/airflow/example_dags/plugins/event_listener.py for tasks to queue
[2025-10-29T19:57:31.204+0530] {logging_mixin.py:188} INFO - [2025-10-29T19:57:31.204+0530] {dagbag.py:545} INFO - Filling up the DagBag from /home/logi/txtai/venv/lib/python3.10/site-packages/airflow/example_dags/plugins/event_listener.py
[2025-10-29T19:57:31.208+0530] {processor.py:842} WARNING - No viable dags retrieved from /home/logi/txtai/venv/lib/python3.10/site-packages/airflow/example_dags/plugins/event_listener.py
[2025-10-29T19:57:31.226+0530] {processor.py:183} INFO - Processing /home/logi/txtai/venv/lib/python3.10/site-packages/airflow/example_dags/plugins/event_listener.py took 0.050 seconds
[2025-10-29T19:58:28.655+0530] {processor.py:161} INFO - Started process (PID=19591) to work on /home/logi/txtai/venv/lib/python3.10/site-packages/airflow/example_dags/plugins/event_listener.py
[2025-10-29T19:58:28.668+0530] {processor.py:830} INFO - Processing file /home/logi/txtai/venv/lib/python3.10/site-packages/airflow/example_dags/plugins/event_listener.py for tasks to queue
[2025-10-29T19:58:28.670+0530] {logging_mixin.py:188} INFO - [2025-10-29T19:58:28.670+0530] {dagbag.py:545} INFO - Filling up the DagBag from /home/logi/txtai/venv/lib/python3.10/site-packages/airflow/example_dags/plugins/event_listener.py
[2025-10-29T19:58:28.674+0530] {processor.py:842} WARNING - No viable dags retrieved from /home/logi/txtai/venv/lib/python3.10/site-packages/airflow/example_dags/plugins/event_listener.py
[2025-10-29T19:58:28.691+0530] {processor.py:183} INFO - Processing /home/logi/txtai/venv/lib/python3.10/site-packages/airflow/example_dags/plugins/event_listener.py took 0.047 seconds
[2025-10-29T19:59:24.148+0530] {processor.py:161} INFO - Started process (PID=19657) to work on /home/logi/txtai/venv/lib/python3.10/site-packages/airflow/example_dags/plugins/event_listener.py
[2025-10-29T19:59:24.162+0530] {processor.py:830} INFO - Processing file /home/logi/txtai/venv/lib/python3.10/site-packages/airflow/example_dags/plugins/event_listener.py for tasks to queue
[2025-10-29T19:59:24.165+0530] {logging_mixin.py:188} INFO - [2025-10-29T19:59:24.164+0530] {dagbag.py:545} INFO - Filling up the DagBag from /home/logi/txtai/venv/lib/python3.10/site-packages/airflow/example_dags/plugins/event_listener.py
[2025-10-29T19:59:24.168+0530] {processor.py:842} WARNING - No viable dags retrieved from /home/logi/txtai/venv/lib/python3.10/site-packages/airflow/example_dags/plugins/event_listener.py
[2025-10-29T19:59:24.187+0530] {processor.py:183} INFO - Processing /home/logi/txtai/venv/lib/python3.10/site-packages/airflow/example_dags/plugins/event_listener.py took 0.050 seconds
[2025-10-29T20:00:14.818+0530] {processor.py:161} INFO - Started process (PID=19768) to work on /home/logi/txtai/venv/lib/python3.10/site-packages/airflow/example_dags/plugins/event_listener.py
[2025-10-29T20:00:14.832+0530] {processor.py:830} INFO - Processing file /home/logi/txtai/venv/lib/python3.10/site-packages/airflow/example_dags/plugins/event_listener.py for tasks to queue
[2025-10-29T20:00:14.835+0530] {logging_mixin.py:188} INFO - [2025-10-29T20:00:14.834+0530] {dagbag.py:545} INFO - Filling up the DagBag from /home/logi/txtai/venv/lib/python3.10/site-packages/airflow/example_dags/plugins/event_listener.py
[2025-10-29T20:00:14.839+0530] {processor.py:842} WARNING - No viable dags retrieved from /home/logi/txtai/venv/lib/python3.10/site-packages/airflow/example_dags/plugins/event_listener.py
[2025-10-29T20:00:14.858+0530] {processor.py:183} INFO - Processing /home/logi/txtai/venv/lib/python3.10/site-packages/airflow/example_dags/plugins/event_listener.py took 0.051 seconds
[2025-10-29T20:01:10.804+0530] {processor.py:161} INFO - Started process (PID=19908) to work on /home/logi/txtai/venv/lib/python3.10/site-packages/airflow/example_dags/plugins/event_listener.py
[2025-10-29T20:01:10.811+0530] {processor.py:830} INFO - Processing file /home/logi/txtai/venv/lib/python3.10/site-packages/airflow/example_dags/plugins/event_listener.py for tasks to queue
[2025-10-29T20:01:10.820+0530] {logging_mixin.py:188} INFO - [2025-10-29T20:01:10.818+0530] {dagbag.py:545} INFO - Filling up the DagBag from /home/logi/txtai/venv/lib/python3.10/site-packages/airflow/example_dags/plugins/event_listener.py
[2025-10-29T20:01:10.831+0530] {processor.py:842} WARNING - No viable dags retrieved from /home/logi/txtai/venv/lib/python3.10/site-packages/airflow/example_dags/plugins/event_listener.py
[2025-10-29T20:01:10.879+0530] {processor.py:183} INFO - Processing /home/logi/txtai/venv/lib/python3.10/site-packages/airflow/example_dags/plugins/event_listener.py took 0.106 seconds
[2025-10-29T20:02:09.102+0530] {processor.py:161} INFO - Started process (PID=20035) to work on /home/logi/txtai/venv/lib/python3.10/site-packages/airflow/example_dags/plugins/event_listener.py
[2025-10-29T20:02:09.118+0530] {processor.py:830} INFO - Processing file /home/logi/txtai/venv/lib/python3.10/site-packages/airflow/example_dags/plugins/event_listener.py for tasks to queue
[2025-10-29T20:02:09.122+0530] {logging_mixin.py:188} INFO - [2025-10-29T20:02:09.121+0530] {dagbag.py:545} INFO - Filling up the DagBag from /home/logi/txtai/venv/lib/python3.10/site-packages/airflow/example_dags/plugins/event_listener.py
[2025-10-29T20:02:09.128+0530] {processor.py:842} WARNING - No viable dags retrieved from /home/logi/txtai/venv/lib/python3.10/site-packages/airflow/example_dags/plugins/event_listener.py
[2025-10-29T20:02:09.157+0530] {processor.py:183} INFO - Processing /home/logi/txtai/venv/lib/python3.10/site-packages/airflow/example_dags/plugins/event_listener.py took 0.069 seconds
[2025-10-29T20:03:03.220+0530] {processor.py:161} INFO - Started process (PID=20151) to work on /home/logi/txtai/venv/lib/python3.10/site-packages/airflow/example_dags/plugins/event_listener.py
[2025-10-29T20:03:03.233+0530] {processor.py:830} INFO - Processing file /home/logi/txtai/venv/lib/python3.10/site-packages/airflow/example_dags/plugins/event_listener.py for tasks to queue
[2025-10-29T20:03:03.236+0530] {logging_mixin.py:188} INFO - [2025-10-29T20:03:03.236+0530] {dagbag.py:545} INFO - Filling up the DagBag from /home/logi/txtai/venv/lib/python3.10/site-packages/airflow/example_dags/plugins/event_listener.py
[2025-10-29T20:03:03.240+0530] {processor.py:842} WARNING - No viable dags retrieved from /home/logi/txtai/venv/lib/python3.10/site-packages/airflow/example_dags/plugins/event_listener.py
[2025-10-29T20:03:03.258+0530] {processor.py:183} INFO - Processing /home/logi/txtai/venv/lib/python3.10/site-packages/airflow/example_dags/plugins/event_listener.py took 0.049 seconds
[2025-10-29T20:04:04.827+0530] {processor.py:161} INFO - Started process (PID=20269) to work on /home/logi/txtai/venv/lib/python3.10/site-packages/airflow/example_dags/plugins/event_listener.py
[2025-10-29T20:04:04.841+0530] {processor.py:830} INFO - Processing file /home/logi/txtai/venv/lib/python3.10/site-packages/airflow/example_dags/plugins/event_listener.py for tasks to queue
[2025-10-29T20:04:04.844+0530] {logging_mixin.py:188} INFO - [2025-10-29T20:04:04.843+0530] {dagbag.py:545} INFO - Filling up the DagBag from /home/logi/txtai/venv/lib/python3.10/site-packages/airflow/example_dags/plugins/event_listener.py
[2025-10-29T20:04:04.849+0530] {processor.py:842} WARNING - No viable dags retrieved from /home/logi/txtai/venv/lib/python3.10/site-packages/airflow/example_dags/plugins/event_listener.py
[2025-10-29T20:04:04.871+0530] {processor.py:183} INFO - Processing /home/logi/txtai/venv/lib/python3.10/site-packages/airflow/example_dags/plugins/event_listener.py took 0.054 seconds
[2025-10-29T20:05:09.172+0530] {processor.py:161} INFO - Started process (PID=20425) to work on /home/logi/txtai/venv/lib/python3.10/site-packages/airflow/example_dags/plugins/event_listener.py
[2025-10-29T20:05:09.185+0530] {processor.py:830} INFO - Processing file /home/logi/txtai/venv/lib/python3.10/site-packages/airflow/example_dags/plugins/event_listener.py for tasks to queue
[2025-10-29T20:05:09.188+0530] {logging_mixin.py:188} INFO - [2025-10-29T20:05:09.188+0530] {dagbag.py:545} INFO - Filling up the DagBag from /home/logi/txtai/venv/lib/python3.10/site-packages/airflow/example_dags/plugins/event_listener.py
[2025-10-29T20:05:09.192+0530] {processor.py:842} WARNING - No viable dags retrieved from /home/logi/txtai/venv/lib/python3.10/site-packages/airflow/example_dags/plugins/event_listener.py
[2025-10-29T20:05:09.212+0530] {processor.py:183} INFO - Processing /home/logi/txtai/venv/lib/python3.10/site-packages/airflow/example_dags/plugins/event_listener.py took 0.051 seconds
[2025-10-29T20:06:07.797+0530] {processor.py:161} INFO - Started process (PID=20538) to work on /home/logi/txtai/venv/lib/python3.10/site-packages/airflow/example_dags/plugins/event_listener.py
[2025-10-29T20:06:07.811+0530] {processor.py:830} INFO - Processing file /home/logi/txtai/venv/lib/python3.10/site-packages/airflow/example_dags/plugins/event_listener.py for tasks to queue
[2025-10-29T20:06:07.814+0530] {logging_mixin.py:188} INFO - [2025-10-29T20:06:07.813+0530] {dagbag.py:545} INFO - Filling up the DagBag from /home/logi/txtai/venv/lib/python3.10/site-packages/airflow/example_dags/plugins/event_listener.py
[2025-10-29T20:06:07.819+0530] {processor.py:842} WARNING - No viable dags retrieved from /home/logi/txtai/venv/lib/python3.10/site-packages/airflow/example_dags/plugins/event_listener.py
[2025-10-29T20:06:07.842+0530] {processor.py:183} INFO - Processing /home/logi/txtai/venv/lib/python3.10/site-packages/airflow/example_dags/plugins/event_listener.py took 0.057 seconds
[2025-10-29T20:07:05.273+0530] {processor.py:161} INFO - Started process (PID=20649) to work on /home/logi/txtai/venv/lib/python3.10/site-packages/airflow/example_dags/plugins/event_listener.py
[2025-10-29T20:07:05.290+0530] {processor.py:830} INFO - Processing file /home/logi/txtai/venv/lib/python3.10/site-packages/airflow/example_dags/plugins/event_listener.py for tasks to queue
[2025-10-29T20:07:05.305+0530] {logging_mixin.py:188} INFO - [2025-10-29T20:07:05.301+0530] {dagbag.py:545} INFO - Filling up the DagBag from /home/logi/txtai/venv/lib/python3.10/site-packages/airflow/example_dags/plugins/event_listener.py
[2025-10-29T20:07:05.322+0530] {processor.py:842} WARNING - No viable dags retrieved from /home/logi/txtai/venv/lib/python3.10/site-packages/airflow/example_dags/plugins/event_listener.py
[2025-10-29T20:07:05.362+0530] {processor.py:183} INFO - Processing /home/logi/txtai/venv/lib/python3.10/site-packages/airflow/example_dags/plugins/event_listener.py took 0.111 seconds
[2025-10-29T20:08:02.254+0530] {processor.py:161} INFO - Started process (PID=20760) to work on /home/logi/txtai/venv/lib/python3.10/site-packages/airflow/example_dags/plugins/event_listener.py
[2025-10-29T20:08:02.268+0530] {processor.py:830} INFO - Processing file /home/logi/txtai/venv/lib/python3.10/site-packages/airflow/example_dags/plugins/event_listener.py for tasks to queue
[2025-10-29T20:08:02.271+0530] {logging_mixin.py:188} INFO - [2025-10-29T20:08:02.270+0530] {dagbag.py:545} INFO - Filling up the DagBag from /home/logi/txtai/venv/lib/python3.10/site-packages/airflow/example_dags/plugins/event_listener.py
[2025-10-29T20:08:02.275+0530] {processor.py:842} WARNING - No viable dags retrieved from /home/logi/txtai/venv/lib/python3.10/site-packages/airflow/example_dags/plugins/event_listener.py
[2025-10-29T20:08:02.296+0530] {processor.py:183} INFO - Processing /home/logi/txtai/venv/lib/python3.10/site-packages/airflow/example_dags/plugins/event_listener.py took 0.054 seconds
[2025-10-29T20:09:01.413+0530] {processor.py:161} INFO - Started process (PID=20875) to work on /home/logi/txtai/venv/lib/python3.10/site-packages/airflow/example_dags/plugins/event_listener.py
[2025-10-29T20:09:01.426+0530] {processor.py:830} INFO - Processing file /home/logi/txtai/venv/lib/python3.10/site-packages/airflow/example_dags/plugins/event_listener.py for tasks to queue
[2025-10-29T20:09:01.430+0530] {logging_mixin.py:188} INFO - [2025-10-29T20:09:01.429+0530] {dagbag.py:545} INFO - Filling up the DagBag from /home/logi/txtai/venv/lib/python3.10/site-packages/airflow/example_dags/plugins/event_listener.py
[2025-10-29T20:09:01.434+0530] {processor.py:842} WARNING - No viable dags retrieved from /home/logi/txtai/venv/lib/python3.10/site-packages/airflow/example_dags/plugins/event_listener.py
[2025-10-29T20:09:01.454+0530] {processor.py:183} INFO - Processing /home/logi/txtai/venv/lib/python3.10/site-packages/airflow/example_dags/plugins/event_listener.py took 0.053 seconds
[2025-10-29T20:09:58.972+0530] {processor.py:161} INFO - Started process (PID=21018) to work on /home/logi/txtai/venv/lib/python3.10/site-packages/airflow/example_dags/plugins/event_listener.py
[2025-10-29T20:09:58.985+0530] {processor.py:830} INFO - Processing file /home/logi/txtai/venv/lib/python3.10/site-packages/airflow/example_dags/plugins/event_listener.py for tasks to queue
[2025-10-29T20:09:58.988+0530] {logging_mixin.py:188} INFO - [2025-10-29T20:09:58.988+0530] {dagbag.py:545} INFO - Filling up the DagBag from /home/logi/txtai/venv/lib/python3.10/site-packages/airflow/example_dags/plugins/event_listener.py
[2025-10-29T20:09:58.992+0530] {processor.py:842} WARNING - No viable dags retrieved from /home/logi/txtai/venv/lib/python3.10/site-packages/airflow/example_dags/plugins/event_listener.py
[2025-10-29T20:09:59.012+0530] {processor.py:183} INFO - Processing /home/logi/txtai/venv/lib/python3.10/site-packages/airflow/example_dags/plugins/event_listener.py took 0.052 seconds
[2025-10-29T20:10:53.012+0530] {processor.py:161} INFO - Started process (PID=21125) to work on /home/logi/txtai/venv/lib/python3.10/site-packages/airflow/example_dags/plugins/event_listener.py
[2025-10-29T20:10:53.025+0530] {processor.py:830} INFO - Processing file /home/logi/txtai/venv/lib/python3.10/site-packages/airflow/example_dags/plugins/event_listener.py for tasks to queue
[2025-10-29T20:10:53.028+0530] {logging_mixin.py:188} INFO - [2025-10-29T20:10:53.027+0530] {dagbag.py:545} INFO - Filling up the DagBag from /home/logi/txtai/venv/lib/python3.10/site-packages/airflow/example_dags/plugins/event_listener.py
[2025-10-29T20:10:53.032+0530] {processor.py:842} WARNING - No viable dags retrieved from /home/logi/txtai/venv/lib/python3.10/site-packages/airflow/example_dags/plugins/event_listener.py
[2025-10-29T20:10:53.051+0530] {processor.py:183} INFO - Processing /home/logi/txtai/venv/lib/python3.10/site-packages/airflow/example_dags/plugins/event_listener.py took 0.051 seconds
[2025-10-29T20:11:46.274+0530] {processor.py:161} INFO - Started process (PID=21235) to work on /home/logi/txtai/venv/lib/python3.10/site-packages/airflow/example_dags/plugins/event_listener.py
[2025-10-29T20:11:46.277+0530] {processor.py:830} INFO - Processing file /home/logi/txtai/venv/lib/python3.10/site-packages/airflow/example_dags/plugins/event_listener.py for tasks to queue
[2025-10-29T20:11:46.279+0530] {logging_mixin.py:188} INFO - [2025-10-29T20:11:46.279+0530] {dagbag.py:545} INFO - Filling up the DagBag from /home/logi/txtai/venv/lib/python3.10/site-packages/airflow/example_dags/plugins/event_listener.py
[2025-10-29T20:11:46.283+0530] {processor.py:842} WARNING - No viable dags retrieved from /home/logi/txtai/venv/lib/python3.10/site-packages/airflow/example_dags/plugins/event_listener.py
[2025-10-29T20:11:46.302+0530] {processor.py:183} INFO - Processing /home/logi/txtai/venv/lib/python3.10/site-packages/airflow/example_dags/plugins/event_listener.py took 0.040 seconds
[2025-10-29T20:12:36.083+0530] {processor.py:161} INFO - Started process (PID=21333) to work on /home/logi/txtai/venv/lib/python3.10/site-packages/airflow/example_dags/plugins/event_listener.py
[2025-10-29T20:12:36.097+0530] {processor.py:830} INFO - Processing file /home/logi/txtai/venv/lib/python3.10/site-packages/airflow/example_dags/plugins/event_listener.py for tasks to queue
[2025-10-29T20:12:36.100+0530] {logging_mixin.py:188} INFO - [2025-10-29T20:12:36.099+0530] {dagbag.py:545} INFO - Filling up the DagBag from /home/logi/txtai/venv/lib/python3.10/site-packages/airflow/example_dags/plugins/event_listener.py
[2025-10-29T20:12:36.103+0530] {processor.py:842} WARNING - No viable dags retrieved from /home/logi/txtai/venv/lib/python3.10/site-packages/airflow/example_dags/plugins/event_listener.py
[2025-10-29T20:12:36.121+0530] {processor.py:183} INFO - Processing /home/logi/txtai/venv/lib/python3.10/site-packages/airflow/example_dags/plugins/event_listener.py took 0.050 seconds
[2025-10-29T20:13:30.231+0530] {processor.py:161} INFO - Started process (PID=21441) to work on /home/logi/txtai/venv/lib/python3.10/site-packages/airflow/example_dags/plugins/event_listener.py
[2025-10-29T20:13:30.244+0530] {processor.py:830} INFO - Processing file /home/logi/txtai/venv/lib/python3.10/site-packages/airflow/example_dags/plugins/event_listener.py for tasks to queue
[2025-10-29T20:13:30.248+0530] {logging_mixin.py:188} INFO - [2025-10-29T20:13:30.247+0530] {dagbag.py:545} INFO - Filling up the DagBag from /home/logi/txtai/venv/lib/python3.10/site-packages/airflow/example_dags/plugins/event_listener.py
[2025-10-29T20:13:30.252+0530] {processor.py:842} WARNING - No viable dags retrieved from /home/logi/txtai/venv/lib/python3.10/site-packages/airflow/example_dags/plugins/event_listener.py
[2025-10-29T20:13:30.271+0530] {processor.py:183} INFO - Processing /home/logi/txtai/venv/lib/python3.10/site-packages/airflow/example_dags/plugins/event_listener.py took 0.051 seconds
[2025-10-29T20:14:22.671+0530] {processor.py:161} INFO - Started process (PID=21623) to work on /home/logi/txtai/venv/lib/python3.10/site-packages/airflow/example_dags/plugins/event_listener.py
[2025-10-29T20:14:22.684+0530] {processor.py:830} INFO - Processing file /home/logi/txtai/venv/lib/python3.10/site-packages/airflow/example_dags/plugins/event_listener.py for tasks to queue
[2025-10-29T20:14:22.687+0530] {logging_mixin.py:188} INFO - [2025-10-29T20:14:22.687+0530] {dagbag.py:545} INFO - Filling up the DagBag from /home/logi/txtai/venv/lib/python3.10/site-packages/airflow/example_dags/plugins/event_listener.py
[2025-10-29T20:14:22.691+0530] {processor.py:842} WARNING - No viable dags retrieved from /home/logi/txtai/venv/lib/python3.10/site-packages/airflow/example_dags/plugins/event_listener.py
[2025-10-29T20:14:22.711+0530] {processor.py:183} INFO - Processing /home/logi/txtai/venv/lib/python3.10/site-packages/airflow/example_dags/plugins/event_listener.py took 0.051 seconds
[2025-10-29T20:15:24.330+0530] {processor.py:161} INFO - Started process (PID=21910) to work on /home/logi/txtai/venv/lib/python3.10/site-packages/airflow/example_dags/plugins/event_listener.py
[2025-10-29T20:15:24.343+0530] {processor.py:830} INFO - Processing file /home/logi/txtai/venv/lib/python3.10/site-packages/airflow/example_dags/plugins/event_listener.py for tasks to queue
[2025-10-29T20:15:24.347+0530] {logging_mixin.py:188} INFO - [2025-10-29T20:15:24.346+0530] {dagbag.py:545} INFO - Filling up the DagBag from /home/logi/txtai/venv/lib/python3.10/site-packages/airflow/example_dags/plugins/event_listener.py
[2025-10-29T20:15:24.351+0530] {processor.py:842} WARNING - No viable dags retrieved from /home/logi/txtai/venv/lib/python3.10/site-packages/airflow/example_dags/plugins/event_listener.py
[2025-10-29T20:15:24.371+0530] {processor.py:183} INFO - Processing /home/logi/txtai/venv/lib/python3.10/site-packages/airflow/example_dags/plugins/event_listener.py took 0.054 seconds
[2025-10-29T20:16:17.003+0530] {processor.py:161} INFO - Started process (PID=21984) to work on /home/logi/txtai/venv/lib/python3.10/site-packages/airflow/example_dags/plugins/event_listener.py
[2025-10-29T20:16:17.016+0530] {processor.py:830} INFO - Processing file /home/logi/txtai/venv/lib/python3.10/site-packages/airflow/example_dags/plugins/event_listener.py for tasks to queue
[2025-10-29T20:16:17.019+0530] {logging_mixin.py:188} INFO - [2025-10-29T20:16:17.019+0530] {dagbag.py:545} INFO - Filling up the DagBag from /home/logi/txtai/venv/lib/python3.10/site-packages/airflow/example_dags/plugins/event_listener.py
[2025-10-29T20:16:17.023+0530] {processor.py:842} WARNING - No viable dags retrieved from /home/logi/txtai/venv/lib/python3.10/site-packages/airflow/example_dags/plugins/event_listener.py
[2025-10-29T20:16:17.041+0530] {processor.py:183} INFO - Processing /home/logi/txtai/venv/lib/python3.10/site-packages/airflow/example_dags/plugins/event_listener.py took 0.050 seconds
[2025-10-29T20:17:08.177+0530] {processor.py:161} INFO - Started process (PID=22062) to work on /home/logi/txtai/venv/lib/python3.10/site-packages/airflow/example_dags/plugins/event_listener.py
[2025-10-29T20:17:08.183+0530] {processor.py:830} INFO - Processing file /home/logi/txtai/venv/lib/python3.10/site-packages/airflow/example_dags/plugins/event_listener.py for tasks to queue
[2025-10-29T20:17:08.186+0530] {logging_mixin.py:188} INFO - [2025-10-29T20:17:08.185+0530] {dagbag.py:545} INFO - Filling up the DagBag from /home/logi/txtai/venv/lib/python3.10/site-packages/airflow/example_dags/plugins/event_listener.py
[2025-10-29T20:17:08.190+0530] {processor.py:842} WARNING - No viable dags retrieved from /home/logi/txtai/venv/lib/python3.10/site-packages/airflow/example_dags/plugins/event_listener.py
[2025-10-29T20:17:08.208+0530] {processor.py:183} INFO - Processing /home/logi/txtai/venv/lib/python3.10/site-packages/airflow/example_dags/plugins/event_listener.py took 0.043 seconds
[2025-10-29T20:17:56.795+0530] {processor.py:161} INFO - Started process (PID=22125) to work on /home/logi/txtai/venv/lib/python3.10/site-packages/airflow/example_dags/plugins/event_listener.py
[2025-10-29T20:17:56.796+0530] {processor.py:830} INFO - Processing file /home/logi/txtai/venv/lib/python3.10/site-packages/airflow/example_dags/plugins/event_listener.py for tasks to queue
[2025-10-29T20:17:56.799+0530] {logging_mixin.py:188} INFO - [2025-10-29T20:17:56.798+0530] {dagbag.py:545} INFO - Filling up the DagBag from /home/logi/txtai/venv/lib/python3.10/site-packages/airflow/example_dags/plugins/event_listener.py
[2025-10-29T20:17:56.802+0530] {processor.py:842} WARNING - No viable dags retrieved from /home/logi/txtai/venv/lib/python3.10/site-packages/airflow/example_dags/plugins/event_listener.py
[2025-10-29T20:17:56.821+0530] {processor.py:183} INFO - Processing /home/logi/txtai/venv/lib/python3.10/site-packages/airflow/example_dags/plugins/event_listener.py took 0.036 seconds
[2025-10-29T20:18:51.118+0530] {processor.py:161} INFO - Started process (PID=22196) to work on /home/logi/txtai/venv/lib/python3.10/site-packages/airflow/example_dags/plugins/event_listener.py
[2025-10-29T20:18:51.131+0530] {processor.py:830} INFO - Processing file /home/logi/txtai/venv/lib/python3.10/site-packages/airflow/example_dags/plugins/event_listener.py for tasks to queue
[2025-10-29T20:18:51.134+0530] {logging_mixin.py:188} INFO - [2025-10-29T20:18:51.133+0530] {dagbag.py:545} INFO - Filling up the DagBag from /home/logi/txtai/venv/lib/python3.10/site-packages/airflow/example_dags/plugins/event_listener.py
[2025-10-29T20:18:51.138+0530] {processor.py:842} WARNING - No viable dags retrieved from /home/logi/txtai/venv/lib/python3.10/site-packages/airflow/example_dags/plugins/event_listener.py
[2025-10-29T20:18:51.161+0530] {processor.py:183} INFO - Processing /home/logi/txtai/venv/lib/python3.10/site-packages/airflow/example_dags/plugins/event_listener.py took 0.057 seconds
[2025-10-29T20:19:45.635+0530] {processor.py:161} INFO - Started process (PID=22372) to work on /home/logi/txtai/venv/lib/python3.10/site-packages/airflow/example_dags/plugins/event_listener.py
[2025-10-29T20:19:45.649+0530] {processor.py:830} INFO - Processing file /home/logi/txtai/venv/lib/python3.10/site-packages/airflow/example_dags/plugins/event_listener.py for tasks to queue
[2025-10-29T20:19:45.652+0530] {logging_mixin.py:188} INFO - [2025-10-29T20:19:45.651+0530] {dagbag.py:545} INFO - Filling up the DagBag from /home/logi/txtai/venv/lib/python3.10/site-packages/airflow/example_dags/plugins/event_listener.py
[2025-10-29T20:19:45.656+0530] {processor.py:842} WARNING - No viable dags retrieved from /home/logi/txtai/venv/lib/python3.10/site-packages/airflow/example_dags/plugins/event_listener.py
[2025-10-29T20:19:45.675+0530] {processor.py:183} INFO - Processing /home/logi/txtai/venv/lib/python3.10/site-packages/airflow/example_dags/plugins/event_listener.py took 0.051 seconds
[2025-10-29T20:20:40.483+0530] {processor.py:161} INFO - Started process (PID=22444) to work on /home/logi/txtai/venv/lib/python3.10/site-packages/airflow/example_dags/plugins/event_listener.py
[2025-10-29T20:20:40.496+0530] {processor.py:830} INFO - Processing file /home/logi/txtai/venv/lib/python3.10/site-packages/airflow/example_dags/plugins/event_listener.py for tasks to queue
[2025-10-29T20:20:40.500+0530] {logging_mixin.py:188} INFO - [2025-10-29T20:20:40.499+0530] {dagbag.py:545} INFO - Filling up the DagBag from /home/logi/txtai/venv/lib/python3.10/site-packages/airflow/example_dags/plugins/event_listener.py
[2025-10-29T20:20:40.504+0530] {processor.py:842} WARNING - No viable dags retrieved from /home/logi/txtai/venv/lib/python3.10/site-packages/airflow/example_dags/plugins/event_listener.py
[2025-10-29T20:20:40.523+0530] {processor.py:183} INFO - Processing /home/logi/txtai/venv/lib/python3.10/site-packages/airflow/example_dags/plugins/event_listener.py took 0.051 seconds
[2025-10-29T20:21:35.248+0530] {processor.py:161} INFO - Started process (PID=22523) to work on /home/logi/txtai/venv/lib/python3.10/site-packages/airflow/example_dags/plugins/event_listener.py
[2025-10-29T20:21:35.261+0530] {processor.py:830} INFO - Processing file /home/logi/txtai/venv/lib/python3.10/site-packages/airflow/example_dags/plugins/event_listener.py for tasks to queue
[2025-10-29T20:21:35.264+0530] {logging_mixin.py:188} INFO - [2025-10-29T20:21:35.263+0530] {dagbag.py:545} INFO - Filling up the DagBag from /home/logi/txtai/venv/lib/python3.10/site-packages/airflow/example_dags/plugins/event_listener.py
[2025-10-29T20:21:35.267+0530] {processor.py:842} WARNING - No viable dags retrieved from /home/logi/txtai/venv/lib/python3.10/site-packages/airflow/example_dags/plugins/event_listener.py
[2025-10-29T20:21:35.286+0530] {processor.py:183} INFO - Processing /home/logi/txtai/venv/lib/python3.10/site-packages/airflow/example_dags/plugins/event_listener.py took 0.050 seconds
[2025-10-29T20:22:30.660+0530] {processor.py:161} INFO - Started process (PID=22592) to work on /home/logi/txtai/venv/lib/python3.10/site-packages/airflow/example_dags/plugins/event_listener.py
[2025-10-29T20:22:30.674+0530] {processor.py:830} INFO - Processing file /home/logi/txtai/venv/lib/python3.10/site-packages/airflow/example_dags/plugins/event_listener.py for tasks to queue
[2025-10-29T20:22:30.677+0530] {logging_mixin.py:188} INFO - [2025-10-29T20:22:30.676+0530] {dagbag.py:545} INFO - Filling up the DagBag from /home/logi/txtai/venv/lib/python3.10/site-packages/airflow/example_dags/plugins/event_listener.py
[2025-10-29T20:22:30.680+0530] {processor.py:842} WARNING - No viable dags retrieved from /home/logi/txtai/venv/lib/python3.10/site-packages/airflow/example_dags/plugins/event_listener.py
[2025-10-29T20:22:30.700+0530] {processor.py:183} INFO - Processing /home/logi/txtai/venv/lib/python3.10/site-packages/airflow/example_dags/plugins/event_listener.py took 0.051 seconds
[2025-10-29T20:23:25.181+0530] {processor.py:161} INFO - Started process (PID=22667) to work on /home/logi/txtai/venv/lib/python3.10/site-packages/airflow/example_dags/plugins/event_listener.py
[2025-10-29T20:23:25.195+0530] {processor.py:830} INFO - Processing file /home/logi/txtai/venv/lib/python3.10/site-packages/airflow/example_dags/plugins/event_listener.py for tasks to queue
[2025-10-29T20:23:25.198+0530] {logging_mixin.py:188} INFO - [2025-10-29T20:23:25.197+0530] {dagbag.py:545} INFO - Filling up the DagBag from /home/logi/txtai/venv/lib/python3.10/site-packages/airflow/example_dags/plugins/event_listener.py
[2025-10-29T20:23:25.201+0530] {processor.py:842} WARNING - No viable dags retrieved from /home/logi/txtai/venv/lib/python3.10/site-packages/airflow/example_dags/plugins/event_listener.py
[2025-10-29T20:23:25.220+0530] {processor.py:183} INFO - Processing /home/logi/txtai/venv/lib/python3.10/site-packages/airflow/example_dags/plugins/event_listener.py took 0.050 seconds
[2025-10-29T20:24:20.935+0530] {processor.py:161} INFO - Started process (PID=22753) to work on /home/logi/txtai/venv/lib/python3.10/site-packages/airflow/example_dags/plugins/event_listener.py
[2025-10-29T20:24:20.949+0530] {processor.py:830} INFO - Processing file /home/logi/txtai/venv/lib/python3.10/site-packages/airflow/example_dags/plugins/event_listener.py for tasks to queue
[2025-10-29T20:24:20.952+0530] {logging_mixin.py:188} INFO - [2025-10-29T20:24:20.952+0530] {dagbag.py:545} INFO - Filling up the DagBag from /home/logi/txtai/venv/lib/python3.10/site-packages/airflow/example_dags/plugins/event_listener.py
[2025-10-29T20:24:20.956+0530] {processor.py:842} WARNING - No viable dags retrieved from /home/logi/txtai/venv/lib/python3.10/site-packages/airflow/example_dags/plugins/event_listener.py
[2025-10-29T20:24:20.976+0530] {processor.py:183} INFO - Processing /home/logi/txtai/venv/lib/python3.10/site-packages/airflow/example_dags/plugins/event_listener.py took 0.053 seconds
[2025-10-29T20:25:16.059+0530] {processor.py:161} INFO - Started process (PID=22903) to work on /home/logi/txtai/venv/lib/python3.10/site-packages/airflow/example_dags/plugins/event_listener.py
[2025-10-29T20:25:16.061+0530] {processor.py:830} INFO - Processing file /home/logi/txtai/venv/lib/python3.10/site-packages/airflow/example_dags/plugins/event_listener.py for tasks to queue
[2025-10-29T20:25:16.063+0530] {logging_mixin.py:188} INFO - [2025-10-29T20:25:16.062+0530] {dagbag.py:545} INFO - Filling up the DagBag from /home/logi/txtai/venv/lib/python3.10/site-packages/airflow/example_dags/plugins/event_listener.py
[2025-10-29T20:25:16.066+0530] {processor.py:842} WARNING - No viable dags retrieved from /home/logi/txtai/venv/lib/python3.10/site-packages/airflow/example_dags/plugins/event_listener.py
[2025-10-29T20:25:16.083+0530] {processor.py:183} INFO - Processing /home/logi/txtai/venv/lib/python3.10/site-packages/airflow/example_dags/plugins/event_listener.py took 0.035 seconds
[2025-10-29T20:26:07.046+0530] {processor.py:161} INFO - Started process (PID=22975) to work on /home/logi/txtai/venv/lib/python3.10/site-packages/airflow/example_dags/plugins/event_listener.py
[2025-10-29T20:26:07.060+0530] {processor.py:830} INFO - Processing file /home/logi/txtai/venv/lib/python3.10/site-packages/airflow/example_dags/plugins/event_listener.py for tasks to queue
[2025-10-29T20:26:07.063+0530] {logging_mixin.py:188} INFO - [2025-10-29T20:26:07.062+0530] {dagbag.py:545} INFO - Filling up the DagBag from /home/logi/txtai/venv/lib/python3.10/site-packages/airflow/example_dags/plugins/event_listener.py
[2025-10-29T20:26:07.068+0530] {processor.py:842} WARNING - No viable dags retrieved from /home/logi/txtai/venv/lib/python3.10/site-packages/airflow/example_dags/plugins/event_listener.py
[2025-10-29T20:26:07.089+0530] {processor.py:183} INFO - Processing /home/logi/txtai/venv/lib/python3.10/site-packages/airflow/example_dags/plugins/event_listener.py took 0.058 seconds
[2025-10-29T20:26:59.588+0530] {processor.py:161} INFO - Started process (PID=23205) to work on /home/logi/txtai/venv/lib/python3.10/site-packages/airflow/example_dags/plugins/event_listener.py
[2025-10-29T20:26:59.601+0530] {processor.py:830} INFO - Processing file /home/logi/txtai/venv/lib/python3.10/site-packages/airflow/example_dags/plugins/event_listener.py for tasks to queue
[2025-10-29T20:26:59.604+0530] {logging_mixin.py:188} INFO - [2025-10-29T20:26:59.604+0530] {dagbag.py:545} INFO - Filling up the DagBag from /home/logi/txtai/venv/lib/python3.10/site-packages/airflow/example_dags/plugins/event_listener.py
[2025-10-29T20:26:59.608+0530] {processor.py:842} WARNING - No viable dags retrieved from /home/logi/txtai/venv/lib/python3.10/site-packages/airflow/example_dags/plugins/event_listener.py
[2025-10-29T20:26:59.624+0530] {processor.py:183} INFO - Processing /home/logi/txtai/venv/lib/python3.10/site-packages/airflow/example_dags/plugins/event_listener.py took 0.043 seconds
[2025-10-29T20:27:49.526+0530] {processor.py:161} INFO - Started process (PID=23274) to work on /home/logi/txtai/venv/lib/python3.10/site-packages/airflow/example_dags/plugins/event_listener.py
[2025-10-29T20:27:49.540+0530] {processor.py:830} INFO - Processing file /home/logi/txtai/venv/lib/python3.10/site-packages/airflow/example_dags/plugins/event_listener.py for tasks to queue
[2025-10-29T20:27:49.543+0530] {logging_mixin.py:188} INFO - [2025-10-29T20:27:49.542+0530] {dagbag.py:545} INFO - Filling up the DagBag from /home/logi/txtai/venv/lib/python3.10/site-packages/airflow/example_dags/plugins/event_listener.py
[2025-10-29T20:27:49.547+0530] {processor.py:842} WARNING - No viable dags retrieved from /home/logi/txtai/venv/lib/python3.10/site-packages/airflow/example_dags/plugins/event_listener.py
[2025-10-29T20:27:49.566+0530] {processor.py:183} INFO - Processing /home/logi/txtai/venv/lib/python3.10/site-packages/airflow/example_dags/plugins/event_listener.py took 0.051 seconds
[2025-10-29T20:28:38.506+0530] {processor.py:161} INFO - Started process (PID=23363) to work on /home/logi/txtai/venv/lib/python3.10/site-packages/airflow/example_dags/plugins/event_listener.py
[2025-10-29T20:28:38.519+0530] {processor.py:830} INFO - Processing file /home/logi/txtai/venv/lib/python3.10/site-packages/airflow/example_dags/plugins/event_listener.py for tasks to queue
[2025-10-29T20:28:38.522+0530] {logging_mixin.py:188} INFO - [2025-10-29T20:28:38.521+0530] {dagbag.py:545} INFO - Filling up the DagBag from /home/logi/txtai/venv/lib/python3.10/site-packages/airflow/example_dags/plugins/event_listener.py
[2025-10-29T20:28:38.525+0530] {processor.py:842} WARNING - No viable dags retrieved from /home/logi/txtai/venv/lib/python3.10/site-packages/airflow/example_dags/plugins/event_listener.py
[2025-10-29T20:28:38.543+0530] {processor.py:183} INFO - Processing /home/logi/txtai/venv/lib/python3.10/site-packages/airflow/example_dags/plugins/event_listener.py took 0.049 seconds
[2025-10-29T20:29:32.482+0530] {processor.py:161} INFO - Started process (PID=23432) to work on /home/logi/txtai/venv/lib/python3.10/site-packages/airflow/example_dags/plugins/event_listener.py
[2025-10-29T20:29:32.497+0530] {processor.py:830} INFO - Processing file /home/logi/txtai/venv/lib/python3.10/site-packages/airflow/example_dags/plugins/event_listener.py for tasks to queue
[2025-10-29T20:29:32.505+0530] {logging_mixin.py:188} INFO - [2025-10-29T20:29:32.502+0530] {dagbag.py:545} INFO - Filling up the DagBag from /home/logi/txtai/venv/lib/python3.10/site-packages/airflow/example_dags/plugins/event_listener.py
[2025-10-29T20:29:32.514+0530] {processor.py:842} WARNING - No viable dags retrieved from /home/logi/txtai/venv/lib/python3.10/site-packages/airflow/example_dags/plugins/event_listener.py
[2025-10-29T20:29:32.565+0530] {processor.py:183} INFO - Processing /home/logi/txtai/venv/lib/python3.10/site-packages/airflow/example_dags/plugins/event_listener.py took 0.106 seconds
[2025-10-29T20:30:27.700+0530] {processor.py:161} INFO - Started process (PID=23546) to work on /home/logi/txtai/venv/lib/python3.10/site-packages/airflow/example_dags/plugins/event_listener.py
[2025-10-29T20:30:27.713+0530] {processor.py:830} INFO - Processing file /home/logi/txtai/venv/lib/python3.10/site-packages/airflow/example_dags/plugins/event_listener.py for tasks to queue
[2025-10-29T20:30:27.715+0530] {logging_mixin.py:188} INFO - [2025-10-29T20:30:27.715+0530] {dagbag.py:545} INFO - Filling up the DagBag from /home/logi/txtai/venv/lib/python3.10/site-packages/airflow/example_dags/plugins/event_listener.py
[2025-10-29T20:30:27.718+0530] {processor.py:842} WARNING - No viable dags retrieved from /home/logi/txtai/venv/lib/python3.10/site-packages/airflow/example_dags/plugins/event_listener.py
[2025-10-29T20:30:27.730+0530] {processor.py:183} INFO - Processing /home/logi/txtai/venv/lib/python3.10/site-packages/airflow/example_dags/plugins/event_listener.py took 0.037 seconds
[2025-10-29T20:31:19.766+0530] {processor.py:161} INFO - Started process (PID=23614) to work on /home/logi/txtai/venv/lib/python3.10/site-packages/airflow/example_dags/plugins/event_listener.py
[2025-10-29T20:31:19.780+0530] {processor.py:830} INFO - Processing file /home/logi/txtai/venv/lib/python3.10/site-packages/airflow/example_dags/plugins/event_listener.py for tasks to queue
[2025-10-29T20:31:19.783+0530] {logging_mixin.py:188} INFO - [2025-10-29T20:31:19.783+0530] {dagbag.py:545} INFO - Filling up the DagBag from /home/logi/txtai/venv/lib/python3.10/site-packages/airflow/example_dags/plugins/event_listener.py
[2025-10-29T20:31:19.787+0530] {processor.py:842} WARNING - No viable dags retrieved from /home/logi/txtai/venv/lib/python3.10/site-packages/airflow/example_dags/plugins/event_listener.py
[2025-10-29T20:31:19.807+0530] {processor.py:183} INFO - Processing /home/logi/txtai/venv/lib/python3.10/site-packages/airflow/example_dags/plugins/event_listener.py took 0.052 seconds
[2025-10-29T20:32:09.950+0530] {processor.py:161} INFO - Started process (PID=23686) to work on /home/logi/txtai/venv/lib/python3.10/site-packages/airflow/example_dags/plugins/event_listener.py
[2025-10-29T20:32:09.964+0530] {processor.py:830} INFO - Processing file /home/logi/txtai/venv/lib/python3.10/site-packages/airflow/example_dags/plugins/event_listener.py for tasks to queue
[2025-10-29T20:32:09.967+0530] {logging_mixin.py:188} INFO - [2025-10-29T20:32:09.967+0530] {dagbag.py:545} INFO - Filling up the DagBag from /home/logi/txtai/venv/lib/python3.10/site-packages/airflow/example_dags/plugins/event_listener.py
[2025-10-29T20:32:09.971+0530] {processor.py:842} WARNING - No viable dags retrieved from /home/logi/txtai/venv/lib/python3.10/site-packages/airflow/example_dags/plugins/event_listener.py
[2025-10-29T20:32:09.990+0530] {processor.py:183} INFO - Processing /home/logi/txtai/venv/lib/python3.10/site-packages/airflow/example_dags/plugins/event_listener.py took 0.051 seconds
[2025-10-29T20:33:04.367+0530] {processor.py:161} INFO - Started process (PID=23768) to work on /home/logi/txtai/venv/lib/python3.10/site-packages/airflow/example_dags/plugins/event_listener.py
[2025-10-29T20:33:04.380+0530] {processor.py:830} INFO - Processing file /home/logi/txtai/venv/lib/python3.10/site-packages/airflow/example_dags/plugins/event_listener.py for tasks to queue
[2025-10-29T20:33:04.383+0530] {logging_mixin.py:188} INFO - [2025-10-29T20:33:04.382+0530] {dagbag.py:545} INFO - Filling up the DagBag from /home/logi/txtai/venv/lib/python3.10/site-packages/airflow/example_dags/plugins/event_listener.py
[2025-10-29T20:33:04.387+0530] {processor.py:842} WARNING - No viable dags retrieved from /home/logi/txtai/venv/lib/python3.10/site-packages/airflow/example_dags/plugins/event_listener.py
[2025-10-29T20:33:04.405+0530] {processor.py:183} INFO - Processing /home/logi/txtai/venv/lib/python3.10/site-packages/airflow/example_dags/plugins/event_listener.py took 0.050 seconds
[2025-10-29T20:33:55.312+0530] {processor.py:161} INFO - Started process (PID=23836) to work on /home/logi/txtai/venv/lib/python3.10/site-packages/airflow/example_dags/plugins/event_listener.py
[2025-10-29T20:33:55.327+0530] {processor.py:830} INFO - Processing file /home/logi/txtai/venv/lib/python3.10/site-packages/airflow/example_dags/plugins/event_listener.py for tasks to queue
[2025-10-29T20:33:55.330+0530] {logging_mixin.py:188} INFO - [2025-10-29T20:33:55.330+0530] {dagbag.py:545} INFO - Filling up the DagBag from /home/logi/txtai/venv/lib/python3.10/site-packages/airflow/example_dags/plugins/event_listener.py
[2025-10-29T20:33:55.334+0530] {processor.py:842} WARNING - No viable dags retrieved from /home/logi/txtai/venv/lib/python3.10/site-packages/airflow/example_dags/plugins/event_listener.py
[2025-10-29T20:33:55.355+0530] {processor.py:183} INFO - Processing /home/logi/txtai/venv/lib/python3.10/site-packages/airflow/example_dags/plugins/event_listener.py took 0.054 seconds
[2025-10-29T20:34:45.439+0530] {processor.py:161} INFO - Started process (PID=23925) to work on /home/logi/txtai/venv/lib/python3.10/site-packages/airflow/example_dags/plugins/event_listener.py
[2025-10-29T20:34:45.454+0530] {processor.py:830} INFO - Processing file /home/logi/txtai/venv/lib/python3.10/site-packages/airflow/example_dags/plugins/event_listener.py for tasks to queue
[2025-10-29T20:34:45.457+0530] {logging_mixin.py:188} INFO - [2025-10-29T20:34:45.456+0530] {dagbag.py:545} INFO - Filling up the DagBag from /home/logi/txtai/venv/lib/python3.10/site-packages/airflow/example_dags/plugins/event_listener.py
[2025-10-29T20:34:45.461+0530] {processor.py:842} WARNING - No viable dags retrieved from /home/logi/txtai/venv/lib/python3.10/site-packages/airflow/example_dags/plugins/event_listener.py
[2025-10-29T20:34:45.480+0530] {processor.py:183} INFO - Processing /home/logi/txtai/venv/lib/python3.10/site-packages/airflow/example_dags/plugins/event_listener.py took 0.052 seconds
[2025-10-29T20:35:36.320+0530] {processor.py:161} INFO - Started process (PID=24013) to work on /home/logi/txtai/venv/lib/python3.10/site-packages/airflow/example_dags/plugins/event_listener.py
[2025-10-29T20:35:36.333+0530] {processor.py:830} INFO - Processing file /home/logi/txtai/venv/lib/python3.10/site-packages/airflow/example_dags/plugins/event_listener.py for tasks to queue
[2025-10-29T20:35:36.337+0530] {logging_mixin.py:188} INFO - [2025-10-29T20:35:36.336+0530] {dagbag.py:545} INFO - Filling up the DagBag from /home/logi/txtai/venv/lib/python3.10/site-packages/airflow/example_dags/plugins/event_listener.py
[2025-10-29T20:35:36.340+0530] {processor.py:842} WARNING - No viable dags retrieved from /home/logi/txtai/venv/lib/python3.10/site-packages/airflow/example_dags/plugins/event_listener.py
[2025-10-29T20:35:36.359+0530] {processor.py:183} INFO - Processing /home/logi/txtai/venv/lib/python3.10/site-packages/airflow/example_dags/plugins/event_listener.py took 0.050 seconds
[2025-10-29T20:36:29.642+0530] {processor.py:161} INFO - Started process (PID=24079) to work on /home/logi/txtai/venv/lib/python3.10/site-packages/airflow/example_dags/plugins/event_listener.py
[2025-10-29T20:36:29.655+0530] {processor.py:830} INFO - Processing file /home/logi/txtai/venv/lib/python3.10/site-packages/airflow/example_dags/plugins/event_listener.py for tasks to queue
[2025-10-29T20:36:29.658+0530] {logging_mixin.py:188} INFO - [2025-10-29T20:36:29.658+0530] {dagbag.py:545} INFO - Filling up the DagBag from /home/logi/txtai/venv/lib/python3.10/site-packages/airflow/example_dags/plugins/event_listener.py
[2025-10-29T20:36:29.662+0530] {processor.py:842} WARNING - No viable dags retrieved from /home/logi/txtai/venv/lib/python3.10/site-packages/airflow/example_dags/plugins/event_listener.py
[2025-10-29T20:36:29.681+0530] {processor.py:183} INFO - Processing /home/logi/txtai/venv/lib/python3.10/site-packages/airflow/example_dags/plugins/event_listener.py took 0.051 seconds
[2025-10-29T20:37:22.921+0530] {processor.py:161} INFO - Started process (PID=24145) to work on /home/logi/txtai/venv/lib/python3.10/site-packages/airflow/example_dags/plugins/event_listener.py
[2025-10-29T20:37:22.935+0530] {processor.py:830} INFO - Processing file /home/logi/txtai/venv/lib/python3.10/site-packages/airflow/example_dags/plugins/event_listener.py for tasks to queue
[2025-10-29T20:37:22.938+0530] {logging_mixin.py:188} INFO - [2025-10-29T20:37:22.937+0530] {dagbag.py:545} INFO - Filling up the DagBag from /home/logi/txtai/venv/lib/python3.10/site-packages/airflow/example_dags/plugins/event_listener.py
[2025-10-29T20:37:22.942+0530] {processor.py:842} WARNING - No viable dags retrieved from /home/logi/txtai/venv/lib/python3.10/site-packages/airflow/example_dags/plugins/event_listener.py
[2025-10-29T20:37:22.958+0530] {processor.py:183} INFO - Processing /home/logi/txtai/venv/lib/python3.10/site-packages/airflow/example_dags/plugins/event_listener.py took 0.049 seconds
