[2025-10-29T19:29:33.017+0530] {processor.py:161} INFO - Started process (PID=16086) to work on /home/logi/txtai/venv/lib/python3.10/site-packages/airflow/example_dags/plugins/listener_plugin.py
[2025-10-29T19:29:33.019+0530] {processor.py:830} INFO - Processing file /home/logi/txtai/venv/lib/python3.10/site-packages/airflow/example_dags/plugins/listener_plugin.py for tasks to queue
[2025-10-29T19:29:33.023+0530] {logging_mixin.py:188} INFO - [2025-10-29T19:29:33.022+0530] {dagbag.py:545} INFO - Filling up the DagBag from /home/logi/txtai/venv/lib/python3.10/site-packages/airflow/example_dags/plugins/listener_plugin.py
[2025-10-29T19:29:33.027+0530] {processor.py:842} WARNING - No viable dags retrieved from /home/logi/txtai/venv/lib/python3.10/site-packages/airflow/example_dags/plugins/listener_plugin.py
[2025-10-29T19:29:33.048+0530] {processor.py:183} INFO - Processing /home/logi/txtai/venv/lib/python3.10/site-packages/airflow/example_dags/plugins/listener_plugin.py took 0.042 seconds
[2025-10-29T19:30:31.410+0530] {processor.py:161} INFO - Started process (PID=16424) to work on /home/logi/txtai/venv/lib/python3.10/site-packages/airflow/example_dags/plugins/listener_plugin.py
[2025-10-29T19:30:31.424+0530] {processor.py:830} INFO - Processing file /home/logi/txtai/venv/lib/python3.10/site-packages/airflow/example_dags/plugins/listener_plugin.py for tasks to queue
[2025-10-29T19:30:31.428+0530] {logging_mixin.py:188} INFO - [2025-10-29T19:30:31.427+0530] {dagbag.py:545} INFO - Filling up the DagBag from /home/logi/txtai/venv/lib/python3.10/site-packages/airflow/example_dags/plugins/listener_plugin.py
[2025-10-29T19:30:31.432+0530] {processor.py:842} WARNING - No viable dags retrieved from /home/logi/txtai/venv/lib/python3.10/site-packages/airflow/example_dags/plugins/listener_plugin.py
[2025-10-29T19:30:31.449+0530] {processor.py:183} INFO - Processing /home/logi/txtai/venv/lib/python3.10/site-packages/airflow/example_dags/plugins/listener_plugin.py took 0.049 seconds
[2025-10-29T19:31:21.317+0530] {processor.py:161} INFO - Started process (PID=16594) to work on /home/logi/txtai/venv/lib/python3.10/site-packages/airflow/example_dags/plugins/listener_plugin.py
[2025-10-29T19:31:21.318+0530] {processor.py:830} INFO - Processing file /home/logi/txtai/venv/lib/python3.10/site-packages/airflow/example_dags/plugins/listener_plugin.py for tasks to queue
[2025-10-29T19:31:21.320+0530] {logging_mixin.py:188} INFO - [2025-10-29T19:31:21.320+0530] {dagbag.py:545} INFO - Filling up the DagBag from /home/logi/txtai/venv/lib/python3.10/site-packages/airflow/example_dags/plugins/listener_plugin.py
[2025-10-29T19:31:21.323+0530] {processor.py:842} WARNING - No viable dags retrieved from /home/logi/txtai/venv/lib/python3.10/site-packages/airflow/example_dags/plugins/listener_plugin.py
[2025-10-29T19:31:21.334+0530] {processor.py:183} INFO - Processing /home/logi/txtai/venv/lib/python3.10/site-packages/airflow/example_dags/plugins/listener_plugin.py took 0.023 seconds
[2025-10-29T19:32:05.146+0530] {processor.py:161} INFO - Started process (PID=16660) to work on /home/logi/txtai/venv/lib/python3.10/site-packages/airflow/example_dags/plugins/listener_plugin.py
[2025-10-29T19:32:05.158+0530] {processor.py:830} INFO - Processing file /home/logi/txtai/venv/lib/python3.10/site-packages/airflow/example_dags/plugins/listener_plugin.py for tasks to queue
[2025-10-29T19:32:05.160+0530] {logging_mixin.py:188} INFO - [2025-10-29T19:32:05.159+0530] {dagbag.py:545} INFO - Filling up the DagBag from /home/logi/txtai/venv/lib/python3.10/site-packages/airflow/example_dags/plugins/listener_plugin.py
[2025-10-29T19:32:05.162+0530] {processor.py:842} WARNING - No viable dags retrieved from /home/logi/txtai/venv/lib/python3.10/site-packages/airflow/example_dags/plugins/listener_plugin.py
[2025-10-29T19:32:05.171+0530] {processor.py:183} INFO - Processing /home/logi/txtai/venv/lib/python3.10/site-packages/airflow/example_dags/plugins/listener_plugin.py took 0.030 seconds
[2025-10-29T19:32:52.864+0530] {processor.py:161} INFO - Started process (PID=16755) to work on /home/logi/txtai/venv/lib/python3.10/site-packages/airflow/example_dags/plugins/listener_plugin.py
[2025-10-29T19:32:52.877+0530] {processor.py:830} INFO - Processing file /home/logi/txtai/venv/lib/python3.10/site-packages/airflow/example_dags/plugins/listener_plugin.py for tasks to queue
[2025-10-29T19:32:52.880+0530] {logging_mixin.py:188} INFO - [2025-10-29T19:32:52.879+0530] {dagbag.py:545} INFO - Filling up the DagBag from /home/logi/txtai/venv/lib/python3.10/site-packages/airflow/example_dags/plugins/listener_plugin.py
[2025-10-29T19:32:52.884+0530] {processor.py:842} WARNING - No viable dags retrieved from /home/logi/txtai/venv/lib/python3.10/site-packages/airflow/example_dags/plugins/listener_plugin.py
[2025-10-29T19:32:52.894+0530] {processor.py:183} INFO - Processing /home/logi/txtai/venv/lib/python3.10/site-packages/airflow/example_dags/plugins/listener_plugin.py took 0.039 seconds
[2025-10-29T19:33:43.775+0530] {processor.py:161} INFO - Started process (PID=16882) to work on /home/logi/txtai/venv/lib/python3.10/site-packages/airflow/example_dags/plugins/listener_plugin.py
[2025-10-29T19:33:43.789+0530] {processor.py:830} INFO - Processing file /home/logi/txtai/venv/lib/python3.10/site-packages/airflow/example_dags/plugins/listener_plugin.py for tasks to queue
[2025-10-29T19:33:43.791+0530] {logging_mixin.py:188} INFO - [2025-10-29T19:33:43.791+0530] {dagbag.py:545} INFO - Filling up the DagBag from /home/logi/txtai/venv/lib/python3.10/site-packages/airflow/example_dags/plugins/listener_plugin.py
[2025-10-29T19:33:43.796+0530] {processor.py:842} WARNING - No viable dags retrieved from /home/logi/txtai/venv/lib/python3.10/site-packages/airflow/example_dags/plugins/listener_plugin.py
[2025-10-29T19:33:43.815+0530] {processor.py:183} INFO - Processing /home/logi/txtai/venv/lib/python3.10/site-packages/airflow/example_dags/plugins/listener_plugin.py took 0.052 seconds
[2025-10-29T19:34:31.243+0530] {processor.py:161} INFO - Started process (PID=16974) to work on /home/logi/txtai/venv/lib/python3.10/site-packages/airflow/example_dags/plugins/listener_plugin.py
[2025-10-29T19:34:31.245+0530] {processor.py:830} INFO - Processing file /home/logi/txtai/venv/lib/python3.10/site-packages/airflow/example_dags/plugins/listener_plugin.py for tasks to queue
[2025-10-29T19:34:31.248+0530] {logging_mixin.py:188} INFO - [2025-10-29T19:34:31.247+0530] {dagbag.py:545} INFO - Filling up the DagBag from /home/logi/txtai/venv/lib/python3.10/site-packages/airflow/example_dags/plugins/listener_plugin.py
[2025-10-29T19:34:31.252+0530] {processor.py:842} WARNING - No viable dags retrieved from /home/logi/txtai/venv/lib/python3.10/site-packages/airflow/example_dags/plugins/listener_plugin.py
[2025-10-29T19:34:31.270+0530] {processor.py:183} INFO - Processing /home/logi/txtai/venv/lib/python3.10/site-packages/airflow/example_dags/plugins/listener_plugin.py took 0.039 seconds
[2025-10-29T19:35:22.105+0530] {processor.py:161} INFO - Started process (PID=17040) to work on /home/logi/txtai/venv/lib/python3.10/site-packages/airflow/example_dags/plugins/listener_plugin.py
[2025-10-29T19:35:22.118+0530] {processor.py:830} INFO - Processing file /home/logi/txtai/venv/lib/python3.10/site-packages/airflow/example_dags/plugins/listener_plugin.py for tasks to queue
[2025-10-29T19:35:22.121+0530] {logging_mixin.py:188} INFO - [2025-10-29T19:35:22.121+0530] {dagbag.py:545} INFO - Filling up the DagBag from /home/logi/txtai/venv/lib/python3.10/site-packages/airflow/example_dags/plugins/listener_plugin.py
[2025-10-29T19:35:22.126+0530] {processor.py:842} WARNING - No viable dags retrieved from /home/logi/txtai/venv/lib/python3.10/site-packages/airflow/example_dags/plugins/listener_plugin.py
[2025-10-29T19:35:22.146+0530] {processor.py:183} INFO - Processing /home/logi/txtai/venv/lib/python3.10/site-packages/airflow/example_dags/plugins/listener_plugin.py took 0.052 seconds
[2025-10-29T19:36:11.906+0530] {processor.py:161} INFO - Started process (PID=17179) to work on /home/logi/txtai/venv/lib/python3.10/site-packages/airflow/example_dags/plugins/listener_plugin.py
[2025-10-29T19:36:11.920+0530] {processor.py:830} INFO - Processing file /home/logi/txtai/venv/lib/python3.10/site-packages/airflow/example_dags/plugins/listener_plugin.py for tasks to queue
[2025-10-29T19:36:11.923+0530] {logging_mixin.py:188} INFO - [2025-10-29T19:36:11.922+0530] {dagbag.py:545} INFO - Filling up the DagBag from /home/logi/txtai/venv/lib/python3.10/site-packages/airflow/example_dags/plugins/listener_plugin.py
[2025-10-29T19:36:11.927+0530] {processor.py:842} WARNING - No viable dags retrieved from /home/logi/txtai/venv/lib/python3.10/site-packages/airflow/example_dags/plugins/listener_plugin.py
[2025-10-29T19:36:11.945+0530] {processor.py:183} INFO - Processing /home/logi/txtai/venv/lib/python3.10/site-packages/airflow/example_dags/plugins/listener_plugin.py took 0.051 seconds
[2025-10-29T19:37:04.098+0530] {processor.py:161} INFO - Started process (PID=17377) to work on /home/logi/txtai/venv/lib/python3.10/site-packages/airflow/example_dags/plugins/listener_plugin.py
[2025-10-29T19:37:04.112+0530] {processor.py:830} INFO - Processing file /home/logi/txtai/venv/lib/python3.10/site-packages/airflow/example_dags/plugins/listener_plugin.py for tasks to queue
[2025-10-29T19:37:04.115+0530] {logging_mixin.py:188} INFO - [2025-10-29T19:37:04.114+0530] {dagbag.py:545} INFO - Filling up the DagBag from /home/logi/txtai/venv/lib/python3.10/site-packages/airflow/example_dags/plugins/listener_plugin.py
[2025-10-29T19:37:04.119+0530] {processor.py:842} WARNING - No viable dags retrieved from /home/logi/txtai/venv/lib/python3.10/site-packages/airflow/example_dags/plugins/listener_plugin.py
[2025-10-29T19:37:04.137+0530] {processor.py:183} INFO - Processing /home/logi/txtai/venv/lib/python3.10/site-packages/airflow/example_dags/plugins/listener_plugin.py took 0.050 seconds
[2025-10-29T19:37:54.493+0530] {processor.py:161} INFO - Started process (PID=17439) to work on /home/logi/txtai/venv/lib/python3.10/site-packages/airflow/example_dags/plugins/listener_plugin.py
[2025-10-29T19:37:54.506+0530] {processor.py:830} INFO - Processing file /home/logi/txtai/venv/lib/python3.10/site-packages/airflow/example_dags/plugins/listener_plugin.py for tasks to queue
[2025-10-29T19:37:54.509+0530] {logging_mixin.py:188} INFO - [2025-10-29T19:37:54.508+0530] {dagbag.py:545} INFO - Filling up the DagBag from /home/logi/txtai/venv/lib/python3.10/site-packages/airflow/example_dags/plugins/listener_plugin.py
[2025-10-29T19:37:54.513+0530] {processor.py:842} WARNING - No viable dags retrieved from /home/logi/txtai/venv/lib/python3.10/site-packages/airflow/example_dags/plugins/listener_plugin.py
[2025-10-29T19:37:54.531+0530] {processor.py:183} INFO - Processing /home/logi/txtai/venv/lib/python3.10/site-packages/airflow/example_dags/plugins/listener_plugin.py took 0.049 seconds
[2025-10-29T19:38:47.125+0530] {processor.py:161} INFO - Started process (PID=17501) to work on /home/logi/txtai/venv/lib/python3.10/site-packages/airflow/example_dags/plugins/listener_plugin.py
[2025-10-29T19:38:47.132+0530] {processor.py:830} INFO - Processing file /home/logi/txtai/venv/lib/python3.10/site-packages/airflow/example_dags/plugins/listener_plugin.py for tasks to queue
[2025-10-29T19:38:47.135+0530] {logging_mixin.py:188} INFO - [2025-10-29T19:38:47.134+0530] {dagbag.py:545} INFO - Filling up the DagBag from /home/logi/txtai/venv/lib/python3.10/site-packages/airflow/example_dags/plugins/listener_plugin.py
[2025-10-29T19:38:47.139+0530] {processor.py:842} WARNING - No viable dags retrieved from /home/logi/txtai/venv/lib/python3.10/site-packages/airflow/example_dags/plugins/listener_plugin.py
[2025-10-29T19:38:47.159+0530] {processor.py:183} INFO - Processing /home/logi/txtai/venv/lib/python3.10/site-packages/airflow/example_dags/plugins/listener_plugin.py took 0.045 seconds
[2025-10-29T19:39:41.788+0530] {processor.py:161} INFO - Started process (PID=17599) to work on /home/logi/txtai/venv/lib/python3.10/site-packages/airflow/example_dags/plugins/listener_plugin.py
[2025-10-29T19:39:41.802+0530] {processor.py:830} INFO - Processing file /home/logi/txtai/venv/lib/python3.10/site-packages/airflow/example_dags/plugins/listener_plugin.py for tasks to queue
[2025-10-29T19:39:41.805+0530] {logging_mixin.py:188} INFO - [2025-10-29T19:39:41.805+0530] {dagbag.py:545} INFO - Filling up the DagBag from /home/logi/txtai/venv/lib/python3.10/site-packages/airflow/example_dags/plugins/listener_plugin.py
[2025-10-29T19:39:41.810+0530] {processor.py:842} WARNING - No viable dags retrieved from /home/logi/txtai/venv/lib/python3.10/site-packages/airflow/example_dags/plugins/listener_plugin.py
[2025-10-29T19:39:41.830+0530] {processor.py:183} INFO - Processing /home/logi/txtai/venv/lib/python3.10/site-packages/airflow/example_dags/plugins/listener_plugin.py took 0.053 seconds
[2025-10-29T19:40:31.673+0530] {processor.py:161} INFO - Started process (PID=17780) to work on /home/logi/txtai/venv/lib/python3.10/site-packages/airflow/example_dags/plugins/listener_plugin.py
[2025-10-29T19:40:31.675+0530] {processor.py:830} INFO - Processing file /home/logi/txtai/venv/lib/python3.10/site-packages/airflow/example_dags/plugins/listener_plugin.py for tasks to queue
[2025-10-29T19:40:31.677+0530] {logging_mixin.py:188} INFO - [2025-10-29T19:40:31.677+0530] {dagbag.py:545} INFO - Filling up the DagBag from /home/logi/txtai/venv/lib/python3.10/site-packages/airflow/example_dags/plugins/listener_plugin.py
[2025-10-29T19:40:31.682+0530] {processor.py:842} WARNING - No viable dags retrieved from /home/logi/txtai/venv/lib/python3.10/site-packages/airflow/example_dags/plugins/listener_plugin.py
[2025-10-29T19:40:31.700+0530] {processor.py:183} INFO - Processing /home/logi/txtai/venv/lib/python3.10/site-packages/airflow/example_dags/plugins/listener_plugin.py took 0.039 seconds
[2025-10-29T19:41:21.305+0530] {processor.py:161} INFO - Started process (PID=17909) to work on /home/logi/txtai/venv/lib/python3.10/site-packages/airflow/example_dags/plugins/listener_plugin.py
[2025-10-29T19:41:21.318+0530] {processor.py:830} INFO - Processing file /home/logi/txtai/venv/lib/python3.10/site-packages/airflow/example_dags/plugins/listener_plugin.py for tasks to queue
[2025-10-29T19:41:21.321+0530] {logging_mixin.py:188} INFO - [2025-10-29T19:41:21.320+0530] {dagbag.py:545} INFO - Filling up the DagBag from /home/logi/txtai/venv/lib/python3.10/site-packages/airflow/example_dags/plugins/listener_plugin.py
[2025-10-29T19:41:21.324+0530] {processor.py:842} WARNING - No viable dags retrieved from /home/logi/txtai/venv/lib/python3.10/site-packages/airflow/example_dags/plugins/listener_plugin.py
[2025-10-29T19:41:21.337+0530] {processor.py:183} INFO - Processing /home/logi/txtai/venv/lib/python3.10/site-packages/airflow/example_dags/plugins/listener_plugin.py took 0.044 seconds
[2025-10-29T19:42:12.527+0530] {processor.py:161} INFO - Started process (PID=17991) to work on /home/logi/txtai/venv/lib/python3.10/site-packages/airflow/example_dags/plugins/listener_plugin.py
[2025-10-29T19:42:12.540+0530] {processor.py:830} INFO - Processing file /home/logi/txtai/venv/lib/python3.10/site-packages/airflow/example_dags/plugins/listener_plugin.py for tasks to queue
[2025-10-29T19:42:12.543+0530] {logging_mixin.py:188} INFO - [2025-10-29T19:42:12.543+0530] {dagbag.py:545} INFO - Filling up the DagBag from /home/logi/txtai/venv/lib/python3.10/site-packages/airflow/example_dags/plugins/listener_plugin.py
[2025-10-29T19:42:12.548+0530] {processor.py:842} WARNING - No viable dags retrieved from /home/logi/txtai/venv/lib/python3.10/site-packages/airflow/example_dags/plugins/listener_plugin.py
[2025-10-29T19:42:12.566+0530] {processor.py:183} INFO - Processing /home/logi/txtai/venv/lib/python3.10/site-packages/airflow/example_dags/plugins/listener_plugin.py took 0.052 seconds
[2025-10-29T19:43:05.761+0530] {processor.py:161} INFO - Started process (PID=18055) to work on /home/logi/txtai/venv/lib/python3.10/site-packages/airflow/example_dags/plugins/listener_plugin.py
[2025-10-29T19:43:05.773+0530] {processor.py:830} INFO - Processing file /home/logi/txtai/venv/lib/python3.10/site-packages/airflow/example_dags/plugins/listener_plugin.py for tasks to queue
[2025-10-29T19:43:05.775+0530] {logging_mixin.py:188} INFO - [2025-10-29T19:43:05.775+0530] {dagbag.py:545} INFO - Filling up the DagBag from /home/logi/txtai/venv/lib/python3.10/site-packages/airflow/example_dags/plugins/listener_plugin.py
[2025-10-29T19:43:05.778+0530] {processor.py:842} WARNING - No viable dags retrieved from /home/logi/txtai/venv/lib/python3.10/site-packages/airflow/example_dags/plugins/listener_plugin.py
[2025-10-29T19:43:05.789+0530] {processor.py:183} INFO - Processing /home/logi/txtai/venv/lib/python3.10/site-packages/airflow/example_dags/plugins/listener_plugin.py took 0.035 seconds
[2025-10-29T19:43:59.467+0530] {processor.py:161} INFO - Started process (PID=18150) to work on /home/logi/txtai/venv/lib/python3.10/site-packages/airflow/example_dags/plugins/listener_plugin.py
[2025-10-29T19:43:59.469+0530] {processor.py:830} INFO - Processing file /home/logi/txtai/venv/lib/python3.10/site-packages/airflow/example_dags/plugins/listener_plugin.py for tasks to queue
[2025-10-29T19:43:59.472+0530] {logging_mixin.py:188} INFO - [2025-10-29T19:43:59.472+0530] {dagbag.py:545} INFO - Filling up the DagBag from /home/logi/txtai/venv/lib/python3.10/site-packages/airflow/example_dags/plugins/listener_plugin.py
[2025-10-29T19:43:59.477+0530] {processor.py:842} WARNING - No viable dags retrieved from /home/logi/txtai/venv/lib/python3.10/site-packages/airflow/example_dags/plugins/listener_plugin.py
[2025-10-29T19:43:59.496+0530] {processor.py:183} INFO - Processing /home/logi/txtai/venv/lib/python3.10/site-packages/airflow/example_dags/plugins/listener_plugin.py took 0.041 seconds
[2025-10-29T19:44:51.585+0530] {processor.py:161} INFO - Started process (PID=18242) to work on /home/logi/txtai/venv/lib/python3.10/site-packages/airflow/example_dags/plugins/listener_plugin.py
[2025-10-29T19:44:51.598+0530] {processor.py:830} INFO - Processing file /home/logi/txtai/venv/lib/python3.10/site-packages/airflow/example_dags/plugins/listener_plugin.py for tasks to queue
[2025-10-29T19:44:51.602+0530] {logging_mixin.py:188} INFO - [2025-10-29T19:44:51.601+0530] {dagbag.py:545} INFO - Filling up the DagBag from /home/logi/txtai/venv/lib/python3.10/site-packages/airflow/example_dags/plugins/listener_plugin.py
[2025-10-29T19:44:51.604+0530] {processor.py:842} WARNING - No viable dags retrieved from /home/logi/txtai/venv/lib/python3.10/site-packages/airflow/example_dags/plugins/listener_plugin.py
[2025-10-29T19:44:51.614+0530] {processor.py:183} INFO - Processing /home/logi/txtai/venv/lib/python3.10/site-packages/airflow/example_dags/plugins/listener_plugin.py took 0.035 seconds
[2025-10-29T19:45:46.765+0530] {processor.py:161} INFO - Started process (PID=18326) to work on /home/logi/txtai/venv/lib/python3.10/site-packages/airflow/example_dags/plugins/listener_plugin.py
[2025-10-29T19:45:46.778+0530] {processor.py:830} INFO - Processing file /home/logi/txtai/venv/lib/python3.10/site-packages/airflow/example_dags/plugins/listener_plugin.py for tasks to queue
[2025-10-29T19:45:46.782+0530] {logging_mixin.py:188} INFO - [2025-10-29T19:45:46.781+0530] {dagbag.py:545} INFO - Filling up the DagBag from /home/logi/txtai/venv/lib/python3.10/site-packages/airflow/example_dags/plugins/listener_plugin.py
[2025-10-29T19:45:46.787+0530] {processor.py:842} WARNING - No viable dags retrieved from /home/logi/txtai/venv/lib/python3.10/site-packages/airflow/example_dags/plugins/listener_plugin.py
[2025-10-29T19:45:46.807+0530] {processor.py:183} INFO - Processing /home/logi/txtai/venv/lib/python3.10/site-packages/airflow/example_dags/plugins/listener_plugin.py took 0.054 seconds
[2025-10-29T19:46:41.697+0530] {processor.py:161} INFO - Started process (PID=18391) to work on /home/logi/txtai/venv/lib/python3.10/site-packages/airflow/example_dags/plugins/listener_plugin.py
[2025-10-29T19:46:41.710+0530] {processor.py:830} INFO - Processing file /home/logi/txtai/venv/lib/python3.10/site-packages/airflow/example_dags/plugins/listener_plugin.py for tasks to queue
[2025-10-29T19:46:41.713+0530] {logging_mixin.py:188} INFO - [2025-10-29T19:46:41.713+0530] {dagbag.py:545} INFO - Filling up the DagBag from /home/logi/txtai/venv/lib/python3.10/site-packages/airflow/example_dags/plugins/listener_plugin.py
[2025-10-29T19:46:41.718+0530] {processor.py:842} WARNING - No viable dags retrieved from /home/logi/txtai/venv/lib/python3.10/site-packages/airflow/example_dags/plugins/listener_plugin.py
[2025-10-29T19:46:41.740+0530] {processor.py:183} INFO - Processing /home/logi/txtai/venv/lib/python3.10/site-packages/airflow/example_dags/plugins/listener_plugin.py took 0.055 seconds
[2025-10-29T19:47:34.223+0530] {processor.py:161} INFO - Started process (PID=18456) to work on /home/logi/txtai/venv/lib/python3.10/site-packages/airflow/example_dags/plugins/listener_plugin.py
[2025-10-29T19:47:34.236+0530] {processor.py:830} INFO - Processing file /home/logi/txtai/venv/lib/python3.10/site-packages/airflow/example_dags/plugins/listener_plugin.py for tasks to queue
[2025-10-29T19:47:34.240+0530] {logging_mixin.py:188} INFO - [2025-10-29T19:47:34.239+0530] {dagbag.py:545} INFO - Filling up the DagBag from /home/logi/txtai/venv/lib/python3.10/site-packages/airflow/example_dags/plugins/listener_plugin.py
[2025-10-29T19:47:34.245+0530] {processor.py:842} WARNING - No viable dags retrieved from /home/logi/txtai/venv/lib/python3.10/site-packages/airflow/example_dags/plugins/listener_plugin.py
[2025-10-29T19:47:34.264+0530] {processor.py:183} INFO - Processing /home/logi/txtai/venv/lib/python3.10/site-packages/airflow/example_dags/plugins/listener_plugin.py took 0.052 seconds
[2025-10-29T19:48:29.205+0530] {processor.py:161} INFO - Started process (PID=18558) to work on /home/logi/txtai/venv/lib/python3.10/site-packages/airflow/example_dags/plugins/listener_plugin.py
[2025-10-29T19:48:29.218+0530] {processor.py:830} INFO - Processing file /home/logi/txtai/venv/lib/python3.10/site-packages/airflow/example_dags/plugins/listener_plugin.py for tasks to queue
[2025-10-29T19:48:29.222+0530] {logging_mixin.py:188} INFO - [2025-10-29T19:48:29.221+0530] {dagbag.py:545} INFO - Filling up the DagBag from /home/logi/txtai/venv/lib/python3.10/site-packages/airflow/example_dags/plugins/listener_plugin.py
[2025-10-29T19:48:29.227+0530] {processor.py:842} WARNING - No viable dags retrieved from /home/logi/txtai/venv/lib/python3.10/site-packages/airflow/example_dags/plugins/listener_plugin.py
[2025-10-29T19:48:29.248+0530] {processor.py:183} INFO - Processing /home/logi/txtai/venv/lib/python3.10/site-packages/airflow/example_dags/plugins/listener_plugin.py took 0.055 seconds
[2025-10-29T19:49:26.374+0530] {processor.py:161} INFO - Started process (PID=18672) to work on /home/logi/txtai/venv/lib/python3.10/site-packages/airflow/example_dags/plugins/listener_plugin.py
[2025-10-29T19:49:26.388+0530] {processor.py:830} INFO - Processing file /home/logi/txtai/venv/lib/python3.10/site-packages/airflow/example_dags/plugins/listener_plugin.py for tasks to queue
[2025-10-29T19:49:26.393+0530] {logging_mixin.py:188} INFO - [2025-10-29T19:49:26.392+0530] {dagbag.py:545} INFO - Filling up the DagBag from /home/logi/txtai/venv/lib/python3.10/site-packages/airflow/example_dags/plugins/listener_plugin.py
[2025-10-29T19:49:26.398+0530] {processor.py:842} WARNING - No viable dags retrieved from /home/logi/txtai/venv/lib/python3.10/site-packages/airflow/example_dags/plugins/listener_plugin.py
[2025-10-29T19:49:26.418+0530] {processor.py:183} INFO - Processing /home/logi/txtai/venv/lib/python3.10/site-packages/airflow/example_dags/plugins/listener_plugin.py took 0.056 seconds
[2025-10-29T19:50:18.660+0530] {processor.py:161} INFO - Started process (PID=18762) to work on /home/logi/txtai/venv/lib/python3.10/site-packages/airflow/example_dags/plugins/listener_plugin.py
[2025-10-29T19:50:18.674+0530] {processor.py:830} INFO - Processing file /home/logi/txtai/venv/lib/python3.10/site-packages/airflow/example_dags/plugins/listener_plugin.py for tasks to queue
[2025-10-29T19:50:18.677+0530] {logging_mixin.py:188} INFO - [2025-10-29T19:50:18.677+0530] {dagbag.py:545} INFO - Filling up the DagBag from /home/logi/txtai/venv/lib/python3.10/site-packages/airflow/example_dags/plugins/listener_plugin.py
[2025-10-29T19:50:18.682+0530] {processor.py:842} WARNING - No viable dags retrieved from /home/logi/txtai/venv/lib/python3.10/site-packages/airflow/example_dags/plugins/listener_plugin.py
[2025-10-29T19:50:18.701+0530] {processor.py:183} INFO - Processing /home/logi/txtai/venv/lib/python3.10/site-packages/airflow/example_dags/plugins/listener_plugin.py took 0.052 seconds
[2025-10-29T19:51:12.595+0530] {processor.py:161} INFO - Started process (PID=18838) to work on /home/logi/txtai/venv/lib/python3.10/site-packages/airflow/example_dags/plugins/listener_plugin.py
[2025-10-29T19:51:12.597+0530] {processor.py:830} INFO - Processing file /home/logi/txtai/venv/lib/python3.10/site-packages/airflow/example_dags/plugins/listener_plugin.py for tasks to queue
[2025-10-29T19:51:12.600+0530] {logging_mixin.py:188} INFO - [2025-10-29T19:51:12.600+0530] {dagbag.py:545} INFO - Filling up the DagBag from /home/logi/txtai/venv/lib/python3.10/site-packages/airflow/example_dags/plugins/listener_plugin.py
[2025-10-29T19:51:12.605+0530] {processor.py:842} WARNING - No viable dags retrieved from /home/logi/txtai/venv/lib/python3.10/site-packages/airflow/example_dags/plugins/listener_plugin.py
[2025-10-29T19:51:12.623+0530] {processor.py:183} INFO - Processing /home/logi/txtai/venv/lib/python3.10/site-packages/airflow/example_dags/plugins/listener_plugin.py took 0.040 seconds
[2025-10-29T19:52:07.603+0530] {processor.py:161} INFO - Started process (PID=18925) to work on /home/logi/txtai/venv/lib/python3.10/site-packages/airflow/example_dags/plugins/listener_plugin.py
[2025-10-29T19:52:07.605+0530] {processor.py:830} INFO - Processing file /home/logi/txtai/venv/lib/python3.10/site-packages/airflow/example_dags/plugins/listener_plugin.py for tasks to queue
[2025-10-29T19:52:07.608+0530] {logging_mixin.py:188} INFO - [2025-10-29T19:52:07.607+0530] {dagbag.py:545} INFO - Filling up the DagBag from /home/logi/txtai/venv/lib/python3.10/site-packages/airflow/example_dags/plugins/listener_plugin.py
[2025-10-29T19:52:07.612+0530] {processor.py:842} WARNING - No viable dags retrieved from /home/logi/txtai/venv/lib/python3.10/site-packages/airflow/example_dags/plugins/listener_plugin.py
[2025-10-29T19:52:07.629+0530] {processor.py:183} INFO - Processing /home/logi/txtai/venv/lib/python3.10/site-packages/airflow/example_dags/plugins/listener_plugin.py took 0.037 seconds
[2025-10-29T19:52:57.619+0530] {processor.py:161} INFO - Started process (PID=18988) to work on /home/logi/txtai/venv/lib/python3.10/site-packages/airflow/example_dags/plugins/listener_plugin.py
[2025-10-29T19:52:57.634+0530] {processor.py:830} INFO - Processing file /home/logi/txtai/venv/lib/python3.10/site-packages/airflow/example_dags/plugins/listener_plugin.py for tasks to queue
[2025-10-29T19:52:57.637+0530] {logging_mixin.py:188} INFO - [2025-10-29T19:52:57.636+0530] {dagbag.py:545} INFO - Filling up the DagBag from /home/logi/txtai/venv/lib/python3.10/site-packages/airflow/example_dags/plugins/listener_plugin.py
[2025-10-29T19:52:57.642+0530] {processor.py:842} WARNING - No viable dags retrieved from /home/logi/txtai/venv/lib/python3.10/site-packages/airflow/example_dags/plugins/listener_plugin.py
[2025-10-29T19:52:57.661+0530] {processor.py:183} INFO - Processing /home/logi/txtai/venv/lib/python3.10/site-packages/airflow/example_dags/plugins/listener_plugin.py took 0.055 seconds
[2025-10-29T19:53:48.720+0530] {processor.py:161} INFO - Started process (PID=19048) to work on /home/logi/txtai/venv/lib/python3.10/site-packages/airflow/example_dags/plugins/listener_plugin.py
[2025-10-29T19:53:48.734+0530] {processor.py:830} INFO - Processing file /home/logi/txtai/venv/lib/python3.10/site-packages/airflow/example_dags/plugins/listener_plugin.py for tasks to queue
[2025-10-29T19:53:48.737+0530] {logging_mixin.py:188} INFO - [2025-10-29T19:53:48.736+0530] {dagbag.py:545} INFO - Filling up the DagBag from /home/logi/txtai/venv/lib/python3.10/site-packages/airflow/example_dags/plugins/listener_plugin.py
[2025-10-29T19:53:48.742+0530] {processor.py:842} WARNING - No viable dags retrieved from /home/logi/txtai/venv/lib/python3.10/site-packages/airflow/example_dags/plugins/listener_plugin.py
[2025-10-29T19:53:48.762+0530] {processor.py:183} INFO - Processing /home/logi/txtai/venv/lib/python3.10/site-packages/airflow/example_dags/plugins/listener_plugin.py took 0.053 seconds
[2025-10-29T19:54:45.363+0530] {processor.py:161} INFO - Started process (PID=19154) to work on /home/logi/txtai/venv/lib/python3.10/site-packages/airflow/example_dags/plugins/listener_plugin.py
[2025-10-29T19:54:45.377+0530] {processor.py:830} INFO - Processing file /home/logi/txtai/venv/lib/python3.10/site-packages/airflow/example_dags/plugins/listener_plugin.py for tasks to queue
[2025-10-29T19:54:45.380+0530] {logging_mixin.py:188} INFO - [2025-10-29T19:54:45.379+0530] {dagbag.py:545} INFO - Filling up the DagBag from /home/logi/txtai/venv/lib/python3.10/site-packages/airflow/example_dags/plugins/listener_plugin.py
[2025-10-29T19:54:45.384+0530] {processor.py:842} WARNING - No viable dags retrieved from /home/logi/txtai/venv/lib/python3.10/site-packages/airflow/example_dags/plugins/listener_plugin.py
[2025-10-29T19:54:45.403+0530] {processor.py:183} INFO - Processing /home/logi/txtai/venv/lib/python3.10/site-packages/airflow/example_dags/plugins/listener_plugin.py took 0.052 seconds
[2025-10-29T19:55:39.450+0530] {processor.py:161} INFO - Started process (PID=19222) to work on /home/logi/txtai/venv/lib/python3.10/site-packages/airflow/example_dags/plugins/listener_plugin.py
[2025-10-29T19:55:39.464+0530] {processor.py:830} INFO - Processing file /home/logi/txtai/venv/lib/python3.10/site-packages/airflow/example_dags/plugins/listener_plugin.py for tasks to queue
[2025-10-29T19:55:39.467+0530] {logging_mixin.py:188} INFO - [2025-10-29T19:55:39.466+0530] {dagbag.py:545} INFO - Filling up the DagBag from /home/logi/txtai/venv/lib/python3.10/site-packages/airflow/example_dags/plugins/listener_plugin.py
[2025-10-29T19:55:39.471+0530] {processor.py:842} WARNING - No viable dags retrieved from /home/logi/txtai/venv/lib/python3.10/site-packages/airflow/example_dags/plugins/listener_plugin.py
[2025-10-29T19:55:39.491+0530] {processor.py:183} INFO - Processing /home/logi/txtai/venv/lib/python3.10/site-packages/airflow/example_dags/plugins/listener_plugin.py took 0.051 seconds
[2025-10-29T19:56:34.099+0530] {processor.py:161} INFO - Started process (PID=19290) to work on /home/logi/txtai/venv/lib/python3.10/site-packages/airflow/example_dags/plugins/listener_plugin.py
[2025-10-29T19:56:34.113+0530] {processor.py:830} INFO - Processing file /home/logi/txtai/venv/lib/python3.10/site-packages/airflow/example_dags/plugins/listener_plugin.py for tasks to queue
[2025-10-29T19:56:34.116+0530] {logging_mixin.py:188} INFO - [2025-10-29T19:56:34.115+0530] {dagbag.py:545} INFO - Filling up the DagBag from /home/logi/txtai/venv/lib/python3.10/site-packages/airflow/example_dags/plugins/listener_plugin.py
[2025-10-29T19:56:34.122+0530] {processor.py:842} WARNING - No viable dags retrieved from /home/logi/txtai/venv/lib/python3.10/site-packages/airflow/example_dags/plugins/listener_plugin.py
[2025-10-29T19:56:34.143+0530] {processor.py:183} INFO - Processing /home/logi/txtai/venv/lib/python3.10/site-packages/airflow/example_dags/plugins/listener_plugin.py took 0.056 seconds
[2025-10-29T19:57:28.883+0530] {processor.py:161} INFO - Started process (PID=19389) to work on /home/logi/txtai/venv/lib/python3.10/site-packages/airflow/example_dags/plugins/listener_plugin.py
[2025-10-29T19:57:28.896+0530] {processor.py:830} INFO - Processing file /home/logi/txtai/venv/lib/python3.10/site-packages/airflow/example_dags/plugins/listener_plugin.py for tasks to queue
[2025-10-29T19:57:28.899+0530] {logging_mixin.py:188} INFO - [2025-10-29T19:57:28.898+0530] {dagbag.py:545} INFO - Filling up the DagBag from /home/logi/txtai/venv/lib/python3.10/site-packages/airflow/example_dags/plugins/listener_plugin.py
[2025-10-29T19:57:28.904+0530] {processor.py:842} WARNING - No viable dags retrieved from /home/logi/txtai/venv/lib/python3.10/site-packages/airflow/example_dags/plugins/listener_plugin.py
[2025-10-29T19:57:28.922+0530] {processor.py:183} INFO - Processing /home/logi/txtai/venv/lib/python3.10/site-packages/airflow/example_dags/plugins/listener_plugin.py took 0.051 seconds
[2025-10-29T19:58:26.332+0530] {processor.py:161} INFO - Started process (PID=19589) to work on /home/logi/txtai/venv/lib/python3.10/site-packages/airflow/example_dags/plugins/listener_plugin.py
[2025-10-29T19:58:26.344+0530] {processor.py:830} INFO - Processing file /home/logi/txtai/venv/lib/python3.10/site-packages/airflow/example_dags/plugins/listener_plugin.py for tasks to queue
[2025-10-29T19:58:26.347+0530] {logging_mixin.py:188} INFO - [2025-10-29T19:58:26.347+0530] {dagbag.py:545} INFO - Filling up the DagBag from /home/logi/txtai/venv/lib/python3.10/site-packages/airflow/example_dags/plugins/listener_plugin.py
[2025-10-29T19:58:26.352+0530] {processor.py:842} WARNING - No viable dags retrieved from /home/logi/txtai/venv/lib/python3.10/site-packages/airflow/example_dags/plugins/listener_plugin.py
[2025-10-29T19:58:26.369+0530] {processor.py:183} INFO - Processing /home/logi/txtai/venv/lib/python3.10/site-packages/airflow/example_dags/plugins/listener_plugin.py took 0.049 seconds
[2025-10-29T19:59:22.741+0530] {processor.py:161} INFO - Started process (PID=19655) to work on /home/logi/txtai/venv/lib/python3.10/site-packages/airflow/example_dags/plugins/listener_plugin.py
[2025-10-29T19:59:22.755+0530] {processor.py:830} INFO - Processing file /home/logi/txtai/venv/lib/python3.10/site-packages/airflow/example_dags/plugins/listener_plugin.py for tasks to queue
[2025-10-29T19:59:22.758+0530] {logging_mixin.py:188} INFO - [2025-10-29T19:59:22.758+0530] {dagbag.py:545} INFO - Filling up the DagBag from /home/logi/txtai/venv/lib/python3.10/site-packages/airflow/example_dags/plugins/listener_plugin.py
[2025-10-29T19:59:22.763+0530] {processor.py:842} WARNING - No viable dags retrieved from /home/logi/txtai/venv/lib/python3.10/site-packages/airflow/example_dags/plugins/listener_plugin.py
[2025-10-29T19:59:22.781+0530] {processor.py:183} INFO - Processing /home/logi/txtai/venv/lib/python3.10/site-packages/airflow/example_dags/plugins/listener_plugin.py took 0.051 seconds
[2025-10-29T20:00:12.513+0530] {processor.py:161} INFO - Started process (PID=19766) to work on /home/logi/txtai/venv/lib/python3.10/site-packages/airflow/example_dags/plugins/listener_plugin.py
[2025-10-29T20:00:12.527+0530] {processor.py:830} INFO - Processing file /home/logi/txtai/venv/lib/python3.10/site-packages/airflow/example_dags/plugins/listener_plugin.py for tasks to queue
[2025-10-29T20:00:12.530+0530] {logging_mixin.py:188} INFO - [2025-10-29T20:00:12.529+0530] {dagbag.py:545} INFO - Filling up the DagBag from /home/logi/txtai/venv/lib/python3.10/site-packages/airflow/example_dags/plugins/listener_plugin.py
[2025-10-29T20:00:12.535+0530] {processor.py:842} WARNING - No viable dags retrieved from /home/logi/txtai/venv/lib/python3.10/site-packages/airflow/example_dags/plugins/listener_plugin.py
[2025-10-29T20:00:12.554+0530] {processor.py:183} INFO - Processing /home/logi/txtai/venv/lib/python3.10/site-packages/airflow/example_dags/plugins/listener_plugin.py took 0.059 seconds
[2025-10-29T20:01:08.916+0530] {processor.py:161} INFO - Started process (PID=19900) to work on /home/logi/txtai/venv/lib/python3.10/site-packages/airflow/example_dags/plugins/listener_plugin.py
[2025-10-29T20:01:08.930+0530] {processor.py:830} INFO - Processing file /home/logi/txtai/venv/lib/python3.10/site-packages/airflow/example_dags/plugins/listener_plugin.py for tasks to queue
[2025-10-29T20:01:08.934+0530] {logging_mixin.py:188} INFO - [2025-10-29T20:01:08.933+0530] {dagbag.py:545} INFO - Filling up the DagBag from /home/logi/txtai/venv/lib/python3.10/site-packages/airflow/example_dags/plugins/listener_plugin.py
[2025-10-29T20:01:08.939+0530] {processor.py:842} WARNING - No viable dags retrieved from /home/logi/txtai/venv/lib/python3.10/site-packages/airflow/example_dags/plugins/listener_plugin.py
[2025-10-29T20:01:08.964+0530] {processor.py:183} INFO - Processing /home/logi/txtai/venv/lib/python3.10/site-packages/airflow/example_dags/plugins/listener_plugin.py took 0.062 seconds
[2025-10-29T20:02:06.766+0530] {processor.py:161} INFO - Started process (PID=20029) to work on /home/logi/txtai/venv/lib/python3.10/site-packages/airflow/example_dags/plugins/listener_plugin.py
[2025-10-29T20:02:06.780+0530] {processor.py:830} INFO - Processing file /home/logi/txtai/venv/lib/python3.10/site-packages/airflow/example_dags/plugins/listener_plugin.py for tasks to queue
[2025-10-29T20:02:06.784+0530] {logging_mixin.py:188} INFO - [2025-10-29T20:02:06.783+0530] {dagbag.py:545} INFO - Filling up the DagBag from /home/logi/txtai/venv/lib/python3.10/site-packages/airflow/example_dags/plugins/listener_plugin.py
[2025-10-29T20:02:06.789+0530] {processor.py:842} WARNING - No viable dags retrieved from /home/logi/txtai/venv/lib/python3.10/site-packages/airflow/example_dags/plugins/listener_plugin.py
[2025-10-29T20:02:06.812+0530] {processor.py:183} INFO - Processing /home/logi/txtai/venv/lib/python3.10/site-packages/airflow/example_dags/plugins/listener_plugin.py took 0.059 seconds
[2025-10-29T20:03:02.145+0530] {processor.py:161} INFO - Started process (PID=20149) to work on /home/logi/txtai/venv/lib/python3.10/site-packages/airflow/example_dags/plugins/listener_plugin.py
[2025-10-29T20:03:02.159+0530] {processor.py:830} INFO - Processing file /home/logi/txtai/venv/lib/python3.10/site-packages/airflow/example_dags/plugins/listener_plugin.py for tasks to queue
[2025-10-29T20:03:02.162+0530] {logging_mixin.py:188} INFO - [2025-10-29T20:03:02.161+0530] {dagbag.py:545} INFO - Filling up the DagBag from /home/logi/txtai/venv/lib/python3.10/site-packages/airflow/example_dags/plugins/listener_plugin.py
[2025-10-29T20:03:02.166+0530] {processor.py:842} WARNING - No viable dags retrieved from /home/logi/txtai/venv/lib/python3.10/site-packages/airflow/example_dags/plugins/listener_plugin.py
[2025-10-29T20:03:02.185+0530] {processor.py:183} INFO - Processing /home/logi/txtai/venv/lib/python3.10/site-packages/airflow/example_dags/plugins/listener_plugin.py took 0.052 seconds
[2025-10-29T20:04:03.108+0530] {processor.py:161} INFO - Started process (PID=20267) to work on /home/logi/txtai/venv/lib/python3.10/site-packages/airflow/example_dags/plugins/listener_plugin.py
[2025-10-29T20:04:03.124+0530] {processor.py:830} INFO - Processing file /home/logi/txtai/venv/lib/python3.10/site-packages/airflow/example_dags/plugins/listener_plugin.py for tasks to queue
[2025-10-29T20:04:03.132+0530] {logging_mixin.py:188} INFO - [2025-10-29T20:04:03.130+0530] {dagbag.py:545} INFO - Filling up the DagBag from /home/logi/txtai/venv/lib/python3.10/site-packages/airflow/example_dags/plugins/listener_plugin.py
[2025-10-29T20:04:03.143+0530] {processor.py:842} WARNING - No viable dags retrieved from /home/logi/txtai/venv/lib/python3.10/site-packages/airflow/example_dags/plugins/listener_plugin.py
[2025-10-29T20:04:03.197+0530] {processor.py:183} INFO - Processing /home/logi/txtai/venv/lib/python3.10/site-packages/airflow/example_dags/plugins/listener_plugin.py took 0.116 seconds
[2025-10-29T20:05:06.693+0530] {processor.py:161} INFO - Started process (PID=20418) to work on /home/logi/txtai/venv/lib/python3.10/site-packages/airflow/example_dags/plugins/listener_plugin.py
[2025-10-29T20:05:06.709+0530] {processor.py:830} INFO - Processing file /home/logi/txtai/venv/lib/python3.10/site-packages/airflow/example_dags/plugins/listener_plugin.py for tasks to queue
[2025-10-29T20:05:06.716+0530] {logging_mixin.py:188} INFO - [2025-10-29T20:05:06.714+0530] {dagbag.py:545} INFO - Filling up the DagBag from /home/logi/txtai/venv/lib/python3.10/site-packages/airflow/example_dags/plugins/listener_plugin.py
[2025-10-29T20:05:06.738+0530] {processor.py:842} WARNING - No viable dags retrieved from /home/logi/txtai/venv/lib/python3.10/site-packages/airflow/example_dags/plugins/listener_plugin.py
[2025-10-29T20:05:06.841+0530] {processor.py:183} INFO - Processing /home/logi/txtai/venv/lib/python3.10/site-packages/airflow/example_dags/plugins/listener_plugin.py took 0.168 seconds
[2025-10-29T20:06:05.750+0530] {processor.py:161} INFO - Started process (PID=20536) to work on /home/logi/txtai/venv/lib/python3.10/site-packages/airflow/example_dags/plugins/listener_plugin.py
[2025-10-29T20:06:05.765+0530] {processor.py:830} INFO - Processing file /home/logi/txtai/venv/lib/python3.10/site-packages/airflow/example_dags/plugins/listener_plugin.py for tasks to queue
[2025-10-29T20:06:05.768+0530] {logging_mixin.py:188} INFO - [2025-10-29T20:06:05.768+0530] {dagbag.py:545} INFO - Filling up the DagBag from /home/logi/txtai/venv/lib/python3.10/site-packages/airflow/example_dags/plugins/listener_plugin.py
[2025-10-29T20:06:05.773+0530] {processor.py:842} WARNING - No viable dags retrieved from /home/logi/txtai/venv/lib/python3.10/site-packages/airflow/example_dags/plugins/listener_plugin.py
[2025-10-29T20:06:05.802+0530] {processor.py:183} INFO - Processing /home/logi/txtai/venv/lib/python3.10/site-packages/airflow/example_dags/plugins/listener_plugin.py took 0.067 seconds
[2025-10-29T20:07:02.780+0530] {processor.py:161} INFO - Started process (PID=20647) to work on /home/logi/txtai/venv/lib/python3.10/site-packages/airflow/example_dags/plugins/listener_plugin.py
[2025-10-29T20:07:02.796+0530] {processor.py:830} INFO - Processing file /home/logi/txtai/venv/lib/python3.10/site-packages/airflow/example_dags/plugins/listener_plugin.py for tasks to queue
[2025-10-29T20:07:02.803+0530] {logging_mixin.py:188} INFO - [2025-10-29T20:07:02.801+0530] {dagbag.py:545} INFO - Filling up the DagBag from /home/logi/txtai/venv/lib/python3.10/site-packages/airflow/example_dags/plugins/listener_plugin.py
[2025-10-29T20:07:02.813+0530] {processor.py:842} WARNING - No viable dags retrieved from /home/logi/txtai/venv/lib/python3.10/site-packages/airflow/example_dags/plugins/listener_plugin.py
[2025-10-29T20:07:02.850+0530] {processor.py:183} INFO - Processing /home/logi/txtai/venv/lib/python3.10/site-packages/airflow/example_dags/plugins/listener_plugin.py took 0.094 seconds
[2025-10-29T20:08:00.657+0530] {processor.py:161} INFO - Started process (PID=20758) to work on /home/logi/txtai/venv/lib/python3.10/site-packages/airflow/example_dags/plugins/listener_plugin.py
[2025-10-29T20:08:00.671+0530] {processor.py:830} INFO - Processing file /home/logi/txtai/venv/lib/python3.10/site-packages/airflow/example_dags/plugins/listener_plugin.py for tasks to queue
[2025-10-29T20:08:00.676+0530] {logging_mixin.py:188} INFO - [2025-10-29T20:08:00.675+0530] {dagbag.py:545} INFO - Filling up the DagBag from /home/logi/txtai/venv/lib/python3.10/site-packages/airflow/example_dags/plugins/listener_plugin.py
[2025-10-29T20:08:00.683+0530] {processor.py:842} WARNING - No viable dags retrieved from /home/logi/txtai/venv/lib/python3.10/site-packages/airflow/example_dags/plugins/listener_plugin.py
[2025-10-29T20:08:00.712+0530] {processor.py:183} INFO - Processing /home/logi/txtai/venv/lib/python3.10/site-packages/airflow/example_dags/plugins/listener_plugin.py took 0.074 seconds
[2025-10-29T20:08:59.020+0530] {processor.py:161} INFO - Started process (PID=20869) to work on /home/logi/txtai/venv/lib/python3.10/site-packages/airflow/example_dags/plugins/listener_plugin.py
[2025-10-29T20:08:59.035+0530] {processor.py:830} INFO - Processing file /home/logi/txtai/venv/lib/python3.10/site-packages/airflow/example_dags/plugins/listener_plugin.py for tasks to queue
[2025-10-29T20:08:59.041+0530] {logging_mixin.py:188} INFO - [2025-10-29T20:08:59.040+0530] {dagbag.py:545} INFO - Filling up the DagBag from /home/logi/txtai/venv/lib/python3.10/site-packages/airflow/example_dags/plugins/listener_plugin.py
[2025-10-29T20:08:59.051+0530] {processor.py:842} WARNING - No viable dags retrieved from /home/logi/txtai/venv/lib/python3.10/site-packages/airflow/example_dags/plugins/listener_plugin.py
[2025-10-29T20:08:59.079+0530] {processor.py:183} INFO - Processing /home/logi/txtai/venv/lib/python3.10/site-packages/airflow/example_dags/plugins/listener_plugin.py took 0.083 seconds
[2025-10-29T20:09:56.643+0530] {processor.py:161} INFO - Started process (PID=21012) to work on /home/logi/txtai/venv/lib/python3.10/site-packages/airflow/example_dags/plugins/listener_plugin.py
[2025-10-29T20:09:56.657+0530] {processor.py:830} INFO - Processing file /home/logi/txtai/venv/lib/python3.10/site-packages/airflow/example_dags/plugins/listener_plugin.py for tasks to queue
[2025-10-29T20:09:56.660+0530] {logging_mixin.py:188} INFO - [2025-10-29T20:09:56.659+0530] {dagbag.py:545} INFO - Filling up the DagBag from /home/logi/txtai/venv/lib/python3.10/site-packages/airflow/example_dags/plugins/listener_plugin.py
[2025-10-29T20:09:56.664+0530] {processor.py:842} WARNING - No viable dags retrieved from /home/logi/txtai/venv/lib/python3.10/site-packages/airflow/example_dags/plugins/listener_plugin.py
[2025-10-29T20:09:56.689+0530] {processor.py:183} INFO - Processing /home/logi/txtai/venv/lib/python3.10/site-packages/airflow/example_dags/plugins/listener_plugin.py took 0.058 seconds
[2025-10-29T20:10:51.424+0530] {processor.py:161} INFO - Started process (PID=21123) to work on /home/logi/txtai/venv/lib/python3.10/site-packages/airflow/example_dags/plugins/listener_plugin.py
[2025-10-29T20:10:51.438+0530] {processor.py:830} INFO - Processing file /home/logi/txtai/venv/lib/python3.10/site-packages/airflow/example_dags/plugins/listener_plugin.py for tasks to queue
[2025-10-29T20:10:51.441+0530] {logging_mixin.py:188} INFO - [2025-10-29T20:10:51.440+0530] {dagbag.py:545} INFO - Filling up the DagBag from /home/logi/txtai/venv/lib/python3.10/site-packages/airflow/example_dags/plugins/listener_plugin.py
[2025-10-29T20:10:51.446+0530] {processor.py:842} WARNING - No viable dags retrieved from /home/logi/txtai/venv/lib/python3.10/site-packages/airflow/example_dags/plugins/listener_plugin.py
[2025-10-29T20:10:51.474+0530] {processor.py:183} INFO - Processing /home/logi/txtai/venv/lib/python3.10/site-packages/airflow/example_dags/plugins/listener_plugin.py took 0.061 seconds
[2025-10-29T20:11:44.877+0530] {processor.py:161} INFO - Started process (PID=21231) to work on /home/logi/txtai/venv/lib/python3.10/site-packages/airflow/example_dags/plugins/listener_plugin.py
[2025-10-29T20:11:44.892+0530] {processor.py:830} INFO - Processing file /home/logi/txtai/venv/lib/python3.10/site-packages/airflow/example_dags/plugins/listener_plugin.py for tasks to queue
[2025-10-29T20:11:44.895+0530] {logging_mixin.py:188} INFO - [2025-10-29T20:11:44.894+0530] {dagbag.py:545} INFO - Filling up the DagBag from /home/logi/txtai/venv/lib/python3.10/site-packages/airflow/example_dags/plugins/listener_plugin.py
[2025-10-29T20:11:44.899+0530] {processor.py:842} WARNING - No viable dags retrieved from /home/logi/txtai/venv/lib/python3.10/site-packages/airflow/example_dags/plugins/listener_plugin.py
[2025-10-29T20:11:44.923+0530] {processor.py:183} INFO - Processing /home/logi/txtai/venv/lib/python3.10/site-packages/airflow/example_dags/plugins/listener_plugin.py took 0.058 seconds
[2025-10-29T20:12:33.970+0530] {processor.py:161} INFO - Started process (PID=21331) to work on /home/logi/txtai/venv/lib/python3.10/site-packages/airflow/example_dags/plugins/listener_plugin.py
[2025-10-29T20:12:33.984+0530] {processor.py:830} INFO - Processing file /home/logi/txtai/venv/lib/python3.10/site-packages/airflow/example_dags/plugins/listener_plugin.py for tasks to queue
[2025-10-29T20:12:33.987+0530] {logging_mixin.py:188} INFO - [2025-10-29T20:12:33.986+0530] {dagbag.py:545} INFO - Filling up the DagBag from /home/logi/txtai/venv/lib/python3.10/site-packages/airflow/example_dags/plugins/listener_plugin.py
[2025-10-29T20:12:33.991+0530] {processor.py:842} WARNING - No viable dags retrieved from /home/logi/txtai/venv/lib/python3.10/site-packages/airflow/example_dags/plugins/listener_plugin.py
[2025-10-29T20:12:34.018+0530] {processor.py:183} INFO - Processing /home/logi/txtai/venv/lib/python3.10/site-packages/airflow/example_dags/plugins/listener_plugin.py took 0.066 seconds
[2025-10-29T20:13:28.649+0530] {processor.py:161} INFO - Started process (PID=21438) to work on /home/logi/txtai/venv/lib/python3.10/site-packages/airflow/example_dags/plugins/listener_plugin.py
[2025-10-29T20:13:28.663+0530] {processor.py:830} INFO - Processing file /home/logi/txtai/venv/lib/python3.10/site-packages/airflow/example_dags/plugins/listener_plugin.py for tasks to queue
[2025-10-29T20:13:28.666+0530] {logging_mixin.py:188} INFO - [2025-10-29T20:13:28.665+0530] {dagbag.py:545} INFO - Filling up the DagBag from /home/logi/txtai/venv/lib/python3.10/site-packages/airflow/example_dags/plugins/listener_plugin.py
[2025-10-29T20:13:28.670+0530] {processor.py:842} WARNING - No viable dags retrieved from /home/logi/txtai/venv/lib/python3.10/site-packages/airflow/example_dags/plugins/listener_plugin.py
[2025-10-29T20:13:28.689+0530] {processor.py:183} INFO - Processing /home/logi/txtai/venv/lib/python3.10/site-packages/airflow/example_dags/plugins/listener_plugin.py took 0.051 seconds
[2025-10-29T20:14:20.342+0530] {processor.py:161} INFO - Started process (PID=21621) to work on /home/logi/txtai/venv/lib/python3.10/site-packages/airflow/example_dags/plugins/listener_plugin.py
[2025-10-29T20:14:20.357+0530] {processor.py:830} INFO - Processing file /home/logi/txtai/venv/lib/python3.10/site-packages/airflow/example_dags/plugins/listener_plugin.py for tasks to queue
[2025-10-29T20:14:20.360+0530] {logging_mixin.py:188} INFO - [2025-10-29T20:14:20.359+0530] {dagbag.py:545} INFO - Filling up the DagBag from /home/logi/txtai/venv/lib/python3.10/site-packages/airflow/example_dags/plugins/listener_plugin.py
[2025-10-29T20:14:20.365+0530] {processor.py:842} WARNING - No viable dags retrieved from /home/logi/txtai/venv/lib/python3.10/site-packages/airflow/example_dags/plugins/listener_plugin.py
[2025-10-29T20:14:20.384+0530] {processor.py:183} INFO - Processing /home/logi/txtai/venv/lib/python3.10/site-packages/airflow/example_dags/plugins/listener_plugin.py took 0.054 seconds
[2025-10-29T20:15:22.220+0530] {processor.py:161} INFO - Started process (PID=21908) to work on /home/logi/txtai/venv/lib/python3.10/site-packages/airflow/example_dags/plugins/listener_plugin.py
[2025-10-29T20:15:22.234+0530] {processor.py:830} INFO - Processing file /home/logi/txtai/venv/lib/python3.10/site-packages/airflow/example_dags/plugins/listener_plugin.py for tasks to queue
[2025-10-29T20:15:22.238+0530] {logging_mixin.py:188} INFO - [2025-10-29T20:15:22.237+0530] {dagbag.py:545} INFO - Filling up the DagBag from /home/logi/txtai/venv/lib/python3.10/site-packages/airflow/example_dags/plugins/listener_plugin.py
[2025-10-29T20:15:22.243+0530] {processor.py:842} WARNING - No viable dags retrieved from /home/logi/txtai/venv/lib/python3.10/site-packages/airflow/example_dags/plugins/listener_plugin.py
[2025-10-29T20:15:22.267+0530] {processor.py:183} INFO - Processing /home/logi/txtai/venv/lib/python3.10/site-packages/airflow/example_dags/plugins/listener_plugin.py took 0.059 seconds
[2025-10-29T20:16:14.741+0530] {processor.py:161} INFO - Started process (PID=21982) to work on /home/logi/txtai/venv/lib/python3.10/site-packages/airflow/example_dags/plugins/listener_plugin.py
[2025-10-29T20:16:14.755+0530] {processor.py:830} INFO - Processing file /home/logi/txtai/venv/lib/python3.10/site-packages/airflow/example_dags/plugins/listener_plugin.py for tasks to queue
[2025-10-29T20:16:14.757+0530] {logging_mixin.py:188} INFO - [2025-10-29T20:16:14.757+0530] {dagbag.py:545} INFO - Filling up the DagBag from /home/logi/txtai/venv/lib/python3.10/site-packages/airflow/example_dags/plugins/listener_plugin.py
[2025-10-29T20:16:14.760+0530] {processor.py:842} WARNING - No viable dags retrieved from /home/logi/txtai/venv/lib/python3.10/site-packages/airflow/example_dags/plugins/listener_plugin.py
[2025-10-29T20:16:14.771+0530] {processor.py:183} INFO - Processing /home/logi/txtai/venv/lib/python3.10/site-packages/airflow/example_dags/plugins/listener_plugin.py took 0.042 seconds
[2025-10-29T20:17:05.842+0530] {processor.py:161} INFO - Started process (PID=22060) to work on /home/logi/txtai/venv/lib/python3.10/site-packages/airflow/example_dags/plugins/listener_plugin.py
[2025-10-29T20:17:05.855+0530] {processor.py:830} INFO - Processing file /home/logi/txtai/venv/lib/python3.10/site-packages/airflow/example_dags/plugins/listener_plugin.py for tasks to queue
[2025-10-29T20:17:05.858+0530] {logging_mixin.py:188} INFO - [2025-10-29T20:17:05.857+0530] {dagbag.py:545} INFO - Filling up the DagBag from /home/logi/txtai/venv/lib/python3.10/site-packages/airflow/example_dags/plugins/listener_plugin.py
[2025-10-29T20:17:05.860+0530] {processor.py:842} WARNING - No viable dags retrieved from /home/logi/txtai/venv/lib/python3.10/site-packages/airflow/example_dags/plugins/listener_plugin.py
[2025-10-29T20:17:05.872+0530] {processor.py:183} INFO - Processing /home/logi/txtai/venv/lib/python3.10/site-packages/airflow/example_dags/plugins/listener_plugin.py took 0.037 seconds
[2025-10-29T20:17:55.812+0530] {processor.py:161} INFO - Started process (PID=22123) to work on /home/logi/txtai/venv/lib/python3.10/site-packages/airflow/example_dags/plugins/listener_plugin.py
[2025-10-29T20:17:55.825+0530] {processor.py:830} INFO - Processing file /home/logi/txtai/venv/lib/python3.10/site-packages/airflow/example_dags/plugins/listener_plugin.py for tasks to queue
[2025-10-29T20:17:55.828+0530] {logging_mixin.py:188} INFO - [2025-10-29T20:17:55.827+0530] {dagbag.py:545} INFO - Filling up the DagBag from /home/logi/txtai/venv/lib/python3.10/site-packages/airflow/example_dags/plugins/listener_plugin.py
[2025-10-29T20:17:55.832+0530] {processor.py:842} WARNING - No viable dags retrieved from /home/logi/txtai/venv/lib/python3.10/site-packages/airflow/example_dags/plugins/listener_plugin.py
[2025-10-29T20:17:55.849+0530] {processor.py:183} INFO - Processing /home/logi/txtai/venv/lib/python3.10/site-packages/airflow/example_dags/plugins/listener_plugin.py took 0.049 seconds
[2025-10-29T20:18:48.698+0530] {processor.py:161} INFO - Started process (PID=22193) to work on /home/logi/txtai/venv/lib/python3.10/site-packages/airflow/example_dags/plugins/listener_plugin.py
[2025-10-29T20:18:48.717+0530] {processor.py:830} INFO - Processing file /home/logi/txtai/venv/lib/python3.10/site-packages/airflow/example_dags/plugins/listener_plugin.py for tasks to queue
[2025-10-29T20:18:48.735+0530] {logging_mixin.py:188} INFO - [2025-10-29T20:18:48.731+0530] {dagbag.py:545} INFO - Filling up the DagBag from /home/logi/txtai/venv/lib/python3.10/site-packages/airflow/example_dags/plugins/listener_plugin.py
[2025-10-29T20:18:48.756+0530] {processor.py:842} WARNING - No viable dags retrieved from /home/logi/txtai/venv/lib/python3.10/site-packages/airflow/example_dags/plugins/listener_plugin.py
[2025-10-29T20:18:48.794+0530] {processor.py:183} INFO - Processing /home/logi/txtai/venv/lib/python3.10/site-packages/airflow/example_dags/plugins/listener_plugin.py took 0.153 seconds
[2025-10-29T20:19:43.303+0530] {processor.py:161} INFO - Started process (PID=22370) to work on /home/logi/txtai/venv/lib/python3.10/site-packages/airflow/example_dags/plugins/listener_plugin.py
[2025-10-29T20:19:43.305+0530] {processor.py:830} INFO - Processing file /home/logi/txtai/venv/lib/python3.10/site-packages/airflow/example_dags/plugins/listener_plugin.py for tasks to queue
[2025-10-29T20:19:43.310+0530] {logging_mixin.py:188} INFO - [2025-10-29T20:19:43.309+0530] {dagbag.py:545} INFO - Filling up the DagBag from /home/logi/txtai/venv/lib/python3.10/site-packages/airflow/example_dags/plugins/listener_plugin.py
[2025-10-29T20:19:43.317+0530] {processor.py:842} WARNING - No viable dags retrieved from /home/logi/txtai/venv/lib/python3.10/site-packages/airflow/example_dags/plugins/listener_plugin.py
[2025-10-29T20:19:43.343+0530] {processor.py:183} INFO - Processing /home/logi/txtai/venv/lib/python3.10/site-packages/airflow/example_dags/plugins/listener_plugin.py took 0.055 seconds
[2025-10-29T20:20:38.130+0530] {processor.py:161} INFO - Started process (PID=22442) to work on /home/logi/txtai/venv/lib/python3.10/site-packages/airflow/example_dags/plugins/listener_plugin.py
[2025-10-29T20:20:38.143+0530] {processor.py:830} INFO - Processing file /home/logi/txtai/venv/lib/python3.10/site-packages/airflow/example_dags/plugins/listener_plugin.py for tasks to queue
[2025-10-29T20:20:38.146+0530] {logging_mixin.py:188} INFO - [2025-10-29T20:20:38.146+0530] {dagbag.py:545} INFO - Filling up the DagBag from /home/logi/txtai/venv/lib/python3.10/site-packages/airflow/example_dags/plugins/listener_plugin.py
[2025-10-29T20:20:38.151+0530] {processor.py:842} WARNING - No viable dags retrieved from /home/logi/txtai/venv/lib/python3.10/site-packages/airflow/example_dags/plugins/listener_plugin.py
[2025-10-29T20:20:38.169+0530] {processor.py:183} INFO - Processing /home/logi/txtai/venv/lib/python3.10/site-packages/airflow/example_dags/plugins/listener_plugin.py took 0.051 seconds
[2025-10-29T20:21:33.627+0530] {processor.py:161} INFO - Started process (PID=22521) to work on /home/logi/txtai/venv/lib/python3.10/site-packages/airflow/example_dags/plugins/listener_plugin.py
[2025-10-29T20:21:33.640+0530] {processor.py:830} INFO - Processing file /home/logi/txtai/venv/lib/python3.10/site-packages/airflow/example_dags/plugins/listener_plugin.py for tasks to queue
[2025-10-29T20:21:33.644+0530] {logging_mixin.py:188} INFO - [2025-10-29T20:21:33.643+0530] {dagbag.py:545} INFO - Filling up the DagBag from /home/logi/txtai/venv/lib/python3.10/site-packages/airflow/example_dags/plugins/listener_plugin.py
[2025-10-29T20:21:33.648+0530] {processor.py:842} WARNING - No viable dags retrieved from /home/logi/txtai/venv/lib/python3.10/site-packages/airflow/example_dags/plugins/listener_plugin.py
[2025-10-29T20:21:33.667+0530] {processor.py:183} INFO - Processing /home/logi/txtai/venv/lib/python3.10/site-packages/airflow/example_dags/plugins/listener_plugin.py took 0.051 seconds
[2025-10-29T20:22:28.935+0530] {processor.py:161} INFO - Started process (PID=22589) to work on /home/logi/txtai/venv/lib/python3.10/site-packages/airflow/example_dags/plugins/listener_plugin.py
[2025-10-29T20:22:28.949+0530] {processor.py:830} INFO - Processing file /home/logi/txtai/venv/lib/python3.10/site-packages/airflow/example_dags/plugins/listener_plugin.py for tasks to queue
[2025-10-29T20:22:28.952+0530] {logging_mixin.py:188} INFO - [2025-10-29T20:22:28.951+0530] {dagbag.py:545} INFO - Filling up the DagBag from /home/logi/txtai/venv/lib/python3.10/site-packages/airflow/example_dags/plugins/listener_plugin.py
[2025-10-29T20:22:28.956+0530] {processor.py:842} WARNING - No viable dags retrieved from /home/logi/txtai/venv/lib/python3.10/site-packages/airflow/example_dags/plugins/listener_plugin.py
[2025-10-29T20:22:28.976+0530] {processor.py:183} INFO - Processing /home/logi/txtai/venv/lib/python3.10/site-packages/airflow/example_dags/plugins/listener_plugin.py took 0.052 seconds
[2025-10-29T20:23:23.327+0530] {processor.py:161} INFO - Started process (PID=22665) to work on /home/logi/txtai/venv/lib/python3.10/site-packages/airflow/example_dags/plugins/listener_plugin.py
[2025-10-29T20:23:23.341+0530] {processor.py:830} INFO - Processing file /home/logi/txtai/venv/lib/python3.10/site-packages/airflow/example_dags/plugins/listener_plugin.py for tasks to queue
[2025-10-29T20:23:23.344+0530] {logging_mixin.py:188} INFO - [2025-10-29T20:23:23.343+0530] {dagbag.py:545} INFO - Filling up the DagBag from /home/logi/txtai/venv/lib/python3.10/site-packages/airflow/example_dags/plugins/listener_plugin.py
[2025-10-29T20:23:23.348+0530] {processor.py:842} WARNING - No viable dags retrieved from /home/logi/txtai/venv/lib/python3.10/site-packages/airflow/example_dags/plugins/listener_plugin.py
[2025-10-29T20:23:23.368+0530] {processor.py:183} INFO - Processing /home/logi/txtai/venv/lib/python3.10/site-packages/airflow/example_dags/plugins/listener_plugin.py took 0.053 seconds
[2025-10-29T20:24:18.604+0530] {processor.py:161} INFO - Started process (PID=22751) to work on /home/logi/txtai/venv/lib/python3.10/site-packages/airflow/example_dags/plugins/listener_plugin.py
[2025-10-29T20:24:18.618+0530] {processor.py:830} INFO - Processing file /home/logi/txtai/venv/lib/python3.10/site-packages/airflow/example_dags/plugins/listener_plugin.py for tasks to queue
[2025-10-29T20:24:18.621+0530] {logging_mixin.py:188} INFO - [2025-10-29T20:24:18.620+0530] {dagbag.py:545} INFO - Filling up the DagBag from /home/logi/txtai/venv/lib/python3.10/site-packages/airflow/example_dags/plugins/listener_plugin.py
[2025-10-29T20:24:18.626+0530] {processor.py:842} WARNING - No viable dags retrieved from /home/logi/txtai/venv/lib/python3.10/site-packages/airflow/example_dags/plugins/listener_plugin.py
[2025-10-29T20:24:18.644+0530] {processor.py:183} INFO - Processing /home/logi/txtai/venv/lib/python3.10/site-packages/airflow/example_dags/plugins/listener_plugin.py took 0.051 seconds
[2025-10-29T20:25:13.996+0530] {processor.py:161} INFO - Started process (PID=22901) to work on /home/logi/txtai/venv/lib/python3.10/site-packages/airflow/example_dags/plugins/listener_plugin.py
[2025-10-29T20:25:14.009+0530] {processor.py:830} INFO - Processing file /home/logi/txtai/venv/lib/python3.10/site-packages/airflow/example_dags/plugins/listener_plugin.py for tasks to queue
[2025-10-29T20:25:14.012+0530] {logging_mixin.py:188} INFO - [2025-10-29T20:25:14.011+0530] {dagbag.py:545} INFO - Filling up the DagBag from /home/logi/txtai/venv/lib/python3.10/site-packages/airflow/example_dags/plugins/listener_plugin.py
[2025-10-29T20:25:14.016+0530] {processor.py:842} WARNING - No viable dags retrieved from /home/logi/txtai/venv/lib/python3.10/site-packages/airflow/example_dags/plugins/listener_plugin.py
[2025-10-29T20:25:14.036+0530] {processor.py:183} INFO - Processing /home/logi/txtai/venv/lib/python3.10/site-packages/airflow/example_dags/plugins/listener_plugin.py took 0.052 seconds
[2025-10-29T20:26:04.988+0530] {processor.py:161} INFO - Started process (PID=22973) to work on /home/logi/txtai/venv/lib/python3.10/site-packages/airflow/example_dags/plugins/listener_plugin.py
[2025-10-29T20:26:05.001+0530] {processor.py:830} INFO - Processing file /home/logi/txtai/venv/lib/python3.10/site-packages/airflow/example_dags/plugins/listener_plugin.py for tasks to queue
[2025-10-29T20:26:05.004+0530] {logging_mixin.py:188} INFO - [2025-10-29T20:26:05.003+0530] {dagbag.py:545} INFO - Filling up the DagBag from /home/logi/txtai/venv/lib/python3.10/site-packages/airflow/example_dags/plugins/listener_plugin.py
[2025-10-29T20:26:05.008+0530] {processor.py:842} WARNING - No viable dags retrieved from /home/logi/txtai/venv/lib/python3.10/site-packages/airflow/example_dags/plugins/listener_plugin.py
[2025-10-29T20:26:05.026+0530] {processor.py:183} INFO - Processing /home/logi/txtai/venv/lib/python3.10/site-packages/airflow/example_dags/plugins/listener_plugin.py took 0.049 seconds
[2025-10-29T20:26:57.719+0530] {processor.py:161} INFO - Started process (PID=23203) to work on /home/logi/txtai/venv/lib/python3.10/site-packages/airflow/example_dags/plugins/listener_plugin.py
[2025-10-29T20:26:57.720+0530] {processor.py:830} INFO - Processing file /home/logi/txtai/venv/lib/python3.10/site-packages/airflow/example_dags/plugins/listener_plugin.py for tasks to queue
[2025-10-29T20:26:57.722+0530] {logging_mixin.py:188} INFO - [2025-10-29T20:26:57.721+0530] {dagbag.py:545} INFO - Filling up the DagBag from /home/logi/txtai/venv/lib/python3.10/site-packages/airflow/example_dags/plugins/listener_plugin.py
[2025-10-29T20:26:57.724+0530] {processor.py:842} WARNING - No viable dags retrieved from /home/logi/txtai/venv/lib/python3.10/site-packages/airflow/example_dags/plugins/listener_plugin.py
[2025-10-29T20:26:57.736+0530] {processor.py:183} INFO - Processing /home/logi/txtai/venv/lib/python3.10/site-packages/airflow/example_dags/plugins/listener_plugin.py took 0.024 seconds
[2025-10-29T20:27:47.560+0530] {processor.py:161} INFO - Started process (PID=23272) to work on /home/logi/txtai/venv/lib/python3.10/site-packages/airflow/example_dags/plugins/listener_plugin.py
[2025-10-29T20:27:47.573+0530] {processor.py:830} INFO - Processing file /home/logi/txtai/venv/lib/python3.10/site-packages/airflow/example_dags/plugins/listener_plugin.py for tasks to queue
[2025-10-29T20:27:47.576+0530] {logging_mixin.py:188} INFO - [2025-10-29T20:27:47.576+0530] {dagbag.py:545} INFO - Filling up the DagBag from /home/logi/txtai/venv/lib/python3.10/site-packages/airflow/example_dags/plugins/listener_plugin.py
[2025-10-29T20:27:47.581+0530] {processor.py:842} WARNING - No viable dags retrieved from /home/logi/txtai/venv/lib/python3.10/site-packages/airflow/example_dags/plugins/listener_plugin.py
[2025-10-29T20:27:47.601+0530] {processor.py:183} INFO - Processing /home/logi/txtai/venv/lib/python3.10/site-packages/airflow/example_dags/plugins/listener_plugin.py took 0.051 seconds
[2025-10-29T20:28:36.807+0530] {processor.py:161} INFO - Started process (PID=23361) to work on /home/logi/txtai/venv/lib/python3.10/site-packages/airflow/example_dags/plugins/listener_plugin.py
[2025-10-29T20:28:36.810+0530] {processor.py:830} INFO - Processing file /home/logi/txtai/venv/lib/python3.10/site-packages/airflow/example_dags/plugins/listener_plugin.py for tasks to queue
[2025-10-29T20:28:36.813+0530] {logging_mixin.py:188} INFO - [2025-10-29T20:28:36.812+0530] {dagbag.py:545} INFO - Filling up the DagBag from /home/logi/txtai/venv/lib/python3.10/site-packages/airflow/example_dags/plugins/listener_plugin.py
[2025-10-29T20:28:36.818+0530] {processor.py:842} WARNING - No viable dags retrieved from /home/logi/txtai/venv/lib/python3.10/site-packages/airflow/example_dags/plugins/listener_plugin.py
[2025-10-29T20:28:36.837+0530] {processor.py:183} INFO - Processing /home/logi/txtai/venv/lib/python3.10/site-packages/airflow/example_dags/plugins/listener_plugin.py took 0.042 seconds
[2025-10-29T20:29:31.076+0530] {processor.py:161} INFO - Started process (PID=23426) to work on /home/logi/txtai/venv/lib/python3.10/site-packages/airflow/example_dags/plugins/listener_plugin.py
[2025-10-29T20:29:31.089+0530] {processor.py:830} INFO - Processing file /home/logi/txtai/venv/lib/python3.10/site-packages/airflow/example_dags/plugins/listener_plugin.py for tasks to queue
[2025-10-29T20:29:31.093+0530] {logging_mixin.py:188} INFO - [2025-10-29T20:29:31.092+0530] {dagbag.py:545} INFO - Filling up the DagBag from /home/logi/txtai/venv/lib/python3.10/site-packages/airflow/example_dags/plugins/listener_plugin.py
[2025-10-29T20:29:31.097+0530] {processor.py:842} WARNING - No viable dags retrieved from /home/logi/txtai/venv/lib/python3.10/site-packages/airflow/example_dags/plugins/listener_plugin.py
[2025-10-29T20:29:31.120+0530] {processor.py:183} INFO - Processing /home/logi/txtai/venv/lib/python3.10/site-packages/airflow/example_dags/plugins/listener_plugin.py took 0.058 seconds
[2025-10-29T20:30:25.361+0530] {processor.py:161} INFO - Started process (PID=23543) to work on /home/logi/txtai/venv/lib/python3.10/site-packages/airflow/example_dags/plugins/listener_plugin.py
[2025-10-29T20:30:25.375+0530] {processor.py:830} INFO - Processing file /home/logi/txtai/venv/lib/python3.10/site-packages/airflow/example_dags/plugins/listener_plugin.py for tasks to queue
[2025-10-29T20:30:25.378+0530] {logging_mixin.py:188} INFO - [2025-10-29T20:30:25.377+0530] {dagbag.py:545} INFO - Filling up the DagBag from /home/logi/txtai/venv/lib/python3.10/site-packages/airflow/example_dags/plugins/listener_plugin.py
[2025-10-29T20:30:25.383+0530] {processor.py:842} WARNING - No viable dags retrieved from /home/logi/txtai/venv/lib/python3.10/site-packages/airflow/example_dags/plugins/listener_plugin.py
[2025-10-29T20:30:25.400+0530] {processor.py:183} INFO - Processing /home/logi/txtai/venv/lib/python3.10/site-packages/airflow/example_dags/plugins/listener_plugin.py took 0.050 seconds
[2025-10-29T20:31:17.450+0530] {processor.py:161} INFO - Started process (PID=23612) to work on /home/logi/txtai/venv/lib/python3.10/site-packages/airflow/example_dags/plugins/listener_plugin.py
[2025-10-29T20:31:17.464+0530] {processor.py:830} INFO - Processing file /home/logi/txtai/venv/lib/python3.10/site-packages/airflow/example_dags/plugins/listener_plugin.py for tasks to queue
[2025-10-29T20:31:17.467+0530] {logging_mixin.py:188} INFO - [2025-10-29T20:31:17.466+0530] {dagbag.py:545} INFO - Filling up the DagBag from /home/logi/txtai/venv/lib/python3.10/site-packages/airflow/example_dags/plugins/listener_plugin.py
[2025-10-29T20:31:17.472+0530] {processor.py:842} WARNING - No viable dags retrieved from /home/logi/txtai/venv/lib/python3.10/site-packages/airflow/example_dags/plugins/listener_plugin.py
[2025-10-29T20:31:17.490+0530] {processor.py:183} INFO - Processing /home/logi/txtai/venv/lib/python3.10/site-packages/airflow/example_dags/plugins/listener_plugin.py took 0.052 seconds
[2025-10-29T20:32:08.310+0530] {processor.py:161} INFO - Started process (PID=23684) to work on /home/logi/txtai/venv/lib/python3.10/site-packages/airflow/example_dags/plugins/listener_plugin.py
[2025-10-29T20:32:08.324+0530] {processor.py:830} INFO - Processing file /home/logi/txtai/venv/lib/python3.10/site-packages/airflow/example_dags/plugins/listener_plugin.py for tasks to queue
[2025-10-29T20:32:08.327+0530] {logging_mixin.py:188} INFO - [2025-10-29T20:32:08.326+0530] {dagbag.py:545} INFO - Filling up the DagBag from /home/logi/txtai/venv/lib/python3.10/site-packages/airflow/example_dags/plugins/listener_plugin.py
[2025-10-29T20:32:08.331+0530] {processor.py:842} WARNING - No viable dags retrieved from /home/logi/txtai/venv/lib/python3.10/site-packages/airflow/example_dags/plugins/listener_plugin.py
[2025-10-29T20:32:08.351+0530] {processor.py:183} INFO - Processing /home/logi/txtai/venv/lib/python3.10/site-packages/airflow/example_dags/plugins/listener_plugin.py took 0.053 seconds
[2025-10-29T20:33:02.065+0530] {processor.py:161} INFO - Started process (PID=23766) to work on /home/logi/txtai/venv/lib/python3.10/site-packages/airflow/example_dags/plugins/listener_plugin.py
[2025-10-29T20:33:02.067+0530] {processor.py:830} INFO - Processing file /home/logi/txtai/venv/lib/python3.10/site-packages/airflow/example_dags/plugins/listener_plugin.py for tasks to queue
[2025-10-29T20:33:02.070+0530] {logging_mixin.py:188} INFO - [2025-10-29T20:33:02.069+0530] {dagbag.py:545} INFO - Filling up the DagBag from /home/logi/txtai/venv/lib/python3.10/site-packages/airflow/example_dags/plugins/listener_plugin.py
[2025-10-29T20:33:02.074+0530] {processor.py:842} WARNING - No viable dags retrieved from /home/logi/txtai/venv/lib/python3.10/site-packages/airflow/example_dags/plugins/listener_plugin.py
[2025-10-29T20:33:02.096+0530] {processor.py:183} INFO - Processing /home/logi/txtai/venv/lib/python3.10/site-packages/airflow/example_dags/plugins/listener_plugin.py took 0.045 seconds
[2025-10-29T20:33:54.761+0530] {processor.py:161} INFO - Started process (PID=23834) to work on /home/logi/txtai/venv/lib/python3.10/site-packages/airflow/example_dags/plugins/listener_plugin.py
[2025-10-29T20:33:54.763+0530] {processor.py:830} INFO - Processing file /home/logi/txtai/venv/lib/python3.10/site-packages/airflow/example_dags/plugins/listener_plugin.py for tasks to queue
[2025-10-29T20:33:54.766+0530] {logging_mixin.py:188} INFO - [2025-10-29T20:33:54.765+0530] {dagbag.py:545} INFO - Filling up the DagBag from /home/logi/txtai/venv/lib/python3.10/site-packages/airflow/example_dags/plugins/listener_plugin.py
[2025-10-29T20:33:54.770+0530] {processor.py:842} WARNING - No viable dags retrieved from /home/logi/txtai/venv/lib/python3.10/site-packages/airflow/example_dags/plugins/listener_plugin.py
[2025-10-29T20:33:54.789+0530] {processor.py:183} INFO - Processing /home/logi/txtai/venv/lib/python3.10/site-packages/airflow/example_dags/plugins/listener_plugin.py took 0.039 seconds
[2025-10-29T20:34:43.344+0530] {processor.py:161} INFO - Started process (PID=23923) to work on /home/logi/txtai/venv/lib/python3.10/site-packages/airflow/example_dags/plugins/listener_plugin.py
[2025-10-29T20:34:43.358+0530] {processor.py:830} INFO - Processing file /home/logi/txtai/venv/lib/python3.10/site-packages/airflow/example_dags/plugins/listener_plugin.py for tasks to queue
[2025-10-29T20:34:43.361+0530] {logging_mixin.py:188} INFO - [2025-10-29T20:34:43.360+0530] {dagbag.py:545} INFO - Filling up the DagBag from /home/logi/txtai/venv/lib/python3.10/site-packages/airflow/example_dags/plugins/listener_plugin.py
[2025-10-29T20:34:43.365+0530] {processor.py:842} WARNING - No viable dags retrieved from /home/logi/txtai/venv/lib/python3.10/site-packages/airflow/example_dags/plugins/listener_plugin.py
[2025-10-29T20:34:43.385+0530] {processor.py:183} INFO - Processing /home/logi/txtai/venv/lib/python3.10/site-packages/airflow/example_dags/plugins/listener_plugin.py took 0.052 seconds
[2025-10-29T20:35:34.354+0530] {processor.py:161} INFO - Started process (PID=24011) to work on /home/logi/txtai/venv/lib/python3.10/site-packages/airflow/example_dags/plugins/listener_plugin.py
[2025-10-29T20:35:34.367+0530] {processor.py:830} INFO - Processing file /home/logi/txtai/venv/lib/python3.10/site-packages/airflow/example_dags/plugins/listener_plugin.py for tasks to queue
[2025-10-29T20:35:34.371+0530] {logging_mixin.py:188} INFO - [2025-10-29T20:35:34.370+0530] {dagbag.py:545} INFO - Filling up the DagBag from /home/logi/txtai/venv/lib/python3.10/site-packages/airflow/example_dags/plugins/listener_plugin.py
[2025-10-29T20:35:34.375+0530] {processor.py:842} WARNING - No viable dags retrieved from /home/logi/txtai/venv/lib/python3.10/site-packages/airflow/example_dags/plugins/listener_plugin.py
[2025-10-29T20:35:34.395+0530] {processor.py:183} INFO - Processing /home/logi/txtai/venv/lib/python3.10/site-packages/airflow/example_dags/plugins/listener_plugin.py took 0.053 seconds
[2025-10-29T20:36:27.303+0530] {processor.py:161} INFO - Started process (PID=24077) to work on /home/logi/txtai/venv/lib/python3.10/site-packages/airflow/example_dags/plugins/listener_plugin.py
[2025-10-29T20:36:27.317+0530] {processor.py:830} INFO - Processing file /home/logi/txtai/venv/lib/python3.10/site-packages/airflow/example_dags/plugins/listener_plugin.py for tasks to queue
[2025-10-29T20:36:27.320+0530] {logging_mixin.py:188} INFO - [2025-10-29T20:36:27.319+0530] {dagbag.py:545} INFO - Filling up the DagBag from /home/logi/txtai/venv/lib/python3.10/site-packages/airflow/example_dags/plugins/listener_plugin.py
[2025-10-29T20:36:27.325+0530] {processor.py:842} WARNING - No viable dags retrieved from /home/logi/txtai/venv/lib/python3.10/site-packages/airflow/example_dags/plugins/listener_plugin.py
[2025-10-29T20:36:27.344+0530] {processor.py:183} INFO - Processing /home/logi/txtai/venv/lib/python3.10/site-packages/airflow/example_dags/plugins/listener_plugin.py took 0.053 seconds
[2025-10-29T20:37:20.945+0530] {processor.py:161} INFO - Started process (PID=24143) to work on /home/logi/txtai/venv/lib/python3.10/site-packages/airflow/example_dags/plugins/listener_plugin.py
[2025-10-29T20:37:20.958+0530] {processor.py:830} INFO - Processing file /home/logi/txtai/venv/lib/python3.10/site-packages/airflow/example_dags/plugins/listener_plugin.py for tasks to queue
[2025-10-29T20:37:20.961+0530] {logging_mixin.py:188} INFO - [2025-10-29T20:37:20.960+0530] {dagbag.py:545} INFO - Filling up the DagBag from /home/logi/txtai/venv/lib/python3.10/site-packages/airflow/example_dags/plugins/listener_plugin.py
[2025-10-29T20:37:20.966+0530] {processor.py:842} WARNING - No viable dags retrieved from /home/logi/txtai/venv/lib/python3.10/site-packages/airflow/example_dags/plugins/listener_plugin.py
[2025-10-29T20:37:20.985+0530] {processor.py:183} INFO - Processing /home/logi/txtai/venv/lib/python3.10/site-packages/airflow/example_dags/plugins/listener_plugin.py took 0.052 seconds
