[2025-10-29T19:29:31.446+0530] {processor.py:161} INFO - Started process (PID=16061) to work on /home/logi/txtai/venv/lib/python3.10/site-packages/airflow/example_dags/plugins/workday.py
[2025-10-29T19:29:31.447+0530] {processor.py:830} INFO - Processing file /home/logi/txtai/venv/lib/python3.10/site-packages/airflow/example_dags/plugins/workday.py for tasks to queue
[2025-10-29T19:29:31.450+0530] {logging_mixin.py:188} INFO - [2025-10-29T19:29:31.449+0530] {dagbag.py:545} INFO - Filling up the DagBag from /home/logi/txtai/venv/lib/python3.10/site-packages/airflow/example_dags/plugins/workday.py
[2025-10-29T19:29:31.837+0530] {processor.py:842} WARNING - No viable dags retrieved from /home/logi/txtai/venv/lib/python3.10/site-packages/airflow/example_dags/plugins/workday.py
[2025-10-29T19:29:31.842+0530] {processor.py:183} INFO - Processing /home/logi/txtai/venv/lib/python3.10/site-packages/airflow/example_dags/plugins/workday.py took 0.406 seconds
[2025-10-29T19:30:30.288+0530] {processor.py:161} INFO - Started process (PID=16403) to work on /home/logi/txtai/venv/lib/python3.10/site-packages/airflow/example_dags/plugins/workday.py
[2025-10-29T19:30:30.301+0530] {processor.py:830} INFO - Processing file /home/logi/txtai/venv/lib/python3.10/site-packages/airflow/example_dags/plugins/workday.py for tasks to queue
[2025-10-29T19:30:30.304+0530] {logging_mixin.py:188} INFO - [2025-10-29T19:30:30.303+0530] {dagbag.py:545} INFO - Filling up the DagBag from /home/logi/txtai/venv/lib/python3.10/site-packages/airflow/example_dags/plugins/workday.py
[2025-10-29T19:30:30.536+0530] {processor.py:842} WARNING - No viable dags retrieved from /home/logi/txtai/venv/lib/python3.10/site-packages/airflow/example_dags/plugins/workday.py
[2025-10-29T19:30:30.543+0530] {processor.py:183} INFO - Processing /home/logi/txtai/venv/lib/python3.10/site-packages/airflow/example_dags/plugins/workday.py took 0.266 seconds
[2025-10-29T19:31:20.753+0530] {processor.py:161} INFO - Started process (PID=16582) to work on /home/logi/txtai/venv/lib/python3.10/site-packages/airflow/example_dags/plugins/workday.py
[2025-10-29T19:31:20.766+0530] {processor.py:830} INFO - Processing file /home/logi/txtai/venv/lib/python3.10/site-packages/airflow/example_dags/plugins/workday.py for tasks to queue
[2025-10-29T19:31:20.769+0530] {logging_mixin.py:188} INFO - [2025-10-29T19:31:20.769+0530] {dagbag.py:545} INFO - Filling up the DagBag from /home/logi/txtai/venv/lib/python3.10/site-packages/airflow/example_dags/plugins/workday.py
[2025-10-29T19:31:21.018+0530] {processor.py:842} WARNING - No viable dags retrieved from /home/logi/txtai/venv/lib/python3.10/site-packages/airflow/example_dags/plugins/workday.py
[2025-10-29T19:31:21.028+0530] {processor.py:183} INFO - Processing /home/logi/txtai/venv/lib/python3.10/site-packages/airflow/example_dags/plugins/workday.py took 0.285 seconds
[2025-10-29T19:32:04.254+0530] {processor.py:161} INFO - Started process (PID=16648) to work on /home/logi/txtai/venv/lib/python3.10/site-packages/airflow/example_dags/plugins/workday.py
[2025-10-29T19:32:04.267+0530] {processor.py:830} INFO - Processing file /home/logi/txtai/venv/lib/python3.10/site-packages/airflow/example_dags/plugins/workday.py for tasks to queue
[2025-10-29T19:32:04.269+0530] {logging_mixin.py:188} INFO - [2025-10-29T19:32:04.268+0530] {dagbag.py:545} INFO - Filling up the DagBag from /home/logi/txtai/venv/lib/python3.10/site-packages/airflow/example_dags/plugins/workday.py
[2025-10-29T19:32:04.497+0530] {processor.py:842} WARNING - No viable dags retrieved from /home/logi/txtai/venv/lib/python3.10/site-packages/airflow/example_dags/plugins/workday.py
[2025-10-29T19:32:04.505+0530] {processor.py:183} INFO - Processing /home/logi/txtai/venv/lib/python3.10/site-packages/airflow/example_dags/plugins/workday.py took 0.256 seconds
[2025-10-29T19:32:51.810+0530] {processor.py:161} INFO - Started process (PID=16720) to work on /home/logi/txtai/venv/lib/python3.10/site-packages/airflow/example_dags/plugins/workday.py
[2025-10-29T19:32:51.812+0530] {processor.py:830} INFO - Processing file /home/logi/txtai/venv/lib/python3.10/site-packages/airflow/example_dags/plugins/workday.py for tasks to queue
[2025-10-29T19:32:51.814+0530] {logging_mixin.py:188} INFO - [2025-10-29T19:32:51.813+0530] {dagbag.py:545} INFO - Filling up the DagBag from /home/logi/txtai/venv/lib/python3.10/site-packages/airflow/example_dags/plugins/workday.py
[2025-10-29T19:32:52.243+0530] {processor.py:842} WARNING - No viable dags retrieved from /home/logi/txtai/venv/lib/python3.10/site-packages/airflow/example_dags/plugins/workday.py
[2025-10-29T19:32:52.253+0530] {processor.py:183} INFO - Processing /home/logi/txtai/venv/lib/python3.10/site-packages/airflow/example_dags/plugins/workday.py took 0.461 seconds
[2025-10-29T19:33:42.720+0530] {processor.py:161} INFO - Started process (PID=16870) to work on /home/logi/txtai/venv/lib/python3.10/site-packages/airflow/example_dags/plugins/workday.py
[2025-10-29T19:33:42.733+0530] {processor.py:830} INFO - Processing file /home/logi/txtai/venv/lib/python3.10/site-packages/airflow/example_dags/plugins/workday.py for tasks to queue
[2025-10-29T19:33:42.737+0530] {logging_mixin.py:188} INFO - [2025-10-29T19:33:42.736+0530] {dagbag.py:545} INFO - Filling up the DagBag from /home/logi/txtai/venv/lib/python3.10/site-packages/airflow/example_dags/plugins/workday.py
[2025-10-29T19:33:42.999+0530] {processor.py:842} WARNING - No viable dags retrieved from /home/logi/txtai/venv/lib/python3.10/site-packages/airflow/example_dags/plugins/workday.py
[2025-10-29T19:33:43.009+0530] {processor.py:183} INFO - Processing /home/logi/txtai/venv/lib/python3.10/site-packages/airflow/example_dags/plugins/workday.py took 0.300 seconds
[2025-10-29T19:34:30.801+0530] {processor.py:161} INFO - Started process (PID=16949) to work on /home/logi/txtai/venv/lib/python3.10/site-packages/airflow/example_dags/plugins/workday.py
[2025-10-29T19:34:30.814+0530] {processor.py:830} INFO - Processing file /home/logi/txtai/venv/lib/python3.10/site-packages/airflow/example_dags/plugins/workday.py for tasks to queue
[2025-10-29T19:34:30.817+0530] {logging_mixin.py:188} INFO - [2025-10-29T19:34:30.817+0530] {dagbag.py:545} INFO - Filling up the DagBag from /home/logi/txtai/venv/lib/python3.10/site-packages/airflow/example_dags/plugins/workday.py
[2025-10-29T19:34:31.075+0530] {processor.py:842} WARNING - No viable dags retrieved from /home/logi/txtai/venv/lib/python3.10/site-packages/airflow/example_dags/plugins/workday.py
[2025-10-29T19:34:31.085+0530] {processor.py:183} INFO - Processing /home/logi/txtai/venv/lib/python3.10/site-packages/airflow/example_dags/plugins/workday.py took 0.297 seconds
[2025-10-29T19:35:20.640+0530] {processor.py:161} INFO - Started process (PID=17028) to work on /home/logi/txtai/venv/lib/python3.10/site-packages/airflow/example_dags/plugins/workday.py
[2025-10-29T19:35:20.654+0530] {processor.py:830} INFO - Processing file /home/logi/txtai/venv/lib/python3.10/site-packages/airflow/example_dags/plugins/workday.py for tasks to queue
[2025-10-29T19:35:20.657+0530] {logging_mixin.py:188} INFO - [2025-10-29T19:35:20.656+0530] {dagbag.py:545} INFO - Filling up the DagBag from /home/logi/txtai/venv/lib/python3.10/site-packages/airflow/example_dags/plugins/workday.py
[2025-10-29T19:35:20.918+0530] {processor.py:842} WARNING - No viable dags retrieved from /home/logi/txtai/venv/lib/python3.10/site-packages/airflow/example_dags/plugins/workday.py
[2025-10-29T19:35:20.928+0530] {processor.py:183} INFO - Processing /home/logi/txtai/venv/lib/python3.10/site-packages/airflow/example_dags/plugins/workday.py took 0.299 seconds
[2025-10-29T19:36:10.515+0530] {processor.py:161} INFO - Started process (PID=17136) to work on /home/logi/txtai/venv/lib/python3.10/site-packages/airflow/example_dags/plugins/workday.py
[2025-10-29T19:36:10.517+0530] {processor.py:830} INFO - Processing file /home/logi/txtai/venv/lib/python3.10/site-packages/airflow/example_dags/plugins/workday.py for tasks to queue
[2025-10-29T19:36:10.520+0530] {logging_mixin.py:188} INFO - [2025-10-29T19:36:10.519+0530] {dagbag.py:545} INFO - Filling up the DagBag from /home/logi/txtai/venv/lib/python3.10/site-packages/airflow/example_dags/plugins/workday.py
[2025-10-29T19:36:10.769+0530] {processor.py:842} WARNING - No viable dags retrieved from /home/logi/txtai/venv/lib/python3.10/site-packages/airflow/example_dags/plugins/workday.py
[2025-10-29T19:36:10.779+0530] {processor.py:183} INFO - Processing /home/logi/txtai/venv/lib/python3.10/site-packages/airflow/example_dags/plugins/workday.py took 0.275 seconds
[2025-10-29T19:37:02.611+0530] {processor.py:161} INFO - Started process (PID=17365) to work on /home/logi/txtai/venv/lib/python3.10/site-packages/airflow/example_dags/plugins/workday.py
[2025-10-29T19:37:02.625+0530] {processor.py:830} INFO - Processing file /home/logi/txtai/venv/lib/python3.10/site-packages/airflow/example_dags/plugins/workday.py for tasks to queue
[2025-10-29T19:37:02.628+0530] {logging_mixin.py:188} INFO - [2025-10-29T19:37:02.627+0530] {dagbag.py:545} INFO - Filling up the DagBag from /home/logi/txtai/venv/lib/python3.10/site-packages/airflow/example_dags/plugins/workday.py
[2025-10-29T19:37:02.890+0530] {processor.py:842} WARNING - No viable dags retrieved from /home/logi/txtai/venv/lib/python3.10/site-packages/airflow/example_dags/plugins/workday.py
[2025-10-29T19:37:02.900+0530] {processor.py:183} INFO - Processing /home/logi/txtai/venv/lib/python3.10/site-packages/airflow/example_dags/plugins/workday.py took 0.300 seconds
[2025-10-29T19:37:53.031+0530] {processor.py:161} INFO - Started process (PID=17427) to work on /home/logi/txtai/venv/lib/python3.10/site-packages/airflow/example_dags/plugins/workday.py
[2025-10-29T19:37:53.044+0530] {processor.py:830} INFO - Processing file /home/logi/txtai/venv/lib/python3.10/site-packages/airflow/example_dags/plugins/workday.py for tasks to queue
[2025-10-29T19:37:53.047+0530] {logging_mixin.py:188} INFO - [2025-10-29T19:37:53.046+0530] {dagbag.py:545} INFO - Filling up the DagBag from /home/logi/txtai/venv/lib/python3.10/site-packages/airflow/example_dags/plugins/workday.py
[2025-10-29T19:37:53.307+0530] {processor.py:842} WARNING - No viable dags retrieved from /home/logi/txtai/venv/lib/python3.10/site-packages/airflow/example_dags/plugins/workday.py
[2025-10-29T19:37:53.317+0530] {processor.py:183} INFO - Processing /home/logi/txtai/venv/lib/python3.10/site-packages/airflow/example_dags/plugins/workday.py took 0.297 seconds
[2025-10-29T19:38:45.759+0530] {processor.py:161} INFO - Started process (PID=17489) to work on /home/logi/txtai/venv/lib/python3.10/site-packages/airflow/example_dags/plugins/workday.py
[2025-10-29T19:38:45.772+0530] {processor.py:830} INFO - Processing file /home/logi/txtai/venv/lib/python3.10/site-packages/airflow/example_dags/plugins/workday.py for tasks to queue
[2025-10-29T19:38:45.776+0530] {logging_mixin.py:188} INFO - [2025-10-29T19:38:45.775+0530] {dagbag.py:545} INFO - Filling up the DagBag from /home/logi/txtai/venv/lib/python3.10/site-packages/airflow/example_dags/plugins/workday.py
[2025-10-29T19:38:46.033+0530] {processor.py:842} WARNING - No viable dags retrieved from /home/logi/txtai/venv/lib/python3.10/site-packages/airflow/example_dags/plugins/workday.py
[2025-10-29T19:38:46.043+0530] {processor.py:183} INFO - Processing /home/logi/txtai/venv/lib/python3.10/site-packages/airflow/example_dags/plugins/workday.py took 0.295 seconds
[2025-10-29T19:39:40.315+0530] {processor.py:161} INFO - Started process (PID=17587) to work on /home/logi/txtai/venv/lib/python3.10/site-packages/airflow/example_dags/plugins/workday.py
[2025-10-29T19:39:40.328+0530] {processor.py:830} INFO - Processing file /home/logi/txtai/venv/lib/python3.10/site-packages/airflow/example_dags/plugins/workday.py for tasks to queue
[2025-10-29T19:39:40.331+0530] {logging_mixin.py:188} INFO - [2025-10-29T19:39:40.331+0530] {dagbag.py:545} INFO - Filling up the DagBag from /home/logi/txtai/venv/lib/python3.10/site-packages/airflow/example_dags/plugins/workday.py
[2025-10-29T19:39:40.593+0530] {processor.py:842} WARNING - No viable dags retrieved from /home/logi/txtai/venv/lib/python3.10/site-packages/airflow/example_dags/plugins/workday.py
[2025-10-29T19:39:40.603+0530] {processor.py:183} INFO - Processing /home/logi/txtai/venv/lib/python3.10/site-packages/airflow/example_dags/plugins/workday.py took 0.300 seconds
[2025-10-29T19:40:30.842+0530] {processor.py:161} INFO - Started process (PID=17767) to work on /home/logi/txtai/venv/lib/python3.10/site-packages/airflow/example_dags/plugins/workday.py
[2025-10-29T19:40:30.844+0530] {processor.py:830} INFO - Processing file /home/logi/txtai/venv/lib/python3.10/site-packages/airflow/example_dags/plugins/workday.py for tasks to queue
[2025-10-29T19:40:30.847+0530] {logging_mixin.py:188} INFO - [2025-10-29T19:40:30.847+0530] {dagbag.py:545} INFO - Filling up the DagBag from /home/logi/txtai/venv/lib/python3.10/site-packages/airflow/example_dags/plugins/workday.py
[2025-10-29T19:40:31.123+0530] {processor.py:842} WARNING - No viable dags retrieved from /home/logi/txtai/venv/lib/python3.10/site-packages/airflow/example_dags/plugins/workday.py
[2025-10-29T19:40:31.134+0530] {processor.py:183} INFO - Processing /home/logi/txtai/venv/lib/python3.10/site-packages/airflow/example_dags/plugins/workday.py took 0.304 seconds
[2025-10-29T19:41:19.954+0530] {processor.py:161} INFO - Started process (PID=17897) to work on /home/logi/txtai/venv/lib/python3.10/site-packages/airflow/example_dags/plugins/workday.py
[2025-10-29T19:41:19.956+0530] {processor.py:830} INFO - Processing file /home/logi/txtai/venv/lib/python3.10/site-packages/airflow/example_dags/plugins/workday.py for tasks to queue
[2025-10-29T19:41:19.959+0530] {logging_mixin.py:188} INFO - [2025-10-29T19:41:19.958+0530] {dagbag.py:545} INFO - Filling up the DagBag from /home/logi/txtai/venv/lib/python3.10/site-packages/airflow/example_dags/plugins/workday.py
[2025-10-29T19:41:20.213+0530] {processor.py:842} WARNING - No viable dags retrieved from /home/logi/txtai/venv/lib/python3.10/site-packages/airflow/example_dags/plugins/workday.py
[2025-10-29T19:41:20.223+0530] {processor.py:183} INFO - Processing /home/logi/txtai/venv/lib/python3.10/site-packages/airflow/example_dags/plugins/workday.py took 0.280 seconds
[2025-10-29T19:42:11.130+0530] {processor.py:161} INFO - Started process (PID=17979) to work on /home/logi/txtai/venv/lib/python3.10/site-packages/airflow/example_dags/plugins/workday.py
[2025-10-29T19:42:11.144+0530] {processor.py:830} INFO - Processing file /home/logi/txtai/venv/lib/python3.10/site-packages/airflow/example_dags/plugins/workday.py for tasks to queue
[2025-10-29T19:42:11.147+0530] {logging_mixin.py:188} INFO - [2025-10-29T19:42:11.146+0530] {dagbag.py:545} INFO - Filling up the DagBag from /home/logi/txtai/venv/lib/python3.10/site-packages/airflow/example_dags/plugins/workday.py
[2025-10-29T19:42:11.403+0530] {processor.py:842} WARNING - No viable dags retrieved from /home/logi/txtai/venv/lib/python3.10/site-packages/airflow/example_dags/plugins/workday.py
[2025-10-29T19:42:11.413+0530] {processor.py:183} INFO - Processing /home/logi/txtai/venv/lib/python3.10/site-packages/airflow/example_dags/plugins/workday.py took 0.295 seconds
[2025-10-29T19:43:04.683+0530] {processor.py:161} INFO - Started process (PID=18043) to work on /home/logi/txtai/venv/lib/python3.10/site-packages/airflow/example_dags/plugins/workday.py
[2025-10-29T19:43:04.697+0530] {processor.py:830} INFO - Processing file /home/logi/txtai/venv/lib/python3.10/site-packages/airflow/example_dags/plugins/workday.py for tasks to queue
[2025-10-29T19:43:04.701+0530] {logging_mixin.py:188} INFO - [2025-10-29T19:43:04.700+0530] {dagbag.py:545} INFO - Filling up the DagBag from /home/logi/txtai/venv/lib/python3.10/site-packages/airflow/example_dags/plugins/workday.py
[2025-10-29T19:43:04.969+0530] {processor.py:842} WARNING - No viable dags retrieved from /home/logi/txtai/venv/lib/python3.10/site-packages/airflow/example_dags/plugins/workday.py
[2025-10-29T19:43:04.980+0530] {processor.py:183} INFO - Processing /home/logi/txtai/venv/lib/python3.10/site-packages/airflow/example_dags/plugins/workday.py took 0.308 seconds
[2025-10-29T19:43:58.004+0530] {processor.py:161} INFO - Started process (PID=18138) to work on /home/logi/txtai/venv/lib/python3.10/site-packages/airflow/example_dags/plugins/workday.py
[2025-10-29T19:43:58.017+0530] {processor.py:830} INFO - Processing file /home/logi/txtai/venv/lib/python3.10/site-packages/airflow/example_dags/plugins/workday.py for tasks to queue
[2025-10-29T19:43:58.021+0530] {logging_mixin.py:188} INFO - [2025-10-29T19:43:58.020+0530] {dagbag.py:545} INFO - Filling up the DagBag from /home/logi/txtai/venv/lib/python3.10/site-packages/airflow/example_dags/plugins/workday.py
[2025-10-29T19:43:58.302+0530] {processor.py:842} WARNING - No viable dags retrieved from /home/logi/txtai/venv/lib/python3.10/site-packages/airflow/example_dags/plugins/workday.py
[2025-10-29T19:43:58.313+0530] {processor.py:183} INFO - Processing /home/logi/txtai/venv/lib/python3.10/site-packages/airflow/example_dags/plugins/workday.py took 0.320 seconds
[2025-10-29T19:44:50.119+0530] {processor.py:161} INFO - Started process (PID=18230) to work on /home/logi/txtai/venv/lib/python3.10/site-packages/airflow/example_dags/plugins/workday.py
[2025-10-29T19:44:50.132+0530] {processor.py:830} INFO - Processing file /home/logi/txtai/venv/lib/python3.10/site-packages/airflow/example_dags/plugins/workday.py for tasks to queue
[2025-10-29T19:44:50.135+0530] {logging_mixin.py:188} INFO - [2025-10-29T19:44:50.135+0530] {dagbag.py:545} INFO - Filling up the DagBag from /home/logi/txtai/venv/lib/python3.10/site-packages/airflow/example_dags/plugins/workday.py
[2025-10-29T19:44:50.428+0530] {processor.py:842} WARNING - No viable dags retrieved from /home/logi/txtai/venv/lib/python3.10/site-packages/airflow/example_dags/plugins/workday.py
[2025-10-29T19:44:50.436+0530] {processor.py:183} INFO - Processing /home/logi/txtai/venv/lib/python3.10/site-packages/airflow/example_dags/plugins/workday.py took 0.323 seconds
[2025-10-29T19:45:45.289+0530] {processor.py:161} INFO - Started process (PID=18314) to work on /home/logi/txtai/venv/lib/python3.10/site-packages/airflow/example_dags/plugins/workday.py
[2025-10-29T19:45:45.302+0530] {processor.py:830} INFO - Processing file /home/logi/txtai/venv/lib/python3.10/site-packages/airflow/example_dags/plugins/workday.py for tasks to queue
[2025-10-29T19:45:45.305+0530] {logging_mixin.py:188} INFO - [2025-10-29T19:45:45.305+0530] {dagbag.py:545} INFO - Filling up the DagBag from /home/logi/txtai/venv/lib/python3.10/site-packages/airflow/example_dags/plugins/workday.py
[2025-10-29T19:45:45.594+0530] {processor.py:842} WARNING - No viable dags retrieved from /home/logi/txtai/venv/lib/python3.10/site-packages/airflow/example_dags/plugins/workday.py
[2025-10-29T19:45:45.605+0530] {processor.py:183} INFO - Processing /home/logi/txtai/venv/lib/python3.10/site-packages/airflow/example_dags/plugins/workday.py took 0.336 seconds
[2025-10-29T19:46:40.231+0530] {processor.py:161} INFO - Started process (PID=18379) to work on /home/logi/txtai/venv/lib/python3.10/site-packages/airflow/example_dags/plugins/workday.py
[2025-10-29T19:46:40.245+0530] {processor.py:830} INFO - Processing file /home/logi/txtai/venv/lib/python3.10/site-packages/airflow/example_dags/plugins/workday.py for tasks to queue
[2025-10-29T19:46:40.248+0530] {logging_mixin.py:188} INFO - [2025-10-29T19:46:40.248+0530] {dagbag.py:545} INFO - Filling up the DagBag from /home/logi/txtai/venv/lib/python3.10/site-packages/airflow/example_dags/plugins/workday.py
[2025-10-29T19:46:40.530+0530] {processor.py:842} WARNING - No viable dags retrieved from /home/logi/txtai/venv/lib/python3.10/site-packages/airflow/example_dags/plugins/workday.py
[2025-10-29T19:46:40.541+0530] {processor.py:183} INFO - Processing /home/logi/txtai/venv/lib/python3.10/site-packages/airflow/example_dags/plugins/workday.py took 0.322 seconds
[2025-10-29T19:47:32.758+0530] {processor.py:161} INFO - Started process (PID=18444) to work on /home/logi/txtai/venv/lib/python3.10/site-packages/airflow/example_dags/plugins/workday.py
[2025-10-29T19:47:32.771+0530] {processor.py:830} INFO - Processing file /home/logi/txtai/venv/lib/python3.10/site-packages/airflow/example_dags/plugins/workday.py for tasks to queue
[2025-10-29T19:47:32.775+0530] {logging_mixin.py:188} INFO - [2025-10-29T19:47:32.774+0530] {dagbag.py:545} INFO - Filling up the DagBag from /home/logi/txtai/venv/lib/python3.10/site-packages/airflow/example_dags/plugins/workday.py
[2025-10-29T19:47:33.046+0530] {processor.py:842} WARNING - No viable dags retrieved from /home/logi/txtai/venv/lib/python3.10/site-packages/airflow/example_dags/plugins/workday.py
[2025-10-29T19:47:33.059+0530] {processor.py:183} INFO - Processing /home/logi/txtai/venv/lib/python3.10/site-packages/airflow/example_dags/plugins/workday.py took 0.310 seconds
[2025-10-29T19:48:28.112+0530] {processor.py:161} INFO - Started process (PID=18546) to work on /home/logi/txtai/venv/lib/python3.10/site-packages/airflow/example_dags/plugins/workday.py
[2025-10-29T19:48:28.125+0530] {processor.py:830} INFO - Processing file /home/logi/txtai/venv/lib/python3.10/site-packages/airflow/example_dags/plugins/workday.py for tasks to queue
[2025-10-29T19:48:28.128+0530] {logging_mixin.py:188} INFO - [2025-10-29T19:48:28.127+0530] {dagbag.py:545} INFO - Filling up the DagBag from /home/logi/txtai/venv/lib/python3.10/site-packages/airflow/example_dags/plugins/workday.py
[2025-10-29T19:48:28.408+0530] {processor.py:842} WARNING - No viable dags retrieved from /home/logi/txtai/venv/lib/python3.10/site-packages/airflow/example_dags/plugins/workday.py
[2025-10-29T19:48:28.416+0530] {processor.py:183} INFO - Processing /home/logi/txtai/venv/lib/python3.10/site-packages/airflow/example_dags/plugins/workday.py took 0.314 seconds
[2025-10-29T19:49:25.766+0530] {processor.py:161} INFO - Started process (PID=18660) to work on /home/logi/txtai/venv/lib/python3.10/site-packages/airflow/example_dags/plugins/workday.py
[2025-10-29T19:49:25.779+0530] {processor.py:830} INFO - Processing file /home/logi/txtai/venv/lib/python3.10/site-packages/airflow/example_dags/plugins/workday.py for tasks to queue
[2025-10-29T19:49:25.782+0530] {logging_mixin.py:188} INFO - [2025-10-29T19:49:25.782+0530] {dagbag.py:545} INFO - Filling up the DagBag from /home/logi/txtai/venv/lib/python3.10/site-packages/airflow/example_dags/plugins/workday.py
[2025-10-29T19:49:26.047+0530] {processor.py:842} WARNING - No viable dags retrieved from /home/logi/txtai/venv/lib/python3.10/site-packages/airflow/example_dags/plugins/workday.py
[2025-10-29T19:49:26.059+0530] {processor.py:183} INFO - Processing /home/logi/txtai/venv/lib/python3.10/site-packages/airflow/example_dags/plugins/workday.py took 0.304 seconds
[2025-10-29T19:50:17.311+0530] {processor.py:161} INFO - Started process (PID=18750) to work on /home/logi/txtai/venv/lib/python3.10/site-packages/airflow/example_dags/plugins/workday.py
[2025-10-29T19:50:17.324+0530] {processor.py:830} INFO - Processing file /home/logi/txtai/venv/lib/python3.10/site-packages/airflow/example_dags/plugins/workday.py for tasks to queue
[2025-10-29T19:50:17.327+0530] {logging_mixin.py:188} INFO - [2025-10-29T19:50:17.327+0530] {dagbag.py:545} INFO - Filling up the DagBag from /home/logi/txtai/venv/lib/python3.10/site-packages/airflow/example_dags/plugins/workday.py
[2025-10-29T19:50:17.588+0530] {processor.py:842} WARNING - No viable dags retrieved from /home/logi/txtai/venv/lib/python3.10/site-packages/airflow/example_dags/plugins/workday.py
[2025-10-29T19:50:17.599+0530] {processor.py:183} INFO - Processing /home/logi/txtai/venv/lib/python3.10/site-packages/airflow/example_dags/plugins/workday.py took 0.297 seconds
[2025-10-29T19:51:11.105+0530] {processor.py:161} INFO - Started process (PID=18826) to work on /home/logi/txtai/venv/lib/python3.10/site-packages/airflow/example_dags/plugins/workday.py
[2025-10-29T19:51:11.118+0530] {processor.py:830} INFO - Processing file /home/logi/txtai/venv/lib/python3.10/site-packages/airflow/example_dags/plugins/workday.py for tasks to queue
[2025-10-29T19:51:11.121+0530] {logging_mixin.py:188} INFO - [2025-10-29T19:51:11.120+0530] {dagbag.py:545} INFO - Filling up the DagBag from /home/logi/txtai/venv/lib/python3.10/site-packages/airflow/example_dags/plugins/workday.py
[2025-10-29T19:51:11.378+0530] {processor.py:842} WARNING - No viable dags retrieved from /home/logi/txtai/venv/lib/python3.10/site-packages/airflow/example_dags/plugins/workday.py
[2025-10-29T19:51:11.389+0530] {processor.py:183} INFO - Processing /home/logi/txtai/venv/lib/python3.10/site-packages/airflow/example_dags/plugins/workday.py took 0.296 seconds
[2025-10-29T19:52:06.261+0530] {processor.py:161} INFO - Started process (PID=18913) to work on /home/logi/txtai/venv/lib/python3.10/site-packages/airflow/example_dags/plugins/workday.py
[2025-10-29T19:52:06.275+0530] {processor.py:830} INFO - Processing file /home/logi/txtai/venv/lib/python3.10/site-packages/airflow/example_dags/plugins/workday.py for tasks to queue
[2025-10-29T19:52:06.278+0530] {logging_mixin.py:188} INFO - [2025-10-29T19:52:06.278+0530] {dagbag.py:545} INFO - Filling up the DagBag from /home/logi/txtai/venv/lib/python3.10/site-packages/airflow/example_dags/plugins/workday.py
[2025-10-29T19:52:06.520+0530] {processor.py:842} WARNING - No viable dags retrieved from /home/logi/txtai/venv/lib/python3.10/site-packages/airflow/example_dags/plugins/workday.py
[2025-10-29T19:52:06.528+0530] {processor.py:183} INFO - Processing /home/logi/txtai/venv/lib/python3.10/site-packages/airflow/example_dags/plugins/workday.py took 0.277 seconds
[2025-10-29T19:52:56.113+0530] {processor.py:161} INFO - Started process (PID=18976) to work on /home/logi/txtai/venv/lib/python3.10/site-packages/airflow/example_dags/plugins/workday.py
[2025-10-29T19:52:56.115+0530] {processor.py:830} INFO - Processing file /home/logi/txtai/venv/lib/python3.10/site-packages/airflow/example_dags/plugins/workday.py for tasks to queue
[2025-10-29T19:52:56.118+0530] {logging_mixin.py:188} INFO - [2025-10-29T19:52:56.117+0530] {dagbag.py:545} INFO - Filling up the DagBag from /home/logi/txtai/venv/lib/python3.10/site-packages/airflow/example_dags/plugins/workday.py
[2025-10-29T19:52:56.388+0530] {processor.py:842} WARNING - No viable dags retrieved from /home/logi/txtai/venv/lib/python3.10/site-packages/airflow/example_dags/plugins/workday.py
[2025-10-29T19:52:56.399+0530] {processor.py:183} INFO - Processing /home/logi/txtai/venv/lib/python3.10/site-packages/airflow/example_dags/plugins/workday.py took 0.298 seconds
[2025-10-29T19:53:47.255+0530] {processor.py:161} INFO - Started process (PID=19036) to work on /home/logi/txtai/venv/lib/python3.10/site-packages/airflow/example_dags/plugins/workday.py
[2025-10-29T19:53:47.268+0530] {processor.py:830} INFO - Processing file /home/logi/txtai/venv/lib/python3.10/site-packages/airflow/example_dags/plugins/workday.py for tasks to queue
[2025-10-29T19:53:47.271+0530] {logging_mixin.py:188} INFO - [2025-10-29T19:53:47.271+0530] {dagbag.py:545} INFO - Filling up the DagBag from /home/logi/txtai/venv/lib/python3.10/site-packages/airflow/example_dags/plugins/workday.py
[2025-10-29T19:53:47.531+0530] {processor.py:842} WARNING - No viable dags retrieved from /home/logi/txtai/venv/lib/python3.10/site-packages/airflow/example_dags/plugins/workday.py
[2025-10-29T19:53:47.541+0530] {processor.py:183} INFO - Processing /home/logi/txtai/venv/lib/python3.10/site-packages/airflow/example_dags/plugins/workday.py took 0.298 seconds
[2025-10-29T19:54:43.800+0530] {processor.py:161} INFO - Started process (PID=19142) to work on /home/logi/txtai/venv/lib/python3.10/site-packages/airflow/example_dags/plugins/workday.py
[2025-10-29T19:54:43.813+0530] {processor.py:830} INFO - Processing file /home/logi/txtai/venv/lib/python3.10/site-packages/airflow/example_dags/plugins/workday.py for tasks to queue
[2025-10-29T19:54:43.815+0530] {logging_mixin.py:188} INFO - [2025-10-29T19:54:43.815+0530] {dagbag.py:545} INFO - Filling up the DagBag from /home/logi/txtai/venv/lib/python3.10/site-packages/airflow/example_dags/plugins/workday.py
[2025-10-29T19:54:44.266+0530] {processor.py:842} WARNING - No viable dags retrieved from /home/logi/txtai/venv/lib/python3.10/site-packages/airflow/example_dags/plugins/workday.py
[2025-10-29T19:54:44.273+0530] {processor.py:183} INFO - Processing /home/logi/txtai/venv/lib/python3.10/site-packages/airflow/example_dags/plugins/workday.py took 0.480 seconds
[2025-10-29T19:55:37.962+0530] {processor.py:161} INFO - Started process (PID=19210) to work on /home/logi/txtai/venv/lib/python3.10/site-packages/airflow/example_dags/plugins/workday.py
[2025-10-29T19:55:37.975+0530] {processor.py:830} INFO - Processing file /home/logi/txtai/venv/lib/python3.10/site-packages/airflow/example_dags/plugins/workday.py for tasks to queue
[2025-10-29T19:55:37.978+0530] {logging_mixin.py:188} INFO - [2025-10-29T19:55:37.977+0530] {dagbag.py:545} INFO - Filling up the DagBag from /home/logi/txtai/venv/lib/python3.10/site-packages/airflow/example_dags/plugins/workday.py
[2025-10-29T19:55:38.241+0530] {processor.py:842} WARNING - No viable dags retrieved from /home/logi/txtai/venv/lib/python3.10/site-packages/airflow/example_dags/plugins/workday.py
[2025-10-29T19:55:38.251+0530] {processor.py:183} INFO - Processing /home/logi/txtai/venv/lib/python3.10/site-packages/airflow/example_dags/plugins/workday.py took 0.302 seconds
[2025-10-29T19:56:32.924+0530] {processor.py:161} INFO - Started process (PID=19278) to work on /home/logi/txtai/venv/lib/python3.10/site-packages/airflow/example_dags/plugins/workday.py
[2025-10-29T19:56:32.941+0530] {processor.py:830} INFO - Processing file /home/logi/txtai/venv/lib/python3.10/site-packages/airflow/example_dags/plugins/workday.py for tasks to queue
[2025-10-29T19:56:32.944+0530] {logging_mixin.py:188} INFO - [2025-10-29T19:56:32.944+0530] {dagbag.py:545} INFO - Filling up the DagBag from /home/logi/txtai/venv/lib/python3.10/site-packages/airflow/example_dags/plugins/workday.py
[2025-10-29T19:56:33.386+0530] {processor.py:842} WARNING - No viable dags retrieved from /home/logi/txtai/venv/lib/python3.10/site-packages/airflow/example_dags/plugins/workday.py
[2025-10-29T19:56:33.394+0530] {processor.py:183} INFO - Processing /home/logi/txtai/venv/lib/python3.10/site-packages/airflow/example_dags/plugins/workday.py took 0.482 seconds
[2025-10-29T19:57:27.403+0530] {processor.py:161} INFO - Started process (PID=19377) to work on /home/logi/txtai/venv/lib/python3.10/site-packages/airflow/example_dags/plugins/workday.py
[2025-10-29T19:57:27.417+0530] {processor.py:830} INFO - Processing file /home/logi/txtai/venv/lib/python3.10/site-packages/airflow/example_dags/plugins/workday.py for tasks to queue
[2025-10-29T19:57:27.420+0530] {logging_mixin.py:188} INFO - [2025-10-29T19:57:27.420+0530] {dagbag.py:545} INFO - Filling up the DagBag from /home/logi/txtai/venv/lib/python3.10/site-packages/airflow/example_dags/plugins/workday.py
[2025-10-29T19:57:27.683+0530] {processor.py:842} WARNING - No viable dags retrieved from /home/logi/txtai/venv/lib/python3.10/site-packages/airflow/example_dags/plugins/workday.py
[2025-10-29T19:57:27.694+0530] {processor.py:183} INFO - Processing /home/logi/txtai/venv/lib/python3.10/site-packages/airflow/example_dags/plugins/workday.py took 0.301 seconds
[2025-10-29T19:58:24.939+0530] {processor.py:161} INFO - Started process (PID=19577) to work on /home/logi/txtai/venv/lib/python3.10/site-packages/airflow/example_dags/plugins/workday.py
[2025-10-29T19:58:24.952+0530] {processor.py:830} INFO - Processing file /home/logi/txtai/venv/lib/python3.10/site-packages/airflow/example_dags/plugins/workday.py for tasks to queue
[2025-10-29T19:58:24.955+0530] {logging_mixin.py:188} INFO - [2025-10-29T19:58:24.954+0530] {dagbag.py:545} INFO - Filling up the DagBag from /home/logi/txtai/venv/lib/python3.10/site-packages/airflow/example_dags/plugins/workday.py
[2025-10-29T19:58:25.389+0530] {processor.py:842} WARNING - No viable dags retrieved from /home/logi/txtai/venv/lib/python3.10/site-packages/airflow/example_dags/plugins/workday.py
[2025-10-29T19:58:25.399+0530] {processor.py:183} INFO - Processing /home/logi/txtai/venv/lib/python3.10/site-packages/airflow/example_dags/plugins/workday.py took 0.478 seconds
[2025-10-29T19:59:21.179+0530] {processor.py:161} INFO - Started process (PID=19643) to work on /home/logi/txtai/venv/lib/python3.10/site-packages/airflow/example_dags/plugins/workday.py
[2025-10-29T19:59:21.191+0530] {processor.py:830} INFO - Processing file /home/logi/txtai/venv/lib/python3.10/site-packages/airflow/example_dags/plugins/workday.py for tasks to queue
[2025-10-29T19:59:21.195+0530] {logging_mixin.py:188} INFO - [2025-10-29T19:59:21.194+0530] {dagbag.py:545} INFO - Filling up the DagBag from /home/logi/txtai/venv/lib/python3.10/site-packages/airflow/example_dags/plugins/workday.py
[2025-10-29T19:59:21.601+0530] {processor.py:842} WARNING - No viable dags retrieved from /home/logi/txtai/venv/lib/python3.10/site-packages/airflow/example_dags/plugins/workday.py
[2025-10-29T19:59:21.608+0530] {processor.py:183} INFO - Processing /home/logi/txtai/venv/lib/python3.10/site-packages/airflow/example_dags/plugins/workday.py took 0.441 seconds
[2025-10-29T20:00:10.941+0530] {processor.py:161} INFO - Started process (PID=19750) to work on /home/logi/txtai/venv/lib/python3.10/site-packages/airflow/example_dags/plugins/workday.py
[2025-10-29T20:00:10.955+0530] {processor.py:830} INFO - Processing file /home/logi/txtai/venv/lib/python3.10/site-packages/airflow/example_dags/plugins/workday.py for tasks to queue
[2025-10-29T20:00:10.958+0530] {logging_mixin.py:188} INFO - [2025-10-29T20:00:10.957+0530] {dagbag.py:545} INFO - Filling up the DagBag from /home/logi/txtai/venv/lib/python3.10/site-packages/airflow/example_dags/plugins/workday.py
[2025-10-29T20:00:11.411+0530] {processor.py:842} WARNING - No viable dags retrieved from /home/logi/txtai/venv/lib/python3.10/site-packages/airflow/example_dags/plugins/workday.py
[2025-10-29T20:00:11.418+0530] {processor.py:183} INFO - Processing /home/logi/txtai/venv/lib/python3.10/site-packages/airflow/example_dags/plugins/workday.py took 0.488 seconds
[2025-10-29T20:01:07.229+0530] {processor.py:161} INFO - Started process (PID=19888) to work on /home/logi/txtai/venv/lib/python3.10/site-packages/airflow/example_dags/plugins/workday.py
[2025-10-29T20:01:07.243+0530] {processor.py:830} INFO - Processing file /home/logi/txtai/venv/lib/python3.10/site-packages/airflow/example_dags/plugins/workday.py for tasks to queue
[2025-10-29T20:01:07.246+0530] {logging_mixin.py:188} INFO - [2025-10-29T20:01:07.245+0530] {dagbag.py:545} INFO - Filling up the DagBag from /home/logi/txtai/venv/lib/python3.10/site-packages/airflow/example_dags/plugins/workday.py
[2025-10-29T20:01:07.787+0530] {processor.py:842} WARNING - No viable dags retrieved from /home/logi/txtai/venv/lib/python3.10/site-packages/airflow/example_dags/plugins/workday.py
[2025-10-29T20:01:07.797+0530] {processor.py:183} INFO - Processing /home/logi/txtai/venv/lib/python3.10/site-packages/airflow/example_dags/plugins/workday.py took 0.583 seconds
[2025-10-29T20:02:04.794+0530] {processor.py:161} INFO - Started process (PID=20017) to work on /home/logi/txtai/venv/lib/python3.10/site-packages/airflow/example_dags/plugins/workday.py
[2025-10-29T20:02:04.811+0530] {processor.py:830} INFO - Processing file /home/logi/txtai/venv/lib/python3.10/site-packages/airflow/example_dags/plugins/workday.py for tasks to queue
[2025-10-29T20:02:04.819+0530] {logging_mixin.py:188} INFO - [2025-10-29T20:02:04.818+0530] {dagbag.py:545} INFO - Filling up the DagBag from /home/logi/txtai/venv/lib/python3.10/site-packages/airflow/example_dags/plugins/workday.py
[2025-10-29T20:02:05.535+0530] {processor.py:842} WARNING - No viable dags retrieved from /home/logi/txtai/venv/lib/python3.10/site-packages/airflow/example_dags/plugins/workday.py
[2025-10-29T20:02:05.544+0530] {processor.py:183} INFO - Processing /home/logi/txtai/venv/lib/python3.10/site-packages/airflow/example_dags/plugins/workday.py took 0.790 seconds
[2025-10-29T20:03:00.390+0530] {processor.py:161} INFO - Started process (PID=20137) to work on /home/logi/txtai/venv/lib/python3.10/site-packages/airflow/example_dags/plugins/workday.py
[2025-10-29T20:03:00.406+0530] {processor.py:830} INFO - Processing file /home/logi/txtai/venv/lib/python3.10/site-packages/airflow/example_dags/plugins/workday.py for tasks to queue
[2025-10-29T20:03:00.411+0530] {logging_mixin.py:188} INFO - [2025-10-29T20:03:00.409+0530] {dagbag.py:545} INFO - Filling up the DagBag from /home/logi/txtai/venv/lib/python3.10/site-packages/airflow/example_dags/plugins/workday.py
[2025-10-29T20:03:01.036+0530] {processor.py:842} WARNING - No viable dags retrieved from /home/logi/txtai/venv/lib/python3.10/site-packages/airflow/example_dags/plugins/workday.py
[2025-10-29T20:03:01.044+0530] {processor.py:183} INFO - Processing /home/logi/txtai/venv/lib/python3.10/site-packages/airflow/example_dags/plugins/workday.py took 0.671 seconds
[2025-10-29T20:04:00.894+0530] {processor.py:161} INFO - Started process (PID=20251) to work on /home/logi/txtai/venv/lib/python3.10/site-packages/airflow/example_dags/plugins/workday.py
[2025-10-29T20:04:00.908+0530] {processor.py:830} INFO - Processing file /home/logi/txtai/venv/lib/python3.10/site-packages/airflow/example_dags/plugins/workday.py for tasks to queue
[2025-10-29T20:04:00.911+0530] {logging_mixin.py:188} INFO - [2025-10-29T20:04:00.910+0530] {dagbag.py:545} INFO - Filling up the DagBag from /home/logi/txtai/venv/lib/python3.10/site-packages/airflow/example_dags/plugins/workday.py
[2025-10-29T20:04:01.783+0530] {processor.py:842} WARNING - No viable dags retrieved from /home/logi/txtai/venv/lib/python3.10/site-packages/airflow/example_dags/plugins/workday.py
[2025-10-29T20:04:01.833+0530] {processor.py:183} INFO - Processing /home/logi/txtai/venv/lib/python3.10/site-packages/airflow/example_dags/plugins/workday.py took 0.950 seconds
[2025-10-29T20:05:04.622+0530] {processor.py:161} INFO - Started process (PID=20405) to work on /home/logi/txtai/venv/lib/python3.10/site-packages/airflow/example_dags/plugins/workday.py
[2025-10-29T20:05:04.638+0530] {processor.py:830} INFO - Processing file /home/logi/txtai/venv/lib/python3.10/site-packages/airflow/example_dags/plugins/workday.py for tasks to queue
[2025-10-29T20:05:04.643+0530] {logging_mixin.py:188} INFO - [2025-10-29T20:05:04.642+0530] {dagbag.py:545} INFO - Filling up the DagBag from /home/logi/txtai/venv/lib/python3.10/site-packages/airflow/example_dags/plugins/workday.py
[2025-10-29T20:05:05.465+0530] {processor.py:842} WARNING - No viable dags retrieved from /home/logi/txtai/venv/lib/python3.10/site-packages/airflow/example_dags/plugins/workday.py
[2025-10-29T20:05:05.480+0530] {processor.py:183} INFO - Processing /home/logi/txtai/venv/lib/python3.10/site-packages/airflow/example_dags/plugins/workday.py took 0.880 seconds
[2025-10-29T20:06:04.184+0530] {processor.py:161} INFO - Started process (PID=20520) to work on /home/logi/txtai/venv/lib/python3.10/site-packages/airflow/example_dags/plugins/workday.py
[2025-10-29T20:06:04.198+0530] {processor.py:830} INFO - Processing file /home/logi/txtai/venv/lib/python3.10/site-packages/airflow/example_dags/plugins/workday.py for tasks to queue
[2025-10-29T20:06:04.201+0530] {logging_mixin.py:188} INFO - [2025-10-29T20:06:04.201+0530] {dagbag.py:545} INFO - Filling up the DagBag from /home/logi/txtai/venv/lib/python3.10/site-packages/airflow/example_dags/plugins/workday.py
[2025-10-29T20:06:04.648+0530] {processor.py:842} WARNING - No viable dags retrieved from /home/logi/txtai/venv/lib/python3.10/site-packages/airflow/example_dags/plugins/workday.py
[2025-10-29T20:06:04.655+0530] {processor.py:183} INFO - Processing /home/logi/txtai/venv/lib/python3.10/site-packages/airflow/example_dags/plugins/workday.py took 0.482 seconds
[2025-10-29T20:07:01.059+0530] {processor.py:161} INFO - Started process (PID=20631) to work on /home/logi/txtai/venv/lib/python3.10/site-packages/airflow/example_dags/plugins/workday.py
[2025-10-29T20:07:01.072+0530] {processor.py:830} INFO - Processing file /home/logi/txtai/venv/lib/python3.10/site-packages/airflow/example_dags/plugins/workday.py for tasks to queue
[2025-10-29T20:07:01.076+0530] {logging_mixin.py:188} INFO - [2025-10-29T20:07:01.075+0530] {dagbag.py:545} INFO - Filling up the DagBag from /home/logi/txtai/venv/lib/python3.10/site-packages/airflow/example_dags/plugins/workday.py
[2025-10-29T20:07:01.537+0530] {processor.py:842} WARNING - No viable dags retrieved from /home/logi/txtai/venv/lib/python3.10/site-packages/airflow/example_dags/plugins/workday.py
[2025-10-29T20:07:01.545+0530] {processor.py:183} INFO - Processing /home/logi/txtai/venv/lib/python3.10/site-packages/airflow/example_dags/plugins/workday.py took 0.498 seconds
[2025-10-29T20:07:58.640+0530] {processor.py:161} INFO - Started process (PID=20746) to work on /home/logi/txtai/venv/lib/python3.10/site-packages/airflow/example_dags/plugins/workday.py
[2025-10-29T20:07:58.657+0530] {processor.py:830} INFO - Processing file /home/logi/txtai/venv/lib/python3.10/site-packages/airflow/example_dags/plugins/workday.py for tasks to queue
[2025-10-29T20:07:58.663+0530] {logging_mixin.py:188} INFO - [2025-10-29T20:07:58.661+0530] {dagbag.py:545} INFO - Filling up the DagBag from /home/logi/txtai/venv/lib/python3.10/site-packages/airflow/example_dags/plugins/workday.py
[2025-10-29T20:07:59.484+0530] {processor.py:842} WARNING - No viable dags retrieved from /home/logi/txtai/venv/lib/python3.10/site-packages/airflow/example_dags/plugins/workday.py
[2025-10-29T20:07:59.495+0530] {processor.py:183} INFO - Processing /home/logi/txtai/venv/lib/python3.10/site-packages/airflow/example_dags/plugins/workday.py took 0.881 seconds
[2025-10-29T20:08:57.291+0530] {processor.py:161} INFO - Started process (PID=20857) to work on /home/logi/txtai/venv/lib/python3.10/site-packages/airflow/example_dags/plugins/workday.py
[2025-10-29T20:08:57.305+0530] {processor.py:830} INFO - Processing file /home/logi/txtai/venv/lib/python3.10/site-packages/airflow/example_dags/plugins/workday.py for tasks to queue
[2025-10-29T20:08:57.308+0530] {logging_mixin.py:188} INFO - [2025-10-29T20:08:57.307+0530] {dagbag.py:545} INFO - Filling up the DagBag from /home/logi/txtai/venv/lib/python3.10/site-packages/airflow/example_dags/plugins/workday.py
[2025-10-29T20:08:57.781+0530] {processor.py:842} WARNING - No viable dags retrieved from /home/logi/txtai/venv/lib/python3.10/site-packages/airflow/example_dags/plugins/workday.py
[2025-10-29T20:08:57.789+0530] {processor.py:183} INFO - Processing /home/logi/txtai/venv/lib/python3.10/site-packages/airflow/example_dags/plugins/workday.py took 0.510 seconds
[2025-10-29T20:09:55.059+0530] {processor.py:161} INFO - Started process (PID=21000) to work on /home/logi/txtai/venv/lib/python3.10/site-packages/airflow/example_dags/plugins/workday.py
[2025-10-29T20:09:55.072+0530] {processor.py:830} INFO - Processing file /home/logi/txtai/venv/lib/python3.10/site-packages/airflow/example_dags/plugins/workday.py for tasks to queue
[2025-10-29T20:09:55.075+0530] {logging_mixin.py:188} INFO - [2025-10-29T20:09:55.075+0530] {dagbag.py:545} INFO - Filling up the DagBag from /home/logi/txtai/venv/lib/python3.10/site-packages/airflow/example_dags/plugins/workday.py
[2025-10-29T20:09:55.508+0530] {processor.py:842} WARNING - No viable dags retrieved from /home/logi/txtai/venv/lib/python3.10/site-packages/airflow/example_dags/plugins/workday.py
[2025-10-29T20:09:55.515+0530] {processor.py:183} INFO - Processing /home/logi/txtai/venv/lib/python3.10/site-packages/airflow/example_dags/plugins/workday.py took 0.468 seconds
[2025-10-29T20:10:49.863+0530] {processor.py:161} INFO - Started process (PID=21111) to work on /home/logi/txtai/venv/lib/python3.10/site-packages/airflow/example_dags/plugins/workday.py
[2025-10-29T20:10:49.876+0530] {processor.py:830} INFO - Processing file /home/logi/txtai/venv/lib/python3.10/site-packages/airflow/example_dags/plugins/workday.py for tasks to queue
[2025-10-29T20:10:49.879+0530] {logging_mixin.py:188} INFO - [2025-10-29T20:10:49.879+0530] {dagbag.py:545} INFO - Filling up the DagBag from /home/logi/txtai/venv/lib/python3.10/site-packages/airflow/example_dags/plugins/workday.py
[2025-10-29T20:10:50.324+0530] {processor.py:842} WARNING - No viable dags retrieved from /home/logi/txtai/venv/lib/python3.10/site-packages/airflow/example_dags/plugins/workday.py
[2025-10-29T20:10:50.331+0530] {processor.py:183} INFO - Processing /home/logi/txtai/venv/lib/python3.10/site-packages/airflow/example_dags/plugins/workday.py took 0.479 seconds
[2025-10-29T20:11:43.409+0530] {processor.py:161} INFO - Started process (PID=21217) to work on /home/logi/txtai/venv/lib/python3.10/site-packages/airflow/example_dags/plugins/workday.py
[2025-10-29T20:11:43.422+0530] {processor.py:830} INFO - Processing file /home/logi/txtai/venv/lib/python3.10/site-packages/airflow/example_dags/plugins/workday.py for tasks to queue
[2025-10-29T20:11:43.425+0530] {logging_mixin.py:188} INFO - [2025-10-29T20:11:43.425+0530] {dagbag.py:545} INFO - Filling up the DagBag from /home/logi/txtai/venv/lib/python3.10/site-packages/airflow/example_dags/plugins/workday.py
[2025-10-29T20:11:43.860+0530] {processor.py:842} WARNING - No viable dags retrieved from /home/logi/txtai/venv/lib/python3.10/site-packages/airflow/example_dags/plugins/workday.py
[2025-10-29T20:11:43.867+0530] {processor.py:183} INFO - Processing /home/logi/txtai/venv/lib/python3.10/site-packages/airflow/example_dags/plugins/workday.py took 0.469 seconds
[2025-10-29T20:12:32.373+0530] {processor.py:161} INFO - Started process (PID=21319) to work on /home/logi/txtai/venv/lib/python3.10/site-packages/airflow/example_dags/plugins/workday.py
[2025-10-29T20:12:32.387+0530] {processor.py:830} INFO - Processing file /home/logi/txtai/venv/lib/python3.10/site-packages/airflow/example_dags/plugins/workday.py for tasks to queue
[2025-10-29T20:12:32.390+0530] {logging_mixin.py:188} INFO - [2025-10-29T20:12:32.389+0530] {dagbag.py:545} INFO - Filling up the DagBag from /home/logi/txtai/venv/lib/python3.10/site-packages/airflow/example_dags/plugins/workday.py
[2025-10-29T20:12:32.832+0530] {processor.py:842} WARNING - No viable dags retrieved from /home/logi/txtai/venv/lib/python3.10/site-packages/airflow/example_dags/plugins/workday.py
[2025-10-29T20:12:32.840+0530] {processor.py:183} INFO - Processing /home/logi/txtai/venv/lib/python3.10/site-packages/airflow/example_dags/plugins/workday.py took 0.478 seconds
[2025-10-29T20:13:27.092+0530] {processor.py:161} INFO - Started process (PID=21422) to work on /home/logi/txtai/venv/lib/python3.10/site-packages/airflow/example_dags/plugins/workday.py
[2025-10-29T20:13:27.106+0530] {processor.py:830} INFO - Processing file /home/logi/txtai/venv/lib/python3.10/site-packages/airflow/example_dags/plugins/workday.py for tasks to queue
[2025-10-29T20:13:27.109+0530] {logging_mixin.py:188} INFO - [2025-10-29T20:13:27.108+0530] {dagbag.py:545} INFO - Filling up the DagBag from /home/logi/txtai/venv/lib/python3.10/site-packages/airflow/example_dags/plugins/workday.py
[2025-10-29T20:13:27.551+0530] {processor.py:842} WARNING - No viable dags retrieved from /home/logi/txtai/venv/lib/python3.10/site-packages/airflow/example_dags/plugins/workday.py
[2025-10-29T20:13:27.560+0530] {processor.py:183} INFO - Processing /home/logi/txtai/venv/lib/python3.10/site-packages/airflow/example_dags/plugins/workday.py took 0.479 seconds
[2025-10-29T20:14:18.672+0530] {processor.py:161} INFO - Started process (PID=21605) to work on /home/logi/txtai/venv/lib/python3.10/site-packages/airflow/example_dags/plugins/workday.py
[2025-10-29T20:14:18.685+0530] {processor.py:830} INFO - Processing file /home/logi/txtai/venv/lib/python3.10/site-packages/airflow/example_dags/plugins/workday.py for tasks to queue
[2025-10-29T20:14:18.688+0530] {logging_mixin.py:188} INFO - [2025-10-29T20:14:18.687+0530] {dagbag.py:545} INFO - Filling up the DagBag from /home/logi/txtai/venv/lib/python3.10/site-packages/airflow/example_dags/plugins/workday.py
[2025-10-29T20:14:19.158+0530] {processor.py:842} WARNING - No viable dags retrieved from /home/logi/txtai/venv/lib/python3.10/site-packages/airflow/example_dags/plugins/workday.py
[2025-10-29T20:14:19.165+0530] {processor.py:183} INFO - Processing /home/logi/txtai/venv/lib/python3.10/site-packages/airflow/example_dags/plugins/workday.py took 0.505 seconds
[2025-10-29T20:15:20.548+0530] {processor.py:161} INFO - Started process (PID=21896) to work on /home/logi/txtai/venv/lib/python3.10/site-packages/airflow/example_dags/plugins/workday.py
[2025-10-29T20:15:20.550+0530] {processor.py:830} INFO - Processing file /home/logi/txtai/venv/lib/python3.10/site-packages/airflow/example_dags/plugins/workday.py for tasks to queue
[2025-10-29T20:15:20.553+0530] {logging_mixin.py:188} INFO - [2025-10-29T20:15:20.552+0530] {dagbag.py:545} INFO - Filling up the DagBag from /home/logi/txtai/venv/lib/python3.10/site-packages/airflow/example_dags/plugins/workday.py
[2025-10-29T20:15:21.045+0530] {processor.py:842} WARNING - No viable dags retrieved from /home/logi/txtai/venv/lib/python3.10/site-packages/airflow/example_dags/plugins/workday.py
[2025-10-29T20:15:21.054+0530] {processor.py:183} INFO - Processing /home/logi/txtai/venv/lib/python3.10/site-packages/airflow/example_dags/plugins/workday.py took 0.518 seconds
[2025-10-29T20:16:13.175+0530] {processor.py:161} INFO - Started process (PID=21970) to work on /home/logi/txtai/venv/lib/python3.10/site-packages/airflow/example_dags/plugins/workday.py
[2025-10-29T20:16:13.188+0530] {processor.py:830} INFO - Processing file /home/logi/txtai/venv/lib/python3.10/site-packages/airflow/example_dags/plugins/workday.py for tasks to queue
[2025-10-29T20:16:13.191+0530] {logging_mixin.py:188} INFO - [2025-10-29T20:16:13.191+0530] {dagbag.py:545} INFO - Filling up the DagBag from /home/logi/txtai/venv/lib/python3.10/site-packages/airflow/example_dags/plugins/workday.py
[2025-10-29T20:16:13.617+0530] {processor.py:842} WARNING - No viable dags retrieved from /home/logi/txtai/venv/lib/python3.10/site-packages/airflow/example_dags/plugins/workday.py
[2025-10-29T20:16:13.624+0530] {processor.py:183} INFO - Processing /home/logi/txtai/venv/lib/python3.10/site-packages/airflow/example_dags/plugins/workday.py took 0.461 seconds
[2025-10-29T20:17:04.270+0530] {processor.py:161} INFO - Started process (PID=22048) to work on /home/logi/txtai/venv/lib/python3.10/site-packages/airflow/example_dags/plugins/workday.py
[2025-10-29T20:17:04.284+0530] {processor.py:830} INFO - Processing file /home/logi/txtai/venv/lib/python3.10/site-packages/airflow/example_dags/plugins/workday.py for tasks to queue
[2025-10-29T20:17:04.287+0530] {logging_mixin.py:188} INFO - [2025-10-29T20:17:04.287+0530] {dagbag.py:545} INFO - Filling up the DagBag from /home/logi/txtai/venv/lib/python3.10/site-packages/airflow/example_dags/plugins/workday.py
[2025-10-29T20:17:04.716+0530] {processor.py:842} WARNING - No viable dags retrieved from /home/logi/txtai/venv/lib/python3.10/site-packages/airflow/example_dags/plugins/workday.py
[2025-10-29T20:17:04.723+0530] {processor.py:183} INFO - Processing /home/logi/txtai/venv/lib/python3.10/site-packages/airflow/example_dags/plugins/workday.py took 0.464 seconds
[2025-10-29T20:17:54.346+0530] {processor.py:161} INFO - Started process (PID=22111) to work on /home/logi/txtai/venv/lib/python3.10/site-packages/airflow/example_dags/plugins/workday.py
[2025-10-29T20:17:54.359+0530] {processor.py:830} INFO - Processing file /home/logi/txtai/venv/lib/python3.10/site-packages/airflow/example_dags/plugins/workday.py for tasks to queue
[2025-10-29T20:17:54.362+0530] {logging_mixin.py:188} INFO - [2025-10-29T20:17:54.361+0530] {dagbag.py:545} INFO - Filling up the DagBag from /home/logi/txtai/venv/lib/python3.10/site-packages/airflow/example_dags/plugins/workday.py
[2025-10-29T20:17:54.685+0530] {processor.py:842} WARNING - No viable dags retrieved from /home/logi/txtai/venv/lib/python3.10/site-packages/airflow/example_dags/plugins/workday.py
[2025-10-29T20:17:54.691+0530] {processor.py:183} INFO - Processing /home/logi/txtai/venv/lib/python3.10/site-packages/airflow/example_dags/plugins/workday.py took 0.356 seconds
[2025-10-29T20:18:46.853+0530] {processor.py:161} INFO - Started process (PID=22176) to work on /home/logi/txtai/venv/lib/python3.10/site-packages/airflow/example_dags/plugins/workday.py
[2025-10-29T20:18:46.867+0530] {processor.py:830} INFO - Processing file /home/logi/txtai/venv/lib/python3.10/site-packages/airflow/example_dags/plugins/workday.py for tasks to queue
[2025-10-29T20:18:46.871+0530] {logging_mixin.py:188} INFO - [2025-10-29T20:18:46.871+0530] {dagbag.py:545} INFO - Filling up the DagBag from /home/logi/txtai/venv/lib/python3.10/site-packages/airflow/example_dags/plugins/workday.py
[2025-10-29T20:18:47.419+0530] {processor.py:842} WARNING - No viable dags retrieved from /home/logi/txtai/venv/lib/python3.10/site-packages/airflow/example_dags/plugins/workday.py
[2025-10-29T20:18:47.428+0530] {processor.py:183} INFO - Processing /home/logi/txtai/venv/lib/python3.10/site-packages/airflow/example_dags/plugins/workday.py took 0.598 seconds
[2025-10-29T20:19:42.157+0530] {processor.py:161} INFO - Started process (PID=22358) to work on /home/logi/txtai/venv/lib/python3.10/site-packages/airflow/example_dags/plugins/workday.py
[2025-10-29T20:19:42.171+0530] {processor.py:830} INFO - Processing file /home/logi/txtai/venv/lib/python3.10/site-packages/airflow/example_dags/plugins/workday.py for tasks to queue
[2025-10-29T20:19:42.174+0530] {logging_mixin.py:188} INFO - [2025-10-29T20:19:42.173+0530] {dagbag.py:545} INFO - Filling up the DagBag from /home/logi/txtai/venv/lib/python3.10/site-packages/airflow/example_dags/plugins/workday.py
[2025-10-29T20:19:42.604+0530] {processor.py:842} WARNING - No viable dags retrieved from /home/logi/txtai/venv/lib/python3.10/site-packages/airflow/example_dags/plugins/workday.py
[2025-10-29T20:19:42.612+0530] {processor.py:183} INFO - Processing /home/logi/txtai/venv/lib/python3.10/site-packages/airflow/example_dags/plugins/workday.py took 0.466 seconds
[2025-10-29T20:20:36.572+0530] {processor.py:161} INFO - Started process (PID=22430) to work on /home/logi/txtai/venv/lib/python3.10/site-packages/airflow/example_dags/plugins/workday.py
[2025-10-29T20:20:36.585+0530] {processor.py:830} INFO - Processing file /home/logi/txtai/venv/lib/python3.10/site-packages/airflow/example_dags/plugins/workday.py for tasks to queue
[2025-10-29T20:20:36.589+0530] {logging_mixin.py:188} INFO - [2025-10-29T20:20:36.588+0530] {dagbag.py:545} INFO - Filling up the DagBag from /home/logi/txtai/venv/lib/python3.10/site-packages/airflow/example_dags/plugins/workday.py
[2025-10-29T20:20:37.026+0530] {processor.py:842} WARNING - No viable dags retrieved from /home/logi/txtai/venv/lib/python3.10/site-packages/airflow/example_dags/plugins/workday.py
[2025-10-29T20:20:37.033+0530] {processor.py:183} INFO - Processing /home/logi/txtai/venv/lib/python3.10/site-packages/airflow/example_dags/plugins/workday.py took 0.473 seconds
[2025-10-29T20:21:32.412+0530] {processor.py:161} INFO - Started process (PID=22509) to work on /home/logi/txtai/venv/lib/python3.10/site-packages/airflow/example_dags/plugins/workday.py
[2025-10-29T20:21:32.425+0530] {processor.py:830} INFO - Processing file /home/logi/txtai/venv/lib/python3.10/site-packages/airflow/example_dags/plugins/workday.py for tasks to queue
[2025-10-29T20:21:32.428+0530] {logging_mixin.py:188} INFO - [2025-10-29T20:21:32.428+0530] {dagbag.py:545} INFO - Filling up the DagBag from /home/logi/txtai/venv/lib/python3.10/site-packages/airflow/example_dags/plugins/workday.py
[2025-10-29T20:21:32.883+0530] {processor.py:842} WARNING - No viable dags retrieved from /home/logi/txtai/venv/lib/python3.10/site-packages/airflow/example_dags/plugins/workday.py
[2025-10-29T20:21:32.890+0530] {processor.py:183} INFO - Processing /home/logi/txtai/venv/lib/python3.10/site-packages/airflow/example_dags/plugins/workday.py took 0.489 seconds
[2025-10-29T20:22:27.344+0530] {processor.py:161} INFO - Started process (PID=22577) to work on /home/logi/txtai/venv/lib/python3.10/site-packages/airflow/example_dags/plugins/workday.py
[2025-10-29T20:22:27.358+0530] {processor.py:830} INFO - Processing file /home/logi/txtai/venv/lib/python3.10/site-packages/airflow/example_dags/plugins/workday.py for tasks to queue
[2025-10-29T20:22:27.361+0530] {logging_mixin.py:188} INFO - [2025-10-29T20:22:27.360+0530] {dagbag.py:545} INFO - Filling up the DagBag from /home/logi/txtai/venv/lib/python3.10/site-packages/airflow/example_dags/plugins/workday.py
[2025-10-29T20:22:27.770+0530] {processor.py:842} WARNING - No viable dags retrieved from /home/logi/txtai/venv/lib/python3.10/site-packages/airflow/example_dags/plugins/workday.py
[2025-10-29T20:22:27.778+0530] {processor.py:183} INFO - Processing /home/logi/txtai/venv/lib/python3.10/site-packages/airflow/example_dags/plugins/workday.py took 0.445 seconds
[2025-10-29T20:23:21.755+0530] {processor.py:161} INFO - Started process (PID=22653) to work on /home/logi/txtai/venv/lib/python3.10/site-packages/airflow/example_dags/plugins/workday.py
[2025-10-29T20:23:21.768+0530] {processor.py:830} INFO - Processing file /home/logi/txtai/venv/lib/python3.10/site-packages/airflow/example_dags/plugins/workday.py for tasks to queue
[2025-10-29T20:23:21.771+0530] {logging_mixin.py:188} INFO - [2025-10-29T20:23:21.770+0530] {dagbag.py:545} INFO - Filling up the DagBag from /home/logi/txtai/venv/lib/python3.10/site-packages/airflow/example_dags/plugins/workday.py
[2025-10-29T20:23:22.204+0530] {processor.py:842} WARNING - No viable dags retrieved from /home/logi/txtai/venv/lib/python3.10/site-packages/airflow/example_dags/plugins/workday.py
[2025-10-29T20:23:22.212+0530] {processor.py:183} INFO - Processing /home/logi/txtai/venv/lib/python3.10/site-packages/airflow/example_dags/plugins/workday.py took 0.468 seconds
[2025-10-29T20:24:17.015+0530] {processor.py:161} INFO - Started process (PID=22739) to work on /home/logi/txtai/venv/lib/python3.10/site-packages/airflow/example_dags/plugins/workday.py
[2025-10-29T20:24:17.029+0530] {processor.py:830} INFO - Processing file /home/logi/txtai/venv/lib/python3.10/site-packages/airflow/example_dags/plugins/workday.py for tasks to queue
[2025-10-29T20:24:17.032+0530] {logging_mixin.py:188} INFO - [2025-10-29T20:24:17.031+0530] {dagbag.py:545} INFO - Filling up the DagBag from /home/logi/txtai/venv/lib/python3.10/site-packages/airflow/example_dags/plugins/workday.py
[2025-10-29T20:24:17.468+0530] {processor.py:842} WARNING - No viable dags retrieved from /home/logi/txtai/venv/lib/python3.10/site-packages/airflow/example_dags/plugins/workday.py
[2025-10-29T20:24:17.475+0530] {processor.py:183} INFO - Processing /home/logi/txtai/venv/lib/python3.10/site-packages/airflow/example_dags/plugins/workday.py took 0.471 seconds
[2025-10-29T20:25:13.300+0530] {processor.py:161} INFO - Started process (PID=22889) to work on /home/logi/txtai/venv/lib/python3.10/site-packages/airflow/example_dags/plugins/workday.py
[2025-10-29T20:25:13.313+0530] {processor.py:830} INFO - Processing file /home/logi/txtai/venv/lib/python3.10/site-packages/airflow/example_dags/plugins/workday.py for tasks to queue
[2025-10-29T20:25:13.316+0530] {logging_mixin.py:188} INFO - [2025-10-29T20:25:13.316+0530] {dagbag.py:545} INFO - Filling up the DagBag from /home/logi/txtai/venv/lib/python3.10/site-packages/airflow/example_dags/plugins/workday.py
[2025-10-29T20:25:13.658+0530] {processor.py:842} WARNING - No viable dags retrieved from /home/logi/txtai/venv/lib/python3.10/site-packages/airflow/example_dags/plugins/workday.py
[2025-10-29T20:25:13.664+0530] {processor.py:183} INFO - Processing /home/logi/txtai/venv/lib/python3.10/site-packages/airflow/example_dags/plugins/workday.py took 0.375 seconds
[2025-10-29T20:26:04.202+0530] {processor.py:161} INFO - Started process (PID=22961) to work on /home/logi/txtai/venv/lib/python3.10/site-packages/airflow/example_dags/plugins/workday.py
[2025-10-29T20:26:04.215+0530] {processor.py:830} INFO - Processing file /home/logi/txtai/venv/lib/python3.10/site-packages/airflow/example_dags/plugins/workday.py for tasks to queue
[2025-10-29T20:26:04.218+0530] {logging_mixin.py:188} INFO - [2025-10-29T20:26:04.218+0530] {dagbag.py:545} INFO - Filling up the DagBag from /home/logi/txtai/venv/lib/python3.10/site-packages/airflow/example_dags/plugins/workday.py
[2025-10-29T20:26:04.663+0530] {processor.py:842} WARNING - No viable dags retrieved from /home/logi/txtai/venv/lib/python3.10/site-packages/airflow/example_dags/plugins/workday.py
[2025-10-29T20:26:04.672+0530] {processor.py:183} INFO - Processing /home/logi/txtai/venv/lib/python3.10/site-packages/airflow/example_dags/plugins/workday.py took 0.480 seconds
[2025-10-29T20:26:56.156+0530] {processor.py:161} INFO - Started process (PID=23191) to work on /home/logi/txtai/venv/lib/python3.10/site-packages/airflow/example_dags/plugins/workday.py
[2025-10-29T20:26:56.170+0530] {processor.py:830} INFO - Processing file /home/logi/txtai/venv/lib/python3.10/site-packages/airflow/example_dags/plugins/workday.py for tasks to queue
[2025-10-29T20:26:56.173+0530] {logging_mixin.py:188} INFO - [2025-10-29T20:26:56.172+0530] {dagbag.py:545} INFO - Filling up the DagBag from /home/logi/txtai/venv/lib/python3.10/site-packages/airflow/example_dags/plugins/workday.py
[2025-10-29T20:26:56.603+0530] {processor.py:842} WARNING - No viable dags retrieved from /home/logi/txtai/venv/lib/python3.10/site-packages/airflow/example_dags/plugins/workday.py
[2025-10-29T20:26:56.611+0530] {processor.py:183} INFO - Processing /home/logi/txtai/venv/lib/python3.10/site-packages/airflow/example_dags/plugins/workday.py took 0.466 seconds
[2025-10-29T20:27:46.752+0530] {processor.py:161} INFO - Started process (PID=23260) to work on /home/logi/txtai/venv/lib/python3.10/site-packages/airflow/example_dags/plugins/workday.py
[2025-10-29T20:27:46.765+0530] {processor.py:830} INFO - Processing file /home/logi/txtai/venv/lib/python3.10/site-packages/airflow/example_dags/plugins/workday.py for tasks to queue
[2025-10-29T20:27:46.770+0530] {logging_mixin.py:188} INFO - [2025-10-29T20:27:46.769+0530] {dagbag.py:545} INFO - Filling up the DagBag from /home/logi/txtai/venv/lib/python3.10/site-packages/airflow/example_dags/plugins/workday.py
[2025-10-29T20:27:47.218+0530] {processor.py:842} WARNING - No viable dags retrieved from /home/logi/txtai/venv/lib/python3.10/site-packages/airflow/example_dags/plugins/workday.py
[2025-10-29T20:27:47.225+0530] {processor.py:183} INFO - Processing /home/logi/txtai/venv/lib/python3.10/site-packages/airflow/example_dags/plugins/workday.py took 0.485 seconds
[2025-10-29T20:28:35.237+0530] {processor.py:161} INFO - Started process (PID=23349) to work on /home/logi/txtai/venv/lib/python3.10/site-packages/airflow/example_dags/plugins/workday.py
[2025-10-29T20:28:35.251+0530] {processor.py:830} INFO - Processing file /home/logi/txtai/venv/lib/python3.10/site-packages/airflow/example_dags/plugins/workday.py for tasks to queue
[2025-10-29T20:28:35.254+0530] {logging_mixin.py:188} INFO - [2025-10-29T20:28:35.253+0530] {dagbag.py:545} INFO - Filling up the DagBag from /home/logi/txtai/venv/lib/python3.10/site-packages/airflow/example_dags/plugins/workday.py
[2025-10-29T20:28:35.675+0530] {processor.py:842} WARNING - No viable dags retrieved from /home/logi/txtai/venv/lib/python3.10/site-packages/airflow/example_dags/plugins/workday.py
[2025-10-29T20:28:35.682+0530] {processor.py:183} INFO - Processing /home/logi/txtai/venv/lib/python3.10/site-packages/airflow/example_dags/plugins/workday.py took 0.457 seconds
[2025-10-29T20:29:29.503+0530] {processor.py:161} INFO - Started process (PID=23413) to work on /home/logi/txtai/venv/lib/python3.10/site-packages/airflow/example_dags/plugins/workday.py
[2025-10-29T20:29:29.517+0530] {processor.py:830} INFO - Processing file /home/logi/txtai/venv/lib/python3.10/site-packages/airflow/example_dags/plugins/workday.py for tasks to queue
[2025-10-29T20:29:29.520+0530] {logging_mixin.py:188} INFO - [2025-10-29T20:29:29.520+0530] {dagbag.py:545} INFO - Filling up the DagBag from /home/logi/txtai/venv/lib/python3.10/site-packages/airflow/example_dags/plugins/workday.py
[2025-10-29T20:29:29.968+0530] {processor.py:842} WARNING - No viable dags retrieved from /home/logi/txtai/venv/lib/python3.10/site-packages/airflow/example_dags/plugins/workday.py
[2025-10-29T20:29:29.978+0530] {processor.py:183} INFO - Processing /home/logi/txtai/venv/lib/python3.10/site-packages/airflow/example_dags/plugins/workday.py took 0.487 seconds
[2025-10-29T20:30:23.657+0530] {processor.py:161} INFO - Started process (PID=23531) to work on /home/logi/txtai/venv/lib/python3.10/site-packages/airflow/example_dags/plugins/workday.py
[2025-10-29T20:30:23.671+0530] {processor.py:830} INFO - Processing file /home/logi/txtai/venv/lib/python3.10/site-packages/airflow/example_dags/plugins/workday.py for tasks to queue
[2025-10-29T20:30:23.674+0530] {logging_mixin.py:188} INFO - [2025-10-29T20:30:23.673+0530] {dagbag.py:545} INFO - Filling up the DagBag from /home/logi/txtai/venv/lib/python3.10/site-packages/airflow/example_dags/plugins/workday.py
[2025-10-29T20:30:24.194+0530] {processor.py:842} WARNING - No viable dags retrieved from /home/logi/txtai/venv/lib/python3.10/site-packages/airflow/example_dags/plugins/workday.py
[2025-10-29T20:30:24.205+0530] {processor.py:183} INFO - Processing /home/logi/txtai/venv/lib/python3.10/site-packages/airflow/example_dags/plugins/workday.py took 0.560 seconds
[2025-10-29T20:31:15.867+0530] {processor.py:161} INFO - Started process (PID=23600) to work on /home/logi/txtai/venv/lib/python3.10/site-packages/airflow/example_dags/plugins/workday.py
[2025-10-29T20:31:15.880+0530] {processor.py:830} INFO - Processing file /home/logi/txtai/venv/lib/python3.10/site-packages/airflow/example_dags/plugins/workday.py for tasks to queue
[2025-10-29T20:31:15.883+0530] {logging_mixin.py:188} INFO - [2025-10-29T20:31:15.882+0530] {dagbag.py:545} INFO - Filling up the DagBag from /home/logi/txtai/venv/lib/python3.10/site-packages/airflow/example_dags/plugins/workday.py
[2025-10-29T20:31:16.309+0530] {processor.py:842} WARNING - No viable dags retrieved from /home/logi/txtai/venv/lib/python3.10/site-packages/airflow/example_dags/plugins/workday.py
[2025-10-29T20:31:16.316+0530] {processor.py:183} INFO - Processing /home/logi/txtai/venv/lib/python3.10/site-packages/airflow/example_dags/plugins/workday.py took 0.461 seconds
[2025-10-29T20:32:06.759+0530] {processor.py:161} INFO - Started process (PID=23672) to work on /home/logi/txtai/venv/lib/python3.10/site-packages/airflow/example_dags/plugins/workday.py
[2025-10-29T20:32:06.773+0530] {processor.py:830} INFO - Processing file /home/logi/txtai/venv/lib/python3.10/site-packages/airflow/example_dags/plugins/workday.py for tasks to queue
[2025-10-29T20:32:06.776+0530] {logging_mixin.py:188} INFO - [2025-10-29T20:32:06.775+0530] {dagbag.py:545} INFO - Filling up the DagBag from /home/logi/txtai/venv/lib/python3.10/site-packages/airflow/example_dags/plugins/workday.py
[2025-10-29T20:32:07.205+0530] {processor.py:842} WARNING - No viable dags retrieved from /home/logi/txtai/venv/lib/python3.10/site-packages/airflow/example_dags/plugins/workday.py
[2025-10-29T20:32:07.212+0530] {processor.py:183} INFO - Processing /home/logi/txtai/venv/lib/python3.10/site-packages/airflow/example_dags/plugins/workday.py took 0.465 seconds
[2025-10-29T20:33:00.385+0530] {processor.py:161} INFO - Started process (PID=23754) to work on /home/logi/txtai/venv/lib/python3.10/site-packages/airflow/example_dags/plugins/workday.py
[2025-10-29T20:33:00.386+0530] {processor.py:830} INFO - Processing file /home/logi/txtai/venv/lib/python3.10/site-packages/airflow/example_dags/plugins/workday.py for tasks to queue
[2025-10-29T20:33:00.389+0530] {logging_mixin.py:188} INFO - [2025-10-29T20:33:00.388+0530] {dagbag.py:545} INFO - Filling up the DagBag from /home/logi/txtai/venv/lib/python3.10/site-packages/airflow/example_dags/plugins/workday.py
[2025-10-29T20:33:00.945+0530] {processor.py:842} WARNING - No viable dags retrieved from /home/logi/txtai/venv/lib/python3.10/site-packages/airflow/example_dags/plugins/workday.py
[2025-10-29T20:33:00.954+0530] {processor.py:183} INFO - Processing /home/logi/txtai/venv/lib/python3.10/site-packages/airflow/example_dags/plugins/workday.py took 0.580 seconds
[2025-10-29T20:33:53.165+0530] {processor.py:161} INFO - Started process (PID=23822) to work on /home/logi/txtai/venv/lib/python3.10/site-packages/airflow/example_dags/plugins/workday.py
[2025-10-29T20:33:53.167+0530] {processor.py:830} INFO - Processing file /home/logi/txtai/venv/lib/python3.10/site-packages/airflow/example_dags/plugins/workday.py for tasks to queue
[2025-10-29T20:33:53.171+0530] {logging_mixin.py:188} INFO - [2025-10-29T20:33:53.170+0530] {dagbag.py:545} INFO - Filling up the DagBag from /home/logi/txtai/venv/lib/python3.10/site-packages/airflow/example_dags/plugins/workday.py
[2025-10-29T20:33:53.579+0530] {processor.py:842} WARNING - No viable dags retrieved from /home/logi/txtai/venv/lib/python3.10/site-packages/airflow/example_dags/plugins/workday.py
[2025-10-29T20:33:53.586+0530] {processor.py:183} INFO - Processing /home/logi/txtai/venv/lib/python3.10/site-packages/airflow/example_dags/plugins/workday.py took 0.432 seconds
[2025-10-29T20:34:41.780+0530] {processor.py:161} INFO - Started process (PID=23911) to work on /home/logi/txtai/venv/lib/python3.10/site-packages/airflow/example_dags/plugins/workday.py
[2025-10-29T20:34:41.782+0530] {processor.py:830} INFO - Processing file /home/logi/txtai/venv/lib/python3.10/site-packages/airflow/example_dags/plugins/workday.py for tasks to queue
[2025-10-29T20:34:41.785+0530] {logging_mixin.py:188} INFO - [2025-10-29T20:34:41.784+0530] {dagbag.py:545} INFO - Filling up the DagBag from /home/logi/txtai/venv/lib/python3.10/site-packages/airflow/example_dags/plugins/workday.py
[2025-10-29T20:34:42.209+0530] {processor.py:842} WARNING - No viable dags retrieved from /home/logi/txtai/venv/lib/python3.10/site-packages/airflow/example_dags/plugins/workday.py
[2025-10-29T20:34:42.216+0530] {processor.py:183} INFO - Processing /home/logi/txtai/venv/lib/python3.10/site-packages/airflow/example_dags/plugins/workday.py took 0.447 seconds
[2025-10-29T20:35:32.778+0530] {processor.py:161} INFO - Started process (PID=23999) to work on /home/logi/txtai/venv/lib/python3.10/site-packages/airflow/example_dags/plugins/workday.py
[2025-10-29T20:35:32.792+0530] {processor.py:830} INFO - Processing file /home/logi/txtai/venv/lib/python3.10/site-packages/airflow/example_dags/plugins/workday.py for tasks to queue
[2025-10-29T20:35:32.794+0530] {logging_mixin.py:188} INFO - [2025-10-29T20:35:32.794+0530] {dagbag.py:545} INFO - Filling up the DagBag from /home/logi/txtai/venv/lib/python3.10/site-packages/airflow/example_dags/plugins/workday.py
[2025-10-29T20:35:33.218+0530] {processor.py:842} WARNING - No viable dags retrieved from /home/logi/txtai/venv/lib/python3.10/site-packages/airflow/example_dags/plugins/workday.py
[2025-10-29T20:35:33.225+0530] {processor.py:183} INFO - Processing /home/logi/txtai/venv/lib/python3.10/site-packages/airflow/example_dags/plugins/workday.py took 0.458 seconds
[2025-10-29T20:36:26.449+0530] {processor.py:161} INFO - Started process (PID=24065) to work on /home/logi/txtai/venv/lib/python3.10/site-packages/airflow/example_dags/plugins/workday.py
[2025-10-29T20:36:26.463+0530] {processor.py:830} INFO - Processing file /home/logi/txtai/venv/lib/python3.10/site-packages/airflow/example_dags/plugins/workday.py for tasks to queue
[2025-10-29T20:36:26.466+0530] {logging_mixin.py:188} INFO - [2025-10-29T20:36:26.465+0530] {dagbag.py:545} INFO - Filling up the DagBag from /home/logi/txtai/venv/lib/python3.10/site-packages/airflow/example_dags/plugins/workday.py
[2025-10-29T20:36:26.848+0530] {processor.py:842} WARNING - No viable dags retrieved from /home/logi/txtai/venv/lib/python3.10/site-packages/airflow/example_dags/plugins/workday.py
[2025-10-29T20:36:26.855+0530] {processor.py:183} INFO - Processing /home/logi/txtai/venv/lib/python3.10/site-packages/airflow/example_dags/plugins/workday.py took 0.417 seconds
[2025-10-29T20:37:19.391+0530] {processor.py:161} INFO - Started process (PID=24131) to work on /home/logi/txtai/venv/lib/python3.10/site-packages/airflow/example_dags/plugins/workday.py
[2025-10-29T20:37:19.405+0530] {processor.py:830} INFO - Processing file /home/logi/txtai/venv/lib/python3.10/site-packages/airflow/example_dags/plugins/workday.py for tasks to queue
[2025-10-29T20:37:19.408+0530] {logging_mixin.py:188} INFO - [2025-10-29T20:37:19.408+0530] {dagbag.py:545} INFO - Filling up the DagBag from /home/logi/txtai/venv/lib/python3.10/site-packages/airflow/example_dags/plugins/workday.py
[2025-10-29T20:37:19.837+0530] {processor.py:842} WARNING - No viable dags retrieved from /home/logi/txtai/venv/lib/python3.10/site-packages/airflow/example_dags/plugins/workday.py
[2025-10-29T20:37:19.845+0530] {processor.py:183} INFO - Processing /home/logi/txtai/venv/lib/python3.10/site-packages/airflow/example_dags/plugins/workday.py took 0.466 seconds
