[2025-10-29T19:29:28.803+0530] {processor.py:161} INFO - Started process (PID=16041) to work on /home/logi/txtai/airflow/dags/my_first_dag.py
[2025-10-29T19:29:28.803+0530] {processor.py:830} INFO - Processing file /home/logi/txtai/airflow/dags/my_first_dag.py for tasks to queue
[2025-10-29T19:29:28.805+0530] {logging_mixin.py:188} INFO - [2025-10-29T19:29:28.805+0530] {dagbag.py:545} INFO - Filling up the DagBag from /home/logi/txtai/airflow/dags/my_first_dag.py
[2025-10-29T19:29:28.817+0530] {processor.py:840} INFO - DAG(s) 'my_first_dag' retrieved from /home/logi/txtai/airflow/dags/my_first_dag.py
[2025-10-29T19:29:28.987+0530] {logging_mixin.py:188} INFO - [2025-10-29T19:29:28.987+0530] {override.py:1829} INFO - Created Permission View: can read on DAG:my_first_dag
[2025-10-29T19:29:29.004+0530] {logging_mixin.py:188} INFO - [2025-10-29T19:29:29.004+0530] {override.py:1829} INFO - Created Permission View: can edit on DAG:my_first_dag
[2025-10-29T19:29:29.015+0530] {logging_mixin.py:188} INFO - [2025-10-29T19:29:29.014+0530] {override.py:1829} INFO - Created Permission View: can delete on DAG:my_first_dag
[2025-10-29T19:29:29.015+0530] {logging_mixin.py:188} INFO - [2025-10-29T19:29:29.015+0530] {dag.py:3096} INFO - Sync 1 DAGs
[2025-10-29T19:29:29.026+0530] {logging_mixin.py:188} INFO - [2025-10-29T19:29:29.025+0530] {dag.py:3118} INFO - Creating ORM DAG for my_first_dag
[2025-10-29T19:29:29.051+0530] {logging_mixin.py:188} INFO - [2025-10-29T19:29:29.050+0530] {dag.py:3954} INFO - Setting next_dagrun for my_first_dag to 2025-10-28 00:00:00+00:00, run_after=2025-10-29 00:00:00+00:00
[2025-10-29T19:29:29.110+0530] {processor.py:183} INFO - Processing /home/logi/txtai/airflow/dags/my_first_dag.py took 0.313 seconds
[2025-10-29T19:30:28.725+0530] {processor.py:161} INFO - Started process (PID=16400) to work on /home/logi/txtai/airflow/dags/my_first_dag.py
[2025-10-29T19:30:28.738+0530] {processor.py:830} INFO - Processing file /home/logi/txtai/airflow/dags/my_first_dag.py for tasks to queue
[2025-10-29T19:30:28.742+0530] {logging_mixin.py:188} INFO - [2025-10-29T19:30:28.741+0530] {dagbag.py:545} INFO - Filling up the DagBag from /home/logi/txtai/airflow/dags/my_first_dag.py
[2025-10-29T19:30:28.754+0530] {processor.py:840} INFO - DAG(s) 'my_first_dag' retrieved from /home/logi/txtai/airflow/dags/my_first_dag.py
[2025-10-29T19:30:28.777+0530] {logging_mixin.py:188} INFO - [2025-10-29T19:30:28.776+0530] {dag.py:3096} INFO - Sync 1 DAGs
[2025-10-29T19:30:28.799+0530] {logging_mixin.py:188} INFO - [2025-10-29T19:30:28.799+0530] {dag.py:3954} INFO - Setting next_dagrun for my_first_dag to 2025-10-28 00:00:00+00:00, run_after=2025-10-29 00:00:00+00:00
[2025-10-29T19:30:28.815+0530] {processor.py:183} INFO - Processing /home/logi/txtai/airflow/dags/my_first_dag.py took 0.100 seconds
[2025-10-29T19:31:18.329+0530] {processor.py:161} INFO - Started process (PID=16580) to work on /home/logi/txtai/airflow/dags/my_first_dag.py
[2025-10-29T19:31:18.331+0530] {processor.py:830} INFO - Processing file /home/logi/txtai/airflow/dags/my_first_dag.py for tasks to queue
[2025-10-29T19:31:18.334+0530] {logging_mixin.py:188} INFO - [2025-10-29T19:31:18.333+0530] {dagbag.py:545} INFO - Filling up the DagBag from /home/logi/txtai/airflow/dags/my_first_dag.py
[2025-10-29T19:31:18.350+0530] {processor.py:840} INFO - DAG(s) 'my_first_dag' retrieved from /home/logi/txtai/airflow/dags/my_first_dag.py
[2025-10-29T19:31:18.372+0530] {logging_mixin.py:188} INFO - [2025-10-29T19:31:18.372+0530] {dag.py:3096} INFO - Sync 1 DAGs
[2025-10-29T19:31:18.394+0530] {logging_mixin.py:188} INFO - [2025-10-29T19:31:18.394+0530] {dag.py:3954} INFO - Setting next_dagrun for my_first_dag to 2025-10-28 00:00:00+00:00, run_after=2025-10-29 00:00:00+00:00
[2025-10-29T19:31:18.414+0530] {processor.py:183} INFO - Processing /home/logi/txtai/airflow/dags/my_first_dag.py took 0.097 seconds
[2025-10-29T19:32:01.933+0530] {processor.py:161} INFO - Started process (PID=16646) to work on /home/logi/txtai/airflow/dags/my_first_dag.py
[2025-10-29T19:32:01.946+0530] {processor.py:830} INFO - Processing file /home/logi/txtai/airflow/dags/my_first_dag.py for tasks to queue
[2025-10-29T19:32:01.948+0530] {logging_mixin.py:188} INFO - [2025-10-29T19:32:01.948+0530] {dagbag.py:545} INFO - Filling up the DagBag from /home/logi/txtai/airflow/dags/my_first_dag.py
[2025-10-29T19:32:01.956+0530] {processor.py:840} INFO - DAG(s) 'my_first_dag' retrieved from /home/logi/txtai/airflow/dags/my_first_dag.py
[2025-10-29T19:32:01.968+0530] {logging_mixin.py:188} INFO - [2025-10-29T19:32:01.968+0530] {dag.py:3096} INFO - Sync 1 DAGs
[2025-10-29T19:32:01.983+0530] {logging_mixin.py:188} INFO - [2025-10-29T19:32:01.982+0530] {dag.py:3954} INFO - Setting next_dagrun for my_first_dag to 2025-10-28 00:00:00+00:00, run_after=2025-10-29 00:00:00+00:00
[2025-10-29T19:32:02.000+0530] {processor.py:183} INFO - Processing /home/logi/txtai/airflow/dags/my_first_dag.py took 0.072 seconds
[2025-10-29T19:32:50.320+0530] {processor.py:161} INFO - Started process (PID=16714) to work on /home/logi/txtai/airflow/dags/my_first_dag.py
[2025-10-29T19:32:50.333+0530] {processor.py:830} INFO - Processing file /home/logi/txtai/airflow/dags/my_first_dag.py for tasks to queue
[2025-10-29T19:32:50.336+0530] {logging_mixin.py:188} INFO - [2025-10-29T19:32:50.336+0530] {dagbag.py:545} INFO - Filling up the DagBag from /home/logi/txtai/airflow/dags/my_first_dag.py
[2025-10-29T19:32:50.346+0530] {processor.py:840} INFO - DAG(s) 'my_first_dag' retrieved from /home/logi/txtai/airflow/dags/my_first_dag.py
[2025-10-29T19:32:50.371+0530] {logging_mixin.py:188} INFO - [2025-10-29T19:32:50.371+0530] {dag.py:3096} INFO - Sync 1 DAGs
[2025-10-29T19:32:50.389+0530] {logging_mixin.py:188} INFO - [2025-10-29T19:32:50.389+0530] {dag.py:3954} INFO - Setting next_dagrun for my_first_dag to 2025-10-28 00:00:00+00:00, run_after=2025-10-29 00:00:00+00:00
[2025-10-29T19:32:50.408+0530] {processor.py:183} INFO - Processing /home/logi/txtai/airflow/dags/my_first_dag.py took 0.095 seconds
[2025-10-29T19:33:40.294+0530] {processor.py:161} INFO - Started process (PID=16868) to work on /home/logi/txtai/airflow/dags/my_first_dag.py
[2025-10-29T19:33:40.308+0530] {processor.py:830} INFO - Processing file /home/logi/txtai/airflow/dags/my_first_dag.py for tasks to queue
[2025-10-29T19:33:40.311+0530] {logging_mixin.py:188} INFO - [2025-10-29T19:33:40.310+0530] {dagbag.py:545} INFO - Filling up the DagBag from /home/logi/txtai/airflow/dags/my_first_dag.py
[2025-10-29T19:33:40.324+0530] {processor.py:840} INFO - DAG(s) 'my_first_dag' retrieved from /home/logi/txtai/airflow/dags/my_first_dag.py
[2025-10-29T19:33:40.347+0530] {logging_mixin.py:188} INFO - [2025-10-29T19:33:40.347+0530] {dag.py:3096} INFO - Sync 1 DAGs
[2025-10-29T19:33:40.370+0530] {logging_mixin.py:188} INFO - [2025-10-29T19:33:40.370+0530] {dag.py:3954} INFO - Setting next_dagrun for my_first_dag to 2025-10-28 00:00:00+00:00, run_after=2025-10-29 00:00:00+00:00
[2025-10-29T19:33:40.397+0530] {processor.py:183} INFO - Processing /home/logi/txtai/airflow/dags/my_first_dag.py took 0.114 seconds
[2025-10-29T19:34:28.510+0530] {processor.py:161} INFO - Started process (PID=16932) to work on /home/logi/txtai/airflow/dags/my_first_dag.py
[2025-10-29T19:34:28.516+0530] {processor.py:830} INFO - Processing file /home/logi/txtai/airflow/dags/my_first_dag.py for tasks to queue
[2025-10-29T19:34:28.519+0530] {logging_mixin.py:188} INFO - [2025-10-29T19:34:28.518+0530] {dagbag.py:545} INFO - Filling up the DagBag from /home/logi/txtai/airflow/dags/my_first_dag.py
[2025-10-29T19:34:28.532+0530] {processor.py:840} INFO - DAG(s) 'my_first_dag' retrieved from /home/logi/txtai/airflow/dags/my_first_dag.py
[2025-10-29T19:34:28.557+0530] {logging_mixin.py:188} INFO - [2025-10-29T19:34:28.557+0530] {dag.py:3096} INFO - Sync 1 DAGs
[2025-10-29T19:34:28.575+0530] {logging_mixin.py:188} INFO - [2025-10-29T19:34:28.575+0530] {dag.py:3954} INFO - Setting next_dagrun for my_first_dag to 2025-10-28 00:00:00+00:00, run_after=2025-10-29 00:00:00+00:00
[2025-10-29T19:34:28.594+0530] {processor.py:183} INFO - Processing /home/logi/txtai/airflow/dags/my_first_dag.py took 0.096 seconds
[2025-10-29T19:35:18.292+0530] {processor.py:161} INFO - Started process (PID=17026) to work on /home/logi/txtai/airflow/dags/my_first_dag.py
[2025-10-29T19:35:18.294+0530] {processor.py:830} INFO - Processing file /home/logi/txtai/airflow/dags/my_first_dag.py for tasks to queue
[2025-10-29T19:35:18.297+0530] {logging_mixin.py:188} INFO - [2025-10-29T19:35:18.297+0530] {dagbag.py:545} INFO - Filling up the DagBag from /home/logi/txtai/airflow/dags/my_first_dag.py
[2025-10-29T19:35:18.311+0530] {processor.py:840} INFO - DAG(s) 'my_first_dag' retrieved from /home/logi/txtai/airflow/dags/my_first_dag.py
[2025-10-29T19:35:18.334+0530] {logging_mixin.py:188} INFO - [2025-10-29T19:35:18.333+0530] {dag.py:3096} INFO - Sync 1 DAGs
[2025-10-29T19:35:18.351+0530] {logging_mixin.py:188} INFO - [2025-10-29T19:35:18.351+0530] {dag.py:3954} INFO - Setting next_dagrun for my_first_dag to 2025-10-28 00:00:00+00:00, run_after=2025-10-29 00:00:00+00:00
[2025-10-29T19:35:18.370+0530] {processor.py:183} INFO - Processing /home/logi/txtai/airflow/dags/my_first_dag.py took 0.089 seconds
[2025-10-29T19:36:08.078+0530] {processor.py:161} INFO - Started process (PID=17087) to work on /home/logi/txtai/airflow/dags/my_first_dag.py
[2025-10-29T19:36:08.092+0530] {processor.py:830} INFO - Processing file /home/logi/txtai/airflow/dags/my_first_dag.py for tasks to queue
[2025-10-29T19:36:08.095+0530] {logging_mixin.py:188} INFO - [2025-10-29T19:36:08.094+0530] {dagbag.py:545} INFO - Filling up the DagBag from /home/logi/txtai/airflow/dags/my_first_dag.py
[2025-10-29T19:36:08.109+0530] {processor.py:840} INFO - DAG(s) 'my_first_dag' retrieved from /home/logi/txtai/airflow/dags/my_first_dag.py
[2025-10-29T19:36:08.134+0530] {logging_mixin.py:188} INFO - [2025-10-29T19:36:08.134+0530] {dag.py:3096} INFO - Sync 1 DAGs
[2025-10-29T19:36:08.156+0530] {logging_mixin.py:188} INFO - [2025-10-29T19:36:08.156+0530] {dag.py:3954} INFO - Setting next_dagrun for my_first_dag to 2025-10-28 00:00:00+00:00, run_after=2025-10-29 00:00:00+00:00
[2025-10-29T19:36:08.182+0530] {processor.py:183} INFO - Processing /home/logi/txtai/airflow/dags/my_first_dag.py took 0.115 seconds
[2025-10-29T19:37:00.185+0530] {processor.py:161} INFO - Started process (PID=17363) to work on /home/logi/txtai/airflow/dags/my_first_dag.py
[2025-10-29T19:37:00.198+0530] {processor.py:830} INFO - Processing file /home/logi/txtai/airflow/dags/my_first_dag.py for tasks to queue
[2025-10-29T19:37:00.201+0530] {logging_mixin.py:188} INFO - [2025-10-29T19:37:00.200+0530] {dagbag.py:545} INFO - Filling up the DagBag from /home/logi/txtai/airflow/dags/my_first_dag.py
[2025-10-29T19:37:00.214+0530] {processor.py:840} INFO - DAG(s) 'my_first_dag' retrieved from /home/logi/txtai/airflow/dags/my_first_dag.py
[2025-10-29T19:37:00.238+0530] {logging_mixin.py:188} INFO - [2025-10-29T19:37:00.237+0530] {dag.py:3096} INFO - Sync 1 DAGs
[2025-10-29T19:37:00.260+0530] {logging_mixin.py:188} INFO - [2025-10-29T19:37:00.259+0530] {dag.py:3954} INFO - Setting next_dagrun for my_first_dag to 2025-10-28 00:00:00+00:00, run_after=2025-10-29 00:00:00+00:00
[2025-10-29T19:37:00.287+0530] {processor.py:183} INFO - Processing /home/logi/txtai/airflow/dags/my_first_dag.py took 0.113 seconds
[2025-10-29T19:37:50.597+0530] {processor.py:161} INFO - Started process (PID=17425) to work on /home/logi/txtai/airflow/dags/my_first_dag.py
[2025-10-29T19:37:50.610+0530] {processor.py:830} INFO - Processing file /home/logi/txtai/airflow/dags/my_first_dag.py for tasks to queue
[2025-10-29T19:37:50.614+0530] {logging_mixin.py:188} INFO - [2025-10-29T19:37:50.613+0530] {dagbag.py:545} INFO - Filling up the DagBag from /home/logi/txtai/airflow/dags/my_first_dag.py
[2025-10-29T19:37:50.627+0530] {processor.py:840} INFO - DAG(s) 'my_first_dag' retrieved from /home/logi/txtai/airflow/dags/my_first_dag.py
[2025-10-29T19:37:50.650+0530] {logging_mixin.py:188} INFO - [2025-10-29T19:37:50.650+0530] {dag.py:3096} INFO - Sync 1 DAGs
[2025-10-29T19:37:50.672+0530] {logging_mixin.py:188} INFO - [2025-10-29T19:37:50.672+0530] {dag.py:3954} INFO - Setting next_dagrun for my_first_dag to 2025-10-28 00:00:00+00:00, run_after=2025-10-29 00:00:00+00:00
[2025-10-29T19:37:50.699+0530] {processor.py:183} INFO - Processing /home/logi/txtai/airflow/dags/my_first_dag.py took 0.113 seconds
[2025-10-29T19:38:43.332+0530] {processor.py:161} INFO - Started process (PID=17487) to work on /home/logi/txtai/airflow/dags/my_first_dag.py
[2025-10-29T19:38:43.346+0530] {processor.py:830} INFO - Processing file /home/logi/txtai/airflow/dags/my_first_dag.py for tasks to queue
[2025-10-29T19:38:43.349+0530] {logging_mixin.py:188} INFO - [2025-10-29T19:38:43.348+0530] {dagbag.py:545} INFO - Filling up the DagBag from /home/logi/txtai/airflow/dags/my_first_dag.py
[2025-10-29T19:38:43.363+0530] {processor.py:840} INFO - DAG(s) 'my_first_dag' retrieved from /home/logi/txtai/airflow/dags/my_first_dag.py
[2025-10-29T19:38:43.387+0530] {logging_mixin.py:188} INFO - [2025-10-29T19:38:43.387+0530] {dag.py:3096} INFO - Sync 1 DAGs
[2025-10-29T19:38:43.410+0530] {logging_mixin.py:188} INFO - [2025-10-29T19:38:43.410+0530] {dag.py:3954} INFO - Setting next_dagrun for my_first_dag to 2025-10-28 00:00:00+00:00, run_after=2025-10-29 00:00:00+00:00
[2025-10-29T19:38:43.437+0530] {processor.py:183} INFO - Processing /home/logi/txtai/airflow/dags/my_first_dag.py took 0.116 seconds
[2025-10-29T19:39:38.433+0530] {processor.py:161} INFO - Started process (PID=17585) to work on /home/logi/txtai/airflow/dags/my_first_dag.py
[2025-10-29T19:39:38.435+0530] {processor.py:830} INFO - Processing file /home/logi/txtai/airflow/dags/my_first_dag.py for tasks to queue
[2025-10-29T19:39:38.438+0530] {logging_mixin.py:188} INFO - [2025-10-29T19:39:38.438+0530] {dagbag.py:545} INFO - Filling up the DagBag from /home/logi/txtai/airflow/dags/my_first_dag.py
[2025-10-29T19:39:38.453+0530] {processor.py:840} INFO - DAG(s) 'my_first_dag' retrieved from /home/logi/txtai/airflow/dags/my_first_dag.py
[2025-10-29T19:39:38.475+0530] {logging_mixin.py:188} INFO - [2025-10-29T19:39:38.475+0530] {dag.py:3096} INFO - Sync 1 DAGs
[2025-10-29T19:39:38.492+0530] {logging_mixin.py:188} INFO - [2025-10-29T19:39:38.492+0530] {dag.py:3954} INFO - Setting next_dagrun for my_first_dag to 2025-10-28 00:00:00+00:00, run_after=2025-10-29 00:00:00+00:00
[2025-10-29T19:39:38.512+0530] {processor.py:183} INFO - Processing /home/logi/txtai/airflow/dags/my_first_dag.py took 0.090 seconds
[2025-10-29T19:40:28.840+0530] {processor.py:161} INFO - Started process (PID=17764) to work on /home/logi/txtai/airflow/dags/my_first_dag.py
[2025-10-29T19:40:28.853+0530] {processor.py:830} INFO - Processing file /home/logi/txtai/airflow/dags/my_first_dag.py for tasks to queue
[2025-10-29T19:40:28.857+0530] {logging_mixin.py:188} INFO - [2025-10-29T19:40:28.856+0530] {dagbag.py:545} INFO - Filling up the DagBag from /home/logi/txtai/airflow/dags/my_first_dag.py
[2025-10-29T19:40:28.870+0530] {processor.py:840} INFO - DAG(s) 'my_first_dag' retrieved from /home/logi/txtai/airflow/dags/my_first_dag.py
[2025-10-29T19:40:28.895+0530] {logging_mixin.py:188} INFO - [2025-10-29T19:40:28.895+0530] {dag.py:3096} INFO - Sync 1 DAGs
[2025-10-29T19:40:28.916+0530] {logging_mixin.py:188} INFO - [2025-10-29T19:40:28.915+0530] {dag.py:3954} INFO - Setting next_dagrun for my_first_dag to 2025-10-28 00:00:00+00:00, run_after=2025-10-29 00:00:00+00:00
[2025-10-29T19:40:28.941+0530] {processor.py:183} INFO - Processing /home/logi/txtai/airflow/dags/my_first_dag.py took 0.112 seconds
[2025-10-29T19:41:18.563+0530] {processor.py:161} INFO - Started process (PID=17895) to work on /home/logi/txtai/airflow/dags/my_first_dag.py
[2025-10-29T19:41:18.576+0530] {processor.py:830} INFO - Processing file /home/logi/txtai/airflow/dags/my_first_dag.py for tasks to queue
[2025-10-29T19:41:18.579+0530] {logging_mixin.py:188} INFO - [2025-10-29T19:41:18.578+0530] {dagbag.py:545} INFO - Filling up the DagBag from /home/logi/txtai/airflow/dags/my_first_dag.py
[2025-10-29T19:41:18.587+0530] {processor.py:840} INFO - DAG(s) 'my_first_dag' retrieved from /home/logi/txtai/airflow/dags/my_first_dag.py
[2025-10-29T19:41:18.602+0530] {logging_mixin.py:188} INFO - [2025-10-29T19:41:18.602+0530] {dag.py:3096} INFO - Sync 1 DAGs
[2025-10-29T19:41:18.619+0530] {logging_mixin.py:188} INFO - [2025-10-29T19:41:18.619+0530] {dag.py:3954} INFO - Setting next_dagrun for my_first_dag to 2025-10-28 00:00:00+00:00, run_after=2025-10-29 00:00:00+00:00
[2025-10-29T19:41:18.640+0530] {processor.py:183} INFO - Processing /home/logi/txtai/airflow/dags/my_first_dag.py took 0.089 seconds
[2025-10-29T19:42:09.170+0530] {processor.py:161} INFO - Started process (PID=17976) to work on /home/logi/txtai/airflow/dags/my_first_dag.py
[2025-10-29T19:42:09.183+0530] {processor.py:830} INFO - Processing file /home/logi/txtai/airflow/dags/my_first_dag.py for tasks to queue
[2025-10-29T19:42:09.185+0530] {logging_mixin.py:188} INFO - [2025-10-29T19:42:09.185+0530] {dagbag.py:545} INFO - Filling up the DagBag from /home/logi/txtai/airflow/dags/my_first_dag.py
[2025-10-29T19:42:09.194+0530] {processor.py:840} INFO - DAG(s) 'my_first_dag' retrieved from /home/logi/txtai/airflow/dags/my_first_dag.py
[2025-10-29T19:42:09.222+0530] {logging_mixin.py:188} INFO - [2025-10-29T19:42:09.222+0530] {dag.py:3096} INFO - Sync 1 DAGs
[2025-10-29T19:42:09.243+0530] {logging_mixin.py:188} INFO - [2025-10-29T19:42:09.243+0530] {dag.py:3954} INFO - Setting next_dagrun for my_first_dag to 2025-10-28 00:00:00+00:00, run_after=2025-10-29 00:00:00+00:00
[2025-10-29T19:42:09.265+0530] {processor.py:183} INFO - Processing /home/logi/txtai/airflow/dags/my_first_dag.py took 0.105 seconds
[2025-10-29T19:43:03.179+0530] {processor.py:161} INFO - Started process (PID=18041) to work on /home/logi/txtai/airflow/dags/my_first_dag.py
[2025-10-29T19:43:03.181+0530] {processor.py:830} INFO - Processing file /home/logi/txtai/airflow/dags/my_first_dag.py for tasks to queue
[2025-10-29T19:43:03.184+0530] {logging_mixin.py:188} INFO - [2025-10-29T19:43:03.184+0530] {dagbag.py:545} INFO - Filling up the DagBag from /home/logi/txtai/airflow/dags/my_first_dag.py
[2025-10-29T19:43:03.197+0530] {processor.py:840} INFO - DAG(s) 'my_first_dag' retrieved from /home/logi/txtai/airflow/dags/my_first_dag.py
[2025-10-29T19:43:03.221+0530] {logging_mixin.py:188} INFO - [2025-10-29T19:43:03.220+0530] {dag.py:3096} INFO - Sync 1 DAGs
[2025-10-29T19:43:03.237+0530] {logging_mixin.py:188} INFO - [2025-10-29T19:43:03.237+0530] {dag.py:3954} INFO - Setting next_dagrun for my_first_dag to 2025-10-28 00:00:00+00:00, run_after=2025-10-29 00:00:00+00:00
[2025-10-29T19:43:03.257+0530] {processor.py:183} INFO - Processing /home/logi/txtai/airflow/dags/my_first_dag.py took 0.089 seconds
[2025-10-29T19:43:55.971+0530] {processor.py:161} INFO - Started process (PID=18136) to work on /home/logi/txtai/airflow/dags/my_first_dag.py
[2025-10-29T19:43:55.973+0530] {processor.py:830} INFO - Processing file /home/logi/txtai/airflow/dags/my_first_dag.py for tasks to queue
[2025-10-29T19:43:55.976+0530] {logging_mixin.py:188} INFO - [2025-10-29T19:43:55.976+0530] {dagbag.py:545} INFO - Filling up the DagBag from /home/logi/txtai/airflow/dags/my_first_dag.py
[2025-10-29T19:43:55.990+0530] {processor.py:840} INFO - DAG(s) 'my_first_dag' retrieved from /home/logi/txtai/airflow/dags/my_first_dag.py
[2025-10-29T19:43:56.012+0530] {logging_mixin.py:188} INFO - [2025-10-29T19:43:56.012+0530] {dag.py:3096} INFO - Sync 1 DAGs
[2025-10-29T19:43:56.030+0530] {logging_mixin.py:188} INFO - [2025-10-29T19:43:56.030+0530] {dag.py:3954} INFO - Setting next_dagrun for my_first_dag to 2025-10-28 00:00:00+00:00, run_after=2025-10-29 00:00:00+00:00
[2025-10-29T19:43:56.050+0530] {processor.py:183} INFO - Processing /home/logi/txtai/airflow/dags/my_first_dag.py took 0.090 seconds
[2025-10-29T19:44:47.798+0530] {processor.py:161} INFO - Started process (PID=18227) to work on /home/logi/txtai/airflow/dags/my_first_dag.py
[2025-10-29T19:44:47.811+0530] {processor.py:830} INFO - Processing file /home/logi/txtai/airflow/dags/my_first_dag.py for tasks to queue
[2025-10-29T19:44:47.813+0530] {logging_mixin.py:188} INFO - [2025-10-29T19:44:47.812+0530] {dagbag.py:545} INFO - Filling up the DagBag from /home/logi/txtai/airflow/dags/my_first_dag.py
[2025-10-29T19:44:47.820+0530] {processor.py:840} INFO - DAG(s) 'my_first_dag' retrieved from /home/logi/txtai/airflow/dags/my_first_dag.py
[2025-10-29T19:44:47.835+0530] {logging_mixin.py:188} INFO - [2025-10-29T19:44:47.835+0530] {dag.py:3096} INFO - Sync 1 DAGs
[2025-10-29T19:44:47.851+0530] {logging_mixin.py:188} INFO - [2025-10-29T19:44:47.850+0530] {dag.py:3954} INFO - Setting next_dagrun for my_first_dag to 2025-10-28 00:00:00+00:00, run_after=2025-10-29 00:00:00+00:00
[2025-10-29T19:44:47.867+0530] {processor.py:183} INFO - Processing /home/logi/txtai/airflow/dags/my_first_dag.py took 0.077 seconds
[2025-10-29T19:45:43.436+0530] {processor.py:161} INFO - Started process (PID=18312) to work on /home/logi/txtai/airflow/dags/my_first_dag.py
[2025-10-29T19:45:43.449+0530] {processor.py:830} INFO - Processing file /home/logi/txtai/airflow/dags/my_first_dag.py for tasks to queue
[2025-10-29T19:45:43.452+0530] {logging_mixin.py:188} INFO - [2025-10-29T19:45:43.452+0530] {dagbag.py:545} INFO - Filling up the DagBag from /home/logi/txtai/airflow/dags/my_first_dag.py
[2025-10-29T19:45:43.466+0530] {processor.py:840} INFO - DAG(s) 'my_first_dag' retrieved from /home/logi/txtai/airflow/dags/my_first_dag.py
[2025-10-29T19:45:43.491+0530] {logging_mixin.py:188} INFO - [2025-10-29T19:45:43.490+0530] {dag.py:3096} INFO - Sync 1 DAGs
[2025-10-29T19:45:43.512+0530] {logging_mixin.py:188} INFO - [2025-10-29T19:45:43.512+0530] {dag.py:3954} INFO - Setting next_dagrun for my_first_dag to 2025-10-28 00:00:00+00:00, run_after=2025-10-29 00:00:00+00:00
[2025-10-29T19:45:43.538+0530] {processor.py:183} INFO - Processing /home/logi/txtai/airflow/dags/my_first_dag.py took 0.113 seconds
[2025-10-29T19:46:37.774+0530] {processor.py:161} INFO - Started process (PID=18377) to work on /home/logi/txtai/airflow/dags/my_first_dag.py
[2025-10-29T19:46:37.787+0530] {processor.py:830} INFO - Processing file /home/logi/txtai/airflow/dags/my_first_dag.py for tasks to queue
[2025-10-29T19:46:37.791+0530] {logging_mixin.py:188} INFO - [2025-10-29T19:46:37.790+0530] {dagbag.py:545} INFO - Filling up the DagBag from /home/logi/txtai/airflow/dags/my_first_dag.py
[2025-10-29T19:46:37.804+0530] {processor.py:840} INFO - DAG(s) 'my_first_dag' retrieved from /home/logi/txtai/airflow/dags/my_first_dag.py
[2025-10-29T19:46:37.830+0530] {logging_mixin.py:188} INFO - [2025-10-29T19:46:37.829+0530] {dag.py:3096} INFO - Sync 1 DAGs
[2025-10-29T19:46:37.851+0530] {logging_mixin.py:188} INFO - [2025-10-29T19:46:37.851+0530] {dag.py:3954} INFO - Setting next_dagrun for my_first_dag to 2025-10-28 00:00:00+00:00, run_after=2025-10-29 00:00:00+00:00
[2025-10-29T19:46:37.878+0530] {processor.py:183} INFO - Processing /home/logi/txtai/airflow/dags/my_first_dag.py took 0.116 seconds
[2025-10-29T19:47:31.274+0530] {processor.py:161} INFO - Started process (PID=18442) to work on /home/logi/txtai/airflow/dags/my_first_dag.py
[2025-10-29T19:47:31.276+0530] {processor.py:830} INFO - Processing file /home/logi/txtai/airflow/dags/my_first_dag.py for tasks to queue
[2025-10-29T19:47:31.279+0530] {logging_mixin.py:188} INFO - [2025-10-29T19:47:31.278+0530] {dagbag.py:545} INFO - Filling up the DagBag from /home/logi/txtai/airflow/dags/my_first_dag.py
[2025-10-29T19:47:31.293+0530] {processor.py:840} INFO - DAG(s) 'my_first_dag' retrieved from /home/logi/txtai/airflow/dags/my_first_dag.py
[2025-10-29T19:47:31.317+0530] {logging_mixin.py:188} INFO - [2025-10-29T19:47:31.317+0530] {dag.py:3096} INFO - Sync 1 DAGs
[2025-10-29T19:47:31.334+0530] {logging_mixin.py:188} INFO - [2025-10-29T19:47:31.334+0530] {dag.py:3954} INFO - Setting next_dagrun for my_first_dag to 2025-10-28 00:00:00+00:00, run_after=2025-10-29 00:00:00+00:00
[2025-10-29T19:47:31.361+0530] {processor.py:183} INFO - Processing /home/logi/txtai/airflow/dags/my_first_dag.py took 0.100 seconds
[2025-10-29T19:48:25.423+0530] {processor.py:161} INFO - Started process (PID=18537) to work on /home/logi/txtai/airflow/dags/my_first_dag.py
[2025-10-29T19:48:25.437+0530] {processor.py:830} INFO - Processing file /home/logi/txtai/airflow/dags/my_first_dag.py for tasks to queue
[2025-10-29T19:48:25.442+0530] {logging_mixin.py:188} INFO - [2025-10-29T19:48:25.441+0530] {dagbag.py:545} INFO - Filling up the DagBag from /home/logi/txtai/airflow/dags/my_first_dag.py
[2025-10-29T19:48:25.460+0530] {processor.py:840} INFO - DAG(s) 'my_first_dag' retrieved from /home/logi/txtai/airflow/dags/my_first_dag.py
[2025-10-29T19:48:25.489+0530] {logging_mixin.py:188} INFO - [2025-10-29T19:48:25.489+0530] {dag.py:3096} INFO - Sync 1 DAGs
[2025-10-29T19:48:25.512+0530] {logging_mixin.py:188} INFO - [2025-10-29T19:48:25.512+0530] {dag.py:3954} INFO - Setting next_dagrun for my_first_dag to 2025-10-28 00:00:00+00:00, run_after=2025-10-29 00:00:00+00:00
[2025-10-29T19:48:25.535+0530] {processor.py:183} INFO - Processing /home/logi/txtai/airflow/dags/my_first_dag.py took 0.129 seconds
[2025-10-29T19:49:23.641+0530] {processor.py:161} INFO - Started process (PID=18658) to work on /home/logi/txtai/airflow/dags/my_first_dag.py
[2025-10-29T19:49:23.654+0530] {processor.py:830} INFO - Processing file /home/logi/txtai/airflow/dags/my_first_dag.py for tasks to queue
[2025-10-29T19:49:23.656+0530] {logging_mixin.py:188} INFO - [2025-10-29T19:49:23.656+0530] {dagbag.py:545} INFO - Filling up the DagBag from /home/logi/txtai/airflow/dags/my_first_dag.py
[2025-10-29T19:49:23.666+0530] {processor.py:840} INFO - DAG(s) 'my_first_dag' retrieved from /home/logi/txtai/airflow/dags/my_first_dag.py
[2025-10-29T19:49:23.691+0530] {logging_mixin.py:188} INFO - [2025-10-29T19:49:23.691+0530] {dag.py:3096} INFO - Sync 1 DAGs
[2025-10-29T19:49:23.709+0530] {logging_mixin.py:188} INFO - [2025-10-29T19:49:23.709+0530] {dag.py:3954} INFO - Setting next_dagrun for my_first_dag to 2025-10-28 00:00:00+00:00, run_after=2025-10-29 00:00:00+00:00
[2025-10-29T19:49:23.729+0530] {processor.py:183} INFO - Processing /home/logi/txtai/airflow/dags/my_first_dag.py took 0.096 seconds
[2025-10-29T19:50:15.521+0530] {processor.py:161} INFO - Started process (PID=18748) to work on /home/logi/txtai/airflow/dags/my_first_dag.py
[2025-10-29T19:50:15.527+0530] {processor.py:830} INFO - Processing file /home/logi/txtai/airflow/dags/my_first_dag.py for tasks to queue
[2025-10-29T19:50:15.530+0530] {logging_mixin.py:188} INFO - [2025-10-29T19:50:15.529+0530] {dagbag.py:545} INFO - Filling up the DagBag from /home/logi/txtai/airflow/dags/my_first_dag.py
[2025-10-29T19:50:15.543+0530] {processor.py:840} INFO - DAG(s) 'my_first_dag' retrieved from /home/logi/txtai/airflow/dags/my_first_dag.py
[2025-10-29T19:50:15.568+0530] {logging_mixin.py:188} INFO - [2025-10-29T19:50:15.568+0530] {dag.py:3096} INFO - Sync 1 DAGs
[2025-10-29T19:50:15.586+0530] {logging_mixin.py:188} INFO - [2025-10-29T19:50:15.586+0530] {dag.py:3954} INFO - Setting next_dagrun for my_first_dag to 2025-10-28 00:00:00+00:00, run_after=2025-10-29 00:00:00+00:00
[2025-10-29T19:50:15.613+0530] {processor.py:183} INFO - Processing /home/logi/txtai/airflow/dags/my_first_dag.py took 0.103 seconds
[2025-10-29T19:51:09.290+0530] {processor.py:161} INFO - Started process (PID=18822) to work on /home/logi/txtai/airflow/dags/my_first_dag.py
[2025-10-29T19:51:09.304+0530] {processor.py:830} INFO - Processing file /home/logi/txtai/airflow/dags/my_first_dag.py for tasks to queue
[2025-10-29T19:51:09.308+0530] {logging_mixin.py:188} INFO - [2025-10-29T19:51:09.307+0530] {dagbag.py:545} INFO - Filling up the DagBag from /home/logi/txtai/airflow/dags/my_first_dag.py
[2025-10-29T19:51:09.329+0530] {processor.py:840} INFO - DAG(s) 'my_first_dag' retrieved from /home/logi/txtai/airflow/dags/my_first_dag.py
[2025-10-29T19:51:09.356+0530] {logging_mixin.py:188} INFO - [2025-10-29T19:51:09.356+0530] {dag.py:3096} INFO - Sync 1 DAGs
[2025-10-29T19:51:09.384+0530] {logging_mixin.py:188} INFO - [2025-10-29T19:51:09.383+0530] {dag.py:3954} INFO - Setting next_dagrun for my_first_dag to 2025-10-28 00:00:00+00:00, run_after=2025-10-29 00:00:00+00:00
[2025-10-29T19:51:09.411+0530] {processor.py:183} INFO - Processing /home/logi/txtai/airflow/dags/my_first_dag.py took 0.129 seconds
[2025-10-29T19:52:03.825+0530] {processor.py:161} INFO - Started process (PID=18911) to work on /home/logi/txtai/airflow/dags/my_first_dag.py
[2025-10-29T19:52:03.837+0530] {processor.py:830} INFO - Processing file /home/logi/txtai/airflow/dags/my_first_dag.py for tasks to queue
[2025-10-29T19:52:03.840+0530] {logging_mixin.py:188} INFO - [2025-10-29T19:52:03.840+0530] {dagbag.py:545} INFO - Filling up the DagBag from /home/logi/txtai/airflow/dags/my_first_dag.py
[2025-10-29T19:52:03.852+0530] {processor.py:840} INFO - DAG(s) 'my_first_dag' retrieved from /home/logi/txtai/airflow/dags/my_first_dag.py
[2025-10-29T19:52:03.875+0530] {logging_mixin.py:188} INFO - [2025-10-29T19:52:03.874+0530] {dag.py:3096} INFO - Sync 1 DAGs
[2025-10-29T19:52:03.894+0530] {logging_mixin.py:188} INFO - [2025-10-29T19:52:03.894+0530] {dag.py:3954} INFO - Setting next_dagrun for my_first_dag to 2025-10-28 00:00:00+00:00, run_after=2025-10-29 00:00:00+00:00
[2025-10-29T19:52:03.917+0530] {processor.py:183} INFO - Processing /home/logi/txtai/airflow/dags/my_first_dag.py took 0.103 seconds
[2025-10-29T19:52:54.518+0530] {processor.py:161} INFO - Started process (PID=18974) to work on /home/logi/txtai/airflow/dags/my_first_dag.py
[2025-10-29T19:52:54.531+0530] {processor.py:830} INFO - Processing file /home/logi/txtai/airflow/dags/my_first_dag.py for tasks to queue
[2025-10-29T19:52:54.534+0530] {logging_mixin.py:188} INFO - [2025-10-29T19:52:54.534+0530] {dagbag.py:545} INFO - Filling up the DagBag from /home/logi/txtai/airflow/dags/my_first_dag.py
[2025-10-29T19:52:54.547+0530] {processor.py:840} INFO - DAG(s) 'my_first_dag' retrieved from /home/logi/txtai/airflow/dags/my_first_dag.py
[2025-10-29T19:52:54.572+0530] {logging_mixin.py:188} INFO - [2025-10-29T19:52:54.571+0530] {dag.py:3096} INFO - Sync 1 DAGs
[2025-10-29T19:52:54.594+0530] {logging_mixin.py:188} INFO - [2025-10-29T19:52:54.594+0530] {dag.py:3954} INFO - Setting next_dagrun for my_first_dag to 2025-10-28 00:00:00+00:00, run_after=2025-10-29 00:00:00+00:00
[2025-10-29T19:52:54.620+0530] {processor.py:183} INFO - Processing /home/logi/txtai/airflow/dags/my_first_dag.py took 0.114 seconds
[2025-10-29T19:53:44.829+0530] {processor.py:161} INFO - Started process (PID=19034) to work on /home/logi/txtai/airflow/dags/my_first_dag.py
[2025-10-29T19:53:44.843+0530] {processor.py:830} INFO - Processing file /home/logi/txtai/airflow/dags/my_first_dag.py for tasks to queue
[2025-10-29T19:53:44.846+0530] {logging_mixin.py:188} INFO - [2025-10-29T19:53:44.845+0530] {dagbag.py:545} INFO - Filling up the DagBag from /home/logi/txtai/airflow/dags/my_first_dag.py
[2025-10-29T19:53:44.860+0530] {processor.py:840} INFO - DAG(s) 'my_first_dag' retrieved from /home/logi/txtai/airflow/dags/my_first_dag.py
[2025-10-29T19:53:44.886+0530] {logging_mixin.py:188} INFO - [2025-10-29T19:53:44.886+0530] {dag.py:3096} INFO - Sync 1 DAGs
[2025-10-29T19:53:44.907+0530] {logging_mixin.py:188} INFO - [2025-10-29T19:53:44.906+0530] {dag.py:3954} INFO - Setting next_dagrun for my_first_dag to 2025-10-28 00:00:00+00:00, run_after=2025-10-29 00:00:00+00:00
[2025-10-29T19:53:44.927+0530] {processor.py:183} INFO - Processing /home/logi/txtai/airflow/dags/my_first_dag.py took 0.110 seconds
[2025-10-29T19:54:41.361+0530] {processor.py:161} INFO - Started process (PID=19140) to work on /home/logi/txtai/airflow/dags/my_first_dag.py
[2025-10-29T19:54:41.375+0530] {processor.py:830} INFO - Processing file /home/logi/txtai/airflow/dags/my_first_dag.py for tasks to queue
[2025-10-29T19:54:41.379+0530] {logging_mixin.py:188} INFO - [2025-10-29T19:54:41.378+0530] {dagbag.py:545} INFO - Filling up the DagBag from /home/logi/txtai/airflow/dags/my_first_dag.py
[2025-10-29T19:54:41.392+0530] {processor.py:840} INFO - DAG(s) 'my_first_dag' retrieved from /home/logi/txtai/airflow/dags/my_first_dag.py
[2025-10-29T19:54:41.419+0530] {logging_mixin.py:188} INFO - [2025-10-29T19:54:41.418+0530] {dag.py:3096} INFO - Sync 1 DAGs
[2025-10-29T19:54:41.441+0530] {logging_mixin.py:188} INFO - [2025-10-29T19:54:41.441+0530] {dag.py:3954} INFO - Setting next_dagrun for my_first_dag to 2025-10-28 00:00:00+00:00, run_after=2025-10-29 00:00:00+00:00
[2025-10-29T19:54:41.467+0530] {processor.py:183} INFO - Processing /home/logi/txtai/airflow/dags/my_first_dag.py took 0.117 seconds
[2025-10-29T19:55:35.955+0530] {processor.py:161} INFO - Started process (PID=19208) to work on /home/logi/txtai/airflow/dags/my_first_dag.py
[2025-10-29T19:55:35.968+0530] {processor.py:830} INFO - Processing file /home/logi/txtai/airflow/dags/my_first_dag.py for tasks to queue
[2025-10-29T19:55:35.971+0530] {logging_mixin.py:188} INFO - [2025-10-29T19:55:35.970+0530] {dagbag.py:545} INFO - Filling up the DagBag from /home/logi/txtai/airflow/dags/my_first_dag.py
[2025-10-29T19:55:35.985+0530] {processor.py:840} INFO - DAG(s) 'my_first_dag' retrieved from /home/logi/txtai/airflow/dags/my_first_dag.py
[2025-10-29T19:55:36.010+0530] {logging_mixin.py:188} INFO - [2025-10-29T19:55:36.009+0530] {dag.py:3096} INFO - Sync 1 DAGs
[2025-10-29T19:55:36.031+0530] {logging_mixin.py:188} INFO - [2025-10-29T19:55:36.031+0530] {dag.py:3954} INFO - Setting next_dagrun for my_first_dag to 2025-10-28 00:00:00+00:00, run_after=2025-10-29 00:00:00+00:00
[2025-10-29T19:55:36.058+0530] {processor.py:183} INFO - Processing /home/logi/txtai/airflow/dags/my_first_dag.py took 0.115 seconds
[2025-10-29T19:56:30.463+0530] {processor.py:161} INFO - Started process (PID=19275) to work on /home/logi/txtai/airflow/dags/my_first_dag.py
[2025-10-29T19:56:30.476+0530] {processor.py:830} INFO - Processing file /home/logi/txtai/airflow/dags/my_first_dag.py for tasks to queue
[2025-10-29T19:56:30.479+0530] {logging_mixin.py:188} INFO - [2025-10-29T19:56:30.479+0530] {dagbag.py:545} INFO - Filling up the DagBag from /home/logi/txtai/airflow/dags/my_first_dag.py
[2025-10-29T19:56:30.492+0530] {processor.py:840} INFO - DAG(s) 'my_first_dag' retrieved from /home/logi/txtai/airflow/dags/my_first_dag.py
[2025-10-29T19:56:30.514+0530] {logging_mixin.py:188} INFO - [2025-10-29T19:56:30.514+0530] {dag.py:3096} INFO - Sync 1 DAGs
[2025-10-29T19:56:30.536+0530] {logging_mixin.py:188} INFO - [2025-10-29T19:56:30.536+0530] {dag.py:3954} INFO - Setting next_dagrun for my_first_dag to 2025-10-28 00:00:00+00:00, run_after=2025-10-29 00:00:00+00:00
[2025-10-29T19:56:30.561+0530] {processor.py:183} INFO - Processing /home/logi/txtai/airflow/dags/my_first_dag.py took 0.108 seconds
[2025-10-29T19:57:24.992+0530] {processor.py:161} INFO - Started process (PID=19375) to work on /home/logi/txtai/airflow/dags/my_first_dag.py
[2025-10-29T19:57:25.005+0530] {processor.py:830} INFO - Processing file /home/logi/txtai/airflow/dags/my_first_dag.py for tasks to queue
[2025-10-29T19:57:25.008+0530] {logging_mixin.py:188} INFO - [2025-10-29T19:57:25.008+0530] {dagbag.py:545} INFO - Filling up the DagBag from /home/logi/txtai/airflow/dags/my_first_dag.py
[2025-10-29T19:57:25.023+0530] {processor.py:840} INFO - DAG(s) 'my_first_dag' retrieved from /home/logi/txtai/airflow/dags/my_first_dag.py
[2025-10-29T19:57:25.049+0530] {logging_mixin.py:188} INFO - [2025-10-29T19:57:25.049+0530] {dag.py:3096} INFO - Sync 1 DAGs
[2025-10-29T19:57:25.070+0530] {logging_mixin.py:188} INFO - [2025-10-29T19:57:25.070+0530] {dag.py:3954} INFO - Setting next_dagrun for my_first_dag to 2025-10-28 00:00:00+00:00, run_after=2025-10-29 00:00:00+00:00
[2025-10-29T19:57:25.100+0530] {processor.py:183} INFO - Processing /home/logi/txtai/airflow/dags/my_first_dag.py took 0.119 seconds
[2025-10-29T19:58:23.182+0530] {processor.py:161} INFO - Started process (PID=19575) to work on /home/logi/txtai/airflow/dags/my_first_dag.py
[2025-10-29T19:58:23.196+0530] {processor.py:830} INFO - Processing file /home/logi/txtai/airflow/dags/my_first_dag.py for tasks to queue
[2025-10-29T19:58:23.199+0530] {logging_mixin.py:188} INFO - [2025-10-29T19:58:23.198+0530] {dagbag.py:545} INFO - Filling up the DagBag from /home/logi/txtai/airflow/dags/my_first_dag.py
[2025-10-29T19:58:23.214+0530] {processor.py:840} INFO - DAG(s) 'my_first_dag' retrieved from /home/logi/txtai/airflow/dags/my_first_dag.py
[2025-10-29T19:58:23.241+0530] {logging_mixin.py:188} INFO - [2025-10-29T19:58:23.240+0530] {dag.py:3096} INFO - Sync 1 DAGs
[2025-10-29T19:58:23.261+0530] {logging_mixin.py:188} INFO - [2025-10-29T19:58:23.261+0530] {dag.py:3954} INFO - Setting next_dagrun for my_first_dag to 2025-10-28 00:00:00+00:00, run_after=2025-10-29 00:00:00+00:00
[2025-10-29T19:58:23.291+0530] {processor.py:183} INFO - Processing /home/logi/txtai/airflow/dags/my_first_dag.py took 0.121 seconds
[2025-10-29T19:59:18.750+0530] {processor.py:161} INFO - Started process (PID=19641) to work on /home/logi/txtai/airflow/dags/my_first_dag.py
[2025-10-29T19:59:18.763+0530] {processor.py:830} INFO - Processing file /home/logi/txtai/airflow/dags/my_first_dag.py for tasks to queue
[2025-10-29T19:59:18.766+0530] {logging_mixin.py:188} INFO - [2025-10-29T19:59:18.766+0530] {dagbag.py:545} INFO - Filling up the DagBag from /home/logi/txtai/airflow/dags/my_first_dag.py
[2025-10-29T19:59:18.780+0530] {processor.py:840} INFO - DAG(s) 'my_first_dag' retrieved from /home/logi/txtai/airflow/dags/my_first_dag.py
[2025-10-29T19:59:18.804+0530] {logging_mixin.py:188} INFO - [2025-10-29T19:59:18.804+0530] {dag.py:3096} INFO - Sync 1 DAGs
[2025-10-29T19:59:18.824+0530] {logging_mixin.py:188} INFO - [2025-10-29T19:59:18.824+0530] {dag.py:3954} INFO - Setting next_dagrun for my_first_dag to 2025-10-28 00:00:00+00:00, run_after=2025-10-29 00:00:00+00:00
[2025-10-29T19:59:18.851+0530] {processor.py:183} INFO - Processing /home/logi/txtai/airflow/dags/my_first_dag.py took 0.112 seconds
[2025-10-29T20:00:09.582+0530] {processor.py:161} INFO - Started process (PID=19748) to work on /home/logi/txtai/airflow/dags/my_first_dag.py
[2025-10-29T20:00:09.584+0530] {processor.py:830} INFO - Processing file /home/logi/txtai/airflow/dags/my_first_dag.py for tasks to queue
[2025-10-29T20:00:09.586+0530] {logging_mixin.py:188} INFO - [2025-10-29T20:00:09.586+0530] {dagbag.py:545} INFO - Filling up the DagBag from /home/logi/txtai/airflow/dags/my_first_dag.py
[2025-10-29T20:00:09.600+0530] {processor.py:840} INFO - DAG(s) 'my_first_dag' retrieved from /home/logi/txtai/airflow/dags/my_first_dag.py
[2025-10-29T20:00:09.622+0530] {logging_mixin.py:188} INFO - [2025-10-29T20:00:09.621+0530] {dag.py:3096} INFO - Sync 1 DAGs
[2025-10-29T20:00:09.639+0530] {logging_mixin.py:188} INFO - [2025-10-29T20:00:09.638+0530] {dag.py:3954} INFO - Setting next_dagrun for my_first_dag to 2025-10-28 00:00:00+00:00, run_after=2025-10-29 00:00:00+00:00
[2025-10-29T20:00:09.658+0530] {processor.py:183} INFO - Processing /home/logi/txtai/airflow/dags/my_first_dag.py took 0.089 seconds
[2025-10-29T20:01:04.757+0530] {processor.py:161} INFO - Started process (PID=19882) to work on /home/logi/txtai/airflow/dags/my_first_dag.py
[2025-10-29T20:01:04.771+0530] {processor.py:830} INFO - Processing file /home/logi/txtai/airflow/dags/my_first_dag.py for tasks to queue
[2025-10-29T20:01:04.773+0530] {logging_mixin.py:188} INFO - [2025-10-29T20:01:04.773+0530] {dagbag.py:545} INFO - Filling up the DagBag from /home/logi/txtai/airflow/dags/my_first_dag.py
[2025-10-29T20:01:04.786+0530] {processor.py:840} INFO - DAG(s) 'my_first_dag' retrieved from /home/logi/txtai/airflow/dags/my_first_dag.py
[2025-10-29T20:01:04.808+0530] {logging_mixin.py:188} INFO - [2025-10-29T20:01:04.807+0530] {dag.py:3096} INFO - Sync 1 DAGs
[2025-10-29T20:01:04.831+0530] {logging_mixin.py:188} INFO - [2025-10-29T20:01:04.830+0530] {dag.py:3954} INFO - Setting next_dagrun for my_first_dag to 2025-10-28 00:00:00+00:00, run_after=2025-10-29 00:00:00+00:00
[2025-10-29T20:01:04.857+0530] {processor.py:183} INFO - Processing /home/logi/txtai/airflow/dags/my_first_dag.py took 0.111 seconds
[2025-10-29T20:02:02.306+0530] {processor.py:161} INFO - Started process (PID=20015) to work on /home/logi/txtai/airflow/dags/my_first_dag.py
[2025-10-29T20:02:02.319+0530] {processor.py:830} INFO - Processing file /home/logi/txtai/airflow/dags/my_first_dag.py for tasks to queue
[2025-10-29T20:02:02.322+0530] {logging_mixin.py:188} INFO - [2025-10-29T20:02:02.321+0530] {dagbag.py:545} INFO - Filling up the DagBag from /home/logi/txtai/airflow/dags/my_first_dag.py
[2025-10-29T20:02:02.336+0530] {processor.py:840} INFO - DAG(s) 'my_first_dag' retrieved from /home/logi/txtai/airflow/dags/my_first_dag.py
[2025-10-29T20:02:02.362+0530] {logging_mixin.py:188} INFO - [2025-10-29T20:02:02.362+0530] {dag.py:3096} INFO - Sync 1 DAGs
[2025-10-29T20:02:02.382+0530] {logging_mixin.py:188} INFO - [2025-10-29T20:02:02.382+0530] {dag.py:3954} INFO - Setting next_dagrun for my_first_dag to 2025-10-28 00:00:00+00:00, run_after=2025-10-29 00:00:00+00:00
[2025-10-29T20:02:02.409+0530] {processor.py:183} INFO - Processing /home/logi/txtai/airflow/dags/my_first_dag.py took 0.116 seconds
[2025-10-29T20:02:57.782+0530] {processor.py:161} INFO - Started process (PID=20127) to work on /home/logi/txtai/airflow/dags/my_first_dag.py
[2025-10-29T20:02:57.793+0530] {processor.py:830} INFO - Processing file /home/logi/txtai/airflow/dags/my_first_dag.py for tasks to queue
[2025-10-29T20:02:57.800+0530] {logging_mixin.py:188} INFO - [2025-10-29T20:02:57.798+0530] {dagbag.py:545} INFO - Filling up the DagBag from /home/logi/txtai/airflow/dags/my_first_dag.py
[2025-10-29T20:02:57.829+0530] {processor.py:840} INFO - DAG(s) 'my_first_dag' retrieved from /home/logi/txtai/airflow/dags/my_first_dag.py
[2025-10-29T20:02:57.887+0530] {logging_mixin.py:188} INFO - [2025-10-29T20:02:57.886+0530] {dag.py:3096} INFO - Sync 1 DAGs
[2025-10-29T20:02:57.946+0530] {logging_mixin.py:188} INFO - [2025-10-29T20:02:57.944+0530] {dag.py:3954} INFO - Setting next_dagrun for my_first_dag to 2025-10-28 00:00:00+00:00, run_after=2025-10-29 00:00:00+00:00
[2025-10-29T20:02:58.019+0530] {processor.py:183} INFO - Processing /home/logi/txtai/airflow/dags/my_first_dag.py took 0.262 seconds
[2025-10-29T20:03:58.461+0530] {processor.py:161} INFO - Started process (PID=20249) to work on /home/logi/txtai/airflow/dags/my_first_dag.py
[2025-10-29T20:03:58.475+0530] {processor.py:830} INFO - Processing file /home/logi/txtai/airflow/dags/my_first_dag.py for tasks to queue
[2025-10-29T20:03:58.478+0530] {logging_mixin.py:188} INFO - [2025-10-29T20:03:58.477+0530] {dagbag.py:545} INFO - Filling up the DagBag from /home/logi/txtai/airflow/dags/my_first_dag.py
[2025-10-29T20:03:58.491+0530] {processor.py:840} INFO - DAG(s) 'my_first_dag' retrieved from /home/logi/txtai/airflow/dags/my_first_dag.py
[2025-10-29T20:03:58.515+0530] {logging_mixin.py:188} INFO - [2025-10-29T20:03:58.515+0530] {dag.py:3096} INFO - Sync 1 DAGs
[2025-10-29T20:03:58.537+0530] {logging_mixin.py:188} INFO - [2025-10-29T20:03:58.536+0530] {dag.py:3954} INFO - Setting next_dagrun for my_first_dag to 2025-10-28 00:00:00+00:00, run_after=2025-10-29 00:00:00+00:00
[2025-10-29T20:03:58.565+0530] {processor.py:183} INFO - Processing /home/logi/txtai/airflow/dags/my_first_dag.py took 0.116 seconds
[2025-10-29T20:04:30.026+0530] {processor.py:161} INFO - Started process (PID=20314) to work on /home/logi/txtai/airflow/dags/my_first_dag.py
[2025-10-29T20:04:30.040+0530] {processor.py:830} INFO - Processing file /home/logi/txtai/airflow/dags/my_first_dag.py for tasks to queue
[2025-10-29T20:04:30.043+0530] {logging_mixin.py:188} INFO - [2025-10-29T20:04:30.042+0530] {dagbag.py:545} INFO - Filling up the DagBag from /home/logi/txtai/airflow/dags/my_first_dag.py
[2025-10-29T20:04:30.058+0530] {processor.py:840} INFO - DAG(s) 'my_first_dag' retrieved from /home/logi/txtai/airflow/dags/my_first_dag.py
[2025-10-29T20:04:30.091+0530] {logging_mixin.py:188} INFO - [2025-10-29T20:04:30.091+0530] {dag.py:3096} INFO - Sync 1 DAGs
[2025-10-29T20:04:30.112+0530] {logging_mixin.py:188} INFO - [2025-10-29T20:04:30.112+0530] {dag.py:3954} INFO - Setting next_dagrun for my_first_dag to 2025-10-28 00:00:00+00:00, run_after=2025-10-29 00:00:00+00:00
[2025-10-29T20:04:30.139+0530] {processor.py:183} INFO - Processing /home/logi/txtai/airflow/dags/my_first_dag.py took 0.125 seconds
[2025-10-29T20:05:02.185+0530] {processor.py:161} INFO - Started process (PID=20399) to work on /home/logi/txtai/airflow/dags/my_first_dag.py
[2025-10-29T20:05:02.198+0530] {processor.py:830} INFO - Processing file /home/logi/txtai/airflow/dags/my_first_dag.py for tasks to queue
[2025-10-29T20:05:02.202+0530] {logging_mixin.py:188} INFO - [2025-10-29T20:05:02.201+0530] {dagbag.py:545} INFO - Filling up the DagBag from /home/logi/txtai/airflow/dags/my_first_dag.py
[2025-10-29T20:05:02.218+0530] {processor.py:840} INFO - DAG(s) 'my_first_dag' retrieved from /home/logi/txtai/airflow/dags/my_first_dag.py
[2025-10-29T20:05:02.240+0530] {logging_mixin.py:188} INFO - [2025-10-29T20:05:02.239+0530] {dag.py:3096} INFO - Sync 1 DAGs
[2025-10-29T20:05:02.275+0530] {logging_mixin.py:188} INFO - [2025-10-29T20:05:02.274+0530] {dag.py:3954} INFO - Setting next_dagrun for my_first_dag to 2025-10-28 00:00:00+00:00, run_after=2025-10-29 00:00:00+00:00
[2025-10-29T20:05:02.301+0530] {processor.py:183} INFO - Processing /home/logi/txtai/airflow/dags/my_first_dag.py took 0.129 seconds
[2025-10-29T20:05:33.349+0530] {processor.py:161} INFO - Started process (PID=20466) to work on /home/logi/txtai/airflow/dags/my_first_dag.py
[2025-10-29T20:05:33.363+0530] {processor.py:830} INFO - Processing file /home/logi/txtai/airflow/dags/my_first_dag.py for tasks to queue
[2025-10-29T20:05:33.367+0530] {logging_mixin.py:188} INFO - [2025-10-29T20:05:33.366+0530] {dagbag.py:545} INFO - Filling up the DagBag from /home/logi/txtai/airflow/dags/my_first_dag.py
[2025-10-29T20:05:33.382+0530] {processor.py:840} INFO - DAG(s) 'my_first_dag' retrieved from /home/logi/txtai/airflow/dags/my_first_dag.py
[2025-10-29T20:05:33.410+0530] {logging_mixin.py:188} INFO - [2025-10-29T20:05:33.409+0530] {dag.py:3096} INFO - Sync 1 DAGs
[2025-10-29T20:05:33.445+0530] {logging_mixin.py:188} INFO - [2025-10-29T20:05:33.444+0530] {dag.py:3954} INFO - Setting next_dagrun for my_first_dag to 2025-10-28 00:00:00+00:00, run_after=2025-10-29 00:00:00+00:00
[2025-10-29T20:05:33.464+0530] {processor.py:183} INFO - Processing /home/logi/txtai/airflow/dags/my_first_dag.py took 0.139 seconds
[2025-10-29T20:06:31.777+0530] {processor.py:161} INFO - Started process (PID=20582) to work on /home/logi/txtai/airflow/dags/my_first_dag.py
[2025-10-29T20:06:31.790+0530] {processor.py:830} INFO - Processing file /home/logi/txtai/airflow/dags/my_first_dag.py for tasks to queue
[2025-10-29T20:06:31.793+0530] {logging_mixin.py:188} INFO - [2025-10-29T20:06:31.793+0530] {dagbag.py:545} INFO - Filling up the DagBag from /home/logi/txtai/airflow/dags/my_first_dag.py
[2025-10-29T20:06:31.807+0530] {processor.py:840} INFO - DAG(s) 'my_first_dag' retrieved from /home/logi/txtai/airflow/dags/my_first_dag.py
[2025-10-29T20:06:31.832+0530] {logging_mixin.py:188} INFO - [2025-10-29T20:06:31.831+0530] {dag.py:3096} INFO - Sync 1 DAGs
[2025-10-29T20:06:31.855+0530] {logging_mixin.py:188} INFO - [2025-10-29T20:06:31.855+0530] {dag.py:3954} INFO - Setting next_dagrun for my_first_dag to 2025-10-28 00:00:00+00:00, run_after=2025-10-29 00:00:00+00:00
[2025-10-29T20:06:31.883+0530] {processor.py:183} INFO - Processing /home/logi/txtai/airflow/dags/my_first_dag.py took 0.117 seconds
[2025-10-29T20:07:28.185+0530] {processor.py:161} INFO - Started process (PID=20692) to work on /home/logi/txtai/airflow/dags/my_first_dag.py
[2025-10-29T20:07:28.199+0530] {processor.py:830} INFO - Processing file /home/logi/txtai/airflow/dags/my_first_dag.py for tasks to queue
[2025-10-29T20:07:28.202+0530] {logging_mixin.py:188} INFO - [2025-10-29T20:07:28.201+0530] {dagbag.py:545} INFO - Filling up the DagBag from /home/logi/txtai/airflow/dags/my_first_dag.py
[2025-10-29T20:07:28.215+0530] {processor.py:840} INFO - DAG(s) 'my_first_dag' retrieved from /home/logi/txtai/airflow/dags/my_first_dag.py
[2025-10-29T20:07:28.240+0530] {logging_mixin.py:188} INFO - [2025-10-29T20:07:28.240+0530] {dag.py:3096} INFO - Sync 1 DAGs
[2025-10-29T20:07:28.268+0530] {logging_mixin.py:188} INFO - [2025-10-29T20:07:28.268+0530] {dag.py:3954} INFO - Setting next_dagrun for my_first_dag to 2025-10-28 00:00:00+00:00, run_after=2025-10-29 00:00:00+00:00
[2025-10-29T20:07:28.306+0530] {processor.py:183} INFO - Processing /home/logi/txtai/airflow/dags/my_first_dag.py took 0.132 seconds
[2025-10-29T20:08:26.735+0530] {processor.py:161} INFO - Started process (PID=20803) to work on /home/logi/txtai/airflow/dags/my_first_dag.py
[2025-10-29T20:08:26.748+0530] {processor.py:830} INFO - Processing file /home/logi/txtai/airflow/dags/my_first_dag.py for tasks to queue
[2025-10-29T20:08:26.751+0530] {logging_mixin.py:188} INFO - [2025-10-29T20:08:26.751+0530] {dagbag.py:545} INFO - Filling up the DagBag from /home/logi/txtai/airflow/dags/my_first_dag.py
[2025-10-29T20:08:26.764+0530] {processor.py:840} INFO - DAG(s) 'my_first_dag' retrieved from /home/logi/txtai/airflow/dags/my_first_dag.py
[2025-10-29T20:08:26.791+0530] {logging_mixin.py:188} INFO - [2025-10-29T20:08:26.791+0530] {dag.py:3096} INFO - Sync 1 DAGs
[2025-10-29T20:08:26.812+0530] {logging_mixin.py:188} INFO - [2025-10-29T20:08:26.811+0530] {dag.py:3954} INFO - Setting next_dagrun for my_first_dag to 2025-10-28 00:00:00+00:00, run_after=2025-10-29 00:00:00+00:00
[2025-10-29T20:08:26.833+0530] {processor.py:183} INFO - Processing /home/logi/txtai/airflow/dags/my_first_dag.py took 0.110 seconds
[2025-10-29T20:09:26.369+0530] {processor.py:161} INFO - Started process (PID=20920) to work on /home/logi/txtai/airflow/dags/my_first_dag.py
[2025-10-29T20:09:26.382+0530] {processor.py:830} INFO - Processing file /home/logi/txtai/airflow/dags/my_first_dag.py for tasks to queue
[2025-10-29T20:09:26.386+0530] {logging_mixin.py:188} INFO - [2025-10-29T20:09:26.385+0530] {dagbag.py:545} INFO - Filling up the DagBag from /home/logi/txtai/airflow/dags/my_first_dag.py
[2025-10-29T20:09:26.400+0530] {processor.py:840} INFO - DAG(s) 'my_first_dag' retrieved from /home/logi/txtai/airflow/dags/my_first_dag.py
[2025-10-29T20:09:26.433+0530] {logging_mixin.py:188} INFO - [2025-10-29T20:09:26.432+0530] {dag.py:3096} INFO - Sync 1 DAGs
[2025-10-29T20:09:26.451+0530] {logging_mixin.py:188} INFO - [2025-10-29T20:09:26.450+0530] {dag.py:3954} INFO - Setting next_dagrun for my_first_dag to 2025-10-28 00:00:00+00:00, run_after=2025-10-29 00:00:00+00:00
[2025-10-29T20:09:26.477+0530] {processor.py:183} INFO - Processing /home/logi/txtai/airflow/dags/my_first_dag.py took 0.120 seconds
[2025-10-29T20:10:21.584+0530] {processor.py:161} INFO - Started process (PID=21056) to work on /home/logi/txtai/airflow/dags/my_first_dag.py
[2025-10-29T20:10:21.587+0530] {processor.py:830} INFO - Processing file /home/logi/txtai/airflow/dags/my_first_dag.py for tasks to queue
[2025-10-29T20:10:21.590+0530] {logging_mixin.py:188} INFO - [2025-10-29T20:10:21.589+0530] {dagbag.py:545} INFO - Filling up the DagBag from /home/logi/txtai/airflow/dags/my_first_dag.py
[2025-10-29T20:10:21.604+0530] {processor.py:840} INFO - DAG(s) 'my_first_dag' retrieved from /home/logi/txtai/airflow/dags/my_first_dag.py
[2025-10-29T20:10:21.626+0530] {logging_mixin.py:188} INFO - [2025-10-29T20:10:21.626+0530] {dag.py:3096} INFO - Sync 1 DAGs
[2025-10-29T20:10:21.643+0530] {logging_mixin.py:188} INFO - [2025-10-29T20:10:21.643+0530] {dag.py:3954} INFO - Setting next_dagrun for my_first_dag to 2025-10-28 00:00:00+00:00, run_after=2025-10-29 00:00:00+00:00
[2025-10-29T20:10:21.664+0530] {processor.py:183} INFO - Processing /home/logi/txtai/airflow/dags/my_first_dag.py took 0.091 seconds
[2025-10-29T20:11:16.864+0530] {processor.py:161} INFO - Started process (PID=21171) to work on /home/logi/txtai/airflow/dags/my_first_dag.py
[2025-10-29T20:11:16.878+0530] {processor.py:830} INFO - Processing file /home/logi/txtai/airflow/dags/my_first_dag.py for tasks to queue
[2025-10-29T20:11:16.881+0530] {logging_mixin.py:188} INFO - [2025-10-29T20:11:16.880+0530] {dagbag.py:545} INFO - Filling up the DagBag from /home/logi/txtai/airflow/dags/my_first_dag.py
[2025-10-29T20:11:16.895+0530] {processor.py:840} INFO - DAG(s) 'my_first_dag' retrieved from /home/logi/txtai/airflow/dags/my_first_dag.py
[2025-10-29T20:11:16.920+0530] {logging_mixin.py:188} INFO - [2025-10-29T20:11:16.920+0530] {dag.py:3096} INFO - Sync 1 DAGs
[2025-10-29T20:11:16.940+0530] {logging_mixin.py:188} INFO - [2025-10-29T20:11:16.940+0530] {dag.py:3954} INFO - Setting next_dagrun for my_first_dag to 2025-10-28 00:00:00+00:00, run_after=2025-10-29 00:00:00+00:00
[2025-10-29T20:11:16.973+0530] {processor.py:183} INFO - Processing /home/logi/txtai/airflow/dags/my_first_dag.py took 0.120 seconds
[2025-10-29T20:12:07.418+0530] {processor.py:161} INFO - Started process (PID=21274) to work on /home/logi/txtai/airflow/dags/my_first_dag.py
[2025-10-29T20:12:07.431+0530] {processor.py:830} INFO - Processing file /home/logi/txtai/airflow/dags/my_first_dag.py for tasks to queue
[2025-10-29T20:12:07.434+0530] {logging_mixin.py:188} INFO - [2025-10-29T20:12:07.433+0530] {dagbag.py:545} INFO - Filling up the DagBag from /home/logi/txtai/airflow/dags/my_first_dag.py
[2025-10-29T20:12:07.448+0530] {processor.py:840} INFO - DAG(s) 'my_first_dag' retrieved from /home/logi/txtai/airflow/dags/my_first_dag.py
[2025-10-29T20:12:07.481+0530] {logging_mixin.py:188} INFO - [2025-10-29T20:12:07.480+0530] {dag.py:3096} INFO - Sync 1 DAGs
[2025-10-29T20:12:07.499+0530] {logging_mixin.py:188} INFO - [2025-10-29T20:12:07.498+0530] {dag.py:3954} INFO - Setting next_dagrun for my_first_dag to 2025-10-28 00:00:00+00:00, run_after=2025-10-29 00:00:00+00:00
[2025-10-29T20:12:07.518+0530] {processor.py:183} INFO - Processing /home/logi/txtai/airflow/dags/my_first_dag.py took 0.112 seconds
[2025-10-29T20:13:00.010+0530] {processor.py:161} INFO - Started process (PID=21376) to work on /home/logi/txtai/airflow/dags/my_first_dag.py
[2025-10-29T20:13:00.023+0530] {processor.py:830} INFO - Processing file /home/logi/txtai/airflow/dags/my_first_dag.py for tasks to queue
[2025-10-29T20:13:00.027+0530] {logging_mixin.py:188} INFO - [2025-10-29T20:13:00.026+0530] {dagbag.py:545} INFO - Filling up the DagBag from /home/logi/txtai/airflow/dags/my_first_dag.py
[2025-10-29T20:13:00.040+0530] {processor.py:840} INFO - DAG(s) 'my_first_dag' retrieved from /home/logi/txtai/airflow/dags/my_first_dag.py
[2025-10-29T20:13:00.065+0530] {logging_mixin.py:188} INFO - [2025-10-29T20:13:00.065+0530] {dag.py:3096} INFO - Sync 1 DAGs
[2025-10-29T20:13:00.087+0530] {logging_mixin.py:188} INFO - [2025-10-29T20:13:00.087+0530] {dag.py:3954} INFO - Setting next_dagrun for my_first_dag to 2025-10-28 00:00:00+00:00, run_after=2025-10-29 00:00:00+00:00
[2025-10-29T20:13:00.115+0530] {processor.py:183} INFO - Processing /home/logi/txtai/airflow/dags/my_first_dag.py took 0.118 seconds
[2025-10-29T20:13:52.927+0530] {processor.py:161} INFO - Started process (PID=21560) to work on /home/logi/txtai/airflow/dags/my_first_dag.py
[2025-10-29T20:13:52.940+0530] {processor.py:830} INFO - Processing file /home/logi/txtai/airflow/dags/my_first_dag.py for tasks to queue
[2025-10-29T20:13:52.943+0530] {logging_mixin.py:188} INFO - [2025-10-29T20:13:52.942+0530] {dagbag.py:545} INFO - Filling up the DagBag from /home/logi/txtai/airflow/dags/my_first_dag.py
[2025-10-29T20:13:52.956+0530] {processor.py:840} INFO - DAG(s) 'my_first_dag' retrieved from /home/logi/txtai/airflow/dags/my_first_dag.py
[2025-10-29T20:13:52.981+0530] {logging_mixin.py:188} INFO - [2025-10-29T20:13:52.980+0530] {dag.py:3096} INFO - Sync 1 DAGs
[2025-10-29T20:13:53.003+0530] {logging_mixin.py:188} INFO - [2025-10-29T20:13:53.002+0530] {dag.py:3954} INFO - Setting next_dagrun for my_first_dag to 2025-10-28 00:00:00+00:00, run_after=2025-10-29 00:00:00+00:00
[2025-10-29T20:13:53.029+0530] {processor.py:183} INFO - Processing /home/logi/txtai/airflow/dags/my_first_dag.py took 0.114 seconds
[2025-10-29T20:14:47.193+0530] {processor.py:161} INFO - Started process (PID=21823) to work on /home/logi/txtai/airflow/dags/my_first_dag.py
[2025-10-29T20:14:47.206+0530] {processor.py:830} INFO - Processing file /home/logi/txtai/airflow/dags/my_first_dag.py for tasks to queue
[2025-10-29T20:14:47.210+0530] {logging_mixin.py:188} INFO - [2025-10-29T20:14:47.209+0530] {dagbag.py:545} INFO - Filling up the DagBag from /home/logi/txtai/airflow/dags/my_first_dag.py
[2025-10-29T20:14:47.220+0530] {processor.py:840} INFO - DAG(s) 'my_first_dag' retrieved from /home/logi/txtai/airflow/dags/my_first_dag.py
[2025-10-29T20:14:47.264+0530] {logging_mixin.py:188} INFO - [2025-10-29T20:14:47.264+0530] {dag.py:3096} INFO - Sync 1 DAGs
[2025-10-29T20:14:47.319+0530] {logging_mixin.py:188} INFO - [2025-10-29T20:14:47.318+0530] {dag.py:3954} INFO - Setting next_dagrun for my_first_dag to 2025-10-28 00:00:00+00:00, run_after=2025-10-29 00:00:00+00:00
[2025-10-29T20:14:47.361+0530] {processor.py:183} INFO - Processing /home/logi/txtai/airflow/dags/my_first_dag.py took 0.176 seconds
[2025-10-29T20:15:19.136+0530] {processor.py:161} INFO - Started process (PID=21891) to work on /home/logi/txtai/airflow/dags/my_first_dag.py
[2025-10-29T20:15:19.145+0530] {processor.py:830} INFO - Processing file /home/logi/txtai/airflow/dags/my_first_dag.py for tasks to queue
[2025-10-29T20:15:19.149+0530] {logging_mixin.py:188} INFO - [2025-10-29T20:15:19.148+0530] {dagbag.py:545} INFO - Filling up the DagBag from /home/logi/txtai/airflow/dags/my_first_dag.py
[2025-10-29T20:15:19.162+0530] {processor.py:840} INFO - DAG(s) 'my_first_dag' retrieved from /home/logi/txtai/airflow/dags/my_first_dag.py
[2025-10-29T20:15:19.182+0530] {logging_mixin.py:188} INFO - [2025-10-29T20:15:19.182+0530] {dag.py:3096} INFO - Sync 1 DAGs
[2025-10-29T20:15:19.199+0530] {logging_mixin.py:188} INFO - [2025-10-29T20:15:19.199+0530] {dag.py:3954} INFO - Setting next_dagrun for my_first_dag to 2025-10-28 00:00:00+00:00, run_after=2025-10-29 00:00:00+00:00
[2025-10-29T20:15:19.220+0530] {processor.py:183} INFO - Processing /home/logi/txtai/airflow/dags/my_first_dag.py took 0.092 seconds
[2025-10-29T20:16:11.710+0530] {processor.py:161} INFO - Started process (PID=21968) to work on /home/logi/txtai/airflow/dags/my_first_dag.py
[2025-10-29T20:16:11.723+0530] {processor.py:830} INFO - Processing file /home/logi/txtai/airflow/dags/my_first_dag.py for tasks to queue
[2025-10-29T20:16:11.727+0530] {logging_mixin.py:188} INFO - [2025-10-29T20:16:11.726+0530] {dagbag.py:545} INFO - Filling up the DagBag from /home/logi/txtai/airflow/dags/my_first_dag.py
[2025-10-29T20:16:11.741+0530] {processor.py:840} INFO - DAG(s) 'my_first_dag' retrieved from /home/logi/txtai/airflow/dags/my_first_dag.py
[2025-10-29T20:16:11.766+0530] {logging_mixin.py:188} INFO - [2025-10-29T20:16:11.766+0530] {dag.py:3096} INFO - Sync 1 DAGs
[2025-10-29T20:16:11.787+0530] {logging_mixin.py:188} INFO - [2025-10-29T20:16:11.786+0530] {dag.py:3954} INFO - Setting next_dagrun for my_first_dag to 2025-10-28 00:00:00+00:00, run_after=2025-10-29 00:00:00+00:00
[2025-10-29T20:16:11.806+0530] {processor.py:183} INFO - Processing /home/logi/txtai/airflow/dags/my_first_dag.py took 0.107 seconds
[2025-10-29T20:17:02.701+0530] {processor.py:161} INFO - Started process (PID=22046) to work on /home/logi/txtai/airflow/dags/my_first_dag.py
[2025-10-29T20:17:02.714+0530] {processor.py:830} INFO - Processing file /home/logi/txtai/airflow/dags/my_first_dag.py for tasks to queue
[2025-10-29T20:17:02.716+0530] {logging_mixin.py:188} INFO - [2025-10-29T20:17:02.716+0530] {dagbag.py:545} INFO - Filling up the DagBag from /home/logi/txtai/airflow/dags/my_first_dag.py
[2025-10-29T20:17:02.724+0530] {processor.py:840} INFO - DAG(s) 'my_first_dag' retrieved from /home/logi/txtai/airflow/dags/my_first_dag.py
[2025-10-29T20:17:02.738+0530] {logging_mixin.py:188} INFO - [2025-10-29T20:17:02.738+0530] {dag.py:3096} INFO - Sync 1 DAGs
[2025-10-29T20:17:02.756+0530] {logging_mixin.py:188} INFO - [2025-10-29T20:17:02.756+0530] {dag.py:3954} INFO - Setting next_dagrun for my_first_dag to 2025-10-28 00:00:00+00:00, run_after=2025-10-29 00:00:00+00:00
[2025-10-29T20:17:02.777+0530] {processor.py:183} INFO - Processing /home/logi/txtai/airflow/dags/my_first_dag.py took 0.083 seconds
[2025-10-29T20:17:52.795+0530] {processor.py:161} INFO - Started process (PID=22109) to work on /home/logi/txtai/airflow/dags/my_first_dag.py
[2025-10-29T20:17:52.808+0530] {processor.py:830} INFO - Processing file /home/logi/txtai/airflow/dags/my_first_dag.py for tasks to queue
[2025-10-29T20:17:52.810+0530] {logging_mixin.py:188} INFO - [2025-10-29T20:17:52.810+0530] {dagbag.py:545} INFO - Filling up the DagBag from /home/logi/txtai/airflow/dags/my_first_dag.py
[2025-10-29T20:17:52.820+0530] {processor.py:840} INFO - DAG(s) 'my_first_dag' retrieved from /home/logi/txtai/airflow/dags/my_first_dag.py
[2025-10-29T20:17:52.833+0530] {logging_mixin.py:188} INFO - [2025-10-29T20:17:52.832+0530] {dag.py:3096} INFO - Sync 1 DAGs
[2025-10-29T20:17:52.852+0530] {logging_mixin.py:188} INFO - [2025-10-29T20:17:52.852+0530] {dag.py:3954} INFO - Setting next_dagrun for my_first_dag to 2025-10-28 00:00:00+00:00, run_after=2025-10-29 00:00:00+00:00
[2025-10-29T20:17:52.870+0530] {processor.py:183} INFO - Processing /home/logi/txtai/airflow/dags/my_first_dag.py took 0.086 seconds
[2025-10-29T20:18:44.786+0530] {processor.py:161} INFO - Started process (PID=22174) to work on /home/logi/txtai/airflow/dags/my_first_dag.py
[2025-10-29T20:18:44.799+0530] {processor.py:830} INFO - Processing file /home/logi/txtai/airflow/dags/my_first_dag.py for tasks to queue
[2025-10-29T20:18:44.802+0530] {logging_mixin.py:188} INFO - [2025-10-29T20:18:44.802+0530] {dagbag.py:545} INFO - Filling up the DagBag from /home/logi/txtai/airflow/dags/my_first_dag.py
[2025-10-29T20:18:44.819+0530] {processor.py:840} INFO - DAG(s) 'my_first_dag' retrieved from /home/logi/txtai/airflow/dags/my_first_dag.py
[2025-10-29T20:18:44.846+0530] {logging_mixin.py:188} INFO - [2025-10-29T20:18:44.845+0530] {dag.py:3096} INFO - Sync 1 DAGs
[2025-10-29T20:18:44.866+0530] {logging_mixin.py:188} INFO - [2025-10-29T20:18:44.866+0530] {dag.py:3954} INFO - Setting next_dagrun for my_first_dag to 2025-10-28 00:00:00+00:00, run_after=2025-10-29 00:00:00+00:00
[2025-10-29T20:18:44.894+0530] {processor.py:183} INFO - Processing /home/logi/txtai/airflow/dags/my_first_dag.py took 0.120 seconds
[2025-10-29T20:19:40.548+0530] {processor.py:161} INFO - Started process (PID=22356) to work on /home/logi/txtai/airflow/dags/my_first_dag.py
[2025-10-29T20:19:40.561+0530] {processor.py:830} INFO - Processing file /home/logi/txtai/airflow/dags/my_first_dag.py for tasks to queue
[2025-10-29T20:19:40.565+0530] {logging_mixin.py:188} INFO - [2025-10-29T20:19:40.564+0530] {dagbag.py:545} INFO - Filling up the DagBag from /home/logi/txtai/airflow/dags/my_first_dag.py
[2025-10-29T20:19:40.580+0530] {processor.py:840} INFO - DAG(s) 'my_first_dag' retrieved from /home/logi/txtai/airflow/dags/my_first_dag.py
[2025-10-29T20:19:40.606+0530] {logging_mixin.py:188} INFO - [2025-10-29T20:19:40.606+0530] {dag.py:3096} INFO - Sync 1 DAGs
[2025-10-29T20:19:40.628+0530] {logging_mixin.py:188} INFO - [2025-10-29T20:19:40.627+0530] {dag.py:3954} INFO - Setting next_dagrun for my_first_dag to 2025-10-28 00:00:00+00:00, run_after=2025-10-29 00:00:00+00:00
[2025-10-29T20:19:40.648+0530] {processor.py:183} INFO - Processing /home/logi/txtai/airflow/dags/my_first_dag.py took 0.112 seconds
[2025-10-29T20:20:34.155+0530] {processor.py:161} INFO - Started process (PID=22428) to work on /home/logi/txtai/airflow/dags/my_first_dag.py
[2025-10-29T20:20:34.169+0530] {processor.py:830} INFO - Processing file /home/logi/txtai/airflow/dags/my_first_dag.py for tasks to queue
[2025-10-29T20:20:34.172+0530] {logging_mixin.py:188} INFO - [2025-10-29T20:20:34.171+0530] {dagbag.py:545} INFO - Filling up the DagBag from /home/logi/txtai/airflow/dags/my_first_dag.py
[2025-10-29T20:20:34.185+0530] {processor.py:840} INFO - DAG(s) 'my_first_dag' retrieved from /home/logi/txtai/airflow/dags/my_first_dag.py
[2025-10-29T20:20:34.209+0530] {logging_mixin.py:188} INFO - [2025-10-29T20:20:34.209+0530] {dag.py:3096} INFO - Sync 1 DAGs
[2025-10-29T20:20:34.231+0530] {logging_mixin.py:188} INFO - [2025-10-29T20:20:34.231+0530] {dag.py:3954} INFO - Setting next_dagrun for my_first_dag to 2025-10-28 00:00:00+00:00, run_after=2025-10-29 00:00:00+00:00
[2025-10-29T20:20:34.257+0530] {processor.py:183} INFO - Processing /home/logi/txtai/airflow/dags/my_first_dag.py took 0.113 seconds
[2025-10-29T20:21:29.949+0530] {processor.py:161} INFO - Started process (PID=22507) to work on /home/logi/txtai/airflow/dags/my_first_dag.py
[2025-10-29T20:21:29.962+0530] {processor.py:830} INFO - Processing file /home/logi/txtai/airflow/dags/my_first_dag.py for tasks to queue
[2025-10-29T20:21:29.965+0530] {logging_mixin.py:188} INFO - [2025-10-29T20:21:29.964+0530] {dagbag.py:545} INFO - Filling up the DagBag from /home/logi/txtai/airflow/dags/my_first_dag.py
[2025-10-29T20:21:29.979+0530] {processor.py:840} INFO - DAG(s) 'my_first_dag' retrieved from /home/logi/txtai/airflow/dags/my_first_dag.py
[2025-10-29T20:21:30.000+0530] {logging_mixin.py:188} INFO - [2025-10-29T20:21:30.000+0530] {dag.py:3096} INFO - Sync 1 DAGs
[2025-10-29T20:21:30.021+0530] {logging_mixin.py:188} INFO - [2025-10-29T20:21:30.020+0530] {dag.py:3954} INFO - Setting next_dagrun for my_first_dag to 2025-10-28 00:00:00+00:00, run_after=2025-10-29 00:00:00+00:00
[2025-10-29T20:21:30.046+0530] {processor.py:183} INFO - Processing /home/logi/txtai/airflow/dags/my_first_dag.py took 0.105 seconds
[2025-10-29T20:22:25.769+0530] {processor.py:161} INFO - Started process (PID=22575) to work on /home/logi/txtai/airflow/dags/my_first_dag.py
[2025-10-29T20:22:25.783+0530] {processor.py:830} INFO - Processing file /home/logi/txtai/airflow/dags/my_first_dag.py for tasks to queue
[2025-10-29T20:22:25.786+0530] {logging_mixin.py:188} INFO - [2025-10-29T20:22:25.785+0530] {dagbag.py:545} INFO - Filling up the DagBag from /home/logi/txtai/airflow/dags/my_first_dag.py
[2025-10-29T20:22:25.801+0530] {processor.py:840} INFO - DAG(s) 'my_first_dag' retrieved from /home/logi/txtai/airflow/dags/my_first_dag.py
[2025-10-29T20:22:25.826+0530] {logging_mixin.py:188} INFO - [2025-10-29T20:22:25.826+0530] {dag.py:3096} INFO - Sync 1 DAGs
[2025-10-29T20:22:25.845+0530] {logging_mixin.py:188} INFO - [2025-10-29T20:22:25.845+0530] {dag.py:3954} INFO - Setting next_dagrun for my_first_dag to 2025-10-28 00:00:00+00:00, run_after=2025-10-29 00:00:00+00:00
[2025-10-29T20:22:25.873+0530] {processor.py:183} INFO - Processing /home/logi/txtai/airflow/dags/my_first_dag.py took 0.115 seconds
[2025-10-29T20:23:19.904+0530] {processor.py:161} INFO - Started process (PID=22651) to work on /home/logi/txtai/airflow/dags/my_first_dag.py
[2025-10-29T20:23:19.917+0530] {processor.py:830} INFO - Processing file /home/logi/txtai/airflow/dags/my_first_dag.py for tasks to queue
[2025-10-29T20:23:19.920+0530] {logging_mixin.py:188} INFO - [2025-10-29T20:23:19.919+0530] {dagbag.py:545} INFO - Filling up the DagBag from /home/logi/txtai/airflow/dags/my_first_dag.py
[2025-10-29T20:23:19.933+0530] {processor.py:840} INFO - DAG(s) 'my_first_dag' retrieved from /home/logi/txtai/airflow/dags/my_first_dag.py
[2025-10-29T20:23:19.957+0530] {logging_mixin.py:188} INFO - [2025-10-29T20:23:19.956+0530] {dag.py:3096} INFO - Sync 1 DAGs
[2025-10-29T20:23:19.979+0530] {logging_mixin.py:188} INFO - [2025-10-29T20:23:19.979+0530] {dag.py:3954} INFO - Setting next_dagrun for my_first_dag to 2025-10-28 00:00:00+00:00, run_after=2025-10-29 00:00:00+00:00
[2025-10-29T20:23:20.006+0530] {processor.py:183} INFO - Processing /home/logi/txtai/airflow/dags/my_first_dag.py took 0.115 seconds
[2025-10-29T20:24:15.335+0530] {processor.py:161} INFO - Started process (PID=22736) to work on /home/logi/txtai/airflow/dags/my_first_dag.py
[2025-10-29T20:24:15.349+0530] {processor.py:830} INFO - Processing file /home/logi/txtai/airflow/dags/my_first_dag.py for tasks to queue
[2025-10-29T20:24:15.352+0530] {logging_mixin.py:188} INFO - [2025-10-29T20:24:15.351+0530] {dagbag.py:545} INFO - Filling up the DagBag from /home/logi/txtai/airflow/dags/my_first_dag.py
[2025-10-29T20:24:15.376+0530] {processor.py:840} INFO - DAG(s) 'my_first_dag' retrieved from /home/logi/txtai/airflow/dags/my_first_dag.py
[2025-10-29T20:24:15.401+0530] {logging_mixin.py:188} INFO - [2025-10-29T20:24:15.401+0530] {dag.py:3096} INFO - Sync 1 DAGs
[2025-10-29T20:24:15.420+0530] {logging_mixin.py:188} INFO - [2025-10-29T20:24:15.420+0530] {dag.py:3954} INFO - Setting next_dagrun for my_first_dag to 2025-10-28 00:00:00+00:00, run_after=2025-10-29 00:00:00+00:00
[2025-10-29T20:24:15.446+0530] {processor.py:183} INFO - Processing /home/logi/txtai/airflow/dags/my_first_dag.py took 0.125 seconds
[2025-10-29T20:25:10.883+0530] {processor.py:161} INFO - Started process (PID=22887) to work on /home/logi/txtai/airflow/dags/my_first_dag.py
[2025-10-29T20:25:10.898+0530] {processor.py:830} INFO - Processing file /home/logi/txtai/airflow/dags/my_first_dag.py for tasks to queue
[2025-10-29T20:25:10.903+0530] {logging_mixin.py:188} INFO - [2025-10-29T20:25:10.902+0530] {dagbag.py:545} INFO - Filling up the DagBag from /home/logi/txtai/airflow/dags/my_first_dag.py
[2025-10-29T20:25:10.920+0530] {processor.py:840} INFO - DAG(s) 'my_first_dag' retrieved from /home/logi/txtai/airflow/dags/my_first_dag.py
[2025-10-29T20:25:10.950+0530] {logging_mixin.py:188} INFO - [2025-10-29T20:25:10.949+0530] {dag.py:3096} INFO - Sync 1 DAGs
[2025-10-29T20:25:10.974+0530] {logging_mixin.py:188} INFO - [2025-10-29T20:25:10.974+0530] {dag.py:3954} INFO - Setting next_dagrun for my_first_dag to 2025-10-28 00:00:00+00:00, run_after=2025-10-29 00:00:00+00:00
[2025-10-29T20:25:11.003+0530] {processor.py:183} INFO - Processing /home/logi/txtai/airflow/dags/my_first_dag.py took 0.135 seconds
[2025-10-29T20:26:01.748+0530] {processor.py:161} INFO - Started process (PID=22959) to work on /home/logi/txtai/airflow/dags/my_first_dag.py
[2025-10-29T20:26:01.761+0530] {processor.py:830} INFO - Processing file /home/logi/txtai/airflow/dags/my_first_dag.py for tasks to queue
[2025-10-29T20:26:01.764+0530] {logging_mixin.py:188} INFO - [2025-10-29T20:26:01.763+0530] {dagbag.py:545} INFO - Filling up the DagBag from /home/logi/txtai/airflow/dags/my_first_dag.py
[2025-10-29T20:26:01.776+0530] {processor.py:840} INFO - DAG(s) 'my_first_dag' retrieved from /home/logi/txtai/airflow/dags/my_first_dag.py
[2025-10-29T20:26:01.799+0530] {logging_mixin.py:188} INFO - [2025-10-29T20:26:01.799+0530] {dag.py:3096} INFO - Sync 1 DAGs
[2025-10-29T20:26:01.820+0530] {logging_mixin.py:188} INFO - [2025-10-29T20:26:01.820+0530] {dag.py:3954} INFO - Setting next_dagrun for my_first_dag to 2025-10-28 00:00:00+00:00, run_after=2025-10-29 00:00:00+00:00
[2025-10-29T20:26:01.836+0530] {processor.py:183} INFO - Processing /home/logi/txtai/airflow/dags/my_first_dag.py took 0.098 seconds
[2025-10-29T20:26:54.300+0530] {processor.py:161} INFO - Started process (PID=23189) to work on /home/logi/txtai/airflow/dags/my_first_dag.py
[2025-10-29T20:26:54.375+0530] {processor.py:830} INFO - Processing file /home/logi/txtai/airflow/dags/my_first_dag.py for tasks to queue
[2025-10-29T20:26:54.378+0530] {logging_mixin.py:188} INFO - [2025-10-29T20:26:54.377+0530] {dagbag.py:545} INFO - Filling up the DagBag from /home/logi/txtai/airflow/dags/my_first_dag.py
[2025-10-29T20:26:54.392+0530] {processor.py:840} INFO - DAG(s) 'my_first_dag' retrieved from /home/logi/txtai/airflow/dags/my_first_dag.py
[2025-10-29T20:26:54.418+0530] {logging_mixin.py:188} INFO - [2025-10-29T20:26:54.417+0530] {dag.py:3096} INFO - Sync 1 DAGs
[2025-10-29T20:26:54.452+0530] {logging_mixin.py:188} INFO - [2025-10-29T20:26:54.451+0530] {dag.py:3954} INFO - Setting next_dagrun for my_first_dag to 2025-10-28 00:00:00+00:00, run_after=2025-10-29 00:00:00+00:00
[2025-10-29T20:26:54.483+0530] {processor.py:183} INFO - Processing /home/logi/txtai/airflow/dags/my_first_dag.py took 0.194 seconds
[2025-10-29T20:27:45.170+0530] {processor.py:161} INFO - Started process (PID=23258) to work on /home/logi/txtai/airflow/dags/my_first_dag.py
[2025-10-29T20:27:45.184+0530] {processor.py:830} INFO - Processing file /home/logi/txtai/airflow/dags/my_first_dag.py for tasks to queue
[2025-10-29T20:27:45.187+0530] {logging_mixin.py:188} INFO - [2025-10-29T20:27:45.187+0530] {dagbag.py:545} INFO - Filling up the DagBag from /home/logi/txtai/airflow/dags/my_first_dag.py
[2025-10-29T20:27:45.203+0530] {processor.py:840} INFO - DAG(s) 'my_first_dag' retrieved from /home/logi/txtai/airflow/dags/my_first_dag.py
[2025-10-29T20:27:45.229+0530] {logging_mixin.py:188} INFO - [2025-10-29T20:27:45.229+0530] {dag.py:3096} INFO - Sync 1 DAGs
[2025-10-29T20:27:45.249+0530] {logging_mixin.py:188} INFO - [2025-10-29T20:27:45.249+0530] {dag.py:3954} INFO - Setting next_dagrun for my_first_dag to 2025-10-28 00:00:00+00:00, run_after=2025-10-29 00:00:00+00:00
[2025-10-29T20:27:45.275+0530] {processor.py:183} INFO - Processing /home/logi/txtai/airflow/dags/my_first_dag.py took 0.116 seconds
[2025-10-29T20:28:32.838+0530] {processor.py:161} INFO - Started process (PID=23347) to work on /home/logi/txtai/airflow/dags/my_first_dag.py
[2025-10-29T20:28:32.855+0530] {processor.py:830} INFO - Processing file /home/logi/txtai/airflow/dags/my_first_dag.py for tasks to queue
[2025-10-29T20:28:32.862+0530] {logging_mixin.py:188} INFO - [2025-10-29T20:28:32.860+0530] {dagbag.py:545} INFO - Filling up the DagBag from /home/logi/txtai/airflow/dags/my_first_dag.py
[2025-10-29T20:28:32.899+0530] {processor.py:840} INFO - DAG(s) 'my_first_dag' retrieved from /home/logi/txtai/airflow/dags/my_first_dag.py
[2025-10-29T20:28:32.950+0530] {logging_mixin.py:188} INFO - [2025-10-29T20:28:32.949+0530] {dag.py:3096} INFO - Sync 1 DAGs
[2025-10-29T20:28:32.987+0530] {logging_mixin.py:188} INFO - [2025-10-29T20:28:32.987+0530] {dag.py:3954} INFO - Setting next_dagrun for my_first_dag to 2025-10-28 00:00:00+00:00, run_after=2025-10-29 00:00:00+00:00
[2025-10-29T20:28:33.034+0530] {processor.py:183} INFO - Processing /home/logi/txtai/airflow/dags/my_first_dag.py took 0.244 seconds
[2025-10-29T20:29:27.266+0530] {processor.py:161} INFO - Started process (PID=23411) to work on /home/logi/txtai/airflow/dags/my_first_dag.py
[2025-10-29T20:29:27.280+0530] {processor.py:830} INFO - Processing file /home/logi/txtai/airflow/dags/my_first_dag.py for tasks to queue
[2025-10-29T20:29:27.283+0530] {logging_mixin.py:188} INFO - [2025-10-29T20:29:27.282+0530] {dagbag.py:545} INFO - Filling up the DagBag from /home/logi/txtai/airflow/dags/my_first_dag.py
[2025-10-29T20:29:27.297+0530] {processor.py:840} INFO - DAG(s) 'my_first_dag' retrieved from /home/logi/txtai/airflow/dags/my_first_dag.py
[2025-10-29T20:29:27.323+0530] {logging_mixin.py:188} INFO - [2025-10-29T20:29:27.322+0530] {dag.py:3096} INFO - Sync 1 DAGs
[2025-10-29T20:29:27.346+0530] {logging_mixin.py:188} INFO - [2025-10-29T20:29:27.346+0530] {dag.py:3954} INFO - Setting next_dagrun for my_first_dag to 2025-10-28 00:00:00+00:00, run_after=2025-10-29 00:00:00+00:00
[2025-10-29T20:29:27.370+0530] {processor.py:183} INFO - Processing /home/logi/txtai/airflow/dags/my_first_dag.py took 0.115 seconds
[2025-10-29T20:30:22.158+0530] {processor.py:161} INFO - Started process (PID=23523) to work on /home/logi/txtai/airflow/dags/my_first_dag.py
[2025-10-29T20:30:22.171+0530] {processor.py:830} INFO - Processing file /home/logi/txtai/airflow/dags/my_first_dag.py for tasks to queue
[2025-10-29T20:30:22.175+0530] {logging_mixin.py:188} INFO - [2025-10-29T20:30:22.174+0530] {dagbag.py:545} INFO - Filling up the DagBag from /home/logi/txtai/airflow/dags/my_first_dag.py
[2025-10-29T20:30:22.188+0530] {processor.py:840} INFO - DAG(s) 'my_first_dag' retrieved from /home/logi/txtai/airflow/dags/my_first_dag.py
[2025-10-29T20:30:22.213+0530] {logging_mixin.py:188} INFO - [2025-10-29T20:30:22.212+0530] {dag.py:3096} INFO - Sync 1 DAGs
[2025-10-29T20:30:22.233+0530] {logging_mixin.py:188} INFO - [2025-10-29T20:30:22.233+0530] {dag.py:3954} INFO - Setting next_dagrun for my_first_dag to 2025-10-28 00:00:00+00:00, run_after=2025-10-29 00:00:00+00:00
[2025-10-29T20:30:22.260+0530] {processor.py:183} INFO - Processing /home/logi/txtai/airflow/dags/my_first_dag.py took 0.115 seconds
[2025-10-29T20:31:13.450+0530] {processor.py:161} INFO - Started process (PID=23598) to work on /home/logi/txtai/airflow/dags/my_first_dag.py
[2025-10-29T20:31:13.465+0530] {processor.py:830} INFO - Processing file /home/logi/txtai/airflow/dags/my_first_dag.py for tasks to queue
[2025-10-29T20:31:13.468+0530] {logging_mixin.py:188} INFO - [2025-10-29T20:31:13.467+0530] {dagbag.py:545} INFO - Filling up the DagBag from /home/logi/txtai/airflow/dags/my_first_dag.py
[2025-10-29T20:31:13.482+0530] {processor.py:840} INFO - DAG(s) 'my_first_dag' retrieved from /home/logi/txtai/airflow/dags/my_first_dag.py
[2025-10-29T20:31:13.507+0530] {logging_mixin.py:188} INFO - [2025-10-29T20:31:13.506+0530] {dag.py:3096} INFO - Sync 1 DAGs
[2025-10-29T20:31:13.530+0530] {logging_mixin.py:188} INFO - [2025-10-29T20:31:13.529+0530] {dag.py:3954} INFO - Setting next_dagrun for my_first_dag to 2025-10-28 00:00:00+00:00, run_after=2025-10-29 00:00:00+00:00
[2025-10-29T20:31:13.556+0530] {processor.py:183} INFO - Processing /home/logi/txtai/airflow/dags/my_first_dag.py took 0.118 seconds
[2025-10-29T20:32:04.464+0530] {processor.py:161} INFO - Started process (PID=23670) to work on /home/logi/txtai/airflow/dags/my_first_dag.py
[2025-10-29T20:32:04.466+0530] {processor.py:830} INFO - Processing file /home/logi/txtai/airflow/dags/my_first_dag.py for tasks to queue
[2025-10-29T20:32:04.469+0530] {logging_mixin.py:188} INFO - [2025-10-29T20:32:04.468+0530] {dagbag.py:545} INFO - Filling up the DagBag from /home/logi/txtai/airflow/dags/my_first_dag.py
[2025-10-29T20:32:04.483+0530] {processor.py:840} INFO - DAG(s) 'my_first_dag' retrieved from /home/logi/txtai/airflow/dags/my_first_dag.py
[2025-10-29T20:32:04.505+0530] {logging_mixin.py:188} INFO - [2025-10-29T20:32:04.504+0530] {dag.py:3096} INFO - Sync 1 DAGs
[2025-10-29T20:32:04.521+0530] {logging_mixin.py:188} INFO - [2025-10-29T20:32:04.521+0530] {dag.py:3954} INFO - Setting next_dagrun for my_first_dag to 2025-10-28 00:00:00+00:00, run_after=2025-10-29 00:00:00+00:00
[2025-10-29T20:32:04.542+0530] {processor.py:183} INFO - Processing /home/logi/txtai/airflow/dags/my_first_dag.py took 0.090 seconds
[2025-10-29T20:32:58.917+0530] {processor.py:161} INFO - Started process (PID=23752) to work on /home/logi/txtai/airflow/dags/my_first_dag.py
[2025-10-29T20:32:58.918+0530] {processor.py:830} INFO - Processing file /home/logi/txtai/airflow/dags/my_first_dag.py for tasks to queue
[2025-10-29T20:32:58.920+0530] {logging_mixin.py:188} INFO - [2025-10-29T20:32:58.920+0530] {dagbag.py:545} INFO - Filling up the DagBag from /home/logi/txtai/airflow/dags/my_first_dag.py
[2025-10-29T20:32:58.930+0530] {processor.py:840} INFO - DAG(s) 'my_first_dag' retrieved from /home/logi/txtai/airflow/dags/my_first_dag.py
[2025-10-29T20:32:58.946+0530] {logging_mixin.py:188} INFO - [2025-10-29T20:32:58.946+0530] {dag.py:3096} INFO - Sync 1 DAGs
[2025-10-29T20:32:58.964+0530] {logging_mixin.py:188} INFO - [2025-10-29T20:32:58.964+0530] {dag.py:3954} INFO - Setting next_dagrun for my_first_dag to 2025-10-28 00:00:00+00:00, run_after=2025-10-29 00:00:00+00:00
[2025-10-29T20:32:58.984+0530] {processor.py:183} INFO - Processing /home/logi/txtai/airflow/dags/my_first_dag.py took 0.075 seconds
[2025-10-29T20:33:51.693+0530] {processor.py:161} INFO - Started process (PID=23820) to work on /home/logi/txtai/airflow/dags/my_first_dag.py
[2025-10-29T20:33:51.706+0530] {processor.py:830} INFO - Processing file /home/logi/txtai/airflow/dags/my_first_dag.py for tasks to queue
[2025-10-29T20:33:51.708+0530] {logging_mixin.py:188} INFO - [2025-10-29T20:33:51.708+0530] {dagbag.py:545} INFO - Filling up the DagBag from /home/logi/txtai/airflow/dags/my_first_dag.py
[2025-10-29T20:33:51.716+0530] {processor.py:840} INFO - DAG(s) 'my_first_dag' retrieved from /home/logi/txtai/airflow/dags/my_first_dag.py
[2025-10-29T20:33:51.731+0530] {logging_mixin.py:188} INFO - [2025-10-29T20:33:51.730+0530] {dag.py:3096} INFO - Sync 1 DAGs
[2025-10-29T20:33:51.751+0530] {logging_mixin.py:188} INFO - [2025-10-29T20:33:51.750+0530] {dag.py:3954} INFO - Setting next_dagrun for my_first_dag to 2025-10-28 00:00:00+00:00, run_after=2025-10-29 00:00:00+00:00
[2025-10-29T20:33:51.771+0530] {processor.py:183} INFO - Processing /home/logi/txtai/airflow/dags/my_first_dag.py took 0.085 seconds
[2025-10-29T20:34:40.120+0530] {processor.py:161} INFO - Started process (PID=23909) to work on /home/logi/txtai/airflow/dags/my_first_dag.py
[2025-10-29T20:34:40.134+0530] {processor.py:830} INFO - Processing file /home/logi/txtai/airflow/dags/my_first_dag.py for tasks to queue
[2025-10-29T20:34:40.137+0530] {logging_mixin.py:188} INFO - [2025-10-29T20:34:40.136+0530] {dagbag.py:545} INFO - Filling up the DagBag from /home/logi/txtai/airflow/dags/my_first_dag.py
[2025-10-29T20:34:40.151+0530] {processor.py:840} INFO - DAG(s) 'my_first_dag' retrieved from /home/logi/txtai/airflow/dags/my_first_dag.py
[2025-10-29T20:34:40.176+0530] {logging_mixin.py:188} INFO - [2025-10-29T20:34:40.176+0530] {dag.py:3096} INFO - Sync 1 DAGs
[2025-10-29T20:34:40.197+0530] {logging_mixin.py:188} INFO - [2025-10-29T20:34:40.197+0530] {dag.py:3954} INFO - Setting next_dagrun for my_first_dag to 2025-10-28 00:00:00+00:00, run_after=2025-10-29 00:00:00+00:00
[2025-10-29T20:34:40.225+0530] {processor.py:183} INFO - Processing /home/logi/txtai/airflow/dags/my_first_dag.py took 0.116 seconds
[2025-10-29T20:35:30.442+0530] {processor.py:161} INFO - Started process (PID=23997) to work on /home/logi/txtai/airflow/dags/my_first_dag.py
[2025-10-29T20:35:30.456+0530] {processor.py:830} INFO - Processing file /home/logi/txtai/airflow/dags/my_first_dag.py for tasks to queue
[2025-10-29T20:35:30.459+0530] {logging_mixin.py:188} INFO - [2025-10-29T20:35:30.458+0530] {dagbag.py:545} INFO - Filling up the DagBag from /home/logi/txtai/airflow/dags/my_first_dag.py
[2025-10-29T20:35:30.470+0530] {processor.py:840} INFO - DAG(s) 'my_first_dag' retrieved from /home/logi/txtai/airflow/dags/my_first_dag.py
[2025-10-29T20:35:30.486+0530] {logging_mixin.py:188} INFO - [2025-10-29T20:35:30.486+0530] {dag.py:3096} INFO - Sync 1 DAGs
[2025-10-29T20:35:30.504+0530] {logging_mixin.py:188} INFO - [2025-10-29T20:35:30.504+0530] {dag.py:3954} INFO - Setting next_dagrun for my_first_dag to 2025-10-28 00:00:00+00:00, run_after=2025-10-29 00:00:00+00:00
[2025-10-29T20:35:30.524+0530] {processor.py:183} INFO - Processing /home/logi/txtai/airflow/dags/my_first_dag.py took 0.093 seconds
[2025-10-29T20:36:23.992+0530] {processor.py:161} INFO - Started process (PID=24063) to work on /home/logi/txtai/airflow/dags/my_first_dag.py
[2025-10-29T20:36:24.005+0530] {processor.py:830} INFO - Processing file /home/logi/txtai/airflow/dags/my_first_dag.py for tasks to queue
[2025-10-29T20:36:24.009+0530] {logging_mixin.py:188} INFO - [2025-10-29T20:36:24.008+0530] {dagbag.py:545} INFO - Filling up the DagBag from /home/logi/txtai/airflow/dags/my_first_dag.py
[2025-10-29T20:36:24.022+0530] {processor.py:840} INFO - DAG(s) 'my_first_dag' retrieved from /home/logi/txtai/airflow/dags/my_first_dag.py
[2025-10-29T20:36:24.048+0530] {logging_mixin.py:188} INFO - [2025-10-29T20:36:24.047+0530] {dag.py:3096} INFO - Sync 1 DAGs
[2025-10-29T20:36:24.070+0530] {logging_mixin.py:188} INFO - [2025-10-29T20:36:24.069+0530] {dag.py:3954} INFO - Setting next_dagrun for my_first_dag to 2025-10-28 00:00:00+00:00, run_after=2025-10-29 00:00:00+00:00
[2025-10-29T20:36:24.096+0530] {processor.py:183} INFO - Processing /home/logi/txtai/airflow/dags/my_first_dag.py took 0.115 seconds
[2025-10-29T20:37:17.629+0530] {processor.py:161} INFO - Started process (PID=24129) to work on /home/logi/txtai/airflow/dags/my_first_dag.py
[2025-10-29T20:37:17.642+0530] {processor.py:830} INFO - Processing file /home/logi/txtai/airflow/dags/my_first_dag.py for tasks to queue
[2025-10-29T20:37:17.645+0530] {logging_mixin.py:188} INFO - [2025-10-29T20:37:17.645+0530] {dagbag.py:545} INFO - Filling up the DagBag from /home/logi/txtai/airflow/dags/my_first_dag.py
[2025-10-29T20:37:17.660+0530] {processor.py:840} INFO - DAG(s) 'my_first_dag' retrieved from /home/logi/txtai/airflow/dags/my_first_dag.py
[2025-10-29T20:37:17.685+0530] {logging_mixin.py:188} INFO - [2025-10-29T20:37:17.684+0530] {dag.py:3096} INFO - Sync 1 DAGs
[2025-10-29T20:37:17.705+0530] {logging_mixin.py:188} INFO - [2025-10-29T20:37:17.705+0530] {dag.py:3954} INFO - Setting next_dagrun for my_first_dag to 2025-10-28 00:00:00+00:00, run_after=2025-10-29 00:00:00+00:00
[2025-10-29T20:37:17.733+0530] {processor.py:183} INFO - Processing /home/logi/txtai/airflow/dags/my_first_dag.py took 0.116 seconds
